2022-11-16 00:35:41,678 INFO: logging in using static token
2022-11-16 00:35:42,410 INFO: Shard ID None has connected to Gateway (Session ID: a0dffb3f9c6a4a3388460ca7b4721d28).
2022-11-16 00:35:44,426 INFO: 目前登入身份：神奇海螺#3847
2022-11-16 00:58:52,574 INFO: Shard ID None has successfully RESUMED session a0dffb3f9c6a4a3388460ca7b4721d28.
2022-11-16 01:38:03,488 INFO: logging in using static token
2022-11-16 01:38:04,168 INFO: Shard ID None has connected to Gateway (Session ID: 8ea72a764d5bc04fbe0dc86584544b95).
2022-11-16 01:38:06,172 INFO: 目前登入身份：神奇海螺#3847
2022-11-16 03:14:32,289 INFO: Shard ID None has successfully RESUMED session 8ea72a764d5bc04fbe0dc86584544b95.
2022-11-16 04:30:06,850 INFO: Shard ID None has successfully RESUMED session 8ea72a764d5bc04fbe0dc86584544b95.
2022-11-16 06:17:08,926 INFO: Shard ID None has successfully RESUMED session 8ea72a764d5bc04fbe0dc86584544b95.
2022-11-16 09:28:07,862 INFO: Shard ID None has successfully RESUMED session 8ea72a764d5bc04fbe0dc86584544b95.
2022-11-16 13:22:43,944 INFO: Shard ID None has successfully RESUMED session 8ea72a764d5bc04fbe0dc86584544b95.
2022-11-16 13:46:37,158 INFO: Shard ID None has successfully RESUMED session 8ea72a764d5bc04fbe0dc86584544b95.
2022-11-16 14:00:58,920 INFO: Shard ID None has successfully RESUMED session 8ea72a764d5bc04fbe0dc86584544b95.
2022-11-16 14:03:27,368 INFO: MaiMai的Pool in 9又4分之8.7月台[123是什麼敷衍的名字]
2022-11-16 14:03:27,462 INFO: Connecting to voice...
2022-11-16 14:03:27,463 INFO: Starting voice handshake... (connection attempt 1)
2022-11-16 14:03:27,799 INFO: Voice handshake complete. Endpoint found hongkong3101.discord.media
2022-11-16 14:03:28,351 INFO: WeIrdnA in 9又4分之8.7月台[123是什麼敷衍的名字]
2022-11-16 14:03:31,725 INFO: ffmpeg process 1380 successfully terminated with return code of 0.
2022-11-16 14:03:34,305 INFO: ffmpeg process 1391 successfully terminated with return code of 0.
2022-11-16 14:03:37,585 INFO: ffmpeg process 1401 successfully terminated with return code of 0.
2022-11-16 14:03:40,001 INFO: ffmpeg process 1411 successfully terminated with return code of 0.
2022-11-16 14:03:41,006 INFO: The voice handshake is being terminated for Channel ID 728631391809437746 (Guild ID 428109526550708234)
2022-11-16 14:03:41,007 INFO: Disconnecting from voice normally, close code 1000.
2022-11-16 14:04:06,290 INFO: MaiMai的Pool out 9又4分之8.7月台[123是什麼敷衍的名字]
2022-11-16 14:04:06,291 INFO: Connecting to voice...
2022-11-16 14:04:06,291 INFO: Starting voice handshake... (connection attempt 1)
2022-11-16 14:04:06,706 INFO: Voice handshake complete. Endpoint found hongkong3101.discord.media
2022-11-16 14:04:09,864 INFO: ffmpeg process 1422 successfully terminated with return code of 0.
2022-11-16 14:04:10,879 INFO: The voice handshake is being terminated for Channel ID 728631391809437746 (Guild ID 428109526550708234)
2022-11-16 14:04:10,880 INFO: Disconnecting from voice normally, close code 1000.
2022-11-16 14:04:16,352 INFO: MaiMai的Pool in 9又4分之8.7月台[123是什麼敷衍的名字]
2022-11-16 14:04:16,432 INFO: Connecting to voice...
2022-11-16 14:04:16,433 INFO: Starting voice handshake... (connection attempt 1)
2022-11-16 14:04:16,765 INFO: Voice handshake complete. Endpoint found hongkong3101.discord.media
2022-11-16 14:04:20,114 INFO: ffmpeg process 1433 successfully terminated with return code of 0.
2022-11-16 14:04:21,514 INFO: wawa的n in 9又4分之8.7月台[123是什麼敷衍的名字]
2022-11-16 14:04:22,301 INFO: ffmpeg process 1443 successfully terminated with return code of 0.
2022-11-16 14:04:24,593 INFO: Chi in 9又4分之8.7月台[123是什麼敷衍的名字]
2022-11-16 14:04:26,035 INFO: ffmpeg process 1453 successfully terminated with return code of 0.
2022-11-16 14:04:28,364 INFO: ffmpeg process 1463 successfully terminated with return code of 0.
2022-11-16 14:04:31,597 INFO: ffmpeg process 1473 successfully terminated with return code of 0.
2022-11-16 14:04:33,776 INFO: ffmpeg process 1483 successfully terminated with return code of 0.
2022-11-16 14:04:34,841 INFO: The voice handshake is being terminated for Channel ID 728631391809437746 (Guild ID 428109526550708234)
2022-11-16 14:04:34,842 INFO: Disconnecting from voice normally, close code 1000.
2022-11-16 14:06:06,211 INFO: BunnyplayGG in 9又4分之8.7月台[123是什麼敷衍的名字]
2022-11-16 14:06:06,308 INFO: Connecting to voice...
2022-11-16 14:06:06,308 INFO: Starting voice handshake... (connection attempt 1)
2022-11-16 14:06:06,647 INFO: Voice handshake complete. Endpoint found hongkong3101.discord.media
2022-11-16 14:06:10,118 INFO: ffmpeg process 1494 successfully terminated with return code of 0.
2022-11-16 14:06:14,315 INFO: ffmpeg process 1504 successfully terminated with return code of 0.
2022-11-16 14:06:15,372 INFO: The voice handshake is being terminated for Channel ID 728631391809437746 (Guild ID 428109526550708234)
2022-11-16 14:06:15,373 INFO: Disconnecting from voice normally, close code 1000.
2022-11-16 14:06:46,957 INFO: wawa的n out 9又4分之8.7月台[123是什麼敷衍的名字]
2022-11-16 14:06:46,958 INFO: Connecting to voice...
2022-11-16 14:06:46,958 INFO: Starting voice handshake... (connection attempt 1)
2022-11-16 14:06:47,367 INFO: Voice handshake complete. Endpoint found hongkong3101.discord.media
2022-11-16 14:06:50,397 INFO: ffmpeg process 1515 successfully terminated with return code of 0.
2022-11-16 14:06:51,437 INFO: The voice handshake is being terminated for Channel ID 728631391809437746 (Guild ID 428109526550708234)
2022-11-16 14:06:51,438 INFO: Disconnecting from voice normally, close code 1000.
2022-11-16 14:07:01,070 INFO: wawa的n in 9又4分之8.7月台[123是什麼敷衍的名字]
2022-11-16 14:07:01,163 INFO: Connecting to voice...
2022-11-16 14:07:01,163 INFO: Starting voice handshake... (connection attempt 1)
2022-11-16 14:07:01,498 INFO: Voice handshake complete. Endpoint found hongkong3101.discord.media
2022-11-16 14:07:04,704 INFO: ffmpeg process 1526 successfully terminated with return code of 0.
2022-11-16 14:07:07,183 INFO: ffmpeg process 1536 successfully terminated with return code of 0.
2022-11-16 14:07:08,193 INFO: The voice handshake is being terminated for Channel ID 728631391809437746 (Guild ID 428109526550708234)
2022-11-16 14:07:08,193 INFO: Disconnecting from voice normally, close code 1000.
2022-11-16 14:10:18,389 INFO: Fiven-chung in 9又4分之8.7月台[123是什麼敷衍的名字]
2022-11-16 14:10:18,483 INFO: Connecting to voice...
2022-11-16 14:10:18,483 INFO: Starting voice handshake... (connection attempt 1)
2022-11-16 14:10:18,808 INFO: Voice handshake complete. Endpoint found hongkong3101.discord.media
2022-11-16 14:10:22,229 INFO: ffmpeg process 1547 successfully terminated with return code of 0.
2022-11-16 14:10:24,426 INFO: ffmpeg process 1557 successfully terminated with return code of 0.
2022-11-16 14:10:25,473 INFO: The voice handshake is being terminated for Channel ID 728631391809437746 (Guild ID 428109526550708234)
2022-11-16 14:10:25,474 INFO: Disconnecting from voice normally, close code 1000.
2022-11-16 14:14:15,260 INFO: wawa的n out 9又4分之8.7月台[123是什麼敷衍的名字]
2022-11-16 14:14:15,261 INFO: Connecting to voice...
2022-11-16 14:14:15,262 INFO: Starting voice handshake... (connection attempt 1)
2022-11-16 14:14:15,682 INFO: Voice handshake complete. Endpoint found hongkong3101.discord.media
2022-11-16 14:14:18,710 INFO: ffmpeg process 1568 successfully terminated with return code of 0.
2022-11-16 14:14:19,743 INFO: The voice handshake is being terminated for Channel ID 728631391809437746 (Guild ID 428109526550708234)
2022-11-16 14:14:19,744 INFO: Disconnecting from voice normally, close code 1000.
2022-11-16 14:14:24,072 INFO: Connecting to voice...
2022-11-16 14:14:24,072 INFO: Starting voice handshake... (connection attempt 1)
2022-11-16 14:14:24,270 INFO: Voice handshake complete. Endpoint found hongkong7737.discord.media
2022-11-16 14:14:24,497 ERROR: Exception occurred during Voice Protocol voice server update handler
Traceback (most recent call last):
  File "/opt/virtualenvs/python3/lib/python3.8/site-packages/discord/state.py", line 157, in logging_coroutine
    await coroutine
  File "/opt/virtualenvs/python3/lib/python3.8/site-packages/discord/voice_client.py", line 337, in on_voice_server_update
    await self.ws.close(4000)
AttributeError: '_MissingSentinel' object has no attribute 'close'
2022-11-16 14:14:25,382 INFO: ffmpeg process 1579 successfully terminated with return code of 1.
2022-11-16 14:14:27,323 INFO: The voice handshake is being terminated for Channel ID 1042442517297238056 (Guild ID 428109526550708234)
2022-11-16 14:14:27,324 INFO: Disconnecting from voice normally, close code 1000.
2022-11-16 14:14:31,010 INFO: wawa的n in 9又4分之8.7月台[123是什麼敷衍的名字]
2022-11-16 14:14:31,057 INFO: Connecting to voice...
2022-11-16 14:14:31,057 INFO: Starting voice handshake... (connection attempt 1)
2022-11-16 14:14:31,397 INFO: Voice handshake complete. Endpoint found hongkong3101.discord.media
2022-11-16 14:14:34,573 INFO: ffmpeg process 1582 successfully terminated with return code of 0.
2022-11-16 14:14:38,813 INFO: ffmpeg process 1592 successfully terminated with return code of 0.
2022-11-16 14:14:39,868 INFO: The voice handshake is being terminated for Channel ID 728631391809437746 (Guild ID 428109526550708234)
2022-11-16 14:14:39,868 INFO: Disconnecting from voice normally, close code 1000.
2022-11-16 14:28:11,892 INFO: Lexor in 9又4分之8.7月台[123是什麼敷衍的名字]
2022-11-16 14:28:11,942 INFO: Connecting to voice...
2022-11-16 14:28:11,943 INFO: Starting voice handshake... (connection attempt 1)
2022-11-16 14:28:12,262 INFO: Voice handshake complete. Endpoint found hongkong3101.discord.media
2022-11-16 14:28:15,168 INFO: ffmpeg process 1621 successfully terminated with return code of 0.
2022-11-16 14:28:17,329 INFO: ffmpeg process 1631 successfully terminated with return code of 0.
2022-11-16 14:28:18,333 INFO: The voice handshake is being terminated for Channel ID 728631391809437746 (Guild ID 428109526550708234)
2022-11-16 14:28:18,334 INFO: Disconnecting from voice normally, close code 1000.
2022-11-16 14:30:51,198 INFO: Lexor out 9又4分之8.7月台[123是什麼敷衍的名字]
2022-11-16 14:30:51,199 INFO: Connecting to voice...
2022-11-16 14:30:51,199 INFO: Starting voice handshake... (connection attempt 1)
2022-11-16 14:30:51,527 INFO: Voice handshake complete. Endpoint found hongkong3101.discord.media
2022-11-16 14:30:54,279 INFO: ffmpeg process 1642 successfully terminated with return code of 0.
2022-11-16 14:30:55,306 INFO: The voice handshake is being terminated for Channel ID 728631391809437746 (Guild ID 428109526550708234)
2022-11-16 14:30:55,307 INFO: Disconnecting from voice normally, close code 1000.
2022-11-16 14:34:24,072 INFO: Chi out 9又4分之8.7月台[123是什麼敷衍的名字]
2022-11-16 14:34:24,073 INFO: Connecting to voice...
2022-11-16 14:34:24,073 INFO: Starting voice handshake... (connection attempt 1)
2022-11-16 14:34:24,412 INFO: Voice handshake complete. Endpoint found hongkong3101.discord.media
2022-11-16 14:34:25,773 INFO: Chi in 9又4分之8.7月台[123是什麼敷衍的名字]
2022-11-16 14:34:27,023 INFO: ffmpeg process 1671 successfully terminated with return code of 0.
2022-11-16 14:34:30,257 INFO: ffmpeg process 1681 successfully terminated with return code of 0.
2022-11-16 14:34:32,715 INFO: ffmpeg process 1691 successfully terminated with return code of 0.
2022-11-16 14:34:33,801 INFO: The voice handshake is being terminated for Channel ID 728631391809437746 (Guild ID 428109526550708234)
2022-11-16 14:34:33,801 INFO: Disconnecting from voice normally, close code 1000.
2022-11-16 15:20:27,505 INFO: Shard ID None has successfully RESUMED session 8ea72a764d5bc04fbe0dc86584544b95.
2022-11-16 15:25:25,405 INFO: Connecting to voice...
2022-11-16 15:25:25,405 INFO: Starting voice handshake... (connection attempt 1)
2022-11-16 15:25:26,294 INFO: Voice handshake complete. Endpoint found hongkong4312.discord.media
2022-11-16 15:25:26,770 ERROR: Exception occurred during Voice Protocol voice server update handler
Traceback (most recent call last):
  File "/opt/virtualenvs/python3/lib/python3.8/site-packages/discord/state.py", line 157, in logging_coroutine
    await coroutine
  File "/opt/virtualenvs/python3/lib/python3.8/site-packages/discord/voice_client.py", line 337, in on_voice_server_update
    await self.ws.close(4000)
AttributeError: '_MissingSentinel' object has no attribute 'close'
2022-11-16 15:25:27,446 INFO: ffmpeg process 1776 successfully terminated with return code of 1.
2022-11-16 15:25:29,050 INFO: Lexor in 9又4分之8.7月台[123是什麼敷衍的名字]
2022-11-16 15:25:29,373 INFO: The voice handshake is being terminated for Channel ID 1042460390501658714 (Guild ID 428109526550708234)
2022-11-16 15:25:29,374 INFO: Connecting to voice...
2022-11-16 15:25:29,374 INFO: Starting voice handshake... (connection attempt 1)
2022-11-16 15:25:29,374 INFO: Disconnecting from voice normally, close code 1000.
2022-11-16 15:25:29,741 INFO: Voice handshake complete. Endpoint found hongkong3101.discord.media
2022-11-16 15:25:32,656 INFO: ffmpeg process 1779 successfully terminated with return code of 0.
2022-11-16 15:25:35,573 INFO: ffmpeg process 1789 successfully terminated with return code of 0.
2022-11-16 15:25:36,624 INFO: The voice handshake is being terminated for Channel ID 728631391809437746 (Guild ID 428109526550708234)
2022-11-16 15:25:36,625 INFO: Disconnecting from voice normally, close code 1000.
2022-11-16 16:31:45,566 INFO: MaiMai的Pool out 9又4分之8.7月台[123是什麼敷衍的名字]
2022-11-16 16:31:45,567 INFO: Connecting to voice...
2022-11-16 16:31:45,567 INFO: Starting voice handshake... (connection attempt 1)
2022-11-16 16:31:45,898 INFO: Voice handshake complete. Endpoint found hongkong3101.discord.media
2022-11-16 16:31:49,081 INFO: ffmpeg process 1926 successfully terminated with return code of 0.
2022-11-16 16:31:50,089 INFO: The voice handshake is being terminated for Channel ID 728631391809437746 (Guild ID 428109526550708234)
2022-11-16 16:31:50,090 INFO: Disconnecting from voice normally, close code 1000.
2022-11-16 16:33:26,497 INFO: wawa的n out 9又4分之8.7月台[123是什麼敷衍的名字]
2022-11-16 16:33:26,498 INFO: Connecting to voice...
2022-11-16 16:33:26,498 INFO: Starting voice handshake... (connection attempt 1)
2022-11-16 16:33:26,926 INFO: Voice handshake complete. Endpoint found hongkong3101.discord.media
2022-11-16 16:33:29,957 INFO: ffmpeg process 1937 successfully terminated with return code of 0.
2022-11-16 16:33:30,989 INFO: The voice handshake is being terminated for Channel ID 728631391809437746 (Guild ID 428109526550708234)
2022-11-16 16:33:30,990 INFO: Disconnecting from voice normally, close code 1000.
2022-11-16 16:33:34,069 INFO: Lexor out 9又4分之8.7月台[123是什麼敷衍的名字]
2022-11-16 16:33:34,069 INFO: Connecting to voice...
2022-11-16 16:33:34,070 INFO: Starting voice handshake... (connection attempt 1)
2022-11-16 16:33:34,492 INFO: Voice handshake complete. Endpoint found hongkong3101.discord.media
2022-11-16 16:33:36,791 INFO: WeIrdnA out 9又4分之8.7月台[123是什麼敷衍的名字]
2022-11-16 16:33:37,206 INFO: ffmpeg process 1948 successfully terminated with return code of 0.
2022-11-16 16:33:40,264 INFO: ffmpeg process 1958 successfully terminated with return code of 0.
2022-11-16 16:33:41,354 INFO: The voice handshake is being terminated for Channel ID 728631391809437746 (Guild ID 428109526550708234)
2022-11-16 16:33:41,355 INFO: Disconnecting from voice normally, close code 1000.
2022-11-16 16:43:50,769 INFO: Shard ID None has successfully RESUMED session 8ea72a764d5bc04fbe0dc86584544b95.
2022-11-16 16:57:20,339 INFO: BunnyplayGG out 9又4分之8.7月台[123是什麼敷衍的名字]
2022-11-16 16:57:20,340 INFO: Connecting to voice...
2022-11-16 16:57:20,340 INFO: Starting voice handshake... (connection attempt 1)
2022-11-16 16:57:20,770 INFO: Chi out 9又4分之8.7月台[123是什麼敷衍的名字]
2022-11-16 16:57:20,772 INFO: Voice handshake complete. Endpoint found hongkong3101.discord.media
2022-11-16 16:57:22,097 INFO: Fiven-chung out 9又4分之8.7月台[123是什麼敷衍的名字]
2022-11-16 16:57:24,239 INFO: ffmpeg process 1987 successfully terminated with return code of 0.
2022-11-16 16:57:26,852 INFO: ffmpeg process 1997 successfully terminated with return code of 0.
2022-11-16 16:57:29,845 INFO: ffmpeg process 2007 successfully terminated with return code of 0.
2022-11-16 16:57:30,931 INFO: The voice handshake is being terminated for Channel ID 728631391809437746 (Guild ID 428109526550708234)
2022-11-16 16:57:30,932 INFO: Disconnecting from voice normally, close code 1000.
2022-11-16 17:07:33,999 INFO: Shard ID None has successfully RESUMED session 8ea72a764d5bc04fbe0dc86584544b95.
2022-11-16 18:06:59,711 INFO: Shard ID None has successfully RESUMED session 8ea72a764d5bc04fbe0dc86584544b95.
2022-11-16 21:11:49,081 INFO: Shard ID None has successfully RESUMED session 8ea72a764d5bc04fbe0dc86584544b95.
