2022-07-13 20:18:18,330 INFO: logging in using static token
2022-07-13 20:18:18,673 INFO: Shard ID None has sent the IDENTIFY payload.
2022-07-13 20:18:18,806 INFO: Shard ID None has connected to Gateway: ["gateway-prd-main-q6xr",{"micros":91816,"calls":["discord-sessions-green-prd-2-119",{"micros":88873,"calls":["start_session",{"micros":69592,"calls":["discord-api-58d64cc5d-9xrcj",{"micros":64440,"calls":["get_user",{"micros":11834},"add_authorized_ip",{"micros":1769},"get_guilds",{"micros":6935},"coros_wait",{"micros":2}]}]},"guilds_connect",{"micros":2,"calls":[]},"presence_connect",{"micros":2302,"calls":[]}]}]}] (Session ID: eff7023e959a51238b91825052793217).
2022-07-13 20:18:20,922 INFO: 目前登入身份：神奇海螺#3847
2022-07-13 22:41:22,388 INFO: Got a request to RESUME the websocket.
2022-07-13 22:41:22,565 INFO: Shard ID None has sent the RESUME payload.
2022-07-13 22:41:22,614 INFO: Shard ID None has successfully RESUMED session eff7023e959a51238b91825052793217 under trace ["gateway-prd-main-t8sb",{"micros":686,"calls":["discord-sessions-green-prd-2-119",{"micros":20}]}].
2022-07-13 23:07:07,662 INFO: Got a request to RESUME the websocket.
2022-07-13 23:07:07,873 INFO: Shard ID None has sent the RESUME payload.
2022-07-13 23:07:07,926 INFO: Shard ID None has successfully RESUMED session eff7023e959a51238b91825052793217 under trace ["gateway-prd-main-hclv",{"micros":689,"calls":["discord-sessions-green-prd-2-119",{"micros":31}]}].
2022-07-14 02:35:05,058 INFO: Got a request to RESUME the websocket.
2022-07-14 02:35:05,277 INFO: Shard ID None has sent the RESUME payload.
2022-07-14 02:35:05,330 INFO: Shard ID None has successfully RESUMED session eff7023e959a51238b91825052793217 under trace ["gateway-prd-main-zcx7",{"micros":871,"calls":["discord-sessions-green-prd-2-119",{"micros":19}]}].
2022-07-14 03:30:56,004 INFO: Got a request to RESUME the websocket.
2022-07-14 03:30:56,230 INFO: Shard ID None has sent the RESUME payload.
2022-07-14 03:30:56,280 INFO: Shard ID None has successfully RESUMED session eff7023e959a51238b91825052793217 under trace ["gateway-prd-main-882x",{"micros":661,"calls":["discord-sessions-green-prd-2-119",{"micros":19}]}].
2022-07-14 05:02:51,666 INFO: logging in using static token
2022-07-14 05:02:51,957 INFO: Shard ID None has sent the IDENTIFY payload.
2022-07-14 05:02:52,251 INFO: Shard ID None has connected to Gateway: ["gateway-prd-main-4mg3",{"micros":251327,"calls":["discord-sessions-green-prd-2-55",{"micros":250037,"calls":["start_session",{"micros":110943,"calls":["discord-api-5899cc64c4-f4q9f",{"micros":105731,"calls":["get_user",{"micros":17408},"add_authorized_ip",{"micros":13105},"get_guilds",{"micros":16064},"coros_wait",{"micros":2}]}]},"guilds_connect",{"micros":2,"calls":[]},"presence_connect",{"micros":2,"calls":[]}]}]}] (Session ID: bc11e7ba2a5442b47312278b9bad9cdd).
2022-07-14 05:02:54,484 INFO: 目前登入身份：神奇海螺#3847
2022-07-14 05:54:50,005 INFO: Got a request to RESUME the websocket.
2022-07-14 05:54:50,183 INFO: Shard ID None has sent the RESUME payload.
2022-07-14 05:54:50,228 INFO: Shard ID None has successfully RESUMED session bc11e7ba2a5442b47312278b9bad9cdd under trace ["gateway-prd-main-bsdx",{"micros":422,"calls":["discord-sessions-green-prd-2-55",{"micros":19}]}].
2022-07-14 07:21:06,639 INFO: logging in using static token
2022-07-14 07:21:06,892 INFO: Shard ID None has sent the IDENTIFY payload.
2022-07-14 07:21:07,023 INFO: Shard ID None has connected to Gateway: ["gateway-prd-main-b90k",{"micros":90171,"calls":["discord-sessions-green-prd-2-139",{"micros":89368,"calls":["start_session",{"micros":79696,"calls":["discord-api-5899cc64c4-74m8x",{"micros":73138,"calls":["get_user",{"micros":14145},"add_authorized_ip",{"micros":4799},"get_guilds",{"micros":8470},"coros_wait",{"micros":2}]}]},"guilds_connect",{"micros":2,"calls":[]},"presence_connect",{"micros":1,"calls":[]}]}]}] (Session ID: 5cd3043ca209dd9decbe9af695eb9908).
2022-07-14 07:21:09,069 INFO: 目前登入身份：神奇海螺#3847
2022-07-14 07:34:40,496 INFO: logging in using static token
2022-07-14 07:34:40,719 INFO: Shard ID None has sent the IDENTIFY payload.
2022-07-14 07:34:40,855 INFO: Shard ID None has connected to Gateway: ["gateway-prd-main-sgtn",{"micros":94992,"calls":["discord-sessions-green-prd-2-188",{"micros":94141,"calls":["start_session",{"micros":42090,"calls":["discord-api-5899cc64c4-ntr4r",{"micros":37774,"calls":["get_user",{"micros":7564},"add_authorized_ip",{"micros":1482},"get_guilds",{"micros":4390},"coros_wait",{"micros":1}]}]},"guilds_connect",{"micros":2,"calls":[]},"presence_connect",{"micros":33010,"calls":[]}]}]}] (Session ID: a3cbe69ec9f0f99edada9a384c91ecb4).
2022-07-14 07:34:42,897 INFO: 目前登入身份：神奇海螺#3847
2022-07-14 09:16:46,677 INFO: Got a request to RESUME the websocket.
2022-07-14 09:16:46,829 INFO: Shard ID None has sent the RESUME payload.
2022-07-14 09:16:46,870 INFO: Shard ID None has successfully RESUMED session a3cbe69ec9f0f99edada9a384c91ecb4 under trace ["gateway-prd-main-zcx7",{"micros":497,"calls":["discord-sessions-green-prd-2-188",{"micros":22}]}].
2022-07-14 09:22:31,493 INFO: Websocket closed with 1006, attempting a reconnect.
2022-07-14 09:22:31,494 INFO: Got a request to RESUME the websocket.
2022-07-14 09:22:31,650 INFO: Shard ID None has sent the RESUME payload.
2022-07-14 09:22:31,695 INFO: Shard ID None has successfully RESUMED session a3cbe69ec9f0f99edada9a384c91ecb4 under trace ["gateway-prd-main-39z2",{"micros":571,"calls":["discord-sessions-green-prd-2-188",{"micros":18}]}].
2022-07-14 09:26:41,126 INFO: Lexor in 9又4分之8.7月台[打不出幹話就講出來啊]
2022-07-14 09:26:41,299 INFO: Connecting to voice...
2022-07-14 09:26:41,299 INFO: Starting voice handshake... (connection attempt 1)
2022-07-14 09:26:41,576 INFO: Voice handshake complete. Endpoint found hongkong3101.discord.media
2022-07-14 09:26:42,759 INFO: selected the voice protocol for use (xsalsa20_poly1305_lite)
2022-07-14 09:26:42,998 INFO: received secret key for voice connection
2022-07-14 09:26:45,395 INFO: Preparing to terminate ffmpeg process 390.
2022-07-14 09:26:45,395 INFO: ffmpeg process 390 successfully terminated with return code of 0.
2022-07-14 09:26:47,568 INFO: Preparing to terminate ffmpeg process 401.
2022-07-14 09:26:47,569 INFO: ffmpeg process 401 successfully terminated with return code of 0.
2022-07-14 09:26:48,632 INFO: The voice handshake is being terminated for Channel ID 428109526550708238 (Guild ID 428109526550708234)
2022-07-14 09:26:48,633 INFO: Disconnecting from voice normally, close code 1000.
2022-07-14 09:37:54,395 INFO: Websocket closed with 1006, attempting a reconnect.
2022-07-14 09:37:54,395 INFO: Got a request to RESUME the websocket.
2022-07-14 09:37:54,566 INFO: Shard ID None has sent the RESUME payload.
2022-07-14 09:37:54,609 INFO: Shard ID None has successfully RESUMED session a3cbe69ec9f0f99edada9a384c91ecb4 under trace ["gateway-prd-main-tj72",{"micros":475,"calls":["discord-sessions-green-prd-2-188",{"micros":20}]}].
2022-07-14 10:10:34,778 INFO: Websocket closed with 1006, attempting a reconnect.
2022-07-14 10:10:34,778 INFO: Got a request to RESUME the websocket.
2022-07-14 10:10:34,929 INFO: Shard ID None has sent the RESUME payload.
2022-07-14 10:10:34,972 INFO: Shard ID None has successfully RESUMED session a3cbe69ec9f0f99edada9a384c91ecb4 under trace ["gateway-prd-main-kg1z",{"micros":5649,"calls":["discord-sessions-green-prd-2-188",{"micros":25}]}].
2022-07-14 10:27:32,272 INFO: Websocket closed with 1006, attempting a reconnect.
2022-07-14 10:27:32,272 INFO: Got a request to RESUME the websocket.
2022-07-14 10:27:32,431 INFO: Shard ID None has sent the RESUME payload.
2022-07-14 10:27:32,472 INFO: Shard ID None has successfully RESUMED session a3cbe69ec9f0f99edada9a384c91ecb4 under trace ["gateway-prd-main-7kj1",{"micros":559,"calls":["discord-sessions-green-prd-2-188",{"micros":16}]}].
2022-07-14 10:58:39,155 INFO: Lexor out 9又4分之8.7月台[打不出幹話就講出來啊]
2022-07-14 10:58:39,155 INFO: Connecting to voice...
2022-07-14 10:58:39,156 INFO: Starting voice handshake... (connection attempt 1)
2022-07-14 10:58:39,326 INFO: Voice handshake complete. Endpoint found us-central3474.discord.media
2022-07-14 10:58:39,442 INFO: selected the voice protocol for use (xsalsa20_poly1305_lite)
2022-07-14 10:58:39,455 INFO: received secret key for voice connection
2022-07-14 10:58:41,141 INFO: Preparing to terminate ffmpeg process 693.
2022-07-14 10:58:41,142 INFO: ffmpeg process 693 successfully terminated with return code of 0.
2022-07-14 10:58:42,168 INFO: The voice handshake is being terminated for Channel ID 428109526550708238 (Guild ID 428109526550708234)
2022-07-14 10:58:42,169 INFO: Disconnecting from voice normally, close code 1000.
2022-07-14 11:09:06,197 INFO: Websocket closed with 1006, attempting a reconnect.
2022-07-14 11:09:06,198 INFO: Got a request to RESUME the websocket.
2022-07-14 11:09:06,358 INFO: Shard ID None has sent the RESUME payload.
2022-07-14 11:09:06,406 INFO: Shard ID None has successfully RESUMED session a3cbe69ec9f0f99edada9a384c91ecb4 under trace ["gateway-prd-main-882x",{"micros":641,"calls":["discord-sessions-green-prd-2-188",{"micros":15}]}].
2022-07-14 12:18:19,692 INFO: Websocket closed with 1006, attempting a reconnect.
2022-07-14 12:18:19,692 INFO: Got a request to RESUME the websocket.
2022-07-14 12:18:19,860 INFO: Shard ID None has sent the RESUME payload.
2022-07-14 12:18:19,902 INFO: Shard ID None has successfully RESUMED session a3cbe69ec9f0f99edada9a384c91ecb4 under trace ["gateway-prd-main-jg3q",{"micros":660,"calls":["discord-sessions-green-prd-2-188",{"micros":24}]}].
2022-07-14 13:52:52,458 INFO: BunnyplayGG in 9又4分之8.7月台[123是什麼敷衍的名字]
2022-07-14 13:52:52,481 INFO: Connecting to voice...
2022-07-14 13:52:52,481 INFO: Starting voice handshake... (connection attempt 1)
2022-07-14 13:52:53,223 INFO: Voice handshake complete. Endpoint found hongkong9839.discord.media
2022-07-14 13:52:53,442 ERROR: Exception occurred during Voice Protocol voice server update handler
Traceback (most recent call last):
  File "/opt/virtualenvs/python3/lib/python3.8/site-packages/discord/state.py", line 102, in logging_coroutine
    await coroutine
  File "/opt/virtualenvs/python3/lib/python3.8/site-packages/discord/voice_client.py", line 295, in on_voice_server_update
    await self.ws.close(4000)
AttributeError: 'NoneType' object has no attribute 'close'
2022-07-14 13:52:54,313 INFO: selected the voice protocol for use (xsalsa20_poly1305_lite)
2022-07-14 13:52:54,531 INFO: received secret key for voice connection
2022-07-14 13:52:56,397 INFO: Preparing to terminate ffmpeg process 1169.
2022-07-14 13:52:56,398 INFO: ffmpeg process 1169 successfully terminated with return code of 0.
2022-07-14 13:52:57,909 INFO: Preparing to terminate ffmpeg process 1179.
2022-07-14 13:52:57,910 INFO: ffmpeg process 1179 successfully terminated with return code of 0.
2022-07-14 13:52:59,452 INFO: The voice handshake is being terminated for Channel ID 728631391809437746 (Guild ID 428109526550708234)
2022-07-14 13:52:59,453 INFO: Disconnecting from voice normally, close code 1000.
2022-07-14 14:18:16,942 INFO: 神奇海螺 in 9又4分之8.7月台[123是什麼敷衍的名字]
2022-07-14 14:18:16,959 INFO: Connecting to voice...
2022-07-14 14:18:16,959 INFO: Starting voice handshake... (connection attempt 1)
2022-07-14 14:18:17,921 INFO: Voice handshake complete. Endpoint found hongkong9839.discord.media
2022-07-14 14:18:19,006 INFO: selected the voice protocol for use (xsalsa20_poly1305_lite)
2022-07-14 14:18:19,221 INFO: received secret key for voice connection
2022-07-14 14:18:21,566 INFO: Preparing to terminate ffmpeg process 1280.
2022-07-14 14:18:21,567 INFO: ffmpeg process 1280 successfully terminated with return code of 0.
2022-07-14 14:18:23,905 INFO: Preparing to terminate ffmpeg process 1290.
2022-07-14 14:18:23,906 INFO: ffmpeg process 1290 successfully terminated with return code of 0.
2022-07-14 14:18:24,955 INFO: The voice handshake is being terminated for Channel ID 728631391809437746 (Guild ID 428109526550708234)
2022-07-14 14:18:24,955 INFO: Disconnecting from voice normally, close code 1000.
2022-07-14 15:29:57,165 INFO: Fiven-chung in 9又4分之8.7月台[123是什麼敷衍的名字]
2022-07-14 15:29:57,375 INFO: Connecting to voice...
2022-07-14 15:29:57,375 INFO: Starting voice handshake... (connection attempt 1)
2022-07-14 15:29:58,152 INFO: Voice handshake complete. Endpoint found hongkong9839.discord.media
2022-07-14 15:29:59,232 INFO: selected the voice protocol for use (xsalsa20_poly1305_lite)
2022-07-14 15:29:59,444 INFO: received secret key for voice connection
2022-07-14 15:30:01,833 INFO: Preparing to terminate ffmpeg process 1486.
2022-07-14 15:30:01,834 INFO: ffmpeg process 1486 successfully terminated with return code of 0.
2022-07-14 15:30:03,830 INFO: Preparing to terminate ffmpeg process 1496.
2022-07-14 15:30:03,830 INFO: ffmpeg process 1496 successfully terminated with return code of 0.
2022-07-14 15:30:04,873 INFO: The voice handshake is being terminated for Channel ID 728631391809437746 (Guild ID 428109526550708234)
2022-07-14 15:30:04,874 INFO: Disconnecting from voice normally, close code 1000.
2022-07-14 15:33:56,946 INFO: Got a request to RESUME the websocket.
2022-07-14 15:33:57,173 INFO: Shard ID None has sent the RESUME payload.
2022-07-14 15:33:57,218 INFO: Shard ID None has successfully RESUMED session a3cbe69ec9f0f99edada9a384c91ecb4 under trace ["gateway-prd-main-5815",{"micros":748,"calls":["discord-sessions-green-prd-2-188",{"micros":20}]}].
2022-07-14 16:22:24,996 INFO: BunnyplayGG out 9又4分之8.7月台[123是什麼敷衍的名字]
2022-07-14 16:22:24,996 INFO: Connecting to voice...
2022-07-14 16:22:24,996 INFO: Starting voice handshake... (connection attempt 1)
2022-07-14 16:22:25,979 INFO: Voice handshake complete. Endpoint found hongkong9839.discord.media
2022-07-14 16:22:27,052 INFO: selected the voice protocol for use (xsalsa20_poly1305_lite)
2022-07-14 16:22:27,269 INFO: received secret key for voice connection
2022-07-14 16:22:29,637 INFO: Preparing to terminate ffmpeg process 1631.
2022-07-14 16:22:29,638 INFO: ffmpeg process 1631 successfully terminated with return code of 0.
2022-07-14 16:22:30,552 INFO: Fiven-chung out 9又4分之8.7月台[123是什麼敷衍的名字]
2022-07-14 16:22:32,613 INFO: Preparing to terminate ffmpeg process 1641.
2022-07-14 16:22:32,614 INFO: ffmpeg process 1641 successfully terminated with return code of 0.
2022-07-14 16:22:33,701 INFO: The voice handshake is being terminated for Channel ID 728631391809437746 (Guild ID 428109526550708234)
2022-07-14 16:22:33,702 INFO: Disconnecting from voice normally, close code 1000.
2022-07-14 16:48:06,240 INFO: Websocket closed with 1006, attempting a reconnect.
2022-07-14 16:48:06,240 INFO: Got a request to RESUME the websocket.
2022-07-14 16:48:06,422 INFO: Shard ID None has sent the RESUME payload.
2022-07-14 16:48:06,473 INFO: Shard ID None has successfully RESUMED session a3cbe69ec9f0f99edada9a384c91ecb4 under trace ["gateway-prd-main-456x",{"micros":1436,"calls":["discord-sessions-green-prd-2-188",{"micros":21}]}].
2022-07-14 18:32:45,006 INFO: Websocket closed with 1006, attempting a reconnect.
2022-07-14 18:32:45,006 INFO: Got a request to RESUME the websocket.
2022-07-14 18:32:45,206 INFO: Shard ID None has sent the RESUME payload.
2022-07-14 18:32:45,247 INFO: Shard ID None has successfully RESUMED session a3cbe69ec9f0f99edada9a384c91ecb4 under trace ["gateway-prd-main-kdgf",{"micros":564,"calls":["discord-sessions-green-prd-2-188",{"micros":20}]}].
2022-07-14 19:06:52,359 INFO: Got a request to RESUME the websocket.
2022-07-14 19:06:52,552 INFO: Shard ID None has sent the RESUME payload.
2022-07-14 19:06:52,648 INFO: Shard ID None has successfully RESUMED session a3cbe69ec9f0f99edada9a384c91ecb4 under trace ["gateway-prd-main-t598",{"micros":27093,"calls":["discord-sessions-green-prd-2-188",{"micros":35}]}].
2022-07-14 21:59:59,574 INFO: Got a request to RESUME the websocket.
2022-07-14 21:59:59,757 INFO: Shard ID None has sent the RESUME payload.
2022-07-14 21:59:59,808 INFO: Shard ID None has successfully RESUMED session a3cbe69ec9f0f99edada9a384c91ecb4 under trace ["gateway-prd-main-dw3z",{"micros":551,"calls":["discord-sessions-green-prd-2-188",{"micros":36}]}].
