2022-10-27 00:43:44,854 INFO: logging in using static token
2022-10-27 00:43:45,556 INFO: Shard ID None has connected to Gateway (Session ID: 4a606c93c66fb61cd3913e4438a24a33).
2022-10-27 00:43:47,610 INFO: 目前登入身份：神奇海螺#3847
2022-10-27 03:16:40,590 INFO: Shard ID None has successfully RESUMED session 4a606c93c66fb61cd3913e4438a24a33.
2022-10-27 04:35:38,980 INFO: Shard ID None has successfully RESUMED session 4a606c93c66fb61cd3913e4438a24a33.
2022-10-27 05:23:41,022 INFO: Shard ID None has successfully RESUMED session 4a606c93c66fb61cd3913e4438a24a33.
2022-10-27 06:43:31,329 INFO: Lexor in 9又4分之8.7月台[123是什麼敷衍的名字]
2022-10-27 06:43:31,425 INFO: Connecting to voice...
2022-10-27 06:43:31,425 INFO: Starting voice handshake... (connection attempt 1)
2022-10-27 06:43:32,346 INFO: Voice handshake complete. Endpoint found hongkong8036.discord.media
2022-10-27 06:43:35,755 INFO: ffmpeg process 738 successfully terminated with return code of 0.
2022-10-27 06:43:39,953 INFO: ffmpeg process 749 successfully terminated with return code of 0.
2022-10-27 06:43:41,006 INFO: The voice handshake is being terminated for Channel ID 728631391809437746 (Guild ID 428109526550708234)
2022-10-27 06:43:41,007 INFO: Disconnecting from voice normally, close code 1000.
2022-10-27 06:43:47,540 INFO: MaiMai的Pool in 9又4分之8.7月台[123是什麼敷衍的名字]
2022-10-27 06:43:47,632 INFO: Connecting to voice...
2022-10-27 06:43:47,633 INFO: Starting voice handshake... (connection attempt 1)
2022-10-27 06:43:47,928 INFO: Voice handshake complete. Endpoint found hongkong8036.discord.media
2022-10-27 06:43:51,219 INFO: ffmpeg process 760 successfully terminated with return code of 0.
2022-10-27 06:43:53,534 INFO: ffmpeg process 770 successfully terminated with return code of 0.
2022-10-27 06:43:54,560 INFO: The voice handshake is being terminated for Channel ID 728631391809437746 (Guild ID 428109526550708234)
2022-10-27 06:43:54,560 INFO: Disconnecting from voice normally, close code 1000.
2022-10-27 07:48:24,191 INFO: MaiMai的Pool out 9又4分之8.7月台[123是什麼敷衍的名字]
2022-10-27 07:48:24,191 INFO: Connecting to voice...
2022-10-27 07:48:24,191 INFO: Starting voice handshake... (connection attempt 1)
2022-10-27 07:48:24,509 INFO: Voice handshake complete. Endpoint found hongkong8036.discord.media
2022-10-27 07:48:27,613 INFO: ffmpeg process 872 successfully terminated with return code of 0.
2022-10-27 07:48:28,619 INFO: The voice handshake is being terminated for Channel ID 728631391809437746 (Guild ID 428109526550708234)
2022-10-27 07:48:28,620 INFO: Disconnecting from voice normally, close code 1000.
2022-10-27 08:03:39,929 INFO: logging in using static token
2022-10-27 08:03:40,534 INFO: Shard ID None has connected to Gateway (Session ID: 291761cfb80498e5bfe26aec99fe1b0c).
2022-10-27 08:03:42,574 INFO: 目前登入身份：神奇海螺#3847
2022-10-27 09:15:43,391 INFO: MaiMai的Pool in 9又4分之8.7月台[123是什麼敷衍的名字]
2022-10-27 09:15:43,486 INFO: Connecting to voice...
2022-10-27 09:15:43,486 INFO: Starting voice handshake... (connection attempt 1)
2022-10-27 09:15:43,775 INFO: Voice handshake complete. Endpoint found hongkong8036.discord.media
2022-10-27 09:15:47,619 INFO: ffmpeg process 272 successfully terminated with return code of 0.
2022-10-27 09:15:50,478 INFO: ffmpeg process 283 successfully terminated with return code of 0.
2022-10-27 09:15:51,564 INFO: The voice handshake is being terminated for Channel ID 728631391809437746 (Guild ID 428109526550708234)
2022-10-27 09:15:51,565 INFO: Disconnecting from voice normally, close code 1000.
2022-10-27 09:38:26,903 INFO: MaiMai的Pool out 9又4分之8.7月台[123是什麼敷衍的名字]
2022-10-27 09:38:26,904 INFO: Connecting to voice...
2022-10-27 09:38:26,904 INFO: Starting voice handshake... (connection attempt 1)
2022-10-27 09:38:27,199 INFO: Voice handshake complete. Endpoint found hongkong8036.discord.media
2022-10-27 09:38:27,752 INFO: Lexor out 9又4分之8.7月台[123是什麼敷衍的名字]
2022-10-27 09:38:30,333 INFO: ffmpeg process 348 successfully terminated with return code of 0.
2022-10-27 09:38:33,029 INFO: ffmpeg process 358 successfully terminated with return code of 0.
2022-10-27 09:38:34,057 INFO: The voice handshake is being terminated for Channel ID 728631391809437746 (Guild ID 428109526550708234)
2022-10-27 09:38:34,058 INFO: Disconnecting from voice normally, close code 1000.
2022-10-27 11:23:46,584 INFO: Lexor in 9又4分之8.7月台[123是什麼敷衍的名字]
2022-10-27 11:23:46,634 INFO: Connecting to voice...
2022-10-27 11:23:46,634 INFO: Starting voice handshake... (connection attempt 1)
2022-10-27 11:23:47,135 INFO: Voice handshake complete. Endpoint found japan5693.discord.media
2022-10-27 11:23:47,292 ERROR: Exception occurred during Voice Protocol voice server update handler
Traceback (most recent call last):
  File "/opt/virtualenvs/python3/lib/python3.8/site-packages/discord/state.py", line 157, in logging_coroutine
    await coroutine
  File "/opt/virtualenvs/python3/lib/python3.8/site-packages/discord/voice_client.py", line 337, in on_voice_server_update
    await self.ws.close(4000)
AttributeError: '_MissingSentinel' object has no attribute 'close'
2022-10-27 11:23:49,831 INFO: ffmpeg process 529 successfully terminated with return code of 0.
2022-10-27 11:23:52,497 INFO: ffmpeg process 539 successfully terminated with return code of 0.
2022-10-27 11:23:53,504 INFO: The voice handshake is being terminated for Channel ID 728631391809437746 (Guild ID 428109526550708234)
2022-10-27 11:23:53,505 INFO: Disconnecting from voice normally, close code 1000.
2022-10-27 11:24:18,292 INFO: MaiMai的Pool in 9又4分之8.7月台[123是什麼敷衍的名字]
2022-10-27 11:24:18,338 INFO: Connecting to voice...
2022-10-27 11:24:18,339 INFO: Starting voice handshake... (connection attempt 1)
2022-10-27 11:24:18,599 INFO: Voice handshake complete. Endpoint found japan5693.discord.media
2022-10-27 11:24:22,210 INFO: ffmpeg process 550 successfully terminated with return code of 0.
2022-10-27 11:24:25,069 INFO: ffmpeg process 560 successfully terminated with return code of 0.
2022-10-27 11:24:26,157 INFO: The voice handshake is being terminated for Channel ID 728631391809437746 (Guild ID 428109526550708234)
2022-10-27 11:24:26,157 INFO: Disconnecting from voice normally, close code 1000.
2022-10-27 11:33:45,308 INFO: Lexor out 9又4分之8.7月台[123是什麼敷衍的名字]
2022-10-27 11:33:45,309 INFO: Connecting to voice...
2022-10-27 11:33:45,309 INFO: Starting voice handshake... (connection attempt 1)
2022-10-27 11:33:45,582 INFO: Voice handshake complete. Endpoint found japan5693.discord.media
2022-10-27 11:33:48,075 INFO: ffmpeg process 607 successfully terminated with return code of 0.
2022-10-27 11:33:49,101 INFO: The voice handshake is being terminated for Channel ID 728631391809437746 (Guild ID 428109526550708234)
2022-10-27 11:33:49,102 INFO: Disconnecting from voice normally, close code 1000.
2022-10-27 11:34:15,921 INFO: MaiMai的Pool out 9又4分之8.7月台[123是什麼敷衍的名字]
2022-10-27 11:34:15,922 INFO: Connecting to voice...
2022-10-27 11:34:15,922 INFO: Starting voice handshake... (connection attempt 1)
2022-10-27 11:34:16,078 INFO: Voice handshake complete. Endpoint found oregon10002.discord.media
2022-10-27 11:34:18,317 INFO: ffmpeg process 618 successfully terminated with return code of 0.
2022-10-27 11:34:19,325 INFO: The voice handshake is being terminated for Channel ID 728631391809437746 (Guild ID 428109526550708234)
2022-10-27 11:34:19,325 INFO: Disconnecting from voice normally, close code 1000.
2022-10-27 12:02:17,681 INFO: Shard ID None has successfully RESUMED session 291761cfb80498e5bfe26aec99fe1b0c.
2022-10-27 14:09:02,714 INFO: Lexor in 9又4分之8.7月台[123是什麼敷衍的名字]
2022-10-27 14:09:02,814 INFO: Connecting to voice...
2022-10-27 14:09:02,814 INFO: Starting voice handshake... (connection attempt 1)
2022-10-27 14:09:03,063 INFO: Voice handshake complete. Endpoint found japan8629.discord.media
2022-10-27 14:09:06,282 INFO: ffmpeg process 897 successfully terminated with return code of 0.
2022-10-27 14:09:08,860 INFO: ffmpeg process 907 successfully terminated with return code of 0.
2022-10-27 14:09:09,927 INFO: The voice handshake is being terminated for Channel ID 728631391809437746 (Guild ID 428109526550708234)
2022-10-27 14:09:09,928 INFO: Disconnecting from voice normally, close code 1000.
2022-10-27 14:10:26,409 INFO: MaiMai的Pool in 9又4分之8.7月台[123是什麼敷衍的名字]
2022-10-27 14:10:26,459 INFO: Connecting to voice...
2022-10-27 14:10:26,460 INFO: Starting voice handshake... (connection attempt 1)
2022-10-27 14:10:26,728 INFO: Voice handshake complete. Endpoint found japan8629.discord.media
2022-10-27 14:10:29,831 INFO: ffmpeg process 918 successfully terminated with return code of 0.
2022-10-27 14:10:32,537 INFO: ffmpeg process 928 successfully terminated with return code of 0.
2022-10-27 14:10:33,583 INFO: The voice handshake is being terminated for Channel ID 728631391809437746 (Guild ID 428109526550708234)
2022-10-27 14:10:33,584 INFO: Disconnecting from voice normally, close code 1000.
2022-10-27 14:15:03,992 INFO: 貓嗷嗚飄飄大仙 in 9又4分之8.7月台[123是什麼敷衍的名字]
2022-10-27 14:15:04,097 INFO: Connecting to voice...
2022-10-27 14:15:04,099 INFO: Starting voice handshake... (connection attempt 1)
2022-10-27 14:15:04,349 INFO: Voice handshake complete. Endpoint found japan8629.discord.media
2022-10-27 14:15:07,900 INFO: ffmpeg process 939 successfully terminated with return code of 0.
2022-10-27 14:15:09,964 INFO: ffmpeg process 949 successfully terminated with return code of 0.
2022-10-27 14:15:11,006 INFO: The voice handshake is being terminated for Channel ID 728631391809437746 (Guild ID 428109526550708234)
2022-10-27 14:15:11,010 INFO: Disconnecting from voice normally, close code 1000.
2022-10-27 14:28:51,750 INFO: KyrieR in 9又4分之8.7月台[123是什麼敷衍的名字]
2022-10-27 14:28:51,901 INFO: Connecting to voice...
2022-10-27 14:28:51,902 INFO: Starting voice handshake... (connection attempt 1)
2022-10-27 14:28:52,150 INFO: Voice handshake complete. Endpoint found japan8629.discord.media
2022-10-27 14:28:55,062 INFO: ffmpeg process 978 successfully terminated with return code of 0.
2022-10-27 14:28:57,364 INFO: ffmpeg process 988 successfully terminated with return code of 0.
2022-10-27 14:28:58,414 INFO: The voice handshake is being terminated for Channel ID 728631391809437746 (Guild ID 428109526550708234)
2022-10-27 14:28:58,417 INFO: Disconnecting from voice normally, close code 1000.
2022-10-27 14:31:35,063 INFO: blob in 9又4分之8.7月台[123是什麼敷衍的名字]
2022-10-27 14:31:35,111 INFO: Connecting to voice...
2022-10-27 14:31:35,111 INFO: Starting voice handshake... (connection attempt 1)
2022-10-27 14:31:35,363 INFO: Voice handshake complete. Endpoint found japan8629.discord.media
2022-10-27 14:31:37,754 INFO: ffmpeg process 999 successfully terminated with return code of 0.
2022-10-27 14:31:40,552 INFO: ffmpeg process 1009 successfully terminated with return code of 0.
2022-10-27 14:31:41,624 INFO: The voice handshake is being terminated for Channel ID 728631391809437746 (Guild ID 428109526550708234)
2022-10-27 14:31:41,625 INFO: Disconnecting from voice normally, close code 1000.
2022-10-27 14:36:17,447 INFO: wawa的n in 9又4分之8.7月台[123是什麼敷衍的名字]
2022-10-27 14:36:17,496 INFO: Connecting to voice...
2022-10-27 14:36:17,496 INFO: Starting voice handshake... (connection attempt 1)
2022-10-27 14:36:17,754 INFO: Voice handshake complete. Endpoint found japan8629.discord.media
2022-10-27 14:36:20,710 INFO: ffmpeg process 1037 successfully terminated with return code of 0.
2022-10-27 14:36:23,334 INFO: ffmpeg process 1047 successfully terminated with return code of 0.
2022-10-27 14:36:24,401 INFO: The voice handshake is being terminated for Channel ID 728631391809437746 (Guild ID 428109526550708234)
2022-10-27 14:36:24,402 INFO: Disconnecting from voice normally, close code 1000.
2022-10-27 14:49:24,409 INFO: BunnyplayGG in 9又4分之8.7月台[打不出幹話就講出來啊]
2022-10-27 14:49:24,526 INFO: Connecting to voice...
2022-10-27 14:49:24,527 INFO: Starting voice handshake... (connection attempt 1)
2022-10-27 14:49:24,827 INFO: Voice handshake complete. Endpoint found hongkong1943.discord.media
2022-10-27 14:49:28,236 INFO: ffmpeg process 1076 successfully terminated with return code of 0.
2022-10-27 14:49:30,340 INFO: ffmpeg process 1086 successfully terminated with return code of 0.
2022-10-27 14:49:31,386 INFO: The voice handshake is being terminated for Channel ID 428109526550708238 (Guild ID 428109526550708234)
2022-10-27 14:49:31,387 INFO: Disconnecting from voice normally, close code 1000.
2022-10-27 14:50:16,301 INFO: Fiven-chung in 9又4分之8.7月台[打不出幹話就講出來啊]
2022-10-27 14:50:16,446 INFO: Connecting to voice...
2022-10-27 14:50:16,447 INFO: Starting voice handshake... (connection attempt 1)
2022-10-27 14:50:16,744 INFO: Voice handshake complete. Endpoint found hongkong1943.discord.media
2022-10-27 14:50:20,138 INFO: ffmpeg process 1097 successfully terminated with return code of 0.
2022-10-27 14:50:22,717 INFO: ffmpeg process 1107 successfully terminated with return code of 0.
2022-10-27 14:50:23,788 INFO: The voice handshake is being terminated for Channel ID 428109526550708238 (Guild ID 428109526550708234)
2022-10-27 14:50:23,790 INFO: Disconnecting from voice normally, close code 1000.
2022-10-27 15:04:05,031 INFO: Shard ID None has successfully RESUMED session 291761cfb80498e5bfe26aec99fe1b0c.
2022-10-27 15:15:15,766 INFO: SparkleZ in 9又4分之8.7月台[123是什麼敷衍的名字]
2022-10-27 15:15:15,861 INFO: Connecting to voice...
2022-10-27 15:15:15,862 INFO: Starting voice handshake... (connection attempt 1)
2022-10-27 15:15:16,140 INFO: Voice handshake complete. Endpoint found japan8629.discord.media
2022-10-27 15:15:19,465 INFO: ffmpeg process 1156 successfully terminated with return code of 0.
2022-10-27 15:15:22,848 INFO: ffmpeg process 1166 successfully terminated with return code of 0.
2022-10-27 15:15:23,900 INFO: The voice handshake is being terminated for Channel ID 728631391809437746 (Guild ID 428109526550708234)
2022-10-27 15:15:23,901 INFO: Disconnecting from voice normally, close code 1000.
2022-10-27 16:00:05,785 INFO: SparkleZ out 9又4分之8.7月台[123是什麼敷衍的名字]
2022-10-27 16:00:05,786 INFO: Connecting to voice...
2022-10-27 16:00:05,786 INFO: Starting voice handshake... (connection attempt 1)
2022-10-27 16:00:06,049 INFO: Voice handshake complete. Endpoint found japan8629.discord.media
2022-10-27 16:00:08,863 INFO: ffmpeg process 1248 successfully terminated with return code of 0.
2022-10-27 16:00:09,896 INFO: The voice handshake is being terminated for Channel ID 728631391809437746 (Guild ID 428109526550708234)
2022-10-27 16:00:09,897 INFO: Disconnecting from voice normally, close code 1000.
2022-10-27 16:01:01,856 INFO: blob out 9又4分之8.7月台[123是什麼敷衍的名字]
2022-10-27 16:01:01,858 INFO: Connecting to voice...
2022-10-27 16:01:01,858 INFO: Starting voice handshake... (connection attempt 1)
2022-10-27 16:01:02,118 INFO: Voice handshake complete. Endpoint found japan8629.discord.media
2022-10-27 16:01:04,343 INFO: ffmpeg process 1259 successfully terminated with return code of 0.
2022-10-27 16:01:05,371 INFO: The voice handshake is being terminated for Channel ID 728631391809437746 (Guild ID 428109526550708234)
2022-10-27 16:01:05,372 INFO: Disconnecting from voice normally, close code 1000.
2022-10-27 16:01:34,307 INFO: wawa的n out 9又4分之8.7月台[123是什麼敷衍的名字]
2022-10-27 16:01:34,308 INFO: Connecting to voice...
2022-10-27 16:01:34,308 INFO: Starting voice handshake... (connection attempt 1)
2022-10-27 16:01:34,607 INFO: Voice handshake complete. Endpoint found japan8629.discord.media
2022-10-27 16:01:37,461 INFO: ffmpeg process 1270 successfully terminated with return code of 0.
2022-10-27 16:01:38,491 INFO: The voice handshake is being terminated for Channel ID 728631391809437746 (Guild ID 428109526550708234)
2022-10-27 16:01:38,492 INFO: Disconnecting from voice normally, close code 1000.
2022-10-27 16:01:54,777 INFO: MaiMai的Pool out 9又4分之8.7月台[123是什麼敷衍的名字]
2022-10-27 16:01:54,778 INFO: Connecting to voice...
2022-10-27 16:01:54,778 INFO: Starting voice handshake... (connection attempt 1)
2022-10-27 16:01:55,044 INFO: Voice handshake complete. Endpoint found japan8629.discord.media
2022-10-27 16:01:58,003 INFO: ffmpeg process 1281 successfully terminated with return code of 0.
2022-10-27 16:01:59,016 INFO: The voice handshake is being terminated for Channel ID 728631391809437746 (Guild ID 428109526550708234)
2022-10-27 16:01:59,017 INFO: Disconnecting from voice normally, close code 1000.
2022-10-27 16:02:02,810 INFO: 貓嗷嗚飄飄大仙 in 9又4分之8.7月台[打不出幹話就講出來啊]
2022-10-27 16:02:02,963 INFO: Connecting to voice...
2022-10-27 16:02:02,964 INFO: Starting voice handshake... (connection attempt 1)
2022-10-27 16:02:03,284 INFO: Voice handshake complete. Endpoint found hongkong1943.discord.media
2022-10-27 16:02:07,053 INFO: ffmpeg process 1292 successfully terminated with return code of 0.
2022-10-27 16:02:09,445 INFO: ffmpeg process 1302 successfully terminated with return code of 0.
2022-10-27 16:02:10,472 INFO: The voice handshake is being terminated for Channel ID 428109526550708238 (Guild ID 428109526550708234)
2022-10-27 16:02:10,473 INFO: Disconnecting from voice normally, close code 1000.
2022-10-27 16:02:16,654 INFO: Lexor out 9又4分之8.7月台[123是什麼敷衍的名字]
2022-10-27 16:02:16,654 INFO: Connecting to voice...
2022-10-27 16:02:16,656 INFO: Starting voice handshake... (connection attempt 1)
2022-10-27 16:02:16,934 INFO: Voice handshake complete. Endpoint found japan8629.discord.media
2022-10-27 16:02:19,453 INFO: ffmpeg process 1313 successfully terminated with return code of 0.
2022-10-27 16:02:20,479 INFO: The voice handshake is being terminated for Channel ID 728631391809437746 (Guild ID 428109526550708234)
2022-10-27 16:02:20,479 INFO: Disconnecting from voice normally, close code 1000.
2022-10-27 16:02:54,518 INFO: louiskkk28 in 9又4分之8.7月台[打不出幹話就講出來啊]
2022-10-27 16:02:54,614 INFO: Connecting to voice...
2022-10-27 16:02:54,615 INFO: Starting voice handshake... (connection attempt 1)
2022-10-27 16:02:54,905 INFO: Voice handshake complete. Endpoint found hongkong1943.discord.media
2022-10-27 16:02:59,907 INFO: ffmpeg process 1324 successfully terminated with return code of 0.
2022-10-27 16:03:02,514 INFO: ffmpeg process 1351 successfully terminated with return code of 0.
2022-10-27 16:03:03,579 INFO: The voice handshake is being terminated for Channel ID 428109526550708238 (Guild ID 428109526550708234)
2022-10-27 16:03:03,580 INFO: Disconnecting from voice normally, close code 1000.
2022-10-27 16:03:26,209 INFO: KyrieR in 9又4分之8.7月台[打不出幹話就講出來啊]
2022-10-27 16:03:26,351 INFO: Connecting to voice...
2022-10-27 16:03:26,351 INFO: Starting voice handshake... (connection attempt 1)
2022-10-27 16:03:26,639 INFO: Voice handshake complete. Endpoint found hongkong1943.discord.media
2022-10-27 16:03:29,751 INFO: ffmpeg process 1362 successfully terminated with return code of 0.
2022-10-27 16:03:33,153 INFO: ffmpeg process 1372 successfully terminated with return code of 0.
2022-10-27 16:03:34,207 INFO: The voice handshake is being terminated for Channel ID 428109526550708238 (Guild ID 428109526550708234)
2022-10-27 16:03:34,209 INFO: Disconnecting from voice normally, close code 1000.
2022-10-27 16:06:14,795 INFO: Shard ID None has successfully RESUMED session 291761cfb80498e5bfe26aec99fe1b0c.
2022-10-27 17:05:23,640 INFO: BunnyplayGG out 9又4分之8.7月台[打不出幹話就講出來啊]
2022-10-27 17:05:23,640 INFO: Connecting to voice...
2022-10-27 17:05:23,641 INFO: Starting voice handshake... (connection attempt 1)
2022-10-27 17:05:23,939 INFO: Voice handshake complete. Endpoint found hongkong1943.discord.media
2022-10-27 17:05:27,322 INFO: ffmpeg process 1490 successfully terminated with return code of 0.
2022-10-27 17:05:28,371 INFO: The voice handshake is being terminated for Channel ID 428109526550708238 (Guild ID 428109526550708234)
2022-10-27 17:05:28,372 INFO: Disconnecting from voice normally, close code 1000.
2022-10-27 17:07:00,976 INFO: louiskkk28 out 9又4分之8.7月台[打不出幹話就講出來啊]
2022-10-27 17:07:00,976 INFO: Connecting to voice...
2022-10-27 17:07:00,976 INFO: Starting voice handshake... (connection attempt 1)
2022-10-27 17:07:01,283 INFO: Voice handshake complete. Endpoint found hongkong1943.discord.media
2022-10-27 17:07:04,179 INFO: Fiven-chung out 9又4分之8.7月台[打不出幹話就講出來啊]
2022-10-27 17:07:06,105 INFO: ffmpeg process 1501 successfully terminated with return code of 0.
2022-10-27 17:07:09,126 INFO: ffmpeg process 1511 successfully terminated with return code of 0.
2022-10-27 17:07:10,215 INFO: The voice handshake is being terminated for Channel ID 428109526550708238 (Guild ID 428109526550708234)
2022-10-27 17:07:10,216 INFO: Disconnecting from voice normally, close code 1000.
2022-10-27 17:07:23,573 INFO: KyrieR out 9又4分之8.7月台[打不出幹話就講出來啊]
2022-10-27 17:07:23,574 INFO: Connecting to voice...
2022-10-27 17:07:23,574 INFO: Starting voice handshake... (connection attempt 1)
2022-10-27 17:07:23,934 INFO: Voice handshake complete. Endpoint found hongkong1943.discord.media
2022-10-27 17:07:26,747 INFO: ffmpeg process 1522 successfully terminated with return code of 0.
2022-10-27 17:07:27,755 INFO: The voice handshake is being terminated for Channel ID 428109526550708238 (Guild ID 428109526550708234)
2022-10-27 17:07:27,756 INFO: Disconnecting from voice normally, close code 1000.
2022-10-27 17:17:01,736 INFO: 貓嗷嗚飄飄大仙 out 9又4分之8.7月台[打不出幹話就講出來啊]
2022-10-27 17:17:01,736 INFO: Connecting to voice...
2022-10-27 17:17:01,736 INFO: Starting voice handshake... (connection attempt 1)
2022-10-27 17:17:01,892 INFO: Voice handshake complete. Endpoint found oregon10001.discord.media
2022-10-27 17:17:04,596 INFO: ffmpeg process 1533 successfully terminated with return code of 0.
2022-10-27 17:17:05,679 INFO: The voice handshake is being terminated for Channel ID 428109526550708238 (Guild ID 428109526550708234)
2022-10-27 17:17:05,680 INFO: Disconnecting from voice normally, close code 1000.
2022-10-27 17:32:56,353 INFO: Shard ID None has successfully RESUMED session 291761cfb80498e5bfe26aec99fe1b0c.
2022-10-27 17:38:15,529 INFO: Shard ID None has successfully RESUMED session 291761cfb80498e5bfe26aec99fe1b0c.
