2022-06-24 17:36:41,292 INFO: logging in using static token
2022-06-24 17:36:41,564 INFO: Shard ID None has sent the IDENTIFY payload.
2022-06-24 17:36:41,739 INFO: Shard ID None has connected to Gateway: ["gateway-prd-main-lq2g",{"micros":136770,"calls":["discord-sessions-green-prd-2-110",{"micros":134496,"calls":["start_session",{"micros":93513,"calls":["discord-api-b6c59f77b-vf2t8",{"micros":85495,"calls":["get_user",{"micros":13822},"add_authorized_ip",{"micros":3448},"get_guilds",{"micros":8726},"coros_wait",{"micros":2}]}]},"guilds_connect",{"micros":2,"calls":[]},"presence_connect",{"micros":2,"calls":[]}]}]}] (Session ID: 85e1dbc0d48ce22bd8c539c9e6a1f7e8).
2022-06-24 17:36:43,817 INFO: 目前登入身份：神奇海螺#3847
2022-06-24 18:01:48,958 INFO: Lexor in 9又4分之8.7月台[123是什麼敷衍的名字]
2022-06-24 18:01:49,134 INFO: Connecting to voice...
2022-06-24 18:01:49,135 INFO: Starting voice handshake... (connection attempt 1)
2022-06-24 18:01:49,770 INFO: Voice handshake complete. Endpoint found hongkong1810.discord.media
2022-06-24 18:01:50,794 INFO: selected the voice protocol for use (xsalsa20_poly1305_lite)
2022-06-24 18:01:50,999 INFO: received secret key for voice connection
2022-06-24 18:01:52,876 INFO: Preparing to terminate ffmpeg process 204.
2022-06-24 18:01:52,876 INFO: ffmpeg process 204 successfully terminated with return code of 0.
2022-06-24 18:01:55,746 INFO: Preparing to terminate ffmpeg process 215.
2022-06-24 18:01:55,747 INFO: ffmpeg process 215 successfully terminated with return code of 0.
2022-06-24 18:01:56,831 INFO: The voice handshake is being terminated for Channel ID 728631391809437746 (Guild ID 428109526550708234)
2022-06-24 18:01:56,832 INFO: Disconnecting from voice normally, close code 1000.
2022-06-24 18:07:21,440 INFO: 雪莉粉粉 in 9又4分之8.7月台[123是什麼敷衍的名字]
2022-06-24 18:07:21,557 INFO: Connecting to voice...
2022-06-24 18:07:21,557 INFO: Starting voice handshake... (connection attempt 1)
2022-06-24 18:07:22,323 INFO: Voice handshake complete. Endpoint found hongkong1810.discord.media
2022-06-24 18:07:23,364 INFO: selected the voice protocol for use (xsalsa20_poly1305_lite)
2022-06-24 18:07:23,574 INFO: received secret key for voice connection
2022-06-24 18:07:26,219 INFO: Preparing to terminate ffmpeg process 226.
2022-06-24 18:07:26,219 INFO: ffmpeg process 226 successfully terminated with return code of 0.
2022-06-24 18:07:28,892 INFO: Preparing to terminate ffmpeg process 236.
2022-06-24 18:07:28,893 INFO: ffmpeg process 236 successfully terminated with return code of 0.
2022-06-24 18:07:29,897 INFO: The voice handshake is being terminated for Channel ID 728631391809437746 (Guild ID 428109526550708234)
2022-06-24 18:07:29,898 INFO: Disconnecting from voice normally, close code 1000.
2022-06-24 19:06:26,481 INFO: KyrieR out 9又4分之8.7月台[123是什麼敷衍的名字]
2022-06-24 19:06:26,481 INFO: Connecting to voice...
2022-06-24 19:06:26,481 INFO: Starting voice handshake... (connection attempt 1)
2022-06-24 19:06:27,558 INFO: Voice handshake complete. Endpoint found hongkong1810.discord.media
2022-06-24 19:06:28,615 INFO: KyrieR in 9又4分之8.7月台[123是什麼敷衍的名字]
2022-06-24 19:06:28,671 INFO: selected the voice protocol for use (xsalsa20_poly1305_lite)
2022-06-24 19:06:28,884 INFO: received secret key for voice connection
2022-06-24 19:06:30,692 INFO: Preparing to terminate ffmpeg process 401.
2022-06-24 19:06:30,693 INFO: ffmpeg process 401 successfully terminated with return code of 0.
2022-06-24 19:06:33,785 INFO: Preparing to terminate ffmpeg process 411.
2022-06-24 19:06:33,786 INFO: ffmpeg process 411 successfully terminated with return code of 0.
2022-06-24 19:06:36,423 INFO: Preparing to terminate ffmpeg process 421.
2022-06-24 19:06:36,436 INFO: ffmpeg process 421 successfully terminated with return code of 0.
2022-06-24 19:06:37,447 INFO: The voice handshake is being terminated for Channel ID 728631391809437746 (Guild ID 428109526550708234)
2022-06-24 19:06:37,448 INFO: Disconnecting from voice normally, close code 1000.
2022-06-24 19:07:15,749 INFO: KyrieR out 9又4分之8.7月台[123是什麼敷衍的名字]
2022-06-24 19:07:15,751 INFO: Connecting to voice...
2022-06-24 19:07:15,751 INFO: Starting voice handshake... (connection attempt 1)
2022-06-24 19:07:16,119 INFO: Voice handshake complete. Endpoint found hongkong1810.discord.media
2022-06-24 19:07:17,158 INFO: selected the voice protocol for use (xsalsa20_poly1305_lite)
2022-06-24 19:07:17,361 INFO: received secret key for voice connection
2022-06-24 19:07:19,174 INFO: Preparing to terminate ffmpeg process 432.
2022-06-24 19:07:19,175 INFO: ffmpeg process 432 successfully terminated with return code of 0.
2022-06-24 19:07:20,183 INFO: The voice handshake is being terminated for Channel ID 728631391809437746 (Guild ID 428109526550708234)
2022-06-24 19:07:20,184 INFO: Disconnecting from voice normally, close code 1000.
2022-06-24 19:07:48,601 INFO: KyrieR in 9又4分之8.7月台[123是什麼敷衍的名字]
2022-06-24 19:07:48,651 INFO: Connecting to voice...
2022-06-24 19:07:48,651 INFO: Starting voice handshake... (connection attempt 1)
2022-06-24 19:07:48,952 INFO: Voice handshake complete. Endpoint found hongkong1810.discord.media
2022-06-24 19:07:49,977 INFO: selected the voice protocol for use (xsalsa20_poly1305_lite)
2022-06-24 19:07:50,181 INFO: received secret key for voice connection
2022-06-24 19:07:52,787 INFO: Preparing to terminate ffmpeg process 443.
2022-06-24 19:07:52,788 INFO: ffmpeg process 443 successfully terminated with return code of 0.
2022-06-24 19:07:55,402 INFO: Preparing to terminate ffmpeg process 453.
2022-06-24 19:07:55,405 INFO: ffmpeg process 453 successfully terminated with return code of 0.
2022-06-24 19:07:56,408 INFO: The voice handshake is being terminated for Channel ID 728631391809437746 (Guild ID 428109526550708234)
2022-06-24 19:07:56,409 INFO: Disconnecting from voice normally, close code 1000.
2022-06-24 19:14:22,772 INFO: KyrieR out 9又4分之8.7月台[123是什麼敷衍的名字]
2022-06-24 19:14:22,772 INFO: Connecting to voice...
2022-06-24 19:14:22,772 INFO: Starting voice handshake... (connection attempt 1)
2022-06-24 19:14:23,761 INFO: Voice handshake complete. Endpoint found hongkong1810.discord.media
2022-06-24 19:14:24,787 INFO: selected the voice protocol for use (xsalsa20_poly1305_lite)
2022-06-24 19:14:24,992 INFO: received secret key for voice connection
2022-06-24 19:14:26,798 INFO: Preparing to terminate ffmpeg process 494.
2022-06-24 19:14:26,799 INFO: ffmpeg process 494 successfully terminated with return code of 0.
2022-06-24 19:14:27,803 INFO: The voice handshake is being terminated for Channel ID 728631391809437746 (Guild ID 428109526550708234)
2022-06-24 19:14:27,804 INFO: Disconnecting from voice normally, close code 1000.
2022-06-24 19:38:45,225 INFO: 不偷家的飄飄大仙 out 9又4分之8.7月台[123是什麼敷衍的名字]
2022-06-24 19:38:45,226 INFO: Connecting to voice...
2022-06-24 19:38:45,226 INFO: Starting voice handshake... (connection attempt 1)
2022-06-24 19:38:46,191 INFO: Voice handshake complete. Endpoint found hongkong1810.discord.media
2022-06-24 19:38:47,226 INFO: selected the voice protocol for use (xsalsa20_poly1305_lite)
2022-06-24 19:38:47,438 INFO: received secret key for voice connection
2022-06-24 19:38:47,581 INFO: Lexor out 9又4分之8.7月台[123是什麼敷衍的名字]
2022-06-24 19:38:50,324 INFO: Preparing to terminate ffmpeg process 568.
2022-06-24 19:38:50,325 INFO: ffmpeg process 568 successfully terminated with return code of 0.
2022-06-24 19:38:51,410 INFO: 雪莉粉粉 out 9又4分之8.7月台[123是什麼敷衍的名字]
2022-06-24 19:38:53,042 INFO: Preparing to terminate ffmpeg process 578.
2022-06-24 19:38:53,043 INFO: ffmpeg process 578 successfully terminated with return code of 0.
2022-06-24 19:38:57,334 INFO: Preparing to terminate ffmpeg process 588.
2022-06-24 19:38:57,334 INFO: ffmpeg process 588 successfully terminated with return code of 0.
2022-06-24 19:39:00,331 INFO: Preparing to terminate ffmpeg process 598.
2022-06-24 19:39:00,332 INFO: ffmpeg process 598 successfully terminated with return code of 0.
2022-06-24 19:39:01,399 INFO: The voice handshake is being terminated for Channel ID 728631391809437746 (Guild ID 428109526550708234)
2022-06-24 19:39:01,400 INFO: Disconnecting from voice normally, close code 1000.
2022-06-24 20:00:59,566 INFO: Got a request to RESUME the websocket.
2022-06-24 20:00:59,731 INFO: Shard ID None has sent the RESUME payload.
2022-06-24 20:00:59,783 INFO: Shard ID None has successfully RESUMED session 85e1dbc0d48ce22bd8c539c9e6a1f7e8 under trace ["gateway-prd-main-5h75",{"micros":5494,"calls":["discord-sessions-green-prd-2-110",{"micros":22}]}].
2022-06-24 23:04:40,094 INFO: Got a request to RESUME the websocket.
2022-06-24 23:04:40,261 INFO: Shard ID None has sent the RESUME payload.
2022-06-24 23:04:40,303 INFO: Shard ID None has successfully RESUMED session 85e1dbc0d48ce22bd8c539c9e6a1f7e8 under trace ["gateway-prd-main-mp7d",{"micros":4338,"calls":["discord-sessions-green-prd-2-110",{"micros":23}]}].
2022-06-25 02:59:44,473 INFO: Got a request to RESUME the websocket.
2022-06-25 02:59:44,646 INFO: Shard ID None has sent the RESUME payload.
2022-06-25 02:59:44,688 INFO: Shard ID None has successfully RESUMED session 85e1dbc0d48ce22bd8c539c9e6a1f7e8 under trace ["gateway-prd-main-xd6v",{"micros":621,"calls":["discord-sessions-blue-prd-2-3",{"micros":32}]}].
2022-06-25 03:28:54,108 INFO: logging in using static token
2022-06-25 03:28:54,395 INFO: Shard ID None has sent the IDENTIFY payload.
2022-06-25 03:28:54,492 INFO: Shard ID None has connected to Gateway: ["gateway-prd-main-qfv0",{"micros":54754,"calls":["discord-sessions-blue-prd-2-80",{"micros":53752,"calls":["start_session",{"micros":33332,"calls":["discord-api-fdb87b79f-hx4fd",{"micros":29472,"calls":["get_user",{"micros":7529},"add_authorized_ip",{"micros":1811},"get_guilds",{"micros":4340},"coros_wait",{"micros":0}]}]},"guilds_connect",{"micros":2,"calls":[]},"presence_connect",{"micros":9637,"calls":[]}]}]}] (Session ID: 5d22fc382db0a6db22fa375899bc1863).
2022-06-25 03:28:56,544 INFO: 目前登入身份：神奇海螺#3847
2022-06-25 04:00:14,088 INFO: Websocket closed with 1006, attempting a reconnect.
2022-06-25 04:00:14,088 INFO: Got a request to RESUME the websocket.
2022-06-25 04:00:14,240 INFO: Shard ID None has sent the RESUME payload.
2022-06-25 04:00:14,300 INFO: Shard ID None has successfully RESUMED session 5d22fc382db0a6db22fa375899bc1863 under trace ["gateway-prd-main-b90k",{"micros":20551,"calls":["discord-sessions-blue-prd-2-80",{"micros":33}]}].
2022-06-25 05:36:21,689 INFO: Got a request to RESUME the websocket.
2022-06-25 05:36:21,881 INFO: Shard ID None has sent the RESUME payload.
2022-06-25 05:36:21,919 INFO: Shard ID None has successfully RESUMED session 5d22fc382db0a6db22fa375899bc1863 under trace ["gateway-prd-main-lgs9",{"micros":1308,"calls":["discord-sessions-blue-prd-2-80",{"micros":21}]}].
2022-06-25 07:49:01,478 INFO: Got a request to RESUME the websocket.
2022-06-25 07:49:01,642 INFO: Shard ID None has sent the RESUME payload.
2022-06-25 07:49:01,692 INFO: Shard ID None has successfully RESUMED session 5d22fc382db0a6db22fa375899bc1863 under trace ["gateway-prd-main-xd6v",{"micros":505,"calls":["discord-sessions-blue-prd-2-80",{"micros":20}]}].
2022-06-25 08:41:16,524 INFO: Got a request to RESUME the websocket.
2022-06-25 08:41:16,668 INFO: Shard ID None has sent the RESUME payload.
2022-06-25 08:41:16,705 INFO: Shard ID None has successfully RESUMED session 5d22fc382db0a6db22fa375899bc1863 under trace ["gateway-prd-main-zmxv",{"micros":831,"calls":["discord-sessions-blue-prd-2-80",{"micros":22}]}].
2022-06-25 08:47:27,936 INFO: Websocket closed with 1006, attempting a reconnect.
2022-06-25 08:47:27,936 INFO: Got a request to RESUME the websocket.
2022-06-25 08:47:28,092 INFO: Shard ID None has sent the RESUME payload.
2022-06-25 08:47:28,136 INFO: Shard ID None has successfully RESUMED session 5d22fc382db0a6db22fa375899bc1863 under trace ["gateway-prd-main-z4rc",{"micros":682,"calls":["discord-sessions-blue-prd-2-80",{"micros":22}]}].
2022-06-25 10:52:41,383 INFO: Got a request to RESUME the websocket.
2022-06-25 10:52:41,538 INFO: Shard ID None has sent the RESUME payload.
2022-06-25 10:52:41,575 INFO: Shard ID None has successfully RESUMED session 5d22fc382db0a6db22fa375899bc1863 under trace ["gateway-prd-main-5ckk",{"micros":721,"calls":["discord-sessions-blue-prd-2-80",{"micros":19}]}].
2022-06-25 11:10:53,503 INFO: Got a request to RESUME the websocket.
2022-06-25 11:10:53,659 INFO: Shard ID None has sent the RESUME payload.
2022-06-25 11:10:53,697 INFO: Shard ID None has successfully RESUMED session 5d22fc382db0a6db22fa375899bc1863 under trace ["gateway-prd-main-5h75",{"micros":543,"calls":["discord-sessions-blue-prd-2-80",{"micros":20}]}].
2022-06-25 13:18:31,161 INFO: MaiMai的Pool in 9又4分之8.7月台[123是什麼敷衍的名字]
2022-06-25 13:18:31,226 INFO: Connecting to voice...
2022-06-25 13:18:31,226 INFO: Starting voice handshake... (connection attempt 1)
2022-06-25 13:18:31,905 INFO: Voice handshake complete. Endpoint found hongkong1896.discord.media
2022-06-25 13:18:32,108 ERROR: Exception occurred during Voice Protocol voice server update handler
Traceback (most recent call last):
  File "/opt/virtualenvs/python3/lib/python3.8/site-packages/discord/state.py", line 102, in logging_coroutine
    await coroutine
  File "/opt/virtualenvs/python3/lib/python3.8/site-packages/discord/voice_client.py", line 295, in on_voice_server_update
    await self.ws.close(4000)
AttributeError: 'NoneType' object has no attribute 'close'
2022-06-25 13:18:32,933 INFO: selected the voice protocol for use (xsalsa20_poly1305_lite)
2022-06-25 13:18:33,138 INFO: received secret key for voice connection
2022-06-25 13:18:35,937 INFO: Preparing to terminate ffmpeg process 1646.
2022-06-25 13:18:35,938 INFO: ffmpeg process 1646 successfully terminated with return code of 0.
2022-06-25 13:18:38,257 INFO: Preparing to terminate ffmpeg process 1657.
2022-06-25 13:18:38,258 INFO: ffmpeg process 1657 successfully terminated with return code of 0.
2022-06-25 13:18:39,282 INFO: The voice handshake is being terminated for Channel ID 728631391809437746 (Guild ID 428109526550708234)
2022-06-25 13:18:39,283 INFO: Disconnecting from voice normally, close code 1000.
2022-06-25 13:22:18,842 INFO: wawa的n in 9又4分之8.7月台[123是什麼敷衍的名字]
2022-06-25 13:22:18,858 INFO: Connecting to voice...
2022-06-25 13:22:18,858 INFO: Starting voice handshake... (connection attempt 1)
2022-06-25 13:22:19,204 INFO: Voice handshake complete. Endpoint found hongkong1896.discord.media
2022-06-25 13:22:20,236 INFO: selected the voice protocol for use (xsalsa20_poly1305_lite)
2022-06-25 13:22:20,570 INFO: received secret key for voice connection
2022-06-25 13:22:22,718 INFO: Preparing to terminate ffmpeg process 1668.
2022-06-25 13:22:22,720 INFO: ffmpeg process 1668 successfully terminated with return code of 0.
2022-06-25 13:22:25,776 INFO: Preparing to terminate ffmpeg process 1678.
2022-06-25 13:22:25,777 INFO: ffmpeg process 1678 successfully terminated with return code of 0.
2022-06-25 13:22:26,806 INFO: The voice handshake is being terminated for Channel ID 728631391809437746 (Guild ID 428109526550708234)
2022-06-25 13:22:26,807 INFO: Disconnecting from voice normally, close code 1000.
2022-06-25 13:29:01,205 INFO: wawa的n out 9又4分之8.7月台[123是什麼敷衍的名字]
2022-06-25 13:29:01,206 INFO: Connecting to voice...
2022-06-25 13:29:01,206 INFO: Starting voice handshake... (connection attempt 1)
2022-06-25 13:29:02,147 INFO: Voice handshake complete. Endpoint found hongkong1896.discord.media
2022-06-25 13:29:03,177 INFO: selected the voice protocol for use (xsalsa20_poly1305_lite)
2022-06-25 13:29:03,382 INFO: received secret key for voice connection
2022-06-25 13:29:05,367 INFO: Preparing to terminate ffmpeg process 1750.
2022-06-25 13:29:05,368 INFO: ffmpeg process 1750 successfully terminated with return code of 0.
2022-06-25 13:29:06,395 INFO: The voice handshake is being terminated for Channel ID 728631391809437746 (Guild ID 428109526550708234)
2022-06-25 13:29:06,395 INFO: Disconnecting from voice normally, close code 1000.
2022-06-25 13:29:18,217 INFO: wawa的n in 9又4分之8.7月台[123是什麼敷衍的名字]
2022-06-25 13:29:18,283 INFO: Connecting to voice...
2022-06-25 13:29:18,283 INFO: Starting voice handshake... (connection attempt 1)
2022-06-25 13:29:18,596 INFO: Voice handshake complete. Endpoint found hongkong1896.discord.media
2022-06-25 13:29:19,630 INFO: selected the voice protocol for use (xsalsa20_poly1305_lite)
2022-06-25 13:29:19,838 INFO: received secret key for voice connection
2022-06-25 13:29:21,986 INFO: Preparing to terminate ffmpeg process 1761.
2022-06-25 13:29:21,986 INFO: ffmpeg process 1761 successfully terminated with return code of 0.
2022-06-25 13:29:24,675 INFO: Preparing to terminate ffmpeg process 1771.
2022-06-25 13:29:24,675 INFO: ffmpeg process 1771 successfully terminated with return code of 0.
2022-06-25 13:29:25,684 INFO: The voice handshake is being terminated for Channel ID 728631391809437746 (Guild ID 428109526550708234)
2022-06-25 13:29:25,685 INFO: Disconnecting from voice normally, close code 1000.
2022-06-25 13:31:17,052 INFO: MaiMai的Pool out 9又4分之8.7月台[123是什麼敷衍的名字]
2022-06-25 13:31:17,053 INFO: Connecting to voice...
2022-06-25 13:31:17,053 INFO: Starting voice handshake... (connection attempt 1)
2022-06-25 13:31:17,838 INFO: Voice handshake complete. Endpoint found hongkong1896.discord.media
2022-06-25 13:31:17,915 INFO: wawa的n out 9又4分之8.7月台[123是什麼敷衍的名字]
2022-06-25 13:31:18,583 INFO: MaiMai的Pool in 9又4分之8.7月台[123是什麼敷衍的名字]
2022-06-25 13:31:18,880 INFO: selected the voice protocol for use (xsalsa20_poly1305_lite)
2022-06-25 13:31:19,085 INFO: received secret key for voice connection
2022-06-25 13:31:21,192 INFO: Preparing to terminate ffmpeg process 1782.
2022-06-25 13:31:21,193 INFO: ffmpeg process 1782 successfully terminated with return code of 0.
2022-06-25 13:31:24,192 INFO: Preparing to terminate ffmpeg process 1792.
2022-06-25 13:31:24,192 INFO: ffmpeg process 1792 successfully terminated with return code of 0.
2022-06-25 13:31:28,008 INFO: Preparing to terminate ffmpeg process 1802.
2022-06-25 13:31:28,009 INFO: ffmpeg process 1802 successfully terminated with return code of 0.
2022-06-25 13:31:30,145 INFO: Preparing to terminate ffmpeg process 1812.
2022-06-25 13:31:30,145 INFO: ffmpeg process 1812 successfully terminated with return code of 0.
2022-06-25 13:31:31,149 INFO: The voice handshake is being terminated for Channel ID 728631391809437746 (Guild ID 428109526550708234)
2022-06-25 13:31:31,150 INFO: Disconnecting from voice normally, close code 1000.
2022-06-25 13:33:51,134 INFO: wawa的n in 9又4分之8.7月台[123是什麼敷衍的名字]
2022-06-25 13:33:51,142 INFO: Connecting to voice...
2022-06-25 13:33:51,142 INFO: Starting voice handshake... (connection attempt 1)
2022-06-25 13:33:51,391 INFO: Voice handshake complete. Endpoint found hongkong1896.discord.media
2022-06-25 13:33:52,391 INFO: selected the voice protocol for use (xsalsa20_poly1305_lite)
2022-06-25 13:33:52,590 INFO: received secret key for voice connection
2022-06-25 13:33:54,736 INFO: Preparing to terminate ffmpeg process 1823.
2022-06-25 13:33:54,736 INFO: ffmpeg process 1823 successfully terminated with return code of 0.
2022-06-25 13:33:56,876 INFO: Preparing to terminate ffmpeg process 1833.
2022-06-25 13:33:56,877 INFO: ffmpeg process 1833 successfully terminated with return code of 0.
2022-06-25 13:33:57,921 INFO: The voice handshake is being terminated for Channel ID 728631391809437746 (Guild ID 428109526550708234)
2022-06-25 13:33:57,921 INFO: Disconnecting from voice normally, close code 1000.
2022-06-25 13:35:07,419 INFO: wawa的n out 9又4分之8.7月台[123是什麼敷衍的名字]
2022-06-25 13:35:07,419 INFO: Connecting to voice...
2022-06-25 13:35:07,420 INFO: Starting voice handshake... (connection attempt 1)
2022-06-25 13:35:07,774 INFO: Voice handshake complete. Endpoint found hongkong1896.discord.media
2022-06-25 13:35:08,824 INFO: selected the voice protocol for use (xsalsa20_poly1305_lite)
2022-06-25 13:35:09,031 INFO: received secret key for voice connection
2022-06-25 13:35:11,018 INFO: Preparing to terminate ffmpeg process 1844.
2022-06-25 13:35:11,018 INFO: ffmpeg process 1844 successfully terminated with return code of 0.
2022-06-25 13:35:12,045 INFO: The voice handshake is being terminated for Channel ID 728631391809437746 (Guild ID 428109526550708234)
2022-06-25 13:35:12,046 INFO: Disconnecting from voice normally, close code 1000.
2022-06-25 13:35:43,297 INFO: wawa的n in 9又4分之8.7月台[123是什麼敷衍的名字]
2022-06-25 13:35:43,347 INFO: Connecting to voice...
2022-06-25 13:35:43,348 INFO: Starting voice handshake... (connection attempt 1)
2022-06-25 13:35:43,692 INFO: Voice handshake complete. Endpoint found hongkong1896.discord.media
2022-06-25 13:35:44,701 INFO: selected the voice protocol for use (xsalsa20_poly1305_lite)
2022-06-25 13:35:44,904 INFO: received secret key for voice connection
2022-06-25 13:35:47,574 INFO: Preparing to terminate ffmpeg process 1855.
2022-06-25 13:35:47,575 INFO: ffmpeg process 1855 successfully terminated with return code of 0.
2022-06-25 13:35:49,888 INFO: Preparing to terminate ffmpeg process 1865.
2022-06-25 13:35:49,889 INFO: ffmpeg process 1865 successfully terminated with return code of 0.
2022-06-25 13:35:50,933 INFO: The voice handshake is being terminated for Channel ID 728631391809437746 (Guild ID 428109526550708234)
2022-06-25 13:35:50,934 INFO: Disconnecting from voice normally, close code 1000.
2022-06-25 13:38:48,649 INFO: DADA的DIAO in 9又4分之8.7月台[123是什麼敷衍的名字]
2022-06-25 13:38:48,957 INFO: Connecting to voice...
2022-06-25 13:38:48,957 INFO: Starting voice handshake... (connection attempt 1)
2022-06-25 13:38:49,574 INFO: Voice handshake complete. Endpoint found hongkong1896.discord.media
2022-06-25 13:38:49,602 INFO: DADA的DIAO out 9又4分之8.7月台[123是什麼敷衍的名字]
2022-06-25 13:38:50,612 INFO: selected the voice protocol for use (xsalsa20_poly1305_lite)
2022-06-25 13:38:50,816 INFO: received secret key for voice connection
2022-06-25 13:38:51,156 INFO: DADA的DIAO in 9又4分之8.7月台[123是什麼敷衍的名字]
2022-06-25 13:38:52,060 INFO: DADA的DIAO out 9又4分之8.7月台[123是什麼敷衍的名字]
2022-06-25 13:38:52,600 INFO: DADA的DIAO in 9又4分之8.7月台[123是什麼敷衍的名字]
2022-06-25 13:38:53,064 INFO: Preparing to terminate ffmpeg process 1876.
2022-06-25 13:38:53,064 INFO: ffmpeg process 1876 successfully terminated with return code of 0.
2022-06-25 13:38:53,540 INFO: DADA的DIAO out 9又4分之8.7月台[123是什麼敷衍的名字]
2022-06-25 13:38:54,006 INFO: DADA的DIAO in 9又4分之8.7月台[123是什麼敷衍的名字]
2022-06-25 13:38:55,184 INFO: DADA的DIAO out 9又4分之8.7月台[123是什麼敷衍的名字]
2022-06-25 13:38:55,498 INFO: DADA的DIAO in 9又4分之8.7月台[123是什麼敷衍的名字]
2022-06-25 13:38:55,735 INFO: Preparing to terminate ffmpeg process 1886.
2022-06-25 13:38:55,736 INFO: ffmpeg process 1886 successfully terminated with return code of 0.
2022-06-25 13:38:56,177 INFO: DADA的DIAO out 9又4分之8.7月台[123是什麼敷衍的名字]
2022-06-25 13:38:56,699 INFO: DADA的DIAO in 9又4分之8.7月台[123是什麼敷衍的名字]
2022-06-25 13:38:57,246 INFO: DADA的DIAO out 9又4分之8.7月台[123是什麼敷衍的名字]
2022-06-25 13:38:57,894 INFO: DADA的DIAO in 9又4分之8.7月台[123是什麼敷衍的名字]
2022-06-25 13:38:58,631 INFO: DADA的DIAO out 9又4分之8.7月台[123是什麼敷衍的名字]
2022-06-25 13:38:59,004 INFO: Preparing to terminate ffmpeg process 1896.
2022-06-25 13:38:59,005 INFO: ffmpeg process 1896 successfully terminated with return code of 0.
2022-06-25 13:38:59,278 INFO: DADA的DIAO in 9又4分之8.7月台[123是什麼敷衍的名字]
2022-06-25 13:39:02,811 INFO: Preparing to terminate ffmpeg process 1906.
2022-06-25 13:39:02,811 INFO: ffmpeg process 1906 successfully terminated with return code of 0.
2022-06-25 13:39:06,225 INFO: Preparing to terminate ffmpeg process 1933.
2022-06-25 13:39:06,226 INFO: ffmpeg process 1933 successfully terminated with return code of 0.
2022-06-25 13:39:09,366 INFO: Preparing to terminate ffmpeg process 1957.
2022-06-25 13:39:09,366 INFO: ffmpeg process 1957 successfully terminated with return code of 0.
2022-06-25 13:39:12,642 INFO: Preparing to terminate ffmpeg process 1967.
2022-06-25 13:39:12,643 INFO: ffmpeg process 1967 successfully terminated with return code of 0.
2022-06-25 13:39:14,996 INFO: Preparing to terminate ffmpeg process 1977.
2022-06-25 13:39:14,997 INFO: ffmpeg process 1977 successfully terminated with return code of 0.
2022-06-25 13:39:17,421 INFO: DADA的DIAO out 9又4分之8.7月台[123是什麼敷衍的名字]
2022-06-25 13:39:18,106 INFO: Preparing to terminate ffmpeg process 1987.
2022-06-25 13:39:18,107 INFO: ffmpeg process 1987 successfully terminated with return code of 0.
2022-06-25 13:39:21,386 INFO: Preparing to terminate ffmpeg process 1997.
2022-06-25 13:39:21,387 INFO: ffmpeg process 1997 successfully terminated with return code of 0.
2022-06-25 13:39:23,748 INFO: Preparing to terminate ffmpeg process 2007.
2022-06-25 13:39:23,749 INFO: ffmpeg process 2007 successfully terminated with return code of 0.
2022-06-25 13:39:25,822 INFO: DADA的DIAO in 9又4分之8.7月台[123是什麼敷衍的名字]
2022-06-25 13:39:26,878 INFO: Preparing to terminate ffmpeg process 2017.
2022-06-25 13:39:26,879 INFO: ffmpeg process 2017 successfully terminated with return code of 0.
2022-06-25 13:39:30,720 INFO: Preparing to terminate ffmpeg process 2027.
2022-06-25 13:39:30,720 INFO: ffmpeg process 2027 successfully terminated with return code of 0.
2022-06-25 13:39:32,756 INFO: Preparing to terminate ffmpeg process 2037.
2022-06-25 13:39:32,756 INFO: ffmpeg process 2037 successfully terminated with return code of 0.
2022-06-25 13:39:35,863 INFO: Preparing to terminate ffmpeg process 2047.
2022-06-25 13:39:35,863 INFO: ffmpeg process 2047 successfully terminated with return code of 0.
2022-06-25 13:39:39,136 INFO: Preparing to terminate ffmpeg process 2057.
2022-06-25 13:39:39,137 INFO: ffmpeg process 2057 successfully terminated with return code of 0.
2022-06-25 13:39:42,031 INFO: Preparing to terminate ffmpeg process 2067.
2022-06-25 13:39:42,032 INFO: ffmpeg process 2067 successfully terminated with return code of 0.
2022-06-25 13:39:45,204 INFO: Preparing to terminate ffmpeg process 2077.
2022-06-25 13:39:45,205 INFO: ffmpeg process 2077 successfully terminated with return code of 0.
2022-06-25 13:39:48,477 INFO: Preparing to terminate ffmpeg process 2087.
2022-06-25 13:39:48,478 INFO: ffmpeg process 2087 successfully terminated with return code of 0.
2022-06-25 13:39:51,157 INFO: Preparing to terminate ffmpeg process 2097.
2022-06-25 13:39:51,158 INFO: ffmpeg process 2097 successfully terminated with return code of 0.
2022-06-25 13:39:54,250 INFO: Preparing to terminate ffmpeg process 2107.
2022-06-25 13:39:54,251 INFO: ffmpeg process 2107 successfully terminated with return code of 0.
2022-06-25 13:39:57,525 INFO: Preparing to terminate ffmpeg process 2117.
2022-06-25 13:39:57,525 INFO: ffmpeg process 2117 successfully terminated with return code of 0.
2022-06-25 13:39:59,660 INFO: Preparing to terminate ffmpeg process 2127.
2022-06-25 13:39:59,661 INFO: ffmpeg process 2127 successfully terminated with return code of 0.
2022-06-25 13:40:02,797 INFO: Preparing to terminate ffmpeg process 2137.
2022-06-25 13:40:02,798 INFO: ffmpeg process 2137 successfully terminated with return code of 0.
2022-06-25 13:40:06,071 INFO: Preparing to terminate ffmpeg process 2147.
2022-06-25 13:40:06,071 INFO: ffmpeg process 2147 successfully terminated with return code of 0.
2022-06-25 13:40:08,109 INFO: Preparing to terminate ffmpeg process 2157.
2022-06-25 13:40:08,110 INFO: ffmpeg process 2157 successfully terminated with return code of 0.
2022-06-25 13:40:09,151 INFO: The voice handshake is being terminated for Channel ID 728631391809437746 (Guild ID 428109526550708234)
2022-06-25 13:40:09,152 INFO: Disconnecting from voice normally, close code 1000.
2022-06-25 13:40:43,132 INFO: BunnyplayGG in 9又4分之8.7月台[123是什麼敷衍的名字]
2022-06-25 13:40:43,163 INFO: Connecting to voice...
2022-06-25 13:40:43,163 INFO: Starting voice handshake... (connection attempt 1)
2022-06-25 13:40:43,495 INFO: Voice handshake complete. Endpoint found hongkong1896.discord.media
2022-06-25 13:40:44,522 INFO: selected the voice protocol for use (xsalsa20_poly1305_lite)
2022-06-25 13:40:44,724 INFO: received secret key for voice connection
2022-06-25 13:40:46,590 INFO: Preparing to terminate ffmpeg process 2168.
2022-06-25 13:40:46,591 INFO: ffmpeg process 2168 successfully terminated with return code of 0.
2022-06-25 13:40:49,463 INFO: Preparing to terminate ffmpeg process 2178.
2022-06-25 13:40:49,463 INFO: ffmpeg process 2178 successfully terminated with return code of 0.
2022-06-25 13:40:50,550 INFO: The voice handshake is being terminated for Channel ID 728631391809437746 (Guild ID 428109526550708234)
2022-06-25 13:40:50,551 INFO: Disconnecting from voice normally, close code 1000.
2022-06-25 13:47:13,171 INFO: DADA的DIAO out 9又4分之8.7月台[123是什麼敷衍的名字]
2022-06-25 13:47:13,172 INFO: Connecting to voice...
2022-06-25 13:47:13,172 INFO: Starting voice handshake... (connection attempt 1)
2022-06-25 13:47:14,117 INFO: Voice handshake complete. Endpoint found hongkong1896.discord.media
2022-06-25 13:47:14,704 INFO: DADA的DIAO in 9又4分之8.7月台[123是什麼敷衍的名字]
2022-06-25 13:47:15,203 INFO: selected the voice protocol for use (xsalsa20_poly1305_lite)
2022-06-25 13:47:15,402 INFO: received secret key for voice connection
2022-06-25 13:47:17,488 INFO: Preparing to terminate ffmpeg process 2189.
2022-06-25 13:47:17,488 INFO: ffmpeg process 2189 successfully terminated with return code of 0.
2022-06-25 13:47:21,281 INFO: Preparing to terminate ffmpeg process 2199.
2022-06-25 13:47:21,282 INFO: ffmpeg process 2199 successfully terminated with return code of 0.
2022-06-25 13:47:23,496 INFO: Preparing to terminate ffmpeg process 2209.
2022-06-25 13:47:23,497 INFO: ffmpeg process 2209 successfully terminated with return code of 0.
2022-06-25 13:47:24,541 INFO: The voice handshake is being terminated for Channel ID 728631391809437746 (Guild ID 428109526550708234)
2022-06-25 13:47:24,542 INFO: Disconnecting from voice normally, close code 1000.
2022-06-25 14:19:10,859 INFO: Got a request to RESUME the websocket.
2022-06-25 14:19:11,024 INFO: Shard ID None has sent the RESUME payload.
2022-06-25 14:19:11,069 INFO: Shard ID None has successfully RESUMED session 5d22fc382db0a6db22fa375899bc1863 under trace ["gateway-prd-main-dn0t",{"micros":1755,"calls":["discord-sessions-blue-prd-2-80",{"micros":15}]}].
2022-06-25 14:28:31,583 INFO: 不偷家的飄飄大仙 in 9又4分之8.7月台[123是什麼敷衍的名字]
2022-06-25 14:28:31,701 INFO: Connecting to voice...
2022-06-25 14:28:31,701 INFO: Starting voice handshake... (connection attempt 1)
2022-06-25 14:28:31,955 INFO: Voice handshake complete. Endpoint found hongkong1896.discord.media
2022-06-25 14:28:32,995 INFO: selected the voice protocol for use (xsalsa20_poly1305_lite)
2022-06-25 14:28:33,200 INFO: received secret key for voice connection
2022-06-25 14:28:36,266 INFO: Preparing to terminate ffmpeg process 2346.
2022-06-25 14:28:36,267 INFO: ffmpeg process 2346 successfully terminated with return code of 0.
2022-06-25 14:28:38,490 INFO: Preparing to terminate ffmpeg process 2356.
2022-06-25 14:28:38,491 INFO: ffmpeg process 2356 successfully terminated with return code of 0.
2022-06-25 14:28:39,534 INFO: The voice handshake is being terminated for Channel ID 728631391809437746 (Guild ID 428109526550708234)
2022-06-25 14:28:39,535 INFO: Disconnecting from voice normally, close code 1000.
2022-06-25 14:33:48,257 INFO: 雪莉粉粉 in 9又4分之8.7月台[123是什麼敷衍的名字]
2022-06-25 14:33:48,266 INFO: Connecting to voice...
2022-06-25 14:33:48,266 INFO: Starting voice handshake... (connection attempt 1)
2022-06-25 14:33:48,619 INFO: Voice handshake complete. Endpoint found hongkong1896.discord.media
2022-06-25 14:33:49,657 INFO: selected the voice protocol for use (xsalsa20_poly1305_lite)
2022-06-25 14:33:49,869 INFO: received secret key for voice connection
2022-06-25 14:33:52,517 INFO: Preparing to terminate ffmpeg process 2367.
2022-06-25 14:33:52,518 INFO: ffmpeg process 2367 successfully terminated with return code of 0.
2022-06-25 14:33:55,258 INFO: Preparing to terminate ffmpeg process 2377.
2022-06-25 14:33:55,260 INFO: ffmpeg process 2377 successfully terminated with return code of 0.
2022-06-25 14:33:56,313 INFO: The voice handshake is being terminated for Channel ID 728631391809437746 (Guild ID 428109526550708234)
2022-06-25 14:33:56,314 INFO: Disconnecting from voice normally, close code 1000.
2022-06-25 15:20:36,729 INFO: SparkleZ in 9又4分之8.7月台[123是什麼敷衍的名字]
2022-06-25 15:20:36,806 INFO: Connecting to voice...
2022-06-25 15:20:36,806 INFO: Starting voice handshake... (connection attempt 1)
2022-06-25 15:20:37,094 INFO: Voice handshake complete. Endpoint found hongkong1896.discord.media
2022-06-25 15:20:38,128 INFO: selected the voice protocol for use (xsalsa20_poly1305_lite)
2022-06-25 15:20:38,336 INFO: received secret key for voice connection
2022-06-25 15:20:40,844 INFO: Preparing to terminate ffmpeg process 2481.
2022-06-25 15:20:40,845 INFO: ffmpeg process 2481 successfully terminated with return code of 0.
2022-06-25 15:20:44,224 INFO: Preparing to terminate ffmpeg process 2491.
2022-06-25 15:20:44,225 INFO: ffmpeg process 2491 successfully terminated with return code of 0.
2022-06-25 15:20:45,274 INFO: The voice handshake is being terminated for Channel ID 728631391809437746 (Guild ID 428109526550708234)
2022-06-25 15:20:45,274 INFO: Disconnecting from voice normally, close code 1000.
2022-06-25 15:21:27,732 INFO: SparkleZ out 9又4分之8.7月台[123是什麼敷衍的名字]
2022-06-25 15:21:27,733 INFO: Connecting to voice...
2022-06-25 15:21:27,733 INFO: Starting voice handshake... (connection attempt 1)
2022-06-25 15:21:27,971 INFO: Voice handshake complete. Endpoint found hongkong1896.discord.media
2022-06-25 15:21:28,994 INFO: selected the voice protocol for use (xsalsa20_poly1305_lite)
2022-06-25 15:21:29,201 INFO: received secret key for voice connection
2022-06-25 15:21:31,187 INFO: Preparing to terminate ffmpeg process 2502.
2022-06-25 15:21:31,188 INFO: ffmpeg process 2502 successfully terminated with return code of 0.
2022-06-25 15:21:32,214 INFO: The voice handshake is being terminated for Channel ID 728631391809437746 (Guild ID 428109526550708234)
2022-06-25 15:21:32,215 INFO: Disconnecting from voice normally, close code 1000.
2022-06-25 15:56:33,750 INFO: Got a request to RESUME the websocket.
2022-06-25 15:56:33,925 INFO: Shard ID None has sent the RESUME payload.
2022-06-25 15:56:33,966 INFO: Shard ID None has successfully RESUMED session 5d22fc382db0a6db22fa375899bc1863 under trace ["gateway-prd-main-sphk",{"micros":1076,"calls":["discord-sessions-blue-prd-2-80",{"micros":52}]}].
2022-06-25 15:59:22,784 INFO: 神奇海螺 in 9又4分之8.7月台[123是什麼敷衍的名字]
2022-06-25 15:59:22,814 INFO: Connecting to voice...
2022-06-25 15:59:22,814 INFO: Starting voice handshake... (connection attempt 1)
2022-06-25 15:59:23,147 INFO: Voice handshake complete. Endpoint found hongkong1896.discord.media
2022-06-25 15:59:24,179 INFO: selected the voice protocol for use (xsalsa20_poly1305_lite)
2022-06-25 15:59:24,400 INFO: received secret key for voice connection
2022-06-25 15:59:26,749 INFO: Preparing to terminate ffmpeg process 2669.
2022-06-25 15:59:26,750 INFO: ffmpeg process 2669 successfully terminated with return code of 0.
2022-06-25 15:59:29,649 INFO: Preparing to terminate ffmpeg process 2679.
2022-06-25 15:59:29,650 INFO: ffmpeg process 2679 successfully terminated with return code of 0.
2022-06-25 15:59:30,735 INFO: The voice handshake is being terminated for Channel ID 728631391809437746 (Guild ID 428109526550708234)
2022-06-25 15:59:30,736 INFO: Disconnecting from voice normally, close code 1000.
2022-06-25 16:25:10,792 INFO: 雪莉粉粉 out 9又4分之8.7月台[123是什麼敷衍的名字]
2022-06-25 16:25:10,792 INFO: Connecting to voice...
2022-06-25 16:25:10,792 INFO: Starting voice handshake... (connection attempt 1)
2022-06-25 16:25:11,742 INFO: Voice handshake complete. Endpoint found hongkong1896.discord.media
2022-06-25 16:25:12,773 INFO: selected the voice protocol for use (xsalsa20_poly1305_lite)
2022-06-25 16:25:12,978 INFO: received secret key for voice connection
2022-06-25 16:25:14,925 INFO: Preparing to terminate ffmpeg process 2753.
2022-06-25 16:25:14,926 INFO: ffmpeg process 2753 successfully terminated with return code of 0.
2022-06-25 16:25:15,992 INFO: The voice handshake is being terminated for Channel ID 728631391809437746 (Guild ID 428109526550708234)
2022-06-25 16:25:15,993 INFO: Disconnecting from voice normally, close code 1000.
2022-06-25 16:36:22,662 INFO: Got a request to RESUME the websocket.
2022-06-25 16:36:22,844 INFO: Shard ID None has sent the RESUME payload.
2022-06-25 16:36:22,884 INFO: Shard ID None has successfully RESUMED session 5d22fc382db0a6db22fa375899bc1863 under trace ["gateway-prd-main-kg1z",{"micros":784,"calls":["discord-sessions-blue-prd-2-80",{"micros":18}]}].
2022-06-25 17:26:35,901 INFO: BunnyplayGG out 9又4分之8.7月台[123是什麼敷衍的名字]
2022-06-25 17:26:35,902 INFO: Connecting to voice...
2022-06-25 17:26:35,902 INFO: Starting voice handshake... (connection attempt 1)
2022-06-25 17:26:36,831 INFO: Voice handshake complete. Endpoint found hongkong1896.discord.media
2022-06-25 17:26:37,874 INFO: selected the voice protocol for use (xsalsa20_poly1305_lite)
2022-06-25 17:26:38,080 INFO: received secret key for voice connection
2022-06-25 17:26:40,341 INFO: wawa的n out 9又4分之8.7月台[123是什麼敷衍的名字]
2022-06-25 17:26:40,450 INFO: Preparing to terminate ffmpeg process 2918.
2022-06-25 17:26:40,451 INFO: ffmpeg process 2918 successfully terminated with return code of 0.
2022-06-25 17:26:42,214 INFO: DADA的DIAO out 9又4分之8.7月台[123是什麼敷衍的名字]
2022-06-25 17:26:42,366 INFO: DADA的DIAO in 9又4分之8.7月台[欸欸欸這樣配可以嗎(思]
2022-06-25 17:26:43,488 INFO: Preparing to terminate ffmpeg process 2928.
2022-06-25 17:26:43,488 INFO: ffmpeg process 2928 successfully terminated with return code of 0.
2022-06-25 17:26:46,603 INFO: Preparing to terminate ffmpeg process 2938.
2022-06-25 17:26:46,603 INFO: ffmpeg process 2938 successfully terminated with return code of 0.
2022-06-25 17:26:47,640 INFO: The voice handshake is being terminated for Channel ID 728631391809437746 (Guild ID 428109526550708234)
2022-06-25 17:26:47,641 INFO: Connecting to voice...
2022-06-25 17:26:47,641 INFO: Starting voice handshake... (connection attempt 1)
2022-06-25 17:26:47,641 INFO: Disconnecting from voice normally, close code 1000.
2022-06-25 17:26:47,906 INFO: Voice handshake complete. Endpoint found japan549.discord.media
2022-06-25 17:26:48,215 INFO: DADA的DIAO out 9又4分之8.7月台[欸欸欸這樣配可以嗎(思]
2022-06-25 17:26:48,889 INFO: selected the voice protocol for use (xsalsa20_poly1305_lite)
2022-06-25 17:26:49,054 INFO: received secret key for voice connection
2022-06-25 17:26:51,822 INFO: Preparing to terminate ffmpeg process 2949.
2022-06-25 17:26:51,823 INFO: ffmpeg process 2949 successfully terminated with return code of 0.
2022-06-25 17:26:54,171 INFO: Preparing to terminate ffmpeg process 2959.
2022-06-25 17:26:54,172 INFO: ffmpeg process 2959 successfully terminated with return code of 0.
2022-06-25 17:26:57,283 INFO: Preparing to terminate ffmpeg process 2969.
2022-06-25 17:26:57,283 INFO: ffmpeg process 2969 successfully terminated with return code of 0.
2022-06-25 17:26:58,312 INFO: The voice handshake is being terminated for Channel ID 868516155525046333 (Guild ID 428109526550708234)
2022-06-25 17:26:58,312 INFO: Disconnecting from voice normally, close code 1000.
2022-06-25 17:28:18,187 INFO: MaiMai的Pool out 9又4分之8.7月台[123是什麼敷衍的名字]
2022-06-25 17:28:18,187 INFO: Connecting to voice...
2022-06-25 17:28:18,187 INFO: Starting voice handshake... (connection attempt 1)
2022-06-25 17:28:18,617 INFO: Voice handshake complete. Endpoint found hongkong1896.discord.media
2022-06-25 17:28:19,631 INFO: selected the voice protocol for use (xsalsa20_poly1305_lite)
2022-06-25 17:28:19,831 INFO: received secret key for voice connection
2022-06-25 17:28:21,940 INFO: Preparing to terminate ffmpeg process 2980.
2022-06-25 17:28:21,940 INFO: ffmpeg process 2980 successfully terminated with return code of 0.
2022-06-25 17:28:22,949 INFO: The voice handshake is being terminated for Channel ID 728631391809437746 (Guild ID 428109526550708234)
2022-06-25 17:28:22,950 INFO: Disconnecting from voice normally, close code 1000.
2022-06-25 17:40:35,166 INFO: Got a request to RESUME the websocket.
2022-06-25 17:40:35,353 INFO: Shard ID None has sent the RESUME payload.
2022-06-25 17:40:35,399 INFO: Shard ID None has successfully RESUMED session 5d22fc382db0a6db22fa375899bc1863 under trace ["gateway-prd-main-qls6",{"micros":744,"calls":["discord-sessions-blue-prd-2-80",{"micros":23}]}].
2022-06-25 19:05:39,082 INFO: 不偷家的飄飄大仙 out 9又4分之8.7月台[123是什麼敷衍的名字]
2022-06-25 19:05:39,083 INFO: Connecting to voice...
2022-06-25 19:05:39,083 INFO: Starting voice handshake... (connection attempt 1)
2022-06-25 19:05:39,264 INFO: Voice handshake complete. Endpoint found us-central6515.discord.media
2022-06-25 19:05:39,370 INFO: selected the voice protocol for use (xsalsa20_poly1305_lite)
2022-06-25 19:05:39,384 INFO: received secret key for voice connection
2022-06-25 19:05:42,665 INFO: Preparing to terminate ffmpeg process 3236.
2022-06-25 19:05:42,669 INFO: ffmpeg process 3236 successfully terminated with return code of 0.
2022-06-25 19:05:46,605 INFO: Preparing to terminate ffmpeg process 3246.
2022-06-25 19:05:46,606 INFO: ffmpeg process 3246 successfully terminated with return code of 0.
2022-06-25 19:05:47,633 INFO: The voice handshake is being terminated for Channel ID 728631391809437746 (Guild ID 428109526550708234)
2022-06-25 19:05:47,634 INFO: Disconnecting from voice normally, close code 1000.
