2022-11-01 21:53:20,817 INFO: logging in using static token
2022-11-01 21:53:21,206 INFO: Shard ID None has connected to Gateway (Session ID: 9c226c985fbde6017f7a24ec97fe3b21).
2022-11-01 21:53:23,230 INFO: 目前登入身份：神奇海螺#3847
2022-11-01 23:24:25,859 INFO: Shard ID None has successfully RESUMED session 9c226c985fbde6017f7a24ec97fe3b21.
2022-11-02 03:17:30,036 INFO: Shard ID None has successfully RESUMED session 9c226c985fbde6017f7a24ec97fe3b21.
2022-11-02 05:49:50,199 INFO: Shard ID None has successfully RESUMED session 9c226c985fbde6017f7a24ec97fe3b21.
2022-11-02 07:39:20,513 INFO: Shard ID None has successfully RESUMED session 9c226c985fbde6017f7a24ec97fe3b21.
2022-11-02 07:59:58,138 INFO: Shard ID None has successfully RESUMED session 9c226c985fbde6017f7a24ec97fe3b21.
2022-11-02 09:20:12,754 INFO: Shard ID None has successfully RESUMED session 9c226c985fbde6017f7a24ec97fe3b21.
2022-11-02 11:16:57,041 INFO: Shard ID None has successfully RESUMED session 9c226c985fbde6017f7a24ec97fe3b21.
2022-11-02 13:53:00,555 INFO: 神奇海螺 in 9又4分之8.7月台[123是什麼敷衍的名字]
2022-11-02 13:53:00,635 INFO: Connecting to voice...
2022-11-02 13:53:00,635 INFO: Starting voice handshake... (connection attempt 1)
2022-11-02 13:53:01,224 INFO: Voice handshake complete. Endpoint found hongkong6108.discord.media
2022-11-02 13:53:01,431 ERROR: Exception occurred during Voice Protocol voice server update handler
Traceback (most recent call last):
  File "/opt/virtualenvs/python3/lib/python3.8/site-packages/discord/state.py", line 157, in logging_coroutine
    await coroutine
  File "/opt/virtualenvs/python3/lib/python3.8/site-packages/discord/voice_client.py", line 337, in on_voice_server_update
    await self.ws.close(4000)
AttributeError: '_MissingSentinel' object has no attribute 'close'
2022-11-02 13:53:05,072 INFO: ffmpeg process 1817 successfully terminated with return code of 0.
2022-11-02 13:53:13,527 INFO: ffmpeg process 1828 successfully terminated with return code of 0.
2022-11-02 13:53:14,576 INFO: The voice handshake is being terminated for Channel ID 728631391809437746 (Guild ID 428109526550708234)
2022-11-02 13:53:14,577 INFO: Disconnecting from voice normally, close code 1000.
2022-11-02 14:02:22,853 INFO: Shard ID None has successfully RESUMED session 9c226c985fbde6017f7a24ec97fe3b21.
2022-11-02 14:18:11,898 INFO: Shard ID None has successfully RESUMED session 9c226c985fbde6017f7a24ec97fe3b21.
2022-11-02 14:19:34,572 INFO: Shard ID None has successfully RESUMED session 9c226c985fbde6017f7a24ec97fe3b21.
2022-11-02 14:22:24,160 INFO: 貓嗷嗚飄飄大仙 in 9又4分之8.7月台[123是什麼敷衍的名字]
2022-11-02 14:22:24,241 INFO: Connecting to voice...
2022-11-02 14:22:24,241 INFO: Starting voice handshake... (connection attempt 1)
2022-11-02 14:22:24,483 INFO: Voice handshake complete. Endpoint found hongkong6108.discord.media
2022-11-02 14:22:29,193 INFO: ffmpeg process 1915 successfully terminated with return code of 0.
2022-11-02 14:22:31,273 INFO: ffmpeg process 1925 successfully terminated with return code of 0.
2022-11-02 14:22:32,295 INFO: The voice handshake is being terminated for Channel ID 728631391809437746 (Guild ID 428109526550708234)
2022-11-02 14:22:32,296 INFO: Disconnecting from voice normally, close code 1000.
2022-11-02 14:24:23,760 ERROR: Attempting a reconnect in 1.04s
Traceback (most recent call last):
  File "/opt/virtualenvs/python3/lib/python3.8/site-packages/discord/client.py", line 624, in connect
    self.ws = await asyncio.wait_for(coro, timeout=60.0)
  File "/usr/lib/python3.8/asyncio/tasks.py", line 494, in wait_for
    return fut.result()
  File "/opt/virtualenvs/python3/lib/python3.8/site-packages/discord/gateway.py", line 371, in from_client
    socket = await client.http.ws_connect(url)
  File "/opt/virtualenvs/python3/lib/python3.8/site-packages/discord/http.py", line 536, in ws_connect
    return await self.__session.ws_connect(url, **kwargs)
  File "/opt/virtualenvs/python3/lib/python3.8/site-packages/aiohttp/client.py", line 754, in _ws_connect
    resp = await self.request(
  File "/opt/virtualenvs/python3/lib/python3.8/site-packages/aiohttp/client.py", line 544, in _request
    await resp.start(conn)
  File "/opt/virtualenvs/python3/lib/python3.8/site-packages/aiohttp/client_reqrep.py", line 890, in start
    message, payload = await self._protocol.read()  # type: ignore
  File "/opt/virtualenvs/python3/lib/python3.8/site-packages/aiohttp/streams.py", line 604, in read
    await self._waiter
aiohttp.client_exceptions.ClientOSError: [Errno 104] Connection reset by peer
2022-11-02 14:24:26,097 INFO: Shard ID None has successfully RESUMED session 9c226c985fbde6017f7a24ec97fe3b21.
2022-11-02 14:30:00,667 INFO: Fiven-chung in 9又4分之8.7月台[123是什麼敷衍的名字]
2022-11-02 14:30:00,744 INFO: Connecting to voice...
2022-11-02 14:30:00,745 INFO: Starting voice handshake... (connection attempt 1)
2022-11-02 14:30:01,359 INFO: Voice handshake complete. Endpoint found hongkong6108.discord.media
2022-11-02 14:30:07,982 INFO: ffmpeg process 1955 successfully terminated with return code of 0.
2022-11-02 14:30:10,759 INFO: ffmpeg process 1965 successfully terminated with return code of 0.
2022-11-02 14:30:11,830 INFO: The voice handshake is being terminated for Channel ID 728631391809437746 (Guild ID 428109526550708234)
2022-11-02 14:30:11,830 INFO: Disconnecting from voice normally, close code 1000.
2022-11-02 14:38:29,748 INFO: BunnyplayGG in 9又4分之8.7月台[123是什麼敷衍的名字]
2022-11-02 14:38:29,865 INFO: Connecting to voice...
2022-11-02 14:38:29,865 INFO: Starting voice handshake... (connection attempt 1)
2022-11-02 14:38:30,482 INFO: Voice handshake complete. Endpoint found hongkong6108.discord.media
2022-11-02 14:38:33,811 INFO: ffmpeg process 1976 successfully terminated with return code of 0.
2022-11-02 14:38:36,685 INFO: ffmpeg process 1986 successfully terminated with return code of 0.
2022-11-02 14:38:37,773 INFO: The voice handshake is being terminated for Channel ID 728631391809437746 (Guild ID 428109526550708234)
2022-11-02 14:38:37,774 INFO: Disconnecting from voice normally, close code 1000.
2022-11-02 14:54:00,352 INFO: Shard ID None has successfully RESUMED session 9c226c985fbde6017f7a24ec97fe3b21.
2022-11-02 15:24:44,400 INFO: Connecting to voice...
2022-11-02 15:24:44,401 INFO: Starting voice handshake... (connection attempt 1)
2022-11-02 15:24:44,691 INFO: Voice handshake complete. Endpoint found atlanta6265.discord.media
2022-11-02 15:24:44,921 INFO: ffmpeg process 2088 successfully terminated with return code of 1.
2022-11-02 15:24:45,047 INFO: Disconnected from voice by force... potentially reconnecting.
2022-11-02 15:24:45,048 INFO: Starting voice handshake... (connection attempt 2)
2022-11-02 15:24:45,182 INFO: louiskkk28 in 9又4分之8.7月台[123是什麼敷衍的名字]
2022-11-02 15:25:13,176 INFO: louiskkk28 out 9又4分之8.7月台[123是什麼敷衍的名字]
2022-11-02 15:25:44,797 WARNING: Shard ID None has stopped responding to the gateway. Closing and restarting.
2022-11-02 15:25:45,049 INFO: The voice handshake is being terminated for Channel ID 1037386788177715251 (Guild ID 428109526550708234)
2022-11-02 15:25:45,050 INFO: Reconnect was unsuccessful, disconnecting from voice normally...
2022-11-02 15:38:07,752 INFO: SparkleZ in 9又4分之8.7月台[123是什麼敷衍的名字]
2022-11-02 15:38:07,877 INFO: Connecting to voice...
2022-11-02 15:38:07,878 INFO: Starting voice handshake... (connection attempt 1)
2022-11-02 15:38:08,325 INFO: Voice handshake complete. Endpoint found hongkong6108.discord.media
2022-11-02 15:38:14,302 INFO: ffmpeg process 2110 successfully terminated with return code of 0.
2022-11-02 15:38:16,471 INFO: ffmpeg process 2120 successfully terminated with return code of 0.
2022-11-02 15:38:21,278 INFO: ffmpeg process 2130 successfully terminated with return code of 0.
2022-11-02 15:38:24,313 INFO: ffmpeg process 2140 successfully terminated with return code of 0.
2022-11-02 15:38:26,778 INFO: ffmpeg process 2150 successfully terminated with return code of 0.
2022-11-02 15:38:27,866 INFO: The voice handshake is being terminated for Channel ID 728631391809437746 (Guild ID 428109526550708234)
2022-11-02 15:38:27,868 INFO: Disconnecting from voice normally, close code 1000.
2022-11-02 15:49:38,595 INFO: Shard ID None has successfully RESUMED session 9c226c985fbde6017f7a24ec97fe3b21.
2022-11-02 15:58:37,159 INFO: Lexor in 9又4分之8.7月台[123是什麼敷衍的名字]
2022-11-02 15:58:37,236 INFO: Connecting to voice...
2022-11-02 15:58:37,236 INFO: Starting voice handshake... (connection attempt 1)
2022-11-02 15:58:37,480 INFO: Voice handshake complete. Endpoint found hongkong6108.discord.media
2022-11-02 15:58:40,819 INFO: ffmpeg process 2198 successfully terminated with return code of 0.
2022-11-02 15:58:43,516 INFO: ffmpeg process 2208 successfully terminated with return code of 0.
2022-11-02 15:58:44,580 INFO: The voice handshake is being terminated for Channel ID 728631391809437746 (Guild ID 428109526550708234)
2022-11-02 15:58:44,580 INFO: Disconnecting from voice normally, close code 1000.
2022-11-02 16:05:44,837 INFO: BunnyplayGG out 9又4分之8.7月台[123是什麼敷衍的名字]
2022-11-02 16:05:44,837 INFO: Connecting to voice...
2022-11-02 16:05:44,837 INFO: Starting voice handshake... (connection attempt 1)
2022-11-02 16:05:45,127 INFO: Voice handshake complete. Endpoint found hongkong6108.discord.media
2022-11-02 16:05:48,961 INFO: ffmpeg process 2236 successfully terminated with return code of 0.
2022-11-02 16:05:50,009 INFO: The voice handshake is being terminated for Channel ID 728631391809437746 (Guild ID 428109526550708234)
2022-11-02 16:05:50,010 INFO: Disconnecting from voice normally, close code 1000.
2022-11-02 16:18:31,244 INFO: Shard ID None has successfully RESUMED session 9c226c985fbde6017f7a24ec97fe3b21.
2022-11-02 16:24:15,664 INFO: SparkleZ out 9又4分之8.7月台[123是什麼敷衍的名字]
2022-11-02 16:24:15,665 INFO: Connecting to voice...
2022-11-02 16:24:15,665 INFO: Starting voice handshake... (connection attempt 1)
2022-11-02 16:24:15,915 INFO: Voice handshake complete. Endpoint found hongkong6108.discord.media
2022-11-02 16:24:19,334 INFO: ffmpeg process 2266 successfully terminated with return code of 0.
2022-11-02 16:24:20,367 INFO: The voice handshake is being terminated for Channel ID 728631391809437746 (Guild ID 428109526550708234)
2022-11-02 16:24:20,368 INFO: Disconnecting from voice normally, close code 1000.
2022-11-02 16:51:31,385 INFO: Shard ID None has successfully RESUMED session 9c226c985fbde6017f7a24ec97fe3b21.
2022-11-02 16:53:02,132 INFO: Lexor out 9又4分之8.7月台[123是什麼敷衍的名字]
2022-11-02 16:53:02,133 INFO: Connecting to voice...
2022-11-02 16:53:02,133 INFO: Starting voice handshake... (connection attempt 1)
2022-11-02 16:53:02,486 INFO: Voice handshake complete. Endpoint found hongkong6108.discord.media
2022-11-02 16:53:07,246 INFO: ffmpeg process 2312 successfully terminated with return code of 0.
2022-11-02 16:53:09,982 INFO: ffmpeg process 2322 successfully terminated with return code of 0.
2022-11-02 16:53:10,746 INFO: Fiven-chung out 9又4分之8.7月台[123是什麼敷衍的名字]
2022-11-02 16:53:12,934 INFO: ffmpeg process 2332 successfully terminated with return code of 0.
2022-11-02 16:53:14,025 INFO: The voice handshake is being terminated for Channel ID 728631391809437746 (Guild ID 428109526550708234)
2022-11-02 16:53:14,025 INFO: Disconnecting from voice normally, close code 1000.
2022-11-02 16:55:57,370 INFO: 貓嗷嗚飄飄大仙 out 9又4分之8.7月台[123是什麼敷衍的名字]
2022-11-02 16:55:57,371 INFO: Connecting to voice...
2022-11-02 16:55:57,371 INFO: Starting voice handshake... (connection attempt 1)
2022-11-02 16:55:57,448 INFO: Voice handshake complete. Endpoint found atlanta2018.discord.media
2022-11-02 16:56:00,334 INFO: ffmpeg process 2360 successfully terminated with return code of 0.
2022-11-02 16:56:01,404 INFO: The voice handshake is being terminated for Channel ID 728631391809437746 (Guild ID 428109526550708234)
2022-11-02 16:56:01,404 INFO: Disconnecting from voice normally, close code 1000.
