2022-10-11 01:38:10,420 INFO: logging in using static token
2022-10-11 01:38:10,763 INFO: Shard ID None has sent the IDENTIFY payload.
2022-10-11 01:38:10,987 INFO: Shard ID None has connected to Gateway: ["gateway-prd-us-east1-c-x80q",{"micros":137768,"calls":["id_created",{"micros":849,"calls":[]},"session_lookup_time",{"micros":295,"calls":[]},"session_lookup_finished",{"micros":17,"calls":[]},"discord-sessions-green-prd-2-64",{"micros":135938,"calls":["start_session",{"micros":77119,"calls":["discord-api-fd4f9b7d-kpv5w",{"micros":70534,"calls":["get_user",{"micros":15750},"get_guilds",{"micros":9728},"send_scheduled_deletion_message",{"micros":8},"guild_join_requests",{"micros":990},"authorized_ip_coro",{"micros":12}]}]},"starting_guild_connect",{"micros":61,"calls":[]},"presence_started",{"micros":43425,"calls":[]},"guilds_started",{"micros":135,"calls":[]},"guilds_connect",{"micros":2,"calls":[]},"presence_connect",{"micros":15169,"calls":[]},"connect_finished",{"micros":15174,"calls":[]},"build_ready",{"micros":22,"calls":[]},"optimize_ready",{"micros":0,"calls":[]},"split_ready",{"micros":1,"calls":[]},"clean_ready",{"micros":0,"calls":[]}]}]}] (Session ID: 3b251a2690e329cecf55cf3e9232fd69).
2022-10-11 01:38:13,036 INFO: 目前登入身份：神奇海螺#3847
2022-10-11 01:56:22,138 INFO: Timed out receiving packet. Attempting a reconnect.
2022-10-11 01:56:22,139 INFO: Got a request to RESUME the websocket.
2022-10-11 01:56:53,900 INFO: Shard ID None has sent the RESUME payload.
2022-10-11 01:56:53,981 INFO: Shard ID None has successfully RESUMED session 3b251a2690e329cecf55cf3e9232fd69 under trace ["gateway-prd-us-east1-b-2tvh",{"micros":527,"calls":["id_created",{"micros":0,"calls":[]},"session_lookup_time",{"micros":262,"calls":[]},"session_lookup_finished",{"micros":10,"calls":[]},"discord-sessions-green-prd-2-64",{"micros":17}]}].
2022-10-11 03:05:57,600 INFO: Websocket closed with 1006, attempting a reconnect.
2022-10-11 03:05:57,600 INFO: Got a request to RESUME the websocket.
2022-10-11 03:05:57,820 INFO: Shard ID None has sent the RESUME payload.
2022-10-11 03:05:57,902 INFO: Shard ID None has successfully RESUMED session 3b251a2690e329cecf55cf3e9232fd69 under trace ["gateway-prd-us-east1-c-2cp1",{"micros":744,"calls":["id_created",{"micros":0,"calls":[]},"session_lookup_time",{"micros":317,"calls":[]},"session_lookup_finished",{"micros":22,"calls":[]},"discord-sessions-green-prd-2-64",{"micros":24}]}].
2022-10-11 04:35:03,817 INFO: Got a request to RESUME the websocket.
2022-10-11 04:35:04,018 INFO: Shard ID None has sent the RESUME payload.
2022-10-11 04:35:04,097 INFO: Shard ID None has successfully RESUMED session 3b251a2690e329cecf55cf3e9232fd69 under trace ["gateway-prd-us-east1-b-qkt5",{"micros":778,"calls":["id_created",{"micros":0,"calls":[]},"session_lookup_time",{"micros":312,"calls":[]},"session_lookup_finished",{"micros":9,"calls":[]},"discord-sessions-green-prd-2-64",{"micros":17}]}].
2022-10-11 04:58:06,725 INFO: Got a request to RESUME the websocket.
2022-10-11 04:58:06,912 INFO: Shard ID None has sent the RESUME payload.
2022-10-11 04:58:06,993 INFO: Shard ID None has successfully RESUMED session 3b251a2690e329cecf55cf3e9232fd69 under trace ["gateway-prd-us-east1-c-333z",{"micros":386,"calls":["id_created",{"micros":0,"calls":[]},"session_lookup_time",{"micros":188,"calls":[]},"session_lookup_finished",{"micros":16,"calls":[]},"discord-sessions-green-prd-2-64",{"micros":18}]}].
2022-10-11 08:06:06,144 INFO: Got a request to RESUME the websocket.
2022-10-11 08:06:06,325 INFO: Shard ID None has sent the RESUME payload.
2022-10-11 08:06:06,406 INFO: Shard ID None has successfully RESUMED session 3b251a2690e329cecf55cf3e9232fd69 under trace ["gateway-prd-us-east1-b-cxfw",{"micros":597,"calls":["id_created",{"micros":0,"calls":[]},"session_lookup_time",{"micros":266,"calls":[]},"session_lookup_finished",{"micros":9,"calls":[]},"discord-sessions-green-prd-2-64",{"micros":16}]}].
2022-10-11 10:30:37,286 INFO: Websocket closed with 1006, attempting a reconnect.
2022-10-11 10:30:37,286 INFO: Got a request to RESUME the websocket.
2022-10-11 10:30:37,541 INFO: Shard ID None has sent the RESUME payload.
2022-10-11 10:30:37,625 INFO: Shard ID None has successfully RESUMED session 3b251a2690e329cecf55cf3e9232fd69 under trace ["gateway-prd-us-east1-b-psgw",{"micros":524,"calls":["id_created",{"micros":0,"calls":[]},"session_lookup_time",{"micros":252,"calls":[]},"session_lookup_finished",{"micros":13,"calls":[]},"discord-sessions-green-prd-2-64",{"micros":21}]}].
2022-10-11 11:30:27,158 INFO: Got a request to RESUME the websocket.
2022-10-11 11:30:27,334 INFO: Shard ID None has sent the RESUME payload.
2022-10-11 11:30:27,415 INFO: Shard ID None has successfully RESUMED session 3b251a2690e329cecf55cf3e9232fd69 under trace ["gateway-prd-us-east1-b-njvp",{"micros":828,"calls":["id_created",{"micros":0,"calls":[]},"session_lookup_time",{"micros":424,"calls":[]},"session_lookup_finished",{"micros":16,"calls":[]},"discord-sessions-green-prd-2-64",{"micros":19}]}].
2022-10-11 12:24:42,687 INFO: Websocket closed with 1006, attempting a reconnect.
2022-10-11 12:24:42,688 INFO: Got a request to RESUME the websocket.
2022-10-11 12:24:42,861 INFO: Shard ID None has sent the RESUME payload.
2022-10-11 12:24:42,942 INFO: Shard ID None has successfully RESUMED session 3b251a2690e329cecf55cf3e9232fd69 under trace ["gateway-prd-us-east1-c-4f47",{"micros":574,"calls":["id_created",{"micros":0,"calls":[]},"session_lookup_time",{"micros":256,"calls":[]},"session_lookup_finished",{"micros":11,"calls":[]},"discord-sessions-green-prd-2-64",{"micros":17}]}].
2022-10-11 12:37:01,554 INFO: Websocket closed with 1006, attempting a reconnect.
2022-10-11 12:37:01,554 INFO: Got a request to RESUME the websocket.
2022-10-11 12:37:01,723 INFO: Shard ID None has sent the RESUME payload.
2022-10-11 12:37:01,806 INFO: Shard ID None has successfully RESUMED session 3b251a2690e329cecf55cf3e9232fd69 under trace ["gateway-prd-us-east1-c-pgz0",{"micros":932,"calls":["id_created",{"micros":0,"calls":[]},"session_lookup_time",{"micros":593,"calls":[]},"session_lookup_finished",{"micros":13,"calls":[]},"discord-sessions-green-prd-2-64",{"micros":19}]}].
2022-10-11 12:57:09,129 INFO: Websocket closed with 1006, attempting a reconnect.
2022-10-11 12:57:09,130 INFO: Got a request to RESUME the websocket.
2022-10-11 12:57:09,309 INFO: Shard ID None has sent the RESUME payload.
2022-10-11 12:57:09,392 INFO: Shard ID None has successfully RESUMED session 3b251a2690e329cecf55cf3e9232fd69 under trace ["gateway-prd-us-east1-b-ccv4",{"micros":1337,"calls":["id_created",{"micros":0,"calls":[]},"session_lookup_time",{"micros":812,"calls":[]},"session_lookup_finished",{"micros":14,"calls":[]},"discord-sessions-green-prd-2-64",{"micros":26}]}].
2022-10-11 13:09:59,574 INFO: logging in using static token
2022-10-11 13:09:59,908 INFO: Shard ID None has sent the IDENTIFY payload.
2022-10-11 13:10:00,086 INFO: Shard ID None has connected to Gateway: ["gateway-prd-us-east1-b-0lm2",{"micros":94112,"calls":["id_created",{"micros":766,"calls":[]},"session_lookup_time",{"micros":407,"calls":[]},"session_lookup_finished",{"micros":24,"calls":[]},"discord-sessions-green-prd-2-147",{"micros":91674,"calls":["start_session",{"micros":64595,"calls":["discord-api-5c5c976f79-2tz65",{"micros":55551,"calls":["get_user",{"micros":16951},"get_guilds",{"micros":4066},"send_scheduled_deletion_message",{"micros":10},"guild_join_requests",{"micros":132},"authorized_ip_coro",{"micros":11}]}]},"starting_guild_connect",{"micros":51,"calls":[]},"presence_started",{"micros":6249,"calls":[]},"guilds_started",{"micros":188,"calls":[]},"guilds_connect",{"micros":1,"calls":[]},"presence_connect",{"micros":20552,"calls":[]},"connect_finished",{"micros":20557,"calls":[]},"build_ready",{"micros":30,"calls":[]},"optimize_ready",{"micros":1,"calls":[]},"split_ready",{"micros":0,"calls":[]},"clean_ready",{"micros":1,"calls":[]}]}]}] (Session ID: a19a3fa984a6a3ac62c60d659e732562).
2022-10-11 13:10:02,132 INFO: 目前登入身份：神奇海螺#3847
2022-10-11 14:09:05,301 INFO: MaiMai的Pool in 9又4分之8.7月台[123是什麼敷衍的名字]
2022-10-11 14:09:05,350 INFO: Connecting to voice...
2022-10-11 14:09:05,350 INFO: Starting voice handshake... (connection attempt 1)
2022-10-11 14:09:05,652 INFO: Voice handshake complete. Endpoint found hongkong2119.discord.media
2022-10-11 14:09:06,498 INFO: selected the voice protocol for use (xsalsa20_poly1305_lite)
2022-10-11 14:09:06,666 INFO: received secret key for voice connection
2022-10-11 14:09:09,483 INFO: Preparing to terminate ffmpeg process 242.
2022-10-11 14:09:09,485 INFO: ffmpeg process 242 successfully terminated with return code of 0.
2022-10-11 14:09:12,123 INFO: Preparing to terminate ffmpeg process 253.
2022-10-11 14:09:12,124 INFO: ffmpeg process 253 successfully terminated with return code of 0.
2022-10-11 14:09:13,128 INFO: The voice handshake is being terminated for Channel ID 728631391809437746 (Guild ID 428109526550708234)
2022-10-11 14:09:13,129 INFO: Disconnecting from voice normally, close code 1000.
2022-10-11 14:09:20,961 INFO: Lexor in 9又4分之8.7月台[123是什麼敷衍的名字]
2022-10-11 14:09:21,009 INFO: Connecting to voice...
2022-10-11 14:09:21,009 INFO: Starting voice handshake... (connection attempt 1)
2022-10-11 14:09:21,324 INFO: Voice handshake complete. Endpoint found hongkong2119.discord.media
2022-10-11 14:09:22,170 INFO: selected the voice protocol for use (xsalsa20_poly1305_lite)
2022-10-11 14:09:22,337 INFO: received secret key for voice connection
2022-10-11 14:09:24,727 INFO: Preparing to terminate ffmpeg process 264.
2022-10-11 14:09:24,727 INFO: ffmpeg process 264 successfully terminated with return code of 0.
2022-10-11 14:09:27,427 INFO: Preparing to terminate ffmpeg process 274.
2022-10-11 14:09:27,428 INFO: ffmpeg process 274 successfully terminated with return code of 0.
2022-10-11 14:09:28,474 INFO: The voice handshake is being terminated for Channel ID 728631391809437746 (Guild ID 428109526550708234)
2022-10-11 14:09:28,475 INFO: Disconnecting from voice normally, close code 1000.
2022-10-11 14:23:05,125 INFO: 貓嗷嗚飄飄大仙 in 9又4分之8.7月台[123是什麼敷衍的名字]
2022-10-11 14:23:05,218 INFO: Connecting to voice...
2022-10-11 14:23:05,218 INFO: Starting voice handshake... (connection attempt 1)
2022-10-11 14:23:05,511 INFO: Voice handshake complete. Endpoint found hongkong2119.discord.media
2022-10-11 14:23:06,359 INFO: selected the voice protocol for use (xsalsa20_poly1305_lite)
2022-10-11 14:23:06,526 INFO: received secret key for voice connection
2022-10-11 14:23:09,259 INFO: Preparing to terminate ffmpeg process 305.
2022-10-11 14:23:09,259 INFO: ffmpeg process 305 successfully terminated with return code of 0.
2022-10-11 14:23:11,908 INFO: Preparing to terminate ffmpeg process 315.
2022-10-11 14:23:11,909 INFO: ffmpeg process 315 successfully terminated with return code of 0.
2022-10-11 14:23:12,978 INFO: The voice handshake is being terminated for Channel ID 728631391809437746 (Guild ID 428109526550708234)
2022-10-11 14:23:12,979 INFO: Disconnecting from voice normally, close code 1000.
2022-10-11 14:42:15,248 INFO: Chi in 9又4分之8.7月台[123是什麼敷衍的名字]
2022-10-11 14:42:15,363 INFO: Connecting to voice...
2022-10-11 14:42:15,363 INFO: Starting voice handshake... (connection attempt 1)
2022-10-11 14:42:15,651 INFO: Voice handshake complete. Endpoint found hongkong2119.discord.media
2022-10-11 14:42:16,498 INFO: selected the voice protocol for use (xsalsa20_poly1305_lite)
2022-10-11 14:42:16,665 INFO: received secret key for voice connection
2022-10-11 14:42:18,337 INFO: Preparing to terminate ffmpeg process 344.
2022-10-11 14:42:18,337 INFO: ffmpeg process 344 successfully terminated with return code of 0.
2022-10-11 14:42:20,452 INFO: Preparing to terminate ffmpeg process 354.
2022-10-11 14:42:20,454 INFO: ffmpeg process 354 successfully terminated with return code of 0.
2022-10-11 14:42:21,496 INFO: The voice handshake is being terminated for Channel ID 728631391809437746 (Guild ID 428109526550708234)
2022-10-11 14:42:21,497 INFO: Disconnecting from voice normally, close code 1000.
2022-10-11 14:59:55,104 INFO: wawa的n in 9又4分之8.7月台[123是什麼敷衍的名字]
2022-10-11 14:59:55,153 INFO: Connecting to voice...
2022-10-11 14:59:55,153 INFO: Starting voice handshake... (connection attempt 1)
2022-10-11 14:59:55,446 INFO: Voice handshake complete. Endpoint found hongkong2119.discord.media
2022-10-11 14:59:56,304 INFO: selected the voice protocol for use (xsalsa20_poly1305_lite)
2022-10-11 14:59:56,478 INFO: received secret key for voice connection
2022-10-11 14:59:59,150 INFO: Preparing to terminate ffmpeg process 401.
2022-10-11 14:59:59,151 INFO: ffmpeg process 401 successfully terminated with return code of 0.
2022-10-11 15:00:01,191 INFO: Preparing to terminate ffmpeg process 411.
2022-10-11 15:00:01,192 INFO: ffmpeg process 411 successfully terminated with return code of 0.
2022-10-11 15:00:02,214 INFO: The voice handshake is being terminated for Channel ID 728631391809437746 (Guild ID 428109526550708234)
2022-10-11 15:00:02,215 INFO: Disconnecting from voice normally, close code 1000.
2022-10-11 15:09:55,814 INFO: KyrieR in 9又4分之8.7月台[123是什麼敷衍的名字]
2022-10-11 15:09:55,912 INFO: Connecting to voice...
2022-10-11 15:09:55,912 INFO: Starting voice handshake... (connection attempt 1)
2022-10-11 15:09:56,204 INFO: Voice handshake complete. Endpoint found hongkong2119.discord.media
2022-10-11 15:09:57,084 INFO: selected the voice protocol for use (xsalsa20_poly1305_lite)
2022-10-11 15:09:57,266 INFO: received secret key for voice connection
2022-10-11 15:09:59,355 INFO: Preparing to terminate ffmpeg process 440.
2022-10-11 15:09:59,356 INFO: ffmpeg process 440 successfully terminated with return code of 0.
2022-10-11 15:10:02,137 INFO: Preparing to terminate ffmpeg process 450.
2022-10-11 15:10:02,138 INFO: ffmpeg process 450 successfully terminated with return code of 0.
2022-10-11 15:10:03,208 INFO: The voice handshake is being terminated for Channel ID 728631391809437746 (Guild ID 428109526550708234)
2022-10-11 15:10:03,209 INFO: Disconnecting from voice normally, close code 1000.
2022-10-11 15:17:30,309 INFO: MaiMai的Pool in 9又4分之8.7月台[打不出幹話就講出來啊]
2022-10-11 15:17:30,402 INFO: Connecting to voice...
2022-10-11 15:17:30,403 INFO: Starting voice handshake... (connection attempt 1)
2022-10-11 15:17:30,721 INFO: Voice handshake complete. Endpoint found hongkong4252.discord.media
2022-10-11 15:17:31,588 INFO: selected the voice protocol for use (xsalsa20_poly1305_lite)
2022-10-11 15:17:31,769 INFO: received secret key for voice connection
2022-10-11 15:17:32,502 INFO: MaiMai的Pool in 9又4分之8.7月台[123是什麼敷衍的名字]
2022-10-11 15:17:33,440 INFO: Lexor in 9又4分之8.7月台[打不出幹話就講出來啊]
2022-10-11 15:17:34,059 INFO: Preparing to terminate ffmpeg process 461.
2022-10-11 15:17:34,060 INFO: ffmpeg process 461 successfully terminated with return code of 0.
2022-10-11 15:17:35,674 INFO: wawa的n in 9又4分之8.7月台[打不出幹話就講出來啊]
2022-10-11 15:17:36,740 INFO: Preparing to terminate ffmpeg process 471.
2022-10-11 15:17:36,741 INFO: ffmpeg process 471 successfully terminated with return code of 0.
2022-10-11 15:17:37,844 INFO: MaiMai的Pool in 9又4分之8.7月台[打不出幹話就講出來啊]
2022-10-11 15:17:37,892 INFO: The voice handshake is being terminated for Channel ID 428109526550708238 (Guild ID 428109526550708234)
2022-10-11 15:17:37,893 INFO: Connecting to voice...
2022-10-11 15:17:37,893 INFO: Starting voice handshake... (connection attempt 1)
2022-10-11 15:17:37,893 INFO: Disconnecting from voice normally, close code 1000.
2022-10-11 15:17:38,205 INFO: Voice handshake complete. Endpoint found hongkong2119.discord.media
2022-10-11 15:17:39,063 INFO: selected the voice protocol for use (xsalsa20_poly1305_lite)
2022-10-11 15:17:39,235 INFO: received secret key for voice connection
2022-10-11 15:17:41,524 INFO: Preparing to terminate ffmpeg process 482.
2022-10-11 15:17:41,525 INFO: ffmpeg process 482 successfully terminated with return code of 0.
2022-10-11 15:17:44,378 INFO: Preparing to terminate ffmpeg process 492.
2022-10-11 15:17:44,379 INFO: ffmpeg process 492 successfully terminated with return code of 0.
2022-10-11 15:17:45,466 INFO: The voice handshake is being terminated for Channel ID 728631391809437746 (Guild ID 428109526550708234)
2022-10-11 15:17:45,467 INFO: Connecting to voice...
2022-10-11 15:17:45,467 INFO: Starting voice handshake... (connection attempt 1)
2022-10-11 15:17:45,467 INFO: Disconnecting from voice normally, close code 1000.
2022-10-11 15:17:45,782 INFO: Voice handshake complete. Endpoint found hongkong4252.discord.media
2022-10-11 15:17:46,629 INFO: selected the voice protocol for use (xsalsa20_poly1305_lite)
2022-10-11 15:17:46,806 INFO: received secret key for voice connection
2022-10-11 15:17:49,206 INFO: Preparing to terminate ffmpeg process 503.
2022-10-11 15:17:49,207 INFO: ffmpeg process 503 successfully terminated with return code of 0.
2022-10-11 15:17:51,304 INFO: Preparing to terminate ffmpeg process 513.
2022-10-11 15:17:51,304 INFO: ffmpeg process 513 successfully terminated with return code of 0.
2022-10-11 15:17:54,500 INFO: Preparing to terminate ffmpeg process 523.
2022-10-11 15:17:54,502 INFO: ffmpeg process 523 successfully terminated with return code of 0.
2022-10-11 15:17:56,721 INFO: Preparing to terminate ffmpeg process 533.
2022-10-11 15:17:56,722 INFO: ffmpeg process 533 successfully terminated with return code of 0.
2022-10-11 15:18:00,073 INFO: Preparing to terminate ffmpeg process 543.
2022-10-11 15:18:00,074 INFO: ffmpeg process 543 successfully terminated with return code of 0.
2022-10-11 15:18:02,099 INFO: Preparing to terminate ffmpeg process 553.
2022-10-11 15:18:02,100 INFO: ffmpeg process 553 successfully terminated with return code of 0.
2022-10-11 15:18:03,118 INFO: The voice handshake is being terminated for Channel ID 428109526550708238 (Guild ID 428109526550708234)
2022-10-11 15:18:03,119 INFO: Disconnecting from voice normally, close code 1000.
2022-10-11 15:38:45,805 INFO: Fiven-chung in 9又4分之8.7月台[123是什麼敷衍的名字]
2022-10-11 15:38:45,900 INFO: Connecting to voice...
2022-10-11 15:38:45,900 INFO: Starting voice handshake... (connection attempt 1)
2022-10-11 15:38:46,205 INFO: Voice handshake complete. Endpoint found hongkong2119.discord.media
2022-10-11 15:38:47,053 INFO: selected the voice protocol for use (xsalsa20_poly1305_lite)
2022-10-11 15:38:47,226 INFO: received secret key for voice connection
2022-10-11 15:38:49,098 INFO: Preparing to terminate ffmpeg process 599.
2022-10-11 15:38:49,098 INFO: ffmpeg process 599 successfully terminated with return code of 0.
2022-10-11 15:38:51,411 INFO: Preparing to terminate ffmpeg process 609.
2022-10-11 15:38:51,412 INFO: ffmpeg process 609 successfully terminated with return code of 0.
2022-10-11 15:38:52,460 INFO: The voice handshake is being terminated for Channel ID 728631391809437746 (Guild ID 428109526550708234)
2022-10-11 15:38:52,461 INFO: Disconnecting from voice normally, close code 1000.
2022-10-11 15:47:29,730 INFO: Got a request to RESUME the websocket.
2022-10-11 15:47:29,928 INFO: Shard ID None has sent the RESUME payload.
2022-10-11 15:47:30,017 INFO: Shard ID None has successfully RESUMED session a19a3fa984a6a3ac62c60d659e732562 under trace ["gateway-prd-us-east1-b-g3f3",{"micros":804,"calls":["id_created",{"micros":0,"calls":[]},"session_lookup_time",{"micros":409,"calls":[]},"session_lookup_finished",{"micros":13,"calls":[]},"discord-sessions-green-prd-2-147",{"micros":25}]}].
2022-10-11 15:53:28,526 INFO: wawa的n out 9又4分之8.7月台[打不出幹話就講出來啊]
2022-10-11 15:53:28,527 INFO: Connecting to voice...
2022-10-11 15:53:28,527 INFO: Starting voice handshake... (connection attempt 1)
2022-10-11 15:53:28,886 INFO: Voice handshake complete. Endpoint found hongkong4252.discord.media
2022-10-11 15:53:29,734 INFO: selected the voice protocol for use (xsalsa20_poly1305_lite)
2022-10-11 15:53:29,904 INFO: received secret key for voice connection
2022-10-11 15:53:31,894 INFO: Preparing to terminate ffmpeg process 655.
2022-10-11 15:53:31,895 INFO: ffmpeg process 655 successfully terminated with return code of 0.
2022-10-11 15:53:32,923 INFO: The voice handshake is being terminated for Channel ID 428109526550708238 (Guild ID 428109526550708234)
2022-10-11 15:53:32,924 INFO: Disconnecting from voice normally, close code 1000.
2022-10-11 15:53:38,914 INFO: MaiMai的Pool out 9又4分之8.7月台[打不出幹話就講出來啊]
2022-10-11 15:53:38,914 INFO: Connecting to voice...
2022-10-11 15:53:38,915 INFO: Starting voice handshake... (connection attempt 1)
2022-10-11 15:53:39,271 INFO: Voice handshake complete. Endpoint found hongkong4252.discord.media
2022-10-11 15:53:40,157 INFO: selected the voice protocol for use (xsalsa20_poly1305_lite)
2022-10-11 15:53:40,333 INFO: received secret key for voice connection
2022-10-11 15:53:42,443 INFO: Preparing to terminate ffmpeg process 666.
2022-10-11 15:53:42,444 INFO: ffmpeg process 666 successfully terminated with return code of 0.
2022-10-11 15:53:43,450 INFO: The voice handshake is being terminated for Channel ID 428109526550708238 (Guild ID 428109526550708234)
2022-10-11 15:53:43,450 INFO: Disconnecting from voice normally, close code 1000.
2022-10-11 15:53:46,338 INFO: Lexor in 9又4分之8.7月台[123是什麼敷衍的名字]
2022-10-11 15:53:46,384 INFO: Connecting to voice...
2022-10-11 15:53:46,384 INFO: Starting voice handshake... (connection attempt 1)
2022-10-11 15:53:46,701 INFO: Voice handshake complete. Endpoint found hongkong2119.discord.media
2022-10-11 15:53:47,541 INFO: selected the voice protocol for use (xsalsa20_poly1305_lite)
2022-10-11 15:53:47,710 INFO: received secret key for voice connection
2022-10-11 15:53:49,588 INFO: Preparing to terminate ffmpeg process 677.
2022-10-11 15:53:49,588 INFO: ffmpeg process 677 successfully terminated with return code of 0.
2022-10-11 15:53:51,704 INFO: Preparing to terminate ffmpeg process 687.
2022-10-11 15:53:51,705 INFO: ffmpeg process 687 successfully terminated with return code of 0.
2022-10-11 15:53:52,748 INFO: The voice handshake is being terminated for Channel ID 728631391809437746 (Guild ID 428109526550708234)
2022-10-11 15:53:52,749 INFO: Disconnecting from voice normally, close code 1000.
2022-10-11 16:04:17,452 INFO: Lexor out 9又4分之8.7月台[123是什麼敷衍的名字]
2022-10-11 16:04:17,452 INFO: Connecting to voice...
2022-10-11 16:04:17,452 INFO: Starting voice handshake... (connection attempt 1)
2022-10-11 16:04:17,750 INFO: Voice handshake complete. Endpoint found hongkong2119.discord.media
2022-10-11 16:04:18,602 INFO: selected the voice protocol for use (xsalsa20_poly1305_lite)
2022-10-11 16:04:18,774 INFO: received secret key for voice connection
2022-10-11 16:04:20,462 INFO: Preparing to terminate ffmpeg process 715.
2022-10-11 16:04:20,462 INFO: ffmpeg process 715 successfully terminated with return code of 0.
2022-10-11 16:04:21,488 INFO: The voice handshake is being terminated for Channel ID 728631391809437746 (Guild ID 428109526550708234)
2022-10-11 16:04:21,488 INFO: Disconnecting from voice normally, close code 1000.
2022-10-11 16:45:05,688 INFO: Chi out 9又4分之8.7月台[123是什麼敷衍的名字]
2022-10-11 16:45:05,688 INFO: Connecting to voice...
2022-10-11 16:45:05,688 INFO: Starting voice handshake... (connection attempt 1)
2022-10-11 16:45:05,982 INFO: Voice handshake complete. Endpoint found hongkong2119.discord.media
2022-10-11 16:45:06,836 INFO: selected the voice protocol for use (xsalsa20_poly1305_lite)
2022-10-11 16:45:07,015 INFO: received secret key for voice connection
2022-10-11 16:45:08,584 INFO: Preparing to terminate ffmpeg process 800.
2022-10-11 16:45:08,585 INFO: ffmpeg process 800 successfully terminated with return code of 0.
2022-10-11 16:45:09,632 INFO: The voice handshake is being terminated for Channel ID 728631391809437746 (Guild ID 428109526550708234)
2022-10-11 16:45:09,633 INFO: Disconnecting from voice normally, close code 1000.
2022-10-11 16:45:16,996 INFO: Fiven-chung out 9又4分之8.7月台[123是什麼敷衍的名字]
2022-10-11 16:45:16,997 INFO: Connecting to voice...
2022-10-11 16:45:16,997 INFO: Starting voice handshake... (connection attempt 1)
2022-10-11 16:45:17,339 INFO: Voice handshake complete. Endpoint found hongkong2119.discord.media
2022-10-11 16:45:18,182 INFO: selected the voice protocol for use (xsalsa20_poly1305_lite)
2022-10-11 16:45:18,349 INFO: received secret key for voice connection
2022-10-11 16:45:20,282 INFO: Preparing to terminate ffmpeg process 811.
2022-10-11 16:45:20,283 INFO: ffmpeg process 811 successfully terminated with return code of 0.
2022-10-11 16:45:21,370 INFO: The voice handshake is being terminated for Channel ID 728631391809437746 (Guild ID 428109526550708234)
2022-10-11 16:45:21,371 INFO: Disconnecting from voice normally, close code 1000.
2022-10-11 16:46:43,240 INFO: KyrieR out 9又4分之8.7月台[123是什麼敷衍的名字]
2022-10-11 16:46:43,241 INFO: Connecting to voice...
2022-10-11 16:46:43,241 INFO: Starting voice handshake... (connection attempt 1)
2022-10-11 16:46:43,532 INFO: Voice handshake complete. Endpoint found hongkong2119.discord.media
2022-10-11 16:46:44,377 INFO: selected the voice protocol for use (xsalsa20_poly1305_lite)
2022-10-11 16:46:44,545 INFO: received secret key for voice connection
2022-10-11 16:46:46,368 INFO: Preparing to terminate ffmpeg process 822.
2022-10-11 16:46:46,369 INFO: ffmpeg process 822 successfully terminated with return code of 0.
2022-10-11 16:46:47,373 INFO: The voice handshake is being terminated for Channel ID 728631391809437746 (Guild ID 428109526550708234)
2022-10-11 16:46:47,374 INFO: Disconnecting from voice normally, close code 1000.
2022-10-11 16:47:22,510 INFO: 貓嗷嗚飄飄大仙 out 9又4分之8.7月台[123是什麼敷衍的名字]
2022-10-11 16:47:22,510 INFO: Connecting to voice...
2022-10-11 16:47:22,510 INFO: Starting voice handshake... (connection attempt 1)
2022-10-11 16:47:22,675 INFO: Voice handshake complete. Endpoint found oregon10000.discord.media
2022-10-11 16:47:22,791 INFO: selected the voice protocol for use (xsalsa20_poly1305_lite)
2022-10-11 16:47:22,814 INFO: received secret key for voice connection
2022-10-11 16:47:25,390 INFO: Preparing to terminate ffmpeg process 833.
2022-10-11 16:47:25,391 INFO: ffmpeg process 833 successfully terminated with return code of 0.
2022-10-11 16:47:26,460 INFO: The voice handshake is being terminated for Channel ID 728631391809437746 (Guild ID 428109526550708234)
2022-10-11 16:47:26,461 INFO: Disconnecting from voice normally, close code 1000.
2022-10-11 18:24:42,643 INFO: Got a request to RESUME the websocket.
2022-10-11 18:24:42,846 INFO: Shard ID None has sent the RESUME payload.
2022-10-11 18:24:42,929 INFO: Shard ID None has successfully RESUMED session a19a3fa984a6a3ac62c60d659e732562 under trace ["gateway-prd-us-east1-b-j168",{"micros":598,"calls":["id_created",{"micros":0,"calls":[]},"session_lookup_time",{"micros":299,"calls":[]},"session_lookup_finished",{"micros":8,"calls":[]},"discord-sessions-green-prd-2-147",{"micros":18}]}].
2022-10-11 18:42:59,540 INFO: Got a request to RESUME the websocket.
2022-10-11 18:42:59,735 INFO: Shard ID None has sent the RESUME payload.
2022-10-11 18:42:59,822 INFO: Shard ID None has successfully RESUMED session a19a3fa984a6a3ac62c60d659e732562 under trace ["gateway-prd-us-east1-b-w477",{"micros":3519,"calls":["id_created",{"micros":0,"calls":[]},"session_lookup_time",{"micros":1571,"calls":[]},"session_lookup_finished",{"micros":15,"calls":[]},"discord-sessions-green-prd-2-147",{"micros":21}]}].
2022-10-11 21:11:00,167 INFO: Websocket closed with 1006, attempting a reconnect.
2022-10-11 21:11:00,168 INFO: Got a request to RESUME the websocket.
2022-10-11 21:11:00,369 INFO: Shard ID None has sent the RESUME payload.
2022-10-11 21:11:00,456 INFO: Shard ID None has successfully RESUMED session a19a3fa984a6a3ac62c60d659e732562 under trace ["gateway-prd-us-east1-b-3h7r",{"micros":2210,"calls":["id_created",{"micros":0,"calls":[]},"session_lookup_time",{"micros":1872,"calls":[]},"session_lookup_finished",{"micros":10,"calls":[]},"discord-sessions-green-prd-2-147",{"micros":29}]}].
