2022-05-17 21:08:08,464 INFO: logging in using static token
2022-05-17 21:08:08,746 INFO: Shard ID None has sent the IDENTIFY payload.
2022-05-17 21:08:08,863 INFO: Shard ID None has connected to Gateway: ["gateway-prd-main-9d8q",{"micros":77118,"calls":["discord-sessions-blue-prd-2-12",{"micros":76158,"calls":["start_session",{"micros":66748,"calls":["discord-api-9d679b75c-2zv9g",{"micros":59452,"calls":["get_user",{"micros":15457},"add_authorized_ip",{"micros":3288},"get_guilds",{"micros":8482},"coros_wait",{"micros":1}]}]},"guilds_connect",{"micros":30,"calls":[]},"presence_connect",{"micros":2,"calls":[]}]}]}] (Session ID: f0a87326855862d9cc19c0ce6b6cfab4).
2022-05-17 21:08:10,932 INFO: 目前登入身份：神奇海螺#3847
2022-05-17 23:24:27,808 INFO: logging in using static token
2022-05-17 23:24:28,124 INFO: Shard ID None has sent the IDENTIFY payload.
2022-05-17 23:24:28,246 INFO: Shard ID None has connected to Gateway: ["gateway-prd-main-d4fn",{"micros":84486,"calls":["discord-sessions-blue-prd-2-58",{"micros":83764,"calls":["start_session",{"micros":54019,"calls":["discord-api-5d48b47757-t4l5g",{"micros":49406,"calls":["get_user",{"micros":10302},"add_authorized_ip",{"micros":1530},"get_guilds",{"micros":5831},"coros_wait",{"micros":2}]}]},"guilds_connect",{"micros":26,"calls":[]},"presence_connect",{"micros":8393,"calls":[]}]}]}] (Session ID: c18109b4f030b92673786baf3dacb1bb).
2022-05-17 23:24:30,294 INFO: 目前登入身份：神奇海螺#3847
2022-05-18 03:56:08,335 INFO: logging in using static token
2022-05-18 03:56:08,594 INFO: Shard ID None has sent the IDENTIFY payload.
2022-05-18 03:56:08,710 INFO: Shard ID None has connected to Gateway: ["gateway-prd-main-x2lj",{"micros":77409,"calls":["discord-sessions-blue-prd-2-156",{"micros":76561,"calls":["start_session",{"micros":46285,"calls":["discord-api-7c647b6d46-xg74p",{"micros":42790,"calls":["get_user",{"micros":10900},"add_authorized_ip",{"micros":6056},"get_guilds",{"micros":4266},"coros_wait",{"micros":1}]}]},"guilds_connect",{"micros":22,"calls":[]},"presence_connect",{"micros":2,"calls":[]}]}]}] (Session ID: 1aa3337dea707d15e73b1eb08e4186fe).
2022-05-18 03:56:10,776 INFO: 目前登入身份：神奇海螺#3847
2022-05-18 11:28:36,077 INFO: logging in using static token
2022-05-18 11:28:36,321 INFO: Shard ID None has sent the IDENTIFY payload.
2022-05-18 11:28:36,470 INFO: Shard ID None has connected to Gateway: ["gateway-prd-main-q0s0",{"micros":109931,"calls":["discord-sessions-blue-prd-2-157",{"micros":109223,"calls":["start_session",{"micros":48429,"calls":["discord-api-7c647b6d46-r8c6r",{"micros":39052,"calls":["get_user",{"micros":8354},"add_authorized_ip",{"micros":1814},"get_guilds",{"micros":5357},"coros_wait",{"micros":2}]}]},"guilds_connect",{"micros":2,"calls":[]},"presence_connect",{"micros":16488,"calls":[]}]}]}] (Session ID: 83d1e394d98325dd62e14889616afbce).
2022-05-18 11:28:38,551 INFO: 目前登入身份：神奇海螺#3847
2022-05-18 14:00:09,018 INFO: logging in using static token
2022-05-18 14:00:09,335 INFO: Shard ID None has sent the IDENTIFY payload.
2022-05-18 14:00:09,544 INFO: Shard ID None has connected to Gateway: ["gateway-prd-main-36n3",{"micros":172531,"calls":["discord-sessions-blue-prd-2-77",{"micros":157917,"calls":["start_session",{"micros":132209,"calls":["discord-api-7c647b6d46-m8ljh",{"micros":119430,"calls":["get_user",{"micros":13903},"add_authorized_ip",{"micros":16560},"get_guilds",{"micros":20777},"coros_wait",{"micros":1}]}]},"guilds_connect",{"micros":2,"calls":[]},"presence_connect",{"micros":19204,"calls":[]}]}]}] (Session ID: 052be38aa07ead2228e743e68575959c).
2022-05-18 14:00:11,593 INFO: 目前登入身份：神奇海螺#3847
2022-05-18 14:04:50,050 INFO: BunnyplayGG in 9又4分之8.7月台[123是什麼敷衍的名字]
2022-05-18 14:04:50,125 INFO: Connecting to voice...
2022-05-18 14:04:50,125 INFO: Starting voice handshake... (connection attempt 1)
2022-05-18 14:04:50,798 INFO: Voice handshake complete. Endpoint found japan5680.discord.media
2022-05-18 14:04:51,799 INFO: selected the voice protocol for use (xsalsa20_poly1305_lite)
2022-05-18 14:04:51,985 INFO: received secret key for voice connection
2022-05-18 14:04:54,395 INFO: Preparing to terminate ffmpeg process 144.
2022-05-18 14:04:54,396 INFO: ffmpeg process 144 successfully terminated with return code of 0.
2022-05-18 14:04:56,708 INFO: Preparing to terminate ffmpeg process 155.
2022-05-18 14:04:56,708 INFO: ffmpeg process 155 successfully terminated with return code of 0.
2022-05-18 14:04:57,733 INFO: The voice handshake is being terminated for Channel ID 728631391809437746 (Guild ID 428109526550708234)
2022-05-18 14:04:57,734 INFO: Disconnecting from voice normally, close code 1000.
2022-05-18 14:18:34,776 INFO: logging in using static token
2022-05-18 14:18:35,060 INFO: Shard ID None has sent the IDENTIFY payload.
2022-05-18 14:18:35,183 INFO: Shard ID None has connected to Gateway: ["gateway-prd-main-n9xv",{"micros":81523,"calls":["discord-sessions-blue-prd-2-144",{"micros":80549,"calls":["start_session",{"micros":38121,"calls":["discord-api-7c647b6d46-qvtmd",{"micros":33812,"calls":["get_user",{"micros":6279},"add_authorized_ip",{"micros":1561},"get_guilds",{"micros":4990},"coros_wait",{"micros":1}]}]},"guilds_connect",{"micros":2,"calls":[]},"presence_connect",{"micros":1,"calls":[]}]}]}] (Session ID: 5c8f746f8ef8809dd2e56ab27157b638).
2022-05-18 14:18:37,232 INFO: 目前登入身份：神奇海螺#3847
