2022-11-30 16:44:33,976 INFO: logging in using static token
2022-11-30 16:44:34,666 INFO: Shard ID None has connected to Gateway (Session ID: e24e9a45ccc0ef7937766e7262f6b85e).
2022-11-30 16:44:36,673 INFO: 目前登入身份：神奇海螺#3847
2022-11-30 19:09:38,935 INFO: Shard ID None has successfully RESUMED session e24e9a45ccc0ef7937766e7262f6b85e.
2022-11-30 22:14:09,157 INFO: Shard ID None has successfully RESUMED session e24e9a45ccc0ef7937766e7262f6b85e.
2022-12-01 01:50:18,427 INFO: Shard ID None has successfully RESUMED session e24e9a45ccc0ef7937766e7262f6b85e.
2022-12-01 02:43:10,288 INFO: logging in using static token
2022-12-01 02:43:10,840 INFO: Shard ID None has connected to Gateway (Session ID: 5e72105d2909e779686cdcac0908b694).
2022-12-01 02:43:12,859 INFO: 目前登入身份：神奇海螺#3847
2022-12-01 03:33:17,871 INFO: Shard ID None has successfully RESUMED session 5e72105d2909e779686cdcac0908b694.
2022-12-01 04:07:57,677 INFO: logging in using static token
2022-12-01 04:07:58,431 INFO: Shard ID None has connected to Gateway (Session ID: 958e07e761e98cc8a35f6894ad4e591e).
2022-12-01 04:08:00,435 INFO: 目前登入身份：神奇海螺#3847
2022-12-01 05:49:03,308 INFO: Shard ID None has successfully RESUMED session 958e07e761e98cc8a35f6894ad4e591e.
2022-12-01 08:21:23,882 INFO: Shard ID None has successfully RESUMED session 958e07e761e98cc8a35f6894ad4e591e.
2022-12-01 08:49:13,575 INFO: Shard ID None has successfully RESUMED session 958e07e761e98cc8a35f6894ad4e591e.
2022-12-01 09:57:57,697 INFO: Shard ID None has successfully RESUMED session 958e07e761e98cc8a35f6894ad4e591e.
2022-12-01 10:37:00,326 INFO: WeIrdnA in 9又4分之8.7月台[123是什麼敷衍的名字]
2022-12-01 10:37:00,394 INFO: Connecting to voice...
2022-12-01 10:37:00,398 INFO: Starting voice handshake... (connection attempt 1)
2022-12-01 10:37:00,713 INFO: Voice handshake complete. Endpoint found hongkong7234.discord.media
2022-12-01 10:37:02,741 INFO: WeIrdnA out 9又4分之8.7月台[123是什麼敷衍的名字]
2022-12-01 10:37:04,506 INFO: ffmpeg process 806 successfully terminated with return code of 0.
2022-12-01 10:37:06,950 INFO: WeIrdnA in 9又4分之8.7月台[打不出幹話就講出來啊]
2022-12-01 10:37:07,057 INFO: ffmpeg process 817 successfully terminated with return code of 0.
2022-12-01 10:37:09,601 INFO: WeIrdnA out 9又4分之8.7月台[打不出幹話就講出來啊]
2022-12-01 10:37:10,188 INFO: ffmpeg process 827 successfully terminated with return code of 0.
2022-12-01 10:37:11,206 INFO: The voice handshake is being terminated for Channel ID 728631391809437746 (Guild ID 428109526550708234)
2022-12-01 10:37:11,207 INFO: Connecting to voice...
2022-12-01 10:37:11,207 INFO: Starting voice handshake... (connection attempt 1)
2022-12-01 10:37:11,208 INFO: Disconnecting from voice normally, close code 1000.
2022-12-01 10:37:11,426 INFO: Voice handshake complete. Endpoint found oregon10002.discord.media
2022-12-01 10:37:14,267 INFO: ffmpeg process 838 successfully terminated with return code of 0.
2022-12-01 10:37:16,931 INFO: ffmpeg process 848 successfully terminated with return code of 0.
2022-12-01 10:37:20,003 INFO: ffmpeg process 858 successfully terminated with return code of 0.
2022-12-01 10:37:21,091 INFO: The voice handshake is being terminated for Channel ID 428109526550708238 (Guild ID 428109526550708234)
2022-12-01 10:37:21,092 INFO: Disconnecting from voice normally, close code 1000.
2022-12-01 11:18:21,720 INFO: Shard ID None has successfully RESUMED session 958e07e761e98cc8a35f6894ad4e591e.
2022-12-01 12:43:30,384 INFO: KyrieR in 9又4分之8.7月台[123是什麼敷衍的名字]
2022-12-01 12:43:30,479 INFO: Connecting to voice...
2022-12-01 12:43:30,479 INFO: Starting voice handshake... (connection attempt 1)
2022-12-01 12:43:30,773 INFO: Voice handshake complete. Endpoint found hongkong2591.discord.media
2022-12-01 12:43:33,863 INFO: ffmpeg process 1068 successfully terminated with return code of 0.
2022-12-01 12:43:36,037 INFO: ffmpeg process 1078 successfully terminated with return code of 0.
2022-12-01 12:43:37,102 INFO: The voice handshake is being terminated for Channel ID 728631391809437746 (Guild ID 428109526550708234)
2022-12-01 12:43:37,103 INFO: Disconnecting from voice normally, close code 1000.
2022-12-01 12:46:02,146 INFO: WeIrdnA in 9又4分之8.7月台[123是什麼敷衍的名字]
2022-12-01 12:46:02,238 INFO: Connecting to voice...
2022-12-01 12:46:02,238 INFO: Starting voice handshake... (connection attempt 1)
2022-12-01 12:46:02,540 INFO: Voice handshake complete. Endpoint found hongkong2591.discord.media
2022-12-01 12:46:04,311 INFO: WeIrdnA out 9又4分之8.7月台[123是什麼敷衍的名字]
2022-12-01 12:46:06,314 INFO: ffmpeg process 1089 successfully terminated with return code of 0.
2022-12-01 12:46:08,379 INFO: ffmpeg process 1099 successfully terminated with return code of 0.
2022-12-01 12:46:11,448 INFO: ffmpeg process 1109 successfully terminated with return code of 0.
2022-12-01 12:46:12,534 INFO: The voice handshake is being terminated for Channel ID 728631391809437746 (Guild ID 428109526550708234)
2022-12-01 12:46:12,535 INFO: Disconnecting from voice normally, close code 1000.
2022-12-01 12:55:55,775 INFO: 神奇海螺 in 9又4分之8.7月台[123是什麼敷衍的名字]
2022-12-01 12:55:55,868 INFO: Connecting to voice...
2022-12-01 12:55:55,869 INFO: Starting voice handshake... (connection attempt 1)
2022-12-01 12:55:56,184 INFO: Voice handshake complete. Endpoint found hongkong2591.discord.media
2022-12-01 12:55:59,535 INFO: ffmpeg process 1138 successfully terminated with return code of 0.
2022-12-01 12:56:07,991 INFO: ffmpeg process 1148 successfully terminated with return code of 0.
2022-12-01 12:56:09,042 INFO: The voice handshake is being terminated for Channel ID 728631391809437746 (Guild ID 428109526550708234)
2022-12-01 12:56:09,043 INFO: Disconnecting from voice normally, close code 1000.
2022-12-01 13:14:47,688 INFO: Chi in 9又4分之8.7月台[123是什麼敷衍的名字]
2022-12-01 13:14:47,799 INFO: Connecting to voice...
2022-12-01 13:14:47,799 INFO: Starting voice handshake... (connection attempt 1)
2022-12-01 13:14:48,109 INFO: Voice handshake complete. Endpoint found hongkong2591.discord.media
2022-12-01 13:14:50,781 INFO: ffmpeg process 1178 successfully terminated with return code of 0.
2022-12-01 13:14:53,117 INFO: ffmpeg process 1188 successfully terminated with return code of 0.
2022-12-01 13:14:54,150 INFO: The voice handshake is being terminated for Channel ID 728631391809437746 (Guild ID 428109526550708234)
2022-12-01 13:14:54,150 INFO: Disconnecting from voice normally, close code 1000.
2022-12-01 13:31:40,729 INFO: 貓嗷嗚飄飄大仙 in 9又4分之8.7月台[123是什麼敷衍的名字]
2022-12-01 13:31:40,776 INFO: Connecting to voice...
2022-12-01 13:31:40,777 INFO: Starting voice handshake... (connection attempt 1)
2022-12-01 13:31:41,083 INFO: Voice handshake complete. Endpoint found hongkong2591.discord.media
2022-12-01 13:31:44,824 INFO: ffmpeg process 1235 successfully terminated with return code of 0.
2022-12-01 13:31:47,342 INFO: ffmpeg process 1245 successfully terminated with return code of 0.
2022-12-01 13:31:48,427 INFO: The voice handshake is being terminated for Channel ID 728631391809437746 (Guild ID 428109526550708234)
2022-12-01 13:31:48,427 INFO: Disconnecting from voice normally, close code 1000.
2022-12-01 13:42:42,041 INFO: WeIrdnA in 9又4分之8.7月台[123是什麼敷衍的名字]
2022-12-01 13:42:42,136 INFO: Connecting to voice...
2022-12-01 13:42:42,136 INFO: Starting voice handshake... (connection attempt 1)
2022-12-01 13:42:42,440 INFO: Voice handshake complete. Endpoint found hongkong2591.discord.media
2022-12-01 13:42:46,179 INFO: ffmpeg process 1273 successfully terminated with return code of 0.
2022-12-01 13:42:48,543 INFO: ffmpeg process 1283 successfully terminated with return code of 0.
2022-12-01 13:42:49,594 INFO: The voice handshake is being terminated for Channel ID 728631391809437746 (Guild ID 428109526550708234)
2022-12-01 13:42:49,595 INFO: Disconnecting from voice normally, close code 1000.
2022-12-01 14:06:13,091 INFO: BunnyplayGG in 9又4分之8.7月台[123是什麼敷衍的名字]
2022-12-01 14:06:13,327 INFO: Connecting to voice...
2022-12-01 14:06:13,327 INFO: Starting voice handshake... (connection attempt 1)
2022-12-01 14:06:13,620 INFO: Voice handshake complete. Endpoint found hongkong2591.discord.media
2022-12-01 14:06:16,492 INFO: ffmpeg process 1349 successfully terminated with return code of 0.
2022-12-01 14:06:18,695 INFO: ffmpeg process 1359 successfully terminated with return code of 0.
2022-12-01 14:06:19,761 INFO: The voice handshake is being terminated for Channel ID 728631391809437746 (Guild ID 428109526550708234)
2022-12-01 14:06:19,762 INFO: Disconnecting from voice normally, close code 1000.
2022-12-01 14:22:12,941 INFO: louiskkk28 in 9又4分之8.7月台[123是什麼敷衍的名字]
2022-12-01 14:22:13,037 WARNING: 'zh-tw' has been deprecated, falling back to 'zh-TW'. This fallback will be removed in a future version.
2022-12-01 14:22:14,150 INFO: Connecting to voice...
2022-12-01 14:22:14,155 INFO: Starting voice handshake... (connection attempt 1)
2022-12-01 14:22:14,483 INFO: Voice handshake complete. Endpoint found hongkong2591.discord.media
2022-12-01 14:22:17,997 INFO: ffmpeg process 1417 successfully terminated with return code of 0.
2022-12-01 14:22:20,067 INFO: ffmpeg process 1427 successfully terminated with return code of 0.
2022-12-01 14:22:21,089 INFO: The voice handshake is being terminated for Channel ID 728631391809437746 (Guild ID 428109526550708234)
2022-12-01 14:22:21,090 INFO: Disconnecting from voice normally, close code 1000.
2022-12-01 14:38:26,329 INFO: Shard ID None has successfully RESUMED session 958e07e761e98cc8a35f6894ad4e591e.
2022-12-01 14:40:15,888 INFO: SparkleZ in 9又4分之8.7月台[123是什麼敷衍的名字]
2022-12-01 14:40:15,987 INFO: Connecting to voice...
2022-12-01 14:40:15,987 INFO: Starting voice handshake... (connection attempt 1)
2022-12-01 14:40:16,306 INFO: Voice handshake complete. Endpoint found hongkong2591.discord.media
2022-12-01 14:40:19,298 INFO: ffmpeg process 1474 successfully terminated with return code of 0.
2022-12-01 14:40:21,999 INFO: ffmpeg process 1484 successfully terminated with return code of 0.
2022-12-01 14:40:23,068 INFO: The voice handshake is being terminated for Channel ID 728631391809437746 (Guild ID 428109526550708234)
2022-12-01 14:40:23,069 INFO: Disconnecting from voice normally, close code 1000.
2022-12-01 14:41:29,331 INFO: Fiven-chung in 9又4分之8.7月台[123是什麼敷衍的名字]
2022-12-01 14:41:29,509 INFO: Connecting to voice...
2022-12-01 14:41:29,509 INFO: Starting voice handshake... (connection attempt 1)
2022-12-01 14:41:29,808 INFO: Voice handshake complete. Endpoint found hongkong2591.discord.media
2022-12-01 14:41:32,721 INFO: ffmpeg process 1495 successfully terminated with return code of 0.
2022-12-01 14:41:34,734 INFO: ffmpeg process 1505 successfully terminated with return code of 0.
2022-12-01 14:41:35,783 INFO: The voice handshake is being terminated for Channel ID 728631391809437746 (Guild ID 428109526550708234)
2022-12-01 14:41:35,784 INFO: Disconnecting from voice normally, close code 1000.
2022-12-01 14:43:49,359 INFO: MaiMai的Pool in 9又4分之8.7月台[123是什麼敷衍的名字]
2022-12-01 14:43:49,454 INFO: Connecting to voice...
2022-12-01 14:43:49,454 INFO: Starting voice handshake... (connection attempt 1)
2022-12-01 14:43:49,761 INFO: Voice handshake complete. Endpoint found hongkong2591.discord.media
2022-12-01 14:43:53,584 INFO: ffmpeg process 1516 successfully terminated with return code of 0.
2022-12-01 14:43:55,721 INFO: ffmpeg process 1526 successfully terminated with return code of 0.
2022-12-01 14:43:56,724 INFO: The voice handshake is being terminated for Channel ID 728631391809437746 (Guild ID 428109526550708234)
2022-12-01 14:43:56,724 INFO: Disconnecting from voice normally, close code 1000.
2022-12-01 14:54:08,946 INFO: wawa的n in 9又4分之8.7月台[123是什麼敷衍的名字]
2022-12-01 14:54:09,127 INFO: Connecting to voice...
2022-12-01 14:54:09,127 INFO: Starting voice handshake... (connection attempt 1)
2022-12-01 14:54:09,435 INFO: Voice handshake complete. Endpoint found hongkong2591.discord.media
2022-12-01 14:54:13,119 INFO: ffmpeg process 1555 successfully terminated with return code of 0.
2022-12-01 14:54:15,160 INFO: ffmpeg process 1565 successfully terminated with return code of 0.
2022-12-01 14:54:16,184 INFO: The voice handshake is being terminated for Channel ID 728631391809437746 (Guild ID 428109526550708234)
2022-12-01 14:54:16,185 INFO: Disconnecting from voice normally, close code 1000.
2022-12-01 14:54:39,059 INFO: wawa的n out 9又4分之8.7月台[123是什麼敷衍的名字]
2022-12-01 14:54:39,060 INFO: Connecting to voice...
2022-12-01 14:54:39,060 INFO: Starting voice handshake... (connection attempt 1)
2022-12-01 14:54:39,428 INFO: Voice handshake complete. Endpoint found hongkong2591.discord.media
2022-12-01 14:54:42,435 INFO: ffmpeg process 1576 successfully terminated with return code of 0.
2022-12-01 14:54:43,465 INFO: The voice handshake is being terminated for Channel ID 728631391809437746 (Guild ID 428109526550708234)
2022-12-01 14:54:43,465 INFO: Disconnecting from voice normally, close code 1000.
2022-12-01 14:54:44,477 INFO: wawa的n in 9又4分之8.7月台[123是什麼敷衍的名字]
2022-12-01 14:54:44,524 INFO: Connecting to voice...
2022-12-01 14:54:44,524 INFO: Starting voice handshake... (connection attempt 1)
2022-12-01 14:54:44,843 INFO: Voice handshake complete. Endpoint found hongkong2591.discord.media
2022-12-01 14:54:47,983 INFO: ffmpeg process 1587 successfully terminated with return code of 0.
2022-12-01 14:54:50,619 INFO: ffmpeg process 1597 successfully terminated with return code of 0.
2022-12-01 14:54:51,668 INFO: The voice handshake is being terminated for Channel ID 728631391809437746 (Guild ID 428109526550708234)
2022-12-01 14:54:51,669 INFO: Disconnecting from voice normally, close code 1000.
2022-12-01 14:55:35,487 INFO: KyrieR out 9又4分之8.7月台[123是什麼敷衍的名字]
2022-12-01 14:55:35,488 INFO: Connecting to voice...
2022-12-01 14:55:35,488 INFO: Starting voice handshake... (connection attempt 1)
2022-12-01 14:55:35,848 INFO: Voice handshake complete. Endpoint found hongkong2591.discord.media
2022-12-01 14:55:38,703 INFO: ffmpeg process 1608 successfully terminated with return code of 0.
2022-12-01 14:55:39,710 INFO: The voice handshake is being terminated for Channel ID 728631391809437746 (Guild ID 428109526550708234)
2022-12-01 14:55:39,711 INFO: Disconnecting from voice normally, close code 1000.
2022-12-01 14:55:39,832 INFO: KyrieR in 9又4分之8.7月台[123是什麼敷衍的名字]
2022-12-01 14:55:39,932 INFO: Connecting to voice...
2022-12-01 14:55:39,933 INFO: Starting voice handshake... (connection attempt 1)
2022-12-01 14:55:40,395 INFO: Voice handshake complete. Endpoint found hongkong2591.discord.media
2022-12-01 14:55:44,029 INFO: ffmpeg process 1619 successfully terminated with return code of 0.
2022-12-01 14:55:46,188 INFO: ffmpeg process 1629 successfully terminated with return code of 0.
2022-12-01 14:55:47,251 INFO: The voice handshake is being terminated for Channel ID 728631391809437746 (Guild ID 428109526550708234)
2022-12-01 14:55:47,251 INFO: Disconnecting from voice normally, close code 1000.
2022-12-01 15:02:13,660 INFO: TenFur in 9又4分之8.7月台[123是什麼敷衍的名字]
2022-12-01 15:02:13,753 WARNING: 'zh-tw' has been deprecated, falling back to 'zh-TW'. This fallback will be removed in a future version.
2022-12-01 15:02:14,473 INFO: Connecting to voice...
2022-12-01 15:02:14,474 INFO: Starting voice handshake... (connection attempt 1)
2022-12-01 15:02:14,771 INFO: Voice handshake complete. Endpoint found hongkong2591.discord.media
2022-12-01 15:02:17,830 INFO: ffmpeg process 1686 successfully terminated with return code of 0.
2022-12-01 15:02:20,705 INFO: ffmpeg process 1696 successfully terminated with return code of 0.
2022-12-01 15:02:21,755 INFO: The voice handshake is being terminated for Channel ID 728631391809437746 (Guild ID 428109526550708234)
2022-12-01 15:02:21,756 INFO: Disconnecting from voice normally, close code 1000.
2022-12-01 15:08:08,680 INFO: TenFur out 9又4分之8.7月台[123是什麼敷衍的名字]
2022-12-01 15:08:09,633 INFO: Connecting to voice...
2022-12-01 15:08:09,633 INFO: Starting voice handshake... (connection attempt 1)
2022-12-01 15:08:09,951 INFO: Voice handshake complete. Endpoint found hongkong2591.discord.media
2022-12-01 15:08:12,805 INFO: ffmpeg process 1754 successfully terminated with return code of 0.
2022-12-01 15:08:13,895 INFO: The voice handshake is being terminated for Channel ID 728631391809437746 (Guild ID 428109526550708234)
2022-12-01 15:08:13,904 INFO: Disconnecting from voice normally, close code 1000.
2022-12-01 16:08:02,692 INFO: louiskkk28 out 9又4分之8.7月台[123是什麼敷衍的名字]
2022-12-01 16:08:02,693 INFO: Connecting to voice...
2022-12-01 16:08:02,693 INFO: Starting voice handshake... (connection attempt 1)
2022-12-01 16:08:03,059 INFO: Voice handshake complete. Endpoint found hongkong2591.discord.media
2022-12-01 16:08:07,911 INFO: ffmpeg process 1857 successfully terminated with return code of 0.
2022-12-01 16:08:08,947 INFO: The voice handshake is being terminated for Channel ID 728631391809437746 (Guild ID 428109526550708234)
2022-12-01 16:08:08,948 INFO: Disconnecting from voice normally, close code 1000.
2022-12-01 16:25:54,621 INFO: wawa的n out 9又4分之8.7月台[123是什麼敷衍的名字]
2022-12-01 16:25:54,621 INFO: Connecting to voice...
2022-12-01 16:25:54,622 INFO: Starting voice handshake... (connection attempt 1)
2022-12-01 16:25:54,934 INFO: Voice handshake complete. Endpoint found hongkong2591.discord.media
2022-12-01 16:25:55,135 INFO: MaiMai的Pool out 9又4分之8.7月台[123是什麼敷衍的名字]
2022-12-01 16:25:57,979 INFO: ffmpeg process 1885 successfully terminated with return code of 0.
2022-12-01 16:26:01,119 INFO: ffmpeg process 1895 successfully terminated with return code of 0.
2022-12-01 16:26:02,129 INFO: The voice handshake is being terminated for Channel ID 728631391809437746 (Guild ID 428109526550708234)
2022-12-01 16:26:02,130 INFO: Disconnecting from voice normally, close code 1000.
2022-12-01 16:27:25,627 INFO: vincentchao in 9又4分之8.7月台[123是什麼敷衍的名字]
2022-12-01 16:27:25,725 INFO: Connecting to voice...
2022-12-01 16:27:25,726 INFO: Starting voice handshake... (connection attempt 1)
2022-12-01 16:27:26,624 INFO: Voice handshake complete. Endpoint found hongkong2591.discord.media
2022-12-01 16:27:30,388 INFO: ffmpeg process 1906 successfully terminated with return code of 0.
2022-12-01 16:27:33,145 INFO: ffmpeg process 1916 successfully terminated with return code of 0.
2022-12-01 16:27:34,211 INFO: The voice handshake is being terminated for Channel ID 728631391809437746 (Guild ID 428109526550708234)
2022-12-01 16:27:34,212 INFO: Disconnecting from voice normally, close code 1000.
2022-12-01 16:28:08,333 INFO: BunnyplayGG out 9又4分之8.7月台[123是什麼敷衍的名字]
2022-12-01 16:28:08,334 INFO: Connecting to voice...
2022-12-01 16:28:08,334 INFO: Starting voice handshake... (connection attempt 1)
2022-12-01 16:28:08,697 INFO: Voice handshake complete. Endpoint found hongkong2591.discord.media
2022-12-01 16:28:12,090 INFO: ffmpeg process 1927 successfully terminated with return code of 0.
2022-12-01 16:28:13,147 INFO: The voice handshake is being terminated for Channel ID 728631391809437746 (Guild ID 428109526550708234)
2022-12-01 16:28:13,148 INFO: Disconnecting from voice normally, close code 1000.
2022-12-01 16:30:04,889 INFO: Fiven-chung out 9又4分之8.7月台[123是什麼敷衍的名字]
2022-12-01 16:30:04,890 INFO: Connecting to voice...
2022-12-01 16:30:04,890 INFO: Starting voice handshake... (connection attempt 1)
2022-12-01 16:30:05,198 INFO: Voice handshake complete. Endpoint found hongkong2591.discord.media
2022-12-01 16:30:08,194 INFO: ffmpeg process 1938 successfully terminated with return code of 0.
2022-12-01 16:30:09,283 INFO: The voice handshake is being terminated for Channel ID 728631391809437746 (Guild ID 428109526550708234)
2022-12-01 16:30:09,284 INFO: Disconnecting from voice normally, close code 1000.
2022-12-01 16:31:34,359 INFO: KyrieR out 9又4分之8.7月台[123是什麼敷衍的名字]
2022-12-01 16:31:34,360 INFO: Connecting to voice...
2022-12-01 16:31:34,360 INFO: Starting voice handshake... (connection attempt 1)
2022-12-01 16:31:34,674 INFO: Voice handshake complete. Endpoint found hongkong2591.discord.media
2022-12-01 16:31:37,500 INFO: ffmpeg process 1949 successfully terminated with return code of 0.
2022-12-01 16:31:38,511 INFO: The voice handshake is being terminated for Channel ID 728631391809437746 (Guild ID 428109526550708234)
2022-12-01 16:31:38,512 INFO: Disconnecting from voice normally, close code 1000.
2022-12-01 16:31:38,798 INFO: KyrieR in 9又4分之8.7月台[123是什麼敷衍的名字]
2022-12-01 16:31:38,899 INFO: Connecting to voice...
2022-12-01 16:31:38,899 INFO: Starting voice handshake... (connection attempt 1)
2022-12-01 16:31:39,242 INFO: Voice handshake complete. Endpoint found hongkong2591.discord.media
2022-12-01 16:31:42,887 INFO: ffmpeg process 1960 successfully terminated with return code of 0.
2022-12-01 16:31:45,051 INFO: ffmpeg process 1970 successfully terminated with return code of 0.
2022-12-01 16:31:46,120 INFO: The voice handshake is being terminated for Channel ID 728631391809437746 (Guild ID 428109526550708234)
2022-12-01 16:31:46,121 INFO: Disconnecting from voice normally, close code 1000.
2022-12-01 16:33:46,204 INFO: SparkleZ out 9又4分之8.7月台[123是什麼敷衍的名字]
2022-12-01 16:33:46,204 INFO: Connecting to voice...
2022-12-01 16:33:46,204 INFO: Starting voice handshake... (connection attempt 1)
2022-12-01 16:33:46,516 INFO: Voice handshake complete. Endpoint found hongkong2591.discord.media
2022-12-01 16:33:49,516 INFO: ffmpeg process 1981 successfully terminated with return code of 0.
2022-12-01 16:33:50,549 INFO: The voice handshake is being terminated for Channel ID 728631391809437746 (Guild ID 428109526550708234)
2022-12-01 16:33:50,551 INFO: Disconnecting from voice normally, close code 1000.
2022-12-01 16:58:04,433 INFO: vincentchao out 9又4分之8.7月台[123是什麼敷衍的名字]
2022-12-01 16:58:04,433 INFO: Connecting to voice...
2022-12-01 16:58:04,433 INFO: Starting voice handshake... (connection attempt 1)
2022-12-01 16:58:04,752 INFO: Voice handshake complete. Endpoint found hongkong2591.discord.media
2022-12-01 16:58:07,120 INFO: Shard ID None has successfully RESUMED session 958e07e761e98cc8a35f6894ad4e591e.
2022-12-01 16:58:07,836 INFO: ffmpeg process 2045 successfully terminated with return code of 0.
2022-12-01 16:58:08,848 INFO: The voice handshake is being terminated for Channel ID 728631391809437746 (Guild ID 428109526550708234)
2022-12-01 16:58:08,849 INFO: Disconnecting from voice normally, close code 1000.
2022-12-01 16:58:14,182 INFO: WeIrdnA out 9又4分之8.7月台[123是什麼敷衍的名字]
2022-12-01 16:58:14,183 INFO: Connecting to voice...
2022-12-01 16:58:14,183 INFO: Starting voice handshake... (connection attempt 1)
2022-12-01 16:58:14,562 INFO: Voice handshake complete. Endpoint found hongkong2591.discord.media
2022-12-01 16:58:17,613 INFO: ffmpeg process 2057 successfully terminated with return code of 0.
2022-12-01 16:58:18,709 INFO: The voice handshake is being terminated for Channel ID 728631391809437746 (Guild ID 428109526550708234)
2022-12-01 16:58:18,710 INFO: Disconnecting from voice normally, close code 1000.
2022-12-01 17:00:29,141 INFO: Chi out 9又4分之8.7月台[123是什麼敷衍的名字]
2022-12-01 17:00:29,141 INFO: Connecting to voice...
2022-12-01 17:00:29,142 INFO: Starting voice handshake... (connection attempt 1)
2022-12-01 17:00:29,439 INFO: Voice handshake complete. Endpoint found hongkong2591.discord.media
2022-12-01 17:00:32,069 INFO: ffmpeg process 2086 successfully terminated with return code of 0.
2022-12-01 17:00:33,117 INFO: The voice handshake is being terminated for Channel ID 728631391809437746 (Guild ID 428109526550708234)
2022-12-01 17:00:33,118 INFO: Disconnecting from voice normally, close code 1000.
2022-12-01 17:25:06,797 INFO: Shard ID None has successfully RESUMED session 958e07e761e98cc8a35f6894ad4e591e.
2022-12-01 17:36:34,579 INFO: KyrieR out 9又4分之8.7月台[123是什麼敷衍的名字]
2022-12-01 17:36:34,580 INFO: Connecting to voice...
2022-12-01 17:36:34,580 INFO: Starting voice handshake... (connection attempt 1)
2022-12-01 17:36:34,882 INFO: Voice handshake complete. Endpoint found hongkong2591.discord.media
2022-12-01 17:36:37,698 INFO: ffmpeg process 2151 successfully terminated with return code of 0.
2022-12-01 17:36:38,704 INFO: The voice handshake is being terminated for Channel ID 728631391809437746 (Guild ID 428109526550708234)
2022-12-01 17:36:38,705 INFO: Disconnecting from voice normally, close code 1000.
2022-12-01 17:48:21,701 INFO: 貓嗷嗚飄飄大仙 out 9又4分之8.7月台[123是什麼敷衍的名字]
2022-12-01 17:48:21,702 INFO: Connecting to voice...
2022-12-01 17:48:21,702 INFO: Starting voice handshake... (connection attempt 1)
2022-12-01 17:48:21,859 INFO: Voice handshake complete. Endpoint found oregon10002.discord.media
2022-12-01 17:48:25,348 INFO: ffmpeg process 2179 successfully terminated with return code of 0.
2022-12-01 17:48:28,962 INFO: ffmpeg process 2189 successfully terminated with return code of 0.
2022-12-01 17:48:30,033 INFO: The voice handshake is being terminated for Channel ID 728631391809437746 (Guild ID 428109526550708234)
2022-12-01 17:48:30,034 INFO: Disconnecting from voice normally, close code 1000.
2022-12-01 17:51:52,892 INFO: Shard ID None has successfully RESUMED session 958e07e761e98cc8a35f6894ad4e591e.
2022-12-01 18:41:45,317 INFO: Shard ID None has successfully RESUMED session 958e07e761e98cc8a35f6894ad4e591e.
2022-12-01 19:33:43,971 INFO: Shard ID None has successfully RESUMED session 958e07e761e98cc8a35f6894ad4e591e.
2022-12-01 19:56:08,714 INFO: Shard ID None has successfully RESUMED session 958e07e761e98cc8a35f6894ad4e591e.
2022-12-01 20:01:40,339 INFO: Shard ID None has successfully RESUMED session 958e07e761e98cc8a35f6894ad4e591e.
