2022-08-19 11:08:34,126 INFO: logging in using static token
2022-08-19 11:08:34,357 INFO: Shard ID None has sent the IDENTIFY payload.
2022-08-19 11:08:34,466 INFO: Shard ID None has connected to Gateway: ["gateway-prd-main-k97h",{"micros":83335,"calls":["id_created",{"micros":2109,"calls":[]},"session_lookup_time",{"micros":469,"calls":[]},"session_lookup_finished",{"micros":21,"calls":[]},"discord-sessions-blue-prd-2-35",{"micros":80255,"calls":["start_session",{"micros":45800,"calls":["discord-api-5fd4cf4758-khhqw",{"micros":41366,"calls":["get_user",{"micros":11361},"add_authorized_ip",{"micros":5605},"get_guilds",{"micros":3256},"send_scheduled_deleteion_message",{"micros":11},"guild_join_requests",{"micros":2}]}]},"starting_guild_connect",{"micros":35,"calls":[]},"presence_started",{"micros":280,"calls":[]},"guilds_started",{"micros":12236,"calls":[]},"guilds_connect",{"micros":2,"calls":[]},"presence_connect",{"micros":21890,"calls":[]},"connect_finished",{"micros":21896,"calls":[]},"build_ready",{"micros":4,"calls":[]},"optimize_ready",{"micros":1,"calls":[]},"split_ready",{"micros":0,"calls":[]},"clean_ready",{"micros":1,"calls":[]}]}]}] (Session ID: 84bc8f936664723987b76fa0deaf7e09).
2022-08-19 11:08:36,507 INFO: 目前登入身份：神奇海螺#3847
2022-08-19 13:59:31,542 INFO: BunnyplayGG in 9又4分之8.7月台[123是什麼敷衍的名字]
2022-08-19 13:59:31,691 INFO: Connecting to voice...
2022-08-19 13:59:31,692 INFO: Starting voice handshake... (connection attempt 1)
2022-08-19 13:59:31,958 INFO: Voice handshake complete. Endpoint found hongkong9666.discord.media
2022-08-19 13:59:33,147 INFO: selected the voice protocol for use (xsalsa20_poly1305_lite)
2022-08-19 13:59:33,379 INFO: received secret key for voice connection
2022-08-19 13:59:35,782 INFO: Preparing to terminate ffmpeg process 417.
2022-08-19 13:59:35,783 INFO: ffmpeg process 417 successfully terminated with return code of 0.
2022-08-19 13:59:37,280 INFO: Preparing to terminate ffmpeg process 428.
2022-08-19 13:59:37,281 INFO: ffmpeg process 428 successfully terminated with return code of 0.
2022-08-19 13:59:38,824 INFO: The voice handshake is being terminated for Channel ID 728631391809437746 (Guild ID 428109526550708234)
2022-08-19 13:59:38,825 INFO: Disconnecting from voice normally, close code 1000.
2022-08-19 14:00:39,374 INFO: Bananaa in 9又4分之8.7月台[123是什麼敷衍的名字]
2022-08-19 14:00:39,556 WARNING: 'zh-tw' has been deprecated, falling back to 'zh-TW'. This fallback will be removed in a future version.
2022-08-19 14:00:40,167 INFO: Connecting to voice...
2022-08-19 14:00:40,167 INFO: Starting voice handshake... (connection attempt 1)
2022-08-19 14:00:40,415 INFO: Voice handshake complete. Endpoint found hongkong9666.discord.media
2022-08-19 14:00:41,622 INFO: selected the voice protocol for use (xsalsa20_poly1305_lite)
2022-08-19 14:00:41,866 INFO: received secret key for voice connection
2022-08-19 14:00:43,755 INFO: Preparing to terminate ffmpeg process 468.
2022-08-19 14:00:43,756 INFO: ffmpeg process 468 successfully terminated with return code of 0.
2022-08-19 14:00:46,060 INFO: Preparing to terminate ffmpeg process 478.
2022-08-19 14:00:46,061 INFO: ffmpeg process 478 successfully terminated with return code of 0.
2022-08-19 14:00:47,105 INFO: The voice handshake is being terminated for Channel ID 728631391809437746 (Guild ID 428109526550708234)
2022-08-19 14:00:47,106 INFO: Disconnecting from voice normally, close code 1000.
2022-08-19 14:00:49,846 INFO: KyrieR in 9又4分之8.7月台[123是什麼敷衍的名字]
2022-08-19 14:00:49,923 INFO: Connecting to voice...
2022-08-19 14:00:49,923 INFO: Starting voice handshake... (connection attempt 1)
2022-08-19 14:00:50,233 INFO: Voice handshake complete. Endpoint found hongkong9666.discord.media
2022-08-19 14:00:51,448 INFO: selected the voice protocol for use (xsalsa20_poly1305_lite)
2022-08-19 14:00:51,694 INFO: received secret key for voice connection
2022-08-19 14:00:53,781 INFO: Preparing to terminate ffmpeg process 489.
2022-08-19 14:00:53,782 INFO: ffmpeg process 489 successfully terminated with return code of 0.
2022-08-19 14:00:55,916 INFO: Preparing to terminate ffmpeg process 499.
2022-08-19 14:00:55,917 INFO: ffmpeg process 499 successfully terminated with return code of 0.
2022-08-19 14:00:56,922 INFO: The voice handshake is being terminated for Channel ID 728631391809437746 (Guild ID 428109526550708234)
2022-08-19 14:00:56,923 INFO: Disconnecting from voice normally, close code 1000.
2022-08-19 14:04:57,382 INFO: 不偷家的飄飄大仙 in 9又4分之8.7月台[123是什麼敷衍的名字]
2022-08-19 14:04:57,499 INFO: Connecting to voice...
2022-08-19 14:04:57,499 INFO: Starting voice handshake... (connection attempt 1)
2022-08-19 14:04:57,729 INFO: Voice handshake complete. Endpoint found hongkong9666.discord.media
2022-08-19 14:04:59,007 INFO: selected the voice protocol for use (xsalsa20_poly1305_lite)
2022-08-19 14:04:59,249 INFO: received secret key for voice connection
2022-08-19 14:05:02,837 INFO: Preparing to terminate ffmpeg process 529.
2022-08-19 14:05:02,839 INFO: ffmpeg process 529 successfully terminated with return code of 0.
2022-08-19 14:05:06,247 INFO: Preparing to terminate ffmpeg process 539.
2022-08-19 14:05:06,248 INFO: ffmpeg process 539 successfully terminated with return code of 0.
2022-08-19 14:05:07,296 INFO: The voice handshake is being terminated for Channel ID 728631391809437746 (Guild ID 428109526550708234)
2022-08-19 14:05:07,297 INFO: Disconnecting from voice normally, close code 1000.
2022-08-19 14:05:08,633 INFO: Fiven-chung in 9又4分之8.7月台[123是什麼敷衍的名字]
2022-08-19 14:05:08,759 INFO: Connecting to voice...
2022-08-19 14:05:08,760 INFO: Starting voice handshake... (connection attempt 1)
2022-08-19 14:05:09,002 INFO: Voice handshake complete. Endpoint found hongkong9666.discord.media
2022-08-19 14:05:10,185 INFO: selected the voice protocol for use (xsalsa20_poly1305_lite)
2022-08-19 14:05:10,430 INFO: received secret key for voice connection
2022-08-19 14:05:12,819 INFO: Preparing to terminate ffmpeg process 550.
2022-08-19 14:05:12,820 INFO: ffmpeg process 550 successfully terminated with return code of 0.
2022-08-19 14:05:15,405 INFO: Preparing to terminate ffmpeg process 560.
2022-08-19 14:05:15,406 INFO: ffmpeg process 560 successfully terminated with return code of 0.
2022-08-19 14:05:16,473 INFO: The voice handshake is being terminated for Channel ID 728631391809437746 (Guild ID 428109526550708234)
2022-08-19 14:05:16,474 INFO: Disconnecting from voice normally, close code 1000.
2022-08-19 14:06:54,551 INFO: Bananaa out 9又4分之8.7月台[123是什麼敷衍的名字]
2022-08-19 14:06:55,098 INFO: Connecting to voice...
2022-08-19 14:06:55,098 INFO: Starting voice handshake... (connection attempt 1)
2022-08-19 14:06:57,017 INFO: Voice handshake complete. Endpoint found hongkong9666.discord.media
2022-08-19 14:06:58,230 INFO: selected the voice protocol for use (xsalsa20_poly1305_lite)
2022-08-19 14:06:58,470 INFO: received secret key for voice connection
2022-08-19 14:07:00,184 INFO: Preparing to terminate ffmpeg process 600.
2022-08-19 14:07:00,185 INFO: ffmpeg process 600 successfully terminated with return code of 0.
2022-08-19 14:07:01,192 INFO: The voice handshake is being terminated for Channel ID 728631391809437746 (Guild ID 428109526550708234)
2022-08-19 14:07:01,194 INFO: Disconnecting from voice normally, close code 1000.
2022-08-19 14:17:39,990 INFO: Got a request to RESUME the websocket.
2022-08-19 14:17:40,150 INFO: Shard ID None has sent the RESUME payload.
2022-08-19 14:17:40,174 INFO: Shard ID None has successfully RESUMED session 84bc8f936664723987b76fa0deaf7e09 under trace ["gateway-prd-main-sgwg",{"micros":745,"calls":["id_created",{"micros":0,"calls":[]},"session_lookup_time",{"micros":274,"calls":[]},"session_lookup_finished",{"micros":11,"calls":[]},"discord-sessions-blue-prd-2-35",{"micros":16}]}].
2022-08-19 14:25:52,273 INFO: MaiMai的Pool in 9又4分之8.7月台[打不出幹話就講出來啊]
2022-08-19 14:25:53,156 INFO: Connecting to voice...
2022-08-19 14:25:53,157 INFO: Starting voice handshake... (connection attempt 1)
2022-08-19 14:25:53,416 INFO: Voice handshake complete. Endpoint found hongkong854.discord.media
2022-08-19 14:25:54,628 INFO: selected the voice protocol for use (xsalsa20_poly1305_lite)
2022-08-19 14:25:54,888 INFO: received secret key for voice connection
2022-08-19 14:25:57,678 INFO: Preparing to terminate ffmpeg process 630.
2022-08-19 14:25:57,679 INFO: ffmpeg process 630 successfully terminated with return code of 0.
2022-08-19 14:25:59,815 INFO: Preparing to terminate ffmpeg process 640.
2022-08-19 14:25:59,816 INFO: ffmpeg process 640 successfully terminated with return code of 0.
2022-08-19 14:26:00,819 INFO: The voice handshake is being terminated for Channel ID 428109526550708238 (Guild ID 428109526550708234)
2022-08-19 14:26:00,820 INFO: Disconnecting from voice normally, close code 1000.
2022-08-19 14:27:00,093 INFO: DADA的DIAO in 9又4分之8.7月台[打不出幹話就講出來啊]
2022-08-19 14:27:00,178 INFO: Connecting to voice...
2022-08-19 14:27:00,178 INFO: Starting voice handshake... (connection attempt 1)
2022-08-19 14:27:00,450 INFO: Voice handshake complete. Endpoint found hongkong854.discord.media
2022-08-19 14:27:01,724 INFO: selected the voice protocol for use (xsalsa20_poly1305_lite)
2022-08-19 14:27:01,971 INFO: received secret key for voice connection
2022-08-19 14:27:03,168 INFO: wawa的n in 9又4分之8.7月台[打不出幹話就講出來啊]
2022-08-19 14:27:04,219 INFO: Preparing to terminate ffmpeg process 651.
2022-08-19 14:27:04,220 INFO: ffmpeg process 651 successfully terminated with return code of 0.
2022-08-19 14:27:07,280 INFO: Preparing to terminate ffmpeg process 661.
2022-08-19 14:27:07,281 INFO: ffmpeg process 661 successfully terminated with return code of 0.
2022-08-19 14:27:10,455 INFO: Preparing to terminate ffmpeg process 671.
2022-08-19 14:27:10,455 INFO: ffmpeg process 671 successfully terminated with return code of 0.
2022-08-19 14:27:12,811 INFO: Preparing to terminate ffmpeg process 681.
2022-08-19 14:27:12,813 INFO: ffmpeg process 681 successfully terminated with return code of 0.
2022-08-19 14:27:13,837 INFO: The voice handshake is being terminated for Channel ID 428109526550708238 (Guild ID 428109526550708234)
2022-08-19 14:27:13,838 INFO: Disconnecting from voice normally, close code 1000.
2022-08-19 14:35:25,764 INFO: WeIrdnA in 9又4分之8.7月台[打不出幹話就講出來啊]
2022-08-19 14:35:25,847 INFO: Connecting to voice...
2022-08-19 14:35:25,847 INFO: Starting voice handshake... (connection attempt 1)
2022-08-19 14:35:26,651 INFO: Voice handshake complete. Endpoint found hongkong854.discord.media
2022-08-19 14:35:27,847 INFO: selected the voice protocol for use (xsalsa20_poly1305_lite)
2022-08-19 14:35:28,090 INFO: received secret key for voice connection
2022-08-19 14:35:30,299 INFO: Preparing to terminate ffmpeg process 709.
2022-08-19 14:35:30,299 INFO: ffmpeg process 709 successfully terminated with return code of 0.
2022-08-19 14:35:33,135 INFO: Preparing to terminate ffmpeg process 719.
2022-08-19 14:35:33,136 INFO: ffmpeg process 719 successfully terminated with return code of 0.
2022-08-19 14:35:34,224 INFO: The voice handshake is being terminated for Channel ID 428109526550708238 (Guild ID 428109526550708234)
2022-08-19 14:35:34,224 INFO: Disconnecting from voice normally, close code 1000.
2022-08-19 14:43:52,625 INFO: wawa的n out 9又4分之8.7月台[打不出幹話就講出來啊]
2022-08-19 14:43:52,626 INFO: Connecting to voice...
2022-08-19 14:43:52,626 INFO: Starting voice handshake... (connection attempt 1)
2022-08-19 14:43:53,518 INFO: Voice handshake complete. Endpoint found hongkong854.discord.media
2022-08-19 14:43:54,731 INFO: selected the voice protocol for use (xsalsa20_poly1305_lite)
2022-08-19 14:43:54,974 INFO: received secret key for voice connection
2022-08-19 14:43:56,963 INFO: Preparing to terminate ffmpeg process 730.
2022-08-19 14:43:56,964 INFO: ffmpeg process 730 successfully terminated with return code of 0.
2022-08-19 14:43:57,992 INFO: The voice handshake is being terminated for Channel ID 428109526550708238 (Guild ID 428109526550708234)
2022-08-19 14:43:57,993 INFO: Disconnecting from voice normally, close code 1000.
2022-08-19 14:44:11,058 INFO: wawa的n in 9又4分之8.7月台[打不出幹話就講出來啊]
2022-08-19 14:44:11,126 INFO: Connecting to voice...
2022-08-19 14:44:11,126 INFO: Starting voice handshake... (connection attempt 1)
2022-08-19 14:44:11,428 INFO: Voice handshake complete. Endpoint found hongkong854.discord.media
2022-08-19 14:44:12,638 INFO: selected the voice protocol for use (xsalsa20_poly1305_lite)
2022-08-19 14:44:12,877 INFO: received secret key for voice connection
2022-08-19 14:44:15,545 INFO: Preparing to terminate ffmpeg process 760.
2022-08-19 14:44:15,546 INFO: ffmpeg process 760 successfully terminated with return code of 0.
2022-08-19 14:44:17,705 INFO: Preparing to terminate ffmpeg process 770.
2022-08-19 14:44:17,706 INFO: ffmpeg process 770 successfully terminated with return code of 0.
2022-08-19 14:44:18,708 INFO: The voice handshake is being terminated for Channel ID 428109526550708238 (Guild ID 428109526550708234)
2022-08-19 14:44:18,709 INFO: Disconnecting from voice normally, close code 1000.
2022-08-19 14:44:46,364 INFO: wawa的n out 9又4分之8.7月台[打不出幹話就講出來啊]
2022-08-19 14:44:46,365 INFO: Connecting to voice...
2022-08-19 14:44:46,365 INFO: Starting voice handshake... (connection attempt 1)
2022-08-19 14:44:46,675 INFO: Voice handshake complete. Endpoint found hongkong854.discord.media
2022-08-19 14:44:47,673 INFO: wawa的n in 9又4分之8.7月台[打不出幹話就講出來啊]
2022-08-19 14:44:47,976 INFO: selected the voice protocol for use (xsalsa20_poly1305_lite)
2022-08-19 14:44:48,219 INFO: received secret key for voice connection
2022-08-19 14:44:50,209 INFO: Preparing to terminate ffmpeg process 781.
2022-08-19 14:44:50,210 INFO: ffmpeg process 781 successfully terminated with return code of 0.
2022-08-19 14:44:53,389 INFO: Preparing to terminate ffmpeg process 791.
2022-08-19 14:44:53,390 INFO: ffmpeg process 791 successfully terminated with return code of 0.
2022-08-19 14:44:56,067 INFO: Preparing to terminate ffmpeg process 801.
2022-08-19 14:44:56,068 INFO: ffmpeg process 801 successfully terminated with return code of 0.
2022-08-19 14:44:57,077 INFO: The voice handshake is being terminated for Channel ID 428109526550708238 (Guild ID 428109526550708234)
2022-08-19 14:44:57,078 INFO: Disconnecting from voice normally, close code 1000.
2022-08-19 15:06:56,319 INFO: Lexor in 9又4分之8.7月台[打不出幹話就講出來啊]
2022-08-19 15:06:56,414 INFO: Connecting to voice...
2022-08-19 15:06:56,414 INFO: Starting voice handshake... (connection attempt 1)
2022-08-19 15:06:57,207 INFO: Voice handshake complete. Endpoint found hongkong854.discord.media
2022-08-19 15:06:58,436 INFO: selected the voice protocol for use (xsalsa20_poly1305_lite)
2022-08-19 15:06:58,679 INFO: received secret key for voice connection
2022-08-19 15:07:00,553 INFO: Preparing to terminate ffmpeg process 848.
2022-08-19 15:07:00,554 INFO: ffmpeg process 848 successfully terminated with return code of 0.
2022-08-19 15:07:03,154 INFO: Preparing to terminate ffmpeg process 858.
2022-08-19 15:07:03,156 INFO: ffmpeg process 858 successfully terminated with return code of 0.
2022-08-19 15:07:04,222 INFO: The voice handshake is being terminated for Channel ID 428109526550708238 (Guild ID 428109526550708234)
2022-08-19 15:07:04,223 INFO: Disconnecting from voice normally, close code 1000.
2022-08-19 16:18:57,326 INFO: SparkleZ in 9又4分之8.7月台[123是什麼敷衍的名字]
2022-08-19 16:18:57,452 INFO: Connecting to voice...
2022-08-19 16:18:57,452 INFO: Starting voice handshake... (connection attempt 1)
2022-08-19 16:18:58,222 INFO: Voice handshake complete. Endpoint found hongkong9666.discord.media
2022-08-19 16:18:59,425 INFO: selected the voice protocol for use (xsalsa20_poly1305_lite)
2022-08-19 16:18:59,665 INFO: received secret key for voice connection
2022-08-19 16:19:02,177 INFO: Preparing to terminate ffmpeg process 995.
2022-08-19 16:19:02,178 INFO: ffmpeg process 995 successfully terminated with return code of 0.
2022-08-19 16:19:04,361 INFO: Preparing to terminate ffmpeg process 1005.
2022-08-19 16:19:04,362 INFO: ffmpeg process 1005 successfully terminated with return code of 0.
2022-08-19 16:19:05,409 INFO: The voice handshake is being terminated for Channel ID 728631391809437746 (Guild ID 428109526550708234)
2022-08-19 16:19:05,410 INFO: Disconnecting from voice normally, close code 1000.
2022-08-19 16:26:29,818 INFO: Lexor out 9又4分之8.7月台[打不出幹話就講出來啊]
2022-08-19 16:26:29,819 INFO: Connecting to voice...
2022-08-19 16:26:29,819 INFO: Starting voice handshake... (connection attempt 1)
2022-08-19 16:26:30,219 INFO: MaiMai的Pool out 9又4分之8.7月台[打不出幹話就講出來啊]
2022-08-19 16:26:30,688 INFO: Voice handshake complete. Endpoint found hongkong854.discord.media
2022-08-19 16:26:31,890 INFO: selected the voice protocol for use (xsalsa20_poly1305_lite)
2022-08-19 16:26:32,131 INFO: received secret key for voice connection
2022-08-19 16:26:33,822 INFO: Preparing to terminate ffmpeg process 1016.
2022-08-19 16:26:33,823 INFO: ffmpeg process 1016 successfully terminated with return code of 0.
2022-08-19 16:26:36,959 INFO: Preparing to terminate ffmpeg process 1026.
2022-08-19 16:26:36,962 INFO: ffmpeg process 1026 successfully terminated with return code of 0.
2022-08-19 16:26:37,307 INFO: DADA的DIAO out 9又4分之8.7月台[打不出幹話就講出來啊]
2022-08-19 16:26:40,058 INFO: Preparing to terminate ffmpeg process 1036.
2022-08-19 16:26:40,059 INFO: ffmpeg process 1036 successfully terminated with return code of 0.
2022-08-19 16:26:40,790 INFO: wawa的n out 9又4分之8.7月台[打不出幹話就講出來啊]
2022-08-19 16:26:43,084 INFO: Preparing to terminate ffmpeg process 1046.
2022-08-19 16:26:43,085 INFO: ffmpeg process 1046 successfully terminated with return code of 0.
2022-08-19 16:26:44,113 INFO: The voice handshake is being terminated for Channel ID 428109526550708238 (Guild ID 428109526550708234)
2022-08-19 16:26:44,114 INFO: Disconnecting from voice normally, close code 1000.
2022-08-19 16:26:47,363 INFO: WeIrdnA out 9又4分之8.7月台[打不出幹話就講出來啊]
2022-08-19 16:26:47,364 INFO: Connecting to voice...
2022-08-19 16:26:47,364 INFO: Starting voice handshake... (connection attempt 1)
2022-08-19 16:26:47,445 INFO: Voice handshake complete. Endpoint found atlanta6620.discord.media
2022-08-19 16:26:47,565 INFO: selected the voice protocol for use (xsalsa20_poly1305_lite)
2022-08-19 16:26:47,584 INFO: received secret key for voice connection
2022-08-19 16:26:49,614 INFO: Preparing to terminate ffmpeg process 1057.
2022-08-19 16:26:49,615 INFO: ffmpeg process 1057 successfully terminated with return code of 0.
2022-08-19 16:26:50,707 INFO: The voice handshake is being terminated for Channel ID 428109526550708238 (Guild ID 428109526550708234)
2022-08-19 16:26:50,708 INFO: Disconnecting from voice normally, close code 1000.
2022-08-19 16:44:21,717 INFO: Got a request to RESUME the websocket.
2022-08-19 16:44:21,890 INFO: Shard ID None has sent the RESUME payload.
2022-08-19 16:44:21,930 INFO: Shard ID None has successfully RESUMED session 84bc8f936664723987b76fa0deaf7e09 under trace ["gateway-prd-main-f3n7",{"micros":755,"calls":["id_created",{"micros":0,"calls":[]},"session_lookup_time",{"micros":316,"calls":[]},"session_lookup_finished",{"micros":9,"calls":[]},"discord-sessions-blue-prd-2-35",{"micros":16}]}].
2022-08-19 16:50:01,475 INFO: BunnyplayGG out 9又4分之8.7月台[123是什麼敷衍的名字]
2022-08-19 16:50:01,476 INFO: Connecting to voice...
2022-08-19 16:50:01,476 INFO: Starting voice handshake... (connection attempt 1)
2022-08-19 16:50:02,356 INFO: Voice handshake complete. Endpoint found hongkong9666.discord.media
2022-08-19 16:50:03,580 INFO: selected the voice protocol for use (xsalsa20_poly1305_lite)
2022-08-19 16:50:03,823 INFO: received secret key for voice connection
2022-08-19 16:50:06,198 INFO: Preparing to terminate ffmpeg process 1104.
2022-08-19 16:50:06,199 INFO: ffmpeg process 1104 successfully terminated with return code of 0.
2022-08-19 16:50:07,251 INFO: The voice handshake is being terminated for Channel ID 728631391809437746 (Guild ID 428109526550708234)
2022-08-19 16:50:07,252 INFO: Disconnecting from voice normally, close code 1000.
2022-08-19 17:06:54,095 INFO: KyrieR out 9又4分之8.7月台[123是什麼敷衍的名字]
2022-08-19 17:06:54,095 INFO: Connecting to voice...
2022-08-19 17:06:54,096 INFO: Starting voice handshake... (connection attempt 1)
2022-08-19 17:06:54,956 INFO: Voice handshake complete. Endpoint found hongkong9666.discord.media
2022-08-19 17:06:56,205 INFO: selected the voice protocol for use (xsalsa20_poly1305_lite)
2022-08-19 17:06:56,452 INFO: received secret key for voice connection
2022-08-19 17:06:58,271 INFO: Preparing to terminate ffmpeg process 1134.
2022-08-19 17:06:58,273 INFO: ffmpeg process 1134 successfully terminated with return code of 0.
2022-08-19 17:06:59,282 INFO: The voice handshake is being terminated for Channel ID 728631391809437746 (Guild ID 428109526550708234)
2022-08-19 17:06:59,283 INFO: Disconnecting from voice normally, close code 1000.
2022-08-19 17:09:50,815 INFO: Fiven-chung out 9又4分之8.7月台[123是什麼敷衍的名字]
2022-08-19 17:09:50,816 INFO: Connecting to voice...
2022-08-19 17:09:50,816 INFO: Starting voice handshake... (connection attempt 1)
2022-08-19 17:09:51,686 INFO: Voice handshake complete. Endpoint found hongkong9666.discord.media
2022-08-19 17:09:52,964 INFO: selected the voice protocol for use (xsalsa20_poly1305_lite)
2022-08-19 17:09:53,221 INFO: received secret key for voice connection
2022-08-19 17:09:55,157 INFO: Preparing to terminate ffmpeg process 1145.
2022-08-19 17:09:55,160 INFO: ffmpeg process 1145 successfully terminated with return code of 0.
2022-08-19 17:09:56,251 INFO: The voice handshake is being terminated for Channel ID 728631391809437746 (Guild ID 428109526550708234)
2022-08-19 17:09:56,252 INFO: Disconnecting from voice normally, close code 1000.
2022-08-19 17:59:10,183 INFO: SparkleZ out 9又4分之8.7月台[123是什麼敷衍的名字]
2022-08-19 17:59:10,183 INFO: Connecting to voice...
2022-08-19 17:59:10,184 INFO: Starting voice handshake... (connection attempt 1)
2022-08-19 17:59:10,920 INFO: Voice handshake complete. Endpoint found hongkong9666.discord.media
2022-08-19 17:59:12,119 INFO: selected the voice protocol for use (xsalsa20_poly1305_lite)
2022-08-19 17:59:12,357 INFO: received secret key for voice connection
2022-08-19 17:59:14,346 INFO: Preparing to terminate ffmpeg process 1246.
2022-08-19 17:59:14,347 INFO: ffmpeg process 1246 successfully terminated with return code of 0.
2022-08-19 17:59:15,376 INFO: The voice handshake is being terminated for Channel ID 728631391809437746 (Guild ID 428109526550708234)
2022-08-19 17:59:15,377 INFO: Disconnecting from voice normally, close code 1000.
2022-08-19 18:00:35,403 INFO: 不偷家的飄飄大仙 out 9又4分之8.7月台[123是什麼敷衍的名字]
2022-08-19 18:00:35,404 INFO: Connecting to voice...
2022-08-19 18:00:35,404 INFO: Starting voice handshake... (connection attempt 1)
2022-08-19 18:00:35,702 INFO: Voice handshake complete. Endpoint found atlanta8651.discord.media
2022-08-19 18:00:35,845 INFO: selected the voice protocol for use (xsalsa20_poly1305_lite)
2022-08-19 18:00:35,867 INFO: received secret key for voice connection
2022-08-19 18:00:38,758 INFO: Preparing to terminate ffmpeg process 1257.
2022-08-19 18:00:38,758 INFO: ffmpeg process 1257 successfully terminated with return code of 0.
2022-08-19 18:00:39,789 INFO: The voice handshake is being terminated for Channel ID 728631391809437746 (Guild ID 428109526550708234)
2022-08-19 18:00:39,790 INFO: Disconnecting from voice normally, close code 1000.
2022-08-19 18:11:06,145 INFO: Got a request to RESUME the websocket.
2022-08-19 18:11:06,308 INFO: Shard ID None has sent the RESUME payload.
2022-08-19 18:11:06,338 INFO: Shard ID None has successfully RESUMED session 84bc8f936664723987b76fa0deaf7e09 under trace ["gateway-prd-main-fpf0",{"micros":7106,"calls":["id_created",{"micros":0,"calls":[]},"session_lookup_time",{"micros":4153,"calls":[]},"session_lookup_finished",{"micros":15,"calls":[]},"discord-sessions-blue-prd-2-35",{"micros":40}]}].
2022-08-19 19:58:41,010 INFO: Websocket closed with 1006, attempting a reconnect.
2022-08-19 19:58:41,010 INFO: Got a request to RESUME the websocket.
2022-08-19 19:58:41,169 INFO: Shard ID None has sent the RESUME payload.
2022-08-19 19:58:41,195 INFO: Shard ID None has successfully RESUMED session 84bc8f936664723987b76fa0deaf7e09 under trace ["gateway-prd-main-h87z",{"micros":552,"calls":["id_created",{"micros":0,"calls":[]},"session_lookup_time",{"micros":285,"calls":[]},"session_lookup_finished",{"micros":14,"calls":[]},"discord-sessions-blue-prd-2-35",{"micros":22}]}].
