2022-11-20 02:14:44,793 INFO: logging in using static token
2022-11-20 02:14:45,257 INFO: Shard ID None has connected to Gateway (Session ID: fd77b79d96aa2ee69318155f95ef79b9).
2022-11-20 02:14:47,263 INFO: 目前登入身份：神奇海螺#3847
2022-11-20 03:08:50,362 INFO: Shard ID None has successfully RESUMED session fd77b79d96aa2ee69318155f95ef79b9.
2022-11-20 03:14:21,447 INFO: logging in using static token
2022-11-20 03:14:22,291 INFO: Shard ID None has connected to Gateway (Session ID: 68fed72b141fea67c6c8f8141d8b0716).
2022-11-20 03:14:24,301 INFO: 目前登入身份：神奇海螺#3847
2022-11-20 04:59:47,433 INFO: Shard ID None has successfully RESUMED session 68fed72b141fea67c6c8f8141d8b0716.
2022-11-20 07:14:17,382 INFO: Shard ID None has successfully RESUMED session 68fed72b141fea67c6c8f8141d8b0716.
2022-11-20 07:54:29,773 INFO: Shard ID None has successfully RESUMED session 68fed72b141fea67c6c8f8141d8b0716.
2022-11-20 11:52:55,566 INFO: Shard ID None has successfully RESUMED session 68fed72b141fea67c6c8f8141d8b0716.
2022-11-20 12:57:06,252 INFO: WeIrdnA in 9又4分之8.7月台[123是什麼敷衍的名字]
2022-11-20 12:57:06,302 INFO: Connecting to voice...
2022-11-20 12:57:06,302 INFO: Starting voice handshake... (connection attempt 1)
2022-11-20 12:57:06,634 INFO: Voice handshake complete. Endpoint found hongkong4965.discord.media
2022-11-20 12:57:09,913 INFO: ffmpeg process 1094 successfully terminated with return code of 0.
2022-11-20 12:57:12,907 INFO: ffmpeg process 1105 successfully terminated with return code of 0.
2022-11-20 12:57:13,935 INFO: The voice handshake is being terminated for Channel ID 728631391809437746 (Guild ID 428109526550708234)
2022-11-20 12:57:13,936 INFO: Disconnecting from voice normally, close code 1000.
2022-11-20 13:06:02,646 INFO: Shard ID None has successfully RESUMED session 68fed72b141fea67c6c8f8141d8b0716.
2022-11-20 13:13:59,522 INFO: 神奇海螺 in 9又4分之8.7月台[123是什麼敷衍的名字]
2022-11-20 13:13:59,570 INFO: Connecting to voice...
2022-11-20 13:13:59,570 INFO: Starting voice handshake... (connection attempt 1)
2022-11-20 13:13:59,931 INFO: Voice handshake complete. Endpoint found hongkong4965.discord.media
2022-11-20 13:14:03,884 INFO: ffmpeg process 1169 successfully terminated with return code of 0.
2022-11-20 13:14:12,321 INFO: ffmpeg process 1179 successfully terminated with return code of 0.
2022-11-20 13:14:13,365 INFO: The voice handshake is being terminated for Channel ID 728631391809437746 (Guild ID 428109526550708234)
2022-11-20 13:14:13,366 INFO: Disconnecting from voice normally, close code 1000.
2022-11-20 13:19:22,783 INFO: logging in using static token
2022-11-20 13:19:23,486 INFO: Shard ID None has connected to Gateway (Session ID: eeeb72547304539ee86a39af0606d4d1).
2022-11-20 13:19:25,492 INFO: 目前登入身份：神奇海螺#3847
2022-11-20 14:21:42,927 INFO: Shard ID None has successfully RESUMED session eeeb72547304539ee86a39af0606d4d1.
2022-11-20 14:40:00,843 INFO: MaiMai的Pool in 9又4分之8.7月台[123是什麼敷衍的名字]
2022-11-20 14:40:00,989 INFO: Connecting to voice...
2022-11-20 14:40:00,991 INFO: Starting voice handshake... (connection attempt 1)
2022-11-20 14:40:01,305 INFO: Voice handshake complete. Endpoint found hongkong4965.discord.media
2022-11-20 14:40:05,648 INFO: ffmpeg process 288 successfully terminated with return code of 0.
2022-11-20 14:40:09,521 INFO: ffmpeg process 299 successfully terminated with return code of 0.
2022-11-20 14:40:12,380 INFO: ffmpeg process 309 successfully terminated with return code of 0.
2022-11-20 14:40:13,468 INFO: The voice handshake is being terminated for Channel ID 728631391809437746 (Guild ID 428109526550708234)
2022-11-20 14:40:13,468 INFO: Disconnecting from voice normally, close code 1000.
2022-11-20 14:49:15,584 INFO: 貓嗷嗚飄飄大仙 in 9又4分之8.7月台[123是什麼敷衍的名字]
2022-11-20 14:49:15,714 INFO: Connecting to voice...
2022-11-20 14:49:15,714 INFO: Starting voice handshake... (connection attempt 1)
2022-11-20 14:49:16,042 INFO: Voice handshake complete. Endpoint found hongkong4965.discord.media
2022-11-20 14:49:20,311 INFO: ffmpeg process 320 successfully terminated with return code of 0.
2022-11-20 14:49:23,393 INFO: ffmpeg process 330 successfully terminated with return code of 0.
2022-11-20 14:49:24,420 INFO: The voice handshake is being terminated for Channel ID 728631391809437746 (Guild ID 428109526550708234)
2022-11-20 14:49:24,421 INFO: Disconnecting from voice normally, close code 1000.
2022-11-20 14:53:24,937 INFO: KyrieR in 9又4分之8.7月台[123是什麼敷衍的名字]
2022-11-20 14:53:25,110 INFO: Connecting to voice...
2022-11-20 14:53:25,111 INFO: Starting voice handshake... (connection attempt 1)
2022-11-20 14:53:25,425 INFO: Voice handshake complete. Endpoint found hongkong4965.discord.media
2022-11-20 14:53:28,325 INFO: 神奇海螺 in 9又4分之8.7月台[123是什麼敷衍的名字]
2022-11-20 14:53:28,648 INFO: ffmpeg process 341 successfully terminated with return code of 0.
2022-11-20 14:53:31,088 INFO: ffmpeg process 351 successfully terminated with return code of 0.
2022-11-20 14:53:34,963 INFO: ffmpeg process 361 successfully terminated with return code of 0.
2022-11-20 14:53:43,405 INFO: ffmpeg process 391 successfully terminated with return code of 0.
2022-11-20 14:53:44,458 INFO: The voice handshake is being terminated for Channel ID 728631391809437746 (Guild ID 428109526550708234)
2022-11-20 14:53:44,459 INFO: Disconnecting from voice normally, close code 1000.
2022-11-20 14:53:57,736 INFO: Fiven-chung in 9又4分之8.7月台[123是什麼敷衍的名字]
2022-11-20 14:53:57,878 INFO: Connecting to voice...
2022-11-20 14:53:57,878 INFO: Starting voice handshake... (connection attempt 1)
2022-11-20 14:53:58,190 INFO: Voice handshake complete. Endpoint found hongkong4965.discord.media
2022-11-20 14:54:01,095 INFO: ffmpeg process 402 successfully terminated with return code of 0.
2022-11-20 14:54:03,587 INFO: ffmpeg process 412 successfully terminated with return code of 0.
2022-11-20 14:54:04,673 INFO: The voice handshake is being terminated for Channel ID 728631391809437746 (Guild ID 428109526550708234)
2022-11-20 14:54:04,674 INFO: Disconnecting from voice normally, close code 1000.
2022-11-20 15:03:31,143 INFO: BunnyplayGG in 9又4分之8.7月台[123是什麼敷衍的名字]
2022-11-20 15:03:31,285 INFO: Connecting to voice...
2022-11-20 15:03:31,285 INFO: Starting voice handshake... (connection attempt 1)
2022-11-20 15:03:31,600 INFO: Voice handshake complete. Endpoint found hongkong4965.discord.media
2022-11-20 15:03:35,027 INFO: ffmpeg process 441 successfully terminated with return code of 0.
2022-11-20 15:03:37,475 INFO: ffmpeg process 451 successfully terminated with return code of 0.
2022-11-20 15:03:38,483 INFO: The voice handshake is being terminated for Channel ID 728631391809437746 (Guild ID 428109526550708234)
2022-11-20 15:03:38,485 INFO: Disconnecting from voice normally, close code 1000.
2022-11-20 15:23:47,474 INFO: louiskkk28 in 9又4分之8.7月台[123是什麼敷衍的名字]
2022-11-20 15:23:47,572 INFO: Connecting to voice...
2022-11-20 15:23:47,573 INFO: Starting voice handshake... (connection attempt 1)
2022-11-20 15:23:47,895 INFO: Voice handshake complete. Endpoint found hongkong4965.discord.media
2022-11-20 15:23:52,906 INFO: ffmpeg process 496 successfully terminated with return code of 0.
2022-11-20 15:23:55,368 INFO: ffmpeg process 506 successfully terminated with return code of 0.
2022-11-20 15:23:56,374 INFO: The voice handshake is being terminated for Channel ID 728631391809437746 (Guild ID 428109526550708234)
2022-11-20 15:23:56,375 INFO: Disconnecting from voice normally, close code 1000.
2022-11-20 15:43:40,690 INFO: louiskkk28 out 9又4分之8.7月台[123是什麼敷衍的名字]
2022-11-20 15:43:40,691 INFO: Connecting to voice...
2022-11-20 15:43:40,691 INFO: Starting voice handshake... (connection attempt 1)
2022-11-20 15:43:41,012 INFO: Voice handshake complete. Endpoint found hongkong4965.discord.media
2022-11-20 15:43:45,904 INFO: ffmpeg process 536 successfully terminated with return code of 0.
2022-11-20 15:43:46,943 INFO: The voice handshake is being terminated for Channel ID 728631391809437746 (Guild ID 428109526550708234)
2022-11-20 15:43:46,943 INFO: Disconnecting from voice normally, close code 1000.
2022-11-20 16:25:56,234 INFO: MaiMai的Pool out 9又4分之8.7月台[123是什麼敷衍的名字]
2022-11-20 16:25:56,235 INFO: Connecting to voice...
2022-11-20 16:25:56,235 INFO: Starting voice handshake... (connection attempt 1)
2022-11-20 16:25:56,560 INFO: Voice handshake complete. Endpoint found hongkong4965.discord.media
2022-11-20 16:25:59,779 INFO: ffmpeg process 638 successfully terminated with return code of 0.
2022-11-20 16:26:00,797 INFO: The voice handshake is being terminated for Channel ID 728631391809437746 (Guild ID 428109526550708234)
2022-11-20 16:26:00,798 INFO: Disconnecting from voice normally, close code 1000.
2022-11-20 16:26:22,632 INFO: 楓夜 in 9又4分之8.7月台[123是什麼敷衍的名字]
2022-11-20 16:26:22,747 INFO: Connecting to voice...
2022-11-20 16:26:22,748 INFO: Starting voice handshake... (connection attempt 1)
2022-11-20 16:26:23,092 INFO: Voice handshake complete. Endpoint found hongkong4965.discord.media
2022-11-20 16:26:26,554 INFO: ffmpeg process 649 successfully terminated with return code of 0.
2022-11-20 16:26:28,834 INFO: ffmpeg process 659 successfully terminated with return code of 0.
2022-11-20 16:26:29,880 INFO: The voice handshake is being terminated for Channel ID 728631391809437746 (Guild ID 428109526550708234)
2022-11-20 16:26:29,881 INFO: Disconnecting from voice normally, close code 1000.
2022-11-20 16:29:37,973 INFO: BunnyplayGG out 9又4分之8.7月台[123是什麼敷衍的名字]
2022-11-20 16:29:37,974 INFO: Connecting to voice...
2022-11-20 16:29:37,974 INFO: Starting voice handshake... (connection attempt 1)
2022-11-20 16:29:38,289 INFO: Voice handshake complete. Endpoint found hongkong4965.discord.media
2022-11-20 16:29:41,730 INFO: ffmpeg process 670 successfully terminated with return code of 0.
2022-11-20 16:29:46,052 INFO: ffmpeg process 680 successfully terminated with return code of 0.
2022-11-20 16:29:47,107 INFO: The voice handshake is being terminated for Channel ID 728631391809437746 (Guild ID 428109526550708234)
2022-11-20 16:29:47,108 INFO: Disconnecting from voice normally, close code 1000.
2022-11-20 16:46:52,571 INFO: WeIrdnA out 9又4分之8.7月台[123是什麼敷衍的名字]
2022-11-20 16:46:52,571 INFO: Connecting to voice...
2022-11-20 16:46:52,572 INFO: Starting voice handshake... (connection attempt 1)
2022-11-20 16:46:52,902 INFO: Voice handshake complete. Endpoint found hongkong4965.discord.media
2022-11-20 16:46:53,135 INFO: Fiven-chung out 9又4分之8.7月台[123是什麼敷衍的名字]
2022-11-20 16:46:56,008 INFO: ffmpeg process 709 successfully terminated with return code of 0.
2022-11-20 16:46:57,964 INFO: 楓夜 out 9又4分之8.7月台[123是什麼敷衍的名字]
2022-11-20 16:46:59,024 INFO: ffmpeg process 719 successfully terminated with return code of 0.
2022-11-20 16:47:01,842 INFO: ffmpeg process 729 successfully terminated with return code of 0.
2022-11-20 16:47:02,849 INFO: The voice handshake is being terminated for Channel ID 728631391809437746 (Guild ID 428109526550708234)
2022-11-20 16:47:02,850 INFO: Disconnecting from voice normally, close code 1000.
2022-11-20 16:47:12,307 INFO: KyrieR out 9又4分之8.7月台[123是什麼敷衍的名字]
2022-11-20 16:47:12,307 INFO: Connecting to voice...
2022-11-20 16:47:12,308 INFO: Starting voice handshake... (connection attempt 1)
2022-11-20 16:47:12,717 INFO: Voice handshake complete. Endpoint found hongkong4965.discord.media
2022-11-20 16:47:15,584 INFO: ffmpeg process 740 successfully terminated with return code of 0.
2022-11-20 16:47:16,592 INFO: The voice handshake is being terminated for Channel ID 728631391809437746 (Guild ID 428109526550708234)
2022-11-20 16:47:16,593 INFO: Disconnecting from voice normally, close code 1000.
2022-11-20 16:48:50,457 INFO: 貓嗷嗚飄飄大仙 out 9又4分之8.7月台[123是什麼敷衍的名字]
2022-11-20 16:48:50,458 INFO: Connecting to voice...
2022-11-20 16:48:50,458 INFO: Starting voice handshake... (connection attempt 1)
2022-11-20 16:48:50,618 INFO: Voice handshake complete. Endpoint found oregon10002.discord.media
2022-11-20 16:48:53,327 INFO: ffmpeg process 751 successfully terminated with return code of 0.
2022-11-20 16:48:54,396 INFO: The voice handshake is being terminated for Channel ID 728631391809437746 (Guild ID 428109526550708234)
2022-11-20 16:48:54,397 INFO: Disconnecting from voice normally, close code 1000.
2022-11-20 18:13:30,781 INFO: Shard ID None has successfully RESUMED session eeeb72547304539ee86a39af0606d4d1.
2022-11-20 21:27:22,735 INFO: Shard ID None has successfully RESUMED session eeeb72547304539ee86a39af0606d4d1.
2022-11-21 00:33:06,408 INFO: Shard ID None has successfully RESUMED session eeeb72547304539ee86a39af0606d4d1.
