2022-02-09 21:10:03,105 INFO: logging in using static token
2022-02-09 21:10:03,371 INFO: Shard ID None has sent the IDENTIFY payload.
2022-02-09 21:10:03,525 INFO: Shard ID None has connected to Gateway: ["gateway-prd-main-w5jn",{"micros":109085,"calls":["discord-sessions-blue-prd-2-157",{"micros":108198,"calls":["start_session",{"micros":76400,"calls":["api-prd-main-4zsl",{"micros":64458,"calls":["get_user",{"micros":3637},"add_authorized_ip",{"micros":11124},"get_guilds",{"micros":12479},"coros_wait",{"micros":2}]}]},"guilds_connect",{"micros":2,"calls":[]},"presence_connect",{"micros":19675,"calls":[]}]}]}] (Session ID: ef6d774da68801053f772c0daf1a935a).
2022-02-09 21:10:05,565 INFO: 目前登入身份：神奇海螺#3847
2022-02-09 22:04:02,222 INFO: Websocket closed with 1006, attempting a reconnect.
2022-02-09 22:04:02,222 INFO: Got a request to RESUME the websocket.
2022-02-09 22:04:02,382 INFO: Shard ID None has sent the RESUME payload.
2022-02-09 22:04:02,428 INFO: Shard ID None has successfully RESUMED session ef6d774da68801053f772c0daf1a935a under trace ["gateway-prd-main-drcs",{"micros":569,"calls":["discord-sessions-blue-prd-2-157",{"micros":17}]}].
2022-02-10 04:29:03,570 INFO: logging in using static token
2022-02-10 04:29:03,791 INFO: Shard ID None has sent the IDENTIFY payload.
2022-02-10 04:29:03,933 INFO: Shard ID None has connected to Gateway: ["gateway-prd-main-5ztz",{"micros":104396,"calls":["discord-sessions-blue-prd-2-168",{"micros":100111,"calls":["start_session",{"micros":35138,"calls":["api-prd-main-rnt4",{"micros":31590,"calls":["get_user",{"micros":4372},"add_authorized_ip",{"micros":1394},"get_guilds",{"micros":5495},"coros_wait",{"micros":2}]}]},"guilds_connect",{"micros":24,"calls":[]},"presence_connect",{"micros":29374,"calls":[]}]}]}] (Session ID: e5cf48326dbbadb23668bb246eabe9d8).
2022-02-10 04:29:05,960 INFO: 目前登入身份：神奇海螺#3847
2022-02-10 05:17:17,572 INFO: Got a request to RESUME the websocket.
2022-02-10 05:17:17,734 INFO: Shard ID None has sent the RESUME payload.
2022-02-10 05:17:17,775 INFO: Shard ID None has successfully RESUMED session e5cf48326dbbadb23668bb246eabe9d8 under trace ["gateway-prd-main-4g6l",{"micros":782,"calls":["discord-sessions-blue-prd-2-168",{"micros":19}]}].
2022-02-10 06:18:46,955 INFO: logging in using static token
2022-02-10 06:18:47,245 INFO: Shard ID None has sent the IDENTIFY payload.
2022-02-10 06:18:47,382 INFO: Shard ID None has connected to Gateway: ["gateway-prd-main-bzkk",{"micros":96137,"calls":["discord-sessions-blue-prd-2-2",{"micros":90985,"calls":["start_session",{"micros":53634,"calls":["api-prd-main-w7qp",{"micros":50465,"calls":["get_user",{"micros":5276},"add_authorized_ip",{"micros":3488},"get_guilds",{"micros":7523},"coros_wait",{"micros":2}]}]},"guilds_connect",{"micros":25,"calls":[]},"presence_connect",{"micros":1,"calls":[]}]}]}] (Session ID: a9fdcbfb36c80d880619e7b0a27f9903).
2022-02-10 06:18:49,426 INFO: 目前登入身份：神奇海螺#3847
2022-02-10 07:08:03,777 INFO: logging in using static token
2022-02-10 07:08:04,046 INFO: Shard ID None has sent the IDENTIFY payload.
2022-02-10 07:08:04,154 INFO: Shard ID None has connected to Gateway: ["gateway-prd-main-7qwt",{"micros":66826,"calls":["discord-sessions-blue-prd-2-18",{"micros":61044,"calls":["start_session",{"micros":36430,"calls":["api-prd-main-9jbg",{"micros":32769,"calls":["get_user",{"micros":4442},"add_authorized_ip",{"micros":1489},"get_guilds",{"micros":6033},"coros_wait",{"micros":1}]}]},"guilds_connect",{"micros":2,"calls":[]},"presence_connect",{"micros":17384,"calls":[]}]}]}] (Session ID: 112ed29143fdd0c927ebe292e2ce939a).
2022-02-10 07:08:06,198 INFO: 目前登入身份：神奇海螺#3847
2022-02-10 07:45:56,028 INFO: Connecting to voice...
2022-02-10 07:45:56,028 INFO: Starting voice handshake... (connection attempt 1)
2022-02-10 07:45:56,198 INFO: Voice handshake complete. Endpoint found japan2424.discord.media
2022-02-10 07:45:56,334 ERROR: Exception occurred during Voice Protocol voice server update handler
Traceback (most recent call last):
  File "/opt/virtualenvs/python3/lib/python3.8/site-packages/discord/state.py", line 102, in logging_coroutine
    await coroutine
  File "/opt/virtualenvs/python3/lib/python3.8/site-packages/discord/voice_client.py", line 295, in on_voice_server_update
    await self.ws.close(4000)
AttributeError: 'NoneType' object has no attribute 'close'
2022-02-10 07:45:57,190 INFO: selected the voice protocol for use (xsalsa20_poly1305_lite)
2022-02-10 07:45:57,364 INFO: received secret key for voice connection
2022-02-10 07:45:58,039 INFO: 楓夜 in 9又4分之8.7月台[打不出幹話就講出來啊]
2022-02-10 07:46:03,329 INFO: Preparing to terminate ffmpeg process 136.
2022-02-10 07:46:03,329 INFO: ffmpeg process 136 has not terminated. Waiting to terminate...
2022-02-10 07:46:03,334 INFO: ffmpeg process 136 should have terminated with a return code of -9.
2022-02-10 07:46:18,730 INFO: Preparing to terminate ffmpeg process 125.
2022-02-10 07:46:18,730 INFO: ffmpeg process 125 successfully terminated with return code of 0.
2022-02-10 07:46:18,882 INFO: The voice handshake is being terminated for Channel ID 941238542397501450 (Guild ID 428109526550708234)
2022-02-10 07:46:18,883 INFO: Disconnecting from voice normally, close code 1000.
