2022-12-18 22:42:24,778 INFO: logging in using static token
2022-12-18 22:42:25,429 INFO: Shard ID None has connected to Gateway (Session ID: d316006f9d0af2829bce42f882f10a63).
2022-12-18 22:42:27,433 INFO: 目前登入身份：神奇海螺#3847
2022-12-18 23:39:56,798 INFO: logging in using static token
2022-12-18 23:39:57,486 INFO: Shard ID None has connected to Gateway (Session ID: f338839c58f0e79adc205a6fe0b52433).
2022-12-18 23:39:59,493 INFO: 目前登入身份：神奇海螺#3847
2022-12-19 00:55:08,528 INFO: logging in using static token
2022-12-19 00:55:09,013 INFO: Shard ID None has connected to Gateway (Session ID: 2bbe938499768832f97f5f155e5800f6).
2022-12-19 00:55:11,050 INFO: 目前登入身份：神奇海螺#3847
2022-12-19 01:17:10,917 INFO: logging in using static token
2022-12-19 01:17:11,496 INFO: Shard ID None has connected to Gateway (Session ID: cc5585e14adcbfc0d219761b1add7239).
2022-12-19 01:17:13,500 INFO: 目前登入身份：神奇海螺#3847
2022-12-19 01:29:56,309 INFO: logging in using static token
2022-12-19 01:29:56,783 INFO: Shard ID None has connected to Gateway (Session ID: 6d8abe142d98c22d7170f756a2973d48).
2022-12-19 01:29:58,790 INFO: 目前登入身份：神奇海螺#3847
2022-12-19 02:58:44,390 INFO: Shard ID None has successfully RESUMED session 6d8abe142d98c22d7170f756a2973d48.
2022-12-19 03:15:48,125 INFO: Shard ID None has successfully RESUMED session 6d8abe142d98c22d7170f756a2973d48.
2022-12-19 05:08:53,390 INFO: Shard ID None has successfully RESUMED session 6d8abe142d98c22d7170f756a2973d48.
2022-12-19 07:53:23,611 INFO: Shard ID None has successfully RESUMED session 6d8abe142d98c22d7170f756a2973d48.
2022-12-19 10:38:50,560 INFO: Shard ID None has successfully RESUMED session 6d8abe142d98c22d7170f756a2973d48.
2022-12-19 13:02:49,653 INFO: Shard ID None has successfully RESUMED session 6d8abe142d98c22d7170f756a2973d48.
2022-12-19 13:41:08,666 INFO: Shard ID None has successfully RESUMED session 6d8abe142d98c22d7170f756a2973d48.
2022-12-19 13:44:04,576 INFO: Chi in 9又4分之8.7月台[123是什麼敷衍的名字]
2022-12-19 13:44:04,591 INFO: Connecting to voice...
2022-12-19 13:44:04,592 INFO: Starting voice handshake... (connection attempt 1)
2022-12-19 13:44:04,781 INFO: Voice handshake complete. Endpoint found hongkong3881.discord.media
2022-12-19 13:44:04,948 ERROR: Exception occurred during Voice Protocol voice server update handler
Traceback (most recent call last):
  File "/opt/virtualenvs/python3/lib/python3.8/site-packages/discord/state.py", line 157, in logging_coroutine
    await coroutine
  File "/opt/virtualenvs/python3/lib/python3.8/site-packages/discord/voice_client.py", line 337, in on_voice_server_update
    await self.ws.close(4000)
AttributeError: '_MissingSentinel' object has no attribute 'close'
2022-12-19 13:44:07,804 INFO: ffmpeg process 1421 successfully terminated with return code of 0.
2022-12-19 13:44:10,284 INFO: ffmpeg process 1432 successfully terminated with return code of 0.
2022-12-19 13:44:11,369 INFO: The voice handshake is being terminated for Channel ID 728631391809437746 (Guild ID 428109526550708234)
2022-12-19 13:44:11,369 INFO: Disconnecting from voice normally, close code 1000.
2022-12-19 14:04:26,693 INFO: Connecting to voice...
2022-12-19 14:04:26,694 INFO: Starting voice handshake... (connection attempt 1)
2022-12-19 14:04:26,869 INFO: Voice handshake complete. Endpoint found hongkong10000.discord.media
2022-12-19 14:04:27,055 ERROR: Exception occurred during Voice Protocol voice server update handler
Traceback (most recent call last):
  File "/opt/virtualenvs/python3/lib/python3.8/site-packages/discord/state.py", line 157, in logging_coroutine
    await coroutine
  File "/opt/virtualenvs/python3/lib/python3.8/site-packages/discord/voice_client.py", line 337, in on_voice_server_update
    await self.ws.close(4000)
AttributeError: '_MissingSentinel' object has no attribute 'close'
2022-12-19 14:04:28,155 INFO: ffmpeg process 1461 successfully terminated with return code of 1.
2022-12-19 14:04:28,891 INFO: 楓夜 in 9又4分之8.7月台[123是什麼敷衍的名字]
2022-12-19 14:04:30,093 INFO: The voice handshake is being terminated for Channel ID 1054398811222573096 (Guild ID 428109526550708234)
2022-12-19 14:04:30,093 INFO: Connecting to voice...
2022-12-19 14:04:30,094 INFO: Starting voice handshake... (connection attempt 1)
2022-12-19 14:04:30,094 INFO: Disconnecting from voice normally, close code 1000.
2022-12-19 14:04:30,347 INFO: Voice handshake complete. Endpoint found hongkong3881.discord.media
2022-12-19 14:04:34,105 INFO: ffmpeg process 1464 successfully terminated with return code of 0.
2022-12-19 14:04:35,587 INFO: ffmpeg process 1474 successfully terminated with return code of 0.
2022-12-19 14:04:37,129 INFO: The voice handshake is being terminated for Channel ID 728631391809437746 (Guild ID 428109526550708234)
2022-12-19 14:04:37,130 INFO: Disconnecting from voice normally, close code 1000.
2022-12-19 14:29:37,218 INFO: BunnyplayGG in 9又4分之8.7月台[123是什麼敷衍的名字]
2022-12-19 14:29:37,265 INFO: Connecting to voice...
2022-12-19 14:29:37,265 INFO: Starting voice handshake... (connection attempt 1)
2022-12-19 14:29:37,525 INFO: Voice handshake complete. Endpoint found hongkong3881.discord.media
2022-12-19 14:29:41,274 INFO: ffmpeg process 1520 successfully terminated with return code of 0.
2022-12-19 14:29:43,711 INFO: ffmpeg process 1530 successfully terminated with return code of 0.
2022-12-19 14:29:44,716 INFO: The voice handshake is being terminated for Channel ID 728631391809437746 (Guild ID 428109526550708234)
2022-12-19 14:29:44,717 INFO: Disconnecting from voice normally, close code 1000.
2022-12-19 14:30:06,954 INFO: Fiven-chung in 9又4分之8.7月台[123是什麼敷衍的名字]
2022-12-19 14:30:07,001 INFO: Connecting to voice...
2022-12-19 14:30:07,001 INFO: Starting voice handshake... (connection attempt 1)
2022-12-19 14:30:07,369 INFO: Voice handshake complete. Endpoint found hongkong3881.discord.media
2022-12-19 14:30:11,101 INFO: ffmpeg process 1541 successfully terminated with return code of 0.
2022-12-19 14:30:13,960 INFO: ffmpeg process 1551 successfully terminated with return code of 0.
2022-12-19 14:30:15,047 INFO: The voice handshake is being terminated for Channel ID 728631391809437746 (Guild ID 428109526550708234)
2022-12-19 14:30:15,048 INFO: Disconnecting from voice normally, close code 1000.
2022-12-19 16:03:13,583 INFO: Shard ID None has successfully RESUMED session 6d8abe142d98c22d7170f756a2973d48.
2022-12-19 16:04:03,915 INFO: BunnyplayGG out 9又4分之8.7月台[123是什麼敷衍的名字]
2022-12-19 16:04:03,916 INFO: Connecting to voice...
2022-12-19 16:04:03,916 INFO: Starting voice handshake... (connection attempt 1)
2022-12-19 16:04:04,279 INFO: Voice handshake complete. Endpoint found hongkong3881.discord.media
2022-12-19 16:04:08,007 INFO: ffmpeg process 1736 successfully terminated with return code of 0.
2022-12-19 16:04:09,056 INFO: The voice handshake is being terminated for Channel ID 728631391809437746 (Guild ID 428109526550708234)
2022-12-19 16:04:09,057 INFO: Disconnecting from voice normally, close code 1000.
2022-12-19 16:04:12,860 INFO: Chi out 9又4分之8.7月台[123是什麼敷衍的名字]
2022-12-19 16:04:12,860 INFO: Connecting to voice...
2022-12-19 16:04:12,861 INFO: Starting voice handshake... (connection attempt 1)
2022-12-19 16:04:13,270 INFO: Voice handshake complete. Endpoint found hongkong3881.discord.media
2022-12-19 16:04:16,147 INFO: ffmpeg process 1747 successfully terminated with return code of 0.
2022-12-19 16:04:17,193 INFO: The voice handshake is being terminated for Channel ID 728631391809437746 (Guild ID 428109526550708234)
2022-12-19 16:04:17,194 INFO: Disconnecting from voice normally, close code 1000.
2022-12-19 16:04:17,773 INFO: Fiven-chung out 9又4分之8.7月台[123是什麼敷衍的名字]
2022-12-19 16:04:17,774 INFO: Connecting to voice...
2022-12-19 16:04:17,774 INFO: Starting voice handshake... (connection attempt 1)
2022-12-19 16:04:18,163 INFO: Voice handshake complete. Endpoint found hongkong3881.discord.media
2022-12-19 16:04:21,434 INFO: ffmpeg process 1758 successfully terminated with return code of 0.
2022-12-19 16:04:22,525 INFO: The voice handshake is being terminated for Channel ID 728631391809437746 (Guild ID 428109526550708234)
2022-12-19 16:04:22,526 INFO: Disconnecting from voice normally, close code 1000.
2022-12-19 16:05:05,198 INFO: 楓夜 out 9又4分之8.7月台[123是什麼敷衍的名字]
2022-12-19 16:05:05,198 INFO: Connecting to voice...
2022-12-19 16:05:05,198 INFO: Starting voice handshake... (connection attempt 1)
2022-12-19 16:05:05,280 INFO: Voice handshake complete. Endpoint found us-central1835.discord.media
2022-12-19 16:05:07,130 INFO: ffmpeg process 1769 successfully terminated with return code of 0.
2022-12-19 16:05:08,138 INFO: The voice handshake is being terminated for Channel ID 728631391809437746 (Guild ID 428109526550708234)
2022-12-19 16:05:08,139 INFO: Disconnecting from voice normally, close code 1000.
2022-12-19 20:01:41,588 INFO: Shard ID None has successfully RESUMED session 6d8abe142d98c22d7170f756a2973d48.
2022-12-19 21:49:24,109 INFO: Shard ID None has successfully RESUMED session 6d8abe142d98c22d7170f756a2973d48.
2022-12-19 22:06:29,115 INFO: Shard ID None has successfully RESUMED session 6d8abe142d98c22d7170f756a2973d48.
2022-12-19 23:52:30,286 INFO: Shard ID None has successfully RESUMED session 6d8abe142d98c22d7170f756a2973d48.
