2022-10-20 16:15:20,965 INFO: logging in using static token
2022-10-20 16:15:22,098 INFO: Shard ID None has connected to Gateway (Session ID: ad8a8978ffc009c5f1fd749960dba499).
2022-10-20 16:15:24,110 INFO: 目前登入身份：神奇海螺#3847
2022-10-20 16:16:14,317 INFO: Connecting to voice...
2022-10-20 16:16:14,317 INFO: Starting voice handshake... (connection attempt 1)
2022-10-20 16:16:14,427 INFO: Voice handshake complete. Endpoint found hongkong7777.discord.media
2022-10-20 16:16:14,599 ERROR: Exception occurred during Voice Protocol voice server update handler
Traceback (most recent call last):
  File "/opt/virtualenvs/python3/lib/python3.8/site-packages/discord/state.py", line 157, in logging_coroutine
    await coroutine
  File "/opt/virtualenvs/python3/lib/python3.8/site-packages/discord/voice_client.py", line 337, in on_voice_server_update
    await self.ws.close(4000)
AttributeError: '_MissingSentinel' object has no attribute 'close'
2022-10-20 16:16:21,327 INFO: ffmpeg process 3763 successfully terminated with return code of 0.
2022-10-20 16:16:22,414 INFO: The voice handshake is being terminated for Channel ID 1032688705716105307 (Guild ID 428109526550708234)
2022-10-20 16:16:22,415 INFO: Disconnecting from voice normally, close code 1000.
2022-10-20 16:16:29,406 INFO: 貓嗷嗚飄飄大仙 in 9又4分之8.7月台[123是什麼敷衍的名字]
2022-10-20 16:16:29,484 INFO: Connecting to voice...
2022-10-20 16:16:29,484 INFO: Starting voice handshake... (connection attempt 1)
2022-10-20 16:16:29,773 INFO: Voice handshake complete. Endpoint found hongkong9582.discord.media
2022-10-20 16:16:34,108 INFO: ffmpeg process 3804 successfully terminated with return code of 0.
2022-10-20 16:16:36,310 INFO: ffmpeg process 3819 successfully terminated with return code of 0.
2022-10-20 16:16:37,313 INFO: The voice handshake is being terminated for Channel ID 728631391809437746 (Guild ID 428109526550708234)
2022-10-20 16:16:37,313 INFO: Disconnecting from voice normally, close code 1000.
2022-10-20 16:34:06,604 INFO: BunnyplayGG out 9又4分之8.7月台[123是什麼敷衍的名字]
2022-10-20 16:34:06,604 INFO: Connecting to voice...
2022-10-20 16:34:06,604 INFO: Starting voice handshake... (connection attempt 1)
2022-10-20 16:34:06,882 INFO: Voice handshake complete. Endpoint found hongkong9582.discord.media
2022-10-20 16:34:10,789 INFO: ffmpeg process 5179 successfully terminated with return code of 0.
2022-10-20 16:34:11,838 INFO: The voice handshake is being terminated for Channel ID 728631391809437746 (Guild ID 428109526550708234)
2022-10-20 16:34:11,839 INFO: Disconnecting from voice normally, close code 1000.
2022-10-20 16:35:13,605 INFO: SparkleZ out 9又4分之8.7月台[123是什麼敷衍的名字]
2022-10-20 16:35:13,606 INFO: Connecting to voice...
2022-10-20 16:35:13,606 INFO: Starting voice handshake... (connection attempt 1)
2022-10-20 16:35:13,948 INFO: Voice handshake complete. Endpoint found hongkong9582.discord.media
2022-10-20 16:35:17,431 INFO: ffmpeg process 5285 successfully terminated with return code of 0.
2022-10-20 16:35:18,461 INFO: The voice handshake is being terminated for Channel ID 728631391809437746 (Guild ID 428109526550708234)
2022-10-20 16:35:18,461 INFO: Disconnecting from voice normally, close code 1000.
2022-10-20 16:55:57,713 INFO: Chi out 9又4分之8.7月台[123是什麼敷衍的名字]
2022-10-20 16:55:57,713 INFO: Connecting to voice...
2022-10-20 16:55:57,714 INFO: Starting voice handshake... (connection attempt 1)
2022-10-20 16:55:57,995 INFO: Voice handshake complete. Endpoint found hongkong9582.discord.media
2022-10-20 16:56:01,134 INFO: ffmpeg process 6603 successfully terminated with return code of 0.
2022-10-20 16:56:02,180 INFO: The voice handshake is being terminated for Channel ID 728631391809437746 (Guild ID 428109526550708234)
2022-10-20 16:56:02,181 INFO: Disconnecting from voice normally, close code 1000.
2022-10-20 16:57:29,003 INFO: 貓嗷嗚飄飄大仙 out 9又4分之8.7月台[123是什麼敷衍的名字]
2022-10-20 16:57:29,004 INFO: Connecting to voice...
2022-10-20 16:57:29,004 INFO: Starting voice handshake... (connection attempt 1)
2022-10-20 16:57:29,089 INFO: Voice handshake complete. Endpoint found atlanta5347.discord.media
2022-10-20 16:57:31,784 INFO: ffmpeg process 6720 successfully terminated with return code of 0.
2022-10-20 16:57:32,855 INFO: The voice handshake is being terminated for Channel ID 728631391809437746 (Guild ID 428109526550708234)
2022-10-20 16:57:32,856 INFO: Disconnecting from voice normally, close code 1000.
2022-10-20 18:58:18,742 INFO: Shard ID None has successfully RESUMED session ad8a8978ffc009c5f1fd749960dba499.
2022-10-20 21:26:23,645 INFO: Shard ID None has successfully RESUMED session ad8a8978ffc009c5f1fd749960dba499.
2022-10-21 00:18:12,052 INFO: Shard ID None has successfully RESUMED session ad8a8978ffc009c5f1fd749960dba499.
2022-10-21 01:17:26,945 INFO: Shard ID None has successfully RESUMED session ad8a8978ffc009c5f1fd749960dba499.
2022-10-21 03:25:44,411 INFO: Shard ID None has successfully RESUMED session ad8a8978ffc009c5f1fd749960dba499.
2022-10-21 05:36:16,126 INFO: Shard ID None has successfully RESUMED session ad8a8978ffc009c5f1fd749960dba499.
2022-10-21 06:52:24,404 INFO: Shard ID None has successfully RESUMED session ad8a8978ffc009c5f1fd749960dba499.
2022-10-21 07:15:17,478 INFO: Shard ID None has successfully RESUMED session ad8a8978ffc009c5f1fd749960dba499.
2022-10-21 07:39:19,100 INFO: Lexor in 9又4分之8.7月台[123是什麼敷衍的名字]
2022-10-21 07:39:19,187 INFO: Connecting to voice...
2022-10-21 07:39:19,187 INFO: Starting voice handshake... (connection attempt 1)
2022-10-21 07:39:19,659 INFO: Voice handshake complete. Endpoint found japan6298.discord.media
2022-10-21 07:39:19,784 ERROR: Exception occurred during Voice Protocol voice server update handler
Traceback (most recent call last):
  File "/opt/virtualenvs/python3/lib/python3.8/site-packages/discord/state.py", line 157, in logging_coroutine
    await coroutine
  File "/opt/virtualenvs/python3/lib/python3.8/site-packages/discord/voice_client.py", line 337, in on_voice_server_update
    await self.ws.close(4000)
AttributeError: '_MissingSentinel' object has no attribute 'close'
2022-10-21 07:39:23,232 INFO: ffmpeg process 10381 successfully terminated with return code of 0.
2022-10-21 07:39:25,380 INFO: ffmpeg process 10391 successfully terminated with return code of 0.
2022-10-21 07:39:26,384 INFO: The voice handshake is being terminated for Channel ID 728631391809437746 (Guild ID 428109526550708234)
2022-10-21 07:39:26,384 INFO: Disconnecting from voice normally, close code 1000.
2022-10-21 07:39:33,361 INFO: MaiMai的Pool in 9又4分之8.7月台[123是什麼敷衍的名字]
2022-10-21 07:39:33,400 INFO: Connecting to voice...
2022-10-21 07:39:33,400 INFO: Starting voice handshake... (connection attempt 1)
2022-10-21 07:39:33,665 INFO: Voice handshake complete. Endpoint found japan6298.discord.media
2022-10-21 07:39:37,604 INFO: ffmpeg process 10402 successfully terminated with return code of 0.
2022-10-21 07:39:40,241 INFO: ffmpeg process 10412 successfully terminated with return code of 0.
2022-10-21 07:39:41,247 INFO: The voice handshake is being terminated for Channel ID 728631391809437746 (Guild ID 428109526550708234)
2022-10-21 07:39:41,248 INFO: Disconnecting from voice normally, close code 1000.
2022-10-21 07:57:54,720 INFO: Lexor out 9又4分之8.7月台[123是什麼敷衍的名字]
2022-10-21 07:57:54,723 INFO: Connecting to voice...
2022-10-21 07:57:54,723 INFO: Starting voice handshake... (connection attempt 1)
2022-10-21 07:57:55,440 INFO: Voice handshake complete. Endpoint found japan6298.discord.media
2022-10-21 07:57:58,287 INFO: ffmpeg process 10440 successfully terminated with return code of 0.
2022-10-21 07:57:59,249 INFO: MaiMai的Pool out 9又4分之8.7月台[123是什麼敷衍的名字]
2022-10-21 07:58:01,427 INFO: ffmpeg process 10450 successfully terminated with return code of 0.
2022-10-21 07:58:02,439 INFO: The voice handshake is being terminated for Channel ID 728631391809437746 (Guild ID 428109526550708234)
2022-10-21 07:58:02,440 INFO: Disconnecting from voice normally, close code 1000.
2022-10-21 08:19:23,455 INFO: Shard ID None has successfully RESUMED session ad8a8978ffc009c5f1fd749960dba499.
2022-10-21 09:48:47,500 INFO: logging in using static token
2022-10-21 09:48:47,853 INFO: Shard ID None has connected to Gateway (Session ID: 1eed0913078b579552090cc837102a97).
2022-10-21 09:48:49,872 INFO: 目前登入身份：神奇海螺#3847
2022-10-21 11:28:50,838 INFO: Lexor in 9又4分之8.7月台[123是什麼敷衍的名字]
2022-10-21 11:28:50,903 INFO: Connecting to voice...
2022-10-21 11:28:50,903 INFO: Starting voice handshake... (connection attempt 1)
2022-10-21 11:28:51,116 INFO: Voice handshake complete. Endpoint found japan1906.discord.media
2022-10-21 11:28:54,678 INFO: ffmpeg process 285 successfully terminated with return code of 0.
2022-10-21 11:28:57,263 INFO: ffmpeg process 296 successfully terminated with return code of 0.
2022-10-21 11:28:58,329 INFO: The voice handshake is being terminated for Channel ID 728631391809437746 (Guild ID 428109526550708234)
2022-10-21 11:28:58,330 INFO: Disconnecting from voice normally, close code 1000.
2022-10-21 11:32:04,028 INFO: Connecting to voice...
2022-10-21 11:32:04,028 INFO: Starting voice handshake... (connection attempt 1)
2022-10-21 11:32:04,188 INFO: Voice handshake complete. Endpoint found hongkong10001.discord.media
2022-10-21 11:32:04,395 ERROR: Exception occurred during Voice Protocol voice server update handler
Traceback (most recent call last):
  File "/opt/virtualenvs/python3/lib/python3.8/site-packages/discord/state.py", line 157, in logging_coroutine
    await coroutine
  File "/opt/virtualenvs/python3/lib/python3.8/site-packages/discord/voice_client.py", line 337, in on_voice_server_update
    await self.ws.close(4000)
AttributeError: '_MissingSentinel' object has no attribute 'close'
2022-10-21 11:32:10,458 INFO: MaiMai的Pool in 9又4分之8.7月台[123是什麼敷衍的名字]
2022-10-21 11:32:11,004 INFO: ffmpeg process 324 successfully terminated with return code of 0.
2022-10-21 11:32:12,048 INFO: The voice handshake is being terminated for Channel ID 1032979580308439041 (Guild ID 428109526550708234)
2022-10-21 11:32:12,049 INFO: Connecting to voice...
2022-10-21 11:32:12,049 INFO: Starting voice handshake... (connection attempt 1)
2022-10-21 11:32:12,049 INFO: Disconnecting from voice normally, close code 1000.
2022-10-21 11:32:12,295 INFO: Voice handshake complete. Endpoint found japan1906.discord.media
2022-10-21 11:32:15,740 INFO: ffmpeg process 335 successfully terminated with return code of 0.
2022-10-21 11:32:18,377 INFO: ffmpeg process 345 successfully terminated with return code of 0.
2022-10-21 11:32:19,384 INFO: The voice handshake is being terminated for Channel ID 728631391809437746 (Guild ID 428109526550708234)
2022-10-21 11:32:19,385 INFO: Disconnecting from voice normally, close code 1000.
2022-10-21 12:29:04,416 INFO: Shard ID None has successfully RESUMED session 1eed0913078b579552090cc837102a97.
2022-10-21 12:46:38,017 INFO: 貓嗷嗚飄飄大仙 in 9又4分之8.7月台[123是什麼敷衍的名字]
2022-10-21 12:46:38,062 INFO: Connecting to voice...
2022-10-21 12:46:38,063 INFO: Starting voice handshake... (connection attempt 1)
2022-10-21 12:46:38,268 INFO: Voice handshake complete. Endpoint found japan1906.discord.media
2022-10-21 12:46:42,664 INFO: ffmpeg process 484 successfully terminated with return code of 0.
2022-10-21 12:46:46,137 INFO: ffmpeg process 494 successfully terminated with return code of 0.
2022-10-21 12:46:47,193 INFO: The voice handshake is being terminated for Channel ID 728631391809437746 (Guild ID 428109526550708234)
2022-10-21 12:46:47,194 INFO: Disconnecting from voice normally, close code 1000.
2022-10-21 12:55:09,644 INFO: SparkleZ in 9又4分之8.7月台[123是什麼敷衍的名字]
2022-10-21 12:55:09,722 INFO: Connecting to voice...
2022-10-21 12:55:09,722 INFO: Starting voice handshake... (connection attempt 1)
2022-10-21 12:55:10,102 INFO: Voice handshake complete. Endpoint found japan1906.discord.media
2022-10-21 12:55:13,751 INFO: ffmpeg process 505 successfully terminated with return code of 0.
2022-10-21 12:55:15,873 INFO: ffmpeg process 515 successfully terminated with return code of 0.
2022-10-21 12:55:16,878 INFO: The voice handshake is being terminated for Channel ID 728631391809437746 (Guild ID 428109526550708234)
2022-10-21 12:55:16,879 INFO: Disconnecting from voice normally, close code 1000.
2022-10-21 13:06:05,992 INFO: MaiMai的Pool out 9又4分之8.7月台[123是什麼敷衍的名字]
2022-10-21 13:06:05,993 INFO: Connecting to voice...
2022-10-21 13:06:05,993 INFO: Starting voice handshake... (connection attempt 1)
2022-10-21 13:06:06,217 INFO: Voice handshake complete. Endpoint found japan1906.discord.media
2022-10-21 13:06:07,253 INFO: MaiMai的Pool in 9又4分之8.7月台[123是什麼敷衍的名字]
2022-10-21 13:06:09,477 INFO: ffmpeg process 563 successfully terminated with return code of 0.
2022-10-21 13:06:13,286 INFO: ffmpeg process 573 successfully terminated with return code of 0.
2022-10-21 13:06:14,786 INFO: ffmpeg process 583 successfully terminated with return code of 0.
2022-10-21 13:06:16,331 INFO: The voice handshake is being terminated for Channel ID 728631391809437746 (Guild ID 428109526550708234)
2022-10-21 13:06:16,332 INFO: Disconnecting from voice normally, close code 1000.
2022-10-21 13:37:25,805 INFO: SparkleZ out 9又4分之8.7月台[123是什麼敷衍的名字]
2022-10-21 13:37:25,806 INFO: Connecting to voice...
2022-10-21 13:37:25,806 INFO: Starting voice handshake... (connection attempt 1)
2022-10-21 13:37:26,030 INFO: Voice handshake complete. Endpoint found japan1906.discord.media
2022-10-21 13:37:29,488 INFO: ffmpeg process 645 successfully terminated with return code of 0.
2022-10-21 13:37:30,519 INFO: The voice handshake is being terminated for Channel ID 728631391809437746 (Guild ID 428109526550708234)
2022-10-21 13:37:30,521 INFO: Disconnecting from voice normally, close code 1000.
2022-10-21 13:39:50,059 INFO: DADA的DIAO in 9又4分之8.7月台[123是什麼敷衍的名字]
2022-10-21 13:39:50,103 INFO: Connecting to voice...
2022-10-21 13:39:50,104 INFO: Starting voice handshake... (connection attempt 1)
2022-10-21 13:39:50,335 INFO: Voice handshake complete. Endpoint found japan1906.discord.media
2022-10-21 13:39:54,158 INFO: ffmpeg process 656 successfully terminated with return code of 0.
2022-10-21 13:39:56,381 INFO: ffmpeg process 666 successfully terminated with return code of 0.
2022-10-21 13:39:57,443 INFO: The voice handshake is being terminated for Channel ID 728631391809437746 (Guild ID 428109526550708234)
2022-10-21 13:39:57,444 INFO: Disconnecting from voice normally, close code 1000.
2022-10-21 13:57:42,743 INFO: Shard ID None has successfully RESUMED session 1eed0913078b579552090cc837102a97.
2022-10-21 13:59:34,012 INFO: 捷運 in 9又4分之8.7月台[欸欸欸這樣配可以嗎(思]
2022-10-21 13:59:34,050 INFO: Connecting to voice...
2022-10-21 13:59:34,051 INFO: Starting voice handshake... (connection attempt 1)
2022-10-21 13:59:34,145 INFO: Voice handshake complete. Endpoint found hongkong7585.discord.media
2022-10-21 13:59:34,317 ERROR: Exception occurred during Voice Protocol voice server update handler
Traceback (most recent call last):
  File "/opt/virtualenvs/python3/lib/python3.8/site-packages/discord/state.py", line 157, in logging_coroutine
    await coroutine
  File "/opt/virtualenvs/python3/lib/python3.8/site-packages/discord/voice_client.py", line 337, in on_voice_server_update
    await self.ws.close(4000)
AttributeError: '_MissingSentinel' object has no attribute 'close'
2022-10-21 13:59:37,194 INFO: ffmpeg process 696 successfully terminated with return code of 0.
2022-10-21 13:59:37,214 INFO: The voice handshake is being terminated for Channel ID 868516155525046333 (Guild ID 428109526550708234)
2022-10-21 13:59:37,215 INFO: Disconnecting from voice normally, close code 1000.
2022-10-21 13:59:38,222 INFO: ffmpeg process 706 has not terminated. Waiting to terminate...
2022-10-21 13:59:38,223 INFO: ffmpeg process 706 should have terminated with a return code of -9.
2022-10-21 14:00:54,659 INFO: SparkleZ in 9又4分之8.7月台[欸欸欸這樣配可以嗎(思]
2022-10-21 14:00:54,738 INFO: Connecting to voice...
2022-10-21 14:00:54,739 INFO: Starting voice handshake... (connection attempt 1)
2022-10-21 14:00:54,986 INFO: Voice handshake complete. Endpoint found hongkong7585.discord.media
2022-10-21 14:00:58,484 INFO: ffmpeg process 708 successfully terminated with return code of -9.
2022-10-21 14:00:58,497 INFO: The voice handshake is being terminated for Channel ID 868516155525046333 (Guild ID 428109526550708234)
2022-10-21 14:00:58,498 INFO: Disconnecting from voice normally, close code 1000.
2022-10-21 14:00:59,508 INFO: ffmpeg process 718 has not terminated. Waiting to terminate...
2022-10-21 14:00:59,508 INFO: ffmpeg process 718 should have terminated with a return code of -9.
2022-10-21 14:02:42,537 INFO: 捷運 out 9又4分之8.7月台[欸欸欸這樣配可以嗎(思]
2022-10-21 14:02:42,537 INFO: Connecting to voice...
2022-10-21 14:02:42,537 INFO: Starting voice handshake... (connection attempt 1)
2022-10-21 14:02:42,850 INFO: Voice handshake complete. Endpoint found hongkong7585.discord.media
2022-10-21 14:02:46,045 INFO: ffmpeg process 737 successfully terminated with return code of 0.
2022-10-21 14:02:47,092 INFO: The voice handshake is being terminated for Channel ID 868516155525046333 (Guild ID 428109526550708234)
2022-10-21 14:02:47,093 INFO: Disconnecting from voice normally, close code 1000.
2022-10-21 14:02:50,244 INFO: SparkleZ out 9又4分之8.7月台[欸欸欸這樣配可以嗎(思]
2022-10-21 14:02:50,244 INFO: Connecting to voice...
2022-10-21 14:02:50,244 INFO: Starting voice handshake... (connection attempt 1)
2022-10-21 14:02:50,312 INFO: Voice handshake complete. Endpoint found atlanta586.discord.media
2022-10-21 14:02:52,472 INFO: ffmpeg process 748 successfully terminated with return code of 0.
2022-10-21 14:02:53,502 INFO: The voice handshake is being terminated for Channel ID 868516155525046333 (Guild ID 428109526550708234)
2022-10-21 14:02:53,502 INFO: Disconnecting from voice normally, close code 1000.
2022-10-21 14:11:38,610 INFO: blob in 9又4分之8.7月台[123是什麼敷衍的名字]
2022-10-21 14:11:38,694 WARNING: 'zh-tw' has been deprecated, falling back to 'zh-TW'. This fallback will be removed in a future version.
2022-10-21 14:11:39,483 INFO: Connecting to voice...
2022-10-21 14:11:39,484 INFO: Starting voice handshake... (connection attempt 1)
2022-10-21 14:11:39,685 INFO: Voice handshake complete. Endpoint found japan1906.discord.media
2022-10-21 14:11:41,543 INFO: KyrieR in 9又4分之8.7月台[123是什麼敷衍的名字]
2022-10-21 14:11:43,186 INFO: ffmpeg process 798 successfully terminated with return code of 0.
2022-10-21 14:11:45,368 INFO: ffmpeg process 808 successfully terminated with return code of 0.
2022-10-21 14:11:49,042 INFO: ffmpeg process 818 successfully terminated with return code of 0.
2022-10-21 14:11:51,800 INFO: ffmpeg process 828 successfully terminated with return code of 0.
2022-10-21 14:11:52,866 INFO: The voice handshake is being terminated for Channel ID 728631391809437746 (Guild ID 428109526550708234)
2022-10-21 14:11:52,867 INFO: Disconnecting from voice normally, close code 1000.
2022-10-21 14:12:20,588 INFO: blob out 9又4分之8.7月台[123是什麼敷衍的名字]
2022-10-21 14:12:21,074 INFO: Connecting to voice...
2022-10-21 14:12:21,075 INFO: Starting voice handshake... (connection attempt 1)
2022-10-21 14:12:21,805 INFO: Voice handshake complete. Endpoint found japan1906.discord.media
2022-10-21 14:12:24,622 INFO: ffmpeg process 868 successfully terminated with return code of 0.
2022-10-21 14:12:25,649 INFO: The voice handshake is being terminated for Channel ID 728631391809437746 (Guild ID 428109526550708234)
2022-10-21 14:12:25,650 INFO: Disconnecting from voice normally, close code 1000.
2022-10-21 14:12:48,883 INFO: blob in 9又4分之8.7月台[123是什麼敷衍的名字]
2022-10-21 14:12:49,401 INFO: Connecting to voice...
2022-10-21 14:12:49,401 INFO: Starting voice handshake... (connection attempt 1)
2022-10-21 14:12:49,602 INFO: Voice handshake complete. Endpoint found japan1906.discord.media
2022-10-21 14:12:52,606 INFO: ffmpeg process 908 successfully terminated with return code of 0.
2022-10-21 14:12:54,826 INFO: ffmpeg process 918 successfully terminated with return code of 0.
2022-10-21 14:12:55,869 INFO: The voice handshake is being terminated for Channel ID 728631391809437746 (Guild ID 428109526550708234)
2022-10-21 14:12:55,870 INFO: Disconnecting from voice normally, close code 1000.
2022-10-21 14:13:08,027 INFO: blob out 9又4分之8.7月台[123是什麼敷衍的名字]
2022-10-21 14:13:08,028 INFO: Connecting to voice...
2022-10-21 14:13:08,028 INFO: Starting voice handshake... (connection attempt 1)
2022-10-21 14:13:08,341 INFO: Voice handshake complete. Endpoint found japan1906.discord.media
2022-10-21 14:13:11,101 INFO: ffmpeg process 929 successfully terminated with return code of 0.
2022-10-21 14:13:12,126 INFO: The voice handshake is being terminated for Channel ID 728631391809437746 (Guild ID 428109526550708234)
2022-10-21 14:13:12,127 INFO: Disconnecting from voice normally, close code 1000.
2022-10-21 14:14:19,993 INFO: blob in 9又4分之8.7月台[123是什麼敷衍的名字]
2022-10-21 14:14:20,078 INFO: Connecting to voice...
2022-10-21 14:14:20,078 INFO: Starting voice handshake... (connection attempt 1)
2022-10-21 14:14:20,289 INFO: Voice handshake complete. Endpoint found japan1906.discord.media
2022-10-21 14:14:23,354 INFO: ffmpeg process 940 successfully terminated with return code of 0.
2022-10-21 14:14:26,400 INFO: ffmpeg process 950 successfully terminated with return code of 0.
2022-10-21 14:14:27,435 INFO: The voice handshake is being terminated for Channel ID 728631391809437746 (Guild ID 428109526550708234)
2022-10-21 14:14:27,436 INFO: Disconnecting from voice normally, close code 1000.
2022-10-21 14:16:27,838 INFO: Chi in 9又4分之8.7月台[123是什麼敷衍的名字]
2022-10-21 14:16:27,925 INFO: Connecting to voice...
2022-10-21 14:16:27,925 INFO: Starting voice handshake... (connection attempt 1)
2022-10-21 14:16:28,124 INFO: Voice handshake complete. Endpoint found japan1906.discord.media
2022-10-21 14:16:31,220 INFO: ffmpeg process 979 successfully terminated with return code of 0.
2022-10-21 14:16:33,919 INFO: ffmpeg process 989 successfully terminated with return code of 0.
2022-10-21 14:16:34,988 INFO: The voice handshake is being terminated for Channel ID 728631391809437746 (Guild ID 428109526550708234)
2022-10-21 14:16:34,989 INFO: Disconnecting from voice normally, close code 1000.
2022-10-21 14:22:04,020 INFO: BunnyplayGG in 9又4分之8.7月台[123是什麼敷衍的名字]
2022-10-21 14:22:04,139 INFO: Connecting to voice...
2022-10-21 14:22:04,139 INFO: Starting voice handshake... (connection attempt 1)
2022-10-21 14:22:04,337 INFO: Voice handshake complete. Endpoint found japan1906.discord.media
2022-10-21 14:22:08,133 INFO: ffmpeg process 1034 successfully terminated with return code of 0.
2022-10-21 14:22:10,916 INFO: ffmpeg process 1044 successfully terminated with return code of 0.
2022-10-21 14:22:11,988 INFO: The voice handshake is being terminated for Channel ID 728631391809437746 (Guild ID 428109526550708234)
2022-10-21 14:22:11,990 INFO: Disconnecting from voice normally, close code 1000.
2022-10-21 14:23:57,859 INFO: louiskkk28 in 9又4分之8.7月台[打不出幹話就講出來啊]
2022-10-21 14:23:57,990 WARNING: 'zh-tw' has been deprecated, falling back to 'zh-TW'. This fallback will be removed in a future version.
2022-10-21 14:23:59,014 INFO: Connecting to voice...
2022-10-21 14:23:59,015 INFO: Starting voice handshake... (connection attempt 1)
2022-10-21 14:23:59,263 INFO: Voice handshake complete. Endpoint found hongkong3101.discord.media
2022-10-21 14:24:05,178 INFO: ffmpeg process 1094 successfully terminated with return code of 0.
2022-10-21 14:24:07,213 INFO: ffmpeg process 1104 successfully terminated with return code of 0.
2022-10-21 14:24:08,236 INFO: The voice handshake is being terminated for Channel ID 428109526550708238 (Guild ID 428109526550708234)
2022-10-21 14:24:08,237 INFO: Disconnecting from voice normally, close code 1000.
2022-10-21 14:24:12,399 INFO: louiskkk28 in 9又4分之8.7月台[欸欸欸這樣配可以嗎(思]
2022-10-21 14:24:13,034 INFO: Connecting to voice...
2022-10-21 14:24:13,034 INFO: Starting voice handshake... (connection attempt 1)
2022-10-21 14:24:13,293 INFO: Voice handshake complete. Endpoint found hongkong8364.discord.media
2022-10-21 14:24:16,054 INFO: louiskkk28 in 9又4分之8.7月台[打不出幹話就講出來啊]
2022-10-21 14:24:18,759 INFO: ffmpeg process 1144 successfully terminated with return code of 0.
2022-10-21 14:24:22,219 INFO: ffmpeg process 1154 successfully terminated with return code of 0.
2022-10-21 14:24:23,272 INFO: The voice handshake is being terminated for Channel ID 868516155525046333 (Guild ID 428109526550708234)
2022-10-21 14:24:23,273 INFO: Connecting to voice...
2022-10-21 14:24:23,273 INFO: Starting voice handshake... (connection attempt 1)
2022-10-21 14:24:23,274 INFO: Disconnecting from voice normally, close code 1000.
2022-10-21 14:24:23,533 INFO: Voice handshake complete. Endpoint found hongkong7697.discord.media
2022-10-21 14:24:28,998 INFO: ffmpeg process 1165 successfully terminated with return code of 0.
2022-10-21 14:24:31,726 INFO: ffmpeg process 1175 successfully terminated with return code of 0.
2022-10-21 14:24:32,777 INFO: The voice handshake is being terminated for Channel ID 428109526550708238 (Guild ID 428109526550708234)
2022-10-21 14:24:32,778 INFO: Disconnecting from voice normally, close code 1000.
2022-10-21 14:24:40,416 INFO: Chi in 9又4分之8.7月台[打不出幹話就講出來啊]
2022-10-21 14:24:40,494 INFO: Connecting to voice...
2022-10-21 14:24:40,495 INFO: Starting voice handshake... (connection attempt 1)
2022-10-21 14:24:40,674 INFO: louiskkk28 in 9又4分之8.7月台[123是什麼敷衍的名字]
2022-10-21 14:24:40,803 INFO: Voice handshake complete. Endpoint found hongkong7697.discord.media
2022-10-21 14:24:43,959 INFO: ffmpeg process 1186 successfully terminated with return code of 0.
2022-10-21 14:24:44,388 INFO: Chi in 9又4分之8.7月台[123是什麼敷衍的名字]
2022-10-21 14:24:46,752 INFO: ffmpeg process 1196 successfully terminated with return code of 0.
2022-10-21 14:24:47,819 INFO: The voice handshake is being terminated for Channel ID 428109526550708238 (Guild ID 428109526550708234)
2022-10-21 14:24:47,820 INFO: Connecting to voice...
2022-10-21 14:24:47,820 INFO: Starting voice handshake... (connection attempt 1)
2022-10-21 14:24:47,822 INFO: Disconnecting from voice normally, close code 1000.
2022-10-21 14:24:48,053 INFO: Voice handshake complete. Endpoint found japan1906.discord.media
2022-10-21 14:24:53,926 INFO: ffmpeg process 1207 successfully terminated with return code of 0.
2022-10-21 14:24:56,965 INFO: ffmpeg process 1217 successfully terminated with return code of 0.
2022-10-21 14:24:59,665 INFO: ffmpeg process 1227 successfully terminated with return code of 0.
2022-10-21 14:25:01,862 INFO: ffmpeg process 1237 successfully terminated with return code of 0.
2022-10-21 14:25:02,461 INFO: BunnyplayGG in 9又4分之8.7月台[打不出幹話就講出來啊]
2022-10-21 14:25:02,933 INFO: The voice handshake is being terminated for Channel ID 728631391809437746 (Guild ID 428109526550708234)
2022-10-21 14:25:02,934 INFO: Connecting to voice...
2022-10-21 14:25:02,934 INFO: Starting voice handshake... (connection attempt 1)
2022-10-21 14:25:02,936 INFO: Disconnecting from voice normally, close code 1000.
2022-10-21 14:25:03,809 INFO: Voice handshake complete. Endpoint found hongkong5968.discord.media
2022-10-21 14:25:04,416 INFO: Chi in 9又4分之8.7月台[打不出幹話就講出來啊]
2022-10-21 14:25:05,477 INFO: louiskkk28 in 9又4分之8.7月台[打不出幹話就講出來啊]
2022-10-21 14:25:07,731 INFO: ffmpeg process 1248 successfully terminated with return code of 0.
2022-10-21 14:25:10,372 INFO: ffmpeg process 1258 successfully terminated with return code of 0.
2022-10-21 14:25:13,574 INFO: ffmpeg process 1268 successfully terminated with return code of 0.
2022-10-21 14:25:14,320 INFO: 貓嗷嗚飄飄大仙 in 9又4分之8.7月台[打不出幹話就講出來啊]
2022-10-21 14:25:15,672 INFO: ffmpeg process 1278 successfully terminated with return code of 0.
2022-10-21 14:25:21,207 INFO: ffmpeg process 1288 successfully terminated with return code of 0.
2022-10-21 14:25:23,860 INFO: ffmpeg process 1298 successfully terminated with return code of 0.
2022-10-21 14:25:27,599 INFO: ffmpeg process 1308 successfully terminated with return code of 0.
2022-10-21 14:25:30,521 INFO: ffmpeg process 1318 successfully terminated with return code of 0.
2022-10-21 14:25:31,608 INFO: The voice handshake is being terminated for Channel ID 428109526550708238 (Guild ID 428109526550708234)
2022-10-21 14:25:31,609 INFO: Disconnecting from voice normally, close code 1000.
2022-10-21 14:32:52,553 INFO: louiskkk28 out 9又4分之8.7月台[打不出幹話就講出來啊]
2022-10-21 14:32:53,226 INFO: Connecting to voice...
2022-10-21 14:32:53,226 INFO: Starting voice handshake... (connection attempt 1)
2022-10-21 14:32:53,471 INFO: Voice handshake complete. Endpoint found hongkong5968.discord.media
2022-10-21 14:32:55,140 INFO: louiskkk28 in 9又4分之8.7月台[打不出幹話就講出來啊]
2022-10-21 14:32:58,765 INFO: ffmpeg process 1375 successfully terminated with return code of 0.
2022-10-21 14:33:03,789 INFO: ffmpeg process 1385 successfully terminated with return code of 0.
2022-10-21 14:33:06,542 INFO: ffmpeg process 1395 successfully terminated with return code of 0.
2022-10-21 14:33:07,594 INFO: The voice handshake is being terminated for Channel ID 428109526550708238 (Guild ID 428109526550708234)
2022-10-21 14:33:07,596 INFO: Disconnecting from voice normally, close code 1000.
2022-10-21 15:01:44,750 INFO: louiskkk28 out 9又4分之8.7月台[打不出幹話就講出來啊]
2022-10-21 15:01:44,750 INFO: Connecting to voice...
2022-10-21 15:01:44,751 INFO: Starting voice handshake... (connection attempt 1)
2022-10-21 15:01:45,128 INFO: Voice handshake complete. Endpoint found hongkong5968.discord.media
2022-10-21 15:01:46,241 INFO: louiskkk28 in 9又4分之8.7月台[打不出幹話就講出來啊]
2022-10-21 15:01:50,400 INFO: ffmpeg process 1457 successfully terminated with return code of 0.
2022-10-21 15:01:55,412 INFO: ffmpeg process 1467 successfully terminated with return code of 0.
2022-10-21 15:01:57,649 INFO: ffmpeg process 1477 successfully terminated with return code of 0.
2022-10-21 15:01:58,694 INFO: The voice handshake is being terminated for Channel ID 428109526550708238 (Guild ID 428109526550708234)
2022-10-21 15:01:58,696 INFO: Disconnecting from voice normally, close code 1000.
2022-10-21 15:11:44,259 INFO: DADA的DIAO out 9又4分之8.7月台[123是什麼敷衍的名字]
2022-10-21 15:11:44,260 INFO: Connecting to voice...
2022-10-21 15:11:44,262 INFO: Starting voice handshake... (connection attempt 1)
2022-10-21 15:11:44,485 INFO: Voice handshake complete. Endpoint found japan1906.discord.media
2022-10-21 15:11:48,019 INFO: ffmpeg process 1488 successfully terminated with return code of 0.
2022-10-21 15:11:49,047 INFO: The voice handshake is being terminated for Channel ID 728631391809437746 (Guild ID 428109526550708234)
2022-10-21 15:11:49,048 INFO: Disconnecting from voice normally, close code 1000.
2022-10-21 15:11:59,432 INFO: 貓嗷嗚飄飄大仙 in 9又4分之8.7月台[123是什麼敷衍的名字]
2022-10-21 15:11:59,474 INFO: Connecting to voice...
2022-10-21 15:11:59,474 INFO: Starting voice handshake... (connection attempt 1)
2022-10-21 15:11:59,734 INFO: Voice handshake complete. Endpoint found japan1906.discord.media
2022-10-21 15:12:03,961 INFO: ffmpeg process 1499 successfully terminated with return code of 0.
2022-10-21 15:12:06,332 INFO: ffmpeg process 1509 successfully terminated with return code of 0.
2022-10-21 15:12:07,379 INFO: The voice handshake is being terminated for Channel ID 728631391809437746 (Guild ID 428109526550708234)
2022-10-21 15:12:07,380 INFO: Disconnecting from voice normally, close code 1000.
2022-10-21 15:16:43,543 INFO: 楓夜 in 9又4分之8.7月台[打不出幹話就講出來啊]
2022-10-21 15:16:43,665 INFO: Connecting to voice...
2022-10-21 15:16:43,665 INFO: Starting voice handshake... (connection attempt 1)
2022-10-21 15:16:43,910 INFO: Voice handshake complete. Endpoint found hongkong5968.discord.media
2022-10-21 15:16:47,273 INFO: ffmpeg process 1538 successfully terminated with return code of 0.
2022-10-21 15:16:49,477 INFO: ffmpeg process 1548 successfully terminated with return code of 0.
2022-10-21 15:16:50,523 INFO: The voice handshake is being terminated for Channel ID 428109526550708238 (Guild ID 428109526550708234)
2022-10-21 15:16:50,524 INFO: Disconnecting from voice normally, close code 1000.
2022-10-21 15:20:30,315 INFO: WeIrdnA in 9又4分之8.7月台[123是什麼敷衍的名字]
2022-10-21 15:20:30,415 INFO: Connecting to voice...
2022-10-21 15:20:30,416 INFO: Starting voice handshake... (connection attempt 1)
2022-10-21 15:20:30,626 INFO: Voice handshake complete. Endpoint found japan1906.discord.media
2022-10-21 15:20:34,793 INFO: ffmpeg process 1577 successfully terminated with return code of 0.
2022-10-21 15:20:36,871 INFO: ffmpeg process 1587 successfully terminated with return code of 0.
2022-10-21 15:20:37,895 INFO: The voice handshake is being terminated for Channel ID 728631391809437746 (Guild ID 428109526550708234)
2022-10-21 15:20:37,896 INFO: Disconnecting from voice normally, close code 1000.
2022-10-21 15:24:56,804 INFO: WeIrdnA out 9又4分之8.7月台[123是什麼敷衍的名字]
2022-10-21 15:24:56,804 INFO: Connecting to voice...
2022-10-21 15:24:56,804 INFO: Starting voice handshake... (connection attempt 1)
2022-10-21 15:24:57,013 INFO: Voice handshake complete. Endpoint found japan1906.discord.media
2022-10-21 15:25:00,490 INFO: ffmpeg process 1598 successfully terminated with return code of 0.
2022-10-21 15:25:01,580 INFO: The voice handshake is being terminated for Channel ID 728631391809437746 (Guild ID 428109526550708234)
2022-10-21 15:25:01,581 INFO: Disconnecting from voice normally, close code 1000.
2022-10-21 15:37:17,359 INFO: louiskkk28 out 9又4分之8.7月台[打不出幹話就講出來啊]
2022-10-21 15:37:17,360 INFO: Connecting to voice...
2022-10-21 15:37:17,360 INFO: Starting voice handshake... (connection attempt 1)
2022-10-21 15:37:17,647 INFO: Voice handshake complete. Endpoint found hongkong5968.discord.media
2022-10-21 15:37:22,917 INFO: ffmpeg process 1626 successfully terminated with return code of 0.
2022-10-21 15:37:23,955 INFO: The voice handshake is being terminated for Channel ID 428109526550708238 (Guild ID 428109526550708234)
2022-10-21 15:37:23,955 INFO: Disconnecting from voice normally, close code 1000.
2022-10-21 15:38:08,639 INFO: Shard ID None has successfully RESUMED session 1eed0913078b579552090cc837102a97.
2022-10-21 16:04:28,906 INFO: Shard ID None has successfully RESUMED session 1eed0913078b579552090cc837102a97.
2022-10-21 16:25:24,373 INFO: BunnyplayGG out 9又4分之8.7月台[打不出幹話就講出來啊]
2022-10-21 16:25:24,374 INFO: Connecting to voice...
2022-10-21 16:25:24,374 INFO: Starting voice handshake... (connection attempt 1)
2022-10-21 16:25:24,639 INFO: Voice handshake complete. Endpoint found hongkong5968.discord.media
2022-10-21 16:25:28,474 INFO: ffmpeg process 1707 successfully terminated with return code of 0.
2022-10-21 16:25:29,527 INFO: The voice handshake is being terminated for Channel ID 428109526550708238 (Guild ID 428109526550708234)
2022-10-21 16:25:29,528 INFO: Disconnecting from voice normally, close code 1000.
2022-10-21 16:30:22,537 INFO: blob out 9又4分之8.7月台[123是什麼敷衍的名字]
2022-10-21 16:30:22,537 INFO: Connecting to voice...
2022-10-21 16:30:22,538 INFO: Starting voice handshake... (connection attempt 1)
2022-10-21 16:30:22,749 INFO: Voice handshake complete. Endpoint found japan1906.discord.media
2022-10-21 16:30:24,258 INFO: Lexor out 9又4分之8.7月台[123是什麼敷衍的名字]
2022-10-21 16:30:24,607 INFO: MaiMai的Pool out 9又4分之8.7月台[123是什麼敷衍的名字]
2022-10-21 16:30:25,587 INFO: ffmpeg process 1718 successfully terminated with return code of 0.
2022-10-21 16:30:28,303 INFO: ffmpeg process 1728 successfully terminated with return code of 0.
2022-10-21 16:30:31,443 INFO: ffmpeg process 1738 successfully terminated with return code of 0.
2022-10-21 16:30:32,453 INFO: The voice handshake is being terminated for Channel ID 728631391809437746 (Guild ID 428109526550708234)
2022-10-21 16:30:32,454 INFO: Disconnecting from voice normally, close code 1000.
2022-10-21 16:31:06,597 INFO: KyrieR out 9又4分之8.7月台[123是什麼敷衍的名字]
2022-10-21 16:31:06,598 INFO: Connecting to voice...
2022-10-21 16:31:06,598 INFO: Starting voice handshake... (connection attempt 1)
2022-10-21 16:31:06,980 INFO: Voice handshake complete. Endpoint found japan1906.discord.media
2022-10-21 16:31:10,202 INFO: ffmpeg process 1749 successfully terminated with return code of 0.
2022-10-21 16:31:11,219 INFO: The voice handshake is being terminated for Channel ID 728631391809437746 (Guild ID 428109526550708234)
2022-10-21 16:31:11,220 INFO: Disconnecting from voice normally, close code 1000.
2022-10-21 16:31:34,964 INFO: 貓嗷嗚飄飄大仙 out 9又4分之8.7月台[123是什麼敷衍的名字]
2022-10-21 16:31:34,966 INFO: Connecting to voice...
2022-10-21 16:31:34,966 INFO: Starting voice handshake... (connection attempt 1)
2022-10-21 16:31:35,052 INFO: Voice handshake complete. Endpoint found atlanta7745.discord.media
2022-10-21 16:31:37,763 INFO: ffmpeg process 1778 successfully terminated with return code of 0.
2022-10-21 16:31:38,835 INFO: The voice handshake is being terminated for Channel ID 728631391809437746 (Guild ID 428109526550708234)
2022-10-21 16:31:38,836 INFO: Disconnecting from voice normally, close code 1000.
2022-10-21 16:58:46,725 INFO: Shard ID None has successfully RESUMED session 1eed0913078b579552090cc837102a97.
2022-10-21 17:11:12,984 INFO: Chi out 9又4分之8.7月台[打不出幹話就講出來啊]
2022-10-21 17:11:12,984 INFO: Connecting to voice...
2022-10-21 17:11:12,984 INFO: Starting voice handshake... (connection attempt 1)
2022-10-21 17:11:13,138 INFO: 楓夜 out 9又4分之8.7月台[打不出幹話就講出來啊]
2022-10-21 17:11:13,231 INFO: Voice handshake complete. Endpoint found hongkong5968.discord.media
2022-10-21 17:11:16,294 INFO: ffmpeg process 1842 successfully terminated with return code of 0.
2022-10-21 17:11:19,048 INFO: ffmpeg process 1852 successfully terminated with return code of 0.
2022-10-21 17:11:20,054 INFO: The voice handshake is being terminated for Channel ID 428109526550708238 (Guild ID 428109526550708234)
2022-10-21 17:11:20,055 INFO: Disconnecting from voice normally, close code 1000.
2022-10-21 17:33:39,597 INFO: Shard ID None has successfully RESUMED session 1eed0913078b579552090cc837102a97.
2022-10-21 18:17:48,799 INFO: Shard ID None has successfully RESUMED session 1eed0913078b579552090cc837102a97.
2022-10-21 20:42:46,166 INFO: Shard ID None has successfully RESUMED session 1eed0913078b579552090cc837102a97.
2022-10-21 23:29:48,201 INFO: Shard ID None has successfully RESUMED session 1eed0913078b579552090cc837102a97.
2022-10-22 00:34:07,483 INFO: Shard ID None has successfully RESUMED session 1eed0913078b579552090cc837102a97.
