2022-10-22 18:40:50,601 INFO: logging in using static token
2022-10-22 18:40:51,077 INFO: Shard ID None has connected to Gateway (Session ID: ada8ad55bcf76bfd1e5cc0e6ce3eed46).
2022-10-22 18:40:53,087 INFO: 目前登入身份：神奇海螺#3847
2022-10-22 21:47:41,076 INFO: Shard ID None has successfully RESUMED session ada8ad55bcf76bfd1e5cc0e6ce3eed46.
2022-10-23 01:07:50,017 INFO: Shard ID None has successfully RESUMED session ada8ad55bcf76bfd1e5cc0e6ce3eed46.
2022-10-23 02:05:02,881 INFO: Shard ID None has successfully RESUMED session ada8ad55bcf76bfd1e5cc0e6ce3eed46.
2022-10-23 02:42:33,221 INFO: 貓嗷嗚飄飄大仙 in 9又4分之8.7月台[123是什麼敷衍的名字]
2022-10-23 02:42:33,245 INFO: Connecting to voice...
2022-10-23 02:42:33,245 INFO: Starting voice handshake... (connection attempt 1)
2022-10-23 02:42:33,432 INFO: Voice handshake complete. Endpoint found hongkong5318.discord.media
2022-10-23 02:42:33,605 ERROR: Exception occurred during Voice Protocol voice server update handler
Traceback (most recent call last):
  File "/opt/virtualenvs/python3/lib/python3.8/site-packages/discord/state.py", line 157, in logging_coroutine
    await coroutine
  File "/opt/virtualenvs/python3/lib/python3.8/site-packages/discord/voice_client.py", line 337, in on_voice_server_update
    await self.ws.close(4000)
AttributeError: '_MissingSentinel' object has no attribute 'close'
2022-10-23 02:42:37,517 INFO: ffmpeg process 935 successfully terminated with return code of 0.
2022-10-23 02:42:40,979 INFO: ffmpeg process 946 successfully terminated with return code of 0.
2022-10-23 02:42:42,029 INFO: The voice handshake is being terminated for Channel ID 728631391809437746 (Guild ID 428109526550708234)
2022-10-23 02:42:42,030 INFO: Disconnecting from voice normally, close code 1000.
2022-10-23 02:43:22,215 INFO: 貓嗷嗚飄飄大仙 out 9又4分之8.7月台[123是什麼敷衍的名字]
2022-10-23 02:43:22,215 INFO: Connecting to voice...
2022-10-23 02:43:22,215 INFO: Starting voice handshake... (connection attempt 1)
2022-10-23 02:43:22,306 INFO: Voice handshake complete. Endpoint found us-central6561.discord.media
2022-10-23 02:43:25,004 INFO: ffmpeg process 957 successfully terminated with return code of 0.
2022-10-23 02:43:26,083 INFO: The voice handshake is being terminated for Channel ID 728631391809437746 (Guild ID 428109526550708234)
2022-10-23 02:43:26,083 INFO: Disconnecting from voice normally, close code 1000.
2022-10-23 05:32:02,483 INFO: Shard ID None has successfully RESUMED session ada8ad55bcf76bfd1e5cc0e6ce3eed46.
2022-10-23 05:34:22,330 INFO: 貓嗷嗚飄飄大仙 in 9又4分之8.7月台[123是什麼敷衍的名字]
2022-10-23 05:34:22,354 INFO: Connecting to voice...
2022-10-23 05:34:22,354 INFO: Starting voice handshake... (connection attempt 1)
2022-10-23 05:34:22,430 INFO: Voice handshake complete. Endpoint found hongkong1658.discord.media
2022-10-23 05:34:22,642 ERROR: Exception occurred during Voice Protocol voice server update handler
Traceback (most recent call last):
  File "/opt/virtualenvs/python3/lib/python3.8/site-packages/discord/state.py", line 157, in logging_coroutine
    await coroutine
  File "/opt/virtualenvs/python3/lib/python3.8/site-packages/discord/voice_client.py", line 337, in on_voice_server_update
    await self.ws.close(4000)
AttributeError: '_MissingSentinel' object has no attribute 'close'
2022-10-23 05:34:26,999 INFO: ffmpeg process 1248 successfully terminated with return code of 0.
2022-10-23 05:34:30,465 INFO: ffmpeg process 1258 successfully terminated with return code of 0.
2022-10-23 05:34:31,516 INFO: The voice handshake is being terminated for Channel ID 728631391809437746 (Guild ID 428109526550708234)
2022-10-23 05:34:31,517 INFO: Disconnecting from voice normally, close code 1000.
2022-10-23 05:34:33,430 INFO: 貓嗷嗚飄飄大仙 out 9又4分之8.7月台[123是什麼敷衍的名字]
2022-10-23 05:34:33,430 INFO: Connecting to voice...
2022-10-23 05:34:33,430 INFO: Starting voice handshake... (connection attempt 1)
2022-10-23 05:34:33,533 INFO: Voice handshake complete. Endpoint found us-central414.discord.media
2022-10-23 05:34:36,210 INFO: ffmpeg process 1269 successfully terminated with return code of 0.
2022-10-23 05:34:37,280 INFO: The voice handshake is being terminated for Channel ID 728631391809437746 (Guild ID 428109526550708234)
2022-10-23 05:34:37,281 INFO: Disconnecting from voice normally, close code 1000.
2022-10-23 06:19:13,241 INFO: Lexor in 9又4分之8.7月台[123是什麼敷衍的名字]
2022-10-23 06:19:13,252 INFO: Connecting to voice...
2022-10-23 06:19:13,252 INFO: Starting voice handshake... (connection attempt 1)
2022-10-23 06:19:13,379 INFO: Voice handshake complete. Endpoint found japan6834.discord.media
2022-10-23 06:19:13,553 ERROR: Exception occurred during Voice Protocol voice server update handler
Traceback (most recent call last):
  File "/opt/virtualenvs/python3/lib/python3.8/site-packages/discord/state.py", line 157, in logging_coroutine
    await coroutine
  File "/opt/virtualenvs/python3/lib/python3.8/site-packages/discord/voice_client.py", line 337, in on_voice_server_update
    await self.ws.close(4000)
AttributeError: '_MissingSentinel' object has no attribute 'close'
2022-10-23 06:19:16,810 INFO: ffmpeg process 1369 successfully terminated with return code of 0.
2022-10-23 06:19:19,140 INFO: ffmpeg process 1379 successfully terminated with return code of 0.
2022-10-23 06:19:20,169 INFO: The voice handshake is being terminated for Channel ID 728631391809437746 (Guild ID 428109526550708234)
2022-10-23 06:19:20,170 INFO: Disconnecting from voice normally, close code 1000.
2022-10-23 06:32:05,351 INFO: MaiMai的Pool in 9又4分之8.7月台[123是什麼敷衍的名字]
2022-10-23 06:32:05,362 INFO: Connecting to voice...
2022-10-23 06:32:05,362 INFO: Starting voice handshake... (connection attempt 1)
2022-10-23 06:32:05,651 INFO: Voice handshake complete. Endpoint found japan6834.discord.media
2022-10-23 06:32:09,468 INFO: ffmpeg process 1390 successfully terminated with return code of 0.
2022-10-23 06:32:11,671 INFO: ffmpeg process 1400 successfully terminated with return code of 0.
2022-10-23 06:32:12,717 INFO: The voice handshake is being terminated for Channel ID 728631391809437746 (Guild ID 428109526550708234)
2022-10-23 06:32:12,717 INFO: Disconnecting from voice normally, close code 1000.
2022-10-23 06:50:39,327 INFO: Shard ID None has successfully RESUMED session ada8ad55bcf76bfd1e5cc0e6ce3eed46.
2022-10-23 07:12:43,978 INFO: logging in using static token
2022-10-23 07:12:44,676 INFO: Shard ID None has connected to Gateway (Session ID: 8303d25cdfee8ce35a9f8ecc80bf577d).
2022-10-23 07:12:46,682 INFO: 目前登入身份：神奇海螺#3847
2022-10-23 07:58:11,417 INFO: 貓嗷嗚飄飄大仙 in 9又4分之8.7月台[打不出幹話就講出來啊]
2022-10-23 07:58:11,688 INFO: Connecting to voice...
2022-10-23 07:58:11,690 INFO: Starting voice handshake... (connection attempt 1)
2022-10-23 07:58:11,998 INFO: Voice handshake complete. Endpoint found hongkong4304.discord.media
2022-10-23 07:58:15,748 INFO: ffmpeg process 212 successfully terminated with return code of 0.
2022-10-23 07:58:18,507 INFO: ffmpeg process 223 successfully terminated with return code of 0.
2022-10-23 07:58:19,555 INFO: The voice handshake is being terminated for Channel ID 428109526550708238 (Guild ID 428109526550708234)
2022-10-23 07:58:19,555 INFO: Disconnecting from voice normally, close code 1000.
2022-10-23 07:58:40,530 INFO: 貓嗷嗚飄飄大仙 out 9又4分之8.7月台[打不出幹話就講出來啊]
2022-10-23 07:58:40,530 INFO: Connecting to voice...
2022-10-23 07:58:40,530 INFO: Starting voice handshake... (connection attempt 1)
2022-10-23 07:58:40,693 INFO: Voice handshake complete. Endpoint found oregon10002.discord.media
2022-10-23 07:58:42,286 INFO: 貓嗷嗚飄飄大仙 in 9又4分之8.7月台[打不出幹話就講出來啊]
2022-10-23 07:58:43,375 INFO: ffmpeg process 234 successfully terminated with return code of 0.
2022-10-23 07:58:47,616 INFO: ffmpeg process 244 successfully terminated with return code of 0.
2022-10-23 07:58:50,376 INFO: ffmpeg process 254 successfully terminated with return code of 0.
2022-10-23 07:58:50,836 INFO: 貓嗷嗚飄飄大仙 out 9又4分之8.7月台[打不出幹話就講出來啊]
2022-10-23 07:58:53,972 INFO: ffmpeg process 264 successfully terminated with return code of 0.
2022-10-23 07:58:55,043 INFO: The voice handshake is being terminated for Channel ID 428109526550708238 (Guild ID 428109526550708234)
2022-10-23 07:58:55,044 INFO: Disconnecting from voice normally, close code 1000.
2022-10-23 08:44:14,798 INFO: Lexor out 9又4分之8.7月台[123是什麼敷衍的名字]
2022-10-23 08:44:14,798 INFO: Connecting to voice...
2022-10-23 08:44:14,799 INFO: Starting voice handshake... (connection attempt 1)
2022-10-23 08:44:15,056 INFO: Voice handshake complete. Endpoint found japan6834.discord.media
2022-10-23 08:44:15,211 INFO: MaiMai的Pool out 9又4分之8.7月台[123是什麼敷衍的名字]
2022-10-23 08:44:17,562 INFO: ffmpeg process 363 successfully terminated with return code of 0.
2022-10-23 08:44:20,705 INFO: ffmpeg process 373 successfully terminated with return code of 0.
2022-10-23 08:44:21,715 INFO: The voice handshake is being terminated for Channel ID 728631391809437746 (Guild ID 428109526550708234)
2022-10-23 08:44:21,716 INFO: Disconnecting from voice normally, close code 1000.
2022-10-23 11:10:32,717 INFO: Shard ID None has successfully RESUMED session 8303d25cdfee8ce35a9f8ecc80bf577d.
2022-10-23 12:46:53,155 INFO: logging in using static token
2022-10-23 12:46:53,762 INFO: Shard ID None has connected to Gateway (Session ID: d3b96315c640c06d303de5788908ab1e).
2022-10-23 12:46:55,774 INFO: 目前登入身份：神奇海螺#3847
2022-10-23 13:01:46,981 INFO: 貓嗷嗚飄飄大仙 in 9又4分之8.7月台[123是什麼敷衍的名字]
2022-10-23 13:01:47,031 INFO: Connecting to voice...
2022-10-23 13:01:47,031 INFO: Starting voice handshake... (connection attempt 1)
2022-10-23 13:01:47,337 INFO: Voice handshake complete. Endpoint found hongkong6988.discord.media
2022-10-23 13:01:51,571 INFO: ffmpeg process 160 successfully terminated with return code of 0.
2022-10-23 13:01:54,272 INFO: ffmpeg process 171 successfully terminated with return code of 0.
2022-10-23 13:01:55,278 INFO: The voice handshake is being terminated for Channel ID 728631391809437746 (Guild ID 428109526550708234)
2022-10-23 13:01:55,279 INFO: Disconnecting from voice normally, close code 1000.
2022-10-23 13:16:21,651 INFO: MaiMai的Pool in 9又4分之8.7月台[123是什麼敷衍的名字]
2022-10-23 13:16:21,748 INFO: Connecting to voice...
2022-10-23 13:16:21,748 INFO: Starting voice handshake... (connection attempt 1)
2022-10-23 13:16:22,057 INFO: Voice handshake complete. Endpoint found hongkong6988.discord.media
2022-10-23 13:16:25,860 INFO: ffmpeg process 199 successfully terminated with return code of 0.
2022-10-23 13:16:28,540 INFO: ffmpeg process 209 successfully terminated with return code of 0.
2022-10-23 13:16:29,608 INFO: The voice handshake is being terminated for Channel ID 728631391809437746 (Guild ID 428109526550708234)
2022-10-23 13:16:29,608 INFO: Disconnecting from voice normally, close code 1000.
2022-10-23 13:16:29,918 INFO: wawa的n in 9又4分之8.7月台[123是什麼敷衍的名字]
2022-10-23 13:16:29,965 INFO: Connecting to voice...
2022-10-23 13:16:29,965 INFO: Starting voice handshake... (connection attempt 1)
2022-10-23 13:16:30,325 INFO: Voice handshake complete. Endpoint found hongkong6988.discord.media
2022-10-23 13:16:33,500 INFO: ffmpeg process 220 successfully terminated with return code of 0.
2022-10-23 13:16:36,562 INFO: ffmpeg process 230 successfully terminated with return code of 0.
2022-10-23 13:16:37,593 INFO: The voice handshake is being terminated for Channel ID 728631391809437746 (Guild ID 428109526550708234)
2022-10-23 13:16:37,594 INFO: Disconnecting from voice normally, close code 1000.
2022-10-23 13:33:05,829 INFO: BunnyplayGG in 9又4分之8.7月台[123是什麼敷衍的名字]
2022-10-23 13:33:05,995 INFO: Connecting to voice...
2022-10-23 13:33:05,995 INFO: Starting voice handshake... (connection attempt 1)
2022-10-23 13:33:06,294 INFO: Voice handshake complete. Endpoint found hongkong6988.discord.media
2022-10-23 13:33:09,675 INFO: ffmpeg process 278 successfully terminated with return code of 0.
2022-10-23 13:33:12,353 INFO: ffmpeg process 288 successfully terminated with return code of 0.
2022-10-23 13:33:13,419 INFO: The voice handshake is being terminated for Channel ID 728631391809437746 (Guild ID 428109526550708234)
2022-10-23 13:33:13,420 INFO: Disconnecting from voice normally, close code 1000.
2022-10-23 13:36:23,453 INFO: KyrieR in 9又4分之8.7月台[123是什麼敷衍的名字]
2022-10-23 13:36:23,567 INFO: Connecting to voice...
2022-10-23 13:36:23,568 INFO: Starting voice handshake... (connection attempt 1)
2022-10-23 13:36:23,888 INFO: Voice handshake complete. Endpoint found hongkong6988.discord.media
2022-10-23 13:36:27,492 INFO: ffmpeg process 317 successfully terminated with return code of 0.
2022-10-23 13:36:30,495 INFO: ffmpeg process 327 successfully terminated with return code of 0.
2022-10-23 13:36:31,521 INFO: The voice handshake is being terminated for Channel ID 728631391809437746 (Guild ID 428109526550708234)
2022-10-23 13:36:31,522 INFO: Disconnecting from voice normally, close code 1000.
2022-10-23 13:44:45,931 INFO: Lexor in 9又4分之8.7月台[123是什麼敷衍的名字]
2022-10-23 13:44:45,979 INFO: Connecting to voice...
2022-10-23 13:44:45,979 INFO: Starting voice handshake... (connection attempt 1)
2022-10-23 13:44:46,290 INFO: Voice handshake complete. Endpoint found hongkong6988.discord.media
2022-10-23 13:44:49,153 INFO: ffmpeg process 338 successfully terminated with return code of 0.
2022-10-23 13:44:51,948 INFO: ffmpeg process 348 successfully terminated with return code of 0.
2022-10-23 13:44:53,017 INFO: The voice handshake is being terminated for Channel ID 728631391809437746 (Guild ID 428109526550708234)
2022-10-23 13:44:53,018 INFO: Disconnecting from voice normally, close code 1000.
2022-10-23 15:12:47,094 INFO: Fiven-chung in 9又4分之8.7月台[123是什麼敷衍的名字]
2022-10-23 15:12:47,241 INFO: Connecting to voice...
2022-10-23 15:12:47,242 INFO: Starting voice handshake... (connection attempt 1)
2022-10-23 15:12:47,542 INFO: Voice handshake complete. Endpoint found hongkong6988.discord.media
2022-10-23 15:12:50,439 INFO: ffmpeg process 488 successfully terminated with return code of 0.
2022-10-23 15:12:52,656 INFO: ffmpeg process 498 successfully terminated with return code of 0.
2022-10-23 15:12:53,700 INFO: The voice handshake is being terminated for Channel ID 728631391809437746 (Guild ID 428109526550708234)
2022-10-23 15:12:53,701 INFO: Disconnecting from voice normally, close code 1000.
2022-10-23 15:25:58,178 INFO: SparkleZ in 9又4分之8.7月台[123是什麼敷衍的名字]
2022-10-23 15:25:58,271 INFO: Connecting to voice...
2022-10-23 15:25:58,271 INFO: Starting voice handshake... (connection attempt 1)
2022-10-23 15:25:58,576 INFO: Voice handshake complete. Endpoint found hongkong6988.discord.media
2022-10-23 15:26:02,092 INFO: ffmpeg process 527 successfully terminated with return code of 0.
2022-10-23 15:26:04,934 INFO: ffmpeg process 537 successfully terminated with return code of 0.
2022-10-23 15:26:06,022 INFO: The voice handshake is being terminated for Channel ID 728631391809437746 (Guild ID 428109526550708234)
2022-10-23 15:26:06,023 INFO: Disconnecting from voice normally, close code 1000.
2022-10-23 15:38:16,176 INFO: Shard ID None has successfully RESUMED session d3b96315c640c06d303de5788908ab1e.
2022-10-23 15:54:43,179 INFO: 神奇海螺 in 9又4分之8.7月台[123是什麼敷衍的名字]
2022-10-23 15:54:43,236 INFO: Connecting to voice...
2022-10-23 15:54:43,236 INFO: Starting voice handshake... (connection attempt 1)
2022-10-23 15:54:43,540 INFO: Voice handshake complete. Endpoint found hongkong6988.discord.media
2022-10-23 15:54:47,419 INFO: ffmpeg process 637 successfully terminated with return code of 0.
2022-10-23 15:54:54,166 INFO: ffmpeg process 647 successfully terminated with return code of 0.
2022-10-23 15:54:55,226 INFO: The voice handshake is being terminated for Channel ID 728631391809437746 (Guild ID 428109526550708234)
2022-10-23 15:54:55,228 INFO: Disconnecting from voice normally, close code 1000.
2022-10-23 15:59:27,543 INFO: BunnyplayGG out 9又4分之8.7月台[123是什麼敷衍的名字]
2022-10-23 15:59:27,545 INFO: Connecting to voice...
2022-10-23 15:59:27,545 INFO: Starting voice handshake... (connection attempt 1)
2022-10-23 15:59:27,860 INFO: Voice handshake complete. Endpoint found hongkong6988.discord.media
2022-10-23 15:59:31,240 INFO: ffmpeg process 658 successfully terminated with return code of 0.
2022-10-23 15:59:32,289 INFO: The voice handshake is being terminated for Channel ID 728631391809437746 (Guild ID 428109526550708234)
2022-10-23 15:59:32,290 INFO: Disconnecting from voice normally, close code 1000.
2022-10-23 16:15:19,810 INFO: Lexor out 9又4分之8.7月台[123是什麼敷衍的名字]
2022-10-23 16:15:19,811 INFO: Connecting to voice...
2022-10-23 16:15:19,811 INFO: Starting voice handshake... (connection attempt 1)
2022-10-23 16:15:20,122 INFO: Voice handshake complete. Endpoint found hongkong6988.discord.media
2022-10-23 16:15:22,824 INFO: ffmpeg process 687 successfully terminated with return code of 0.
2022-10-23 16:15:23,850 INFO: The voice handshake is being terminated for Channel ID 728631391809437746 (Guild ID 428109526550708234)
2022-10-23 16:15:23,851 INFO: Disconnecting from voice normally, close code 1000.
2022-10-23 16:30:23,922 INFO: SparkleZ out 9又4分之8.7月台[123是什麼敷衍的名字]
2022-10-23 16:30:23,922 INFO: Connecting to voice...
2022-10-23 16:30:23,923 INFO: Starting voice handshake... (connection attempt 1)
2022-10-23 16:30:24,222 INFO: Voice handshake complete. Endpoint found hongkong6988.discord.media
2022-10-23 16:30:27,225 INFO: ffmpeg process 716 successfully terminated with return code of 0.
2022-10-23 16:30:28,258 INFO: The voice handshake is being terminated for Channel ID 728631391809437746 (Guild ID 428109526550708234)
2022-10-23 16:30:28,259 INFO: Disconnecting from voice normally, close code 1000.
2022-10-23 16:36:09,370 INFO: Fiven-chung out 9又4分之8.7月台[123是什麼敷衍的名字]
2022-10-23 16:36:09,371 INFO: Connecting to voice...
2022-10-23 16:36:09,371 INFO: Starting voice handshake... (connection attempt 1)
2022-10-23 16:36:09,669 INFO: Voice handshake complete. Endpoint found hongkong6988.discord.media
2022-10-23 16:36:12,631 INFO: ffmpeg process 743 successfully terminated with return code of 0.
2022-10-23 16:36:13,731 INFO: The voice handshake is being terminated for Channel ID 728631391809437746 (Guild ID 428109526550708234)
2022-10-23 16:36:13,732 INFO: Disconnecting from voice normally, close code 1000.
2022-10-23 17:02:50,674 INFO: wawa的n out 9又4分之8.7月台[123是什麼敷衍的名字]
2022-10-23 17:02:50,674 INFO: Connecting to voice...
2022-10-23 17:02:50,675 INFO: Starting voice handshake... (connection attempt 1)
2022-10-23 17:02:50,983 INFO: Voice handshake complete. Endpoint found hongkong6988.discord.media
2022-10-23 17:02:53,366 INFO: MaiMai的Pool out 9又4分之8.7月台[123是什麼敷衍的名字]
2022-10-23 17:02:53,994 INFO: ffmpeg process 791 successfully terminated with return code of 0.
2022-10-23 17:02:57,130 INFO: ffmpeg process 801 successfully terminated with return code of 0.
2022-10-23 17:02:58,139 INFO: The voice handshake is being terminated for Channel ID 728631391809437746 (Guild ID 428109526550708234)
2022-10-23 17:02:58,140 INFO: Disconnecting from voice normally, close code 1000.
2022-10-23 17:04:03,956 INFO: 貓嗷嗚飄飄大仙 out 9又4分之8.7月台[123是什麼敷衍的名字]
2022-10-23 17:04:03,956 INFO: Connecting to voice...
2022-10-23 17:04:03,956 INFO: Starting voice handshake... (connection attempt 1)
2022-10-23 17:04:04,337 INFO: Voice handshake complete. Endpoint found hongkong6988.discord.media
2022-10-23 17:04:07,941 INFO: ffmpeg process 830 successfully terminated with return code of 0.
2022-10-23 17:04:09,010 INFO: The voice handshake is being terminated for Channel ID 728631391809437746 (Guild ID 428109526550708234)
2022-10-23 17:04:09,012 INFO: Disconnecting from voice normally, close code 1000.
2022-10-23 17:04:09,971 INFO: KyrieR out 9又4分之8.7月台[123是什麼敷衍的名字]
2022-10-23 17:04:09,971 INFO: Connecting to voice...
2022-10-23 17:04:09,971 INFO: Starting voice handshake... (connection attempt 1)
2022-10-23 17:04:10,960 INFO: Voice handshake complete. Endpoint found hongkong6988.discord.media
2022-10-23 17:04:13,765 INFO: ffmpeg process 841 successfully terminated with return code of 0.
2022-10-23 17:04:14,773 INFO: The voice handshake is being terminated for Channel ID 728631391809437746 (Guild ID 428109526550708234)
2022-10-23 17:04:14,774 INFO: Disconnecting from voice normally, close code 1000.
2022-10-23 17:33:41,423 INFO: Shard ID None has successfully RESUMED session d3b96315c640c06d303de5788908ab1e.
2022-10-23 17:58:56,217 INFO: Shard ID None has successfully RESUMED session d3b96315c640c06d303de5788908ab1e.
