2022-02-21 04:00:06,003 INFO: logging in using static token
2022-02-21 04:00:06,377 INFO: Shard ID None has sent the IDENTIFY payload.
2022-02-21 04:00:06,533 INFO: Shard ID None has connected to Gateway: ["gateway-prd-main-z9hg",{"micros":114269,"calls":["discord-sessions-green-prd-2-103",{"micros":113159,"calls":["start_session",{"micros":69914,"calls":["api-prd-main-c5f3",{"micros":64893,"calls":["get_user",{"micros":7317},"add_authorized_ip",{"micros":5093},"get_guilds",{"micros":14397},"coros_wait",{"micros":3}]}]},"guilds_connect",{"micros":2,"calls":[]},"presence_connect",{"micros":1,"calls":[]}]}]}] (Session ID: 9ea369afe819d4b27797d2f30874b9ce).
2022-02-21 04:00:08,589 INFO: 目前登入身份：神奇海螺#3847
2022-02-21 07:49:06,588 INFO: logging in using static token
2022-02-21 07:49:06,856 INFO: Shard ID None has sent the IDENTIFY payload.
2022-02-21 07:49:06,981 INFO: Shard ID None has connected to Gateway: ["gateway-prd-main-d90c",{"micros":86772,"calls":["discord-sessions-green-prd-2-67",{"micros":86048,"calls":["start_session",{"micros":31250,"calls":["api-prd-main-nt56",{"micros":27908,"calls":["get_user",{"micros":3153},"add_authorized_ip",{"micros":1371},"get_guilds",{"micros":4676},"coros_wait",{"micros":1}]}]},"guilds_connect",{"micros":2,"calls":[]},"presence_connect",{"micros":1,"calls":[]}]}]}] (Session ID: 6f4e0e65f08d41487d6f63723bbbb46d).
2022-02-21 07:49:09,103 INFO: 目前登入身份：神奇海螺#3847
2022-02-21 08:35:19,078 INFO: logging in using static token
2022-02-21 08:35:19,339 INFO: Shard ID None has sent the IDENTIFY payload.
2022-02-21 08:35:19,447 INFO: Shard ID None has connected to Gateway: ["gateway-prd-main-1bw8",{"micros":71776,"calls":["discord-sessions-green-prd-2-104",{"micros":70810,"calls":["start_session",{"micros":30019,"calls":["api-prd-main-4xzr",{"micros":26142,"calls":["get_user",{"micros":2920},"add_authorized_ip",{"micros":1433},"get_guilds",{"micros":4117},"coros_wait",{"micros":1}]}]},"guilds_connect",{"micros":2,"calls":[]},"presence_connect",{"micros":19505,"calls":[]}]}]}] (Session ID: ddb39f846bb9ecef7fe195ddb0eb237b).
2022-02-21 08:35:21,551 INFO: 目前登入身份：神奇海螺#3847
2022-02-21 12:20:45,718 INFO: logging in using static token
2022-02-21 12:20:45,942 INFO: Shard ID None has sent the IDENTIFY payload.
2022-02-21 12:20:46,026 INFO: Shard ID None has connected to Gateway: ["gateway-prd-main-xk72",{"micros":42308,"calls":["discord-sessions-green-prd-2-174",{"micros":41423,"calls":["start_session",{"micros":34538,"calls":["api-prd-main-7nm9",{"micros":31388,"calls":["get_user",{"micros":3647},"add_authorized_ip",{"micros":1274},"get_guilds",{"micros":5703},"coros_wait",{"micros":0}]}]},"guilds_connect",{"micros":3,"calls":[]},"presence_connect",{"micros":2826,"calls":[]}]}]}] (Session ID: 19b177203f5f84b30f20fbc259a6b527).
2022-02-21 12:20:48,054 INFO: 目前登入身份：神奇海螺#3847
2022-02-21 12:40:07,522 INFO: Got a request to RESUME the websocket.
2022-02-21 12:40:07,677 INFO: Shard ID None has sent the RESUME payload.
2022-02-21 12:40:07,717 INFO: Shard ID None has successfully RESUMED session 19b177203f5f84b30f20fbc259a6b527 under trace ["gateway-prd-main-m957",{"micros":607,"calls":["discord-sessions-green-prd-2-174",{"micros":12}]}].
2022-02-21 12:53:41,169 INFO: Websocket closed with 1006, attempting a reconnect.
2022-02-21 12:53:41,169 INFO: Got a request to RESUME the websocket.
2022-02-21 12:53:41,320 INFO: Shard ID None has sent the RESUME payload.
2022-02-21 12:53:41,358 INFO: Shard ID None has successfully RESUMED session 19b177203f5f84b30f20fbc259a6b527 under trace ["gateway-prd-main-2fk1",{"micros":435,"calls":["discord-sessions-green-prd-2-174",{"micros":16}]}].
