2022-10-27 18:21:42,709 INFO: logging in using static token
2022-10-27 18:21:43,104 INFO: Shard ID None has connected to Gateway (Session ID: 368498e9352fe384b2eedb82f84e76f1).
2022-10-27 18:21:45,112 INFO: 目前登入身份：神奇海螺#3847
2022-10-27 18:24:21,860 INFO: Shard ID None has successfully RESUMED session 368498e9352fe384b2eedb82f84e76f1.
2022-10-27 18:34:17,657 INFO: Shard ID None has successfully RESUMED session 368498e9352fe384b2eedb82f84e76f1.
2022-10-27 18:40:06,895 INFO: logging in using static token
2022-10-27 18:40:07,545 INFO: Shard ID None has connected to Gateway (Session ID: c75307c7b60388810f7a07d6354cb52a).
2022-10-27 18:40:09,562 INFO: 目前登入身份：神奇海螺#3847
2022-10-27 22:12:55,558 INFO: Shard ID None has successfully RESUMED session c75307c7b60388810f7a07d6354cb52a.
2022-10-27 22:45:08,808 INFO: Shard ID None has successfully RESUMED session c75307c7b60388810f7a07d6354cb52a.
2022-10-28 00:07:22,712 INFO: logging in using static token
2022-10-28 00:07:23,420 INFO: Shard ID None has connected to Gateway (Session ID: 20a7db208cb11846f61774faf9663b00).
2022-10-28 00:07:25,425 INFO: 目前登入身份：神奇海螺#3847
2022-10-28 01:07:17,997 INFO: logging in using static token
2022-10-28 01:07:18,683 INFO: Shard ID None has connected to Gateway (Session ID: 08b966b1d2379b1e6b5349567ce38f9b).
2022-10-28 01:07:20,690 INFO: 目前登入身份：神奇海螺#3847
2022-10-28 01:56:10,617 INFO: Shard ID None has successfully RESUMED session 08b966b1d2379b1e6b5349567ce38f9b.
2022-10-28 04:18:29,992 INFO: Shard ID None has successfully RESUMED session 08b966b1d2379b1e6b5349567ce38f9b.
2022-10-28 04:54:58,452 INFO: Shard ID None has successfully RESUMED session 08b966b1d2379b1e6b5349567ce38f9b.
2022-10-28 06:30:59,400 INFO: Shard ID None has successfully RESUMED session 08b966b1d2379b1e6b5349567ce38f9b.
2022-10-28 08:56:06,705 INFO: Shard ID None has successfully RESUMED session 08b966b1d2379b1e6b5349567ce38f9b.
2022-10-28 10:50:18,714 INFO: Shard ID None has successfully RESUMED session 08b966b1d2379b1e6b5349567ce38f9b.
2022-10-28 12:43:29,810 INFO: Shard ID None has successfully RESUMED session 08b966b1d2379b1e6b5349567ce38f9b.
2022-10-28 14:01:53,912 INFO: 貓嗷嗚飄飄大仙 in 9又4分之8.7月台[123是什麼敷衍的名字]
2022-10-28 14:01:53,964 INFO: Connecting to voice...
2022-10-28 14:01:53,966 INFO: Starting voice handshake... (connection attempt 1)
2022-10-28 14:01:54,267 INFO: Voice handshake complete. Endpoint found hongkong1755.discord.media
2022-10-28 14:01:58,553 INFO: ffmpeg process 1340 successfully terminated with return code of 0.
2022-10-28 14:02:00,759 INFO: ffmpeg process 1351 successfully terminated with return code of 0.
2022-10-28 14:02:01,764 INFO: The voice handshake is being terminated for Channel ID 728631391809437746 (Guild ID 428109526550708234)
2022-10-28 14:02:01,765 INFO: Disconnecting from voice normally, close code 1000.
2022-10-28 14:07:50,757 INFO: MaiMai的Pool in 9又4分之8.7月台[123是什麼敷衍的名字]
2022-10-28 14:07:50,825 INFO: Connecting to voice...
2022-10-28 14:07:50,825 INFO: Starting voice handshake... (connection attempt 1)
2022-10-28 14:07:51,130 INFO: Voice handshake complete. Endpoint found hongkong1755.discord.media
2022-10-28 14:07:54,936 INFO: ffmpeg process 1381 successfully terminated with return code of 0.
2022-10-28 14:07:57,793 INFO: ffmpeg process 1391 successfully terminated with return code of 0.
2022-10-28 14:07:58,886 INFO: The voice handshake is being terminated for Channel ID 728631391809437746 (Guild ID 428109526550708234)
2022-10-28 14:07:58,887 INFO: Disconnecting from voice normally, close code 1000.
2022-10-28 14:09:57,977 INFO: KyrieR in 9又4分之8.7月台[123是什麼敷衍的名字]
2022-10-28 14:09:58,101 INFO: Connecting to voice...
2022-10-28 14:09:58,101 INFO: Starting voice handshake... (connection attempt 1)
2022-10-28 14:09:58,398 INFO: Voice handshake complete. Endpoint found hongkong1755.discord.media
2022-10-28 14:10:02,020 INFO: ffmpeg process 1402 successfully terminated with return code of 0.
2022-10-28 14:10:05,393 INFO: ffmpeg process 1412 successfully terminated with return code of 0.
2022-10-28 14:10:06,449 INFO: The voice handshake is being terminated for Channel ID 728631391809437746 (Guild ID 428109526550708234)
2022-10-28 14:10:06,450 INFO: Disconnecting from voice normally, close code 1000.
2022-10-28 14:11:22,511 INFO: wawa的n in 9又4分之8.7月台[123是什麼敷衍的名字]
2022-10-28 14:11:22,558 INFO: Connecting to voice...
2022-10-28 14:11:22,558 INFO: Starting voice handshake... (connection attempt 1)
2022-10-28 14:11:22,876 INFO: Voice handshake complete. Endpoint found hongkong1755.discord.media
2022-10-28 14:11:26,572 INFO: ffmpeg process 1423 successfully terminated with return code of 0.
2022-10-28 14:11:29,491 INFO: ffmpeg process 1433 successfully terminated with return code of 0.
2022-10-28 14:11:30,538 INFO: The voice handshake is being terminated for Channel ID 728631391809437746 (Guild ID 428109526550708234)
2022-10-28 14:11:30,539 INFO: Disconnecting from voice normally, close code 1000.
2022-10-28 14:16:07,950 INFO: 神奇海螺 in 9又4分之8.7月台[123是什麼敷衍的名字]
2022-10-28 14:16:08,000 INFO: Connecting to voice...
2022-10-28 14:16:08,000 INFO: Starting voice handshake... (connection attempt 1)
2022-10-28 14:16:08,292 INFO: Voice handshake complete. Endpoint found hongkong1755.discord.media
2022-10-28 14:16:11,665 INFO: ffmpeg process 1444 successfully terminated with return code of 0.
2022-10-28 14:16:20,121 INFO: ffmpeg process 1454 successfully terminated with return code of 0.
2022-10-28 14:16:21,172 INFO: The voice handshake is being terminated for Channel ID 728631391809437746 (Guild ID 428109526550708234)
2022-10-28 14:16:21,173 INFO: Disconnecting from voice normally, close code 1000.
2022-10-28 14:20:21,467 INFO: BunnyplayGG in 9又4分之8.7月台[123是什麼敷衍的名字]
2022-10-28 14:20:21,614 INFO: Connecting to voice...
2022-10-28 14:20:21,615 INFO: Starting voice handshake... (connection attempt 1)
2022-10-28 14:20:22,336 INFO: Voice handshake complete. Endpoint found hongkong1755.discord.media
2022-10-28 14:20:25,720 INFO: ffmpeg process 1484 successfully terminated with return code of 0.
2022-10-28 14:20:27,922 INFO: ffmpeg process 1494 successfully terminated with return code of 0.
2022-10-28 14:20:28,966 INFO: The voice handshake is being terminated for Channel ID 728631391809437746 (Guild ID 428109526550708234)
2022-10-28 14:20:28,967 INFO: Disconnecting from voice normally, close code 1000.
2022-10-28 14:36:18,859 INFO: SparkleZ in 9又4分之8.7月台[123是什麼敷衍的名字]
2022-10-28 14:36:18,999 INFO: Connecting to voice...
2022-10-28 14:36:18,999 INFO: Starting voice handshake... (connection attempt 1)
2022-10-28 14:36:19,298 INFO: Voice handshake complete. Endpoint found hongkong1755.discord.media
2022-10-28 14:36:22,313 INFO: ffmpeg process 1523 successfully terminated with return code of 0.
2022-10-28 14:36:25,709 INFO: ffmpeg process 1533 successfully terminated with return code of 0.
2022-10-28 14:36:26,759 INFO: The voice handshake is being terminated for Channel ID 728631391809437746 (Guild ID 428109526550708234)
2022-10-28 14:36:26,759 INFO: Disconnecting from voice normally, close code 1000.
2022-10-28 14:42:22,195 INFO: Lexor in 9又4分之8.7月台[123是什麼敷衍的名字]
2022-10-28 14:42:22,247 INFO: Connecting to voice...
2022-10-28 14:42:22,247 INFO: Starting voice handshake... (connection attempt 1)
2022-10-28 14:42:23,201 INFO: Voice handshake complete. Endpoint found hongkong1755.discord.media
2022-10-28 14:42:26,069 INFO: ffmpeg process 1544 successfully terminated with return code of 0.
2022-10-28 14:42:29,104 INFO: ffmpeg process 1554 successfully terminated with return code of 0.
2022-10-28 14:42:30,130 INFO: The voice handshake is being terminated for Channel ID 728631391809437746 (Guild ID 428109526550708234)
2022-10-28 14:42:30,131 INFO: Disconnecting from voice normally, close code 1000.
2022-10-28 15:51:47,758 INFO: Shard ID None has successfully RESUMED session 08b966b1d2379b1e6b5349567ce38f9b.
2022-10-28 16:29:12,510 INFO: BunnyplayGG out 9又4分之8.7月台[123是什麼敷衍的名字]
2022-10-28 16:29:12,510 INFO: Connecting to voice...
2022-10-28 16:29:12,510 INFO: Starting voice handshake... (connection attempt 1)
2022-10-28 16:29:12,810 INFO: Voice handshake complete. Endpoint found hongkong1755.discord.media
2022-10-28 16:29:16,206 INFO: ffmpeg process 1709 successfully terminated with return code of 0.
2022-10-28 16:29:17,254 INFO: The voice handshake is being terminated for Channel ID 728631391809437746 (Guild ID 428109526550708234)
2022-10-28 16:29:17,255 INFO: Disconnecting from voice normally, close code 1000.
2022-10-28 16:53:59,299 INFO: wawa的n out 9又4分之8.7月台[123是什麼敷衍的名字]
2022-10-28 16:53:59,299 INFO: Connecting to voice...
2022-10-28 16:53:59,300 INFO: Starting voice handshake... (connection attempt 1)
2022-10-28 16:53:59,607 INFO: Voice handshake complete. Endpoint found hongkong1755.discord.media
2022-10-28 16:54:02,605 INFO: ffmpeg process 1790 successfully terminated with return code of 0.
2022-10-28 16:54:03,633 INFO: The voice handshake is being terminated for Channel ID 728631391809437746 (Guild ID 428109526550708234)
2022-10-28 16:54:03,634 INFO: Disconnecting from voice normally, close code 1000.
2022-10-28 16:54:06,479 INFO: MaiMai的Pool out 9又4分之8.7月台[123是什麼敷衍的名字]
2022-10-28 16:54:06,480 INFO: Connecting to voice...
2022-10-28 16:54:06,480 INFO: Starting voice handshake... (connection attempt 1)
2022-10-28 16:54:06,809 INFO: Voice handshake complete. Endpoint found hongkong1755.discord.media
2022-10-28 16:54:09,920 INFO: ffmpeg process 1801 successfully terminated with return code of 0.
2022-10-28 16:54:10,929 INFO: The voice handshake is being terminated for Channel ID 728631391809437746 (Guild ID 428109526550708234)
2022-10-28 16:54:10,930 INFO: Disconnecting from voice normally, close code 1000.
2022-10-28 16:55:45,414 INFO: Shard ID None has successfully RESUMED session 08b966b1d2379b1e6b5349567ce38f9b.
2022-10-28 16:59:21,072 INFO: KyrieR out 9又4分之8.7月台[123是什麼敷衍的名字]
2022-10-28 16:59:21,074 INFO: Connecting to voice...
2022-10-28 16:59:21,074 INFO: Starting voice handshake... (connection attempt 1)
2022-10-28 16:59:21,379 INFO: Voice handshake complete. Endpoint found hongkong1755.discord.media
2022-10-28 16:59:24,227 INFO: ffmpeg process 1813 successfully terminated with return code of 0.
2022-10-28 16:59:25,234 INFO: The voice handshake is being terminated for Channel ID 728631391809437746 (Guild ID 428109526550708234)
2022-10-28 16:59:25,235 INFO: Disconnecting from voice normally, close code 1000.
2022-10-28 17:26:51,578 INFO: 貓嗷嗚飄飄大仙 out 9又4分之8.7月台[123是什麼敷衍的名字]
2022-10-28 17:26:51,578 INFO: Connecting to voice...
2022-10-28 17:26:51,579 INFO: Starting voice handshake... (connection attempt 1)
2022-10-28 17:26:51,893 INFO: Voice handshake complete. Endpoint found hongkong1755.discord.media
2022-10-28 17:26:55,444 INFO: ffmpeg process 1860 successfully terminated with return code of 0.
2022-10-28 17:26:56,516 INFO: The voice handshake is being terminated for Channel ID 728631391809437746 (Guild ID 428109526550708234)
2022-10-28 17:26:56,517 INFO: Disconnecting from voice normally, close code 1000.
2022-10-28 17:44:06,748 ERROR: Attempting a reconnect in 0.86s
Traceback (most recent call last):
  File "/opt/virtualenvs/python3/lib/python3.8/site-packages/discord/client.py", line 627, in connect
    await self.ws.poll_event()
  File "/opt/virtualenvs/python3/lib/python3.8/site-packages/discord/gateway.py", line 645, in poll_event
    raise ConnectionClosed(self.socket, shard_id=self.shard_id, code=code) from None
discord.errors.ConnectionClosed: Shard ID None WebSocket closed with 1000
2022-10-28 17:44:38,415 ERROR: Attempting a reconnect in 3.73s
Traceback (most recent call last):
  File "/opt/virtualenvs/python3/lib/python3.8/site-packages/discord/client.py", line 624, in connect
    self.ws = await asyncio.wait_for(coro, timeout=60.0)
  File "/usr/lib/python3.8/asyncio/tasks.py", line 494, in wait_for
    return fut.result()
  File "/opt/virtualenvs/python3/lib/python3.8/site-packages/discord/gateway.py", line 371, in from_client
    socket = await client.http.ws_connect(url)
  File "/opt/virtualenvs/python3/lib/python3.8/site-packages/discord/http.py", line 536, in ws_connect
    return await self.__session.ws_connect(url, **kwargs)
  File "/opt/virtualenvs/python3/lib/python3.8/site-packages/aiohttp/client.py", line 769, in _ws_connect
    raise WSServerHandshakeError(
aiohttp.client_exceptions.WSServerHandshakeError: 522, message='Invalid response status', url=URL('wss://gateway-us-east1-b.discord.gg/?v=10&encoding=json&compress=zlib-stream')
2022-10-28 17:45:42,202 ERROR: Attempting a reconnect in 1.97s
Traceback (most recent call last):
  File "/opt/virtualenvs/python3/lib/python3.8/site-packages/discord/client.py", line 624, in connect
    self.ws = await asyncio.wait_for(coro, timeout=60.0)
  File "/usr/lib/python3.8/asyncio/tasks.py", line 501, in wait_for
    raise exceptions.TimeoutError()
asyncio.exceptions.TimeoutError
2022-10-28 17:45:49,798 INFO: Shard ID None session has been invalidated.
2022-10-28 17:45:55,455 INFO: Shard ID None has connected to Gateway (Session ID: 18ff821f3151f81b9b7819d301e7ee7a).
2022-10-28 17:45:57,462 INFO: 目前登入身份：神奇海螺#3847
