2022-06-03 16:05:06,200 INFO: logging in using static token
2022-06-03 16:05:06,481 INFO: Shard ID None has sent the IDENTIFY payload.
2022-06-03 16:05:06,622 INFO: Shard ID None has connected to Gateway: ["gateway-prd-main-w2h3",{"micros":100305,"calls":["discord-sessions-blue-prd-2-28",{"micros":99125,"calls":["start_session",{"micros":47977,"calls":["discord-api-749579c799-gwh48",{"micros":43128,"calls":["get_user",{"micros":9116},"add_authorized_ip",{"micros":2156},"get_guilds",{"micros":6048},"coros_wait",{"micros":2}]}]},"guilds_connect",{"micros":2,"calls":[]},"presence_connect",{"micros":1,"calls":[]}]}]}] (Session ID: a8a4e2ad9a6284d7f18f6701d131cc99).
2022-06-03 16:05:08,671 INFO: 目前登入身份：神奇海螺#3847
2022-06-03 16:37:51,253 INFO: logging in using static token
2022-06-03 16:37:51,570 INFO: Shard ID None has sent the IDENTIFY payload.
2022-06-03 16:37:51,666 INFO: Shard ID None has connected to Gateway: ["gateway-prd-main-dlsm",{"micros":58611,"calls":["discord-sessions-blue-prd-2-103",{"micros":57268,"calls":["start_session",{"micros":42205,"calls":["discord-api-749579c799-svn4n",{"micros":37428,"calls":["get_user",{"micros":9536},"add_authorized_ip",{"micros":1627},"get_guilds",{"micros":4463},"coros_wait",{"micros":2}]}]},"guilds_connect",{"micros":2,"calls":[]},"presence_connect",{"micros":1,"calls":[]}]}]}] (Session ID: 3dd8ec94ce17b3a2715bdf66131a74b3).
2022-06-03 16:37:53,740 INFO: 目前登入身份：神奇海螺#3847
2022-06-03 17:07:09,456 INFO: BunnyplayGG out 9又4分之8.7月台[123是什麼敷衍的名字]
2022-06-03 17:07:09,457 INFO: Connecting to voice...
2022-06-03 17:07:09,457 INFO: Starting voice handshake... (connection attempt 1)
2022-06-03 17:07:09,830 INFO: Voice handshake complete. Endpoint found hongkong2519.discord.media
2022-06-03 17:07:11,110 INFO: selected the voice protocol for use (xsalsa20_poly1305_lite)
2022-06-03 17:07:11,323 INFO: received secret key for voice connection
2022-06-03 17:07:13,704 INFO: Preparing to terminate ffmpeg process 204.
2022-06-03 17:07:13,705 INFO: ffmpeg process 204 successfully terminated with return code of 0.
2022-06-03 17:07:14,753 INFO: The voice handshake is being terminated for Channel ID 728631391809437746 (Guild ID 428109526550708234)
2022-06-03 17:07:14,760 INFO: Disconnecting from voice normally, close code 1000.
2022-06-03 17:13:36,974 INFO: Chi out 9又4分之8.7月台[123是什麼敷衍的名字]
2022-06-03 17:13:36,975 INFO: Connecting to voice...
2022-06-03 17:13:36,975 INFO: Starting voice handshake... (connection attempt 1)
2022-06-03 17:13:37,945 INFO: Voice handshake complete. Endpoint found hongkong2519.discord.media
2022-06-03 17:13:39,225 INFO: selected the voice protocol for use (xsalsa20_poly1305_lite)
2022-06-03 17:13:39,441 INFO: received secret key for voice connection
2022-06-03 17:13:41,008 INFO: Preparing to terminate ffmpeg process 216.
2022-06-03 17:13:41,010 INFO: ffmpeg process 216 successfully terminated with return code of 0.
2022-06-03 17:13:42,054 INFO: The voice handshake is being terminated for Channel ID 728631391809437746 (Guild ID 428109526550708234)
2022-06-03 17:13:42,055 INFO: Disconnecting from voice normally, close code 1000.
2022-06-03 17:55:20,447 INFO: SparkleZ out 9又4分之8.7月台[123是什麼敷衍的名字]
2022-06-03 17:55:20,448 INFO: Connecting to voice...
2022-06-03 17:55:20,448 INFO: Starting voice handshake... (connection attempt 1)
2022-06-03 17:55:21,402 INFO: Voice handshake complete. Endpoint found hongkong2519.discord.media
2022-06-03 17:55:22,667 INFO: selected the voice protocol for use (xsalsa20_poly1305_lite)
2022-06-03 17:55:22,884 INFO: received secret key for voice connection
2022-06-03 17:55:24,876 INFO: Preparing to terminate ffmpeg process 351.
2022-06-03 17:55:24,876 INFO: ffmpeg process 351 successfully terminated with return code of 0.
2022-06-03 17:55:25,908 INFO: The voice handshake is being terminated for Channel ID 728631391809437746 (Guild ID 428109526550708234)
2022-06-03 17:55:25,908 INFO: Disconnecting from voice normally, close code 1000.
2022-06-03 18:02:10,160 INFO: KyrieR out 9又4分之8.7月台[123是什麼敷衍的名字]
2022-06-03 18:02:10,162 INFO: Connecting to voice...
2022-06-03 18:02:10,162 INFO: Starting voice handshake... (connection attempt 1)
2022-06-03 18:02:11,136 INFO: Voice handshake complete. Endpoint found hongkong2519.discord.media
2022-06-03 18:02:12,418 INFO: selected the voice protocol for use (xsalsa20_poly1305_lite)
2022-06-03 18:02:12,643 INFO: received secret key for voice connection
2022-06-03 18:02:14,449 INFO: Preparing to terminate ffmpeg process 393.
2022-06-03 18:02:14,450 INFO: ffmpeg process 393 successfully terminated with return code of 0.
2022-06-03 18:02:15,456 INFO: The voice handshake is being terminated for Channel ID 728631391809437746 (Guild ID 428109526550708234)
2022-06-03 18:02:15,457 INFO: Disconnecting from voice normally, close code 1000.
2022-06-03 18:02:22,983 INFO: Got a request to RESUME the websocket.
2022-06-03 18:02:23,165 INFO: Shard ID None has sent the RESUME payload.
2022-06-03 18:02:23,214 INFO: Shard ID None has successfully RESUMED session 3dd8ec94ce17b3a2715bdf66131a74b3 under trace ["gateway-prd-main-vd7c",{"micros":546,"calls":["discord-sessions-blue-prd-2-103",{"micros":29}]}].
2022-06-03 18:24:15,726 INFO: 不偷家的飄飄大仙 in 9又4分之8.7月台[打不出幹話就講出來啊]
2022-06-03 18:24:15,761 INFO: Connecting to voice...
2022-06-03 18:24:15,761 INFO: Starting voice handshake... (connection attempt 1)
2022-06-03 18:24:15,924 INFO: Voice handshake complete. Endpoint found us-central7971.discord.media
2022-06-03 18:24:16,046 INFO: selected the voice protocol for use (xsalsa20_poly1305_lite)
2022-06-03 18:24:16,060 INFO: received secret key for voice connection
2022-06-03 18:24:19,328 INFO: Preparing to terminate ffmpeg process 436.
2022-06-03 18:24:19,329 INFO: ffmpeg process 436 successfully terminated with return code of 0.
2022-06-03 18:24:20,384 INFO: The voice handshake is being terminated for Channel ID 728631391809437746 (Guild ID 428109526550708234)
2022-06-03 18:24:20,385 INFO: Connecting to voice...
2022-06-03 18:24:20,385 INFO: Starting voice handshake... (connection attempt 1)
2022-06-03 18:24:20,386 INFO: Disconnecting from voice normally, close code 1000.
2022-06-03 18:24:20,590 INFO: Voice handshake complete. Endpoint found japan2955.discord.media
2022-06-03 18:24:21,198 INFO: 不偷家的飄飄大仙 out 9又4分之8.7月台[打不出幹話就講出來啊]
2022-06-03 18:24:21,585 INFO: selected the voice protocol for use (xsalsa20_poly1305_lite)
2022-06-03 18:24:21,750 INFO: received secret key for voice connection
2022-06-03 18:24:24,818 INFO: Preparing to terminate ffmpeg process 447.
2022-06-03 18:24:24,822 INFO: ffmpeg process 447 successfully terminated with return code of 0.
2022-06-03 18:24:28,242 INFO: Preparing to terminate ffmpeg process 457.
2022-06-03 18:24:28,242 INFO: ffmpeg process 457 successfully terminated with return code of 0.
2022-06-03 18:24:32,175 INFO: Preparing to terminate ffmpeg process 467.
2022-06-03 18:24:32,176 INFO: ffmpeg process 467 successfully terminated with return code of 0.
2022-06-03 18:24:33,208 INFO: The voice handshake is being terminated for Channel ID 428109526550708238 (Guild ID 428109526550708234)
2022-06-03 18:24:33,208 INFO: Disconnecting from voice normally, close code 1000.
2022-06-03 18:29:19,116 INFO: MaiMai的Pool out 9又4分之8.7月台[打不出幹話就講出來啊]
2022-06-03 18:29:19,120 INFO: Connecting to voice...
2022-06-03 18:29:19,121 INFO: Starting voice handshake... (connection attempt 1)
2022-06-03 18:29:19,863 INFO: Voice handshake complete. Endpoint found japan2955.discord.media
2022-06-03 18:29:20,879 INFO: selected the voice protocol for use (xsalsa20_poly1305_lite)
2022-06-03 18:29:21,051 INFO: received secret key for voice connection
2022-06-03 18:29:23,173 INFO: Preparing to terminate ffmpeg process 478.
2022-06-03 18:29:23,173 INFO: ffmpeg process 478 successfully terminated with return code of 0.
2022-06-03 18:29:24,196 INFO: The voice handshake is being terminated for Channel ID 428109526550708238 (Guild ID 428109526550708234)
2022-06-03 18:29:24,196 INFO: Disconnecting from voice normally, close code 1000.
2022-06-03 18:29:37,904 INFO: wawa的n out 9又4分之8.7月台[打不出幹話就講出來啊]
2022-06-03 18:29:37,904 INFO: Connecting to voice...
2022-06-03 18:29:37,905 INFO: Starting voice handshake... (connection attempt 1)
2022-06-03 18:29:38,080 INFO: Voice handshake complete. Endpoint found us-central5553.discord.media
2022-06-03 18:29:38,201 INFO: selected the voice protocol for use (xsalsa20_poly1305_lite)
2022-06-03 18:29:38,217 INFO: received secret key for voice connection
2022-06-03 18:29:40,204 INFO: Preparing to terminate ffmpeg process 489.
2022-06-03 18:29:40,205 INFO: ffmpeg process 489 successfully terminated with return code of 0.
2022-06-03 18:29:41,244 INFO: The voice handshake is being terminated for Channel ID 428109526550708238 (Guild ID 428109526550708234)
2022-06-03 18:29:41,245 INFO: Disconnecting from voice normally, close code 1000.
2022-06-03 18:47:15,276 INFO: Got a request to RESUME the websocket.
2022-06-03 18:47:15,439 INFO: Shard ID None has sent the RESUME payload.
2022-06-03 18:47:15,482 INFO: Shard ID None has successfully RESUMED session 3dd8ec94ce17b3a2715bdf66131a74b3 under trace ["gateway-prd-main-b8mz",{"micros":6021,"calls":["discord-sessions-blue-prd-2-103",{"micros":24}]}].
2022-06-03 21:31:53,401 INFO: logging in using static token
2022-06-03 21:31:53,679 INFO: Shard ID None has sent the IDENTIFY payload.
2022-06-03 21:31:53,787 INFO: Shard ID None has connected to Gateway: ["gateway-prd-main-bzdr",{"micros":69282,"calls":["discord-sessions-blue-prd-2-168",{"micros":68136,"calls":["start_session",{"micros":46782,"calls":["discord-api-bb88cc9b5-4qtrx",{"micros":41730,"calls":["get_user",{"micros":8352},"add_authorized_ip",{"micros":1692},"get_guilds",{"micros":7958},"coros_wait",{"micros":2}]}]},"guilds_connect",{"micros":2,"calls":[]},"presence_connect",{"micros":1,"calls":[]}]}]}] (Session ID: f9a26f7736f514978f46307fed3fe497).
2022-06-03 21:31:55,833 INFO: 目前登入身份：神奇海螺#3847
2022-06-03 21:45:09,405 INFO: logging in using static token
2022-06-03 21:45:09,692 INFO: Shard ID None has sent the IDENTIFY payload.
2022-06-03 21:45:09,838 INFO: Shard ID None has connected to Gateway: ["gateway-prd-main-gwcl",{"micros":102283,"calls":["discord-sessions-blue-prd-2-79",{"micros":101192,"calls":["start_session",{"micros":65756,"calls":["discord-api-bb88cc9b5-7frbp",{"micros":59705,"calls":["get_user",{"micros":13170},"add_authorized_ip",{"micros":1517},"get_guilds",{"micros":6428},"coros_wait",{"micros":2}]}]},"guilds_connect",{"micros":2,"calls":[]},"presence_connect",{"micros":1,"calls":[]}]}]}] (Session ID: e1abf59a4ca5a5c3b6117c989f4a973c).
2022-06-03 21:45:11,900 INFO: 目前登入身份：神奇海螺#3847
2022-06-03 22:18:18,289 INFO: Got a request to RESUME the websocket.
2022-06-03 22:18:18,441 INFO: Shard ID None has sent the RESUME payload.
2022-06-03 22:18:18,484 INFO: Shard ID None has successfully RESUMED session e1abf59a4ca5a5c3b6117c989f4a973c under trace ["gateway-prd-main-r2t4",{"micros":1151,"calls":["discord-sessions-blue-prd-2-79",{"micros":21}]}].
2022-06-04 00:50:16,898 INFO: Got a request to RESUME the websocket.
2022-06-04 00:50:17,076 INFO: Shard ID None has sent the RESUME payload.
2022-06-04 00:50:17,120 INFO: Shard ID None has successfully RESUMED session e1abf59a4ca5a5c3b6117c989f4a973c under trace ["gateway-prd-main-fxlr",{"micros":1392,"calls":["discord-sessions-blue-prd-2-79",{"micros":22}]}].
2022-06-04 04:27:13,226 INFO: Got a request to RESUME the websocket.
2022-06-04 04:27:13,397 INFO: Shard ID None has sent the RESUME payload.
2022-06-04 04:27:13,437 INFO: Shard ID None has successfully RESUMED session e1abf59a4ca5a5c3b6117c989f4a973c under trace ["gateway-prd-main-td0x",{"micros":575,"calls":["discord-sessions-blue-prd-2-79",{"micros":21}]}].
2022-06-04 05:46:47,537 INFO: Websocket closed with 1006, attempting a reconnect.
2022-06-04 05:46:47,538 INFO: Got a request to RESUME the websocket.
2022-06-04 05:46:47,698 INFO: Shard ID None has sent the RESUME payload.
2022-06-04 05:46:47,748 INFO: Shard ID None has successfully RESUMED session e1abf59a4ca5a5c3b6117c989f4a973c under trace ["gateway-prd-main-9pwj",{"micros":10460,"calls":["discord-sessions-blue-prd-2-79",{"micros":24}]}].
2022-06-04 06:32:26,968 INFO: Got a request to RESUME the websocket.
2022-06-04 06:32:27,120 INFO: Shard ID None has sent the RESUME payload.
2022-06-04 06:32:27,157 INFO: Shard ID None has successfully RESUMED session e1abf59a4ca5a5c3b6117c989f4a973c under trace ["gateway-prd-main-slv2",{"micros":649,"calls":["discord-sessions-blue-prd-2-79",{"micros":21}]}].
2022-06-04 06:32:36,606 INFO: MaiMai的Pool in 9又4分之8.7月台[123是什麼敷衍的名字]
2022-06-04 06:32:36,630 INFO: Connecting to voice...
2022-06-04 06:32:36,631 INFO: Starting voice handshake... (connection attempt 1)
2022-06-04 06:32:37,202 INFO: Voice handshake complete. Endpoint found japan366.discord.media
2022-06-04 06:32:37,349 ERROR: Exception occurred during Voice Protocol voice server update handler
Traceback (most recent call last):
  File "/opt/virtualenvs/python3/lib/python3.8/site-packages/discord/state.py", line 102, in logging_coroutine
    await coroutine
  File "/opt/virtualenvs/python3/lib/python3.8/site-packages/discord/voice_client.py", line 295, in on_voice_server_update
    await self.ws.close(4000)
AttributeError: 'NoneType' object has no attribute 'close'
2022-06-04 06:32:38,200 INFO: selected the voice protocol for use (xsalsa20_poly1305_lite)
2022-06-04 06:32:38,364 INFO: received secret key for voice connection
2022-06-04 06:32:40,681 INFO: Preparing to terminate ffmpeg process 1545.
2022-06-04 06:32:40,682 INFO: ffmpeg process 1545 successfully terminated with return code of 0.
2022-06-04 06:32:42,817 INFO: Preparing to terminate ffmpeg process 1556.
2022-06-04 06:32:42,817 INFO: ffmpeg process 1556 successfully terminated with return code of 0.
2022-06-04 06:32:43,820 INFO: The voice handshake is being terminated for Channel ID 728631391809437746 (Guild ID 428109526550708234)
2022-06-04 06:32:43,821 INFO: Disconnecting from voice normally, close code 1000.
2022-06-04 06:36:38,704 INFO: wawa的n in 9又4分之8.7月台[123是什麼敷衍的名字]
2022-06-04 06:36:38,741 INFO: Connecting to voice...
2022-06-04 06:36:38,741 INFO: Starting voice handshake... (connection attempt 1)
2022-06-04 06:36:39,445 INFO: Voice handshake complete. Endpoint found japan366.discord.media
2022-06-04 06:36:40,438 INFO: selected the voice protocol for use (xsalsa20_poly1305_lite)
2022-06-04 06:36:40,604 INFO: received secret key for voice connection
2022-06-04 06:36:43,273 INFO: Preparing to terminate ffmpeg process 1567.
2022-06-04 06:36:43,274 INFO: ffmpeg process 1567 successfully terminated with return code of 0.
2022-06-04 06:36:46,081 INFO: Preparing to terminate ffmpeg process 1577.
2022-06-04 06:36:46,081 INFO: ffmpeg process 1577 successfully terminated with return code of 0.
2022-06-04 06:36:47,153 INFO: The voice handshake is being terminated for Channel ID 728631391809437746 (Guild ID 428109526550708234)
2022-06-04 06:36:47,153 INFO: Disconnecting from voice normally, close code 1000.
2022-06-04 06:55:17,056 INFO: SparkleZ in 9又4分之8.7月台[123是什麼敷衍的名字]
2022-06-04 06:55:17,130 INFO: Connecting to voice...
2022-06-04 06:55:17,130 INFO: Starting voice handshake... (connection attempt 1)
2022-06-04 06:55:17,821 INFO: Voice handshake complete. Endpoint found japan366.discord.media
2022-06-04 06:55:18,845 INFO: selected the voice protocol for use (xsalsa20_poly1305_lite)
2022-06-04 06:55:19,015 INFO: received secret key for voice connection
2022-06-04 06:55:21,525 INFO: Preparing to terminate ffmpeg process 1619.
2022-06-04 06:55:21,526 INFO: ffmpeg process 1619 successfully terminated with return code of 0.
2022-06-04 06:55:23,805 INFO: Preparing to terminate ffmpeg process 1629.
2022-06-04 06:55:23,806 INFO: ffmpeg process 1629 successfully terminated with return code of 0.
2022-06-04 06:55:24,850 INFO: The voice handshake is being terminated for Channel ID 728631391809437746 (Guild ID 428109526550708234)
2022-06-04 06:55:24,851 INFO: Disconnecting from voice normally, close code 1000.
2022-06-04 07:07:55,780 INFO: 不偷家的飄飄大仙 in 9又4分之8.7月台[123是什麼敷衍的名字]
2022-06-04 07:07:55,820 INFO: Connecting to voice...
2022-06-04 07:07:55,820 INFO: Starting voice handshake... (connection attempt 1)
2022-06-04 07:07:56,028 INFO: Voice handshake complete. Endpoint found japan366.discord.media
2022-06-04 07:07:57,023 INFO: selected the voice protocol for use (xsalsa20_poly1305_lite)
2022-06-04 07:07:57,187 INFO: received secret key for voice connection
2022-06-04 07:08:00,256 INFO: Preparing to terminate ffmpeg process 1671.
2022-06-04 07:08:00,257 INFO: ffmpeg process 1671 successfully terminated with return code of 0.
2022-06-04 07:08:03,140 INFO: Preparing to terminate ffmpeg process 1681.
2022-06-04 07:08:03,141 INFO: ffmpeg process 1681 successfully terminated with return code of 0.
2022-06-04 07:08:04,233 INFO: The voice handshake is being terminated for Channel ID 728631391809437746 (Guild ID 428109526550708234)
2022-06-04 07:08:04,233 INFO: Disconnecting from voice normally, close code 1000.
2022-06-04 07:18:42,859 INFO: Got a request to RESUME the websocket.
2022-06-04 07:18:43,028 INFO: Shard ID None has sent the RESUME payload.
2022-06-04 07:18:43,069 INFO: Shard ID None has successfully RESUMED session e1abf59a4ca5a5c3b6117c989f4a973c under trace ["gateway-prd-main-g4fl",{"micros":457,"calls":["discord-sessions-blue-prd-2-79",{"micros":19}]}].
2022-06-04 07:19:37,134 INFO: wawa的n out 9又4分之8.7月台[123是什麼敷衍的名字]
2022-06-04 07:19:37,134 INFO: Connecting to voice...
2022-06-04 07:19:37,134 INFO: Starting voice handshake... (connection attempt 1)
2022-06-04 07:19:37,900 INFO: Voice handshake complete. Endpoint found japan366.discord.media
2022-06-04 07:19:38,884 INFO: selected the voice protocol for use (xsalsa20_poly1305_lite)
2022-06-04 07:19:39,049 INFO: received secret key for voice connection
2022-06-04 07:19:41,040 INFO: Preparing to terminate ffmpeg process 1722.
2022-06-04 07:19:41,040 INFO: ffmpeg process 1722 successfully terminated with return code of 0.
2022-06-04 07:19:42,081 INFO: The voice handshake is being terminated for Channel ID 728631391809437746 (Guild ID 428109526550708234)
2022-06-04 07:19:42,081 INFO: Disconnecting from voice normally, close code 1000.
2022-06-04 07:22:01,071 INFO: KyrieR in 9又4分之8.7月台[123是什麼敷衍的名字]
2022-06-04 07:22:01,169 INFO: Connecting to voice...
2022-06-04 07:22:01,169 INFO: Starting voice handshake... (connection attempt 1)
2022-06-04 07:22:01,743 INFO: Voice handshake complete. Endpoint found japan366.discord.media
2022-06-04 07:22:02,752 INFO: selected the voice protocol for use (xsalsa20_poly1305_lite)
2022-06-04 07:22:02,917 INFO: received secret key for voice connection
2022-06-04 07:22:05,009 INFO: Preparing to terminate ffmpeg process 1733.
2022-06-04 07:22:05,009 INFO: ffmpeg process 1733 successfully terminated with return code of 0.
2022-06-04 07:22:07,651 INFO: Preparing to terminate ffmpeg process 1743.
2022-06-04 07:22:07,651 INFO: ffmpeg process 1743 successfully terminated with return code of 0.
2022-06-04 07:22:08,657 INFO: The voice handshake is being terminated for Channel ID 728631391809437746 (Guild ID 428109526550708234)
2022-06-04 07:22:08,658 INFO: Disconnecting from voice normally, close code 1000.
2022-06-04 07:24:56,610 INFO: wawa的n in 9又4分之8.7月台[123是什麼敷衍的名字]
2022-06-04 07:24:56,686 INFO: Connecting to voice...
2022-06-04 07:24:56,687 INFO: Starting voice handshake... (connection attempt 1)
2022-06-04 07:24:57,335 INFO: Voice handshake complete. Endpoint found japan366.discord.media
2022-06-04 07:24:58,356 INFO: selected the voice protocol for use (xsalsa20_poly1305_lite)
2022-06-04 07:24:58,525 INFO: received secret key for voice connection
2022-06-04 07:25:00,680 INFO: Preparing to terminate ffmpeg process 1754.
2022-06-04 07:25:00,680 INFO: ffmpeg process 1754 successfully terminated with return code of 0.
2022-06-04 07:25:02,880 INFO: Preparing to terminate ffmpeg process 1764.
2022-06-04 07:25:02,880 INFO: ffmpeg process 1764 successfully terminated with return code of 0.
2022-06-04 07:25:03,885 INFO: The voice handshake is being terminated for Channel ID 728631391809437746 (Guild ID 428109526550708234)
2022-06-04 07:25:03,886 INFO: Disconnecting from voice normally, close code 1000.
2022-06-04 07:36:30,142 INFO: BunnyplayGG in 9又4分之8.7月台[123是什麼敷衍的名字]
2022-06-04 07:36:30,223 INFO: Connecting to voice...
2022-06-04 07:36:30,223 INFO: Starting voice handshake... (connection attempt 1)
2022-06-04 07:36:30,890 INFO: Voice handshake complete. Endpoint found japan366.discord.media
2022-06-04 07:36:31,886 INFO: selected the voice protocol for use (xsalsa20_poly1305_lite)
2022-06-04 07:36:32,050 INFO: received secret key for voice connection
2022-06-04 07:36:33,922 INFO: Preparing to terminate ffmpeg process 1835.
2022-06-04 07:36:33,923 INFO: ffmpeg process 1835 successfully terminated with return code of 0.
2022-06-04 07:36:36,517 INFO: Preparing to terminate ffmpeg process 1845.
2022-06-04 07:36:36,518 INFO: ffmpeg process 1845 successfully terminated with return code of 0.
2022-06-04 07:36:37,584 INFO: The voice handshake is being terminated for Channel ID 728631391809437746 (Guild ID 428109526550708234)
2022-06-04 07:36:37,585 INFO: Disconnecting from voice normally, close code 1000.
2022-06-04 07:42:44,720 INFO: 神奇海螺 in 9又4分之8.7月台[123是什麼敷衍的名字]
2022-06-04 07:42:44,750 INFO: Connecting to voice...
2022-06-04 07:42:44,750 INFO: Starting voice handshake... (connection attempt 1)
2022-06-04 07:42:45,470 INFO: Voice handshake complete. Endpoint found japan366.discord.media
2022-06-04 07:42:46,471 INFO: selected the voice protocol for use (xsalsa20_poly1305_lite)
2022-06-04 07:42:46,637 INFO: received secret key for voice connection
2022-06-04 07:42:49,515 INFO: Preparing to terminate ffmpeg process 1856.
2022-06-04 07:42:49,516 INFO: ffmpeg process 1856 successfully terminated with return code of 0.
2022-06-04 07:42:51,541 INFO: Preparing to terminate ffmpeg process 1866.
2022-06-04 07:42:51,541 INFO: ffmpeg process 1866 successfully terminated with return code of 0.
2022-06-04 07:42:52,581 INFO: The voice handshake is being terminated for Channel ID 728631391809437746 (Guild ID 428109526550708234)
2022-06-04 07:42:52,582 INFO: Disconnecting from voice normally, close code 1000.
2022-06-04 09:19:41,599 INFO: KyrieR out 9又4分之8.7月台[123是什麼敷衍的名字]
2022-06-04 09:19:41,599 INFO: Connecting to voice...
2022-06-04 09:19:41,599 INFO: Starting voice handshake... (connection attempt 1)
2022-06-04 09:19:42,384 INFO: Voice handshake complete. Endpoint found japan366.discord.media
2022-06-04 09:19:43,374 INFO: selected the voice protocol for use (xsalsa20_poly1305_lite)
2022-06-04 09:19:43,543 INFO: received secret key for voice connection
2022-06-04 09:19:45,362 INFO: Preparing to terminate ffmpeg process 2149.
2022-06-04 09:19:45,362 INFO: ffmpeg process 2149 successfully terminated with return code of 0.
2022-06-04 09:19:46,366 INFO: The voice handshake is being terminated for Channel ID 728631391809437746 (Guild ID 428109526550708234)
2022-06-04 09:19:46,367 INFO: Disconnecting from voice normally, close code 1000.
2022-06-04 09:21:31,860 INFO: KyrieR in 9又4分之8.7月台[123是什麼敷衍的名字]
2022-06-04 09:21:31,910 INFO: Connecting to voice...
2022-06-04 09:21:31,910 INFO: Starting voice handshake... (connection attempt 1)
2022-06-04 09:21:32,608 INFO: Voice handshake complete. Endpoint found japan366.discord.media
2022-06-04 09:21:33,614 INFO: selected the voice protocol for use (xsalsa20_poly1305_lite)
2022-06-04 09:21:33,782 INFO: received secret key for voice connection
2022-06-04 09:21:36,394 INFO: Preparing to terminate ffmpeg process 2160.
2022-06-04 09:21:36,396 INFO: ffmpeg process 2160 successfully terminated with return code of 0.
2022-06-04 09:21:38,529 INFO: Preparing to terminate ffmpeg process 2170.
2022-06-04 09:21:38,530 INFO: ffmpeg process 2170 successfully terminated with return code of 0.
2022-06-04 09:21:39,541 INFO: The voice handshake is being terminated for Channel ID 728631391809437746 (Guild ID 428109526550708234)
2022-06-04 09:21:39,542 INFO: Disconnecting from voice normally, close code 1000.
2022-06-04 09:49:32,866 INFO: SparkleZ out 9又4分之8.7月台[123是什麼敷衍的名字]
2022-06-04 09:49:32,867 INFO: Connecting to voice...
2022-06-04 09:49:32,867 INFO: Starting voice handshake... (connection attempt 1)
2022-06-04 09:49:33,621 INFO: Voice handshake complete. Endpoint found japan366.discord.media
2022-06-04 09:49:34,601 INFO: selected the voice protocol for use (xsalsa20_poly1305_lite)
2022-06-04 09:49:34,765 INFO: received secret key for voice connection
2022-06-04 09:49:36,754 INFO: Preparing to terminate ffmpeg process 2242.
2022-06-04 09:49:36,755 INFO: ffmpeg process 2242 successfully terminated with return code of 0.
2022-06-04 09:49:37,801 INFO: The voice handshake is being terminated for Channel ID 728631391809437746 (Guild ID 428109526550708234)
2022-06-04 09:49:37,802 INFO: Disconnecting from voice normally, close code 1000.
2022-06-04 10:39:03,174 INFO: BunnyplayGG out 9又4分之8.7月台[123是什麼敷衍的名字]
2022-06-04 10:39:03,174 INFO: Connecting to voice...
2022-06-04 10:39:03,174 INFO: Starting voice handshake... (connection attempt 1)
2022-06-04 10:39:03,465 INFO: Voice handshake complete. Endpoint found japan366.discord.media
2022-06-04 10:39:04,463 INFO: selected the voice protocol for use (xsalsa20_poly1305_lite)
2022-06-04 10:39:04,629 INFO: received secret key for voice connection
2022-06-04 10:39:07,035 INFO: Preparing to terminate ffmpeg process 2377.
2022-06-04 10:39:07,036 INFO: ffmpeg process 2377 successfully terminated with return code of 0.
2022-06-04 10:39:08,102 INFO: The voice handshake is being terminated for Channel ID 728631391809437746 (Guild ID 428109526550708234)
2022-06-04 10:39:08,103 INFO: Disconnecting from voice normally, close code 1000.
2022-06-04 11:02:51,721 INFO: Got a request to RESUME the websocket.
2022-06-04 11:02:51,917 INFO: Shard ID None has sent the RESUME payload.
2022-06-04 11:02:51,961 INFO: Shard ID None has successfully RESUMED session e1abf59a4ca5a5c3b6117c989f4a973c under trace ["gateway-prd-main-9d8q",{"micros":7122,"calls":["discord-sessions-blue-prd-2-79",{"micros":32}]}].
2022-06-04 11:44:03,134 INFO: SparkleZ in 9又4分之8.7月台[123是什麼敷衍的名字]
2022-06-04 11:44:03,260 INFO: Connecting to voice...
2022-06-04 11:44:03,261 INFO: Starting voice handshake... (connection attempt 1)
2022-06-04 11:44:03,827 INFO: Voice handshake complete. Endpoint found japan366.discord.media
2022-06-04 11:44:04,844 INFO: selected the voice protocol for use (xsalsa20_poly1305_lite)
2022-06-04 11:44:05,042 INFO: received secret key for voice connection
2022-06-04 11:44:07,563 INFO: Preparing to terminate ffmpeg process 2571.
2022-06-04 11:44:07,568 INFO: ffmpeg process 2571 successfully terminated with return code of 0.
2022-06-04 11:44:10,946 INFO: Preparing to terminate ffmpeg process 2581.
2022-06-04 11:44:10,946 INFO: ffmpeg process 2581 successfully terminated with return code of 0.
2022-06-04 11:44:11,996 INFO: The voice handshake is being terminated for Channel ID 728631391809437746 (Guild ID 428109526550708234)
2022-06-04 11:44:11,996 INFO: Disconnecting from voice normally, close code 1000.
2022-06-04 11:44:28,636 INFO: SparkleZ out 9又4分之8.7月台[123是什麼敷衍的名字]
2022-06-04 11:44:28,636 INFO: Connecting to voice...
2022-06-04 11:44:28,637 INFO: Starting voice handshake... (connection attempt 1)
2022-06-04 11:44:28,909 INFO: Voice handshake complete. Endpoint found japan366.discord.media
2022-06-04 11:44:29,907 INFO: selected the voice protocol for use (xsalsa20_poly1305_lite)
2022-06-04 11:44:30,072 INFO: received secret key for voice connection
2022-06-04 11:44:32,062 INFO: Preparing to terminate ffmpeg process 2592.
2022-06-04 11:44:32,062 INFO: ffmpeg process 2592 successfully terminated with return code of 0.
2022-06-04 11:44:33,098 INFO: The voice handshake is being terminated for Channel ID 728631391809437746 (Guild ID 428109526550708234)
2022-06-04 11:44:33,099 INFO: Disconnecting from voice normally, close code 1000.
2022-06-04 11:46:47,975 INFO: 捷運 in 9又4分之8.7月台[欸欸欸這樣配可以嗎(思]
2022-06-04 11:46:47,997 INFO: Connecting to voice...
2022-06-04 11:46:47,997 INFO: Starting voice handshake... (connection attempt 1)
2022-06-04 11:46:48,551 INFO: Voice handshake complete. Endpoint found japan1951.discord.media
2022-06-04 11:46:48,728 ERROR: Exception occurred during Voice Protocol voice server update handler
Traceback (most recent call last):
  File "/opt/virtualenvs/python3/lib/python3.8/site-packages/discord/state.py", line 102, in logging_coroutine
    await coroutine
  File "/opt/virtualenvs/python3/lib/python3.8/site-packages/discord/voice_client.py", line 295, in on_voice_server_update
    await self.ws.close(4000)
AttributeError: 'NoneType' object has no attribute 'close'
2022-06-04 11:46:49,568 INFO: selected the voice protocol for use (xsalsa20_poly1305_lite)
2022-06-04 11:46:49,733 INFO: received secret key for voice connection
2022-06-04 11:46:51,610 INFO: Preparing to terminate ffmpeg process 2634.
2022-06-04 11:46:51,613 INFO: ffmpeg process 2634 successfully terminated with return code of 0.
2022-06-04 11:46:53,821 INFO: Preparing to terminate ffmpeg process 2644.
2022-06-04 11:46:53,821 INFO: ffmpeg process 2644 successfully terminated with return code of 0.
2022-06-04 11:46:54,888 INFO: The voice handshake is being terminated for Channel ID 868516155525046333 (Guild ID 428109526550708234)
2022-06-04 11:46:54,889 INFO: Disconnecting from voice normally, close code 1000.
2022-06-04 11:48:36,321 INFO: SparkleZ in 9又4分之8.7月台[欸欸欸這樣配可以嗎(思]
2022-06-04 11:48:36,446 INFO: Connecting to voice...
2022-06-04 11:48:36,446 INFO: Starting voice handshake... (connection attempt 1)
2022-06-04 11:48:37,019 INFO: Voice handshake complete. Endpoint found japan1951.discord.media
2022-06-04 11:48:38,011 INFO: selected the voice protocol for use (xsalsa20_poly1305_lite)
2022-06-04 11:48:38,175 INFO: received secret key for voice connection
2022-06-04 11:48:40,689 INFO: Preparing to terminate ffmpeg process 2655.
2022-06-04 11:48:40,690 INFO: ffmpeg process 2655 successfully terminated with return code of 0.
2022-06-04 11:48:42,833 INFO: Preparing to terminate ffmpeg process 2665.
2022-06-04 11:48:42,834 INFO: ffmpeg process 2665 successfully terminated with return code of 0.
2022-06-04 11:48:43,838 INFO: The voice handshake is being terminated for Channel ID 868516155525046333 (Guild ID 428109526550708234)
2022-06-04 11:48:43,839 INFO: Disconnecting from voice normally, close code 1000.
2022-06-04 12:15:32,802 INFO: 不偷家的飄飄大仙 in 9又4分之8.7月台[欸欸欸這樣配可以嗎(思]
2022-06-04 12:15:32,874 INFO: Connecting to voice...
2022-06-04 12:15:32,875 INFO: Starting voice handshake... (connection attempt 1)
2022-06-04 12:15:33,563 INFO: Voice handshake complete. Endpoint found japan1951.discord.media
2022-06-04 12:15:34,556 INFO: selected the voice protocol for use (xsalsa20_poly1305_lite)
2022-06-04 12:15:34,721 INFO: received secret key for voice connection
2022-06-04 12:15:38,310 INFO: Preparing to terminate ffmpeg process 2738.
2022-06-04 12:15:38,311 INFO: ffmpeg process 2738 successfully terminated with return code of 0.
2022-06-04 12:15:40,537 INFO: Preparing to terminate ffmpeg process 2748.
2022-06-04 12:15:40,542 INFO: ffmpeg process 2748 successfully terminated with return code of 0.
2022-06-04 12:15:41,580 INFO: The voice handshake is being terminated for Channel ID 868516155525046333 (Guild ID 428109526550708234)
2022-06-04 12:15:41,581 INFO: Disconnecting from voice normally, close code 1000.
2022-06-04 12:27:39,395 INFO: wawa的n out 9又4分之8.7月台[123是什麼敷衍的名字]
2022-06-04 12:27:39,401 INFO: Connecting to voice...
2022-06-04 12:27:39,402 INFO: Starting voice handshake... (connection attempt 1)
2022-06-04 12:27:40,090 INFO: Voice handshake complete. Endpoint found japan366.discord.media
2022-06-04 12:27:41,095 INFO: selected the voice protocol for use (xsalsa20_poly1305_lite)
2022-06-04 12:27:41,261 INFO: received secret key for voice connection
2022-06-04 12:27:43,265 INFO: Preparing to terminate ffmpeg process 2759.
2022-06-04 12:27:43,266 INFO: ffmpeg process 2759 successfully terminated with return code of 0.
2022-06-04 12:27:44,308 INFO: The voice handshake is being terminated for Channel ID 728631391809437746 (Guild ID 428109526550708234)
2022-06-04 12:27:44,309 INFO: Disconnecting from voice normally, close code 1000.
2022-06-04 12:48:31,730 INFO: wawa的n in 9又4分之8.7月台[123是什麼敷衍的名字]
2022-06-04 12:48:31,784 INFO: Connecting to voice...
2022-06-04 12:48:31,784 INFO: Starting voice handshake... (connection attempt 1)
2022-06-04 12:48:32,463 INFO: Voice handshake complete. Endpoint found japan366.discord.media
2022-06-04 12:48:33,465 INFO: selected the voice protocol for use (xsalsa20_poly1305_lite)
2022-06-04 12:48:33,630 INFO: received secret key for voice connection
2022-06-04 12:48:36,309 INFO: Preparing to terminate ffmpeg process 2861.
2022-06-04 12:48:36,310 INFO: ffmpeg process 2861 successfully terminated with return code of 0.
2022-06-04 12:48:38,534 INFO: Preparing to terminate ffmpeg process 2871.
2022-06-04 12:48:38,534 INFO: ffmpeg process 2871 successfully terminated with return code of 0.
2022-06-04 12:48:39,599 INFO: The voice handshake is being terminated for Channel ID 728631391809437746 (Guild ID 428109526550708234)
2022-06-04 12:48:39,600 INFO: Disconnecting from voice normally, close code 1000.
2022-06-04 13:05:07,087 INFO: SparkleZ out 9又4分之8.7月台[欸欸欸這樣配可以嗎(思]
2022-06-04 13:05:07,090 INFO: Connecting to voice...
2022-06-04 13:05:07,090 INFO: Starting voice handshake... (connection attempt 1)
2022-06-04 13:05:07,822 INFO: SparkleZ in 9又4分之8.7月台[欸欸欸這樣配可以嗎(思]
2022-06-04 13:05:07,864 INFO: Voice handshake complete. Endpoint found japan1951.discord.media
2022-06-04 13:05:08,965 INFO: selected the voice protocol for use (xsalsa20_poly1305_lite)
2022-06-04 13:05:09,147 INFO: received secret key for voice connection
2022-06-04 13:05:11,140 INFO: Preparing to terminate ffmpeg process 2913.
2022-06-04 13:05:11,141 INFO: ffmpeg process 2913 successfully terminated with return code of 0.
2022-06-04 13:05:14,161 INFO: Preparing to terminate ffmpeg process 2923.
2022-06-04 13:05:14,161 INFO: ffmpeg process 2923 successfully terminated with return code of 0.
2022-06-04 13:05:16,187 INFO: Preparing to terminate ffmpeg process 2933.
2022-06-04 13:05:16,188 INFO: ffmpeg process 2933 successfully terminated with return code of 0.
2022-06-04 13:05:17,207 INFO: The voice handshake is being terminated for Channel ID 868516155525046333 (Guild ID 428109526550708234)
2022-06-04 13:05:17,208 INFO: Disconnecting from voice normally, close code 1000.
2022-06-04 13:26:36,063 INFO: 捷運 out 9又4分之8.7月台[欸欸欸這樣配可以嗎(思]
2022-06-04 13:26:36,064 INFO: Connecting to voice...
2022-06-04 13:26:36,064 INFO: Starting voice handshake... (connection attempt 1)
2022-06-04 13:26:36,821 INFO: Voice handshake complete. Endpoint found japan1951.discord.media
2022-06-04 13:26:37,927 INFO: selected the voice protocol for use (xsalsa20_poly1305_lite)
2022-06-04 13:26:38,110 INFO: received secret key for voice connection
2022-06-04 13:26:39,781 INFO: Preparing to terminate ffmpeg process 2977.
2022-06-04 13:26:39,782 INFO: ffmpeg process 2977 successfully terminated with return code of 0.
2022-06-04 13:26:40,830 INFO: The voice handshake is being terminated for Channel ID 868516155525046333 (Guild ID 428109526550708234)
2022-06-04 13:26:40,831 INFO: Disconnecting from voice normally, close code 1000.
2022-06-04 13:36:32,838 INFO: BunnyplayGG in 9又4分之8.7月台[123是什麼敷衍的名字]
2022-06-04 13:36:32,862 INFO: Connecting to voice...
2022-06-04 13:36:32,863 INFO: Starting voice handshake... (connection attempt 1)
2022-06-04 13:36:33,532 INFO: Voice handshake complete. Endpoint found japan366.discord.media
2022-06-04 13:36:34,634 INFO: selected the voice protocol for use (xsalsa20_poly1305_lite)
2022-06-04 13:36:34,823 INFO: received secret key for voice connection
2022-06-04 13:36:36,693 INFO: Preparing to terminate ffmpeg process 3048.
2022-06-04 13:36:36,693 INFO: ffmpeg process 3048 successfully terminated with return code of 0.
2022-06-04 13:36:38,814 INFO: Preparing to terminate ffmpeg process 3058.
2022-06-04 13:36:38,814 INFO: ffmpeg process 3058 successfully terminated with return code of 0.
2022-06-04 13:36:39,858 INFO: The voice handshake is being terminated for Channel ID 728631391809437746 (Guild ID 428109526550708234)
2022-06-04 13:36:39,859 INFO: Disconnecting from voice normally, close code 1000.
2022-06-04 13:37:19,738 INFO: 不偷家的飄飄大仙 in 9又4分之8.7月台[123是什麼敷衍的名字]
2022-06-04 13:37:19,808 INFO: Connecting to voice...
2022-06-04 13:37:19,808 INFO: Starting voice handshake... (connection attempt 1)
2022-06-04 13:37:20,025 INFO: Voice handshake complete. Endpoint found japan366.discord.media
2022-06-04 13:37:21,100 INFO: selected the voice protocol for use (xsalsa20_poly1305_lite)
2022-06-04 13:37:21,284 INFO: received secret key for voice connection
2022-06-04 13:37:24,873 INFO: Preparing to terminate ffmpeg process 3069.
2022-06-04 13:37:24,873 INFO: ffmpeg process 3069 successfully terminated with return code of 0.
2022-06-04 13:37:27,004 INFO: Preparing to terminate ffmpeg process 3079.
2022-06-04 13:37:27,005 INFO: ffmpeg process 3079 has not terminated. Waiting to terminate...
2022-06-04 13:37:27,007 INFO: ffmpeg process 3079 should have terminated with a return code of 0.
2022-06-04 13:37:28,036 INFO: The voice handshake is being terminated for Channel ID 728631391809437746 (Guild ID 428109526550708234)
2022-06-04 13:37:28,036 INFO: Disconnecting from voice normally, close code 1000.
2022-06-04 13:42:05,525 INFO: SparkleZ in 9又4分之8.7月台[123是什麼敷衍的名字]
2022-06-04 13:42:05,597 INFO: Connecting to voice...
2022-06-04 13:42:05,597 INFO: Starting voice handshake... (connection attempt 1)
2022-06-04 13:42:06,229 INFO: Voice handshake complete. Endpoint found japan366.discord.media
2022-06-04 13:42:07,330 INFO: selected the voice protocol for use (xsalsa20_poly1305_lite)
2022-06-04 13:42:07,515 INFO: received secret key for voice connection
2022-06-04 13:42:09,514 INFO: Preparing to terminate ffmpeg process 3090.
2022-06-04 13:42:09,514 INFO: ffmpeg process 3090 successfully terminated with return code of 0.
2022-06-04 13:42:11,536 INFO: Preparing to terminate ffmpeg process 3100.
2022-06-04 13:42:11,538 INFO: ffmpeg process 3100 has not terminated. Waiting to terminate...
2022-06-04 13:42:11,539 INFO: ffmpeg process 3100 should have terminated with a return code of 0.
2022-06-04 13:42:12,580 INFO: The voice handshake is being terminated for Channel ID 728631391809437746 (Guild ID 428109526550708234)
2022-06-04 13:42:12,585 INFO: Disconnecting from voice normally, close code 1000.
2022-06-04 13:47:28,790 INFO: Got a request to RESUME the websocket.
2022-06-04 13:47:29,013 INFO: Shard ID None has sent the RESUME payload.
2022-06-04 13:47:29,057 INFO: Shard ID None has successfully RESUMED session e1abf59a4ca5a5c3b6117c989f4a973c under trace ["gateway-prd-main-ts95",{"micros":875,"calls":["discord-sessions-blue-prd-2-79",{"micros":20}]}].
2022-06-04 13:52:10,610 INFO: Chi in 9又4分之8.7月台[123是什麼敷衍的名字]
2022-06-04 13:52:10,707 INFO: Connecting to voice...
2022-06-04 13:52:10,707 INFO: Starting voice handshake... (connection attempt 1)
2022-06-04 13:52:11,366 INFO: Voice handshake complete. Endpoint found japan366.discord.media
2022-06-04 13:52:12,472 INFO: selected the voice protocol for use (xsalsa20_poly1305_lite)
2022-06-04 13:52:12,661 INFO: received secret key for voice connection
2022-06-04 13:52:14,372 INFO: Preparing to terminate ffmpeg process 3143.
2022-06-04 13:52:14,373 INFO: ffmpeg process 3143 successfully terminated with return code of 0.
2022-06-04 13:52:17,137 INFO: Preparing to terminate ffmpeg process 3153.
2022-06-04 13:52:17,138 INFO: ffmpeg process 3153 successfully terminated with return code of 0.
2022-06-04 13:52:18,205 INFO: The voice handshake is being terminated for Channel ID 728631391809437746 (Guild ID 428109526550708234)
2022-06-04 13:52:18,205 INFO: Disconnecting from voice normally, close code 1000.
2022-06-04 14:27:57,707 INFO: wawa的n in 9又4分之8.7月台[打不出幹話就講出來啊]
2022-06-04 14:27:57,738 INFO: Connecting to voice...
2022-06-04 14:27:57,738 INFO: Starting voice handshake... (connection attempt 1)
2022-06-04 14:27:58,273 INFO: Voice handshake complete. Endpoint found japan600.discord.media
2022-06-04 14:27:58,428 ERROR: Exception occurred during Voice Protocol voice server update handler
Traceback (most recent call last):
  File "/opt/virtualenvs/python3/lib/python3.8/site-packages/discord/state.py", line 102, in logging_coroutine
    await coroutine
  File "/opt/virtualenvs/python3/lib/python3.8/site-packages/discord/voice_client.py", line 295, in on_voice_server_update
    await self.ws.close(4000)
AttributeError: 'NoneType' object has no attribute 'close'
2022-06-04 14:27:58,955 INFO: KyrieR in 9又4分之8.7月台[打不出幹話就講出來啊]
2022-06-04 14:27:59,389 INFO: selected the voice protocol for use (xsalsa20_poly1305_lite)
2022-06-04 14:27:59,583 INFO: received secret key for voice connection
2022-06-04 14:28:00,979 INFO: MaiMai的Pool in 9又4分之8.7月台[打不出幹話就講出來啊]
2022-06-04 14:28:01,778 INFO: Preparing to terminate ffmpeg process 3225.
2022-06-04 14:28:01,778 INFO: ffmpeg process 3225 has not terminated. Waiting to terminate...
2022-06-04 14:28:01,779 INFO: ffmpeg process 3225 should have terminated with a return code of 0.
2022-06-04 14:28:02,548 INFO: 神奇海螺 in 9又4分之8.7月台[打不出幹話就講出來啊]
2022-06-04 14:28:03,844 INFO: Preparing to terminate ffmpeg process 3235.
2022-06-04 14:28:03,844 INFO: ffmpeg process 3235 successfully terminated with return code of 0.
2022-06-04 14:28:06,967 INFO: Preparing to terminate ffmpeg process 3245.
2022-06-04 14:28:06,972 INFO: ffmpeg process 3245 successfully terminated with return code of 0.
2022-06-04 14:28:09,661 INFO: Preparing to terminate ffmpeg process 3255.
2022-06-04 14:28:09,661 INFO: ffmpeg process 3255 successfully terminated with return code of 0.
2022-06-04 14:28:13,474 INFO: Preparing to terminate ffmpeg process 3265.
2022-06-04 14:28:13,474 INFO: ffmpeg process 3265 successfully terminated with return code of 0.
2022-06-04 14:28:15,797 INFO: Preparing to terminate ffmpeg process 3275.
2022-06-04 14:28:15,797 INFO: ffmpeg process 3275 successfully terminated with return code of 0.
2022-06-04 14:28:19,789 INFO: Preparing to terminate ffmpeg process 3285.
2022-06-04 14:28:19,790 INFO: ffmpeg process 3285 successfully terminated with return code of 0.
2022-06-04 14:28:22,007 INFO: Preparing to terminate ffmpeg process 3295.
2022-06-04 14:28:22,009 INFO: ffmpeg process 3295 successfully terminated with return code of 0.
2022-06-04 14:28:23,053 INFO: The voice handshake is being terminated for Channel ID 428109526550708238 (Guild ID 428109526550708234)
2022-06-04 14:28:23,054 INFO: Disconnecting from voice normally, close code 1000.
2022-06-04 14:29:29,372 INFO: wawa的n in 9又4分之8.7月台[123是什麼敷衍的名字]
2022-06-04 14:29:29,408 INFO: Connecting to voice...
2022-06-04 14:29:29,408 INFO: Starting voice handshake... (connection attempt 1)
2022-06-04 14:29:30,122 INFO: Voice handshake complete. Endpoint found japan366.discord.media
2022-06-04 14:29:31,217 INFO: selected the voice protocol for use (xsalsa20_poly1305_lite)
2022-06-04 14:29:31,403 INFO: received secret key for voice connection
2022-06-04 14:29:34,082 INFO: Preparing to terminate ffmpeg process 3306.
2022-06-04 14:29:34,082 INFO: ffmpeg process 3306 successfully terminated with return code of 0.
2022-06-04 14:29:35,531 INFO: MaiMai的Pool in 9又4分之8.7月台[123是什麼敷衍的名字]
2022-06-04 14:29:36,809 INFO: Preparing to terminate ffmpeg process 3316.
2022-06-04 14:29:36,809 INFO: ffmpeg process 3316 successfully terminated with return code of 0.
2022-06-04 14:29:39,222 INFO: 神奇海螺 in 9又4分之8.7月台[123是什麼敷衍的名字]
2022-06-04 14:29:40,641 INFO: Preparing to terminate ffmpeg process 3326.
2022-06-04 14:29:40,642 INFO: ffmpeg process 3326 successfully terminated with return code of 0.
2022-06-04 14:29:41,996 INFO: KyrieR in 9又4分之8.7月台[123是什麼敷衍的名字]
2022-06-04 14:29:43,009 INFO: Preparing to terminate ffmpeg process 3336.
2022-06-04 14:29:43,009 INFO: ffmpeg process 3336 successfully terminated with return code of 0.
2022-06-04 14:29:46,396 INFO: Preparing to terminate ffmpeg process 3346.
2022-06-04 14:29:46,398 INFO: ffmpeg process 3346 successfully terminated with return code of 0.
2022-06-04 14:29:48,589 INFO: Preparing to terminate ffmpeg process 3356.
2022-06-04 14:29:48,589 INFO: ffmpeg process 3356 successfully terminated with return code of 0.
2022-06-04 14:29:52,208 INFO: Preparing to terminate ffmpeg process 3366.
2022-06-04 14:29:52,208 INFO: ffmpeg process 3366 successfully terminated with return code of 0.
2022-06-04 14:29:54,837 INFO: Preparing to terminate ffmpeg process 3376.
2022-06-04 14:29:54,837 INFO: ffmpeg process 3376 successfully terminated with return code of 0.
2022-06-04 14:29:55,857 INFO: The voice handshake is being terminated for Channel ID 728631391809437746 (Guild ID 428109526550708234)
2022-06-04 14:29:55,857 INFO: Disconnecting from voice normally, close code 1000.
2022-06-04 14:40:08,572 INFO: 雪莉粉粉 in 9又4分之8.7月台[123是什麼敷衍的名字]
2022-06-04 14:40:08,595 INFO: Connecting to voice...
2022-06-04 14:40:08,595 INFO: Starting voice handshake... (connection attempt 1)
2022-06-04 14:40:09,293 INFO: Voice handshake complete. Endpoint found japan366.discord.media
2022-06-04 14:40:10,377 INFO: selected the voice protocol for use (xsalsa20_poly1305_lite)
2022-06-04 14:40:10,564 INFO: received secret key for voice connection
2022-06-04 14:40:12,699 INFO: Preparing to terminate ffmpeg process 3447.
2022-06-04 14:40:12,699 INFO: ffmpeg process 3447 successfully terminated with return code of 0.
2022-06-04 14:40:14,768 INFO: Preparing to terminate ffmpeg process 3457.
2022-06-04 14:40:14,769 INFO: ffmpeg process 3457 successfully terminated with return code of 0.
2022-06-04 14:40:15,824 INFO: The voice handshake is being terminated for Channel ID 728631391809437746 (Guild ID 428109526550708234)
2022-06-04 14:40:15,830 INFO: Disconnecting from voice normally, close code 1000.
2022-06-04 15:03:41,599 INFO: Got a request to RESUME the websocket.
2022-06-04 15:03:41,779 INFO: Shard ID None has sent the RESUME payload.
2022-06-04 15:03:41,823 INFO: Shard ID None has successfully RESUMED session e1abf59a4ca5a5c3b6117c989f4a973c under trace ["gateway-prd-main-z790",{"micros":4293,"calls":["discord-sessions-blue-prd-2-79",{"micros":18}]}].
2022-06-04 15:34:21,519 INFO: 雪莉粉粉 out 9又4分之8.7月台[123是什麼敷衍的名字]
2022-06-04 15:34:21,526 INFO: Connecting to voice...
2022-06-04 15:34:21,528 INFO: Starting voice handshake... (connection attempt 1)
2022-06-04 15:34:22,226 INFO: Voice handshake complete. Endpoint found japan366.discord.media
2022-06-04 15:34:23,301 INFO: selected the voice protocol for use (xsalsa20_poly1305_lite)
2022-06-04 15:34:23,484 INFO: received secret key for voice connection
2022-06-04 15:34:25,442 INFO: Preparing to terminate ffmpeg process 3620.
2022-06-04 15:34:25,443 INFO: ffmpeg process 3620 successfully terminated with return code of 0.
2022-06-04 15:34:26,520 INFO: The voice handshake is being terminated for Channel ID 728631391809437746 (Guild ID 428109526550708234)
2022-06-04 15:34:26,520 INFO: Disconnecting from voice normally, close code 1000.
2022-06-04 15:54:42,344 INFO: Got a request to RESUME the websocket.
2022-06-04 15:54:42,536 INFO: Shard ID None has sent the RESUME payload.
2022-06-04 15:54:42,581 INFO: Shard ID None has successfully RESUMED session e1abf59a4ca5a5c3b6117c989f4a973c under trace ["gateway-prd-main-dw5f",{"micros":501,"calls":["discord-sessions-blue-prd-2-79",{"micros":19}]}].
2022-06-04 15:56:42,345 INFO: logging in using static token
2022-06-04 15:56:42,639 INFO: Shard ID None has sent the IDENTIFY payload.
2022-06-04 15:56:42,858 INFO: Shard ID None has connected to Gateway: ["gateway-prd-main-vdr1",{"micros":177359,"calls":["discord-sessions-blue-prd-2-125",{"micros":176404,"calls":["start_session",{"micros":156176,"calls":["discord-api-bb88cc9b5-764z2",{"micros":150161,"calls":["get_user",{"micros":16014},"add_authorized_ip",{"micros":2079},"get_guilds",{"micros":90083},"coros_wait",{"micros":2}]}]},"guilds_connect",{"micros":2,"calls":[]},"presence_connect",{"micros":12396,"calls":[]}]}]}] (Session ID: 06db031e17533715074de92fb49f9ce1).
2022-06-04 15:56:44,947 INFO: 目前登入身份：神奇海螺#3847
2022-06-04 16:35:30,575 INFO: 雪莉粉粉 in 9又4分之8.7月台[123是什麼敷衍的名字]
2022-06-04 16:35:30,609 INFO: Connecting to voice...
2022-06-04 16:35:30,609 INFO: Starting voice handshake... (connection attempt 1)
2022-06-04 16:35:31,320 INFO: Voice handshake complete. Endpoint found japan366.discord.media
2022-06-04 16:35:32,303 INFO: selected the voice protocol for use (xsalsa20_poly1305_lite)
2022-06-04 16:35:32,468 INFO: received secret key for voice connection
2022-06-04 16:35:35,134 INFO: Preparing to terminate ffmpeg process 232.
2022-06-04 16:35:35,136 INFO: ffmpeg process 232 successfully terminated with return code of 0.
2022-06-04 16:35:37,496 INFO: Preparing to terminate ffmpeg process 243.
2022-06-04 16:35:37,497 INFO: ffmpeg process 243 successfully terminated with return code of 0.
2022-06-04 16:35:38,545 INFO: The voice handshake is being terminated for Channel ID 728631391809437746 (Guild ID 428109526550708234)
2022-06-04 16:35:38,546 INFO: Disconnecting from voice normally, close code 1000.
2022-06-04 17:06:11,319 INFO: BunnyplayGG out 9又4分之8.7月台[123是什麼敷衍的名字]
2022-06-04 17:06:11,320 INFO: Connecting to voice...
2022-06-04 17:06:11,320 INFO: Starting voice handshake... (connection attempt 1)
2022-06-04 17:06:12,126 INFO: Voice handshake complete. Endpoint found japan366.discord.media
2022-06-04 17:06:13,118 INFO: selected the voice protocol for use (xsalsa20_poly1305_lite)
2022-06-04 17:06:13,284 INFO: received secret key for voice connection
2022-06-04 17:06:15,654 INFO: Preparing to terminate ffmpeg process 344.
2022-06-04 17:06:15,655 INFO: ffmpeg process 344 successfully terminated with return code of 0.
2022-06-04 17:06:16,706 INFO: The voice handshake is being terminated for Channel ID 728631391809437746 (Guild ID 428109526550708234)
2022-06-04 17:06:16,706 INFO: Disconnecting from voice normally, close code 1000.
2022-06-04 17:06:26,712 INFO: Chi out 9又4分之8.7月台[123是什麼敷衍的名字]
2022-06-04 17:06:26,713 INFO: Connecting to voice...
2022-06-04 17:06:26,713 INFO: Starting voice handshake... (connection attempt 1)
2022-06-04 17:06:27,013 INFO: Voice handshake complete. Endpoint found japan366.discord.media
2022-06-04 17:06:28,009 INFO: selected the voice protocol for use (xsalsa20_poly1305_lite)
2022-06-04 17:06:28,174 INFO: received secret key for voice connection
2022-06-04 17:06:29,743 INFO: Preparing to terminate ffmpeg process 355.
2022-06-04 17:06:29,745 INFO: ffmpeg process 355 successfully terminated with return code of 0.
2022-06-04 17:06:30,792 INFO: The voice handshake is being terminated for Channel ID 728631391809437746 (Guild ID 428109526550708234)
2022-06-04 17:06:30,793 INFO: Disconnecting from voice normally, close code 1000.
2022-06-04 17:07:06,125 INFO: SparkleZ out 9又4分之8.7月台[123是什麼敷衍的名字]
2022-06-04 17:07:06,125 INFO: Connecting to voice...
2022-06-04 17:07:06,125 INFO: Starting voice handshake... (connection attempt 1)
2022-06-04 17:07:06,431 INFO: Voice handshake complete. Endpoint found japan366.discord.media
2022-06-04 17:07:07,446 INFO: selected the voice protocol for use (xsalsa20_poly1305_lite)
2022-06-04 17:07:07,612 INFO: received secret key for voice connection
2022-06-04 17:07:09,603 INFO: Preparing to terminate ffmpeg process 366.
2022-06-04 17:07:09,604 INFO: ffmpeg process 366 successfully terminated with return code of 0.
2022-06-04 17:07:10,642 INFO: The voice handshake is being terminated for Channel ID 728631391809437746 (Guild ID 428109526550708234)
2022-06-04 17:07:10,643 INFO: Disconnecting from voice normally, close code 1000.
2022-06-04 17:07:44,056 INFO: Got a request to RESUME the websocket.
2022-06-04 17:07:44,258 INFO: Shard ID None has sent the RESUME payload.
2022-06-04 17:07:44,301 INFO: Shard ID None has successfully RESUMED session 06db031e17533715074de92fb49f9ce1 under trace ["gateway-prd-main-gv1q",{"micros":1470,"calls":["discord-sessions-blue-prd-2-125",{"micros":58}]}].
2022-06-04 17:30:14,642 INFO: Websocket closed with 1006, attempting a reconnect.
2022-06-04 17:30:14,643 INFO: Got a request to RESUME the websocket.
2022-06-04 17:30:14,819 INFO: Shard ID None has sent the RESUME payload.
2022-06-04 17:30:14,858 INFO: Shard ID None has successfully RESUMED session 06db031e17533715074de92fb49f9ce1 under trace ["gateway-prd-main-bkfp",{"micros":1880,"calls":["discord-sessions-blue-prd-2-125",{"micros":21}]}].
2022-06-04 17:54:36,431 INFO: wawa的n out 9又4分之8.7月台[123是什麼敷衍的名字]
2022-06-04 17:54:36,431 INFO: Connecting to voice...
2022-06-04 17:54:36,431 INFO: Starting voice handshake... (connection attempt 1)
2022-06-04 17:54:37,163 INFO: Voice handshake complete. Endpoint found japan366.discord.media
2022-06-04 17:54:37,444 INFO: MaiMai的Pool out 9又4分之8.7月台[123是什麼敷衍的名字]
2022-06-04 17:54:38,163 INFO: selected the voice protocol for use (xsalsa20_poly1305_lite)
2022-06-04 17:54:38,338 INFO: received secret key for voice connection
2022-06-04 17:54:40,331 INFO: Preparing to terminate ffmpeg process 471.
2022-06-04 17:54:40,331 INFO: ffmpeg process 471 successfully terminated with return code of 0.
2022-06-04 17:54:43,485 INFO: Preparing to terminate ffmpeg process 481.
2022-06-04 17:54:43,486 INFO: ffmpeg process 481 successfully terminated with return code of 0.
2022-06-04 17:54:44,494 INFO: The voice handshake is being terminated for Channel ID 728631391809437746 (Guild ID 428109526550708234)
2022-06-04 17:54:44,496 INFO: Disconnecting from voice normally, close code 1000.
2022-06-04 17:55:24,950 INFO: 雪莉粉粉 out 9又4分之8.7月台[123是什麼敷衍的名字]
2022-06-04 17:55:24,951 INFO: Connecting to voice...
2022-06-04 17:55:24,951 INFO: Starting voice handshake... (connection attempt 1)
2022-06-04 17:55:25,255 INFO: Voice handshake complete. Endpoint found japan366.discord.media
2022-06-04 17:55:26,263 INFO: selected the voice protocol for use (xsalsa20_poly1305_lite)
2022-06-04 17:55:26,429 INFO: received secret key for voice connection
2022-06-04 17:55:28,377 INFO: Preparing to terminate ffmpeg process 492.
2022-06-04 17:55:28,377 INFO: ffmpeg process 492 successfully terminated with return code of 0.
2022-06-04 17:55:29,447 INFO: The voice handshake is being terminated for Channel ID 728631391809437746 (Guild ID 428109526550708234)
2022-06-04 17:55:29,448 INFO: Disconnecting from voice normally, close code 1000.
2022-06-04 17:55:56,625 INFO: 不偷家的飄飄大仙 out 9又4分之8.7月台[123是什麼敷衍的名字]
2022-06-04 17:55:56,626 INFO: Connecting to voice...
2022-06-04 17:55:56,626 INFO: Starting voice handshake... (connection attempt 1)
2022-06-04 17:55:56,904 INFO: Voice handshake complete. Endpoint found japan366.discord.media
2022-06-04 17:55:57,905 INFO: selected the voice protocol for use (xsalsa20_poly1305_lite)
2022-06-04 17:55:58,076 INFO: received secret key for voice connection
2022-06-04 17:56:00,964 INFO: Preparing to terminate ffmpeg process 503.
2022-06-04 17:56:00,965 INFO: ffmpeg process 503 successfully terminated with return code of 0.
2022-06-04 17:56:02,007 INFO: The voice handshake is being terminated for Channel ID 728631391809437746 (Guild ID 428109526550708234)
2022-06-04 17:56:02,008 INFO: Disconnecting from voice normally, close code 1000.
2022-06-04 17:56:02,579 INFO: KyrieR out 9又4分之8.7月台[123是什麼敷衍的名字]
2022-06-04 17:56:02,579 INFO: Connecting to voice...
2022-06-04 17:56:02,579 INFO: Starting voice handshake... (connection attempt 1)
2022-06-04 17:56:02,894 INFO: Voice handshake complete. Endpoint found japan366.discord.media
2022-06-04 17:56:03,857 INFO: selected the voice protocol for use (xsalsa20_poly1305_lite)
2022-06-04 17:56:04,020 INFO: received secret key for voice connection
2022-06-04 17:56:05,829 INFO: Preparing to terminate ffmpeg process 514.
2022-06-04 17:56:05,830 INFO: ffmpeg process 514 successfully terminated with return code of 0.
2022-06-04 17:56:06,840 INFO: The voice handshake is being terminated for Channel ID 728631391809437746 (Guild ID 428109526550708234)
2022-06-04 17:56:06,840 INFO: Disconnecting from voice normally, close code 1000.
2022-06-04 19:46:28,380 INFO: Got a request to RESUME the websocket.
2022-06-04 19:46:28,557 INFO: Shard ID None has sent the RESUME payload.
2022-06-04 19:46:28,606 INFO: Shard ID None has successfully RESUMED session 06db031e17533715074de92fb49f9ce1 under trace ["gateway-prd-main-pl05",{"micros":613,"calls":["discord-sessions-blue-prd-2-125",{"micros":21}]}].
