2022-07-16 21:58:09,572 INFO: logging in using static token
2022-07-16 21:58:09,842 INFO: Shard ID None has sent the IDENTIFY payload.
2022-07-16 21:58:10,013 INFO: Shard ID None has connected to Gateway: ["gateway-prd-main-tj72",{"micros":128561,"calls":["discord-sessions-green-prd-2-149",{"micros":127193,"calls":["start_session",{"micros":59045,"calls":["discord-api-9479cdc5b-pgjx6",{"micros":54208,"calls":["get_user",{"micros":7480},"add_authorized_ip",{"micros":1821},"get_guilds",{"micros":14019},"coros_wait",{"micros":1}]}]},"guilds_connect",{"micros":1,"calls":[]},"presence_connect",{"micros":1977,"calls":[]}]}]}] (Session ID: e4b0595d71db62e9593fbe8ce04390f7).
2022-07-16 21:58:12,097 INFO: 目前登入身份：神奇海螺#3847
2022-07-16 23:02:55,773 INFO: Got a request to RESUME the websocket.
2022-07-16 23:02:55,993 INFO: Shard ID None has sent the RESUME payload.
2022-07-16 23:02:56,038 INFO: Shard ID None has successfully RESUMED session e4b0595d71db62e9593fbe8ce04390f7 under trace ["gateway-prd-main-8qsx",{"micros":541,"calls":["discord-sessions-green-prd-2-149",{"micros":21}]}].
2022-07-16 23:54:14,517 INFO: logging in using static token
2022-07-16 23:54:14,793 INFO: Shard ID None has sent the IDENTIFY payload.
2022-07-16 23:54:14,963 INFO: Shard ID None has connected to Gateway: ["gateway-prd-main-m9cd",{"micros":122980,"calls":["discord-sessions-green-prd-2-22",{"micros":121860,"calls":["start_session",{"micros":92966,"calls":["discord-api-9479cdc5b-6sznd",{"micros":89142,"calls":["get_user",{"micros":11734},"add_authorized_ip",{"micros":4573},"get_guilds",{"micros":8722},"coros_wait",{"micros":1}]}]},"guilds_connect",{"micros":2,"calls":[]},"presence_connect",{"micros":2,"calls":[]}]}]}] (Session ID: e448417488533fbf471a2c258e7e5955).
2022-07-16 23:54:17,003 INFO: 目前登入身份：神奇海螺#3847
2022-07-17 02:44:55,295 INFO: Got a request to RESUME the websocket.
2022-07-17 02:44:55,476 INFO: Shard ID None has sent the RESUME payload.
2022-07-17 02:44:55,552 INFO: Shard ID None has successfully RESUMED session e448417488533fbf471a2c258e7e5955 under trace ["gateway-prd-main-tj72",{"micros":22563,"calls":["discord-sessions-green-prd-2-22",{"micros":20}]}].
2022-07-17 06:41:30,893 INFO: Got a request to RESUME the websocket.
2022-07-17 06:41:31,055 INFO: Shard ID None has sent the RESUME payload.
2022-07-17 06:41:31,092 INFO: Shard ID None has successfully RESUMED session e448417488533fbf471a2c258e7e5955 under trace ["gateway-prd-main-hclv",{"micros":899,"calls":["discord-sessions-green-prd-2-22",{"micros":15}]}].
2022-07-17 08:55:46,540 INFO: Got a request to RESUME the websocket.
2022-07-17 08:55:46,705 INFO: Shard ID None has sent the RESUME payload.
2022-07-17 08:55:46,744 INFO: Shard ID None has successfully RESUMED session e448417488533fbf471a2c258e7e5955 under trace ["gateway-prd-main-8qsx",{"micros":539,"calls":["discord-sessions-green-prd-2-22",{"micros":17}]}].
2022-07-17 12:42:22,183 INFO: Got a request to RESUME the websocket.
2022-07-17 12:42:22,337 INFO: Shard ID None has sent the RESUME payload.
2022-07-17 12:42:22,385 INFO: Shard ID None has successfully RESUMED session e448417488533fbf471a2c258e7e5955 under trace ["gateway-prd-main-hm0s",{"micros":10439,"calls":["discord-sessions-green-prd-2-22",{"micros":20}]}].
2022-07-17 13:16:21,024 INFO: Got a request to RESUME the websocket.
2022-07-17 13:16:21,180 INFO: Shard ID None has sent the RESUME payload.
2022-07-17 13:16:21,219 INFO: Shard ID None has successfully RESUMED session e448417488533fbf471a2c258e7e5955 under trace ["gateway-prd-main-b8b4",{"micros":1837,"calls":["discord-sessions-green-prd-2-22",{"micros":18}]}].
2022-07-17 13:50:41,990 INFO: logging in using static token
2022-07-17 13:50:42,310 INFO: Shard ID None has sent the IDENTIFY payload.
2022-07-17 13:50:42,519 INFO: Shard ID None has connected to Gateway: ["gateway-prd-main-vwjd",{"micros":166520,"calls":["discord-sessions-green-prd-2-58",{"micros":164953,"calls":["start_session",{"micros":73246,"calls":["discord-api-9479cdc5b-8hfjv",{"micros":61825,"calls":["get_user",{"micros":18494},"add_authorized_ip",{"micros":1608},"get_guilds",{"micros":5129},"coros_wait",{"micros":2}]}]},"guilds_connect",{"micros":2,"calls":[]},"presence_connect",{"micros":58050,"calls":[]}]}]}] (Session ID: d1db1138339fa72e3a3222f2a8ba0ce5).
2022-07-17 13:50:44,565 INFO: 目前登入身份：神奇海螺#3847
2022-07-17 15:23:52,437 INFO: Got a request to RESUME the websocket.
2022-07-17 15:23:52,598 INFO: Shard ID None has sent the RESUME payload.
2022-07-17 15:23:52,637 INFO: Shard ID None has successfully RESUMED session d1db1138339fa72e3a3222f2a8ba0ce5 under trace ["gateway-prd-main-m5l1",{"micros":846,"calls":["discord-sessions-green-prd-2-58",{"micros":19}]}].
2022-07-17 18:00:24,843 INFO: Got a request to RESUME the websocket.
2022-07-17 18:00:25,029 INFO: Shard ID None has sent the RESUME payload.
2022-07-17 18:00:25,072 INFO: Shard ID None has successfully RESUMED session d1db1138339fa72e3a3222f2a8ba0ce5 under trace ["gateway-prd-main-5qqw",{"micros":595,"calls":["discord-sessions-green-prd-2-58",{"micros":20}]}].
