2022-07-25 18:19:05,432 INFO: logging in using static token
2022-07-25 18:19:05,767 INFO: Shard ID None has sent the IDENTIFY payload.
2022-07-25 18:19:05,952 INFO: Shard ID None has connected to Gateway: ["gateway-prd-main-n581",{"micros":142132,"calls":["discord-sessions-blue-prd-2-122",{"micros":141421,"calls":["start_session",{"micros":84574,"calls":["discord-api-ff4fc7478-r7bkd",{"micros":78076,"calls":["get_user",{"micros":37033},"add_authorized_ip",{"micros":3551},"get_guilds",{"micros":5939},"coros_wait",{"micros":2}]}]},"guilds_connect",{"micros":3,"calls":[]},"presence_connect",{"micros":39939,"calls":[]}]}]}] (Session ID: d8b3e8d548e801e299a6f790fd158ba0).
2022-07-25 18:19:08,021 INFO: 目前登入身份：神奇海螺#3847
2022-07-25 18:24:18,742 INFO: logging in using static token
2022-07-25 18:24:19,013 INFO: Shard ID None has sent the IDENTIFY payload.
2022-07-25 18:24:19,176 INFO: Shard ID None has connected to Gateway: ["gateway-prd-main-679d",{"micros":117303,"calls":["discord-sessions-blue-prd-2-33",{"micros":115048,"calls":["start_session",{"micros":91771,"calls":["discord-api-ff4fc7478-fzb84",{"micros":84396,"calls":["get_user",{"micros":19166},"add_authorized_ip",{"micros":2486},"get_guilds",{"micros":7618},"coros_wait",{"micros":2}]}]},"guilds_connect",{"micros":2,"calls":[]},"presence_connect",{"micros":19005,"calls":[]}]}]}] (Session ID: aa6d7037484b5d9a681acfedb2be81ce).
2022-07-25 18:24:21,208 INFO: 目前登入身份：神奇海螺#3847
2022-07-25 20:21:04,538 INFO: logging in using static token
2022-07-25 20:21:04,866 INFO: Shard ID None has sent the IDENTIFY payload.
2022-07-25 20:21:05,012 INFO: Shard ID None has connected to Gateway: ["gateway-prd-main-4n4j",{"micros":107772,"calls":["discord-sessions-blue-prd-2-112",{"micros":105770,"calls":["start_session",{"micros":55962,"calls":["discord-api-ff4fc7478-x6vrq",{"micros":51510,"calls":["get_user",{"micros":10628},"add_authorized_ip",{"micros":1419},"get_guilds",{"micros":4403},"coros_wait",{"micros":1}]}]},"guilds_connect",{"micros":2,"calls":[]},"presence_connect",{"micros":18465,"calls":[]}]}]}] (Session ID: b7ad4500d8a5cb0bdb862f8665989d7b).
2022-07-25 20:21:07,120 INFO: 目前登入身份：神奇海螺#3847
2022-07-25 21:27:34,044 INFO: Got a request to RESUME the websocket.
2022-07-25 21:27:34,258 INFO: Shard ID None has sent the RESUME payload.
2022-07-25 21:27:34,320 INFO: Shard ID None has successfully RESUMED session b7ad4500d8a5cb0bdb862f8665989d7b under trace ["gateway-prd-main-xbzr",{"micros":7205,"calls":["discord-sessions-blue-prd-2-112",{"micros":24}]}].
2022-07-25 21:39:46,060 INFO: logging in using static token
2022-07-25 21:39:46,380 INFO: Shard ID None has sent the IDENTIFY payload.
2022-07-25 21:39:46,481 INFO: Shard ID None has connected to Gateway: ["gateway-prd-main-nff4",{"micros":56974,"calls":["discord-sessions-blue-prd-2-121",{"micros":56063,"calls":["start_session",{"micros":40909,"calls":["discord-api-ff4fc7478-zqpnx",{"micros":36430,"calls":["get_user",{"micros":8820},"add_authorized_ip",{"micros":1638},"get_guilds",{"micros":4697},"coros_wait",{"micros":2}]}]},"guilds_connect",{"micros":2,"calls":[]},"presence_connect",{"micros":12263,"calls":[]}]}]}] (Session ID: 1e513b7b5e51b028bf3540dc7820a350).
2022-07-25 21:39:48,561 INFO: 目前登入身份：神奇海螺#3847
2022-07-25 22:20:54,570 INFO: logging in using static token
2022-07-25 22:20:54,885 INFO: Shard ID None has sent the IDENTIFY payload.
2022-07-25 22:20:55,003 INFO: Shard ID None has connected to Gateway: ["gateway-prd-main-d06l",{"micros":71773,"calls":["discord-sessions-blue-prd-2-121",{"micros":70785,"calls":["start_session",{"micros":56299,"calls":["discord-api-ff4fc7478-55l4l",{"micros":47647,"calls":["get_user",{"micros":10118},"add_authorized_ip",{"micros":1747},"get_guilds",{"micros":9066},"coros_wait",{"micros":2}]}]},"guilds_connect",{"micros":1,"calls":[]},"presence_connect",{"micros":1,"calls":[]}]}]}] (Session ID: ab5f399fa09bf4d76d39fd8d83622a57).
2022-07-25 22:20:57,065 INFO: 目前登入身份：神奇海螺#3847
2022-07-25 22:37:46,799 INFO: Got a request to RESUME the websocket.
2022-07-25 22:37:46,975 INFO: Shard ID None has sent the RESUME payload.
2022-07-25 22:37:47,017 INFO: Shard ID None has successfully RESUMED session ab5f399fa09bf4d76d39fd8d83622a57 under trace ["gateway-prd-main-7cgs",{"micros":1602,"calls":["discord-sessions-blue-prd-2-121",{"micros":20}]}].
2022-07-25 23:40:41,453 INFO: Got a request to RESUME the websocket.
2022-07-25 23:40:41,644 INFO: Shard ID None has sent the RESUME payload.
2022-07-25 23:40:41,693 INFO: Shard ID None has successfully RESUMED session ab5f399fa09bf4d76d39fd8d83622a57 under trace ["gateway-prd-main-15n1",{"micros":679,"calls":["discord-sessions-blue-prd-2-121",{"micros":22}]}].
2022-07-26 02:55:52,613 INFO: Got a request to RESUME the websocket.
2022-07-26 02:55:52,809 INFO: Shard ID None has sent the RESUME payload.
2022-07-26 02:55:52,848 INFO: Shard ID None has successfully RESUMED session ab5f399fa09bf4d76d39fd8d83622a57 under trace ["gateway-prd-main-rgm4",{"micros":457,"calls":["discord-sessions-blue-prd-2-121",{"micros":22}]}].
2022-07-26 03:35:04,627 INFO: logging in using static token
2022-07-26 03:35:04,959 INFO: Shard ID None has sent the IDENTIFY payload.
2022-07-26 03:35:05,112 INFO: Shard ID None has connected to Gateway: ["gateway-prd-main-nff4",{"micros":112195,"calls":["discord-sessions-blue-prd-2-132",{"micros":111003,"calls":["start_session",{"micros":64431,"calls":["discord-api-f8dd45c-rjzv9",{"micros":59906,"calls":["get_user",{"micros":18174},"add_authorized_ip",{"micros":5625},"get_guilds",{"micros":4309},"coros_wait",{"micros":1}]}]},"guilds_connect",{"micros":2,"calls":[]},"presence_connect",{"micros":1,"calls":[]}]}]}] (Session ID: fa50052602d9c2a64ff731497191e6df).
2022-07-26 03:35:07,142 INFO: 目前登入身份：神奇海螺#3847
2022-07-26 06:36:36,972 INFO: Got a request to RESUME the websocket.
2022-07-26 06:36:37,135 INFO: Shard ID None has sent the RESUME payload.
2022-07-26 06:36:37,173 INFO: Shard ID None has successfully RESUMED session fa50052602d9c2a64ff731497191e6df under trace ["gateway-prd-main-cc6n",{"micros":420,"calls":["discord-sessions-blue-prd-2-132",{"micros":19}]}].
2022-07-26 10:21:01,310 INFO: Got a request to RESUME the websocket.
2022-07-26 10:21:01,465 INFO: Shard ID None has sent the RESUME payload.
2022-07-26 10:21:01,509 INFO: Shard ID None has successfully RESUMED session fa50052602d9c2a64ff731497191e6df under trace ["gateway-prd-main-rgm4",{"micros":786,"calls":["discord-sessions-blue-prd-2-132",{"micros":19}]}].
2022-07-26 11:26:51,417 INFO: Websocket closed with 1006, attempting a reconnect.
2022-07-26 11:26:51,418 INFO: Got a request to RESUME the websocket.
2022-07-26 11:26:51,576 INFO: Shard ID None has sent the RESUME payload.
2022-07-26 11:26:51,614 INFO: Shard ID None has successfully RESUMED session fa50052602d9c2a64ff731497191e6df under trace ["gateway-prd-main-r13x",{"micros":616,"calls":["discord-sessions-blue-prd-2-132",{"micros":14}]}].
2022-07-26 11:49:55,401 INFO: Websocket closed with 1006, attempting a reconnect.
2022-07-26 11:49:55,402 INFO: Got a request to RESUME the websocket.
2022-07-26 11:49:55,563 INFO: Shard ID None has sent the RESUME payload.
2022-07-26 11:49:55,604 INFO: Shard ID None has successfully RESUMED session fa50052602d9c2a64ff731497191e6df under trace ["gateway-prd-main-0wkv",{"micros":654,"calls":["discord-sessions-blue-prd-2-132",{"micros":20}]}].
2022-07-26 12:11:54,345 INFO: logging in using static token
2022-07-26 12:11:54,604 INFO: Shard ID None has sent the IDENTIFY payload.
2022-07-26 12:11:54,731 INFO: Shard ID None has connected to Gateway: ["gateway-prd-main-tb83",{"micros":84768,"calls":["discord-sessions-blue-prd-2-164",{"micros":83775,"calls":["start_session",{"micros":51633,"calls":["discord-api-f8dd45c-g4qlx",{"micros":47757,"calls":["get_user",{"micros":15051},"add_authorized_ip",{"micros":4603},"get_guilds",{"micros":4702},"coros_wait",{"micros":2}]}]},"guilds_connect",{"micros":47,"calls":[]},"presence_connect",{"micros":1,"calls":[]}]}]}] (Session ID: 38003319669446163f9c4548cb7a1109).
2022-07-26 12:11:56,779 INFO: 目前登入身份：神奇海螺#3847
2022-07-26 12:51:20,831 INFO: MaiMai的Pool in 9又4分之8.7月台[123是什麼敷衍的名字]
2022-07-26 12:51:20,995 INFO: Connecting to voice...
2022-07-26 12:51:20,995 INFO: Starting voice handshake... (connection attempt 1)
2022-07-26 12:51:21,611 INFO: Voice handshake complete. Endpoint found hongkong3101.discord.media
2022-07-26 12:51:21,810 ERROR: Exception occurred during Voice Protocol voice server update handler
Traceback (most recent call last):
  File "/opt/virtualenvs/python3/lib/python3.8/site-packages/discord/state.py", line 102, in logging_coroutine
    await coroutine
  File "/opt/virtualenvs/python3/lib/python3.8/site-packages/discord/voice_client.py", line 295, in on_voice_server_update
    await self.ws.close(4000)
AttributeError: 'NoneType' object has no attribute 'close'
2022-07-26 12:51:22,741 INFO: selected the voice protocol for use (xsalsa20_poly1305_lite)
2022-07-26 12:51:22,975 INFO: received secret key for voice connection
2022-07-26 12:51:25,271 INFO: Preparing to terminate ffmpeg process 191.
2022-07-26 12:51:25,271 INFO: ffmpeg process 191 successfully terminated with return code of 0.
2022-07-26 12:51:27,403 INFO: Preparing to terminate ffmpeg process 202.
2022-07-26 12:51:27,404 INFO: ffmpeg process 202 successfully terminated with return code of 0.
2022-07-26 12:51:28,407 INFO: The voice handshake is being terminated for Channel ID 728631391809437746 (Guild ID 428109526550708234)
2022-07-26 12:51:28,408 INFO: Disconnecting from voice normally, close code 1000.
2022-07-26 12:51:57,547 INFO: wawa的n in 9又4分之8.7月台[123是什麼敷衍的名字]
2022-07-26 12:51:57,709 INFO: Connecting to voice...
2022-07-26 12:51:57,710 INFO: Starting voice handshake... (connection attempt 1)
2022-07-26 12:51:57,982 INFO: Voice handshake complete. Endpoint found hongkong3101.discord.media
2022-07-26 12:51:59,121 INFO: selected the voice protocol for use (xsalsa20_poly1305_lite)
2022-07-26 12:51:59,346 INFO: received secret key for voice connection
2022-07-26 12:52:01,491 INFO: Preparing to terminate ffmpeg process 213.
2022-07-26 12:52:01,491 INFO: ffmpeg process 213 successfully terminated with return code of 0.
2022-07-26 12:52:03,703 INFO: Preparing to terminate ffmpeg process 223.
2022-07-26 12:52:03,704 INFO: ffmpeg process 223 successfully terminated with return code of 0.
2022-07-26 12:52:04,768 INFO: The voice handshake is being terminated for Channel ID 728631391809437746 (Guild ID 428109526550708234)
2022-07-26 12:52:04,769 INFO: Disconnecting from voice normally, close code 1000.
2022-07-26 13:06:44,062 INFO: Lexor in 9又4分之8.7月台[123是什麼敷衍的名字]
2022-07-26 13:06:44,072 INFO: Connecting to voice...
2022-07-26 13:06:44,072 INFO: Starting voice handshake... (connection attempt 1)
2022-07-26 13:06:44,954 INFO: Voice handshake complete. Endpoint found hongkong3101.discord.media
2022-07-26 13:06:46,111 INFO: selected the voice protocol for use (xsalsa20_poly1305_lite)
2022-07-26 13:06:46,349 INFO: received secret key for voice connection
2022-07-26 13:06:48,736 INFO: Preparing to terminate ffmpeg process 251.
2022-07-26 13:06:48,737 INFO: ffmpeg process 251 successfully terminated with return code of 0.
2022-07-26 13:06:51,589 INFO: Preparing to terminate ffmpeg process 261.
2022-07-26 13:06:51,590 INFO: ffmpeg process 261 successfully terminated with return code of 0.
2022-07-26 13:06:52,678 INFO: The voice handshake is being terminated for Channel ID 728631391809437746 (Guild ID 428109526550708234)
2022-07-26 13:06:52,679 INFO: Disconnecting from voice normally, close code 1000.
2022-07-26 13:07:59,601 INFO: Lexor out 9又4分之8.7月台[123是什麼敷衍的名字]
2022-07-26 13:07:59,601 INFO: Connecting to voice...
2022-07-26 13:07:59,601 INFO: Starting voice handshake... (connection attempt 1)
2022-07-26 13:08:00,551 INFO: Voice handshake complete. Endpoint found hongkong3101.discord.media
2022-07-26 13:08:01,712 INFO: selected the voice protocol for use (xsalsa20_poly1305_lite)
2022-07-26 13:08:01,959 INFO: received secret key for voice connection
2022-07-26 13:08:03,645 INFO: Preparing to terminate ffmpeg process 272.
2022-07-26 13:08:03,646 INFO: ffmpeg process 272 successfully terminated with return code of 0.
2022-07-26 13:08:04,671 INFO: The voice handshake is being terminated for Channel ID 728631391809437746 (Guild ID 428109526550708234)
2022-07-26 13:08:04,671 INFO: Disconnecting from voice normally, close code 1000.
2022-07-26 14:02:34,196 INFO: Chi in 9又4分之8.7月台[123是什麼敷衍的名字]
2022-07-26 14:02:34,225 INFO: Connecting to voice...
2022-07-26 14:02:34,225 INFO: Starting voice handshake... (connection attempt 1)
2022-07-26 14:02:35,178 INFO: Voice handshake complete. Endpoint found hongkong3101.discord.media
2022-07-26 14:02:36,328 INFO: selected the voice protocol for use (xsalsa20_poly1305_lite)
2022-07-26 14:02:36,555 INFO: received secret key for voice connection
2022-07-26 14:02:38,745 INFO: Preparing to terminate ffmpeg process 337.
2022-07-26 14:02:38,746 INFO: ffmpeg process 337 successfully terminated with return code of 0.
2022-07-26 14:02:41,066 INFO: Preparing to terminate ffmpeg process 347.
2022-07-26 14:02:41,069 INFO: ffmpeg process 347 successfully terminated with return code of 0.
2022-07-26 14:02:42,094 INFO: The voice handshake is being terminated for Channel ID 728631391809437746 (Guild ID 428109526550708234)
2022-07-26 14:02:42,094 INFO: Disconnecting from voice normally, close code 1000.
2022-07-26 14:04:11,264 INFO: BunnyplayGG in 9又4分之8.7月台[123是什麼敷衍的名字]
2022-07-26 14:04:11,521 INFO: Connecting to voice...
2022-07-26 14:04:11,521 INFO: Starting voice handshake... (connection attempt 1)
2022-07-26 14:04:12,238 INFO: Voice handshake complete. Endpoint found hongkong3101.discord.media
2022-07-26 14:04:13,396 INFO: selected the voice protocol for use (xsalsa20_poly1305_lite)
2022-07-26 14:04:13,631 INFO: received secret key for voice connection
2022-07-26 14:04:16,019 INFO: Preparing to terminate ffmpeg process 376.
2022-07-26 14:04:16,019 INFO: ffmpeg process 376 successfully terminated with return code of 0.
2022-07-26 14:04:18,715 INFO: Preparing to terminate ffmpeg process 386.
2022-07-26 14:04:18,716 INFO: ffmpeg process 386 successfully terminated with return code of 0.
2022-07-26 14:04:19,762 INFO: The voice handshake is being terminated for Channel ID 728631391809437746 (Guild ID 428109526550708234)
2022-07-26 14:04:19,763 INFO: Disconnecting from voice normally, close code 1000.
2022-07-26 14:06:31,250 INFO: wawa的n out 9又4分之8.7月台[123是什麼敷衍的名字]
2022-07-26 14:06:31,251 INFO: Connecting to voice...
2022-07-26 14:06:31,251 INFO: Starting voice handshake... (connection attempt 1)
2022-07-26 14:06:31,594 INFO: Voice handshake complete. Endpoint found hongkong3101.discord.media
2022-07-26 14:06:32,725 INFO: selected the voice protocol for use (xsalsa20_poly1305_lite)
2022-07-26 14:06:32,951 INFO: received secret key for voice connection
2022-07-26 14:06:34,937 INFO: Preparing to terminate ffmpeg process 397.
2022-07-26 14:06:34,937 INFO: ffmpeg process 397 successfully terminated with return code of 0.
2022-07-26 14:06:35,964 INFO: The voice handshake is being terminated for Channel ID 728631391809437746 (Guild ID 428109526550708234)
2022-07-26 14:06:35,965 INFO: Disconnecting from voice normally, close code 1000.
2022-07-26 14:12:49,924 INFO: wawa的n in 9又4分之8.7月台[123是什麼敷衍的名字]
2022-07-26 14:12:49,938 INFO: Connecting to voice...
2022-07-26 14:12:49,938 INFO: Starting voice handshake... (connection attempt 1)
2022-07-26 14:12:50,293 INFO: Voice handshake complete. Endpoint found hongkong3101.discord.media
2022-07-26 14:12:51,447 INFO: selected the voice protocol for use (xsalsa20_poly1305_lite)
2022-07-26 14:12:51,677 INFO: received secret key for voice connection
2022-07-26 14:12:53,824 INFO: Preparing to terminate ffmpeg process 427.
2022-07-26 14:12:53,825 INFO: ffmpeg process 427 successfully terminated with return code of 0.
2022-07-26 14:12:56,188 INFO: Preparing to terminate ffmpeg process 437.
2022-07-26 14:12:56,190 INFO: ffmpeg process 437 successfully terminated with return code of 0.
2022-07-26 14:12:57,216 INFO: The voice handshake is being terminated for Channel ID 728631391809437746 (Guild ID 428109526550708234)
2022-07-26 14:12:57,217 INFO: Disconnecting from voice normally, close code 1000.
2022-07-26 14:13:45,324 INFO: Fiven-chung in 9又4分之8.7月台[123是什麼敷衍的名字]
2022-07-26 14:13:45,364 INFO: Connecting to voice...
2022-07-26 14:13:45,364 INFO: Starting voice handshake... (connection attempt 1)
2022-07-26 14:13:45,662 INFO: Voice handshake complete. Endpoint found hongkong3101.discord.media
2022-07-26 14:13:46,825 INFO: selected the voice protocol for use (xsalsa20_poly1305_lite)
2022-07-26 14:13:47,052 INFO: received secret key for voice connection
2022-07-26 14:13:48,918 INFO: Preparing to terminate ffmpeg process 448.
2022-07-26 14:13:48,919 INFO: ffmpeg process 448 successfully terminated with return code of 0.
2022-07-26 14:13:51,030 INFO: Preparing to terminate ffmpeg process 458.
2022-07-26 14:13:51,030 INFO: ffmpeg process 458 successfully terminated with return code of 0.
2022-07-26 14:13:52,072 INFO: The voice handshake is being terminated for Channel ID 728631391809437746 (Guild ID 428109526550708234)
2022-07-26 14:13:52,073 INFO: Disconnecting from voice normally, close code 1000.
2022-07-26 14:40:51,351 INFO: Got a request to RESUME the websocket.
2022-07-26 14:40:51,530 INFO: Shard ID None has sent the RESUME payload.
2022-07-26 14:40:51,574 INFO: Shard ID None has successfully RESUMED session 38003319669446163f9c4548cb7a1109 under trace ["gateway-prd-main-ppf6",{"micros":7030,"calls":["discord-sessions-blue-prd-2-164",{"micros":23}]}].
2022-07-26 16:35:02,283 INFO: wawa的n out 9又4分之8.7月台[123是什麼敷衍的名字]
2022-07-26 16:35:02,283 INFO: Connecting to voice...
2022-07-26 16:35:02,283 INFO: Starting voice handshake... (connection attempt 1)
2022-07-26 16:35:02,556 INFO: Voice handshake complete. Endpoint found hongkong3101.discord.media
2022-07-26 16:35:03,699 INFO: selected the voice protocol for use (xsalsa20_poly1305_lite)
2022-07-26 16:35:03,921 INFO: received secret key for voice connection
2022-07-26 16:35:04,156 INFO: MaiMai的Pool out 9又4分之8.7月台[123是什麼敷衍的名字]
2022-07-26 16:35:05,194 INFO: BunnyplayGG out 9又4分之8.7月台[123是什麼敷衍的名字]
2022-07-26 16:35:05,912 INFO: Preparing to terminate ffmpeg process 685.
2022-07-26 16:35:05,913 INFO: ffmpeg process 685 successfully terminated with return code of 0.
2022-07-26 16:35:09,046 INFO: Preparing to terminate ffmpeg process 695.
2022-07-26 16:35:09,047 INFO: ffmpeg process 695 successfully terminated with return code of 0.
2022-07-26 16:35:12,423 INFO: Preparing to terminate ffmpeg process 705.
2022-07-26 16:35:12,423 INFO: ffmpeg process 705 successfully terminated with return code of 0.
2022-07-26 16:35:13,477 INFO: The voice handshake is being terminated for Channel ID 728631391809437746 (Guild ID 428109526550708234)
2022-07-26 16:35:13,478 INFO: Disconnecting from voice normally, close code 1000.
2022-07-26 16:35:24,151 INFO: Chi out 9又4分之8.7月台[123是什麼敷衍的名字]
2022-07-26 16:35:24,151 INFO: Connecting to voice...
2022-07-26 16:35:24,151 INFO: Starting voice handshake... (connection attempt 1)
2022-07-26 16:35:24,515 INFO: Voice handshake complete. Endpoint found hongkong3101.discord.media
2022-07-26 16:35:25,116 INFO: Fiven-chung out 9又4分之8.7月台[123是什麼敷衍的名字]
2022-07-26 16:35:25,665 INFO: selected the voice protocol for use (xsalsa20_poly1305_lite)
2022-07-26 16:35:25,888 INFO: received secret key for voice connection
2022-07-26 16:35:27,455 INFO: Preparing to terminate ffmpeg process 716.
2022-07-26 16:35:27,457 INFO: ffmpeg process 716 successfully terminated with return code of 0.
2022-07-26 16:35:30,441 INFO: Preparing to terminate ffmpeg process 726.
2022-07-26 16:35:30,441 INFO: ffmpeg process 726 successfully terminated with return code of 0.
2022-07-26 16:35:31,530 INFO: The voice handshake is being terminated for Channel ID 728631391809437746 (Guild ID 428109526550708234)
2022-07-26 16:35:31,531 INFO: Disconnecting from voice normally, close code 1000.
2022-07-26 17:41:24,193 INFO: Websocket closed with 1006, attempting a reconnect.
2022-07-26 17:41:24,193 INFO: Got a request to RESUME the websocket.
2022-07-26 17:41:24,372 INFO: Shard ID None has sent the RESUME payload.
2022-07-26 17:41:24,417 INFO: Shard ID None has successfully RESUMED session 38003319669446163f9c4548cb7a1109 under trace ["gateway-prd-main-8r4w",{"micros":1135,"calls":["discord-sessions-blue-prd-2-164",{"micros":34}]}].
2022-07-26 18:03:11,417 INFO: Got a request to RESUME the websocket.
2022-07-26 18:03:11,614 INFO: Shard ID None has sent the RESUME payload.
2022-07-26 18:03:11,665 INFO: Shard ID None has successfully RESUMED session 38003319669446163f9c4548cb7a1109 under trace ["gateway-prd-main-x1wp",{"micros":1876,"calls":["discord-sessions-blue-prd-2-164",{"micros":21}]}].
2022-07-26 18:13:15,031 INFO: Websocket closed with 1006, attempting a reconnect.
2022-07-26 18:13:15,031 INFO: Got a request to RESUME the websocket.
2022-07-26 18:13:15,243 INFO: Shard ID None has sent the RESUME payload.
2022-07-26 18:13:15,289 INFO: Shard ID None has successfully RESUMED session 38003319669446163f9c4548cb7a1109 under trace ["gateway-prd-main-l29w",{"micros":649,"calls":["discord-sessions-blue-prd-2-164",{"micros":16}]}].
