2022-11-25 16:09:36,468 INFO: logging in using static token
2022-11-25 16:09:37,170 INFO: Shard ID None has connected to Gateway (Session ID: cb1ea3e60e68cc186d3d42364138dd54).
2022-11-25 16:09:39,178 INFO: 目前登入身份：神奇海螺#3847
2022-11-25 17:10:55,458 INFO: BunnyplayGG out 9又4分之8.7月台[123是什麼敷衍的名字]
2022-11-25 17:10:55,459 INFO: Connecting to voice...
2022-11-25 17:10:55,459 INFO: Starting voice handshake... (connection attempt 1)
2022-11-25 17:10:55,805 INFO: Voice handshake complete. Endpoint found hongkong6439.discord.media
2022-11-25 17:10:59,225 INFO: ffmpeg process 232 successfully terminated with return code of 0.
2022-11-25 17:11:00,272 INFO: The voice handshake is being terminated for Channel ID 728631391809437746 (Guild ID 428109526550708234)
2022-11-25 17:11:00,273 INFO: Disconnecting from voice normally, close code 1000.
2022-11-25 17:35:20,625 INFO: Chi out 9又4分之8.7月台[123是什麼敷衍的名字]
2022-11-25 17:35:20,625 INFO: Connecting to voice...
2022-11-25 17:35:20,626 INFO: Starting voice handshake... (connection attempt 1)
2022-11-25 17:35:21,029 INFO: Voice handshake complete. Endpoint found hongkong6439.discord.media
2022-11-25 17:35:23,670 INFO: ffmpeg process 279 successfully terminated with return code of 0.
2022-11-25 17:35:24,716 INFO: The voice handshake is being terminated for Channel ID 728631391809437746 (Guild ID 428109526550708234)
2022-11-25 17:35:24,716 INFO: Disconnecting from voice normally, close code 1000.
2022-11-25 17:46:40,205 INFO: Fiven-chung out 9又4分之8.7月台[123是什麼敷衍的名字]
2022-11-25 17:46:40,206 INFO: Connecting to voice...
2022-11-25 17:46:40,206 INFO: Starting voice handshake... (connection attempt 1)
2022-11-25 17:46:40,535 INFO: Voice handshake complete. Endpoint found hongkong6439.discord.media
2022-11-25 17:46:43,510 INFO: ffmpeg process 290 successfully terminated with return code of 0.
2022-11-25 17:46:44,597 INFO: The voice handshake is being terminated for Channel ID 728631391809437746 (Guild ID 428109526550708234)
2022-11-25 17:46:44,598 INFO: Disconnecting from voice normally, close code 1000.
2022-11-25 17:48:29,354 INFO: 貓嗷嗚飄飄大仙 out 9又4分之8.7月台[123是什麼敷衍的名字]
2022-11-25 17:48:29,355 INFO: Connecting to voice...
2022-11-25 17:48:29,355 INFO: Starting voice handshake... (connection attempt 1)
2022-11-25 17:48:29,527 INFO: Voice handshake complete. Endpoint found oregon10001.discord.media
2022-11-25 17:48:32,940 INFO: ffmpeg process 319 successfully terminated with return code of 0.
2022-11-25 17:48:36,534 INFO: ffmpeg process 329 successfully terminated with return code of 0.
2022-11-25 17:48:37,601 INFO: The voice handshake is being terminated for Channel ID 728631391809437746 (Guild ID 428109526550708234)
2022-11-25 17:48:37,602 INFO: Disconnecting from voice normally, close code 1000.
2022-11-25 18:04:30,218 INFO: Shard ID None has successfully RESUMED session cb1ea3e60e68cc186d3d42364138dd54.
2022-11-25 18:30:14,981 INFO: Shard ID None has successfully RESUMED session cb1ea3e60e68cc186d3d42364138dd54.
2022-11-25 19:48:13,947 INFO: Shard ID None has successfully RESUMED session cb1ea3e60e68cc186d3d42364138dd54.
2022-11-25 20:09:54,130 INFO: Shard ID None has successfully RESUMED session cb1ea3e60e68cc186d3d42364138dd54.
2022-11-25 23:42:42,453 INFO: Shard ID None has successfully RESUMED session cb1ea3e60e68cc186d3d42364138dd54.
2022-11-26 01:02:05,005 INFO: logging in using static token
2022-11-26 01:02:05,731 INFO: Shard ID None has connected to Gateway (Session ID: 2e5e97092d86bbd6f5104b9a50278c64).
2022-11-26 01:02:07,736 INFO: 目前登入身份：神奇海螺#3847
2022-11-26 01:38:50,202 INFO: Shard ID None has successfully RESUMED session 2e5e97092d86bbd6f5104b9a50278c64.
2022-11-26 02:33:01,513 INFO: Shard ID None has successfully RESUMED session 2e5e97092d86bbd6f5104b9a50278c64.
2022-11-26 05:05:57,606 INFO: Shard ID None has successfully RESUMED session 2e5e97092d86bbd6f5104b9a50278c64.
2022-11-26 06:05:28,035 INFO: Shard ID None has successfully RESUMED session 2e5e97092d86bbd6f5104b9a50278c64.
2022-11-26 08:13:43,341 INFO: Shard ID None has successfully RESUMED session 2e5e97092d86bbd6f5104b9a50278c64.
2022-11-26 10:25:18,656 INFO: Shard ID None has successfully RESUMED session 2e5e97092d86bbd6f5104b9a50278c64.
2022-11-26 12:11:16,743 INFO: Shard ID None has successfully RESUMED session 2e5e97092d86bbd6f5104b9a50278c64.
2022-11-26 13:29:43,167 INFO: BunnyplayGG in 9又4分之8.7月台[123是什麼敷衍的名字]
2022-11-26 13:29:43,263 INFO: Connecting to voice...
2022-11-26 13:29:43,263 INFO: Starting voice handshake... (connection attempt 1)
2022-11-26 13:29:43,581 INFO: Voice handshake complete. Endpoint found hongkong8769.discord.media
2022-11-26 13:29:46,489 INFO: ffmpeg process 1346 successfully terminated with return code of 0.
2022-11-26 13:29:49,182 INFO: ffmpeg process 1357 successfully terminated with return code of 0.
2022-11-26 13:29:50,252 INFO: The voice handshake is being terminated for Channel ID 728631391809437746 (Guild ID 428109526550708234)
2022-11-26 13:29:50,253 INFO: Disconnecting from voice normally, close code 1000.
2022-11-26 13:33:26,402 INFO: louiskkk28 in 9又4分之8.7月台[123是什麼敷衍的名字]
2022-11-26 13:33:26,497 INFO: Connecting to voice...
2022-11-26 13:33:26,498 INFO: Starting voice handshake... (connection attempt 1)
2022-11-26 13:33:26,821 INFO: Voice handshake complete. Endpoint found hongkong8769.discord.media
2022-11-26 13:33:31,818 INFO: ffmpeg process 1386 successfully terminated with return code of 0.
2022-11-26 13:33:34,725 INFO: ffmpeg process 1396 successfully terminated with return code of 0.
2022-11-26 13:33:35,811 INFO: The voice handshake is being terminated for Channel ID 728631391809437746 (Guild ID 428109526550708234)
2022-11-26 13:33:35,812 INFO: Disconnecting from voice normally, close code 1000.
2022-11-26 13:33:54,744 INFO: BunnyplayGG in 9又4分之8.7月台[打不出幹話就講出來啊]
2022-11-26 13:33:54,886 INFO: Connecting to voice...
2022-11-26 13:33:54,886 INFO: Starting voice handshake... (connection attempt 1)
2022-11-26 13:33:55,213 INFO: Voice handshake complete. Endpoint found hongkong8481.discord.media
2022-11-26 13:33:56,720 INFO: BunnyplayGG in 9又4分之8.7月台[123是什麼敷衍的名字]
2022-11-26 13:33:58,675 INFO: ffmpeg process 1407 successfully terminated with return code of 0.
2022-11-26 13:34:01,262 INFO: ffmpeg process 1417 successfully terminated with return code of 0.
2022-11-26 13:34:02,332 INFO: The voice handshake is being terminated for Channel ID 428109526550708238 (Guild ID 428109526550708234)
2022-11-26 13:34:02,333 INFO: Connecting to voice...
2022-11-26 13:34:02,334 INFO: Starting voice handshake... (connection attempt 1)
2022-11-26 13:34:02,334 INFO: Disconnecting from voice normally, close code 1000.
2022-11-26 13:34:02,670 INFO: Voice handshake complete. Endpoint found hongkong8769.discord.media
2022-11-26 13:34:05,570 INFO: ffmpeg process 1428 successfully terminated with return code of 0.
2022-11-26 13:34:07,455 INFO: jerry2299 in 9又4分之8.7月台[123是什麼敷衍的名字]
2022-11-26 13:34:08,283 INFO: ffmpeg process 1438 successfully terminated with return code of 0.
2022-11-26 13:34:13,379 INFO: ffmpeg process 1448 successfully terminated with return code of 0.
2022-11-26 13:34:17,629 INFO: ffmpeg process 1458 successfully terminated with return code of 0.
2022-11-26 13:34:18,680 INFO: The voice handshake is being terminated for Channel ID 728631391809437746 (Guild ID 428109526550708234)
2022-11-26 13:34:18,681 INFO: Disconnecting from voice normally, close code 1000.
2022-11-26 13:52:30,677 INFO: louiskkk28 out 9又4分之8.7月台[123是什麼敷衍的名字]
2022-11-26 13:52:30,678 INFO: Connecting to voice...
2022-11-26 13:52:30,678 INFO: Starting voice handshake... (connection attempt 1)
2022-11-26 13:52:31,002 INFO: Voice handshake complete. Endpoint found hongkong8769.discord.media
2022-11-26 13:52:35,864 INFO: ffmpeg process 1487 successfully terminated with return code of 0.
2022-11-26 13:52:36,906 INFO: The voice handshake is being terminated for Channel ID 728631391809437746 (Guild ID 428109526550708234)
2022-11-26 13:52:36,907 INFO: Disconnecting from voice normally, close code 1000.
2022-11-26 14:03:23,822 INFO: 貓嗷嗚飄飄大仙 in 9又4分之8.7月台[123是什麼敷衍的名字]
2022-11-26 14:03:23,870 INFO: Connecting to voice...
2022-11-26 14:03:23,870 INFO: Starting voice handshake... (connection attempt 1)
2022-11-26 14:03:24,194 INFO: Voice handshake complete. Endpoint found hongkong8769.discord.media
2022-11-26 14:03:28,456 INFO: ffmpeg process 1517 successfully terminated with return code of 0.
2022-11-26 14:03:31,376 INFO: ffmpeg process 1527 successfully terminated with return code of 0.
2022-11-26 14:03:32,474 INFO: The voice handshake is being terminated for Channel ID 728631391809437746 (Guild ID 428109526550708234)
2022-11-26 14:03:32,475 INFO: Disconnecting from voice normally, close code 1000.
2022-11-26 14:14:36,568 INFO: louiskkk28 in 9又4分之8.7月台[123是什麼敷衍的名字]
2022-11-26 14:14:36,616 INFO: Connecting to voice...
2022-11-26 14:14:36,616 INFO: Starting voice handshake... (connection attempt 1)
2022-11-26 14:14:36,968 INFO: Voice handshake complete. Endpoint found hongkong8769.discord.media
2022-11-26 14:14:42,553 INFO: ffmpeg process 1555 successfully terminated with return code of 0.
2022-11-26 14:14:45,457 INFO: ffmpeg process 1565 successfully terminated with return code of 0.
2022-11-26 14:14:46,504 INFO: The voice handshake is being terminated for Channel ID 728631391809437746 (Guild ID 428109526550708234)
2022-11-26 14:14:46,505 INFO: Disconnecting from voice normally, close code 1000.
2022-11-26 14:15:45,822 INFO: 神奇海螺 in 9又4分之8.7月台[123是什麼敷衍的名字]
2022-11-26 14:15:45,913 INFO: Connecting to voice...
2022-11-26 14:15:45,914 INFO: Starting voice handshake... (connection attempt 1)
2022-11-26 14:15:46,258 INFO: Voice handshake complete. Endpoint found hongkong8769.discord.media
2022-11-26 14:15:49,657 INFO: ffmpeg process 1576 successfully terminated with return code of 0.
2022-11-26 14:15:58,113 INFO: ffmpeg process 1586 successfully terminated with return code of 0.
2022-11-26 14:15:59,169 INFO: The voice handshake is being terminated for Channel ID 728631391809437746 (Guild ID 428109526550708234)
2022-11-26 14:15:59,170 INFO: Disconnecting from voice normally, close code 1000.
2022-11-26 14:16:40,114 INFO: MaiMai的Pool in 9又4分之8.7月台[打不出幹話就講出來啊]
2022-11-26 14:16:40,159 INFO: Connecting to voice...
2022-11-26 14:16:40,159 INFO: Starting voice handshake... (connection attempt 1)
2022-11-26 14:16:40,307 INFO: Voice handshake complete. Endpoint found hongkong5270.discord.media
2022-11-26 14:16:40,545 ERROR: Exception occurred during Voice Protocol voice server update handler
Traceback (most recent call last):
  File "/opt/virtualenvs/python3/lib/python3.8/site-packages/discord/state.py", line 157, in logging_coroutine
    await coroutine
  File "/opt/virtualenvs/python3/lib/python3.8/site-packages/discord/voice_client.py", line 337, in on_voice_server_update
    await self.ws.close(4000)
AttributeError: '_MissingSentinel' object has no attribute 'close'
2022-11-26 14:16:43,381 INFO: wawa的n in 9又4分之8.7月台[打不出幹話就講出來啊]
2022-11-26 14:16:44,160 INFO: ffmpeg process 1597 successfully terminated with return code of 0.
2022-11-26 14:16:46,837 INFO: ffmpeg process 1607 successfully terminated with return code of 0.
2022-11-26 14:16:50,569 INFO: ffmpeg process 1617 successfully terminated with return code of 0.
2022-11-26 14:16:52,745 INFO: ffmpeg process 1627 successfully terminated with return code of 0.
2022-11-26 14:16:53,846 INFO: The voice handshake is being terminated for Channel ID 428109526550708238 (Guild ID 428109526550708234)
2022-11-26 14:16:53,847 INFO: Disconnecting from voice normally, close code 1000.
2022-11-26 14:17:01,431 INFO: 神奇海螺 in 9又4分之8.7月台[打不出幹話就講出來啊]
2022-11-26 14:17:01,493 INFO: Connecting to voice...
2022-11-26 14:17:01,493 INFO: Starting voice handshake... (connection attempt 1)
2022-11-26 14:17:01,819 INFO: Voice handshake complete. Endpoint found hongkong5270.discord.media
2022-11-26 14:17:05,234 INFO: ffmpeg process 1656 successfully terminated with return code of 0.
2022-11-26 14:17:13,697 INFO: ffmpeg process 1666 successfully terminated with return code of 0.
2022-11-26 14:17:14,748 INFO: The voice handshake is being terminated for Channel ID 428109526550708238 (Guild ID 428109526550708234)
2022-11-26 14:17:14,749 INFO: Disconnecting from voice normally, close code 1000.
2022-11-26 14:17:22,909 INFO: KyrieR in 9又4分之8.7月台[123是什麼敷衍的名字]
2022-11-26 14:17:23,004 INFO: Connecting to voice...
2022-11-26 14:17:23,004 INFO: Starting voice handshake... (connection attempt 1)
2022-11-26 14:17:23,323 INFO: Voice handshake complete. Endpoint found hongkong8769.discord.media
2022-11-26 14:17:26,983 INFO: ffmpeg process 1677 successfully terminated with return code of 0.
2022-11-26 14:17:29,168 INFO: ffmpeg process 1687 successfully terminated with return code of 0.
2022-11-26 14:17:30,214 INFO: The voice handshake is being terminated for Channel ID 728631391809437746 (Guild ID 428109526550708234)
2022-11-26 14:17:30,214 INFO: Disconnecting from voice normally, close code 1000.
2022-11-26 14:18:16,385 INFO: 阿凱 in 9又4分之8.7月台[打不出幹話就講出來啊]
2022-11-26 14:18:17,142 INFO: Connecting to voice...
2022-11-26 14:18:17,142 INFO: Starting voice handshake... (connection attempt 1)
2022-11-26 14:18:17,495 INFO: Voice handshake complete. Endpoint found hongkong5270.discord.media
2022-11-26 14:18:20,332 INFO: ffmpeg process 1727 successfully terminated with return code of 0.
2022-11-26 14:18:22,601 INFO: ffmpeg process 1737 successfully terminated with return code of 0.
2022-11-26 14:18:23,646 INFO: The voice handshake is being terminated for Channel ID 428109526550708238 (Guild ID 428109526550708234)
2022-11-26 14:18:23,648 INFO: Disconnecting from voice normally, close code 1000.
2022-11-26 14:19:32,096 INFO: louiskkk28 out 9又4分之8.7月台[123是什麼敷衍的名字]
2022-11-26 14:19:32,096 INFO: Connecting to voice...
2022-11-26 14:19:32,096 INFO: Starting voice handshake... (connection attempt 1)
2022-11-26 14:19:32,529 INFO: Voice handshake complete. Endpoint found hongkong8769.discord.media
2022-11-26 14:19:37,383 INFO: ffmpeg process 1748 successfully terminated with return code of 0.
2022-11-26 14:19:38,423 INFO: The voice handshake is being terminated for Channel ID 728631391809437746 (Guild ID 428109526550708234)
2022-11-26 14:19:38,424 INFO: Disconnecting from voice normally, close code 1000.
2022-11-26 14:19:53,381 INFO: louiskkk28 in 9又4分之8.7月台[123是什麼敷衍的名字]
2022-11-26 14:19:53,487 INFO: Connecting to voice...
2022-11-26 14:19:53,488 INFO: Starting voice handshake... (connection attempt 1)
2022-11-26 14:19:53,810 INFO: Voice handshake complete. Endpoint found hongkong8769.discord.media
2022-11-26 14:19:59,334 INFO: ffmpeg process 1759 successfully terminated with return code of 0.
2022-11-26 14:20:01,795 INFO: ffmpeg process 1769 successfully terminated with return code of 0.
2022-11-26 14:20:02,886 INFO: The voice handshake is being terminated for Channel ID 728631391809437746 (Guild ID 428109526550708234)
2022-11-26 14:20:02,886 INFO: Disconnecting from voice normally, close code 1000.
2022-11-26 14:21:29,236 INFO: WeIrdnA in 9又4分之8.7月台[打不出幹話就講出來啊]
2022-11-26 14:21:29,283 INFO: Connecting to voice...
2022-11-26 14:21:29,284 INFO: Starting voice handshake... (connection attempt 1)
2022-11-26 14:21:29,606 INFO: Voice handshake complete. Endpoint found hongkong5270.discord.media
2022-11-26 14:21:32,858 INFO: ffmpeg process 1780 successfully terminated with return code of 0.
2022-11-26 14:21:35,144 INFO: ffmpeg process 1790 successfully terminated with return code of 0.
2022-11-26 14:21:36,191 INFO: The voice handshake is being terminated for Channel ID 428109526550708238 (Guild ID 428109526550708234)
2022-11-26 14:21:36,191 INFO: Disconnecting from voice normally, close code 1000.
2022-11-26 14:28:50,143 INFO: Shard ID None has successfully RESUMED session 2e5e97092d86bbd6f5104b9a50278c64.
2022-11-26 14:36:43,128 INFO: Chi in 9又4分之8.7月台[123是什麼敷衍的名字]
2022-11-26 14:36:43,223 INFO: Connecting to voice...
2022-11-26 14:36:43,223 INFO: Starting voice handshake... (connection attempt 1)
2022-11-26 14:36:43,539 INFO: Voice handshake complete. Endpoint found hongkong8769.discord.media
2022-11-26 14:36:46,777 INFO: ffmpeg process 1819 successfully terminated with return code of 0.
2022-11-26 14:36:49,629 INFO: ffmpeg process 1829 successfully terminated with return code of 0.
2022-11-26 14:36:50,717 INFO: The voice handshake is being terminated for Channel ID 728631391809437746 (Guild ID 428109526550708234)
2022-11-26 14:36:50,717 INFO: Disconnecting from voice normally, close code 1000.
2022-11-26 15:19:29,685 INFO: louiskkk28 out 9又4分之8.7月台[123是什麼敷衍的名字]
2022-11-26 15:19:29,686 INFO: Connecting to voice...
2022-11-26 15:19:29,687 INFO: Starting voice handshake... (connection attempt 1)
2022-11-26 15:19:30,022 INFO: Voice handshake complete. Endpoint found hongkong8769.discord.media
2022-11-26 15:19:34,904 INFO: ffmpeg process 1929 successfully terminated with return code of 0.
2022-11-26 15:19:35,942 INFO: The voice handshake is being terminated for Channel ID 728631391809437746 (Guild ID 428109526550708234)
2022-11-26 15:19:35,943 INFO: Disconnecting from voice normally, close code 1000.
2022-11-26 15:55:13,635 INFO: jerry2299 out 9又4分之8.7月台[123是什麼敷衍的名字]
2022-11-26 15:55:13,635 INFO: Connecting to voice...
2022-11-26 15:55:13,635 INFO: Starting voice handshake... (connection attempt 1)
2022-11-26 15:55:13,961 INFO: Voice handshake complete. Endpoint found hongkong8769.discord.media
2022-11-26 15:55:18,350 INFO: ffmpeg process 1976 successfully terminated with return code of 0.
2022-11-26 15:55:19,425 INFO: The voice handshake is being terminated for Channel ID 728631391809437746 (Guild ID 428109526550708234)
2022-11-26 15:55:19,426 INFO: Disconnecting from voice normally, close code 1000.
2022-11-26 16:30:34,705 INFO: 阿凱 out 9又4分之8.7月台[打不出幹話就講出來啊]
2022-11-26 16:30:34,705 INFO: Connecting to voice...
2022-11-26 16:30:34,706 INFO: Starting voice handshake... (connection attempt 1)
2022-11-26 16:30:35,043 INFO: Voice handshake complete. Endpoint found hongkong5270.discord.media
2022-11-26 16:30:36,161 INFO: 神奇海螺 in 9又4分之8.7月台[123是什麼敷衍的名字]
2022-11-26 16:30:37,929 INFO: ffmpeg process 2038 successfully terminated with return code of 0.
2022-11-26 16:30:38,995 INFO: The voice handshake is being terminated for Channel ID 428109526550708238 (Guild ID 428109526550708234)
2022-11-26 16:30:38,996 INFO: Connecting to voice...
2022-11-26 16:30:38,996 INFO: Starting voice handshake... (connection attempt 1)
2022-11-26 16:30:38,997 INFO: Disconnecting from voice normally, close code 1000.
2022-11-26 16:30:39,345 INFO: Voice handshake complete. Endpoint found hongkong8769.discord.media
2022-11-26 16:30:39,957 INFO: wawa的n out 9又4分之8.7月台[打不出幹話就講出來啊]
2022-11-26 16:30:40,238 INFO: WeIrdnA out 9又4分之8.7月台[打不出幹話就講出來啊]
2022-11-26 16:30:43,336 INFO: ffmpeg process 2049 successfully terminated with return code of 0.
2022-11-26 16:30:51,778 INFO: ffmpeg process 2059 successfully terminated with return code of 0.
2022-11-26 16:30:52,825 INFO: The voice handshake is being terminated for Channel ID 728631391809437746 (Guild ID 428109526550708234)
2022-11-26 16:30:52,826 INFO: Connecting to voice...
2022-11-26 16:30:52,826 INFO: Starting voice handshake... (connection attempt 1)
2022-11-26 16:30:52,826 INFO: Disconnecting from voice normally, close code 1000.
2022-11-26 16:30:53,171 INFO: Voice handshake complete. Endpoint found hongkong5270.discord.media
2022-11-26 16:30:56,190 INFO: ffmpeg process 2070 successfully terminated with return code of 0.
2022-11-26 16:30:59,248 INFO: ffmpeg process 2080 successfully terminated with return code of 0.
2022-11-26 16:31:00,342 INFO: The voice handshake is being terminated for Channel ID 428109526550708238 (Guild ID 428109526550708234)
2022-11-26 16:31:00,343 INFO: Disconnecting from voice normally, close code 1000.
2022-11-26 16:32:09,855 INFO: MaiMai的Pool out 9又4分之8.7月台[打不出幹話就講出來啊]
2022-11-26 16:32:09,855 INFO: Connecting to voice...
2022-11-26 16:32:09,856 INFO: Starting voice handshake... (connection attempt 1)
2022-11-26 16:32:10,034 INFO: Voice handshake complete. Endpoint found oregon10001.discord.media
2022-11-26 16:32:12,280 INFO: ffmpeg process 2110 successfully terminated with return code of 0.
2022-11-26 16:32:13,291 INFO: The voice handshake is being terminated for Channel ID 428109526550708238 (Guild ID 428109526550708234)
2022-11-26 16:32:13,292 INFO: Disconnecting from voice normally, close code 1000.
2022-11-26 16:35:50,972 INFO: MaiMai的Pool in 9又4分之8.7月台[打不出幹話就講出來啊]
2022-11-26 16:35:51,018 INFO: Connecting to voice...
2022-11-26 16:35:51,018 INFO: Starting voice handshake... (connection attempt 1)
2022-11-26 16:35:51,340 INFO: Voice handshake complete. Endpoint found hongkong2589.discord.media
2022-11-26 16:35:54,693 INFO: ffmpeg process 2121 successfully terminated with return code of 0.
2022-11-26 16:35:57,586 INFO: ffmpeg process 2131 successfully terminated with return code of 0.
2022-11-26 16:35:58,635 INFO: The voice handshake is being terminated for Channel ID 428109526550708238 (Guild ID 428109526550708234)
2022-11-26 16:35:58,636 INFO: Disconnecting from voice normally, close code 1000.
2022-11-26 16:36:03,695 INFO: MaiMai的Pool out 9又4分之8.7月台[打不出幹話就講出來啊]
2022-11-26 16:36:03,696 INFO: Connecting to voice...
2022-11-26 16:36:03,696 INFO: Starting voice handshake... (connection attempt 1)
2022-11-26 16:36:03,851 INFO: Voice handshake complete. Endpoint found oregon10002.discord.media
2022-11-26 16:36:06,082 INFO: ffmpeg process 2142 successfully terminated with return code of 0.
2022-11-26 16:36:07,097 INFO: The voice handshake is being terminated for Channel ID 428109526550708238 (Guild ID 428109526550708234)
2022-11-26 16:36:07,098 INFO: Disconnecting from voice normally, close code 1000.
2022-11-26 17:13:26,110 INFO: Shard ID None has successfully RESUMED session 2e5e97092d86bbd6f5104b9a50278c64.
2022-11-26 17:19:28,531 INFO: BunnyplayGG out 9又4分之8.7月台[123是什麼敷衍的名字]
2022-11-26 17:19:28,535 INFO: Connecting to voice...
2022-11-26 17:19:28,535 INFO: Starting voice handshake... (connection attempt 1)
2022-11-26 17:19:28,866 INFO: Voice handshake complete. Endpoint found hongkong8769.discord.media
2022-11-26 17:19:32,305 INFO: ffmpeg process 2225 successfully terminated with return code of 0.
2022-11-26 17:19:33,356 INFO: The voice handshake is being terminated for Channel ID 728631391809437746 (Guild ID 428109526550708234)
2022-11-26 17:19:33,357 INFO: Disconnecting from voice normally, close code 1000.
2022-11-26 17:33:41,101 INFO: Chi out 9又4分之8.7月台[123是什麼敷衍的名字]
2022-11-26 17:33:41,101 INFO: Connecting to voice...
2022-11-26 17:33:41,101 INFO: Starting voice handshake... (connection attempt 1)
2022-11-26 17:33:41,433 INFO: Voice handshake complete. Endpoint found hongkong8769.discord.media
2022-11-26 17:33:44,085 INFO: ffmpeg process 2253 successfully terminated with return code of 0.
2022-11-26 17:33:45,136 INFO: The voice handshake is being terminated for Channel ID 728631391809437746 (Guild ID 428109526550708234)
2022-11-26 17:33:45,137 INFO: Disconnecting from voice normally, close code 1000.
2022-11-26 17:46:35,680 INFO: KyrieR out 9又4分之8.7月台[123是什麼敷衍的名字]
2022-11-26 17:46:35,681 INFO: Connecting to voice...
2022-11-26 17:46:35,681 INFO: Starting voice handshake... (connection attempt 1)
2022-11-26 17:46:36,002 INFO: Voice handshake complete. Endpoint found hongkong8769.discord.media
2022-11-26 17:46:38,853 INFO: ffmpeg process 2264 successfully terminated with return code of 0.
2022-11-26 17:46:39,858 INFO: The voice handshake is being terminated for Channel ID 728631391809437746 (Guild ID 428109526550708234)
2022-11-26 17:46:39,859 INFO: Disconnecting from voice normally, close code 1000.
2022-11-26 17:49:49,995 INFO: 貓嗷嗚飄飄大仙 out 9又4分之8.7月台[123是什麼敷衍的名字]
2022-11-26 17:49:49,996 INFO: Connecting to voice...
2022-11-26 17:49:49,996 INFO: Starting voice handshake... (connection attempt 1)
2022-11-26 17:49:50,181 INFO: Voice handshake complete. Endpoint found oregon10002.discord.media
2022-11-26 17:49:53,597 INFO: ffmpeg process 2293 successfully terminated with return code of 0.
2022-11-26 17:49:57,201 INFO: ffmpeg process 2303 successfully terminated with return code of 0.
2022-11-26 17:49:58,273 INFO: The voice handshake is being terminated for Channel ID 728631391809437746 (Guild ID 428109526550708234)
2022-11-26 17:49:58,274 INFO: Disconnecting from voice normally, close code 1000.
2022-11-26 19:06:14,868 INFO: Shard ID None has successfully RESUMED session 2e5e97092d86bbd6f5104b9a50278c64.
2022-11-26 22:54:14,823 INFO: Shard ID None has successfully RESUMED session 2e5e97092d86bbd6f5104b9a50278c64.
