2022-06-08 00:37:23,836 INFO: logging in using static token
2022-06-08 00:37:29,188 INFO: Shard ID None has sent the IDENTIFY payload.
2022-06-08 00:37:29,319 INFO: Shard ID None has connected to Gateway: ["gateway-prd-main-7wb8",{"micros":84159,"calls":["discord-sessions-blue-prd-2-123",{"micros":81928,"calls":["start_session",{"micros":45081,"calls":["discord-api-59f5fc6648-vxd5k",{"micros":40669,"calls":["get_user",{"micros":11363},"add_authorized_ip",{"micros":2426},"get_guilds",{"micros":5448},"coros_wait",{"micros":1}]}]},"guilds_connect",{"micros":24,"calls":[]},"presence_connect",{"micros":2,"calls":[]}]}]}] (Session ID: ca1f9184a12294324cb6b73a4997493d).
2022-06-08 00:37:31,369 INFO: 目前登入身份：神奇海螺#3847
2022-06-08 01:15:35,803 INFO: logging in using static token
2022-06-08 01:15:36,099 INFO: Shard ID None has sent the IDENTIFY payload.
2022-06-08 01:15:36,228 INFO: Shard ID None has connected to Gateway: ["gateway-prd-main-d4tj",{"micros":88978,"calls":["discord-sessions-blue-prd-2-169",{"micros":88120,"calls":["start_session",{"micros":60455,"calls":["discord-api-59f5fc6648-jg7p9",{"micros":55907,"calls":["get_user",{"micros":14509},"add_authorized_ip",{"micros":5299},"get_guilds",{"micros":5541},"coros_wait",{"micros":2}]}]},"guilds_connect",{"micros":2,"calls":[]},"presence_connect",{"micros":21935,"calls":[]}]}]}] (Session ID: d88be23ef3be8113e658f3f508754ed9).
2022-06-08 01:15:38,314 INFO: 目前登入身份：神奇海螺#3847
2022-06-08 01:30:43,542 INFO: Got a request to RESUME the websocket.
2022-06-08 01:30:43,750 INFO: Shard ID None has sent the RESUME payload.
2022-06-08 01:30:43,794 INFO: Shard ID None has successfully RESUMED session d88be23ef3be8113e658f3f508754ed9 under trace ["gateway-prd-main-9pwj",{"micros":783,"calls":["discord-sessions-blue-prd-2-169",{"micros":18}]}].
2022-06-08 04:57:28,918 INFO: Got a request to RESUME the websocket.
2022-06-08 04:57:29,080 INFO: Shard ID None has sent the RESUME payload.
2022-06-08 04:57:29,120 INFO: Shard ID None has successfully RESUMED session d88be23ef3be8113e658f3f508754ed9 under trace ["gateway-prd-main-d1p4",{"micros":442,"calls":["discord-sessions-blue-prd-2-169",{"micros":18}]}].
2022-06-08 07:21:08,696 INFO: Got a request to RESUME the websocket.
2022-06-08 07:21:08,857 INFO: Shard ID None has sent the RESUME payload.
2022-06-08 07:21:08,896 INFO: Shard ID None has successfully RESUMED session d88be23ef3be8113e658f3f508754ed9 under trace ["gateway-prd-main-cgwb",{"micros":545,"calls":["discord-sessions-blue-prd-2-169",{"micros":27}]}].
2022-06-08 10:21:42,248 INFO: Got a request to RESUME the websocket.
2022-06-08 10:21:42,409 INFO: Shard ID None has sent the RESUME payload.
2022-06-08 10:21:42,449 INFO: Shard ID None has successfully RESUMED session d88be23ef3be8113e658f3f508754ed9 under trace ["gateway-prd-main-kl1n",{"micros":551,"calls":["discord-sessions-blue-prd-2-169",{"micros":20}]}].
2022-06-08 11:49:56,322 INFO: wawa的n in 9又4分之8.7月台[123是什麼敷衍的名字]
2022-06-08 11:49:56,333 INFO: Connecting to voice...
2022-06-08 11:49:56,334 INFO: Starting voice handshake... (connection attempt 1)
2022-06-08 11:49:57,072 INFO: Voice handshake complete. Endpoint found hongkong1113.discord.media
2022-06-08 11:49:57,272 ERROR: Exception occurred during Voice Protocol voice server update handler
Traceback (most recent call last):
  File "/opt/virtualenvs/python3/lib/python3.8/site-packages/discord/state.py", line 102, in logging_coroutine
    await coroutine
  File "/opt/virtualenvs/python3/lib/python3.8/site-packages/discord/voice_client.py", line 295, in on_voice_server_update
    await self.ws.close(4000)
AttributeError: 'NoneType' object has no attribute 'close'
2022-06-08 11:49:58,325 INFO: selected the voice protocol for use (xsalsa20_poly1305_lite)
2022-06-08 11:49:58,535 INFO: received secret key for voice connection
2022-06-08 11:50:01,215 INFO: Preparing to terminate ffmpeg process 1808.
2022-06-08 11:50:01,218 INFO: ffmpeg process 1808 successfully terminated with return code of 0.
2022-06-08 11:50:03,820 INFO: Preparing to terminate ffmpeg process 1819.
2022-06-08 11:50:03,821 INFO: ffmpeg process 1819 successfully terminated with return code of 0.
2022-06-08 11:50:04,887 INFO: The voice handshake is being terminated for Channel ID 728631391809437746 (Guild ID 428109526550708234)
2022-06-08 11:50:04,887 INFO: Disconnecting from voice normally, close code 1000.
2022-06-08 11:50:33,814 INFO: MaiMai的Pool in 9又4分之8.7月台[123是什麼敷衍的名字]
2022-06-08 11:50:33,826 INFO: Connecting to voice...
2022-06-08 11:50:33,827 INFO: Starting voice handshake... (connection attempt 1)
2022-06-08 11:50:34,213 INFO: Voice handshake complete. Endpoint found hongkong1113.discord.media
2022-06-08 11:50:35,474 INFO: selected the voice protocol for use (xsalsa20_poly1305_lite)
2022-06-08 11:50:35,685 INFO: received secret key for voice connection
2022-06-08 11:50:37,975 INFO: Preparing to terminate ffmpeg process 1830.
2022-06-08 11:50:37,976 INFO: ffmpeg process 1830 successfully terminated with return code of 0.
2022-06-08 11:50:40,830 INFO: Preparing to terminate ffmpeg process 1840.
2022-06-08 11:50:40,831 INFO: ffmpeg process 1840 successfully terminated with return code of 0.
2022-06-08 11:50:41,918 INFO: The voice handshake is being terminated for Channel ID 728631391809437746 (Guild ID 428109526550708234)
2022-06-08 11:50:41,918 INFO: Disconnecting from voice normally, close code 1000.
2022-06-08 12:00:28,121 INFO: 神奇海螺 in 9又4分之8.7月台[123是什麼敷衍的名字]
2022-06-08 12:00:28,156 INFO: Connecting to voice...
2022-06-08 12:00:28,156 INFO: Starting voice handshake... (connection attempt 1)
2022-06-08 12:00:29,075 INFO: Voice handshake complete. Endpoint found hongkong1113.discord.media
2022-06-08 12:00:30,342 INFO: selected the voice protocol for use (xsalsa20_poly1305_lite)
2022-06-08 12:00:30,557 INFO: received secret key for voice connection
2022-06-08 12:00:32,907 INFO: Preparing to terminate ffmpeg process 1882.
2022-06-08 12:00:32,908 INFO: ffmpeg process 1882 successfully terminated with return code of 0.
2022-06-08 12:00:35,265 INFO: Preparing to terminate ffmpeg process 1892.
2022-06-08 12:00:35,266 INFO: ffmpeg process 1892 successfully terminated with return code of 0.
2022-06-08 12:00:36,310 INFO: The voice handshake is being terminated for Channel ID 728631391809437746 (Guild ID 428109526550708234)
2022-06-08 12:00:36,311 INFO: Disconnecting from voice normally, close code 1000.
2022-06-08 12:14:22,750 INFO: 不偷家的飄飄大仙 in 9又4分之8.7月台[123是什麼敷衍的名字]
2022-06-08 12:14:22,761 INFO: Connecting to voice...
2022-06-08 12:14:22,761 INFO: Starting voice handshake... (connection attempt 1)
2022-06-08 12:14:23,702 INFO: Voice handshake complete. Endpoint found hongkong1113.discord.media
2022-06-08 12:14:24,960 INFO: selected the voice protocol for use (xsalsa20_poly1305_lite)
2022-06-08 12:14:25,171 INFO: received secret key for voice connection
2022-06-08 12:14:28,237 INFO: Preparing to terminate ffmpeg process 1966.
2022-06-08 12:14:28,238 INFO: ffmpeg process 1966 successfully terminated with return code of 0.
2022-06-08 12:14:31,280 INFO: Preparing to terminate ffmpeg process 1976.
2022-06-08 12:14:31,281 INFO: ffmpeg process 1976 successfully terminated with return code of 0.
2022-06-08 12:14:32,308 INFO: The voice handshake is being terminated for Channel ID 728631391809437746 (Guild ID 428109526550708234)
2022-06-08 12:14:32,309 INFO: Disconnecting from voice normally, close code 1000.
2022-06-08 12:30:49,444 INFO: MaiMai的Pool out 9又4分之8.7月台[123是什麼敷衍的名字]
2022-06-08 12:30:49,445 INFO: Connecting to voice...
2022-06-08 12:30:49,445 INFO: Starting voice handshake... (connection attempt 1)
2022-06-08 12:30:50,361 INFO: Voice handshake complete. Endpoint found hongkong1113.discord.media
2022-06-08 12:30:51,629 INFO: selected the voice protocol for use (xsalsa20_poly1305_lite)
2022-06-08 12:30:51,841 INFO: received secret key for voice connection
2022-06-08 12:30:53,949 INFO: Preparing to terminate ffmpeg process 2049.
2022-06-08 12:30:53,950 INFO: ffmpeg process 2049 successfully terminated with return code of 0.
2022-06-08 12:30:54,957 INFO: The voice handshake is being terminated for Channel ID 728631391809437746 (Guild ID 428109526550708234)
2022-06-08 12:30:54,957 INFO: Disconnecting from voice normally, close code 1000.
2022-06-08 12:44:12,665 INFO: MaiMai的Pool in 9又4分之8.7月台[123是什麼敷衍的名字]
2022-06-08 12:44:12,676 INFO: Connecting to voice...
2022-06-08 12:44:12,676 INFO: Starting voice handshake... (connection attempt 1)
2022-06-08 12:44:13,046 INFO: Voice handshake complete. Endpoint found hongkong1113.discord.media
2022-06-08 12:44:14,317 INFO: selected the voice protocol for use (xsalsa20_poly1305_lite)
2022-06-08 12:44:14,535 INFO: received secret key for voice connection
2022-06-08 12:44:17,323 INFO: Preparing to terminate ffmpeg process 2091.
2022-06-08 12:44:17,324 INFO: ffmpeg process 2091 successfully terminated with return code of 0.
2022-06-08 12:44:20,025 INFO: Preparing to terminate ffmpeg process 2101.
2022-06-08 12:44:20,025 INFO: ffmpeg process 2101 successfully terminated with return code of 0.
2022-06-08 12:44:21,070 INFO: The voice handshake is being terminated for Channel ID 728631391809437746 (Guild ID 428109526550708234)
2022-06-08 12:44:21,070 INFO: Disconnecting from voice normally, close code 1000.
2022-06-08 12:53:16,458 INFO: Got a request to RESUME the websocket.
2022-06-08 12:53:16,612 INFO: Shard ID None has sent the RESUME payload.
2022-06-08 12:53:16,652 INFO: Shard ID None has successfully RESUMED session d88be23ef3be8113e658f3f508754ed9 under trace ["gateway-prd-main-6v4c",{"micros":622,"calls":["discord-sessions-blue-prd-2-169",{"micros":19}]}].
2022-06-08 12:55:15,159 INFO: SparkleZ in 9又4分之8.7月台[123是什麼敷衍的名字]
2022-06-08 12:55:15,192 INFO: Connecting to voice...
2022-06-08 12:55:15,192 INFO: Starting voice handshake... (connection attempt 1)
2022-06-08 12:55:16,059 INFO: Voice handshake complete. Endpoint found hongkong1113.discord.media
2022-06-08 12:55:17,335 INFO: selected the voice protocol for use (xsalsa20_poly1305_lite)
2022-06-08 12:55:17,548 INFO: received secret key for voice connection
2022-06-08 12:55:20,054 INFO: Preparing to terminate ffmpeg process 2175.
2022-06-08 12:55:20,054 INFO: ffmpeg process 2175 successfully terminated with return code of 0.
2022-06-08 12:55:22,215 INFO: Preparing to terminate ffmpeg process 2185.
2022-06-08 12:55:22,216 INFO: ffmpeg process 2185 successfully terminated with return code of 0.
2022-06-08 12:55:23,282 INFO: The voice handshake is being terminated for Channel ID 728631391809437746 (Guild ID 428109526550708234)
2022-06-08 12:55:23,283 INFO: Disconnecting from voice normally, close code 1000.
2022-06-08 13:09:19,395 INFO: SparkleZ out 9又4分之8.7月台[123是什麼敷衍的名字]
2022-06-08 13:09:19,396 INFO: Connecting to voice...
2022-06-08 13:09:19,396 INFO: Starting voice handshake... (connection attempt 1)
2022-06-08 13:09:20,326 INFO: Voice handshake complete. Endpoint found hongkong1113.discord.media
2022-06-08 13:09:21,598 INFO: selected the voice protocol for use (xsalsa20_poly1305_lite)
2022-06-08 13:09:21,810 INFO: received secret key for voice connection
2022-06-08 13:09:23,797 INFO: Preparing to terminate ffmpeg process 2226.
2022-06-08 13:09:23,797 INFO: ffmpeg process 2226 successfully terminated with return code of 0.
2022-06-08 13:09:24,827 INFO: The voice handshake is being terminated for Channel ID 728631391809437746 (Guild ID 428109526550708234)
2022-06-08 13:09:24,828 INFO: Disconnecting from voice normally, close code 1000.
2022-06-08 13:13:18,964 INFO: SparkleZ in 9又4分之8.7月台[打不出幹話就講出來啊]
2022-06-08 13:13:18,996 INFO: Connecting to voice...
2022-06-08 13:13:18,996 INFO: Starting voice handshake... (connection attempt 1)
2022-06-08 13:13:19,582 INFO: Voice handshake complete. Endpoint found japan8348.discord.media
2022-06-08 13:13:19,717 ERROR: Exception occurred during Voice Protocol voice server update handler
Traceback (most recent call last):
  File "/opt/virtualenvs/python3/lib/python3.8/site-packages/discord/state.py", line 102, in logging_coroutine
    await coroutine
  File "/opt/virtualenvs/python3/lib/python3.8/site-packages/discord/voice_client.py", line 295, in on_voice_server_update
    await self.ws.close(4000)
AttributeError: 'NoneType' object has no attribute 'close'
2022-06-08 13:13:20,602 INFO: selected the voice protocol for use (xsalsa20_poly1305_lite)
2022-06-08 13:13:20,770 INFO: received secret key for voice connection
2022-06-08 13:13:22,763 INFO: Preparing to terminate ffmpeg process 2237.
2022-06-08 13:13:22,763 INFO: ffmpeg process 2237 successfully terminated with return code of 0.
2022-06-08 13:13:24,895 INFO: Preparing to terminate ffmpeg process 2247.
2022-06-08 13:13:24,896 INFO: ffmpeg process 2247 successfully terminated with return code of 0.
2022-06-08 13:13:25,899 INFO: The voice handshake is being terminated for Channel ID 428109526550708238 (Guild ID 428109526550708234)
2022-06-08 13:13:25,899 INFO: Disconnecting from voice normally, close code 1000.
2022-06-08 13:14:32,328 INFO: 捷運 in 9又4分之8.7月台[打不出幹話就講出來啊]
2022-06-08 13:14:32,405 INFO: Connecting to voice...
2022-06-08 13:14:32,406 INFO: Starting voice handshake... (connection attempt 1)
2022-06-08 13:14:33,084 INFO: Voice handshake complete. Endpoint found japan8348.discord.media
2022-06-08 13:14:34,076 INFO: selected the voice protocol for use (xsalsa20_poly1305_lite)
2022-06-08 13:14:34,242 INFO: received secret key for voice connection
2022-06-08 13:14:36,089 INFO: Preparing to terminate ffmpeg process 2258.
2022-06-08 13:14:36,090 INFO: ffmpeg process 2258 successfully terminated with return code of 0.
2022-06-08 13:14:38,991 INFO: Preparing to terminate ffmpeg process 2268.
2022-06-08 13:14:38,991 INFO: ffmpeg process 2268 successfully terminated with return code of 0.
2022-06-08 13:14:40,088 INFO: The voice handshake is being terminated for Channel ID 428109526550708238 (Guild ID 428109526550708234)
2022-06-08 13:14:40,088 INFO: Disconnecting from voice normally, close code 1000.
2022-06-08 13:50:59,589 INFO: logging in using static token
2022-06-08 13:50:59,981 INFO: Shard ID None has sent the IDENTIFY payload.
2022-06-08 13:51:00,120 INFO: Shard ID None has connected to Gateway: ["gateway-prd-main-bkfp",{"micros":94110,"calls":["discord-sessions-blue-prd-2-162",{"micros":92573,"calls":["start_session",{"micros":40264,"calls":["discord-api-59f5fc6648-g7p9c",{"micros":35557,"calls":["get_user",{"micros":6004},"add_authorized_ip",{"micros":2824},"get_guilds",{"micros":4922},"coros_wait",{"micros":2}]}]},"guilds_connect",{"micros":2,"calls":[]},"presence_connect",{"micros":1,"calls":[]}]}]}] (Session ID: 28a3bb274c5b0fd159ecaddd5c000c6b).
2022-06-08 13:51:02,163 INFO: 目前登入身份：神奇海螺#3847
2022-06-08 14:07:32,663 INFO: BunnyplayGG in 9又4分之8.7月台[123是什麼敷衍的名字]
2022-06-08 14:07:32,714 INFO: Connecting to voice...
2022-06-08 14:07:32,714 INFO: Starting voice handshake... (connection attempt 1)
2022-06-08 14:07:33,583 INFO: Voice handshake complete. Endpoint found hongkong1113.discord.media
2022-06-08 14:07:34,846 INFO: selected the voice protocol for use (xsalsa20_poly1305_lite)
2022-06-08 14:07:35,060 INFO: received secret key for voice connection
2022-06-08 14:07:36,937 INFO: Preparing to terminate ffmpeg process 230.
2022-06-08 14:07:36,938 INFO: ffmpeg process 230 successfully terminated with return code of 0.
2022-06-08 14:07:39,729 INFO: Preparing to terminate ffmpeg process 241.
2022-06-08 14:07:39,730 INFO: ffmpeg process 241 successfully terminated with return code of 0.
2022-06-08 14:07:40,797 INFO: The voice handshake is being terminated for Channel ID 728631391809437746 (Guild ID 428109526550708234)
2022-06-08 14:07:40,797 INFO: Disconnecting from voice normally, close code 1000.
2022-06-08 14:19:15,815 INFO: Got a request to RESUME the websocket.
2022-06-08 14:19:16,002 INFO: Shard ID None has sent the RESUME payload.
2022-06-08 14:19:16,049 INFO: Shard ID None has successfully RESUMED session 28a3bb274c5b0fd159ecaddd5c000c6b under trace ["gateway-prd-main-5wvq",{"micros":6163,"calls":["discord-sessions-blue-prd-2-162",{"micros":20}]}].
2022-06-08 14:26:24,195 INFO: 楓夜 in 9又4分之8.7月台[123是什麼敷衍的名字]
2022-06-08 14:26:24,375 INFO: Connecting to voice...
2022-06-08 14:26:24,375 INFO: Starting voice handshake... (connection attempt 1)
2022-06-08 14:26:25,138 INFO: Voice handshake complete. Endpoint found hongkong1113.discord.media
2022-06-08 14:26:26,416 INFO: selected the voice protocol for use (xsalsa20_poly1305_lite)
2022-06-08 14:26:26,636 INFO: received secret key for voice connection
2022-06-08 14:26:28,520 INFO: Preparing to terminate ffmpeg process 284.
2022-06-08 14:26:28,521 INFO: ffmpeg process 284 successfully terminated with return code of 0.
2022-06-08 14:26:31,381 INFO: Preparing to terminate ffmpeg process 294.
2022-06-08 14:26:31,382 INFO: ffmpeg process 294 successfully terminated with return code of 0.
2022-06-08 14:26:32,469 INFO: The voice handshake is being terminated for Channel ID 728631391809437746 (Guild ID 428109526550708234)
2022-06-08 14:26:32,469 INFO: Disconnecting from voice normally, close code 1000.
2022-06-08 14:27:52,603 INFO: Chi in 9又4分之8.7月台[123是什麼敷衍的名字]
2022-06-08 14:27:52,640 INFO: Connecting to voice...
2022-06-08 14:27:52,640 INFO: Starting voice handshake... (connection attempt 1)
2022-06-08 14:27:53,571 INFO: Voice handshake complete. Endpoint found hongkong1113.discord.media
2022-06-08 14:27:54,861 INFO: selected the voice protocol for use (xsalsa20_poly1305_lite)
2022-06-08 14:27:55,073 INFO: received secret key for voice connection
2022-06-08 14:27:57,260 INFO: Preparing to terminate ffmpeg process 305.
2022-06-08 14:27:57,261 INFO: ffmpeg process 305 successfully terminated with return code of 0.
2022-06-08 14:28:00,031 INFO: Preparing to terminate ffmpeg process 315.
2022-06-08 14:28:00,032 INFO: ffmpeg process 315 successfully terminated with return code of 0.
2022-06-08 14:28:01,100 INFO: The voice handshake is being terminated for Channel ID 728631391809437746 (Guild ID 428109526550708234)
2022-06-08 14:28:01,100 INFO: Disconnecting from voice normally, close code 1000.
2022-06-08 14:32:37,576 INFO: KyrieR in 9又4分之8.7月台[123是什麼敷衍的名字]
2022-06-08 14:32:37,605 INFO: Connecting to voice...
2022-06-08 14:32:37,605 INFO: Starting voice handshake... (connection attempt 1)
2022-06-08 14:32:38,540 INFO: Voice handshake complete. Endpoint found hongkong1113.discord.media
2022-06-08 14:32:39,832 INFO: selected the voice protocol for use (xsalsa20_poly1305_lite)
2022-06-08 14:32:40,055 INFO: received secret key for voice connection
2022-06-08 14:32:42,141 INFO: Preparing to terminate ffmpeg process 326.
2022-06-08 14:32:42,142 INFO: ffmpeg process 326 successfully terminated with return code of 0.
2022-06-08 14:32:44,714 INFO: Preparing to terminate ffmpeg process 336.
2022-06-08 14:32:44,715 INFO: ffmpeg process 336 successfully terminated with return code of 0.
2022-06-08 14:32:45,780 INFO: The voice handshake is being terminated for Channel ID 728631391809437746 (Guild ID 428109526550708234)
2022-06-08 14:32:45,781 INFO: Disconnecting from voice normally, close code 1000.
2022-06-08 14:55:52,116 INFO: 捷運 out 9又4分之8.7月台[打不出幹話就講出來啊]
2022-06-08 14:55:52,116 INFO: Connecting to voice...
2022-06-08 14:55:52,116 INFO: Starting voice handshake... (connection attempt 1)
2022-06-08 14:55:52,864 INFO: Voice handshake complete. Endpoint found japan8348.discord.media
2022-06-08 14:55:53,871 INFO: selected the voice protocol for use (xsalsa20_poly1305_lite)
2022-06-08 14:55:54,041 INFO: received secret key for voice connection
2022-06-08 14:55:54,075 INFO: SparkleZ out 9又4分之8.7月台[打不出幹話就講出來啊]
2022-06-08 14:55:55,706 INFO: Preparing to terminate ffmpeg process 408.
2022-06-08 14:55:55,707 INFO: ffmpeg process 408 successfully terminated with return code of 0.
2022-06-08 14:55:58,736 INFO: Preparing to terminate ffmpeg process 418.
2022-06-08 14:55:58,737 INFO: ffmpeg process 418 successfully terminated with return code of 0.
2022-06-08 14:55:59,763 INFO: The voice handshake is being terminated for Channel ID 428109526550708238 (Guild ID 428109526550708234)
2022-06-08 14:55:59,764 INFO: Disconnecting from voice normally, close code 1000.
2022-06-08 14:56:18,253 INFO: SparkleZ in 9又4分之8.7月台[123是什麼敷衍的名字]
2022-06-08 14:56:18,274 INFO: Connecting to voice...
2022-06-08 14:56:18,274 INFO: Starting voice handshake... (connection attempt 1)
2022-06-08 14:56:19,196 INFO: Voice handshake complete. Endpoint found hongkong1113.discord.media
2022-06-08 14:56:20,475 INFO: selected the voice protocol for use (xsalsa20_poly1305_lite)
2022-06-08 14:56:20,688 INFO: received secret key for voice connection
2022-06-08 14:56:23,197 INFO: Preparing to terminate ffmpeg process 429.
2022-06-08 14:56:23,197 INFO: ffmpeg process 429 successfully terminated with return code of 0.
2022-06-08 14:56:25,371 INFO: Preparing to terminate ffmpeg process 439.
2022-06-08 14:56:25,372 INFO: ffmpeg process 439 successfully terminated with return code of 0.
2022-06-08 14:56:26,416 INFO: The voice handshake is being terminated for Channel ID 728631391809437746 (Guild ID 428109526550708234)
2022-06-08 14:56:26,417 INFO: Disconnecting from voice normally, close code 1000.
2022-06-08 15:03:46,308 INFO: Websocket closed with 1006, attempting a reconnect.
2022-06-08 15:03:46,308 INFO: Got a request to RESUME the websocket.
2022-06-08 15:03:46,496 INFO: Shard ID None has sent the RESUME payload.
2022-06-08 15:03:46,544 INFO: Shard ID None has successfully RESUMED session 28a3bb274c5b0fd159ecaddd5c000c6b under trace ["gateway-prd-main-9vrs",{"micros":8759,"calls":["discord-sessions-blue-prd-2-162",{"micros":16}]}].
2022-06-08 15:18:21,821 INFO: SparkleZ out 9又4分之8.7月台[123是什麼敷衍的名字]
2022-06-08 15:18:21,822 INFO: Connecting to voice...
2022-06-08 15:18:21,822 INFO: Starting voice handshake... (connection attempt 1)
2022-06-08 15:18:22,389 INFO: SparkleZ in 9又4分之8.7月台[123是什麼敷衍的名字]
2022-06-08 15:18:22,768 INFO: Voice handshake complete. Endpoint found hongkong1113.discord.media
2022-06-08 15:18:24,023 INFO: selected the voice protocol for use (xsalsa20_poly1305_lite)
2022-06-08 15:18:24,234 INFO: received secret key for voice connection
2022-06-08 15:18:26,220 INFO: Preparing to terminate ffmpeg process 511.
2022-06-08 15:18:26,220 INFO: ffmpeg process 511 successfully terminated with return code of 0.
2022-06-08 15:18:29,236 INFO: Preparing to terminate ffmpeg process 521.
2022-06-08 15:18:29,237 INFO: ffmpeg process 521 successfully terminated with return code of 0.
2022-06-08 15:18:31,236 INFO: Preparing to terminate ffmpeg process 531.
2022-06-08 15:18:31,237 INFO: ffmpeg process 531 successfully terminated with return code of 0.
2022-06-08 15:18:32,279 INFO: The voice handshake is being terminated for Channel ID 728631391809437746 (Guild ID 428109526550708234)
2022-06-08 15:18:32,279 INFO: Disconnecting from voice normally, close code 1000.
2022-06-08 15:44:39,594 INFO: logging in using static token
2022-06-08 15:44:40,398 INFO: Shard ID None has sent the IDENTIFY payload.
2022-06-08 15:44:40,552 INFO: Shard ID None has connected to Gateway: ["gateway-prd-main-7dz7",{"micros":94655,"calls":["discord-sessions-blue-prd-2-39",{"micros":93577,"calls":["start_session",{"micros":35422,"calls":["discord-api-59f5fc6648-dh7t7",{"micros":30789,"calls":["get_user",{"micros":6593},"add_authorized_ip",{"micros":1291},"get_guilds",{"micros":5200},"coros_wait",{"micros":2}]}]},"guilds_connect",{"micros":44,"calls":[]},"presence_connect",{"micros":35781,"calls":[]}]}]}] (Session ID: f06cd902a8956eb780ee0229cc9f0d7c).
2022-06-08 15:44:42,827 INFO: 目前登入身份：神奇海螺#3847
2022-06-08 15:46:06,102 INFO: logging in using static token
2022-06-08 15:46:06,390 INFO: Shard ID None has sent the IDENTIFY payload.
2022-06-08 15:46:06,496 INFO: Shard ID None has connected to Gateway: ["gateway-prd-main-g2lf",{"micros":64813,"calls":["discord-sessions-blue-prd-2-164",{"micros":63297,"calls":["start_session",{"micros":52946,"calls":["discord-api-59f5fc6648-swfxq",{"micros":48244,"calls":["get_user",{"micros":6386},"add_authorized_ip",{"micros":2118},"get_guilds",{"micros":18282},"coros_wait",{"micros":1}]}]},"guilds_connect",{"micros":2,"calls":[]},"presence_connect",{"micros":1,"calls":[]}]}]}] (Session ID: 21eb9bd0272a6dc9bfe3508d6c0d0326).
2022-06-08 15:46:08,549 INFO: 目前登入身份：神奇海螺#3847
2022-06-08 15:46:51,244 INFO: SparkleZ out 9又4分之8.7月台[123是什麼敷衍的名字]
2022-06-08 15:46:51,244 INFO: Connecting to voice...
2022-06-08 15:46:51,244 INFO: Starting voice handshake... (connection attempt 1)
2022-06-08 15:46:52,195 INFO: Voice handshake complete. Endpoint found hongkong1113.discord.media
2022-06-08 15:46:53,468 INFO: selected the voice protocol for use (xsalsa20_poly1305_lite)
2022-06-08 15:46:53,680 INFO: received secret key for voice connection
2022-06-08 15:46:55,672 INFO: Preparing to terminate ffmpeg process 139.
2022-06-08 15:46:55,673 INFO: ffmpeg process 139 successfully terminated with return code of 0.
2022-06-08 15:46:56,704 INFO: The voice handshake is being terminated for Channel ID 728631391809437746 (Guild ID 428109526550708234)
2022-06-08 15:46:56,705 INFO: Disconnecting from voice normally, close code 1000.
2022-06-08 16:38:55,740 INFO: BunnyplayGG out 9又4分之8.7月台[123是什麼敷衍的名字]
2022-06-08 16:38:55,741 INFO: Connecting to voice...
2022-06-08 16:38:55,741 INFO: Starting voice handshake... (connection attempt 1)
2022-06-08 16:38:56,664 INFO: Voice handshake complete. Endpoint found hongkong1113.discord.media
2022-06-08 16:38:57,601 INFO: 楓夜 out 9又4分之8.7月台[123是什麼敷衍的名字]
2022-06-08 16:38:57,941 INFO: selected the voice protocol for use (xsalsa20_poly1305_lite)
2022-06-08 16:38:58,159 INFO: received secret key for voice connection
2022-06-08 16:39:00,525 INFO: Preparing to terminate ffmpeg process 272.
2022-06-08 16:39:00,526 INFO: ffmpeg process 272 successfully terminated with return code of 0.
2022-06-08 16:39:03,295 INFO: Preparing to terminate ffmpeg process 282.
2022-06-08 16:39:03,296 INFO: ffmpeg process 282 successfully terminated with return code of 0.
2022-06-08 16:39:04,300 INFO: The voice handshake is being terminated for Channel ID 728631391809437746 (Guild ID 428109526550708234)
2022-06-08 16:39:04,301 INFO: Disconnecting from voice normally, close code 1000.
2022-06-08 16:39:16,303 INFO: Chi out 9又4分之8.7月台[123是什麼敷衍的名字]
2022-06-08 16:39:16,304 INFO: Connecting to voice...
2022-06-08 16:39:16,304 INFO: Starting voice handshake... (connection attempt 1)
2022-06-08 16:39:16,700 INFO: Voice handshake complete. Endpoint found hongkong1113.discord.media
2022-06-08 16:39:17,967 INFO: selected the voice protocol for use (xsalsa20_poly1305_lite)
2022-06-08 16:39:18,179 INFO: received secret key for voice connection
2022-06-08 16:39:19,746 INFO: Preparing to terminate ffmpeg process 293.
2022-06-08 16:39:19,746 INFO: ffmpeg process 293 successfully terminated with return code of 0.
2022-06-08 16:39:20,790 INFO: The voice handshake is being terminated for Channel ID 728631391809437746 (Guild ID 428109526550708234)
2022-06-08 16:39:20,790 INFO: Disconnecting from voice normally, close code 1000.
2022-06-08 16:39:25,176 INFO: wawa的n out 9又4分之8.7月台[123是什麼敷衍的名字]
2022-06-08 16:39:25,177 INFO: Connecting to voice...
2022-06-08 16:39:25,177 INFO: Starting voice handshake... (connection attempt 1)
2022-06-08 16:39:25,556 INFO: Voice handshake complete. Endpoint found hongkong1113.discord.media
2022-06-08 16:39:26,815 INFO: selected the voice protocol for use (xsalsa20_poly1305_lite)
2022-06-08 16:39:27,031 INFO: received secret key for voice connection
2022-06-08 16:39:29,017 INFO: Preparing to terminate ffmpeg process 304.
2022-06-08 16:39:29,018 INFO: ffmpeg process 304 successfully terminated with return code of 0.
2022-06-08 16:39:29,505 INFO: MaiMai的Pool out 9又4分之8.7月台[123是什麼敷衍的名字]
2022-06-08 16:39:32,154 INFO: Preparing to terminate ffmpeg process 314.
2022-06-08 16:39:32,154 INFO: ffmpeg process 314 successfully terminated with return code of 0.
2022-06-08 16:39:33,165 INFO: The voice handshake is being terminated for Channel ID 728631391809437746 (Guild ID 428109526550708234)
2022-06-08 16:39:33,166 INFO: Disconnecting from voice normally, close code 1000.
2022-06-08 16:41:55,660 INFO: KyrieR out 9又4分之8.7月台[123是什麼敷衍的名字]
2022-06-08 16:41:55,661 INFO: Connecting to voice...
2022-06-08 16:41:55,661 INFO: Starting voice handshake... (connection attempt 1)
2022-06-08 16:41:56,596 INFO: Voice handshake complete. Endpoint found hongkong1113.discord.media
2022-06-08 16:41:57,858 INFO: selected the voice protocol for use (xsalsa20_poly1305_lite)
2022-06-08 16:41:58,074 INFO: received secret key for voice connection
2022-06-08 16:41:59,881 INFO: Preparing to terminate ffmpeg process 325.
2022-06-08 16:41:59,881 INFO: ffmpeg process 325 successfully terminated with return code of 0.
2022-06-08 16:42:00,888 INFO: The voice handshake is being terminated for Channel ID 728631391809437746 (Guild ID 428109526550708234)
2022-06-08 16:42:00,889 INFO: Disconnecting from voice normally, close code 1000.
2022-06-08 16:45:58,465 INFO: 不偷家的飄飄大仙 out 9又4分之8.7月台[123是什麼敷衍的名字]
2022-06-08 16:45:58,466 INFO: Connecting to voice...
2022-06-08 16:45:58,466 INFO: Starting voice handshake... (connection attempt 1)
2022-06-08 16:45:58,805 INFO: Voice handshake complete. Endpoint found hongkong1113.discord.media
2022-06-08 16:46:00,112 INFO: selected the voice protocol for use (xsalsa20_poly1305_lite)
2022-06-08 16:46:00,332 INFO: received secret key for voice connection
2022-06-08 16:46:03,228 INFO: Preparing to terminate ffmpeg process 367.
2022-06-08 16:46:03,229 INFO: ffmpeg process 367 successfully terminated with return code of 0.
2022-06-08 16:46:04,260 INFO: The voice handshake is being terminated for Channel ID 728631391809437746 (Guild ID 428109526550708234)
2022-06-08 16:46:04,261 INFO: Disconnecting from voice normally, close code 1000.
