2022-07-05 20:38:39,766 INFO: logging in using static token
2022-07-05 20:38:40,027 INFO: Shard ID None has sent the IDENTIFY payload.
2022-07-05 20:38:40,158 INFO: Shard ID None has connected to Gateway: ["gateway-prd-main-5t3s",{"micros":90912,"calls":["discord-sessions-green-prd-2-155",{"micros":86071,"calls":["start_session",{"micros":42933,"calls":["discord-api-84fbcd6b6d-mk7jq",{"micros":39424,"calls":["get_user",{"micros":9178},"add_authorized_ip",{"micros":1497},"get_guilds",{"micros":6975},"coros_wait",{"micros":2}]}]},"guilds_connect",{"micros":2,"calls":[]},"presence_connect",{"micros":2,"calls":[]}]}]}] (Session ID: a38ca5a4b6c4cf2c0303aa0c86f24aac).
2022-07-05 20:38:42,227 INFO: 目前登入身份：神奇海螺#3847
2022-07-05 21:19:47,759 INFO: logging in using static token
2022-07-05 21:19:48,035 INFO: Shard ID None has sent the IDENTIFY payload.
2022-07-05 21:19:48,185 INFO: Shard ID None has connected to Gateway: ["gateway-prd-main-qlz3",{"micros":103646,"calls":["discord-sessions-green-prd-2-31",{"micros":101945,"calls":["start_session",{"micros":86029,"calls":["discord-api-84fbcd6b6d-vscm9",{"micros":82617,"calls":["get_user",{"micros":21860},"add_authorized_ip",{"micros":4770},"get_guilds",{"micros":6055},"coros_wait",{"micros":1}]}]},"guilds_connect",{"micros":3,"calls":[]},"presence_connect",{"micros":12862,"calls":[]}]}]}] (Session ID: 9a46c2c6d40dc5ee7c2904acc07b584f).
2022-07-05 21:19:50,238 INFO: 目前登入身份：神奇海螺#3847
2022-07-05 23:57:33,424 INFO: Got a request to RESUME the websocket.
2022-07-05 23:57:33,605 INFO: Shard ID None has sent the RESUME payload.
2022-07-05 23:57:33,649 INFO: Shard ID None has successfully RESUMED session 9a46c2c6d40dc5ee7c2904acc07b584f under trace ["gateway-prd-main-zk29",{"micros":1486,"calls":["discord-sessions-green-prd-2-31",{"micros":26}]}].
2022-07-06 02:16:40,611 INFO: Got a request to RESUME the websocket.
2022-07-06 02:16:40,790 INFO: Shard ID None has sent the RESUME payload.
2022-07-06 02:16:40,832 INFO: Shard ID None has successfully RESUMED session 9a46c2c6d40dc5ee7c2904acc07b584f under trace ["gateway-prd-main-qk0b",{"micros":477,"calls":["discord-sessions-green-prd-2-31",{"micros":15}]}].
2022-07-06 05:16:18,208 INFO: Got a request to RESUME the websocket.
2022-07-06 05:16:18,376 INFO: Shard ID None has sent the RESUME payload.
2022-07-06 05:16:18,413 INFO: Shard ID None has successfully RESUMED session 9a46c2c6d40dc5ee7c2904acc07b584f under trace ["gateway-prd-main-zmxv",{"micros":706,"calls":["discord-sessions-green-prd-2-31",{"micros":21}]}].
2022-07-06 06:46:02,801 INFO: Got a request to RESUME the websocket.
2022-07-06 06:46:02,980 INFO: Shard ID None has sent the RESUME payload.
2022-07-06 06:46:03,022 INFO: Shard ID None has successfully RESUMED session 9a46c2c6d40dc5ee7c2904acc07b584f under trace ["gateway-prd-main-sf7c",{"micros":1588,"calls":["discord-sessions-green-prd-2-31",{"micros":23}]}].
2022-07-06 08:16:06,879 INFO: Websocket closed with 1006, attempting a reconnect.
2022-07-06 08:16:06,879 INFO: Got a request to RESUME the websocket.
2022-07-06 08:16:07,142 INFO: Shard ID None has sent the RESUME payload.
2022-07-06 08:16:07,204 INFO: Shard ID None has successfully RESUMED session 9a46c2c6d40dc5ee7c2904acc07b584f under trace ["gateway-prd-main-rlqk",{"micros":814,"calls":["discord-sessions-green-prd-2-31",{"micros":20}]}].
2022-07-06 09:10:23,398 INFO: Got a request to RESUME the websocket.
2022-07-06 09:10:23,664 INFO: Shard ID None has sent the RESUME payload.
2022-07-06 09:10:23,724 INFO: Shard ID None has successfully RESUMED session 9a46c2c6d40dc5ee7c2904acc07b584f under trace ["gateway-prd-main-sdmr",{"micros":463,"calls":["discord-sessions-green-prd-2-31",{"micros":17}]}].
2022-07-06 09:15:53,696 INFO: Websocket closed with 1006, attempting a reconnect.
2022-07-06 09:15:53,696 INFO: Got a request to RESUME the websocket.
2022-07-06 09:15:53,856 INFO: Shard ID None has sent the RESUME payload.
2022-07-06 09:15:53,895 INFO: Shard ID None has successfully RESUMED session 9a46c2c6d40dc5ee7c2904acc07b584f under trace ["gateway-prd-main-d770",{"micros":569,"calls":["discord-sessions-green-prd-2-31",{"micros":20}]}].
2022-07-06 09:26:53,883 INFO: Websocket closed with 1006, attempting a reconnect.
2022-07-06 09:26:53,884 INFO: Got a request to RESUME the websocket.
2022-07-06 09:26:54,031 INFO: Shard ID None has sent the RESUME payload.
2022-07-06 09:26:54,069 INFO: Shard ID None has successfully RESUMED session 9a46c2c6d40dc5ee7c2904acc07b584f under trace ["gateway-prd-main-n5wb",{"micros":417,"calls":["discord-sessions-green-prd-2-31",{"micros":22}]}].
2022-07-06 09:56:53,149 INFO: Got a request to RESUME the websocket.
2022-07-06 09:56:53,307 INFO: Shard ID None has sent the RESUME payload.
2022-07-06 09:56:53,349 INFO: Shard ID None has successfully RESUMED session 9a46c2c6d40dc5ee7c2904acc07b584f under trace ["gateway-prd-main-5t9h",{"micros":459,"calls":["discord-sessions-green-prd-2-31",{"micros":21}]}].
2022-07-06 09:59:38,328 INFO: Websocket closed with 1006, attempting a reconnect.
2022-07-06 09:59:38,328 INFO: Got a request to RESUME the websocket.
2022-07-06 09:59:38,536 INFO: Shard ID None has sent the RESUME payload.
2022-07-06 09:59:38,581 INFO: Shard ID None has successfully RESUMED session 9a46c2c6d40dc5ee7c2904acc07b584f under trace ["gateway-prd-main-lsw2",{"micros":571,"calls":["discord-sessions-green-prd-2-31",{"micros":18}]}].
2022-07-06 10:30:34,846 INFO: Websocket closed with 1006, attempting a reconnect.
2022-07-06 10:30:34,847 INFO: Got a request to RESUME the websocket.
2022-07-06 10:30:35,017 INFO: Shard ID None has sent the RESUME payload.
2022-07-06 10:30:35,056 INFO: Shard ID None has successfully RESUMED session 9a46c2c6d40dc5ee7c2904acc07b584f under trace ["gateway-prd-main-f4b8",{"micros":606,"calls":["discord-sessions-green-prd-2-31",{"micros":19}]}].
2022-07-06 13:56:31,501 INFO: MaiMai的Pool in 9又4分之8.7月台[123是什麼敷衍的名字]
2022-07-06 13:56:31,684 INFO: Connecting to voice...
2022-07-06 13:56:31,684 INFO: Starting voice handshake... (connection attempt 1)
2022-07-06 13:56:32,242 INFO: Voice handshake complete. Endpoint found hongkong4252.discord.media
2022-07-06 13:56:32,423 ERROR: Exception occurred during Voice Protocol voice server update handler
Traceback (most recent call last):
  File "/opt/virtualenvs/python3/lib/python3.8/site-packages/discord/state.py", line 102, in logging_coroutine
    await coroutine
  File "/opt/virtualenvs/python3/lib/python3.8/site-packages/discord/voice_client.py", line 295, in on_voice_server_update
    await self.ws.close(4000)
AttributeError: 'NoneType' object has no attribute 'close'
2022-07-06 13:56:33,318 INFO: selected the voice protocol for use (xsalsa20_poly1305_lite)
2022-07-06 13:56:33,531 INFO: received secret key for voice connection
2022-07-06 13:56:35,845 INFO: Preparing to terminate ffmpeg process 2798.
2022-07-06 13:56:35,846 INFO: ffmpeg process 2798 successfully terminated with return code of 0.
2022-07-06 13:56:38,706 INFO: Preparing to terminate ffmpeg process 2809.
2022-07-06 13:56:38,707 INFO: ffmpeg process 2809 successfully terminated with return code of 0.
2022-07-06 13:56:39,806 INFO: The voice handshake is being terminated for Channel ID 728631391809437746 (Guild ID 428109526550708234)
2022-07-06 13:56:39,807 INFO: Disconnecting from voice normally, close code 1000.
2022-07-06 13:56:52,591 INFO: wawa的n in 9又4分之8.7月台[123是什麼敷衍的名字]
2022-07-06 13:56:53,100 INFO: Connecting to voice...
2022-07-06 13:56:53,100 INFO: Starting voice handshake... (connection attempt 1)
2022-07-06 13:56:53,340 INFO: Voice handshake complete. Endpoint found hongkong4252.discord.media
2022-07-06 13:56:54,438 INFO: selected the voice protocol for use (xsalsa20_poly1305_lite)
2022-07-06 13:56:54,657 INFO: received secret key for voice connection
2022-07-06 13:56:57,334 INFO: Preparing to terminate ffmpeg process 2820.
2022-07-06 13:56:57,334 INFO: ffmpeg process 2820 successfully terminated with return code of 0.
2022-07-06 13:56:58,849 INFO: Preparing to terminate ffmpeg process 2830.
2022-07-06 13:56:58,849 INFO: ffmpeg process 2830 successfully terminated with return code of 0.
2022-07-06 13:57:00,395 INFO: The voice handshake is being terminated for Channel ID 728631391809437746 (Guild ID 428109526550708234)
2022-07-06 13:57:00,396 INFO: Disconnecting from voice normally, close code 1000.
2022-07-06 14:28:06,291 INFO: BunnyplayGG in 9又4分之8.7月台[123是什麼敷衍的名字]
2022-07-06 14:28:06,329 INFO: Connecting to voice...
2022-07-06 14:28:06,329 INFO: Starting voice handshake... (connection attempt 1)
2022-07-06 14:28:07,220 INFO: Voice handshake complete. Endpoint found hongkong4252.discord.media
2022-07-06 14:28:08,323 INFO: selected the voice protocol for use (xsalsa20_poly1305_lite)
2022-07-06 14:28:08,544 INFO: received secret key for voice connection
2022-07-06 14:28:10,934 INFO: Preparing to terminate ffmpeg process 2901.
2022-07-06 14:28:10,935 INFO: ffmpeg process 2901 successfully terminated with return code of 0.
2022-07-06 14:28:14,334 INFO: Preparing to terminate ffmpeg process 2911.
2022-07-06 14:28:14,335 INFO: ffmpeg process 2911 successfully terminated with return code of 0.
2022-07-06 14:28:15,381 INFO: The voice handshake is being terminated for Channel ID 728631391809437746 (Guild ID 428109526550708234)
2022-07-06 14:28:15,382 INFO: Disconnecting from voice normally, close code 1000.
2022-07-06 14:28:59,776 INFO: Got a request to RESUME the websocket.
2022-07-06 14:28:59,947 INFO: Shard ID None has sent the RESUME payload.
2022-07-06 14:29:00,001 INFO: Shard ID None has successfully RESUMED session 9a46c2c6d40dc5ee7c2904acc07b584f under trace ["gateway-prd-main-7wdd",{"micros":510,"calls":["discord-sessions-green-prd-2-31",{"micros":19}]}].
2022-07-06 15:00:30,027 INFO: logging in using static token
2022-07-06 15:00:30,359 INFO: Shard ID None has sent the IDENTIFY payload.
2022-07-06 15:00:30,491 INFO: Shard ID None has connected to Gateway: ["gateway-prd-main-p7xj",{"micros":86877,"calls":["discord-sessions-green-prd-2-124",{"micros":85979,"calls":["start_session",{"micros":78922,"calls":["discord-api-749b7bd8d5-x2wsg",{"micros":74096,"calls":["get_user",{"micros":12801},"add_authorized_ip",{"micros":4181},"get_guilds",{"micros":8738},"coros_wait",{"micros":2}]}]},"guilds_connect",{"micros":2,"calls":[]},"presence_connect",{"micros":5531,"calls":[]}]}]}] (Session ID: 7935bde03dc2a0cf193f102559d6a8a5).
2022-07-06 15:00:32,901 INFO: 目前登入身份：神奇海螺#3847
2022-07-06 15:36:24,653 INFO: wawa的n out 9又4分之8.7月台[123是什麼敷衍的名字]
2022-07-06 15:36:24,654 INFO: Connecting to voice...
2022-07-06 15:36:24,654 INFO: Starting voice handshake... (connection attempt 1)
2022-07-06 15:36:25,021 INFO: Voice handshake complete. Endpoint found hongkong4252.discord.media
2022-07-06 15:36:26,131 INFO: selected the voice protocol for use (xsalsa20_poly1305_lite)
2022-07-06 15:36:26,357 INFO: received secret key for voice connection
2022-07-06 15:36:28,386 INFO: Preparing to terminate ffmpeg process 231.
2022-07-06 15:36:28,386 INFO: ffmpeg process 231 successfully terminated with return code of 0.
2022-07-06 15:36:29,418 INFO: The voice handshake is being terminated for Channel ID 728631391809437746 (Guild ID 428109526550708234)
2022-07-06 15:36:29,419 INFO: Disconnecting from voice normally, close code 1000.
2022-07-06 15:37:00,591 INFO: MaiMai的Pool out 9又4分之8.7月台[123是什麼敷衍的名字]
2022-07-06 15:37:00,595 INFO: Connecting to voice...
2022-07-06 15:37:00,596 INFO: Starting voice handshake... (connection attempt 1)
2022-07-06 15:37:00,944 INFO: Voice handshake complete. Endpoint found hongkong4252.discord.media
2022-07-06 15:37:02,049 INFO: selected the voice protocol for use (xsalsa20_poly1305_lite)
2022-07-06 15:37:02,265 INFO: received secret key for voice connection
2022-07-06 15:37:04,385 INFO: Preparing to terminate ffmpeg process 243.
2022-07-06 15:37:04,388 INFO: ffmpeg process 243 successfully terminated with return code of 0.
2022-07-06 15:37:05,391 INFO: The voice handshake is being terminated for Channel ID 728631391809437746 (Guild ID 428109526550708234)
2022-07-06 15:37:05,392 INFO: Disconnecting from voice normally, close code 1000.
2022-07-06 15:37:43,480 INFO: BunnyplayGG out 9又4分之8.7月台[123是什麼敷衍的名字]
2022-07-06 15:37:43,481 INFO: Connecting to voice...
2022-07-06 15:37:43,481 INFO: Starting voice handshake... (connection attempt 1)
2022-07-06 15:37:43,656 INFO: Voice handshake complete. Endpoint found us-central206.discord.media
2022-07-06 15:37:43,792 INFO: selected the voice protocol for use (xsalsa20_poly1305_lite)
2022-07-06 15:37:43,808 INFO: received secret key for voice connection
2022-07-06 15:37:46,178 INFO: Preparing to terminate ffmpeg process 254.
2022-07-06 15:37:46,179 INFO: ffmpeg process 254 successfully terminated with return code of 0.
2022-07-06 15:37:47,230 INFO: The voice handshake is being terminated for Channel ID 728631391809437746 (Guild ID 428109526550708234)
2022-07-06 15:37:47,231 INFO: Disconnecting from voice normally, close code 1000.
2022-07-06 16:25:25,691 INFO: Got a request to RESUME the websocket.
2022-07-06 16:25:25,887 INFO: Shard ID None has sent the RESUME payload.
2022-07-06 16:25:25,927 INFO: Shard ID None has successfully RESUMED session 7935bde03dc2a0cf193f102559d6a8a5 under trace ["gateway-prd-main-m5l1",{"micros":2140,"calls":["discord-sessions-green-prd-2-124",{"micros":21}]}].
