2022-11-25 02:04:38,279 INFO: logging in using static token
2022-11-25 02:04:38,751 INFO: Shard ID None has connected to Gateway (Session ID: a13e79c46e2a493f9bda979a226ee741).
2022-11-25 02:04:40,754 INFO: 目前登入身份：神奇海螺#3847
2022-11-25 02:21:27,323 INFO: logging in using static token
2022-11-25 02:21:27,857 INFO: Shard ID None has connected to Gateway (Session ID: b0143a14b896498173dda9ba9cc59234).
2022-11-25 02:21:29,874 INFO: 目前登入身份：神奇海螺#3847
2022-11-25 05:02:24,929 INFO: Shard ID None has successfully RESUMED session b0143a14b896498173dda9ba9cc59234.
2022-11-25 07:26:32,818 INFO: MaiMai的Pool in 9又4分之8.7月台[123是什麼敷衍的名字]
2022-11-25 07:26:32,880 INFO: Connecting to voice...
2022-11-25 07:26:32,880 INFO: Starting voice handshake... (connection attempt 1)
2022-11-25 07:26:32,942 INFO: Voice handshake complete. Endpoint found hongkong5087.discord.media
2022-11-25 07:26:33,163 ERROR: Exception occurred during Voice Protocol voice server update handler
Traceback (most recent call last):
  File "/opt/virtualenvs/python3/lib/python3.8/site-packages/discord/state.py", line 157, in logging_coroutine
    await coroutine
  File "/opt/virtualenvs/python3/lib/python3.8/site-packages/discord/voice_client.py", line 337, in on_voice_server_update
    await self.ws.close(4000)
AttributeError: '_MissingSentinel' object has no attribute 'close'
2022-11-25 07:26:37,223 INFO: ffmpeg process 624 successfully terminated with return code of 0.
2022-11-25 07:26:39,401 INFO: ffmpeg process 635 successfully terminated with return code of 0.
2022-11-25 07:26:40,465 INFO: The voice handshake is being terminated for Channel ID 728631391809437746 (Guild ID 428109526550708234)
2022-11-25 07:26:40,466 INFO: Disconnecting from voice normally, close code 1000.
2022-11-25 07:31:08,465 INFO: Lexor in 9又4分之8.7月台[123是什麼敷衍的名字]
2022-11-25 07:31:08,544 INFO: Connecting to voice...
2022-11-25 07:31:08,545 INFO: Starting voice handshake... (connection attempt 1)
2022-11-25 07:31:08,819 INFO: Voice handshake complete. Endpoint found hongkong5087.discord.media
2022-11-25 07:31:12,178 INFO: ffmpeg process 646 successfully terminated with return code of 0.
2022-11-25 07:31:14,777 INFO: ffmpeg process 656 successfully terminated with return code of 0.
2022-11-25 07:31:15,845 INFO: The voice handshake is being terminated for Channel ID 728631391809437746 (Guild ID 428109526550708234)
2022-11-25 07:31:15,846 INFO: Disconnecting from voice normally, close code 1000.
2022-11-25 07:35:12,819 INFO: Shard ID None has successfully RESUMED session b0143a14b896498173dda9ba9cc59234.
2022-11-25 07:40:45,081 INFO: WeIrdnA in 9又4分之8.7月台[123是什麼敷衍的名字]
2022-11-25 07:40:45,124 INFO: Connecting to voice...
2022-11-25 07:40:45,125 INFO: Starting voice handshake... (connection attempt 1)
2022-11-25 07:40:45,408 INFO: Voice handshake complete. Endpoint found hongkong5087.discord.media
2022-11-25 07:40:49,611 INFO: ffmpeg process 686 successfully terminated with return code of 0.
2022-11-25 07:40:51,178 INFO: ffmpeg process 696 successfully terminated with return code of 0.
2022-11-25 07:40:52,720 INFO: The voice handshake is being terminated for Channel ID 728631391809437746 (Guild ID 428109526550708234)
2022-11-25 07:40:52,721 INFO: Disconnecting from voice normally, close code 1000.
2022-11-25 07:57:40,449 INFO: Shard ID None has successfully RESUMED session b0143a14b896498173dda9ba9cc59234.
2022-11-25 09:15:12,345 INFO: MaiMai的Pool out 9又4分之8.7月台[123是什麼敷衍的名字]
2022-11-25 09:15:12,346 INFO: Connecting to voice...
2022-11-25 09:15:12,346 INFO: Starting voice handshake... (connection attempt 1)
2022-11-25 09:15:12,681 INFO: Voice handshake complete. Endpoint found hongkong5087.discord.media
2022-11-25 09:15:12,854 INFO: Lexor out 9又4分之8.7月台[123是什麼敷衍的名字]
2022-11-25 09:15:16,282 INFO: ffmpeg process 875 successfully terminated with return code of 0.
2022-11-25 09:15:18,996 INFO: ffmpeg process 885 successfully terminated with return code of 0.
2022-11-25 09:15:20,024 INFO: The voice handshake is being terminated for Channel ID 728631391809437746 (Guild ID 428109526550708234)
2022-11-25 09:15:20,025 INFO: Disconnecting from voice normally, close code 1000.
2022-11-25 09:15:29,193 INFO: WeIrdnA out 9又4分之8.7月台[123是什麼敷衍的名字]
2022-11-25 09:15:29,193 INFO: Connecting to voice...
2022-11-25 09:15:29,193 INFO: Starting voice handshake... (connection attempt 1)
2022-11-25 09:15:29,259 INFO: Voice handshake complete. Endpoint found atlanta1383.discord.media
2022-11-25 09:15:31,416 INFO: ffmpeg process 896 successfully terminated with return code of 0.
2022-11-25 09:15:32,504 INFO: The voice handshake is being terminated for Channel ID 728631391809437746 (Guild ID 428109526550708234)
2022-11-25 09:15:32,505 INFO: Disconnecting from voice normally, close code 1000.
2022-11-25 10:47:10,971 INFO: Shard ID None has successfully RESUMED session b0143a14b896498173dda9ba9cc59234.
2022-11-25 13:26:31,211 INFO: 神奇海螺 in 9又4分之8.7月台[123是什麼敷衍的名字]
2022-11-25 13:26:31,285 INFO: Connecting to voice...
2022-11-25 13:26:31,286 INFO: Starting voice handshake... (connection attempt 1)
2022-11-25 13:26:32,039 INFO: Voice handshake complete. Endpoint found hongkong6439.discord.media
2022-11-25 13:26:32,249 ERROR: Exception occurred during Voice Protocol voice server update handler
Traceback (most recent call last):
  File "/opt/virtualenvs/python3/lib/python3.8/site-packages/discord/state.py", line 157, in logging_coroutine
    await coroutine
  File "/opt/virtualenvs/python3/lib/python3.8/site-packages/discord/voice_client.py", line 337, in on_voice_server_update
    await self.ws.close(4000)
AttributeError: '_MissingSentinel' object has no attribute 'close'
2022-11-25 13:26:35,899 INFO: ffmpeg process 1315 successfully terminated with return code of 0.
2022-11-25 13:26:44,372 INFO: ffmpeg process 1325 successfully terminated with return code of 0.
2022-11-25 13:26:45,442 INFO: The voice handshake is being terminated for Channel ID 728631391809437746 (Guild ID 428109526550708234)
2022-11-25 13:26:45,443 INFO: Disconnecting from voice normally, close code 1000.
2022-11-25 13:46:22,803 INFO: 貓嗷嗚飄飄大仙 in 9又4分之8.7月台[123是什麼敷衍的名字]
2022-11-25 13:46:22,908 INFO: Connecting to voice...
2022-11-25 13:46:22,908 INFO: Starting voice handshake... (connection attempt 1)
2022-11-25 13:46:23,179 INFO: Voice handshake complete. Endpoint found hongkong6439.discord.media
2022-11-25 13:46:27,415 INFO: ffmpeg process 1355 successfully terminated with return code of 0.
2022-11-25 13:46:28,985 INFO: ffmpeg process 1365 successfully terminated with return code of 0.
2022-11-25 13:46:30,528 INFO: The voice handshake is being terminated for Channel ID 728631391809437746 (Guild ID 428109526550708234)
2022-11-25 13:46:30,530 INFO: Disconnecting from voice normally, close code 1000.
2022-11-25 13:59:27,222 INFO: BunnyplayGG in 9又4分之8.7月台[123是什麼敷衍的名字]
2022-11-25 13:59:27,322 INFO: Connecting to voice...
2022-11-25 13:59:27,322 INFO: Starting voice handshake... (connection attempt 1)
2022-11-25 13:59:27,602 INFO: Voice handshake complete. Endpoint found hongkong6439.discord.media
2022-11-25 13:59:31,545 INFO: ffmpeg process 1393 successfully terminated with return code of 0.
2022-11-25 13:59:33,861 INFO: ffmpeg process 1403 successfully terminated with return code of 0.
2022-11-25 13:59:34,908 INFO: The voice handshake is being terminated for Channel ID 728631391809437746 (Guild ID 428109526550708234)
2022-11-25 13:59:34,909 INFO: Disconnecting from voice normally, close code 1000.
2022-11-25 14:10:56,478 INFO: louiskkk28 in 9又4分之8.7月台[123是什麼敷衍的名字]
2022-11-25 14:10:56,520 INFO: Connecting to voice...
2022-11-25 14:10:56,520 INFO: Starting voice handshake... (connection attempt 1)
2022-11-25 14:10:56,797 INFO: Voice handshake complete. Endpoint found hongkong6439.discord.media
2022-11-25 14:11:02,834 INFO: ffmpeg process 1468 successfully terminated with return code of 0.
2022-11-25 14:11:05,050 INFO: ffmpeg process 1478 successfully terminated with return code of 0.
2022-11-25 14:11:06,113 INFO: The voice handshake is being terminated for Channel ID 728631391809437746 (Guild ID 428109526550708234)
2022-11-25 14:11:06,114 INFO: Disconnecting from voice normally, close code 1000.
2022-11-25 14:11:59,786 INFO: Fiven-chung in 9又4分之8.7月台[123是什麼敷衍的名字]
2022-11-25 14:11:59,900 INFO: Connecting to voice...
2022-11-25 14:11:59,902 INFO: Starting voice handshake... (connection attempt 1)
2022-11-25 14:12:00,174 INFO: Voice handshake complete. Endpoint found hongkong6439.discord.media
2022-11-25 14:12:04,155 INFO: ffmpeg process 1489 successfully terminated with return code of 0.
2022-11-25 14:12:06,850 INFO: ffmpeg process 1499 successfully terminated with return code of 0.
2022-11-25 14:12:07,916 INFO: The voice handshake is being terminated for Channel ID 728631391809437746 (Guild ID 428109526550708234)
2022-11-25 14:12:07,920 INFO: Disconnecting from voice normally, close code 1000.
2022-11-25 14:45:20,994 INFO: Shard ID None has successfully RESUMED session b0143a14b896498173dda9ba9cc59234.
2022-11-25 15:05:16,726 INFO: Chi in 9又4分之8.7月台[123是什麼敷衍的名字]
2022-11-25 15:05:16,824 INFO: Connecting to voice...
2022-11-25 15:05:16,824 INFO: Starting voice handshake... (connection attempt 1)
2022-11-25 15:05:17,089 INFO: Voice handshake complete. Endpoint found hongkong6439.discord.media
2022-11-25 15:05:20,277 INFO: ffmpeg process 1601 successfully terminated with return code of 0.
2022-11-25 15:05:21,793 INFO: ffmpeg process 1611 successfully terminated with return code of 0.
2022-11-25 15:05:23,335 INFO: The voice handshake is being terminated for Channel ID 728631391809437746 (Guild ID 428109526550708234)
2022-11-25 15:05:23,342 INFO: Disconnecting from voice normally, close code 1000.
2022-11-25 15:43:44,618 INFO: louiskkk28 out 9又4分之8.7月台[123是什麼敷衍的名字]
2022-11-25 15:43:44,620 INFO: Connecting to voice...
2022-11-25 15:43:44,632 INFO: Starting voice handshake... (connection attempt 1)
2022-11-25 15:43:44,922 INFO: Voice handshake complete. Endpoint found hongkong6439.discord.media
2022-11-25 15:43:50,243 INFO: ffmpeg process 1657 successfully terminated with return code of 0.
2022-11-25 15:43:51,287 INFO: The voice handshake is being terminated for Channel ID 728631391809437746 (Guild ID 428109526550708234)
2022-11-25 15:43:51,291 INFO: Disconnecting from voice normally, close code 1000.
2022-11-25 15:43:57,269 INFO: louiskkk28 in 9又4分之8.7月台[123是什麼敷衍的名字]
2022-11-25 15:43:57,351 INFO: Connecting to voice...
2022-11-25 15:43:57,351 INFO: Starting voice handshake... (connection attempt 1)
2022-11-25 15:43:57,698 INFO: Voice handshake complete. Endpoint found hongkong6439.discord.media
2022-11-25 15:44:01,481 INFO: louiskkk28 out 9又4分之8.7月台[123是什麼敷衍的名字]
2022-11-25 15:44:03,691 INFO: ffmpeg process 1668 successfully terminated with return code of 0.
2022-11-25 15:44:06,644 INFO: ffmpeg process 1678 successfully terminated with return code of 0.
2022-11-25 15:44:11,499 INFO: ffmpeg process 1688 successfully terminated with return code of 0.
2022-11-25 15:44:12,541 INFO: The voice handshake is being terminated for Channel ID 728631391809437746 (Guild ID 428109526550708234)
2022-11-25 15:44:12,544 INFO: Disconnecting from voice normally, close code 1000.
