2022-04-13 18:29:09,179 INFO: logging in using static token
2022-04-13 18:29:09,454 INFO: Shard ID None has sent the IDENTIFY payload.
2022-04-13 18:29:09,590 INFO: Shard ID None has connected to Gateway: ["gateway-prd-main-klrm",{"micros":87149,"calls":["discord-sessions-blue-prd-2-60",{"micros":85938,"calls":["start_session",{"micros":76265,"calls":["discord-api-b885f8679-fthsg",{"micros":69417,"calls":["get_user",{"micros":12290},"add_authorized_ip",{"micros":2489},"get_guilds",{"micros":18913},"coros_wait",{"micros":2}]}]},"guilds_connect",{"micros":26,"calls":[]},"presence_connect",{"micros":4241,"calls":[]}]}]}] (Session ID: 5fe64558fc05bbbd5f4b394f3485decf).
2022-04-13 18:29:11,625 INFO: 目前登入身份：神奇海螺#3847
2022-04-13 18:50:48,352 INFO: 楓夜 out 9又4分之8.7月台[欸欸欸這樣配可以嗎(思]
2022-04-13 18:50:48,352 INFO: Connecting to voice...
2022-04-13 18:50:48,352 INFO: Starting voice handshake... (connection attempt 1)
2022-04-13 18:50:49,107 INFO: Voice handshake complete. Endpoint found hongkong1546.discord.media
2022-04-13 18:50:50,429 INFO: selected the voice protocol for use (xsalsa20_poly1305_lite)
2022-04-13 18:50:50,662 INFO: received secret key for voice connection
2022-04-13 18:50:53,017 INFO: Preparing to terminate ffmpeg process 171.
2022-04-13 18:50:53,018 INFO: ffmpeg process 171 successfully terminated with return code of 0.
2022-04-13 22:46:42,091 INFO: logging in using static token
2022-04-13 22:46:42,338 INFO: Shard ID None has sent the IDENTIFY payload.
2022-04-13 22:46:42,480 INFO: Shard ID None has connected to Gateway: ["gateway-prd-main-pw29",{"micros":103890,"calls":["discord-sessions-blue-prd-2-112",{"micros":102858,"calls":["start_session",{"micros":80631,"calls":["discord-api-7884d5d478-86kn6",{"micros":75326,"calls":["get_user",{"micros":6636},"add_authorized_ip",{"micros":5566},"get_guilds",{"micros":16023},"coros_wait",{"micros":2}]}]},"guilds_connect",{"micros":2,"calls":[]},"presence_connect",{"micros":16059,"calls":[]}]}]}] (Session ID: b2d3b98bf9ea69d729d961788da8c047).
2022-04-13 22:46:44,528 INFO: 目前登入身份：神奇海螺#3847
2022-04-14 04:30:07,929 INFO: logging in using static token
2022-04-14 04:30:08,166 INFO: Shard ID None has sent the IDENTIFY payload.
2022-04-14 04:30:08,322 INFO: Shard ID None has connected to Gateway: ["gateway-prd-main-76zt",{"micros":118305,"calls":["discord-sessions-blue-prd-2-78",{"micros":117422,"calls":["start_session",{"micros":92644,"calls":["discord-api-858578fc5c-bfcb8",{"micros":73645,"calls":["get_user",{"micros":23979},"add_authorized_ip",{"micros":5282},"get_guilds",{"micros":7734},"coros_wait",{"micros":2}]}]},"guilds_connect",{"micros":1,"calls":[]},"presence_connect",{"micros":1274,"calls":[]}]}]}] (Session ID: b3dd9e0ebfcef48bb47098576efe846f).
2022-04-14 04:30:10,366 INFO: 目前登入身份：神奇海螺#3847
2022-04-14 11:34:56,395 INFO: logging in using static token
2022-04-14 11:34:56,641 INFO: Shard ID None has sent the IDENTIFY payload.
2022-04-14 11:34:56,787 INFO: Shard ID None has connected to Gateway: ["gateway-prd-main-9tph",{"micros":108300,"calls":["discord-sessions-blue-prd-2-87",{"micros":105489,"calls":["start_session",{"micros":57409,"calls":["discord-api-89576ccc8-lmfvq",{"micros":49627,"calls":["get_user",{"micros":9214},"add_authorized_ip",{"micros":2478},"get_guilds",{"micros":6200},"coros_wait",{"micros":2}]}]},"guilds_connect",{"micros":1,"calls":[]},"presence_connect",{"micros":20003,"calls":[]}]}]}] (Session ID: 28483ff0f7e41a64855706a7f6ebae8a).
2022-04-14 11:34:58,843 INFO: 目前登入身份：神奇海螺#3847
2022-04-14 11:56:18,095 INFO: Websocket closed with 1006, attempting a reconnect.
2022-04-14 11:56:18,095 INFO: Got a request to RESUME the websocket.
2022-04-14 11:56:18,243 INFO: Shard ID None has sent the RESUME payload.
2022-04-14 11:56:18,281 INFO: Shard ID None has successfully RESUMED session 28483ff0f7e41a64855706a7f6ebae8a under trace ["gateway-prd-main-8716",{"micros":491,"calls":["discord-sessions-blue-prd-2-87",{"micros":30}]}].
