2022-08-21 20:12:03,221 INFO: logging in using static token
2022-08-21 20:12:03,499 INFO: Shard ID None has sent the IDENTIFY payload.
2022-08-21 20:12:03,649 INFO: Shard ID None has connected to Gateway: ["gateway-prd-main-pc8c",{"micros":108036,"calls":["id_created",{"micros":934,"calls":[]},"session_lookup_time",{"micros":3645,"calls":[]},"session_lookup_finished",{"micros":14,"calls":[]},"discord-sessions-blue-prd-2-137",{"micros":103054,"calls":["start_session",{"micros":40641,"calls":["discord-api-5dbb8ddd55-6lshg",{"micros":36934,"calls":["get_user",{"micros":15583},"get_guilds",{"micros":4306},"send_scheduled_deletion_message",{"micros":9},"guild_join_requests",{"micros":1},"authorized_ip_coro",{"micros":10}]}]},"starting_guild_connect",{"micros":47,"calls":[]},"presence_started",{"micros":44075,"calls":[]},"guilds_started",{"micros":18280,"calls":[]},"guilds_connect",{"micros":2,"calls":[]},"presence_connect",{"micros":0,"calls":[]},"connect_finished",{"micros":4,"calls":[]},"build_ready",{"micros":4,"calls":[]},"optimize_ready",{"micros":1,"calls":[]},"split_ready",{"micros":0,"calls":[]},"clean_ready",{"micros":0,"calls":[]}]}]}] (Session ID: fac249fec10cfa2713aebeabf4b41bca).
2022-08-21 20:12:05,685 INFO: 目前登入身份：神奇海螺#3847
2022-08-21 22:15:51,655 INFO: Got a request to RESUME the websocket.
2022-08-21 22:15:51,835 INFO: Shard ID None has sent the RESUME payload.
2022-08-21 22:15:51,882 INFO: Shard ID None has successfully RESUMED session fac249fec10cfa2713aebeabf4b41bca under trace ["gateway-prd-main-1zm7",{"micros":4055,"calls":["id_created",{"micros":0,"calls":[]},"session_lookup_time",{"micros":3701,"calls":[]},"session_lookup_finished",{"micros":10,"calls":[]},"discord-sessions-blue-prd-2-137",{"micros":16}]}].
2022-08-21 23:11:24,544 INFO: Got a request to RESUME the websocket.
2022-08-21 23:11:24,743 INFO: Shard ID None has sent the RESUME payload.
2022-08-21 23:11:24,790 INFO: Shard ID None has successfully RESUMED session fac249fec10cfa2713aebeabf4b41bca under trace ["gateway-prd-main-8m2m",{"micros":2041,"calls":["id_created",{"micros":0,"calls":[]},"session_lookup_time",{"micros":1556,"calls":[]},"session_lookup_finished",{"micros":11,"calls":[]},"discord-sessions-blue-prd-2-137",{"micros":21}]}].
2022-08-21 23:27:29,804 INFO: Got a request to RESUME the websocket.
2022-08-21 23:27:30,020 INFO: Shard ID None has sent the RESUME payload.
2022-08-21 23:27:30,063 INFO: Shard ID None has successfully RESUMED session fac249fec10cfa2713aebeabf4b41bca under trace ["gateway-prd-main-9wlv",{"micros":1220,"calls":["id_created",{"micros":0,"calls":[]},"session_lookup_time",{"micros":750,"calls":[]},"session_lookup_finished",{"micros":15,"calls":[]},"discord-sessions-blue-prd-2-137",{"micros":19}]}].
2022-08-22 00:38:08,504 INFO: Got a request to RESUME the websocket.
2022-08-22 00:38:08,682 INFO: Shard ID None has sent the RESUME payload.
2022-08-22 00:38:08,741 INFO: Shard ID None has successfully RESUMED session fac249fec10cfa2713aebeabf4b41bca under trace ["gateway-prd-main-nmlj",{"micros":666,"calls":["id_created",{"micros":0,"calls":[]},"session_lookup_time",{"micros":355,"calls":[]},"session_lookup_finished",{"micros":8,"calls":[]},"discord-sessions-blue-prd-2-137",{"micros":37}]}].
2022-08-22 03:27:03,836 INFO: Got a request to RESUME the websocket.
2022-08-22 03:27:04,019 INFO: Shard ID None has sent the RESUME payload.
2022-08-22 03:27:04,067 INFO: Shard ID None has successfully RESUMED session fac249fec10cfa2713aebeabf4b41bca under trace ["gateway-prd-main-81dm",{"micros":545,"calls":["id_created",{"micros":0,"calls":[]},"session_lookup_time",{"micros":241,"calls":[]},"session_lookup_finished",{"micros":14,"calls":[]},"discord-sessions-blue-prd-2-137",{"micros":28}]}].
2022-08-22 03:59:31,661 INFO: Got a request to RESUME the websocket.
2022-08-22 03:59:31,825 INFO: Shard ID None has sent the RESUME payload.
2022-08-22 03:59:31,871 INFO: Shard ID None has successfully RESUMED session fac249fec10cfa2713aebeabf4b41bca under trace ["gateway-prd-main-fvr2",{"micros":491,"calls":["id_created",{"micros":0,"calls":[]},"session_lookup_time",{"micros":291,"calls":[]},"session_lookup_finished",{"micros":10,"calls":[]},"discord-sessions-blue-prd-2-137",{"micros":17}]}].
2022-08-22 04:59:20,736 INFO: Got a request to RESUME the websocket.
2022-08-22 04:59:20,912 INFO: Shard ID None has sent the RESUME payload.
2022-08-22 04:59:20,952 INFO: Shard ID None has successfully RESUMED session fac249fec10cfa2713aebeabf4b41bca under trace ["gateway-prd-main-0bvj",{"micros":492,"calls":["id_created",{"micros":0,"calls":[]},"session_lookup_time",{"micros":255,"calls":[]},"session_lookup_finished",{"micros":21,"calls":[]},"discord-sessions-blue-prd-2-137",{"micros":18}]}].
2022-08-22 06:48:43,114 INFO: Got a request to RESUME the websocket.
2022-08-22 06:48:43,269 INFO: Shard ID None has sent the RESUME payload.
2022-08-22 06:48:43,307 INFO: Shard ID None has successfully RESUMED session fac249fec10cfa2713aebeabf4b41bca under trace ["gateway-prd-main-jwbl",{"micros":454,"calls":["id_created",{"micros":0,"calls":[]},"session_lookup_time",{"micros":224,"calls":[]},"session_lookup_finished",{"micros":17,"calls":[]},"discord-sessions-blue-prd-2-137",{"micros":19}]}].
2022-08-22 06:49:59,705 INFO: logging in using static token
2022-08-22 06:49:59,935 INFO: Shard ID None has sent the IDENTIFY payload.
2022-08-22 06:50:00,142 INFO: Shard ID None has connected to Gateway: ["gateway-prd-main-xh7b",{"micros":185424,"calls":["id_created",{"micros":499,"calls":[]},"session_lookup_time",{"micros":401,"calls":[]},"session_lookup_finished",{"micros":12,"calls":[]},"discord-sessions-blue-prd-2-38",{"micros":184156,"calls":["start_session",{"micros":149028,"calls":["discord-api-5dbb8ddd55-f8z2h",{"micros":142611,"calls":["get_user",{"micros":20177},"get_guilds",{"micros":13880},"send_scheduled_deletion_message",{"micros":12},"guild_join_requests",{"micros":180},"authorized_ip_coro",{"micros":29}]}]},"starting_guild_connect",{"micros":25,"calls":[]},"presence_started",{"micros":302,"calls":[]},"guilds_started",{"micros":34784,"calls":[]},"guilds_connect",{"micros":2,"calls":[]},"presence_connect",{"micros":1,"calls":[]},"connect_finished",{"micros":9,"calls":[]},"build_ready",{"micros":4,"calls":[]},"optimize_ready",{"micros":1,"calls":[]},"split_ready",{"micros":0,"calls":[]},"clean_ready",{"micros":1,"calls":[]}]}]}] (Session ID: 3be74c845cd7c5b9eb22d71fe5db16c9).
2022-08-22 06:50:02,174 INFO: 目前登入身份：神奇海螺#3847
2022-08-22 07:24:52,862 INFO: Websocket closed with 1006, attempting a reconnect.
2022-08-22 07:24:52,863 INFO: Got a request to RESUME the websocket.
2022-08-22 07:24:53,000 INFO: Shard ID None has sent the RESUME payload.
2022-08-22 07:24:53,023 INFO: Shard ID None has successfully RESUMED session 3be74c845cd7c5b9eb22d71fe5db16c9 under trace ["gateway-prd-main-7wnx",{"micros":630,"calls":["id_created",{"micros":0,"calls":[]},"session_lookup_time",{"micros":279,"calls":[]},"session_lookup_finished",{"micros":9,"calls":[]},"discord-sessions-blue-prd-2-38",{"micros":15}]}].
2022-08-22 07:51:18,241 INFO: Got a request to RESUME the websocket.
2022-08-22 07:51:18,371 INFO: Shard ID None has sent the RESUME payload.
2022-08-22 07:51:18,401 INFO: Shard ID None has successfully RESUMED session 3be74c845cd7c5b9eb22d71fe5db16c9 under trace ["gateway-prd-main-jt8x",{"micros":8197,"calls":["id_created",{"micros":0,"calls":[]},"session_lookup_time",{"micros":1994,"calls":[]},"session_lookup_finished",{"micros":32,"calls":[]},"discord-sessions-blue-prd-2-38",{"micros":18}]}].
2022-08-22 08:11:59,503 INFO: Got a request to RESUME the websocket.
2022-08-22 08:11:59,635 INFO: Shard ID None has sent the RESUME payload.
2022-08-22 08:11:59,657 INFO: Shard ID None has successfully RESUMED session 3be74c845cd7c5b9eb22d71fe5db16c9 under trace ["gateway-prd-main-mtnw",{"micros":572,"calls":["id_created",{"micros":0,"calls":[]},"session_lookup_time",{"micros":270,"calls":[]},"session_lookup_finished",{"micros":6,"calls":[]},"discord-sessions-blue-prd-2-38",{"micros":14}]}].
2022-08-22 11:56:17,883 INFO: MaiMai的Pool in 9又4分之8.7月台[打不出幹話就講出來啊]
2022-08-22 11:56:17,924 INFO: Connecting to voice...
2022-08-22 11:56:17,925 INFO: Starting voice handshake... (connection attempt 1)
2022-08-22 11:56:18,590 INFO: Voice handshake complete. Endpoint found hongkong5879.discord.media
2022-08-22 11:56:18,793 ERROR: Exception occurred during Voice Protocol voice server update handler
Traceback (most recent call last):
  File "/opt/virtualenvs/python3/lib/python3.8/site-packages/discord/state.py", line 102, in logging_coroutine
    await coroutine
  File "/opt/virtualenvs/python3/lib/python3.8/site-packages/discord/voice_client.py", line 295, in on_voice_server_update
    await self.ws.close(4000)
AttributeError: 'NoneType' object has no attribute 'close'
2022-08-22 11:56:19,765 INFO: selected the voice protocol for use (xsalsa20_poly1305_lite)
2022-08-22 11:56:19,999 INFO: received secret key for voice connection
2022-08-22 11:56:21,746 INFO: DADA的DIAO in 9又4分之8.7月台[打不出幹話就講出來啊]
2022-08-22 11:56:22,305 INFO: Preparing to terminate ffmpeg process 599.
2022-08-22 11:56:22,306 INFO: ffmpeg process 599 successfully terminated with return code of 0.
2022-08-22 11:56:24,371 INFO: Preparing to terminate ffmpeg process 610.
2022-08-22 11:56:24,371 INFO: ffmpeg process 610 successfully terminated with return code of 0.
2022-08-22 11:56:28,160 INFO: Preparing to terminate ffmpeg process 620.
2022-08-22 11:56:28,161 INFO: ffmpeg process 620 successfully terminated with return code of 0.
2022-08-22 11:56:30,315 INFO: Preparing to terminate ffmpeg process 630.
2022-08-22 11:56:30,315 INFO: ffmpeg process 630 successfully terminated with return code of 0.
2022-08-22 11:56:31,318 INFO: The voice handshake is being terminated for Channel ID 428109526550708238 (Guild ID 428109526550708234)
2022-08-22 11:56:31,318 INFO: Disconnecting from voice normally, close code 1000.
2022-08-22 12:00:58,089 INFO: Got a request to RESUME the websocket.
2022-08-22 12:00:58,237 INFO: Shard ID None has sent the RESUME payload.
2022-08-22 12:00:58,259 INFO: Shard ID None has successfully RESUMED session 3be74c845cd7c5b9eb22d71fe5db16c9 under trace ["gateway-prd-main-mw6s",{"micros":593,"calls":["id_created",{"micros":0,"calls":[]},"session_lookup_time",{"micros":223,"calls":[]},"session_lookup_finished",{"micros":9,"calls":[]},"discord-sessions-blue-prd-2-38",{"micros":20}]}].
2022-08-22 12:19:13,530 INFO: Lexor in 9又4分之8.7月台[打不出幹話就講出來啊]
2022-08-22 12:19:13,670 INFO: Connecting to voice...
2022-08-22 12:19:13,670 INFO: Starting voice handshake... (connection attempt 1)
2022-08-22 12:19:14,433 INFO: Voice handshake complete. Endpoint found hongkong5879.discord.media
2022-08-22 12:19:15,932 INFO: selected the voice protocol for use (xsalsa20_poly1305_lite)
2022-08-22 12:19:16,174 INFO: received secret key for voice connection
2022-08-22 12:19:18,560 INFO: Preparing to terminate ffmpeg process 678.
2022-08-22 12:19:18,561 INFO: ffmpeg process 678 successfully terminated with return code of 0.
2022-08-22 12:19:20,553 INFO: Preparing to terminate ffmpeg process 688.
2022-08-22 12:19:20,554 INFO: ffmpeg process 688 successfully terminated with return code of 0.
2022-08-22 12:19:21,597 INFO: The voice handshake is being terminated for Channel ID 428109526550708238 (Guild ID 428109526550708234)
2022-08-22 12:19:21,598 INFO: Disconnecting from voice normally, close code 1000.
2022-08-22 12:22:21,119 INFO: Got a request to RESUME the websocket.
2022-08-22 12:22:21,259 INFO: Shard ID None has sent the RESUME payload.
2022-08-22 12:22:21,297 INFO: Shard ID None has successfully RESUMED session 3be74c845cd7c5b9eb22d71fe5db16c9 under trace ["gateway-prd-main-pq1d",{"micros":6111,"calls":["id_created",{"micros":0,"calls":[]},"session_lookup_time",{"micros":5735,"calls":[]},"session_lookup_finished",{"micros":14,"calls":[]},"discord-sessions-blue-prd-2-38",{"micros":23}]}].
2022-08-22 12:28:16,005 INFO: ILAND in 9又4分之8.7月台[打不出幹話就講出來啊]
2022-08-22 12:28:16,092 INFO: Connecting to voice...
2022-08-22 12:28:16,092 INFO: Starting voice handshake... (connection attempt 1)
2022-08-22 12:28:16,760 INFO: Voice handshake complete. Endpoint found hongkong5879.discord.media
2022-08-22 12:28:17,963 INFO: selected the voice protocol for use (xsalsa20_poly1305_lite)
2022-08-22 12:28:18,220 INFO: received secret key for voice connection
2022-08-22 12:28:19,967 INFO: Preparing to terminate ffmpeg process 700.
2022-08-22 12:28:19,968 INFO: ffmpeg process 700 successfully terminated with return code of 0.
2022-08-22 12:28:21,500 INFO: Preparing to terminate ffmpeg process 710.
2022-08-22 12:28:21,501 INFO: ffmpeg process 710 successfully terminated with return code of 0.
2022-08-22 12:28:23,042 INFO: The voice handshake is being terminated for Channel ID 428109526550708238 (Guild ID 428109526550708234)
2022-08-22 12:28:23,042 INFO: Disconnecting from voice normally, close code 1000.
2022-08-22 12:40:17,317 INFO: WeIrdnA in 9又4分之8.7月台[打不出幹話就講出來啊]
2022-08-22 12:40:17,637 INFO: Connecting to voice...
2022-08-22 12:40:17,637 INFO: Starting voice handshake... (connection attempt 1)
2022-08-22 12:40:18,217 INFO: Voice handshake complete. Endpoint found hongkong5879.discord.media
2022-08-22 12:40:19,402 INFO: selected the voice protocol for use (xsalsa20_poly1305_lite)
2022-08-22 12:40:19,642 INFO: received secret key for voice connection
2022-08-22 12:40:21,849 INFO: Preparing to terminate ffmpeg process 758.
2022-08-22 12:40:21,851 INFO: ffmpeg process 758 successfully terminated with return code of 0.
2022-08-22 12:40:24,123 INFO: Preparing to terminate ffmpeg process 768.
2022-08-22 12:40:24,124 INFO: ffmpeg process 768 successfully terminated with return code of 0.
2022-08-22 12:40:25,169 INFO: The voice handshake is being terminated for Channel ID 428109526550708238 (Guild ID 428109526550708234)
2022-08-22 12:40:25,170 INFO: Disconnecting from voice normally, close code 1000.
2022-08-22 12:46:56,823 INFO: WeIrdnA out 9又4分之8.7月台[打不出幹話就講出來啊]
2022-08-22 12:46:56,823 INFO: Connecting to voice...
2022-08-22 12:46:56,823 INFO: Starting voice handshake... (connection attempt 1)
2022-08-22 12:46:57,704 INFO: Voice handshake complete. Endpoint found hongkong5879.discord.media
2022-08-22 12:46:58,574 INFO: WeIrdnA in 9又4分之8.7月台[打不出幹話就講出來啊]
2022-08-22 12:46:58,892 INFO: selected the voice protocol for use (xsalsa20_poly1305_lite)
2022-08-22 12:46:59,127 INFO: received secret key for voice connection
2022-08-22 12:47:01,153 INFO: Preparing to terminate ffmpeg process 797.
2022-08-22 12:47:01,154 INFO: ffmpeg process 797 successfully terminated with return code of 0.
2022-08-22 12:47:04,446 INFO: Preparing to terminate ffmpeg process 807.
2022-08-22 12:47:04,447 INFO: ffmpeg process 807 successfully terminated with return code of 0.
2022-08-22 12:47:06,599 INFO: Preparing to terminate ffmpeg process 817.
2022-08-22 12:47:06,600 INFO: ffmpeg process 817 successfully terminated with return code of 0.
2022-08-22 12:47:07,664 INFO: The voice handshake is being terminated for Channel ID 428109526550708238 (Guild ID 428109526550708234)
2022-08-22 12:47:07,664 INFO: Disconnecting from voice normally, close code 1000.
2022-08-22 13:05:00,263 INFO: Got a request to RESUME the websocket.
2022-08-22 13:05:00,405 INFO: Shard ID None has sent the RESUME payload.
2022-08-22 13:05:00,432 INFO: Shard ID None has successfully RESUMED session 3be74c845cd7c5b9eb22d71fe5db16c9 under trace ["gateway-prd-main-w0hw",{"micros":859,"calls":["id_created",{"micros":0,"calls":[]},"session_lookup_time",{"micros":548,"calls":[]},"session_lookup_finished",{"micros":18,"calls":[]},"discord-sessions-blue-prd-2-38",{"micros":32}]}].
2022-08-22 13:57:01,965 INFO: WeIrdnA out 9又4分之8.7月台[打不出幹話就講出來啊]
2022-08-22 13:57:01,966 INFO: Connecting to voice...
2022-08-22 13:57:01,966 INFO: Starting voice handshake... (connection attempt 1)
2022-08-22 13:57:02,209 INFO: Voice handshake complete. Endpoint found hongkong5879.discord.media
2022-08-22 13:57:03,450 INFO: selected the voice protocol for use (xsalsa20_poly1305_lite)
2022-08-22 13:57:03,697 INFO: received secret key for voice connection
2022-08-22 13:57:05,729 INFO: Preparing to terminate ffmpeg process 917.
2022-08-22 13:57:05,730 INFO: ffmpeg process 917 successfully terminated with return code of 0.
2022-08-22 13:57:06,819 INFO: The voice handshake is being terminated for Channel ID 428109526550708238 (Guild ID 428109526550708234)
2022-08-22 13:57:06,820 INFO: Disconnecting from voice normally, close code 1000.
2022-08-22 14:00:41,541 INFO: Chi in 9又4分之8.7月台[123是什麼敷衍的名字]
2022-08-22 14:00:41,736 INFO: Connecting to voice...
2022-08-22 14:00:41,736 INFO: Starting voice handshake... (connection attempt 1)
2022-08-22 14:00:41,995 INFO: Voice handshake complete. Endpoint found hongkong8036.discord.media
2022-08-22 14:00:43,273 INFO: selected the voice protocol for use (xsalsa20_poly1305_lite)
2022-08-22 14:00:43,516 INFO: received secret key for voice connection
2022-08-22 14:00:45,706 INFO: Preparing to terminate ffmpeg process 945.
2022-08-22 14:00:45,707 INFO: ffmpeg process 945 successfully terminated with return code of 0.
2022-08-22 14:00:48,482 INFO: Preparing to terminate ffmpeg process 955.
2022-08-22 14:00:48,483 INFO: ffmpeg process 955 successfully terminated with return code of 0.
2022-08-22 14:00:49,551 INFO: The voice handshake is being terminated for Channel ID 728631391809437746 (Guild ID 428109526550708234)
2022-08-22 14:00:49,552 INFO: Disconnecting from voice normally, close code 1000.
2022-08-22 14:02:18,566 INFO: BunnyplayGG in 9又4分之8.7月台[123是什麼敷衍的名字]
2022-08-22 14:02:18,647 INFO: Connecting to voice...
2022-08-22 14:02:18,647 INFO: Starting voice handshake... (connection attempt 1)
2022-08-22 14:02:19,450 INFO: Voice handshake complete. Endpoint found hongkong8036.discord.media
2022-08-22 14:02:20,645 INFO: selected the voice protocol for use (xsalsa20_poly1305_lite)
2022-08-22 14:02:20,878 INFO: received secret key for voice connection
2022-08-22 14:02:23,266 INFO: Preparing to terminate ffmpeg process 966.
2022-08-22 14:02:23,267 INFO: ffmpeg process 966 successfully terminated with return code of 0.
2022-08-22 14:02:25,584 INFO: Preparing to terminate ffmpeg process 976.
2022-08-22 14:02:25,584 INFO: ffmpeg process 976 successfully terminated with return code of 0.
2022-08-22 14:02:26,615 INFO: The voice handshake is being terminated for Channel ID 728631391809437746 (Guild ID 428109526550708234)
2022-08-22 14:02:26,616 INFO: Disconnecting from voice normally, close code 1000.
2022-08-22 14:05:07,079 INFO: Fiven-chung in 9又4分之8.7月台[123是什麼敷衍的名字]
2022-08-22 14:05:07,227 INFO: Connecting to voice...
2022-08-22 14:05:07,227 INFO: Starting voice handshake... (connection attempt 1)
2022-08-22 14:05:07,473 INFO: Voice handshake complete. Endpoint found hongkong8036.discord.media
2022-08-22 14:05:08,693 INFO: selected the voice protocol for use (xsalsa20_poly1305_lite)
2022-08-22 14:05:08,945 INFO: received secret key for voice connection
2022-08-22 14:05:10,814 INFO: Preparing to terminate ffmpeg process 987.
2022-08-22 14:05:10,815 INFO: ffmpeg process 987 successfully terminated with return code of 0.
2022-08-22 14:05:13,526 INFO: Preparing to terminate ffmpeg process 997.
2022-08-22 14:05:13,528 INFO: ffmpeg process 997 successfully terminated with return code of 0.
2022-08-22 14:05:14,573 INFO: The voice handshake is being terminated for Channel ID 728631391809437746 (Guild ID 428109526550708234)
2022-08-22 14:05:14,574 INFO: Disconnecting from voice normally, close code 1000.
2022-08-22 14:08:18,903 INFO: Lexor out 9又4分之8.7月台[打不出幹話就講出來啊]
2022-08-22 14:08:18,903 INFO: Connecting to voice...
2022-08-22 14:08:18,903 INFO: Starting voice handshake... (connection attempt 1)
2022-08-22 14:08:19,777 INFO: Voice handshake complete. Endpoint found hongkong5879.discord.media
2022-08-22 14:08:20,999 INFO: selected the voice protocol for use (xsalsa20_poly1305_lite)
2022-08-22 14:08:21,240 INFO: received secret key for voice connection
2022-08-22 14:08:22,929 INFO: Preparing to terminate ffmpeg process 1008.
2022-08-22 14:08:22,930 INFO: ffmpeg process 1008 successfully terminated with return code of 0.
2022-08-22 14:08:23,389 INFO: ILAND out 9又4分之8.7月台[打不出幹話就講出來啊]
2022-08-22 14:08:25,521 INFO: Preparing to terminate ffmpeg process 1018.
2022-08-22 14:08:25,522 INFO: ffmpeg process 1018 successfully terminated with return code of 0.
2022-08-22 14:08:26,568 INFO: The voice handshake is being terminated for Channel ID 428109526550708238 (Guild ID 428109526550708234)
2022-08-22 14:08:26,569 INFO: Disconnecting from voice normally, close code 1000.
2022-08-22 14:11:42,206 INFO: Got a request to RESUME the websocket.
2022-08-22 14:11:42,371 INFO: Shard ID None has sent the RESUME payload.
2022-08-22 14:11:42,405 INFO: Shard ID None has successfully RESUMED session 3be74c845cd7c5b9eb22d71fe5db16c9 under trace ["gateway-prd-main-pxdk",{"micros":2550,"calls":["id_created",{"micros":0,"calls":[]},"session_lookup_time",{"micros":2265,"calls":[]},"session_lookup_finished",{"micros":12,"calls":[]},"discord-sessions-blue-prd-2-38",{"micros":20}]}].
2022-08-22 14:43:53,210 INFO: Lexor in 9又4分之8.7月台[打不出幹話就講出來啊]
2022-08-22 14:43:53,301 INFO: Connecting to voice...
2022-08-22 14:43:53,301 INFO: Starting voice handshake... (connection attempt 1)
2022-08-22 14:43:53,540 INFO: Voice handshake complete. Endpoint found hongkong5879.discord.media
2022-08-22 14:43:54,704 INFO: selected the voice protocol for use (xsalsa20_poly1305_lite)
2022-08-22 14:43:54,929 INFO: received secret key for voice connection
2022-08-22 14:43:57,319 INFO: Preparing to terminate ffmpeg process 1085.
2022-08-22 14:43:57,319 INFO: ffmpeg process 1085 successfully terminated with return code of 0.
2022-08-22 14:43:59,637 INFO: Preparing to terminate ffmpeg process 1095.
2022-08-22 14:43:59,638 INFO: ffmpeg process 1095 successfully terminated with return code of 0.
2022-08-22 14:44:00,661 INFO: The voice handshake is being terminated for Channel ID 428109526550708238 (Guild ID 428109526550708234)
2022-08-22 14:44:00,662 INFO: Disconnecting from voice normally, close code 1000.
2022-08-22 14:48:12,140 INFO: Got a request to RESUME the websocket.
2022-08-22 14:48:12,284 INFO: Shard ID None has sent the RESUME payload.
2022-08-22 14:48:12,312 INFO: Shard ID None has successfully RESUMED session 3be74c845cd7c5b9eb22d71fe5db16c9 under trace ["gateway-prd-main-x545",{"micros":883,"calls":["id_created",{"micros":0,"calls":[]},"session_lookup_time",{"micros":455,"calls":[]},"session_lookup_finished",{"micros":11,"calls":[]},"discord-sessions-blue-prd-2-38",{"micros":18}]}].
2022-08-22 15:15:59,628 INFO: WeIrdnA in 9又4分之8.7月台[打不出幹話就講出來啊]
2022-08-22 15:15:59,708 INFO: Connecting to voice...
2022-08-22 15:15:59,708 INFO: Starting voice handshake... (connection attempt 1)
2022-08-22 15:16:00,494 INFO: Voice handshake complete. Endpoint found hongkong5879.discord.media
2022-08-22 15:16:01,659 INFO: selected the voice protocol for use (xsalsa20_poly1305_lite)
2022-08-22 15:16:01,889 INFO: received secret key for voice connection
2022-08-22 15:16:04,096 INFO: Preparing to terminate ffmpeg process 1179.
2022-08-22 15:16:04,097 INFO: ffmpeg process 1179 successfully terminated with return code of 0.
2022-08-22 15:16:06,172 INFO: Preparing to terminate ffmpeg process 1189.
2022-08-22 15:16:06,173 INFO: ffmpeg process 1189 successfully terminated with return code of 0.
2022-08-22 15:16:07,217 INFO: The voice handshake is being terminated for Channel ID 428109526550708238 (Guild ID 428109526550708234)
2022-08-22 15:16:07,218 INFO: Disconnecting from voice normally, close code 1000.
2022-08-22 15:18:33,569 INFO: 楓夜 in 9又4分之8.7月台[123是什麼敷衍的名字]
2022-08-22 15:18:33,721 INFO: Connecting to voice...
2022-08-22 15:18:33,721 INFO: Starting voice handshake... (connection attempt 1)
2022-08-22 15:18:34,539 INFO: Voice handshake complete. Endpoint found hongkong8036.discord.media
2022-08-22 15:18:35,758 INFO: selected the voice protocol for use (xsalsa20_poly1305_lite)
2022-08-22 15:18:36,002 INFO: received secret key for voice connection
2022-08-22 15:18:38,530 INFO: Preparing to terminate ffmpeg process 1200.
2022-08-22 15:18:38,531 INFO: ffmpeg process 1200 successfully terminated with return code of 0.
2022-08-22 15:18:41,285 INFO: Preparing to terminate ffmpeg process 1210.
2022-08-22 15:18:41,286 INFO: ffmpeg process 1210 successfully terminated with return code of 0.
2022-08-22 15:18:42,331 INFO: The voice handshake is being terminated for Channel ID 728631391809437746 (Guild ID 428109526550708234)
2022-08-22 15:18:42,332 INFO: Disconnecting from voice normally, close code 1000.
2022-08-22 15:47:41,239 INFO: MaiMai的Pool out 9又4分之8.7月台[打不出幹話就講出來啊]
2022-08-22 15:47:41,240 INFO: Connecting to voice...
2022-08-22 15:47:41,240 INFO: Starting voice handshake... (connection attempt 1)
2022-08-22 15:47:42,110 INFO: Voice handshake complete. Endpoint found hongkong5879.discord.media
2022-08-22 15:47:42,691 INFO: Lexor out 9又4分之8.7月台[打不出幹話就講出來啊]
2022-08-22 15:47:43,319 INFO: selected the voice protocol for use (xsalsa20_poly1305_lite)
2022-08-22 15:47:43,561 INFO: received secret key for voice connection
2022-08-22 15:47:45,669 INFO: Preparing to terminate ffmpeg process 1257.
2022-08-22 15:47:45,670 INFO: ffmpeg process 1257 successfully terminated with return code of 0.
2022-08-22 15:47:48,365 INFO: Preparing to terminate ffmpeg process 1267.
2022-08-22 15:47:48,366 INFO: ffmpeg process 1267 successfully terminated with return code of 0.
2022-08-22 15:47:49,392 INFO: The voice handshake is being terminated for Channel ID 428109526550708238 (Guild ID 428109526550708234)
2022-08-22 15:47:49,392 INFO: Disconnecting from voice normally, close code 1000.
2022-08-22 15:47:50,265 INFO: WeIrdnA out 9又4分之8.7月台[打不出幹話就講出來啊]
2022-08-22 15:47:50,266 INFO: Connecting to voice...
2022-08-22 15:47:50,266 INFO: Starting voice handshake... (connection attempt 1)
2022-08-22 15:47:50,544 INFO: DADA的DIAO out 9又4分之8.7月台[打不出幹話就講出來啊]
2022-08-22 15:47:50,621 INFO: Voice handshake complete. Endpoint found hongkong5879.discord.media
2022-08-22 15:47:51,812 INFO: selected the voice protocol for use (xsalsa20_poly1305_lite)
2022-08-22 15:47:52,050 INFO: received secret key for voice connection
2022-08-22 15:47:54,081 INFO: Preparing to terminate ffmpeg process 1278.
2022-08-22 15:47:54,082 INFO: ffmpeg process 1278 successfully terminated with return code of 0.
2022-08-22 15:47:57,257 INFO: Preparing to terminate ffmpeg process 1288.
2022-08-22 15:47:57,258 INFO: ffmpeg process 1288 successfully terminated with return code of 0.
2022-08-22 15:47:58,286 INFO: The voice handshake is being terminated for Channel ID 428109526550708238 (Guild ID 428109526550708234)
2022-08-22 15:47:58,287 INFO: Disconnecting from voice normally, close code 1000.
2022-08-22 16:15:58,633 INFO: Got a request to RESUME the websocket.
2022-08-22 16:15:58,827 INFO: Shard ID None has sent the RESUME payload.
2022-08-22 16:15:58,851 INFO: Shard ID None has successfully RESUMED session 3be74c845cd7c5b9eb22d71fe5db16c9 under trace ["gateway-prd-main-wklv",{"micros":461,"calls":["id_created",{"micros":0,"calls":[]},"session_lookup_time",{"micros":243,"calls":[]},"session_lookup_finished",{"micros":15,"calls":[]},"discord-sessions-blue-prd-2-38",{"micros":19}]}].
2022-08-22 16:35:05,004 INFO: BunnyplayGG out 9又4分之8.7月台[123是什麼敷衍的名字]
2022-08-22 16:35:05,005 INFO: Connecting to voice...
2022-08-22 16:35:05,005 INFO: Starting voice handshake... (connection attempt 1)
2022-08-22 16:35:05,880 INFO: Voice handshake complete. Endpoint found hongkong8036.discord.media
2022-08-22 16:35:07,183 INFO: selected the voice protocol for use (xsalsa20_poly1305_lite)
2022-08-22 16:35:07,438 INFO: received secret key for voice connection
2022-08-22 16:35:08,579 INFO: Chi out 9又4分之8.7月台[123是什麼敷衍的名字]
2022-08-22 16:35:09,807 INFO: Preparing to terminate ffmpeg process 1373.
2022-08-22 16:35:09,808 INFO: ffmpeg process 1373 successfully terminated with return code of 0.
2022-08-22 16:35:12,456 INFO: Preparing to terminate ffmpeg process 1383.
2022-08-22 16:35:12,458 INFO: ffmpeg process 1383 successfully terminated with return code of 0.
2022-08-22 16:35:13,503 INFO: The voice handshake is being terminated for Channel ID 728631391809437746 (Guild ID 428109526550708234)
2022-08-22 16:35:13,503 INFO: Disconnecting from voice normally, close code 1000.
2022-08-22 16:35:17,591 INFO: 楓夜 out 9又4分之8.7月台[123是什麼敷衍的名字]
2022-08-22 16:35:17,592 INFO: Connecting to voice...
2022-08-22 16:35:17,592 INFO: Starting voice handshake... (connection attempt 1)
2022-08-22 16:35:17,953 INFO: Voice handshake complete. Endpoint found hongkong8036.discord.media
2022-08-22 16:35:19,090 INFO: Fiven-chung out 9又4分之8.7月台[123是什麼敷衍的名字]
2022-08-22 16:35:19,187 INFO: selected the voice protocol for use (xsalsa20_poly1305_lite)
2022-08-22 16:35:19,445 INFO: received secret key for voice connection
2022-08-22 16:35:21,793 INFO: Preparing to terminate ffmpeg process 1394.
2022-08-22 16:35:21,794 INFO: ffmpeg process 1394 successfully terminated with return code of 0.
2022-08-22 16:35:24,788 INFO: Preparing to terminate ffmpeg process 1404.
2022-08-22 16:35:24,789 INFO: ffmpeg process 1404 successfully terminated with return code of 0.
2022-08-22 16:35:25,879 INFO: The voice handshake is being terminated for Channel ID 728631391809437746 (Guild ID 428109526550708234)
2022-08-22 16:35:25,879 INFO: Disconnecting from voice normally, close code 1000.
2022-08-22 19:30:21,170 INFO: Got a request to RESUME the websocket.
2022-08-22 19:30:21,334 INFO: Shard ID None has sent the RESUME payload.
2022-08-22 19:30:21,362 INFO: Shard ID None has successfully RESUMED session 3be74c845cd7c5b9eb22d71fe5db16c9 under trace ["gateway-prd-main-2r93",{"micros":817,"calls":["id_created",{"micros":0,"calls":[]},"session_lookup_time",{"micros":484,"calls":[]},"session_lookup_finished",{"micros":14,"calls":[]},"discord-sessions-blue-prd-2-38",{"micros":17}]}].
2022-08-22 20:41:56,412 INFO: Websocket closed with 1006, attempting a reconnect.
2022-08-22 20:41:56,413 INFO: Got a request to RESUME the websocket.
2022-08-22 20:41:56,561 INFO: Shard ID None has sent the RESUME payload.
2022-08-22 20:41:56,587 INFO: Shard ID None has successfully RESUMED session 3be74c845cd7c5b9eb22d71fe5db16c9 under trace ["gateway-prd-main-c4kp",{"micros":548,"calls":["id_created",{"micros":0,"calls":[]},"session_lookup_time",{"micros":287,"calls":[]},"session_lookup_finished",{"micros":12,"calls":[]},"discord-sessions-blue-prd-2-38",{"micros":17}]}].
