2022-07-26 18:22:16,914 INFO: logging in using static token
2022-07-26 18:22:17,237 INFO: Shard ID None has sent the IDENTIFY payload.
2022-07-26 18:22:17,347 INFO: Shard ID None has connected to Gateway: ["gateway-prd-main-7c9j",{"micros":71131,"calls":["discord-sessions-blue-prd-2-76",{"micros":69916,"calls":["start_session",{"micros":51956,"calls":["discord-api-f8dd45c-rqq5s",{"micros":47201,"calls":["get_user",{"micros":15884},"add_authorized_ip",{"micros":1618},"get_guilds",{"micros":5737},"coros_wait",{"micros":2}]}]},"guilds_connect",{"micros":2,"calls":[]},"presence_connect",{"micros":1,"calls":[]}]}]}] (Session ID: 098bf5efb6743d8fbf7db684ca5b21b2).
2022-07-26 18:22:19,395 INFO: 目前登入身份：神奇海螺#3847
2022-07-26 18:43:03,975 INFO: Websocket closed with 1006, attempting a reconnect.
2022-07-26 18:43:03,975 INFO: Got a request to RESUME the websocket.
2022-07-26 18:43:04,198 INFO: Shard ID None has sent the RESUME payload.
2022-07-26 18:43:04,265 INFO: Shard ID None has successfully RESUMED session 098bf5efb6743d8fbf7db684ca5b21b2 under trace ["gateway-prd-main-j192",{"micros":1468,"calls":["discord-sessions-blue-prd-2-76",{"micros":32}]}].
2022-07-26 19:03:46,397 INFO: Got a request to RESUME the websocket.
2022-07-26 19:03:46,588 INFO: Shard ID None has sent the RESUME payload.
2022-07-26 19:03:46,630 INFO: Shard ID None has successfully RESUMED session 098bf5efb6743d8fbf7db684ca5b21b2 under trace ["gateway-prd-main-3n3r",{"micros":659,"calls":["discord-sessions-blue-prd-2-76",{"micros":19}]}].
2022-07-26 20:12:50,844 INFO: Got a request to RESUME the websocket.
2022-07-26 20:12:51,021 INFO: Shard ID None has sent the RESUME payload.
2022-07-26 20:12:51,059 INFO: Shard ID None has successfully RESUMED session 098bf5efb6743d8fbf7db684ca5b21b2 under trace ["gateway-prd-main-j192",{"micros":686,"calls":["discord-sessions-blue-prd-2-76",{"micros":19}]}].
2022-07-26 21:31:13,643 INFO: Websocket closed with 1006, attempting a reconnect.
2022-07-26 21:31:13,643 INFO: Got a request to RESUME the websocket.
2022-07-26 21:31:13,845 INFO: Shard ID None has sent the RESUME payload.
2022-07-26 21:31:13,889 INFO: Shard ID None has successfully RESUMED session 098bf5efb6743d8fbf7db684ca5b21b2 under trace ["gateway-prd-main-g8m2",{"micros":784,"calls":["discord-sessions-blue-prd-2-76",{"micros":17}]}].
2022-07-26 23:03:03,934 INFO: Got a request to RESUME the websocket.
2022-07-26 23:03:04,138 INFO: Shard ID None has sent the RESUME payload.
2022-07-26 23:03:04,177 INFO: Shard ID None has successfully RESUMED session 098bf5efb6743d8fbf7db684ca5b21b2 under trace ["gateway-prd-main-zpkq",{"micros":800,"calls":["discord-sessions-blue-prd-2-76",{"micros":17}]}].
2022-07-27 02:29:19,531 INFO: Got a request to RESUME the websocket.
2022-07-27 02:29:19,746 INFO: Shard ID None has sent the RESUME payload.
2022-07-27 02:29:19,788 INFO: Shard ID None has successfully RESUMED session 098bf5efb6743d8fbf7db684ca5b21b2 under trace ["gateway-prd-main-hqhc",{"micros":959,"calls":["discord-sessions-blue-prd-2-76",{"micros":18}]}].
2022-07-27 04:23:26,962 INFO: logging in using static token
2022-07-27 04:23:27,223 INFO: Shard ID None has sent the IDENTIFY payload.
2022-07-27 04:23:27,378 INFO: Shard ID None has connected to Gateway: ["gateway-prd-main-hrh1",{"micros":105232,"calls":["discord-sessions-blue-prd-2-58",{"micros":104220,"calls":["start_session",{"micros":37651,"calls":["discord-api-f8dd45c-jbtbp",{"micros":31744,"calls":["get_user",{"micros":6556},"add_authorized_ip",{"micros":1554},"get_guilds",{"micros":4186},"coros_wait",{"micros":0}]}]},"guilds_connect",{"micros":2,"calls":[]},"presence_connect",{"micros":33289,"calls":[]}]}]}] (Session ID: ca39dbf522c300d6c5d1516bad5f7d44).
2022-07-27 04:23:29,450 INFO: 目前登入身份：神奇海螺#3847
2022-07-27 05:06:52,393 INFO: Got a request to RESUME the websocket.
2022-07-27 05:06:52,554 INFO: Shard ID None has sent the RESUME payload.
2022-07-27 05:06:52,595 INFO: Shard ID None has successfully RESUMED session ca39dbf522c300d6c5d1516bad5f7d44 under trace ["gateway-prd-main-t8fs",{"micros":2374,"calls":["discord-sessions-blue-prd-2-58",{"micros":17}]}].
2022-07-27 07:44:10,572 INFO: Got a request to RESUME the websocket.
2022-07-27 07:44:10,726 INFO: Shard ID None has sent the RESUME payload.
2022-07-27 07:44:10,763 INFO: Shard ID None has successfully RESUMED session ca39dbf522c300d6c5d1516bad5f7d44 under trace ["gateway-prd-main-gdhk",{"micros":462,"calls":["discord-sessions-blue-prd-2-58",{"micros":25}]}].
2022-07-27 08:35:43,446 INFO: Got a request to RESUME the websocket.
2022-07-27 08:35:43,600 INFO: Shard ID None has sent the RESUME payload.
2022-07-27 08:35:43,637 INFO: Shard ID None has successfully RESUMED session ca39dbf522c300d6c5d1516bad5f7d44 under trace ["gateway-prd-main-3n3r",{"micros":866,"calls":["discord-sessions-blue-prd-2-58",{"micros":22}]}].
2022-07-27 10:20:09,896 INFO: logging in using static token
2022-07-27 10:20:10,323 INFO: Shard ID None has sent the IDENTIFY payload.
2022-07-27 10:20:10,449 INFO: Shard ID None has connected to Gateway: ["gateway-prd-main-jzvl",{"micros":83354,"calls":["discord-sessions-blue-prd-2-184",{"micros":82309,"calls":["start_session",{"micros":37071,"calls":["discord-api-f8dd45c-nl7sm",{"micros":33058,"calls":["get_user",{"micros":8383},"add_authorized_ip",{"micros":1245},"get_guilds",{"micros":3911},"coros_wait",{"micros":1}]}]},"guilds_connect",{"micros":1,"calls":[]},"presence_connect",{"micros":1,"calls":[]}]}]}] (Session ID: 133e3abe34d9b42b269fc46253d3e9bd).
2022-07-27 10:20:12,537 INFO: 目前登入身份：神奇海螺#3847
2022-07-27 13:45:16,760 INFO: Got a request to RESUME the websocket.
2022-07-27 13:45:16,935 INFO: Shard ID None has sent the RESUME payload.
2022-07-27 13:45:16,984 INFO: Shard ID None has successfully RESUMED session 133e3abe34d9b42b269fc46253d3e9bd under trace ["gateway-prd-main-w3n4",{"micros":1120,"calls":["discord-sessions-blue-prd-2-184",{"micros":18}]}].
2022-07-27 14:33:46,593 INFO: Websocket closed with 1006, attempting a reconnect.
2022-07-27 14:33:46,599 INFO: Got a request to RESUME the websocket.
2022-07-27 14:33:46,798 INFO: Shard ID None has sent the RESUME payload.
2022-07-27 14:33:46,844 INFO: Shard ID None has successfully RESUMED session 133e3abe34d9b42b269fc46253d3e9bd under trace ["gateway-prd-main-dblf",{"micros":5896,"calls":["discord-sessions-blue-prd-2-184",{"micros":44}]}].
2022-07-27 15:04:30,589 INFO: Got a request to RESUME the websocket.
2022-07-27 15:04:30,833 INFO: Shard ID None has sent the RESUME payload.
2022-07-27 15:04:30,879 INFO: Shard ID None has successfully RESUMED session 133e3abe34d9b42b269fc46253d3e9bd under trace ["gateway-prd-main-2zqr",{"micros":792,"calls":["discord-sessions-blue-prd-2-184",{"micros":20}]}].
2022-07-27 16:17:23,505 INFO: Websocket closed with 1006, attempting a reconnect.
2022-07-27 16:17:23,506 INFO: Got a request to RESUME the websocket.
2022-07-27 16:17:23,710 INFO: Shard ID None has sent the RESUME payload.
2022-07-27 16:17:23,762 INFO: Shard ID None has successfully RESUMED session 133e3abe34d9b42b269fc46253d3e9bd under trace ["gateway-prd-main-1dk2",{"micros":1271,"calls":["discord-sessions-blue-prd-2-184",{"micros":21}]}].
2022-07-27 17:07:04,708 INFO: Got a request to RESUME the websocket.
2022-07-27 17:07:04,886 INFO: Shard ID None has sent the RESUME payload.
2022-07-27 17:07:04,934 INFO: Shard ID None has successfully RESUMED session 133e3abe34d9b42b269fc46253d3e9bd under trace ["gateway-prd-main-f98r",{"micros":1439,"calls":["discord-sessions-blue-prd-2-184",{"micros":21}]}].
