2022-07-04 17:00:37,489 INFO: logging in using static token
2022-07-04 17:00:37,813 INFO: Shard ID None has sent the IDENTIFY payload.
2022-07-04 17:00:37,986 INFO: Shard ID None has connected to Gateway: ["gateway-prd-main-sgtn",{"micros":134228,"calls":["discord-sessions-green-prd-2-119",{"micros":131995,"calls":["start_session",{"micros":73793,"calls":["discord-api-f8857dbfb-v8wrt",{"micros":70050,"calls":["get_user",{"micros":21436},"add_authorized_ip",{"micros":2871},"get_guilds",{"micros":7554},"coros_wait",{"micros":2}]}]},"guilds_connect",{"micros":2,"calls":[]},"presence_connect",{"micros":36291,"calls":[]}]}]}] (Session ID: 3c535e1f05f59137e43a7cc5a1c92040).
2022-07-04 17:00:40,038 INFO: 目前登入身份：神奇海螺#3847
2022-07-04 18:19:31,389 INFO: Got a request to RESUME the websocket.
2022-07-04 18:19:31,573 INFO: Shard ID None has sent the RESUME payload.
2022-07-04 18:19:31,612 INFO: Shard ID None has successfully RESUMED session 3c535e1f05f59137e43a7cc5a1c92040 under trace ["gateway-prd-main-7kj1",{"micros":886,"calls":["discord-sessions-green-prd-2-119",{"micros":21}]}].
2022-07-04 20:01:53,169 INFO: Got a request to RESUME the websocket.
2022-07-04 20:01:53,369 INFO: Shard ID None has sent the RESUME payload.
2022-07-04 20:01:53,418 INFO: Shard ID None has successfully RESUMED session 3c535e1f05f59137e43a7cc5a1c92040 under trace ["gateway-prd-main-47b0",{"micros":7407,"calls":["discord-sessions-green-prd-2-119",{"micros":21}]}].
2022-07-04 23:32:31,255 INFO: Got a request to RESUME the websocket.
2022-07-04 23:32:31,419 INFO: Shard ID None has sent the RESUME payload.
2022-07-04 23:32:31,461 INFO: Shard ID None has successfully RESUMED session 3c535e1f05f59137e43a7cc5a1c92040 under trace ["gateway-prd-main-5ckk",{"micros":621,"calls":["discord-sessions-green-prd-2-119",{"micros":19}]}].
2022-07-05 01:16:10,478 INFO: Got a request to RESUME the websocket.
2022-07-05 01:16:10,646 INFO: Shard ID None has sent the RESUME payload.
2022-07-05 01:16:10,690 INFO: Shard ID None has successfully RESUMED session 3c535e1f05f59137e43a7cc5a1c92040 under trace ["gateway-prd-main-qls6",{"micros":2749,"calls":["discord-sessions-green-prd-2-119",{"micros":15}]}].
2022-07-05 03:46:58,524 INFO: Got a request to RESUME the websocket.
2022-07-05 03:46:58,711 INFO: Shard ID None has sent the RESUME payload.
2022-07-05 03:46:58,750 INFO: Shard ID None has successfully RESUMED session 3c535e1f05f59137e43a7cc5a1c92040 under trace ["gateway-prd-main-5lb3",{"micros":576,"calls":["discord-sessions-green-prd-2-119",{"micros":20}]}].
2022-07-05 04:06:28,072 INFO: Got a request to RESUME the websocket.
2022-07-05 04:06:28,249 INFO: Shard ID None has sent the RESUME payload.
2022-07-05 04:06:28,289 INFO: Shard ID None has successfully RESUMED session 3c535e1f05f59137e43a7cc5a1c92040 under trace ["gateway-prd-main-hlxc",{"micros":858,"calls":["discord-sessions-green-prd-2-119",{"micros":21}]}].
2022-07-05 06:14:35,625 INFO: Got a request to RESUME the websocket.
2022-07-05 06:14:35,784 INFO: Shard ID None has sent the RESUME payload.
2022-07-05 06:14:35,823 INFO: Shard ID None has successfully RESUMED session 3c535e1f05f59137e43a7cc5a1c92040 under trace ["gateway-prd-main-m9cd",{"micros":504,"calls":["discord-sessions-green-prd-2-119",{"micros":15}]}].
2022-07-05 06:25:56,370 INFO: logging in using static token
2022-07-05 06:25:56,645 INFO: Shard ID None has sent the IDENTIFY payload.
2022-07-05 06:25:56,783 INFO: Shard ID None has connected to Gateway: ["gateway-prd-main-r0wx",{"micros":99968,"calls":["discord-sessions-green-prd-2-173",{"micros":99125,"calls":["start_session",{"micros":46502,"calls":["discord-api-5678785747-d9s2q",{"micros":41531,"calls":["get_user",{"micros":14078},"add_authorized_ip",{"micros":1999},"get_guilds",{"micros":6357},"coros_wait",{"micros":1}]}]},"guilds_connect",{"micros":2,"calls":[]},"presence_connect",{"micros":5366,"calls":[]}]}]}] (Session ID: 7bf45c57a78a60d241f747c9226ecb9c).
2022-07-05 06:25:58,835 INFO: 目前登入身份：神奇海螺#3847
2022-07-05 08:21:22,641 INFO: SparkleZ in 9又4分之8.7月台[123是什麼敷衍的名字]
2022-07-05 08:21:22,676 INFO: Connecting to voice...
2022-07-05 08:21:22,676 INFO: Starting voice handshake... (connection attempt 1)
2022-07-05 08:21:22,779 INFO: Voice handshake complete. Endpoint found hongkong4965.discord.media
2022-07-05 08:21:22,976 ERROR: Exception occurred during Voice Protocol voice server update handler
Traceback (most recent call last):
  File "/opt/virtualenvs/python3/lib/python3.8/site-packages/discord/state.py", line 102, in logging_coroutine
    await coroutine
  File "/opt/virtualenvs/python3/lib/python3.8/site-packages/discord/voice_client.py", line 295, in on_voice_server_update
    await self.ws.close(4000)
AttributeError: 'NoneType' object has no attribute 'close'
2022-07-05 08:21:23,857 INFO: selected the voice protocol for use (xsalsa20_poly1305_lite)
2022-07-05 08:21:24,074 INFO: received secret key for voice connection
2022-07-05 08:21:26,076 INFO: Preparing to terminate ffmpeg process 420.
2022-07-05 08:21:26,077 INFO: ffmpeg process 420 successfully terminated with return code of 0.
2022-07-05 08:21:27,568 INFO: Preparing to terminate ffmpeg process 431.
2022-07-05 08:21:27,569 INFO: ffmpeg process 431 successfully terminated with return code of 0.
2022-07-05 08:21:29,111 INFO: The voice handshake is being terminated for Channel ID 728631391809437746 (Guild ID 428109526550708234)
2022-07-05 08:21:29,112 INFO: Disconnecting from voice normally, close code 1000.
2022-07-05 08:21:53,883 INFO: 神奇海螺 in 9又4分之8.7月台[123是什麼敷衍的名字]
2022-07-05 08:21:53,968 INFO: Connecting to voice...
2022-07-05 08:21:53,969 INFO: Starting voice handshake... (connection attempt 1)
2022-07-05 08:21:54,307 INFO: Voice handshake complete. Endpoint found hongkong4965.discord.media
2022-07-05 08:21:55,359 INFO: selected the voice protocol for use (xsalsa20_poly1305_lite)
2022-07-05 08:21:55,569 INFO: received secret key for voice connection
2022-07-05 08:21:58,438 INFO: Preparing to terminate ffmpeg process 442.
2022-07-05 08:21:58,441 INFO: ffmpeg process 442 successfully terminated with return code of 0.
2022-07-05 08:22:00,641 INFO: Preparing to terminate ffmpeg process 452.
2022-07-05 08:22:00,642 INFO: ffmpeg process 452 successfully terminated with return code of 0.
2022-07-05 08:22:01,705 INFO: The voice handshake is being terminated for Channel ID 728631391809437746 (Guild ID 428109526550708234)
2022-07-05 08:22:01,706 INFO: Disconnecting from voice normally, close code 1000.
2022-07-05 09:21:53,234 INFO: SparkleZ out 9又4分之8.7月台[123是什麼敷衍的名字]
2022-07-05 09:21:53,235 INFO: Connecting to voice...
2022-07-05 09:21:53,235 INFO: Starting voice handshake... (connection attempt 1)
2022-07-05 09:21:54,152 INFO: Voice handshake complete. Endpoint found hongkong4965.discord.media
2022-07-05 09:21:55,230 INFO: selected the voice protocol for use (xsalsa20_poly1305_lite)
2022-07-05 09:21:55,451 INFO: received secret key for voice connection
2022-07-05 09:21:57,439 INFO: Preparing to terminate ffmpeg process 619.
2022-07-05 09:21:57,440 INFO: ffmpeg process 619 successfully terminated with return code of 0.
2022-07-05 09:21:58,468 INFO: The voice handshake is being terminated for Channel ID 728631391809437746 (Guild ID 428109526550708234)
2022-07-05 09:21:58,469 INFO: Disconnecting from voice normally, close code 1000.
2022-07-05 09:49:13,426 INFO: 神奇海螺 in 9又4分之8.7月台[123是什麼敷衍的名字]
2022-07-05 09:49:13,450 INFO: Connecting to voice...
2022-07-05 09:49:13,450 INFO: Starting voice handshake... (connection attempt 1)
2022-07-05 09:49:14,195 INFO: Voice handshake complete. Endpoint found hongkong7019.discord.media
2022-07-05 09:49:14,401 ERROR: Exception occurred during Voice Protocol voice server update handler
Traceback (most recent call last):
  File "/opt/virtualenvs/python3/lib/python3.8/site-packages/discord/state.py", line 102, in logging_coroutine
    await coroutine
  File "/opt/virtualenvs/python3/lib/python3.8/site-packages/discord/voice_client.py", line 295, in on_voice_server_update
    await self.ws.close(4000)
AttributeError: 'NoneType' object has no attribute 'close'
2022-07-05 09:49:15,256 INFO: selected the voice protocol for use (xsalsa20_poly1305_lite)
2022-07-05 09:49:15,466 INFO: received secret key for voice connection
2022-07-05 09:49:18,736 INFO: Preparing to terminate ffmpeg process 693.
2022-07-05 09:49:18,737 INFO: ffmpeg process 693 successfully terminated with return code of 0.
2022-07-05 09:49:22,662 INFO: Preparing to terminate ffmpeg process 703.
2022-07-05 09:49:22,663 INFO: ffmpeg process 703 successfully terminated with return code of 0.
2022-07-05 09:49:26,083 INFO: Preparing to terminate ffmpeg process 713.
2022-07-05 09:49:26,083 INFO: ffmpeg process 713 successfully terminated with return code of 0.
2022-07-05 09:49:30,399 INFO: Preparing to terminate ffmpeg process 723.
2022-07-05 09:49:30,399 INFO: ffmpeg process 723 successfully terminated with return code of 0.
2022-07-05 09:49:31,456 INFO: The voice handshake is being terminated for Channel ID 728631391809437746 (Guild ID 428109526550708234)
2022-07-05 09:49:31,456 INFO: Disconnecting from voice normally, close code 1000.
2022-07-05 10:24:30,300 INFO: Got a request to RESUME the websocket.
2022-07-05 10:24:30,454 INFO: Shard ID None has sent the RESUME payload.
2022-07-05 10:24:30,495 INFO: Shard ID None has successfully RESUMED session 7bf45c57a78a60d241f747c9226ecb9c under trace ["gateway-prd-main-r30l",{"micros":572,"calls":["discord-sessions-green-prd-2-173",{"micros":16}]}].
2022-07-05 10:51:17,579 INFO: Got a request to RESUME the websocket.
2022-07-05 10:51:17,733 INFO: Shard ID None has sent the RESUME payload.
2022-07-05 10:51:17,772 INFO: Shard ID None has successfully RESUMED session 7bf45c57a78a60d241f747c9226ecb9c under trace ["gateway-prd-main-bw12",{"micros":586,"calls":["discord-sessions-green-prd-2-173",{"micros":15}]}].
2022-07-05 11:16:03,155 INFO: logging in using static token
2022-07-05 11:16:03,425 INFO: Shard ID None has sent the IDENTIFY payload.
2022-07-05 11:16:03,528 INFO: Shard ID None has connected to Gateway: ["gateway-prd-main-jt2m",{"micros":66679,"calls":["discord-sessions-green-prd-2-195",{"micros":65858,"calls":["start_session",{"micros":53422,"calls":["discord-api-5678785747-z4rm6",{"micros":49087,"calls":["get_user",{"micros":13080},"add_authorized_ip",{"micros":1475},"get_guilds",{"micros":5291},"coros_wait",{"micros":3}]}]},"guilds_connect",{"micros":2,"calls":[]},"presence_connect",{"micros":11355,"calls":[]}]}]}] (Session ID: 9ff211cb05840afeb862e9b9caf81d67).
2022-07-05 11:16:05,581 INFO: 目前登入身份：神奇海螺#3847
2022-07-05 13:10:59,684 INFO: Got a request to RESUME the websocket.
2022-07-05 13:10:59,848 INFO: Shard ID None has sent the RESUME payload.
2022-07-05 13:10:59,892 INFO: Shard ID None has successfully RESUMED session 9ff211cb05840afeb862e9b9caf81d67 under trace ["gateway-prd-main-857j",{"micros":748,"calls":["discord-sessions-green-prd-2-195",{"micros":20}]}].
2022-07-05 13:49:22,065 INFO: MaiMai的Pool in 9又4分之8.7月台[打不出幹話就講出來啊]
2022-07-05 13:49:22,088 INFO: Connecting to voice...
2022-07-05 13:49:22,089 INFO: Starting voice handshake... (connection attempt 1)
2022-07-05 13:49:22,212 INFO: Voice handshake complete. Endpoint found hongkong8769.discord.media
2022-07-05 13:49:22,400 ERROR: Exception occurred during Voice Protocol voice server update handler
Traceback (most recent call last):
  File "/opt/virtualenvs/python3/lib/python3.8/site-packages/discord/state.py", line 102, in logging_coroutine
    await coroutine
  File "/opt/virtualenvs/python3/lib/python3.8/site-packages/discord/voice_client.py", line 295, in on_voice_server_update
    await self.ws.close(4000)
AttributeError: 'NoneType' object has no attribute 'close'
2022-07-05 13:49:23,346 INFO: selected the voice protocol for use (xsalsa20_poly1305_lite)
2022-07-05 13:49:23,574 INFO: received secret key for voice connection
2022-07-05 13:49:25,871 INFO: Preparing to terminate ffmpeg process 533.
2022-07-05 13:49:25,872 INFO: ffmpeg process 533 successfully terminated with return code of 0.
2022-07-05 13:49:28,011 INFO: Preparing to terminate ffmpeg process 544.
2022-07-05 13:49:28,011 INFO: ffmpeg process 544 successfully terminated with return code of 0.
2022-07-05 13:49:29,017 INFO: The voice handshake is being terminated for Channel ID 428109526550708238 (Guild ID 428109526550708234)
2022-07-05 13:49:29,017 INFO: Disconnecting from voice normally, close code 1000.
2022-07-05 13:50:58,206 INFO: wawa的n in 9又4分之8.7月台[打不出幹話就講出來啊]
2022-07-05 13:50:58,218 INFO: Connecting to voice...
2022-07-05 13:50:58,218 INFO: Starting voice handshake... (connection attempt 1)
2022-07-05 13:50:58,545 INFO: Voice handshake complete. Endpoint found hongkong8769.discord.media
2022-07-05 13:50:59,594 INFO: selected the voice protocol for use (xsalsa20_poly1305_lite)
2022-07-05 13:50:59,802 INFO: received secret key for voice connection
2022-07-05 13:51:02,468 INFO: Preparing to terminate ffmpeg process 586.
2022-07-05 13:51:02,469 INFO: ffmpeg process 586 successfully terminated with return code of 0.
2022-07-05 13:51:04,787 INFO: Preparing to terminate ffmpeg process 596.
2022-07-05 13:51:04,788 INFO: ffmpeg process 596 successfully terminated with return code of 0.
2022-07-05 13:51:05,832 INFO: The voice handshake is being terminated for Channel ID 428109526550708238 (Guild ID 428109526550708234)
2022-07-05 13:51:05,832 INFO: Disconnecting from voice normally, close code 1000.
2022-07-05 13:54:03,766 INFO: Got a request to RESUME the websocket.
2022-07-05 13:54:03,945 INFO: Shard ID None has sent the RESUME payload.
2022-07-05 13:54:03,995 INFO: Shard ID None has successfully RESUMED session 9ff211cb05840afeb862e9b9caf81d67 under trace ["gateway-prd-main-zcx7",{"micros":4963,"calls":["discord-sessions-green-prd-2-195",{"micros":16}]}].
2022-07-05 13:54:43,202 INFO: wawa的n out 9又4分之8.7月台[打不出幹話就講出來啊]
2022-07-05 13:54:43,203 INFO: Connecting to voice...
2022-07-05 13:54:43,203 INFO: Starting voice handshake... (connection attempt 1)
2022-07-05 13:54:44,073 INFO: Voice handshake complete. Endpoint found hongkong8769.discord.media
2022-07-05 13:54:45,140 INFO: selected the voice protocol for use (xsalsa20_poly1305_lite)
2022-07-05 13:54:45,349 INFO: received secret key for voice connection
2022-07-05 13:54:47,335 INFO: Preparing to terminate ffmpeg process 608.
2022-07-05 13:54:47,336 INFO: ffmpeg process 608 successfully terminated with return code of 0.
2022-07-05 13:54:48,367 INFO: wawa的n in 9又4分之8.7月台[打不出幹話就講出來啊]
2022-07-05 13:54:50,709 INFO: Preparing to terminate ffmpeg process 618.
2022-07-05 13:54:50,710 INFO: ffmpeg process 618 successfully terminated with return code of 0.
2022-07-05 13:54:52,746 INFO: Preparing to terminate ffmpeg process 628.
2022-07-05 13:54:52,747 INFO: ffmpeg process 628 successfully terminated with return code of 0.
2022-07-05 13:54:53,039 INFO: Chi in 9又4分之8.7月台[打不出幹話就講出來啊]
2022-07-05 13:54:55,457 INFO: Preparing to terminate ffmpeg process 638.
2022-07-05 13:54:55,457 INFO: ffmpeg process 638 successfully terminated with return code of 0.
2022-07-05 13:54:58,113 INFO: Preparing to terminate ffmpeg process 648.
2022-07-05 13:54:58,113 INFO: ffmpeg process 648 successfully terminated with return code of 0.
2022-07-05 13:54:59,119 INFO: The voice handshake is being terminated for Channel ID 428109526550708238 (Guild ID 428109526550708234)
2022-07-05 13:54:59,120 INFO: Disconnecting from voice normally, close code 1000.
2022-07-05 13:59:41,428 INFO: BunnyplayGG in 9又4分之8.7月台[打不出幹話就講出來啊]
2022-07-05 13:59:41,465 INFO: Connecting to voice...
2022-07-05 13:59:41,465 INFO: Starting voice handshake... (connection attempt 1)
2022-07-05 13:59:42,378 INFO: Voice handshake complete. Endpoint found hongkong8769.discord.media
2022-07-05 13:59:43,444 INFO: selected the voice protocol for use (xsalsa20_poly1305_lite)
2022-07-05 13:59:43,662 INFO: received secret key for voice connection
2022-07-05 13:59:46,049 INFO: Preparing to terminate ffmpeg process 659.
2022-07-05 13:59:46,050 INFO: ffmpeg process 659 successfully terminated with return code of 0.
2022-07-05 13:59:47,543 INFO: Preparing to terminate ffmpeg process 669.
2022-07-05 13:59:47,544 INFO: ffmpeg process 669 successfully terminated with return code of 0.
2022-07-05 13:59:49,086 INFO: The voice handshake is being terminated for Channel ID 428109526550708238 (Guild ID 428109526550708234)
2022-07-05 13:59:49,086 INFO: Disconnecting from voice normally, close code 1000.
2022-07-05 14:12:16,463 INFO: 楓夜 in 9又4分之8.7月台[打不出幹話就講出來啊]
2022-07-05 14:12:16,488 INFO: Connecting to voice...
2022-07-05 14:12:16,488 INFO: Starting voice handshake... (connection attempt 1)
2022-07-05 14:12:17,227 INFO: Voice handshake complete. Endpoint found hongkong8769.discord.media
2022-07-05 14:12:18,301 INFO: selected the voice protocol for use (xsalsa20_poly1305_lite)
2022-07-05 14:12:18,512 INFO: received secret key for voice connection
2022-07-05 14:12:20,397 INFO: Preparing to terminate ffmpeg process 709.
2022-07-05 14:12:20,398 INFO: ffmpeg process 709 successfully terminated with return code of 0.
2022-07-05 14:12:22,396 INFO: Preparing to terminate ffmpeg process 719.
2022-07-05 14:12:22,396 INFO: ffmpeg process 719 successfully terminated with return code of 0.
2022-07-05 14:12:23,438 INFO: The voice handshake is being terminated for Channel ID 428109526550708238 (Guild ID 428109526550708234)
2022-07-05 14:12:23,438 INFO: Disconnecting from voice normally, close code 1000.
2022-07-05 14:13:44,256 INFO: Chi out 9又4分之8.7月台[打不出幹話就講出來啊]
2022-07-05 14:13:44,257 INFO: Connecting to voice...
2022-07-05 14:13:44,257 INFO: Starting voice handshake... (connection attempt 1)
2022-07-05 14:13:44,631 INFO: Voice handshake complete. Endpoint found hongkong8769.discord.media
2022-07-05 14:13:45,734 INFO: selected the voice protocol for use (xsalsa20_poly1305_lite)
2022-07-05 14:13:45,961 INFO: received secret key for voice connection
2022-07-05 14:13:47,526 INFO: Preparing to terminate ffmpeg process 730.
2022-07-05 14:13:47,527 INFO: ffmpeg process 730 successfully terminated with return code of 0.
2022-07-05 14:13:48,572 INFO: The voice handshake is being terminated for Channel ID 428109526550708238 (Guild ID 428109526550708234)
2022-07-05 14:13:48,573 INFO: Disconnecting from voice normally, close code 1000.
2022-07-05 14:15:27,181 INFO: Chi in 9又4分之8.7月台[打不出幹話就講出來啊]
2022-07-05 14:15:27,251 INFO: Connecting to voice...
2022-07-05 14:15:27,251 INFO: Starting voice handshake... (connection attempt 1)
2022-07-05 14:15:27,551 INFO: Voice handshake complete. Endpoint found hongkong8769.discord.media
2022-07-05 14:15:28,667 INFO: selected the voice protocol for use (xsalsa20_poly1305_lite)
2022-07-05 14:15:28,882 INFO: received secret key for voice connection
2022-07-05 14:15:30,068 INFO: Preparing to terminate ffmpeg process 741.
2022-07-05 14:15:30,069 INFO: ffmpeg process 741 has not terminated. Waiting to terminate...
2022-07-05 14:15:30,072 INFO: ffmpeg process 741 should have terminated with a return code of -9.
2022-07-05 14:15:30,113 INFO: The voice handshake is being terminated for Channel ID 428109526550708238 (Guild ID 428109526550708234)
2022-07-05 14:15:30,114 INFO: Disconnecting from voice normally, close code 1000.
2022-07-05 14:15:31,121 INFO: Preparing to terminate ffmpeg process 751.
2022-07-05 14:15:31,122 INFO: ffmpeg process 751 has not terminated. Waiting to terminate...
2022-07-05 14:15:31,122 INFO: ffmpeg process 751 should have terminated with a return code of -9.
2022-07-05 14:17:07,722 INFO: Chi out 9又4分之8.7月台[打不出幹話就講出來啊]
2022-07-05 14:17:07,723 INFO: Connecting to voice...
2022-07-05 14:17:07,723 INFO: Starting voice handshake... (connection attempt 1)
2022-07-05 14:17:08,463 INFO: Voice handshake complete. Endpoint found hongkong8769.discord.media
2022-07-05 14:17:09,535 INFO: selected the voice protocol for use (xsalsa20_poly1305_lite)
2022-07-05 14:17:09,754 INFO: received secret key for voice connection
2022-07-05 14:17:11,325 INFO: Preparing to terminate ffmpeg process 753.
2022-07-05 14:17:11,325 INFO: ffmpeg process 753 successfully terminated with return code of 0.
2022-07-05 14:17:12,371 INFO: The voice handshake is being terminated for Channel ID 428109526550708238 (Guild ID 428109526550708234)
2022-07-05 14:17:12,372 INFO: Disconnecting from voice normally, close code 1000.
2022-07-05 14:21:19,355 INFO: 神奇海螺 in 9又4分之8.7月台[打不出幹話就講出來啊]
2022-07-05 14:21:19,457 INFO: Connecting to voice...
2022-07-05 14:21:19,457 INFO: Starting voice handshake... (connection attempt 1)
2022-07-05 14:21:20,176 INFO: Voice handshake complete. Endpoint found hongkong8769.discord.media
2022-07-05 14:21:21,240 INFO: selected the voice protocol for use (xsalsa20_poly1305_lite)
2022-07-05 14:21:21,452 INFO: received secret key for voice connection
2022-07-05 14:21:23,797 INFO: Preparing to terminate ffmpeg process 826.
2022-07-05 14:21:23,798 INFO: ffmpeg process 826 successfully terminated with return code of 0.
2022-07-05 14:21:25,851 INFO: Preparing to terminate ffmpeg process 836.
2022-07-05 14:21:25,851 INFO: ffmpeg process 836 successfully terminated with return code of 0.
2022-07-05 14:21:26,874 INFO: The voice handshake is being terminated for Channel ID 428109526550708238 (Guild ID 428109526550708234)
2022-07-05 14:21:26,874 INFO: Disconnecting from voice normally, close code 1000.
2022-07-05 14:21:53,774 INFO: Chi in 9又4分之8.7月台[打不出幹話就講出來啊]
2022-07-05 14:21:53,999 INFO: Connecting to voice...
2022-07-05 14:21:54,000 INFO: Starting voice handshake... (connection attempt 1)
2022-07-05 14:21:54,271 INFO: Voice handshake complete. Endpoint found hongkong8769.discord.media
2022-07-05 14:21:55,377 INFO: selected the voice protocol for use (xsalsa20_poly1305_lite)
2022-07-05 14:21:55,593 INFO: received secret key for voice connection
2022-07-05 14:21:57,260 INFO: Preparing to terminate ffmpeg process 847.
2022-07-05 14:21:57,260 INFO: ffmpeg process 847 successfully terminated with return code of 0.
2022-07-05 14:21:58,777 INFO: Preparing to terminate ffmpeg process 857.
2022-07-05 14:21:58,778 INFO: ffmpeg process 857 successfully terminated with return code of 0.
2022-07-05 14:22:00,320 INFO: The voice handshake is being terminated for Channel ID 428109526550708238 (Guild ID 428109526550708234)
2022-07-05 14:22:00,321 INFO: Disconnecting from voice normally, close code 1000.
2022-07-05 14:22:17,018 INFO: KyrieR in 9又4分之8.7月台[打不出幹話就講出來啊]
2022-07-05 14:22:17,160 INFO: Connecting to voice...
2022-07-05 14:22:17,160 INFO: Starting voice handshake... (connection attempt 1)
2022-07-05 14:22:17,407 INFO: Voice handshake complete. Endpoint found hongkong8769.discord.media
2022-07-05 14:22:18,482 INFO: selected the voice protocol for use (xsalsa20_poly1305_lite)
2022-07-05 14:22:18,698 INFO: received secret key for voice connection
2022-07-05 14:22:20,785 INFO: Preparing to terminate ffmpeg process 868.
2022-07-05 14:22:20,786 INFO: ffmpeg process 868 successfully terminated with return code of 0.
2022-07-05 14:22:23,356 INFO: Preparing to terminate ffmpeg process 878.
2022-07-05 14:22:23,357 INFO: ffmpeg process 878 successfully terminated with return code of 0.
2022-07-05 14:22:24,423 INFO: The voice handshake is being terminated for Channel ID 428109526550708238 (Guild ID 428109526550708234)
2022-07-05 14:22:24,423 INFO: Disconnecting from voice normally, close code 1000.
2022-07-05 14:22:27,693 INFO: Fiven-chung in 9又4分之8.7月台[打不出幹話就講出來啊]
2022-07-05 14:22:27,716 INFO: Connecting to voice...
2022-07-05 14:22:27,716 INFO: Starting voice handshake... (connection attempt 1)
2022-07-05 14:22:28,079 INFO: Voice handshake complete. Endpoint found hongkong8769.discord.media
2022-07-05 14:22:29,151 INFO: selected the voice protocol for use (xsalsa20_poly1305_lite)
2022-07-05 14:22:29,364 INFO: received secret key for voice connection
2022-07-05 14:22:31,229 INFO: Preparing to terminate ffmpeg process 889.
2022-07-05 14:22:31,229 INFO: ffmpeg process 889 successfully terminated with return code of 0.
2022-07-05 14:22:34,639 INFO: Preparing to terminate ffmpeg process 899.
2022-07-05 14:22:34,640 INFO: ffmpeg process 899 successfully terminated with return code of 0.
2022-07-05 14:22:35,689 INFO: The voice handshake is being terminated for Channel ID 428109526550708238 (Guild ID 428109526550708234)
2022-07-05 14:22:35,690 INFO: Disconnecting from voice normally, close code 1000.
2022-07-05 14:23:30,055 INFO: 楓夜 out 9又4分之8.7月台[打不出幹話就講出來啊]
2022-07-05 14:23:30,056 INFO: Connecting to voice...
2022-07-05 14:23:30,056 INFO: Starting voice handshake... (connection attempt 1)
2022-07-05 14:23:30,439 INFO: Voice handshake complete. Endpoint found hongkong8769.discord.media
2022-07-05 14:23:31,517 INFO: selected the voice protocol for use (xsalsa20_poly1305_lite)
2022-07-05 14:23:31,736 INFO: received secret key for voice connection
2022-07-05 14:23:34,083 INFO: Preparing to terminate ffmpeg process 910.
2022-07-05 14:23:34,084 INFO: ffmpeg process 910 successfully terminated with return code of 0.
2022-07-05 14:23:35,151 INFO: The voice handshake is being terminated for Channel ID 428109526550708238 (Guild ID 428109526550708234)
2022-07-05 14:23:35,151 INFO: Disconnecting from voice normally, close code 1000.
2022-07-05 14:24:08,486 INFO: wawa的n in 9又4分之8.7月台[欸欸欸這樣配可以嗎(思]
2022-07-05 14:24:08,518 INFO: Connecting to voice...
2022-07-05 14:24:08,518 INFO: Starting voice handshake... (connection attempt 1)
2022-07-05 14:24:09,260 INFO: Voice handshake complete. Endpoint found hongkong5087.discord.media
2022-07-05 14:24:09,451 ERROR: Exception occurred during Voice Protocol voice server update handler
Traceback (most recent call last):
  File "/opt/virtualenvs/python3/lib/python3.8/site-packages/discord/state.py", line 102, in logging_coroutine
    await coroutine
  File "/opt/virtualenvs/python3/lib/python3.8/site-packages/discord/voice_client.py", line 295, in on_voice_server_update
    await self.ws.close(4000)
AttributeError: 'NoneType' object has no attribute 'close'
2022-07-05 14:24:10,391 INFO: selected the voice protocol for use (xsalsa20_poly1305_lite)
2022-07-05 14:24:10,616 INFO: received secret key for voice connection
2022-07-05 14:24:12,763 INFO: Preparing to terminate ffmpeg process 921.
2022-07-05 14:24:12,763 INFO: ffmpeg process 921 successfully terminated with return code of 0.
2022-07-05 14:24:15,581 INFO: Preparing to terminate ffmpeg process 931.
2022-07-05 14:24:15,581 INFO: ffmpeg process 931 successfully terminated with return code of 0.
2022-07-05 14:24:16,651 INFO: The voice handshake is being terminated for Channel ID 868516155525046333 (Guild ID 428109526550708234)
2022-07-05 14:24:16,652 INFO: Disconnecting from voice normally, close code 1000.
2022-07-05 14:24:47,166 INFO: MaiMai的Pool in 9又4分之8.7月台[欸欸欸這樣配可以嗎(思]
2022-07-05 14:24:47,265 INFO: Connecting to voice...
2022-07-05 14:24:47,265 INFO: Starting voice handshake... (connection attempt 1)
2022-07-05 14:24:47,507 INFO: Voice handshake complete. Endpoint found hongkong5087.discord.media
2022-07-05 14:24:48,605 INFO: selected the voice protocol for use (xsalsa20_poly1305_lite)
2022-07-05 14:24:48,820 INFO: received secret key for voice connection
2022-07-05 14:24:51,105 INFO: Preparing to terminate ffmpeg process 942.
2022-07-05 14:24:51,106 INFO: ffmpeg process 942 successfully terminated with return code of 0.
2022-07-05 14:24:53,106 INFO: Preparing to terminate ffmpeg process 952.
2022-07-05 14:24:53,106 INFO: ffmpeg process 952 successfully terminated with return code of 0.
2022-07-05 14:24:54,149 INFO: The voice handshake is being terminated for Channel ID 868516155525046333 (Guild ID 428109526550708234)
2022-07-05 14:24:54,149 INFO: Disconnecting from voice normally, close code 1000.
2022-07-05 14:25:23,017 INFO: 神奇海螺 in 9又4分之8.7月台[打不出幹話就講出來啊]
2022-07-05 14:25:23,192 INFO: Connecting to voice...
2022-07-05 14:25:23,192 INFO: Starting voice handshake... (connection attempt 1)
2022-07-05 14:25:23,445 INFO: Voice handshake complete. Endpoint found hongkong8769.discord.media
2022-07-05 14:25:24,517 INFO: selected the voice protocol for use (xsalsa20_poly1305_lite)
2022-07-05 14:25:24,731 INFO: received secret key for voice connection
2022-07-05 14:25:27,999 INFO: Preparing to terminate ffmpeg process 963.
2022-07-05 14:25:27,999 INFO: ffmpeg process 963 successfully terminated with return code of 0.
2022-07-05 14:25:31,402 INFO: Preparing to terminate ffmpeg process 973.
2022-07-05 14:25:31,402 INFO: ffmpeg process 973 successfully terminated with return code of 0.
2022-07-05 14:25:34,456 INFO: Preparing to terminate ffmpeg process 983.
2022-07-05 14:25:34,457 INFO: ffmpeg process 983 successfully terminated with return code of 0.
2022-07-05 14:25:35,484 INFO: The voice handshake is being terminated for Channel ID 428109526550708238 (Guild ID 428109526550708234)
2022-07-05 14:25:35,484 INFO: Disconnecting from voice normally, close code 1000.
2022-07-05 14:26:18,282 INFO: 神奇海螺 in 9又4分之8.7月台[打不出幹話就講出來啊]
2022-07-05 14:26:18,295 INFO: Connecting to voice...
2022-07-05 14:26:18,295 INFO: Starting voice handshake... (connection attempt 1)
2022-07-05 14:26:18,675 INFO: Voice handshake complete. Endpoint found hongkong8769.discord.media
2022-07-05 14:26:19,745 INFO: selected the voice protocol for use (xsalsa20_poly1305_lite)
2022-07-05 14:26:19,958 INFO: received secret key for voice connection
2022-07-05 14:26:23,226 INFO: Preparing to terminate ffmpeg process 994.
2022-07-05 14:26:23,226 INFO: ffmpeg process 994 successfully terminated with return code of 0.
2022-07-05 14:26:27,146 INFO: Preparing to terminate ffmpeg process 1004.
2022-07-05 14:26:27,146 INFO: ffmpeg process 1004 successfully terminated with return code of 0.
2022-07-05 14:26:29,179 INFO: Preparing to terminate ffmpeg process 1014.
2022-07-05 14:26:29,180 INFO: ffmpeg process 1014 successfully terminated with return code of 0.
2022-07-05 14:26:30,203 INFO: The voice handshake is being terminated for Channel ID 428109526550708238 (Guild ID 428109526550708234)
2022-07-05 14:26:30,203 INFO: Disconnecting from voice normally, close code 1000.
2022-07-05 14:39:52,397 INFO: 楓夜 in 9又4分之8.7月台[打不出幹話就講出來啊]
2022-07-05 14:39:52,441 INFO: Connecting to voice...
2022-07-05 14:39:52,441 INFO: Starting voice handshake... (connection attempt 1)
2022-07-05 14:39:52,747 INFO: Voice handshake complete. Endpoint found hongkong8769.discord.media
2022-07-05 14:39:53,838 INFO: selected the voice protocol for use (xsalsa20_poly1305_lite)
2022-07-05 14:39:54,064 INFO: received secret key for voice connection
2022-07-05 14:39:56,471 INFO: Preparing to terminate ffmpeg process 1056.
2022-07-05 14:39:56,471 INFO: ffmpeg process 1056 successfully terminated with return code of 0.
2022-07-05 14:39:59,222 INFO: Preparing to terminate ffmpeg process 1066.
2022-07-05 14:39:59,223 INFO: ffmpeg process 1066 successfully terminated with return code of 0.
2022-07-05 14:40:00,290 INFO: The voice handshake is being terminated for Channel ID 428109526550708238 (Guild ID 428109526550708234)
2022-07-05 14:40:00,290 INFO: Disconnecting from voice normally, close code 1000.
2022-07-05 14:43:01,075 INFO: wawa的n out 9又4分之8.7月台[欸欸欸這樣配可以嗎(思]
2022-07-05 14:43:01,076 INFO: Connecting to voice...
2022-07-05 14:43:01,076 INFO: Starting voice handshake... (connection attempt 1)
2022-07-05 14:43:01,453 INFO: Voice handshake complete. Endpoint found hongkong5087.discord.media
2022-07-05 14:43:02,541 INFO: selected the voice protocol for use (xsalsa20_poly1305_lite)
2022-07-05 14:43:02,759 INFO: received secret key for voice connection
2022-07-05 14:43:04,746 INFO: Preparing to terminate ffmpeg process 1077.
2022-07-05 14:43:04,746 INFO: ffmpeg process 1077 successfully terminated with return code of 0.
2022-07-05 14:43:05,772 INFO: The voice handshake is being terminated for Channel ID 868516155525046333 (Guild ID 428109526550708234)
2022-07-05 14:43:05,773 INFO: Disconnecting from voice normally, close code 1000.
2022-07-05 14:47:43,524 INFO: SparkleZ in 9又4分之8.7月台[打不出幹話就講出來啊]
2022-07-05 14:47:43,660 INFO: Connecting to voice...
2022-07-05 14:47:43,660 INFO: Starting voice handshake... (connection attempt 1)
2022-07-05 14:47:43,901 INFO: Voice handshake complete. Endpoint found hongkong8769.discord.media
2022-07-05 14:47:44,988 INFO: selected the voice protocol for use (xsalsa20_poly1305_lite)
2022-07-05 14:47:45,200 INFO: received secret key for voice connection
2022-07-05 14:47:47,187 INFO: Preparing to terminate ffmpeg process 1088.
2022-07-05 14:47:47,187 INFO: ffmpeg process 1088 successfully terminated with return code of 0.
2022-07-05 14:47:48,684 INFO: Preparing to terminate ffmpeg process 1098.
2022-07-05 14:47:48,685 INFO: ffmpeg process 1098 successfully terminated with return code of 0.
2022-07-05 14:47:50,227 INFO: The voice handshake is being terminated for Channel ID 428109526550708238 (Guild ID 428109526550708234)
2022-07-05 14:47:50,228 INFO: Disconnecting from voice normally, close code 1000.
2022-07-05 14:48:47,845 INFO: 神奇海螺 in 9又4分之8.7月台[打不出幹話就講出來啊]
2022-07-05 14:48:47,868 INFO: Connecting to voice...
2022-07-05 14:48:47,869 INFO: Starting voice handshake... (connection attempt 1)
2022-07-05 14:48:48,248 INFO: Voice handshake complete. Endpoint found hongkong8769.discord.media
2022-07-05 14:48:49,351 INFO: selected the voice protocol for use (xsalsa20_poly1305_lite)
2022-07-05 14:48:49,599 INFO: received secret key for voice connection
2022-07-05 14:48:52,865 INFO: Preparing to terminate ffmpeg process 1109.
2022-07-05 14:48:52,866 INFO: ffmpeg process 1109 successfully terminated with return code of 0.
2022-07-05 14:48:56,782 INFO: Preparing to terminate ffmpeg process 1119.
2022-07-05 14:48:56,783 INFO: ffmpeg process 1119 successfully terminated with return code of 0.
2022-07-05 14:48:58,998 INFO: Preparing to terminate ffmpeg process 1129.
2022-07-05 14:48:58,999 INFO: ffmpeg process 1129 successfully terminated with return code of 0.
2022-07-05 14:49:00,041 INFO: The voice handshake is being terminated for Channel ID 428109526550708238 (Guild ID 428109526550708234)
2022-07-05 14:49:00,042 INFO: Disconnecting from voice normally, close code 1000.
2022-07-05 14:49:22,261 INFO: 神奇海螺 in 9又4分之8.7月台[打不出幹話就講出來啊]
2022-07-05 14:49:22,791 INFO: Connecting to voice...
2022-07-05 14:49:22,792 INFO: Starting voice handshake... (connection attempt 1)
2022-07-05 14:49:23,049 INFO: Voice handshake complete. Endpoint found hongkong8769.discord.media
2022-07-05 14:49:24,121 INFO: selected the voice protocol for use (xsalsa20_poly1305_lite)
2022-07-05 14:49:24,337 INFO: received secret key for voice connection
2022-07-05 14:49:27,605 INFO: Preparing to terminate ffmpeg process 1140.
2022-07-05 14:49:27,605 INFO: ffmpeg process 1140 successfully terminated with return code of 0.
2022-07-05 14:49:31,522 INFO: Preparing to terminate ffmpeg process 1150.
2022-07-05 14:49:31,523 INFO: ffmpeg process 1150 successfully terminated with return code of 0.
2022-07-05 14:49:34,318 INFO: Preparing to terminate ffmpeg process 1160.
2022-07-05 14:49:34,319 INFO: ffmpeg process 1160 successfully terminated with return code of 0.
2022-07-05 14:49:35,386 INFO: The voice handshake is being terminated for Channel ID 428109526550708238 (Guild ID 428109526550708234)
2022-07-05 14:49:35,386 INFO: Disconnecting from voice normally, close code 1000.
2022-07-05 14:56:03,729 INFO: Lexor in 9又4分之8.7月台[欸欸欸這樣配可以嗎(思]
2022-07-05 14:56:03,738 INFO: Connecting to voice...
2022-07-05 14:56:03,738 INFO: Starting voice handshake... (connection attempt 1)
2022-07-05 14:56:04,678 INFO: Voice handshake complete. Endpoint found hongkong5087.discord.media
2022-07-05 14:56:05,782 INFO: selected the voice protocol for use (xsalsa20_poly1305_lite)
2022-07-05 14:56:06,008 INFO: received secret key for voice connection
2022-07-05 14:56:08,395 INFO: Preparing to terminate ffmpeg process 1201.
2022-07-05 14:56:08,396 INFO: ffmpeg process 1201 successfully terminated with return code of 0.
2022-07-05 14:56:09,891 INFO: Preparing to terminate ffmpeg process 1211.
2022-07-05 14:56:09,892 INFO: ffmpeg process 1211 successfully terminated with return code of 0.
2022-07-05 14:56:11,434 INFO: The voice handshake is being terminated for Channel ID 868516155525046333 (Guild ID 428109526550708234)
2022-07-05 14:56:11,435 INFO: Disconnecting from voice normally, close code 1000.
2022-07-05 14:57:55,754 INFO: Lexor out 9又4分之8.7月台[欸欸欸這樣配可以嗎(思]
2022-07-05 14:57:55,755 INFO: Connecting to voice...
2022-07-05 14:57:55,755 INFO: Starting voice handshake... (connection attempt 1)
2022-07-05 14:57:56,564 INFO: Voice handshake complete. Endpoint found hongkong5087.discord.media
2022-07-05 14:57:57,679 INFO: selected the voice protocol for use (xsalsa20_poly1305_lite)
2022-07-05 14:57:57,903 INFO: received secret key for voice connection
2022-07-05 14:57:59,589 INFO: Preparing to terminate ffmpeg process 1222.
2022-07-05 14:57:59,590 INFO: ffmpeg process 1222 successfully terminated with return code of 0.
2022-07-05 14:58:00,617 INFO: The voice handshake is being terminated for Channel ID 868516155525046333 (Guild ID 428109526550708234)
2022-07-05 14:58:00,617 INFO: Disconnecting from voice normally, close code 1000.
2022-07-05 15:01:36,535 INFO: Lexor in 9又4分之8.7月台[欸欸欸這樣配可以嗎(思]
2022-07-05 15:01:36,702 INFO: Connecting to voice...
2022-07-05 15:01:36,702 INFO: Starting voice handshake... (connection attempt 1)
2022-07-05 15:01:37,464 INFO: Voice handshake complete. Endpoint found hongkong5087.discord.media
2022-07-05 15:01:38,537 INFO: selected the voice protocol for use (xsalsa20_poly1305_lite)
2022-07-05 15:01:38,748 INFO: received secret key for voice connection
2022-07-05 15:01:41,134 INFO: Preparing to terminate ffmpeg process 1233.
2022-07-05 15:01:41,135 INFO: ffmpeg process 1233 successfully terminated with return code of 0.
2022-07-05 15:01:44,529 INFO: Preparing to terminate ffmpeg process 1243.
2022-07-05 15:01:44,529 INFO: ffmpeg process 1243 successfully terminated with return code of 0.
2022-07-05 15:01:45,578 INFO: The voice handshake is being terminated for Channel ID 868516155525046333 (Guild ID 428109526550708234)
2022-07-05 15:01:45,578 INFO: Disconnecting from voice normally, close code 1000.
2022-07-05 15:08:43,940 INFO: 神奇海螺 in 9又4分之8.7月台[123是什麼敷衍的名字]
2022-07-05 15:08:44,063 INFO: Connecting to voice...
2022-07-05 15:08:44,063 INFO: Starting voice handshake... (connection attempt 1)
2022-07-05 15:08:44,692 INFO: Voice handshake complete. Endpoint found hongkong145.discord.media
2022-07-05 15:08:44,893 ERROR: Exception occurred during Voice Protocol voice server update handler
Traceback (most recent call last):
  File "/opt/virtualenvs/python3/lib/python3.8/site-packages/discord/state.py", line 102, in logging_coroutine
    await coroutine
  File "/opt/virtualenvs/python3/lib/python3.8/site-packages/discord/voice_client.py", line 295, in on_voice_server_update
    await self.ws.close(4000)
AttributeError: 'NoneType' object has no attribute 'close'
2022-07-05 15:08:45,766 INFO: selected the voice protocol for use (xsalsa20_poly1305_lite)
2022-07-05 15:08:45,983 INFO: received secret key for voice connection
2022-07-05 15:08:46,820 INFO: SparkleZ in 9又4分之8.7月台[123是什麼敷衍的名字]
2022-07-05 15:08:48,850 INFO: Preparing to terminate ffmpeg process 1284.
2022-07-05 15:08:48,851 INFO: ffmpeg process 1284 successfully terminated with return code of 0.
2022-07-05 15:08:51,890 INFO: Preparing to terminate ffmpeg process 1294.
2022-07-05 15:08:51,891 INFO: ffmpeg process 1294 successfully terminated with return code of 0.
2022-07-05 15:08:54,902 INFO: Preparing to terminate ffmpeg process 1304.
2022-07-05 15:08:54,903 INFO: ffmpeg process 1304 successfully terminated with return code of 0.
2022-07-05 15:08:58,297 INFO: Preparing to terminate ffmpeg process 1314.
2022-07-05 15:08:58,297 INFO: ffmpeg process 1314 successfully terminated with return code of 0.
2022-07-05 15:08:59,345 INFO: The voice handshake is being terminated for Channel ID 728631391809437746 (Guild ID 428109526550708234)
2022-07-05 15:08:59,346 INFO: Disconnecting from voice normally, close code 1000.
2022-07-05 15:41:24,264 INFO: Lexor out 9又4分之8.7月台[欸欸欸這樣配可以嗎(思]
2022-07-05 15:41:24,266 INFO: Connecting to voice...
2022-07-05 15:41:24,266 INFO: Starting voice handshake... (connection attempt 1)
2022-07-05 15:41:25,231 INFO: Voice handshake complete. Endpoint found hongkong5087.discord.media
2022-07-05 15:41:26,332 INFO: selected the voice protocol for use (xsalsa20_poly1305_lite)
2022-07-05 15:41:26,560 INFO: received secret key for voice connection
2022-07-05 15:41:28,247 INFO: Preparing to terminate ffmpeg process 1446.
2022-07-05 15:41:28,247 INFO: ffmpeg process 1446 successfully terminated with return code of 0.
2022-07-05 15:41:29,274 INFO: The voice handshake is being terminated for Channel ID 868516155525046333 (Guild ID 428109526550708234)
2022-07-05 15:41:29,274 INFO: Disconnecting from voice normally, close code 1000.
2022-07-05 15:42:08,483 INFO: Got a request to RESUME the websocket.
2022-07-05 15:42:08,759 INFO: Shard ID None has sent the RESUME payload.
2022-07-05 15:42:08,797 INFO: Shard ID None has successfully RESUMED session 9ff211cb05840afeb862e9b9caf81d67 under trace ["gateway-prd-main-5h75",{"micros":687,"calls":["discord-sessions-green-prd-2-195",{"micros":23}]}].
2022-07-05 15:55:53,153 INFO: Lexor in 9又4分之8.7月台[欸欸欸這樣配可以嗎(思]
2022-07-05 15:55:53,164 INFO: Connecting to voice...
2022-07-05 15:55:53,164 INFO: Starting voice handshake... (connection attempt 1)
2022-07-05 15:55:53,919 INFO: Voice handshake complete. Endpoint found hongkong5087.discord.media
2022-07-05 15:55:54,988 INFO: selected the voice protocol for use (xsalsa20_poly1305_lite)
2022-07-05 15:55:55,198 INFO: received secret key for voice connection
2022-07-05 15:55:57,585 INFO: Preparing to terminate ffmpeg process 1489.
2022-07-05 15:55:57,586 INFO: ffmpeg process 1489 successfully terminated with return code of 0.
2022-07-05 15:56:00,439 INFO: Preparing to terminate ffmpeg process 1499.
2022-07-05 15:56:00,439 INFO: ffmpeg process 1499 successfully terminated with return code of 0.
2022-07-05 15:56:01,528 INFO: The voice handshake is being terminated for Channel ID 868516155525046333 (Guild ID 428109526550708234)
2022-07-05 15:56:01,528 INFO: Disconnecting from voice normally, close code 1000.
2022-07-05 16:00:38,521 INFO: MaiMai的Pool out 9又4分之8.7月台[欸欸欸這樣配可以嗎(思]
2022-07-05 16:00:38,521 INFO: Connecting to voice...
2022-07-05 16:00:38,521 INFO: Starting voice handshake... (connection attempt 1)
2022-07-05 16:00:38,878 INFO: Voice handshake complete. Endpoint found hongkong5087.discord.media
2022-07-05 16:00:39,976 INFO: selected the voice protocol for use (xsalsa20_poly1305_lite)
2022-07-05 16:00:40,190 INFO: received secret key for voice connection
2022-07-05 16:00:42,297 INFO: Preparing to terminate ffmpeg process 1510.
2022-07-05 16:00:42,297 INFO: ffmpeg process 1510 successfully terminated with return code of 0.
2022-07-05 16:00:43,304 INFO: The voice handshake is being terminated for Channel ID 868516155525046333 (Guild ID 428109526550708234)
2022-07-05 16:00:43,304 INFO: Disconnecting from voice normally, close code 1000.
2022-07-05 16:00:43,572 INFO: Lexor out 9又4分之8.7月台[欸欸欸這樣配可以嗎(思]
2022-07-05 16:00:43,573 INFO: Connecting to voice...
2022-07-05 16:00:43,573 INFO: Starting voice handshake... (connection attempt 1)
2022-07-05 16:00:43,644 INFO: Voice handshake complete. Endpoint found us-central5113.discord.media
2022-07-05 16:00:43,827 INFO: selected the voice protocol for use (xsalsa20_poly1305_lite)
2022-07-05 16:00:43,849 INFO: received secret key for voice connection
2022-07-05 16:00:45,538 INFO: Preparing to terminate ffmpeg process 1521.
2022-07-05 16:00:45,538 INFO: ffmpeg process 1521 successfully terminated with return code of 0.
2022-07-05 16:00:46,565 INFO: The voice handshake is being terminated for Channel ID 868516155525046333 (Guild ID 428109526550708234)
2022-07-05 16:00:46,566 INFO: Disconnecting from voice normally, close code 1000.
2022-07-05 16:23:01,409 INFO: Chi out 9又4分之8.7月台[打不出幹話就講出來啊]
2022-07-05 16:23:01,410 INFO: Connecting to voice...
2022-07-05 16:23:01,410 INFO: Starting voice handshake... (connection attempt 1)
2022-07-05 16:23:02,351 INFO: Voice handshake complete. Endpoint found hongkong8769.discord.media
2022-07-05 16:23:03,437 INFO: selected the voice protocol for use (xsalsa20_poly1305_lite)
2022-07-05 16:23:03,654 INFO: received secret key for voice connection
2022-07-05 16:23:04,225 INFO: BunnyplayGG out 9又4分之8.7月台[打不出幹話就講出來啊]
2022-07-05 16:23:05,032 INFO: Fiven-chung out 9又4分之8.7月台[打不出幹話就講出來啊]
2022-07-05 16:23:05,220 INFO: Preparing to terminate ffmpeg process 1622.
2022-07-05 16:23:05,221 INFO: ffmpeg process 1622 successfully terminated with return code of 0.
2022-07-05 16:23:05,446 INFO: KyrieR out 9又4分之8.7月台[打不出幹話就講出來啊]
2022-07-05 16:23:08,031 INFO: 楓夜 out 9又4分之8.7月台[打不出幹話就講出來啊]
2022-07-05 16:23:08,631 INFO: Preparing to terminate ffmpeg process 1632.
2022-07-05 16:23:08,632 INFO: ffmpeg process 1632 successfully terminated with return code of 0.
2022-07-05 16:23:11,606 INFO: Preparing to terminate ffmpeg process 1642.
2022-07-05 16:23:11,606 INFO: ffmpeg process 1642 successfully terminated with return code of 0.
2022-07-05 16:23:14,516 INFO: Preparing to terminate ffmpeg process 1652.
2022-07-05 16:23:14,519 INFO: ffmpeg process 1652 successfully terminated with return code of 0.
2022-07-05 16:23:17,869 INFO: Preparing to terminate ffmpeg process 1662.
2022-07-05 16:23:17,870 INFO: ffmpeg process 1662 successfully terminated with return code of 0.
2022-07-05 16:23:18,942 INFO: The voice handshake is being terminated for Channel ID 428109526550708238 (Guild ID 428109526550708234)
2022-07-05 16:23:18,942 INFO: Disconnecting from voice normally, close code 1000.
2022-07-05 16:43:40,981 INFO: SparkleZ out 9又4分之8.7月台[123是什麼敷衍的名字]
2022-07-05 16:43:40,982 INFO: Connecting to voice...
2022-07-05 16:43:40,982 INFO: Starting voice handshake... (connection attempt 1)
2022-07-05 16:43:41,934 INFO: Voice handshake complete. Endpoint found hongkong145.discord.media
2022-07-05 16:43:43,031 INFO: selected the voice protocol for use (xsalsa20_poly1305_lite)
2022-07-05 16:43:43,258 INFO: received secret key for voice connection
2022-07-05 16:43:45,246 INFO: Preparing to terminate ffmpeg process 1703.
2022-07-05 16:43:45,261 INFO: ffmpeg process 1703 successfully terminated with return code of 0.
2022-07-05 16:43:49,544 INFO: Preparing to terminate ffmpeg process 1713.
2022-07-05 16:43:49,544 INFO: ffmpeg process 1713 successfully terminated with return code of 0.
2022-07-05 16:43:50,611 INFO: The voice handshake is being terminated for Channel ID 728631391809437746 (Guild ID 428109526550708234)
2022-07-05 16:43:50,612 INFO: Disconnecting from voice normally, close code 1000.
2022-07-05 17:13:01,580 INFO: Websocket closed with 1006, attempting a reconnect.
2022-07-05 17:13:01,581 INFO: Got a request to RESUME the websocket.
2022-07-05 17:13:01,809 INFO: Shard ID None has sent the RESUME payload.
2022-07-05 17:13:01,856 INFO: Shard ID None has successfully RESUMED session 9ff211cb05840afeb862e9b9caf81d67 under trace ["gateway-prd-main-hlxc",{"micros":678,"calls":["discord-sessions-green-prd-2-195",{"micros":20}]}].
2022-07-05 18:10:40,219 INFO: Got a request to RESUME the websocket.
2022-07-05 18:10:40,413 INFO: Shard ID None has sent the RESUME payload.
2022-07-05 18:10:40,461 INFO: Shard ID None has successfully RESUMED session 9ff211cb05840afeb862e9b9caf81d67 under trace ["gateway-prd-main-d57d",{"micros":9136,"calls":["discord-sessions-green-prd-2-195",{"micros":22}]}].
2022-07-05 19:19:10,057 INFO: Websocket closed with 1006, attempting a reconnect.
2022-07-05 19:19:10,057 INFO: Got a request to RESUME the websocket.
2022-07-05 19:19:10,233 INFO: Shard ID None has sent the RESUME payload.
2022-07-05 19:19:10,273 INFO: Shard ID None has successfully RESUMED session 9ff211cb05840afeb862e9b9caf81d67 under trace ["gateway-prd-main-vwjd",{"micros":619,"calls":["discord-sessions-green-prd-2-195",{"micros":18}]}].
