2022-08-31 21:35:07,401 INFO: logging in using static token
2022-08-31 21:35:07,761 INFO: Shard ID None has sent the IDENTIFY payload.
2022-08-31 21:35:07,949 INFO: Shard ID None has connected to Gateway: ["gateway-prd-main-9fd8",{"micros":95681,"calls":["id_created",{"micros":986,"calls":[]},"session_lookup_time",{"micros":1646,"calls":[]},"session_lookup_finished",{"micros":13,"calls":[]},"discord-sessions-green-prd-2-137",{"micros":92158,"calls":["start_session",{"micros":53762,"calls":["discord-api-7655565c9-qjw2b",{"micros":47807,"calls":["get_user",{"micros":13485},"get_guilds",{"micros":8459},"send_scheduled_deletion_message",{"micros":15},"guild_join_requests",{"micros":179},"authorized_ip_coro",{"micros":15}]}]},"starting_guild_connect",{"micros":44,"calls":[]},"presence_started",{"micros":317,"calls":[]},"guilds_started",{"micros":31561,"calls":[]},"guilds_connect",{"micros":2,"calls":[]},"presence_connect",{"micros":6459,"calls":[]},"connect_finished",{"micros":6465,"calls":[]},"build_ready",{"micros":5,"calls":[]},"optimize_ready",{"micros":1,"calls":[]},"split_ready",{"micros":0,"calls":[]},"clean_ready",{"micros":1,"calls":[]}]}]}] (Session ID: 891d9989218eb2c0a59c47e638bbf485).
2022-08-31 21:35:09,972 INFO: 目前登入身份：神奇海螺#3847
2022-08-31 22:51:24,108 INFO: logging in using static token
2022-08-31 22:51:24,174 INFO: Cleaning up tasks.
2022-08-31 22:51:24,175 INFO: Closing the event loop.
2022-09-01 14:32:55,953 INFO: logging in using static token
2022-09-01 14:32:56,244 INFO: Shard ID None has sent the IDENTIFY payload.
2022-09-01 14:32:56,433 INFO: Shard ID None has connected to Gateway: ["gateway-prd-main-q8f5",{"micros":148256,"calls":["id_created",{"micros":1136,"calls":[]},"session_lookup_time",{"micros":294,"calls":[]},"session_lookup_finished",{"micros":17,"calls":[]},"discord-sessions-green-prd-2-166",{"micros":146310,"calls":["start_session",{"micros":52863,"calls":["discord-api-7fc4cb59bd-75v5g",{"micros":43800,"calls":["get_user",{"micros":11979},"get_guilds",{"micros":5302},"send_scheduled_deletion_message",{"micros":12},"guild_join_requests",{"micros":2129},"authorized_ip_coro",{"micros":14}]}]},"starting_guild_connect",{"micros":34,"calls":[]},"presence_started",{"micros":31947,"calls":[]},"guilds_started",{"micros":34789,"calls":[]},"guilds_connect",{"micros":2,"calls":[]},"presence_connect",{"micros":26659,"calls":[]},"connect_finished",{"micros":26665,"calls":[]},"build_ready",{"micros":8,"calls":[]},"optimize_ready",{"micros":0,"calls":[]},"split_ready",{"micros":1,"calls":[]},"clean_ready",{"micros":0,"calls":[]}]}]}] (Session ID: 7119a07d16d21654b5aa94a568091603).
2022-09-01 14:32:58,466 INFO: 目前登入身份：神奇海螺#3847
2022-09-01 15:21:31,351 INFO: Websocket closed with 1006, attempting a reconnect.
2022-09-01 15:21:31,351 INFO: Got a request to RESUME the websocket.
2022-09-01 15:21:31,532 INFO: Shard ID None has sent the RESUME payload.
2022-09-01 15:21:31,577 INFO: Shard ID None has successfully RESUMED session 7119a07d16d21654b5aa94a568091603 under trace ["gateway-prd-main-clnq",{"micros":634,"calls":["id_created",{"micros":0,"calls":[]},"session_lookup_time",{"micros":353,"calls":[]},"session_lookup_finished",{"micros":14,"calls":[]},"discord-sessions-green-prd-2-166",{"micros":21}]}].
2022-09-01 15:40:54,466 INFO: Got a request to RESUME the websocket.
2022-09-01 15:40:54,662 INFO: Shard ID None has sent the RESUME payload.
2022-09-01 15:40:54,735 INFO: Shard ID None has successfully RESUMED session 7119a07d16d21654b5aa94a568091603 under trace ["gateway-prd-main-6ds6",{"micros":9237,"calls":["id_created",{"micros":0,"calls":[]},"session_lookup_time",{"micros":8929,"calls":[]},"session_lookup_finished",{"micros":11,"calls":[]},"discord-sessions-green-prd-2-166",{"micros":16}]}].
2022-09-01 15:59:55,845 INFO: Websocket closed with 1006, attempting a reconnect.
2022-09-01 15:59:55,845 INFO: Got a request to RESUME the websocket.
2022-09-01 15:59:56,024 INFO: Shard ID None has sent the RESUME payload.
2022-09-01 15:59:56,074 INFO: Shard ID None has successfully RESUMED session 7119a07d16d21654b5aa94a568091603 under trace ["gateway-prd-main-32s3",{"micros":8512,"calls":["id_created",{"micros":0,"calls":[]},"session_lookup_time",{"micros":2855,"calls":[]},"session_lookup_finished",{"micros":9,"calls":[]},"discord-sessions-green-prd-2-166",{"micros":22}]}].
2022-09-01 16:25:05,305 INFO: BunnyplayGG out 9又4分之8.7月台[123是什麼敷衍的名字]
2022-09-01 16:25:05,305 INFO: Connecting to voice...
2022-09-01 16:25:05,306 INFO: Starting voice handshake... (connection attempt 1)
2022-09-01 16:25:06,264 INFO: Voice handshake complete. Endpoint found hongkong9969.discord.media
2022-09-01 16:25:07,355 INFO: selected the voice protocol for use (xsalsa20_poly1305_lite)
2022-09-01 16:25:07,583 INFO: received secret key for voice connection
2022-09-01 16:25:09,958 INFO: Preparing to terminate ffmpeg process 268.
2022-09-01 16:25:09,959 INFO: ffmpeg process 268 successfully terminated with return code of 0.
2022-09-01 16:25:11,006 INFO: The voice handshake is being terminated for Channel ID 728631391809437746 (Guild ID 428109526550708234)
2022-09-01 16:25:11,006 INFO: Disconnecting from voice normally, close code 1000.
2022-09-01 17:19:28,914 INFO: Got a request to RESUME the websocket.
2022-09-01 17:19:29,112 INFO: Shard ID None has sent the RESUME payload.
2022-09-01 17:19:29,168 INFO: Shard ID None has successfully RESUMED session 7119a07d16d21654b5aa94a568091603 under trace ["gateway-prd-main-cvtp",{"micros":576,"calls":["id_created",{"micros":0,"calls":[]},"session_lookup_time",{"micros":346,"calls":[]},"session_lookup_finished",{"micros":16,"calls":[]},"discord-sessions-green-prd-2-166",{"micros":21}]}].
2022-09-01 17:37:42,246 INFO: Chi out 9又4分之8.7月台[123是什麼敷衍的名字]
2022-09-01 17:37:42,247 INFO: Connecting to voice...
2022-09-01 17:37:42,247 INFO: Starting voice handshake... (connection attempt 1)
2022-09-01 17:37:43,260 INFO: Voice handshake complete. Endpoint found hongkong9969.discord.media
2022-09-01 17:37:44,369 INFO: selected the voice protocol for use (xsalsa20_poly1305_lite)
2022-09-01 17:37:44,588 INFO: received secret key for voice connection
2022-09-01 17:37:46,153 INFO: Preparing to terminate ffmpeg process 425.
2022-09-01 17:37:46,154 INFO: ffmpeg process 425 successfully terminated with return code of 0.
2022-09-01 17:37:47,199 INFO: The voice handshake is being terminated for Channel ID 728631391809437746 (Guild ID 428109526550708234)
2022-09-01 17:37:47,199 INFO: Disconnecting from voice normally, close code 1000.
2022-09-01 17:37:48,809 INFO: Fiven-chung out 9又4分之8.7月台[123是什麼敷衍的名字]
2022-09-01 17:37:48,809 INFO: Connecting to voice...
2022-09-01 17:37:48,809 INFO: Starting voice handshake... (connection attempt 1)
2022-09-01 17:37:49,197 INFO: Voice handshake complete. Endpoint found hongkong9969.discord.media
2022-09-01 17:37:50,287 INFO: selected the voice protocol for use (xsalsa20_poly1305_lite)
2022-09-01 17:37:50,509 INFO: received secret key for voice connection
2022-09-01 17:37:52,152 INFO: Chi in 9又4分之8.7月台[123是什麼敷衍的名字]
2022-09-01 17:37:52,435 INFO: Preparing to terminate ffmpeg process 436.
2022-09-01 17:37:52,435 INFO: ffmpeg process 436 successfully terminated with return code of 0.
2022-09-01 17:37:55,188 INFO: Preparing to terminate ffmpeg process 446.
2022-09-01 17:37:55,188 INFO: ffmpeg process 446 successfully terminated with return code of 0.
2022-09-01 17:37:56,701 INFO: Preparing to terminate ffmpeg process 456.
2022-09-01 17:37:56,702 INFO: ffmpeg process 456 successfully terminated with return code of 0.
2022-09-01 17:37:58,245 INFO: The voice handshake is being terminated for Channel ID 728631391809437746 (Guild ID 428109526550708234)
2022-09-01 17:37:58,246 INFO: Disconnecting from voice normally, close code 1000.
2022-09-01 17:38:02,748 INFO: Chi out 9又4分之8.7月台[123是什麼敷衍的名字]
2022-09-01 17:38:02,748 INFO: Connecting to voice...
2022-09-01 17:38:02,748 INFO: Starting voice handshake... (connection attempt 1)
2022-09-01 17:38:03,127 INFO: Voice handshake complete. Endpoint found hongkong9969.discord.media
2022-09-01 17:38:04,233 INFO: selected the voice protocol for use (xsalsa20_poly1305_lite)
2022-09-01 17:38:04,447 INFO: received secret key for voice connection
2022-09-01 17:38:06,013 INFO: Preparing to terminate ffmpeg process 467.
2022-09-01 17:38:06,014 INFO: ffmpeg process 467 successfully terminated with return code of 0.
2022-09-01 17:38:07,059 INFO: The voice handshake is being terminated for Channel ID 728631391809437746 (Guild ID 428109526550708234)
2022-09-01 17:38:07,059 INFO: Disconnecting from voice normally, close code 1000.
2022-09-01 17:39:11,111 INFO: 不偷家的飄飄大仙 out 9又4分之8.7月台[123是什麼敷衍的名字]
2022-09-01 17:39:11,111 INFO: Connecting to voice...
2022-09-01 17:39:11,111 INFO: Starting voice handshake... (connection attempt 1)
2022-09-01 17:39:12,124 INFO: Voice handshake complete. Endpoint found hongkong9969.discord.media
2022-09-01 17:39:13,295 INFO: selected the voice protocol for use (xsalsa20_poly1305_lite)
2022-09-01 17:39:13,509 INFO: received secret key for voice connection
2022-09-01 17:39:16,051 INFO: KyrieR out 9又4分之8.7月台[123是什麼敷衍的名字]
2022-09-01 17:39:16,395 INFO: Preparing to terminate ffmpeg process 478.
2022-09-01 17:39:16,396 INFO: ffmpeg process 478 successfully terminated with return code of 0.
2022-09-01 17:39:19,229 INFO: Preparing to terminate ffmpeg process 488.
2022-09-01 17:39:19,230 INFO: ffmpeg process 488 successfully terminated with return code of 0.
2022-09-01 17:39:20,235 INFO: The voice handshake is being terminated for Channel ID 728631391809437746 (Guild ID 428109526550708234)
2022-09-01 17:39:20,235 INFO: Disconnecting from voice normally, close code 1000.
2022-09-01 18:15:21,072 INFO: Websocket closed with 1006, attempting a reconnect.
2022-09-01 18:15:21,072 INFO: Got a request to RESUME the websocket.
2022-09-01 18:15:22,343 INFO: Shard ID None has sent the RESUME payload.
2022-09-01 18:15:22,393 INFO: Shard ID None has successfully RESUMED session 7119a07d16d21654b5aa94a568091603 under trace ["gateway-prd-main-nskp",{"micros":679,"calls":["id_created",{"micros":0,"calls":[]},"session_lookup_time",{"micros":433,"calls":[]},"session_lookup_finished",{"micros":12,"calls":[]},"discord-sessions-green-prd-2-166",{"micros":19}]}].
2022-09-01 18:41:32,675 INFO: Websocket closed with 1006, attempting a reconnect.
2022-09-01 18:41:32,675 INFO: Got a request to RESUME the websocket.
2022-09-01 18:41:32,913 INFO: Shard ID None has sent the RESUME payload.
2022-09-01 18:41:32,960 INFO: Shard ID None has successfully RESUMED session 7119a07d16d21654b5aa94a568091603 under trace ["gateway-prd-main-s33p",{"micros":586,"calls":["id_created",{"micros":0,"calls":[]},"session_lookup_time",{"micros":313,"calls":[]},"session_lookup_finished",{"micros":12,"calls":[]},"discord-sessions-green-prd-2-166",{"micros":16}]}].
2022-09-01 19:29:31,664 INFO: Got a request to RESUME the websocket.
2022-09-01 19:29:31,843 INFO: Shard ID None has sent the RESUME payload.
2022-09-01 19:29:31,891 INFO: Shard ID None has successfully RESUMED session 7119a07d16d21654b5aa94a568091603 under trace ["gateway-prd-main-07sb",{"micros":8177,"calls":["id_created",{"micros":0,"calls":[]},"session_lookup_time",{"micros":4363,"calls":[]},"session_lookup_finished",{"micros":16,"calls":[]},"discord-sessions-blue-prd-2-38",{"micros":21}]}].
2022-09-01 23:01:42,967 INFO: Got a request to RESUME the websocket.
2022-09-01 23:01:43,171 INFO: Shard ID None has sent the RESUME payload.
2022-09-01 23:01:43,213 INFO: Shard ID None has successfully RESUMED session 7119a07d16d21654b5aa94a568091603 under trace ["gateway-prd-main-n97l",{"micros":579,"calls":["id_created",{"micros":0,"calls":[]},"session_lookup_time",{"micros":272,"calls":[]},"session_lookup_finished",{"micros":9,"calls":[]},"discord-sessions-blue-prd-2-38",{"micros":17}]}].
2022-09-01 23:55:27,026 INFO: Got a request to RESUME the websocket.
2022-09-01 23:55:27,285 INFO: Shard ID None has sent the RESUME payload.
2022-09-01 23:55:27,354 INFO: Shard ID None has successfully RESUMED session 7119a07d16d21654b5aa94a568091603 under trace ["gateway-prd-main-tbph",{"micros":23999,"calls":["id_created",{"micros":0,"calls":[]},"session_lookup_time",{"micros":6154,"calls":[]},"session_lookup_finished",{"micros":11,"calls":[]},"discord-sessions-blue-prd-2-38",{"micros":21}]}].
2022-09-02 00:14:11,505 INFO: Got a request to RESUME the websocket.
2022-09-02 00:14:11,681 INFO: Shard ID None has sent the RESUME payload.
2022-09-02 00:14:11,726 INFO: Shard ID None has successfully RESUMED session 7119a07d16d21654b5aa94a568091603 under trace ["gateway-prd-main-bt69",{"micros":1693,"calls":["id_created",{"micros":0,"calls":[]},"session_lookup_time",{"micros":1350,"calls":[]},"session_lookup_finished",{"micros":58,"calls":[]},"discord-sessions-blue-prd-2-38",{"micros":18}]}].
2022-09-02 02:57:40,219 INFO: Got a request to RESUME the websocket.
2022-09-02 02:57:40,406 INFO: Shard ID None has sent the RESUME payload.
2022-09-02 02:57:40,446 INFO: Shard ID None has successfully RESUMED session 7119a07d16d21654b5aa94a568091603 under trace ["gateway-prd-main-qb3d",{"micros":556,"calls":["id_created",{"micros":0,"calls":[]},"session_lookup_time",{"micros":297,"calls":[]},"session_lookup_finished",{"micros":11,"calls":[]},"discord-sessions-blue-prd-2-38",{"micros":21}]}].
2022-09-02 05:59:11,616 INFO: Got a request to RESUME the websocket.
2022-09-02 05:59:11,772 INFO: Shard ID None has sent the RESUME payload.
2022-09-02 05:59:11,812 INFO: Shard ID None has successfully RESUMED session 7119a07d16d21654b5aa94a568091603 under trace ["gateway-prd-main-v6cv",{"micros":548,"calls":["id_created",{"micros":0,"calls":[]},"session_lookup_time",{"micros":227,"calls":[]},"session_lookup_finished",{"micros":16,"calls":[]},"discord-sessions-blue-prd-2-38",{"micros":20}]}].
