2022-11-09 17:34:03,817 INFO: logging in using static token
2022-11-09 17:34:04,403 INFO: Shard ID None has connected to Gateway (Session ID: 054be0b3ee35e0b822a86ee6a5174026).
2022-11-09 17:34:06,408 INFO: 目前登入身份：神奇海螺#3847
2022-11-09 17:48:28,200 INFO: logging in using static token
2022-11-09 17:48:28,730 INFO: Shard ID None has connected to Gateway (Session ID: 441cf88fa337aa2dbc33562475b9399d).
2022-11-09 17:48:30,734 INFO: 目前登入身份：神奇海螺#3847
2022-11-09 18:24:55,507 INFO: logging in using static token
2022-11-09 18:24:56,111 INFO: Shard ID None has connected to Gateway (Session ID: 2c4cd0d36ce6cf18a9fab0508cb8c962).
2022-11-09 18:24:58,193 INFO: 目前登入身份：神奇海螺#3847
2022-11-09 18:43:43,740 INFO: Shard ID None has successfully RESUMED session 2c4cd0d36ce6cf18a9fab0508cb8c962.
2022-11-09 19:11:14,183 INFO: Shard ID None has successfully RESUMED session 2c4cd0d36ce6cf18a9fab0508cb8c962.
2022-11-09 19:36:40,876 INFO: Shard ID None has successfully RESUMED session 2c4cd0d36ce6cf18a9fab0508cb8c962.
2022-11-09 19:46:51,421 INFO: logging in using static token
2022-11-09 19:46:51,890 INFO: Shard ID None has connected to Gateway (Session ID: 57a5ab27ab752bf37159d16550177837).
2022-11-09 19:46:53,912 INFO: 目前登入身份：神奇海螺#3847
2022-11-09 20:01:08,805 INFO: logging in using static token
2022-11-09 20:01:09,486 INFO: Shard ID None has connected to Gateway (Session ID: 517991f26455306aa11ae514bdcd698a).
2022-11-09 20:01:11,510 INFO: 目前登入身份：神奇海螺#3847
2022-11-09 20:47:51,602 INFO: Shard ID None has successfully RESUMED session 517991f26455306aa11ae514bdcd698a.
2022-11-09 21:36:43,317 INFO: logging in using static token
2022-11-09 21:36:43,910 INFO: Shard ID None has connected to Gateway (Session ID: 2f4263f8fbbdb8ff9c99077a04ae511a).
2022-11-09 21:36:45,915 INFO: 目前登入身份：神奇海螺#3847
2022-11-09 22:18:09,341 INFO: Shard ID None has successfully RESUMED session 2f4263f8fbbdb8ff9c99077a04ae511a.
2022-11-09 22:52:43,014 INFO: Shard ID None has successfully RESUMED session 2f4263f8fbbdb8ff9c99077a04ae511a.
2022-11-10 00:04:59,318 INFO: logging in using static token
2022-11-10 00:05:00,007 INFO: Shard ID None has connected to Gateway (Session ID: ccdb77b294b462e7d92de17b4bc13c1c).
2022-11-10 00:05:02,042 INFO: 目前登入身份：神奇海螺#3847
2022-11-10 00:39:32,797 INFO: logging in using static token
2022-11-10 00:39:33,432 INFO: Shard ID None has connected to Gateway (Session ID: b1b7a40fe7edd1e69e5ea33a5908fb71).
2022-11-10 00:39:35,437 INFO: 目前登入身份：神奇海螺#3847
2022-11-10 01:42:08,794 INFO: Shard ID None has successfully RESUMED session b1b7a40fe7edd1e69e5ea33a5908fb71.
2022-11-10 02:52:33,225 INFO: Shard ID None has successfully RESUMED session b1b7a40fe7edd1e69e5ea33a5908fb71.
2022-11-10 04:09:19,336 INFO: Shard ID None has successfully RESUMED session b1b7a40fe7edd1e69e5ea33a5908fb71.
2022-11-10 05:05:30,700 INFO: Shard ID None has successfully RESUMED session b1b7a40fe7edd1e69e5ea33a5908fb71.
2022-11-10 06:59:57,409 INFO: Shard ID None has successfully RESUMED session b1b7a40fe7edd1e69e5ea33a5908fb71.
2022-11-10 07:13:49,887 INFO: logging in using static token
2022-11-10 07:13:50,571 INFO: Shard ID None has connected to Gateway (Session ID: 28d1f65414f0be709d77b0774b7ccdb0).
2022-11-10 07:13:52,575 INFO: 目前登入身份：神奇海螺#3847
2022-11-10 07:14:34,475 INFO: 1 in test[一般]
2022-11-10 07:14:34,595 INFO: Connecting to voice...
2022-11-10 07:14:34,595 INFO: Starting voice handshake... (connection attempt 1)
2022-11-10 07:14:34,913 INFO: Voice handshake complete. Endpoint found hongkong10002.discord.media
2022-11-10 07:14:38,019 INFO: ffmpeg process 10159 successfully terminated with return code of 0.
2022-11-10 07:14:40,663 INFO: ffmpeg process 10173 successfully terminated with return code of 0.
2022-11-10 07:14:41,670 INFO: The voice handshake is being terminated for Channel ID 876364970638585882 (Guild ID 876364969904578591)
2022-11-10 07:14:41,670 INFO: Disconnecting from voice normally, close code 1000.
2022-11-10 07:39:56,508 INFO: 1 out test[一般]
2022-11-10 07:39:56,508 INFO: Connecting to voice...
2022-11-10 07:39:56,508 INFO: Starting voice handshake... (connection attempt 1)
2022-11-10 07:39:56,711 INFO: Voice handshake complete. Endpoint found oregon10001.discord.media
2022-11-10 07:39:58,235 INFO: ffmpeg process 11686 successfully terminated with return code of 0.
2022-11-10 07:39:59,261 INFO: The voice handshake is being terminated for Channel ID 876364970638585882 (Guild ID 876364969904578591)
2022-11-10 07:39:59,262 INFO: Disconnecting from voice normally, close code 1000.
2022-11-10 07:49:02,726 INFO: 1 in test[一般]
2022-11-10 07:49:02,787 INFO: Connecting to voice...
2022-11-10 07:49:02,787 INFO: Starting voice handshake... (connection attempt 1)
2022-11-10 07:49:03,459 INFO: Voice handshake complete. Endpoint found hongkong4316.discord.media
2022-11-10 07:49:03,684 ERROR: Exception occurred during Voice Protocol voice server update handler
Traceback (most recent call last):
  File "/opt/virtualenvs/python3/lib/python3.8/site-packages/discord/state.py", line 157, in logging_coroutine
    await coroutine
  File "/opt/virtualenvs/python3/lib/python3.8/site-packages/discord/voice_client.py", line 337, in on_voice_server_update
    await self.ws.close(4000)
AttributeError: '_MissingSentinel' object has no attribute 'close'
2022-11-10 07:49:06,060 INFO: ffmpeg process 11714 successfully terminated with return code of 0.
2022-11-10 07:49:08,715 INFO: ffmpeg process 11728 successfully terminated with return code of 0.
2022-11-10 07:49:09,720 INFO: The voice handshake is being terminated for Channel ID 876364970638585882 (Guild ID 876364969904578591)
2022-11-10 07:49:09,721 INFO: Disconnecting from voice normally, close code 1000.
2022-11-10 08:33:45,915 INFO: Shard ID None has successfully RESUMED session 28d1f65414f0be709d77b0774b7ccdb0.
2022-11-10 08:56:37,668 INFO: Shard ID None has successfully RESUMED session 28d1f65414f0be709d77b0774b7ccdb0.
2022-11-10 10:19:07,313 INFO: Shard ID None has successfully RESUMED session 28d1f65414f0be709d77b0774b7ccdb0.
2022-11-10 10:32:52,720 INFO: Shard ID None has successfully RESUMED session 28d1f65414f0be709d77b0774b7ccdb0.
2022-11-10 11:23:47,516 INFO: Shard ID None has successfully RESUMED session 28d1f65414f0be709d77b0774b7ccdb0.
2022-11-10 12:15:47,912 INFO: Shard ID None has successfully RESUMED session 28d1f65414f0be709d77b0774b7ccdb0.
2022-11-10 13:08:35,687 INFO: Shard ID None has successfully RESUMED session 28d1f65414f0be709d77b0774b7ccdb0.
2022-11-10 13:34:36,676 INFO: 1 out test[一般]
2022-11-10 13:34:36,677 INFO: Connecting to voice...
2022-11-10 13:34:36,677 INFO: Starting voice handshake... (connection attempt 1)
2022-11-10 13:34:36,892 INFO: Voice handshake complete. Endpoint found oregon10001.discord.media
2022-11-10 13:34:38,562 INFO: ffmpeg process 15919 successfully terminated with return code of 0.
2022-11-10 13:34:39,589 INFO: The voice handshake is being terminated for Channel ID 876364970638585882 (Guild ID 876364969904578591)
2022-11-10 13:34:39,590 INFO: Disconnecting from voice normally, close code 1000.
2022-11-10 14:20:47,168 INFO: Shard ID None has successfully RESUMED session 28d1f65414f0be709d77b0774b7ccdb0.
2022-11-10 14:23:08,759 INFO: BunnyplayGG in 9又4分之8.7月台[打不出幹話就講出來啊]
2022-11-10 14:23:08,880 INFO: Connecting to voice...
2022-11-10 14:23:08,880 INFO: Starting voice handshake... (connection attempt 1)
2022-11-10 14:23:09,204 INFO: Voice handshake complete. Endpoint found hongkong4252.discord.media
2022-11-10 14:23:12,115 INFO: ffmpeg process 16020 successfully terminated with return code of 0.
2022-11-10 14:23:14,570 INFO: ffmpeg process 16030 successfully terminated with return code of 0.
2022-11-10 14:23:15,574 INFO: The voice handshake is being terminated for Channel ID 428109526550708238 (Guild ID 428109526550708234)
2022-11-10 14:23:15,575 INFO: Disconnecting from voice normally, close code 1000.
2022-11-10 14:39:05,384 INFO: Fiven-chung in 9又4分之8.7月台[打不出幹話就講出來啊]
2022-11-10 14:39:05,505 INFO: Connecting to voice...
2022-11-10 14:39:05,505 INFO: Starting voice handshake... (connection attempt 1)
2022-11-10 14:39:05,829 INFO: Voice handshake complete. Endpoint found hongkong4252.discord.media
2022-11-10 14:39:08,755 INFO: ffmpeg process 16078 successfully terminated with return code of 0.
2022-11-10 14:39:11,413 INFO: ffmpeg process 16088 successfully terminated with return code of 0.
2022-11-10 14:39:12,419 INFO: The voice handshake is being terminated for Channel ID 428109526550708238 (Guild ID 428109526550708234)
2022-11-10 14:39:12,420 INFO: Disconnecting from voice normally, close code 1000.
2022-11-10 14:40:27,397 INFO: 貓嗷嗚飄飄大仙 in 9又4分之8.7月台[打不出幹話就講出來啊]
2022-11-10 14:40:27,515 INFO: Connecting to voice...
2022-11-10 14:40:27,515 INFO: Starting voice handshake... (connection attempt 1)
2022-11-10 14:40:27,856 INFO: Voice handshake complete. Endpoint found hongkong4252.discord.media
2022-11-10 14:40:32,125 INFO: ffmpeg process 16099 successfully terminated with return code of 0.
2022-11-10 14:40:35,083 INFO: ffmpeg process 16109 successfully terminated with return code of 0.
2022-11-10 14:40:36,130 INFO: The voice handshake is being terminated for Channel ID 428109526550708238 (Guild ID 428109526550708234)
2022-11-10 14:40:36,131 INFO: Disconnecting from voice normally, close code 1000.
2022-11-10 14:41:20,904 INFO: Fiven-chung out 9又4分之8.7月台[打不出幹話就講出來啊]
2022-11-10 14:41:20,905 INFO: Connecting to voice...
2022-11-10 14:41:20,905 INFO: Starting voice handshake... (connection attempt 1)
2022-11-10 14:41:21,309 INFO: Voice handshake complete. Endpoint found hongkong4252.discord.media
2022-11-10 14:41:24,287 INFO: ffmpeg process 16120 successfully terminated with return code of 0.
2022-11-10 14:41:25,376 INFO: The voice handshake is being terminated for Channel ID 428109526550708238 (Guild ID 428109526550708234)
2022-11-10 14:41:25,377 INFO: Disconnecting from voice normally, close code 1000.
2022-11-10 14:41:26,401 INFO: Fiven-chung in 9又4分之8.7月台[打不出幹話就講出來啊]
2022-11-10 14:41:26,579 INFO: Connecting to voice...
2022-11-10 14:41:26,579 INFO: Starting voice handshake... (connection attempt 1)
2022-11-10 14:41:26,918 INFO: Voice handshake complete. Endpoint found hongkong4252.discord.media
2022-11-10 14:41:29,812 INFO: ffmpeg process 16131 successfully terminated with return code of 0.
2022-11-10 14:41:32,127 INFO: ffmpeg process 16141 successfully terminated with return code of 0.
2022-11-10 14:41:33,173 INFO: The voice handshake is being terminated for Channel ID 428109526550708238 (Guild ID 428109526550708234)
2022-11-10 14:41:33,174 INFO: Disconnecting from voice normally, close code 1000.
2022-11-10 15:25:56,645 INFO: Shard ID None has successfully RESUMED session 28d1f65414f0be709d77b0774b7ccdb0.
2022-11-10 15:45:19,988 INFO: Chi in 9又4分之8.7月台[打不出幹話就講出來啊]
2022-11-10 15:45:20,183 INFO: Connecting to voice...
2022-11-10 15:45:20,183 INFO: Starting voice handshake... (connection attempt 1)
2022-11-10 15:45:20,542 INFO: Voice handshake complete. Endpoint found hongkong4252.discord.media
2022-11-10 15:45:23,761 INFO: ffmpeg process 16258 successfully terminated with return code of 0.
2022-11-10 15:45:26,446 INFO: ffmpeg process 16268 successfully terminated with return code of 0.
2022-11-10 15:45:27,519 INFO: The voice handshake is being terminated for Channel ID 428109526550708238 (Guild ID 428109526550708234)
2022-11-10 15:45:27,519 INFO: Disconnecting from voice normally, close code 1000.
2022-11-10 15:54:23,520 INFO: SparkleZ in 9又4分之8.7月台[打不出幹話就講出來啊]
2022-11-10 15:54:23,687 INFO: Connecting to voice...
2022-11-10 15:54:23,688 INFO: Starting voice handshake... (connection attempt 1)
2022-11-10 15:54:24,015 INFO: Voice handshake complete. Endpoint found hongkong4252.discord.media
2022-11-10 15:54:27,573 INFO: ffmpeg process 16789 successfully terminated with return code of 0.
2022-11-10 15:54:29,853 INFO: ffmpeg process 16802 successfully terminated with return code of 0.
2022-11-10 15:54:30,898 INFO: The voice handshake is being terminated for Channel ID 428109526550708238 (Guild ID 428109526550708234)
2022-11-10 15:54:30,899 INFO: Disconnecting from voice normally, close code 1000.
2022-11-10 16:10:16,316 INFO: Shard ID None has successfully RESUMED session 28d1f65414f0be709d77b0774b7ccdb0.
2022-11-10 16:29:19,934 INFO: Shard ID None has successfully RESUMED session 28d1f65414f0be709d77b0774b7ccdb0.
2022-11-10 16:45:54,480 INFO: BunnyplayGG out 9又4分之8.7月台[打不出幹話就講出來啊]
2022-11-10 16:45:54,481 INFO: Connecting to voice...
2022-11-10 16:45:54,481 INFO: Starting voice handshake... (connection attempt 1)
2022-11-10 16:45:54,817 INFO: Voice handshake complete. Endpoint found hongkong4252.discord.media
2022-11-10 16:45:58,247 INFO: ffmpeg process 20007 successfully terminated with return code of 0.
2022-11-10 16:45:59,296 INFO: The voice handshake is being terminated for Channel ID 428109526550708238 (Guild ID 428109526550708234)
2022-11-10 16:45:59,297 INFO: Disconnecting from voice normally, close code 1000.
2022-11-10 16:53:02,868 INFO: Shard ID None has successfully RESUMED session 28d1f65414f0be709d77b0774b7ccdb0.
2022-11-10 17:01:09,718 INFO: Chi out 9又4分之8.7月台[打不出幹話就講出來啊]
2022-11-10 17:01:09,719 INFO: Connecting to voice...
2022-11-10 17:01:09,719 INFO: Starting voice handshake... (connection attempt 1)
2022-11-10 17:01:10,070 INFO: Voice handshake complete. Endpoint found hongkong4252.discord.media
2022-11-10 17:01:12,679 INFO: ffmpeg process 20229 successfully terminated with return code of 0.
2022-11-10 17:01:13,724 INFO: The voice handshake is being terminated for Channel ID 428109526550708238 (Guild ID 428109526550708234)
2022-11-10 17:01:13,725 INFO: Disconnecting from voice normally, close code 1000.
2022-11-10 17:01:29,935 INFO: Fiven-chung out 9又4分之8.7月台[打不出幹話就講出來啊]
2022-11-10 17:01:29,935 INFO: Connecting to voice...
2022-11-10 17:01:29,935 INFO: Starting voice handshake... (connection attempt 1)
2022-11-10 17:01:30,364 INFO: Voice handshake complete. Endpoint found hongkong4252.discord.media
2022-11-10 17:01:33,351 INFO: ffmpeg process 20240 successfully terminated with return code of 0.
2022-11-10 17:01:34,437 INFO: The voice handshake is being terminated for Channel ID 428109526550708238 (Guild ID 428109526550708234)
2022-11-10 17:01:34,437 INFO: Disconnecting from voice normally, close code 1000.
2022-11-10 17:19:18,204 INFO: SparkleZ out 9又4分之8.7月台[打不出幹話就講出來啊]
2022-11-10 17:19:18,204 INFO: Connecting to voice...
2022-11-10 17:19:18,204 INFO: Starting voice handshake... (connection attempt 1)
2022-11-10 17:19:19,254 INFO: Voice handshake complete. Endpoint found hongkong4252.discord.media
2022-11-10 17:19:22,274 INFO: ffmpeg process 20286 successfully terminated with return code of 0.
2022-11-10 17:19:23,302 INFO: The voice handshake is being terminated for Channel ID 428109526550708238 (Guild ID 428109526550708234)
2022-11-10 17:19:23,302 INFO: Disconnecting from voice normally, close code 1000.
2022-11-10 17:20:48,569 INFO: SparkleZ in 9又4分之8.7月台[打不出幹話就講出來啊]
2022-11-10 17:20:48,699 INFO: Connecting to voice...
2022-11-10 17:20:48,699 INFO: Starting voice handshake... (connection attempt 1)
2022-11-10 17:20:49,023 INFO: Voice handshake complete. Endpoint found hongkong4252.discord.media
2022-11-10 17:20:52,090 INFO: ffmpeg process 20297 successfully terminated with return code of 0.
2022-11-10 17:20:54,285 INFO: ffmpeg process 20307 successfully terminated with return code of 0.
2022-11-10 17:20:55,331 INFO: The voice handshake is being terminated for Channel ID 428109526550708238 (Guild ID 428109526550708234)
2022-11-10 17:20:55,332 INFO: Disconnecting from voice normally, close code 1000.
2022-11-10 18:06:34,848 INFO: Shard ID None has successfully RESUMED session 28d1f65414f0be709d77b0774b7ccdb0.
2022-11-10 18:54:58,919 INFO: SparkleZ out 9又4分之8.7月台[打不出幹話就講出來啊]
2022-11-10 18:54:58,920 INFO: Connecting to voice...
2022-11-10 18:54:58,920 INFO: Starting voice handshake... (connection attempt 1)
2022-11-10 18:54:59,245 INFO: Voice handshake complete. Endpoint found hongkong4252.discord.media
2022-11-10 18:55:02,290 INFO: ffmpeg process 20461 successfully terminated with return code of 0.
2022-11-10 18:55:03,250 INFO: 貓嗷嗚飄飄大仙 out 9又4分之8.7月台[打不出幹話就講出來啊]
2022-11-10 18:55:05,870 INFO: ffmpeg process 20471 successfully terminated with return code of 0.
2022-11-10 18:55:06,954 INFO: The voice handshake is being terminated for Channel ID 428109526550708238 (Guild ID 428109526550708234)
2022-11-10 18:55:06,954 INFO: Disconnecting from voice normally, close code 1000.
2022-11-10 19:23:25,388 INFO: Shard ID None has successfully RESUMED session 28d1f65414f0be709d77b0774b7ccdb0.
