2022-11-09 05:26:04,463 INFO: logging in using static token
2022-11-09 05:26:05,324 INFO: Shard ID None has connected to Gateway (Session ID: 5e84fb127f762d2a27d1369cf7c3f585).
2022-11-09 05:26:07,369 INFO: 目前登入身份：神奇海螺#3847
2022-11-09 07:51:46,484 INFO: logging in using static token
2022-11-09 07:51:46,867 INFO: Shard ID None has connected to Gateway (Session ID: 7ced08506aa1c0269bc4a73b874ae789).
2022-11-09 07:51:48,872 INFO: 目前登入身份：神奇海螺#3847
2022-11-09 10:05:09,638 INFO: Shard ID None has successfully RESUMED session 7ced08506aa1c0269bc4a73b874ae789.
2022-11-09 11:45:19,776 INFO: Shard ID None has successfully RESUMED session 7ced08506aa1c0269bc4a73b874ae789.
2022-11-09 14:08:31,504 INFO: 神奇海螺 in 9又4分之8.7月台[123是什麼敷衍的名字]
2022-11-09 14:08:31,545 INFO: Connecting to voice...
2022-11-09 14:08:31,545 INFO: Starting voice handshake... (connection attempt 1)
2022-11-09 14:08:31,646 INFO: Voice handshake complete. Endpoint found hongkong2591.discord.media
2022-11-09 14:08:31,846 ERROR: Exception occurred during Voice Protocol voice server update handler
Traceback (most recent call last):
  File "/opt/virtualenvs/python3/lib/python3.8/site-packages/discord/state.py", line 157, in logging_coroutine
    await coroutine
  File "/opt/virtualenvs/python3/lib/python3.8/site-packages/discord/voice_client.py", line 337, in on_voice_server_update
    await self.ws.close(4000)
AttributeError: '_MissingSentinel' object has no attribute 'close'
2022-11-09 14:08:35,522 INFO: ffmpeg process 759 successfully terminated with return code of 0.
2022-11-09 14:08:43,977 INFO: ffmpeg process 770 successfully terminated with return code of 0.
2022-11-09 14:08:45,036 INFO: The voice handshake is being terminated for Channel ID 728631391809437746 (Guild ID 428109526550708234)
2022-11-09 14:08:45,037 INFO: Disconnecting from voice normally, close code 1000.
2022-11-09 14:08:56,416 INFO: MaiMai的Pool in 9又4分之8.7月台[123是什麼敷衍的名字]
2022-11-09 14:08:56,455 INFO: Connecting to voice...
2022-11-09 14:08:56,456 INFO: Starting voice handshake... (connection attempt 1)
2022-11-09 14:08:56,833 INFO: Voice handshake complete. Endpoint found hongkong2591.discord.media
2022-11-09 14:08:58,931 INFO: wawa的n in 9又4分之8.7月台[123是什麼敷衍的名字]
2022-11-09 14:09:00,684 INFO: ffmpeg process 781 successfully terminated with return code of 0.
2022-11-09 14:09:02,819 INFO: ffmpeg process 791 successfully terminated with return code of 0.
2022-11-09 14:09:05,971 INFO: ffmpeg process 801 successfully terminated with return code of 0.
2022-11-09 14:09:08,207 INFO: ffmpeg process 811 successfully terminated with return code of 0.
2022-11-09 14:09:09,251 INFO: The voice handshake is being terminated for Channel ID 728631391809437746 (Guild ID 428109526550708234)
2022-11-09 14:09:09,252 INFO: Disconnecting from voice normally, close code 1000.
2022-11-09 14:09:37,479 INFO: WeIrdnA in 9又4分之8.7月台[123是什麼敷衍的名字]
2022-11-09 14:09:37,518 INFO: Connecting to voice...
2022-11-09 14:09:37,518 INFO: Starting voice handshake... (connection attempt 1)
2022-11-09 14:09:37,900 INFO: Voice handshake complete. Endpoint found hongkong2591.discord.media
2022-11-09 14:09:41,618 INFO: ffmpeg process 822 successfully terminated with return code of 0.
2022-11-09 14:09:43,696 INFO: ffmpeg process 832 successfully terminated with return code of 0.
2022-11-09 14:09:44,742 INFO: The voice handshake is being terminated for Channel ID 728631391809437746 (Guild ID 428109526550708234)
2022-11-09 14:09:44,743 INFO: Disconnecting from voice normally, close code 1000.
2022-11-09 14:13:28,856 INFO: Shard ID None has successfully RESUMED session 7ced08506aa1c0269bc4a73b874ae789.
2022-11-09 14:38:50,594 INFO: Connecting to voice...
2022-11-09 14:38:50,595 INFO: Starting voice handshake... (connection attempt 1)
2022-11-09 14:38:50,784 INFO: Voice handshake complete. Endpoint found hongkong1029.discord.media
2022-11-09 14:38:51,041 ERROR: Exception occurred during Voice Protocol voice server update handler
Traceback (most recent call last):
  File "/opt/virtualenvs/python3/lib/python3.8/site-packages/discord/state.py", line 157, in logging_coroutine
    await coroutine
  File "/opt/virtualenvs/python3/lib/python3.8/site-packages/discord/voice_client.py", line 337, in on_voice_server_update
    await self.ws.close(4000)
AttributeError: '_MissingSentinel' object has no attribute 'close'
2022-11-09 14:38:52,352 INFO: ffmpeg process 914 successfully terminated with return code of 1.
2022-11-09 14:38:53,844 INFO: BunnyplayGG in 9又4分之8.7月台[123是什麼敷衍的名字]
2022-11-09 14:38:54,295 INFO: The voice handshake is being terminated for Channel ID 1039911953180667998 (Guild ID 428109526550708234)
2022-11-09 14:38:54,295 INFO: Connecting to voice...
2022-11-09 14:38:54,296 INFO: Starting voice handshake... (connection attempt 1)
2022-11-09 14:38:54,296 INFO: Disconnecting from voice normally, close code 1000.
2022-11-09 14:38:54,576 INFO: Voice handshake complete. Endpoint found hongkong2591.discord.media
2022-11-09 14:38:57,911 INFO: ffmpeg process 917 successfully terminated with return code of 0.
2022-11-09 14:39:00,065 INFO: ffmpeg process 927 successfully terminated with return code of 0.
2022-11-09 14:39:01,068 INFO: The voice handshake is being terminated for Channel ID 728631391809437746 (Guild ID 428109526550708234)
2022-11-09 14:39:01,069 INFO: Disconnecting from voice normally, close code 1000.
2022-11-09 15:10:07,635 INFO: louiskkk28 in 9又4分之8.7月台[123是什麼敷衍的名字]
2022-11-09 15:10:07,738 INFO: Connecting to voice...
2022-11-09 15:10:07,738 INFO: Starting voice handshake... (connection attempt 1)
2022-11-09 15:10:08,032 INFO: Voice handshake complete. Endpoint found hongkong2591.discord.media
2022-11-09 15:10:13,547 INFO: ffmpeg process 990 successfully terminated with return code of 0.
2022-11-09 15:10:15,592 INFO: ffmpeg process 1000 successfully terminated with return code of 0.
2022-11-09 15:10:16,614 INFO: The voice handshake is being terminated for Channel ID 728631391809437746 (Guild ID 428109526550708234)
2022-11-09 15:10:16,614 INFO: Disconnecting from voice normally, close code 1000.
2022-11-09 15:38:15,382 INFO: Fiven-chung in 9又4分之8.7月台[123是什麼敷衍的名字]
2022-11-09 15:38:15,518 INFO: Connecting to voice...
2022-11-09 15:38:15,518 INFO: Starting voice handshake... (connection attempt 1)
2022-11-09 15:38:15,803 INFO: Voice handshake complete. Endpoint found hongkong2591.discord.media
2022-11-09 15:38:19,749 INFO: ffmpeg process 1046 successfully terminated with return code of 0.
2022-11-09 15:38:22,347 INFO: ffmpeg process 1056 successfully terminated with return code of 0.
2022-11-09 15:38:23,394 INFO: The voice handshake is being terminated for Channel ID 728631391809437746 (Guild ID 428109526550708234)
2022-11-09 15:38:23,395 INFO: Disconnecting from voice normally, close code 1000.
2022-11-09 15:42:13,775 INFO: Chi in 9又4分之8.7月台[123是什麼敷衍的名字]
2022-11-09 15:42:13,852 INFO: Connecting to voice...
2022-11-09 15:42:13,852 INFO: Starting voice handshake... (connection attempt 1)
2022-11-09 15:42:14,162 INFO: Voice handshake complete. Endpoint found hongkong2591.discord.media
2022-11-09 15:42:17,414 INFO: ffmpeg process 1084 successfully terminated with return code of 0.
2022-11-09 15:42:19,754 INFO: ffmpeg process 1094 successfully terminated with return code of 0.
2022-11-09 15:42:20,779 INFO: The voice handshake is being terminated for Channel ID 728631391809437746 (Guild ID 428109526550708234)
2022-11-09 15:42:20,780 INFO: Disconnecting from voice normally, close code 1000.
2022-11-09 15:43:03,530 INFO: Chi out 9又4分之8.7月台[123是什麼敷衍的名字]
2022-11-09 15:43:03,531 INFO: Connecting to voice...
2022-11-09 15:43:03,531 INFO: Starting voice handshake... (connection attempt 1)
2022-11-09 15:43:03,948 INFO: Voice handshake complete. Endpoint found hongkong2591.discord.media
2022-11-09 15:43:07,117 INFO: ffmpeg process 1105 successfully terminated with return code of 0.
2022-11-09 15:43:08,164 INFO: The voice handshake is being terminated for Channel ID 728631391809437746 (Guild ID 428109526550708234)
2022-11-09 15:43:08,164 INFO: Disconnecting from voice normally, close code 1000.
2022-11-09 15:43:17,354 INFO: Chi in 9又4分之8.7月台[123是什麼敷衍的名字]
2022-11-09 15:43:17,497 INFO: Connecting to voice...
2022-11-09 15:43:17,498 INFO: Starting voice handshake... (connection attempt 1)
2022-11-09 15:43:17,803 INFO: Voice handshake complete. Endpoint found hongkong2591.discord.media
2022-11-09 15:43:20,996 INFO: ffmpeg process 1116 successfully terminated with return code of 0.
2022-11-09 15:43:23,311 INFO: ffmpeg process 1126 successfully terminated with return code of 0.
2022-11-09 15:43:24,355 INFO: The voice handshake is being terminated for Channel ID 728631391809437746 (Guild ID 428109526550708234)
2022-11-09 15:43:24,356 INFO: Disconnecting from voice normally, close code 1000.
2022-11-09 15:43:40,361 INFO: Chi out 9又4分之8.7月台[123是什麼敷衍的名字]
2022-11-09 15:43:40,362 INFO: Connecting to voice...
2022-11-09 15:43:40,362 INFO: Starting voice handshake... (connection attempt 1)
2022-11-09 15:43:40,796 INFO: Voice handshake complete. Endpoint found hongkong2591.discord.media
2022-11-09 15:43:43,960 INFO: ffmpeg process 1137 successfully terminated with return code of 0.
2022-11-09 15:43:45,011 INFO: The voice handshake is being terminated for Channel ID 728631391809437746 (Guild ID 428109526550708234)
2022-11-09 15:43:45,012 INFO: Disconnecting from voice normally, close code 1000.
2022-11-09 15:46:58,298 INFO: 1 in test[一般]
2022-11-09 15:46:58,336 INFO: Connecting to voice...
2022-11-09 15:46:58,337 INFO: Starting voice handshake... (connection attempt 1)
2022-11-09 15:46:58,418 INFO: Voice handshake complete. Endpoint found hongkong145.discord.media
2022-11-09 15:46:58,639 ERROR: Exception occurred during Voice Protocol voice server update handler
Traceback (most recent call last):
  File "/opt/virtualenvs/python3/lib/python3.8/site-packages/discord/state.py", line 157, in logging_coroutine
    await coroutine
  File "/opt/virtualenvs/python3/lib/python3.8/site-packages/discord/voice_client.py", line 337, in on_voice_server_update
    await self.ws.close(4000)
AttributeError: '_MissingSentinel' object has no attribute 'close'
2022-11-09 15:47:02,023 INFO: ffmpeg process 1148 successfully terminated with return code of 0.
2022-11-09 15:47:04,131 INFO: ffmpeg process 1158 successfully terminated with return code of 0.
2022-11-09 15:47:05,173 INFO: The voice handshake is being terminated for Channel ID 876364970638585882 (Guild ID 876364969904578591)
2022-11-09 15:47:05,174 INFO: Disconnecting from voice normally, close code 1000.
2022-11-09 15:47:14,934 INFO: 1 out test[一般]
2022-11-09 15:47:14,935 INFO: Connecting to voice...
2022-11-09 15:47:14,935 INFO: Starting voice handshake... (connection attempt 1)
2022-11-09 15:47:15,045 INFO: Voice handshake complete. Endpoint found atlanta2155.discord.media
2022-11-09 15:47:16,611 INFO: ffmpeg process 1169 successfully terminated with return code of 0.
2022-11-09 15:47:17,638 INFO: The voice handshake is being terminated for Channel ID 876364970638585882 (Guild ID 876364969904578591)
2022-11-09 15:47:17,639 INFO: Disconnecting from voice normally, close code 1000.
2022-11-09 15:47:18,870 INFO: 1 in test[一般]
2022-11-09 15:47:18,950 INFO: Connecting to voice...
2022-11-09 15:47:18,950 INFO: Starting voice handshake... (connection attempt 1)
2022-11-09 15:47:19,076 INFO: Voice handshake complete. Endpoint found hongkong5172.discord.media
2022-11-09 15:47:19,304 ERROR: Exception occurred during Voice Protocol voice server update handler
Traceback (most recent call last):
  File "/opt/virtualenvs/python3/lib/python3.8/site-packages/discord/state.py", line 157, in logging_coroutine
    await coroutine
  File "/opt/virtualenvs/python3/lib/python3.8/site-packages/discord/voice_client.py", line 337, in on_voice_server_update
    await self.ws.close(4000)
AttributeError: '_MissingSentinel' object has no attribute 'close'
2022-11-09 15:47:22,177 INFO: ffmpeg process 1180 successfully terminated with return code of 0.
2022-11-09 15:47:24,657 INFO: ffmpeg process 1190 successfully terminated with return code of 0.
2022-11-09 15:47:25,745 INFO: The voice handshake is being terminated for Channel ID 876364970638585882 (Guild ID 876364969904578591)
2022-11-09 15:47:25,746 INFO: Disconnecting from voice normally, close code 1000.
2022-11-09 15:47:43,500 INFO: 1 out test[一般]
2022-11-09 15:47:43,500 INFO: Connecting to voice...
2022-11-09 15:47:43,500 INFO: Starting voice handshake... (connection attempt 1)
2022-11-09 15:47:43,611 INFO: Voice handshake complete. Endpoint found atlanta647.discord.media
2022-11-09 15:47:45,156 INFO: ffmpeg process 1201 successfully terminated with return code of 0.
2022-11-09 15:47:46,186 INFO: The voice handshake is being terminated for Channel ID 876364970638585882 (Guild ID 876364969904578591)
2022-11-09 15:47:46,187 INFO: Disconnecting from voice normally, close code 1000.
2022-11-09 15:47:51,910 INFO: 1 in test[一般]
2022-11-09 15:47:51,951 INFO: Connecting to voice...
2022-11-09 15:47:51,951 INFO: Starting voice handshake... (connection attempt 1)
2022-11-09 15:47:52,110 INFO: Voice handshake complete. Endpoint found hongkong1658.discord.media
2022-11-09 15:47:52,335 ERROR: Exception occurred during Voice Protocol voice server update handler
Traceback (most recent call last):
  File "/opt/virtualenvs/python3/lib/python3.8/site-packages/discord/state.py", line 157, in logging_coroutine
    await coroutine
  File "/opt/virtualenvs/python3/lib/python3.8/site-packages/discord/voice_client.py", line 337, in on_voice_server_update
    await self.ws.close(4000)
AttributeError: '_MissingSentinel' object has no attribute 'close'
2022-11-09 15:47:55,185 INFO: ffmpeg process 1212 successfully terminated with return code of 0.
2022-11-09 15:47:57,384 INFO: ffmpeg process 1222 successfully terminated with return code of 0.
2022-11-09 15:47:58,446 INFO: The voice handshake is being terminated for Channel ID 876364970638585882 (Guild ID 876364969904578591)
2022-11-09 15:47:58,447 INFO: Disconnecting from voice normally, close code 1000.
2022-11-09 15:48:06,871 INFO: 1 out test[一般]
2022-11-09 15:48:06,871 INFO: Connecting to voice...
2022-11-09 15:48:06,872 INFO: Starting voice handshake... (connection attempt 1)
2022-11-09 15:48:07,004 INFO: Voice handshake complete. Endpoint found atlanta2765.discord.media
2022-11-09 15:48:08,563 INFO: ffmpeg process 1233 successfully terminated with return code of 0.
2022-11-09 15:48:09,598 INFO: The voice handshake is being terminated for Channel ID 876364970638585882 (Guild ID 876364969904578591)
2022-11-09 15:48:09,599 INFO: Disconnecting from voice normally, close code 1000.
2022-11-09 16:32:14,233 INFO: MaiMai的Pool out 9又4分之8.7月台[123是什麼敷衍的名字]
2022-11-09 16:32:14,233 INFO: Connecting to voice...
2022-11-09 16:32:14,234 INFO: Starting voice handshake... (connection attempt 1)
2022-11-09 16:32:14,560 INFO: Voice handshake complete. Endpoint found hongkong2591.discord.media
2022-11-09 16:32:18,255 INFO: ffmpeg process 1332 successfully terminated with return code of 0.
2022-11-09 16:32:19,262 INFO: The voice handshake is being terminated for Channel ID 728631391809437746 (Guild ID 428109526550708234)
2022-11-09 16:32:19,263 INFO: Disconnecting from voice normally, close code 1000.
2022-11-09 16:35:06,967 INFO: Shard ID None has successfully RESUMED session 7ced08506aa1c0269bc4a73b874ae789.
2022-11-09 16:36:54,477 INFO: louiskkk28 out 9又4分之8.7月台[123是什麼敷衍的名字]
2022-11-09 16:36:54,477 INFO: Connecting to voice...
2022-11-09 16:36:54,478 INFO: Starting voice handshake... (connection attempt 1)
2022-11-09 16:36:55,511 INFO: Voice handshake complete. Endpoint found hongkong2591.discord.media
2022-11-09 16:37:00,874 INFO: ffmpeg process 1344 successfully terminated with return code of 0.
2022-11-09 16:37:01,918 INFO: The voice handshake is being terminated for Channel ID 728631391809437746 (Guild ID 428109526550708234)
2022-11-09 16:37:01,919 INFO: Disconnecting from voice normally, close code 1000.
2022-11-09 16:37:45,234 INFO: wawa的n out 9又4分之8.7月台[123是什麼敷衍的名字]
2022-11-09 16:37:45,234 INFO: Connecting to voice...
2022-11-09 16:37:45,235 INFO: Starting voice handshake... (connection attempt 1)
2022-11-09 16:37:45,623 INFO: Voice handshake complete. Endpoint found hongkong2591.discord.media
2022-11-09 16:37:49,149 INFO: ffmpeg process 1355 successfully terminated with return code of 0.
2022-11-09 16:37:50,176 INFO: The voice handshake is being terminated for Channel ID 728631391809437746 (Guild ID 428109526550708234)
2022-11-09 16:37:50,177 INFO: Disconnecting from voice normally, close code 1000.
2022-11-09 16:37:51,102 INFO: WeIrdnA out 9又4分之8.7月台[123是什麼敷衍的名字]
2022-11-09 16:37:51,103 INFO: Connecting to voice...
2022-11-09 16:37:51,104 INFO: Starting voice handshake... (connection attempt 1)
2022-11-09 16:37:51,516 INFO: Voice handshake complete. Endpoint found hongkong2591.discord.media
2022-11-09 16:37:55,025 INFO: ffmpeg process 1366 successfully terminated with return code of 0.
2022-11-09 16:37:55,930 INFO: BunnyplayGG out 9又4分之8.7月台[123是什麼敷衍的名字]
2022-11-09 16:37:58,486 INFO: ffmpeg process 1376 successfully terminated with return code of 0.
2022-11-09 16:37:59,536 INFO: The voice handshake is being terminated for Channel ID 728631391809437746 (Guild ID 428109526550708234)
2022-11-09 16:37:59,537 INFO: Disconnecting from voice normally, close code 1000.
2022-11-09 16:38:01,607 INFO: Fiven-chung out 9又4分之8.7月台[123是什麼敷衍的名字]
2022-11-09 16:38:01,608 INFO: Connecting to voice...
2022-11-09 16:38:01,608 INFO: Starting voice handshake... (connection attempt 1)
2022-11-09 16:38:02,046 INFO: Voice handshake complete. Endpoint found hongkong2591.discord.media
2022-11-09 16:38:05,481 INFO: ffmpeg process 1387 successfully terminated with return code of 0.
2022-11-09 16:38:06,568 INFO: The voice handshake is being terminated for Channel ID 728631391809437746 (Guild ID 428109526550708234)
2022-11-09 16:38:06,569 INFO: Disconnecting from voice normally, close code 1000.
