2022-11-08 03:12:08,384 INFO: logging in using static token
2022-11-08 03:12:08,859 INFO: Shard ID None has connected to Gateway (Session ID: e1c468e8379d48cf2f2a7571121ba55d).
2022-11-08 03:12:11,065 INFO: 目前登入身份：神奇海螺#3847
2022-11-08 03:56:33,191 INFO: Shard ID None has successfully RESUMED session e1c468e8379d48cf2f2a7571121ba55d.
2022-11-08 05:06:56,724 INFO: Shard ID None has successfully RESUMED session e1c468e8379d48cf2f2a7571121ba55d.
2022-11-08 05:45:29,043 INFO: logging in using static token
2022-11-08 05:45:29,668 INFO: Shard ID None has connected to Gateway (Session ID: 529acdfe6a6b96fbe56c92537242a763).
2022-11-08 05:45:31,714 INFO: 目前登入身份：神奇海螺#3847
2022-11-08 08:46:10,136 INFO: Shard ID None has successfully RESUMED session 529acdfe6a6b96fbe56c92537242a763.
2022-11-08 09:54:12,064 INFO: Shard ID None has successfully RESUMED session 529acdfe6a6b96fbe56c92537242a763.
2022-11-08 10:27:09,323 INFO: Shard ID None has successfully RESUMED session 529acdfe6a6b96fbe56c92537242a763.
2022-11-08 11:47:37,542 INFO: Shard ID None has successfully RESUMED session 529acdfe6a6b96fbe56c92537242a763.
2022-11-08 14:10:28,549 INFO: 神奇海螺 in 9又4分之8.7月台[123是什麼敷衍的名字]
2022-11-08 14:10:28,646 INFO: Connecting to voice...
2022-11-08 14:10:28,646 INFO: Starting voice handshake... (connection attempt 1)
2022-11-08 14:10:28,990 INFO: Voice handshake complete. Endpoint found hongkong1626.discord.media
2022-11-08 14:10:32,376 INFO: ffmpeg process 1057 successfully terminated with return code of 0.
2022-11-08 14:10:40,834 INFO: ffmpeg process 1068 successfully terminated with return code of 0.
2022-11-08 14:10:41,883 INFO: The voice handshake is being terminated for Channel ID 728631391809437746 (Guild ID 428109526550708234)
2022-11-08 14:10:41,884 INFO: Disconnecting from voice normally, close code 1000.
2022-11-08 14:23:37,443 INFO: BunnyplayGG in 9又4分之8.7月台[123是什麼敷衍的名字]
2022-11-08 14:23:37,591 INFO: Connecting to voice...
2022-11-08 14:23:37,592 INFO: Starting voice handshake... (connection attempt 1)
2022-11-08 14:23:37,953 INFO: Voice handshake complete. Endpoint found hongkong1626.discord.media
2022-11-08 14:23:40,858 INFO: ffmpeg process 1098 successfully terminated with return code of 0.
2022-11-08 14:23:43,567 INFO: ffmpeg process 1108 successfully terminated with return code of 0.
2022-11-08 14:23:44,643 INFO: The voice handshake is being terminated for Channel ID 728631391809437746 (Guild ID 428109526550708234)
2022-11-08 14:23:44,645 INFO: Disconnecting from voice normally, close code 1000.
2022-11-08 14:27:29,322 INFO: Fiven-chung in 9又4分之8.7月台[123是什麼敷衍的名字]
2022-11-08 14:27:29,486 INFO: Connecting to voice...
2022-11-08 14:27:29,486 INFO: Starting voice handshake... (connection attempt 1)
2022-11-08 14:27:29,824 INFO: Voice handshake complete. Endpoint found hongkong1626.discord.media
2022-11-08 14:27:33,252 INFO: ffmpeg process 1119 successfully terminated with return code of 0.
2022-11-08 14:27:34,755 INFO: ffmpeg process 1129 successfully terminated with return code of 0.
2022-11-08 14:27:36,298 INFO: The voice handshake is being terminated for Channel ID 728631391809437746 (Guild ID 428109526550708234)
2022-11-08 14:27:36,298 INFO: Disconnecting from voice normally, close code 1000.
2022-11-08 14:55:36,516 INFO: Chi in 9又4分之8.7月台[123是什麼敷衍的名字]
2022-11-08 14:55:36,662 INFO: Connecting to voice...
2022-11-08 14:55:36,662 INFO: Starting voice handshake... (connection attempt 1)
2022-11-08 14:55:37,711 INFO: Voice handshake complete. Endpoint found hongkong1626.discord.media
2022-11-08 14:55:40,409 INFO: ffmpeg process 1214 successfully terminated with return code of 0.
2022-11-08 14:55:42,630 INFO: ffmpeg process 1224 successfully terminated with return code of 0.
2022-11-08 14:55:43,674 INFO: The voice handshake is being terminated for Channel ID 728631391809437746 (Guild ID 428109526550708234)
2022-11-08 14:55:43,674 INFO: Disconnecting from voice normally, close code 1000.
2022-11-08 15:05:50,133 INFO: Shard ID None has successfully RESUMED session 529acdfe6a6b96fbe56c92537242a763.
2022-11-08 15:12:38,032 INFO: Chi out 9又4分之8.7月台[123是什麼敷衍的名字]
2022-11-08 15:12:38,032 INFO: Connecting to voice...
2022-11-08 15:12:38,032 INFO: Starting voice handshake... (connection attempt 1)
2022-11-08 15:12:38,361 INFO: Voice handshake complete. Endpoint found hongkong1626.discord.media
2022-11-08 15:12:40,899 INFO: Chi in 9又4分之8.7月台[123是什麼敷衍的名字]
2022-11-08 15:12:40,972 INFO: ffmpeg process 1252 successfully terminated with return code of 0.
2022-11-08 15:12:44,231 INFO: ffmpeg process 1262 successfully terminated with return code of 0.
2022-11-08 15:12:47,627 INFO: ffmpeg process 1272 successfully terminated with return code of 0.
2022-11-08 15:12:48,676 INFO: The voice handshake is being terminated for Channel ID 728631391809437746 (Guild ID 428109526550708234)
2022-11-08 15:12:48,677 INFO: Disconnecting from voice normally, close code 1000.
2022-11-08 15:50:59,371 INFO: Tiger sniffs roses in 9又4分之8.7月台[123是什麼敷衍的名字]
2022-11-08 15:50:59,467 WARNING: 'zh-tw' has been deprecated, falling back to 'zh-TW'. This fallback will be removed in a future version.
2022-11-08 15:51:00,228 INFO: Connecting to voice...
2022-11-08 15:51:00,228 INFO: Starting voice handshake... (connection attempt 1)
2022-11-08 15:51:00,583 INFO: Voice handshake complete. Endpoint found hongkong1626.discord.media
2022-11-08 15:51:04,441 INFO: ffmpeg process 1368 successfully terminated with return code of 0.
2022-11-08 15:51:07,115 INFO: ffmpeg process 1378 successfully terminated with return code of 0.
2022-11-08 15:51:08,188 INFO: The voice handshake is being terminated for Channel ID 728631391809437746 (Guild ID 428109526550708234)
2022-11-08 15:51:08,189 INFO: Disconnecting from voice normally, close code 1000.
2022-11-08 16:32:35,036 INFO: BunnyplayGG out 9又4分之8.7月台[123是什麼敷衍的名字]
2022-11-08 16:32:35,036 INFO: Connecting to voice...
2022-11-08 16:32:35,037 INFO: Starting voice handshake... (connection attempt 1)
2022-11-08 16:32:35,440 INFO: Voice handshake complete. Endpoint found hongkong1626.discord.media
2022-11-08 16:32:39,751 INFO: ffmpeg process 1443 successfully terminated with return code of 0.
2022-11-08 16:32:43,178 INFO: ffmpeg process 1453 successfully terminated with return code of 0.
2022-11-08 16:32:44,227 INFO: The voice handshake is being terminated for Channel ID 728631391809437746 (Guild ID 428109526550708234)
2022-11-08 16:32:44,228 INFO: Disconnecting from voice normally, close code 1000.
2022-11-08 16:32:44,842 INFO: Chi out 9又4分之8.7月台[123是什麼敷衍的名字]
2022-11-08 16:32:44,843 INFO: Connecting to voice...
2022-11-08 16:32:44,843 INFO: Starting voice handshake... (connection attempt 1)
2022-11-08 16:32:45,262 INFO: Voice handshake complete. Endpoint found hongkong1626.discord.media
2022-11-08 16:32:45,663 INFO: Fiven-chung out 9又4分之8.7月台[123是什麼敷衍的名字]
2022-11-08 16:32:47,873 INFO: ffmpeg process 1464 successfully terminated with return code of 0.
2022-11-08 16:32:50,850 INFO: ffmpeg process 1474 successfully terminated with return code of 0.
2022-11-08 16:32:51,956 INFO: The voice handshake is being terminated for Channel ID 728631391809437746 (Guild ID 428109526550708234)
2022-11-08 16:32:51,956 INFO: Disconnecting from voice normally, close code 1000.
2022-11-08 16:32:53,368 INFO: Tiger sniffs roses out 9又4分之8.7月台[123是什麼敷衍的名字]
2022-11-08 16:32:53,903 INFO: Connecting to voice...
2022-11-08 16:32:53,903 INFO: Starting voice handshake... (connection attempt 1)
2022-11-08 16:32:54,075 INFO: Voice handshake complete. Endpoint found oregon10000.discord.media
2022-11-08 16:32:56,818 INFO: ffmpeg process 1514 successfully terminated with return code of 0.
2022-11-08 16:32:57,830 INFO: The voice handshake is being terminated for Channel ID 728631391809437746 (Guild ID 428109526550708234)
2022-11-08 16:32:57,833 INFO: Disconnecting from voice normally, close code 1000.
2022-11-08 17:53:04,262 INFO: Shard ID None has successfully RESUMED session 529acdfe6a6b96fbe56c92537242a763.
2022-11-08 21:10:56,215 INFO: Shard ID None has successfully RESUMED session 529acdfe6a6b96fbe56c92537242a763.
2022-11-08 23:02:01,946 INFO: Shard ID None has successfully RESUMED session 529acdfe6a6b96fbe56c92537242a763.
2022-11-08 23:28:28,774 INFO: Shard ID None has successfully RESUMED session 529acdfe6a6b96fbe56c92537242a763.
2022-11-09 00:12:41,614 INFO: Shard ID None has successfully RESUMED session 529acdfe6a6b96fbe56c92537242a763.
2022-11-09 02:09:57,118 INFO: Shard ID None has successfully RESUMED session 529acdfe6a6b96fbe56c92537242a763.
