2022-06-21 15:10:51,816 INFO: logging in using static token
2022-06-21 15:10:52,069 INFO: Shard ID None has sent the IDENTIFY payload.
2022-06-21 15:10:52,319 INFO: Shard ID None has connected to Gateway: ["gateway-prd-main-jt2m",{"micros":209173,"calls":["discord-sessions-green-prd-2-36",{"micros":208031,"calls":["start_session",{"micros":179721,"calls":["discord-api-5c5b946f98-t6lxb",{"micros":174287,"calls":["get_user",{"micros":20230},"add_authorized_ip",{"micros":9409},"get_guilds",{"micros":37797},"coros_wait",{"micros":2}]}]},"guilds_connect",{"micros":2,"calls":[]},"presence_connect",{"micros":26933,"calls":[]}]}]}] (Session ID: 715244dc8800328cf9710a8c8de82f75).
2022-06-21 15:10:54,367 INFO: 目前登入身份：神奇海螺#3847
2022-06-21 15:12:11,278 INFO: SparkleZ out 9又4分之8.7月台[欸欸欸這樣配可以嗎(思]
2022-06-21 15:12:11,278 INFO: Connecting to voice...
2022-06-21 15:12:11,278 INFO: Starting voice handshake... (connection attempt 1)
2022-06-21 15:12:12,028 INFO: Voice handshake complete. Endpoint found japan201.discord.media
2022-06-21 15:12:13,009 INFO: selected the voice protocol for use (xsalsa20_poly1305_lite)
2022-06-21 15:12:13,177 INFO: received secret key for voice connection
2022-06-21 15:12:15,184 INFO: Preparing to terminate ffmpeg process 139.
2022-06-21 15:12:15,185 INFO: ffmpeg process 139 successfully terminated with return code of 0.
2022-06-21 15:12:16,212 INFO: The voice handshake is being terminated for Channel ID 868516155525046333 (Guild ID 428109526550708234)
2022-06-21 15:12:16,212 INFO: Disconnecting from voice normally, close code 1000.
2022-06-21 15:19:21,332 INFO: 楓夜 in 9又4分之8.7月台[欸欸欸這樣配可以嗎(思]
2022-06-21 15:19:21,414 INFO: Connecting to voice...
2022-06-21 15:19:21,414 INFO: Starting voice handshake... (connection attempt 1)
2022-06-21 15:19:22,078 INFO: Voice handshake complete. Endpoint found japan201.discord.media
2022-06-21 15:19:23,081 INFO: selected the voice protocol for use (xsalsa20_poly1305_lite)
2022-06-21 15:19:23,256 INFO: received secret key for voice connection
2022-06-21 15:19:25,143 INFO: Preparing to terminate ffmpeg process 151.
2022-06-21 15:19:25,144 INFO: ffmpeg process 151 successfully terminated with return code of 0.
2022-06-21 15:19:27,774 INFO: Preparing to terminate ffmpeg process 161.
2022-06-21 15:19:27,775 INFO: ffmpeg process 161 successfully terminated with return code of 0.
2022-06-21 15:19:28,780 INFO: The voice handshake is being terminated for Channel ID 868516155525046333 (Guild ID 428109526550708234)
2022-06-21 15:19:28,780 INFO: Disconnecting from voice normally, close code 1000.
2022-06-21 15:32:18,971 INFO: wawa的n out 9又4分之8.7月台[欸欸欸這樣配可以嗎(思]
2022-06-21 15:32:18,972 INFO: Connecting to voice...
2022-06-21 15:32:18,972 INFO: Starting voice handshake... (connection attempt 1)
2022-06-21 15:32:19,720 INFO: Voice handshake complete. Endpoint found japan201.discord.media
2022-06-21 15:32:20,722 INFO: selected the voice protocol for use (xsalsa20_poly1305_lite)
2022-06-21 15:32:20,896 INFO: received secret key for voice connection
2022-06-21 15:32:22,884 INFO: Preparing to terminate ffmpeg process 204.
2022-06-21 15:32:22,884 INFO: ffmpeg process 204 successfully terminated with return code of 0.
2022-06-21 15:32:23,912 INFO: The voice handshake is being terminated for Channel ID 868516155525046333 (Guild ID 428109526550708234)
2022-06-21 15:32:23,912 INFO: Disconnecting from voice normally, close code 1000.
2022-06-21 15:32:29,407 INFO: wawa的n in 9又4分之8.7月台[欸欸欸這樣配可以嗎(思]
2022-06-21 15:32:29,441 INFO: Connecting to voice...
2022-06-21 15:32:29,441 INFO: Starting voice handshake... (connection attempt 1)
2022-06-21 15:32:29,725 INFO: Voice handshake complete. Endpoint found japan201.discord.media
2022-06-21 15:32:30,689 INFO: selected the voice protocol for use (xsalsa20_poly1305_lite)
2022-06-21 15:32:30,856 INFO: received secret key for voice connection
2022-06-21 15:32:33,002 INFO: Preparing to terminate ffmpeg process 215.
2022-06-21 15:32:33,004 INFO: ffmpeg process 215 successfully terminated with return code of 0.
2022-06-21 15:32:35,614 INFO: Preparing to terminate ffmpeg process 225.
2022-06-21 15:32:35,615 INFO: ffmpeg process 225 successfully terminated with return code of 0.
2022-06-21 15:32:36,679 INFO: The voice handshake is being terminated for Channel ID 868516155525046333 (Guild ID 428109526550708234)
2022-06-21 15:32:36,680 INFO: Disconnecting from voice normally, close code 1000.
2022-06-21 15:51:26,915 INFO: logging in using static token
2022-06-21 15:51:27,233 INFO: Shard ID None has sent the IDENTIFY payload.
2022-06-21 15:51:27,361 INFO: Shard ID None has connected to Gateway: ["gateway-prd-main-882x",{"micros":86384,"calls":["discord-sessions-green-prd-2-42",{"micros":85248,"calls":["start_session",{"micros":42657,"calls":["discord-api-5c5b946f98-2kwtz",{"micros":33487,"calls":["get_user",{"micros":6757},"add_authorized_ip",{"micros":1510},"get_guilds",{"micros":5040},"coros_wait",{"micros":1}]}]},"guilds_connect",{"micros":3,"calls":[]},"presence_connect",{"micros":1,"calls":[]}]}]}] (Session ID: 64935391aa12cd959415f033d08105d2).
2022-06-21 15:51:29,444 INFO: 目前登入身份：神奇海螺#3847
2022-06-21 15:52:47,194 INFO: wawa的n out 9又4分之8.7月台[欸欸欸這樣配可以嗎(思]
2022-06-21 15:52:47,195 INFO: Connecting to voice...
2022-06-21 15:52:47,195 INFO: Starting voice handshake... (connection attempt 1)
2022-06-21 15:52:47,961 INFO: Voice handshake complete. Endpoint found japan201.discord.media
2022-06-21 15:52:48,940 INFO: selected the voice protocol for use (xsalsa20_poly1305_lite)
2022-06-21 15:52:49,110 INFO: received secret key for voice connection
2022-06-21 15:52:51,129 INFO: Preparing to terminate ffmpeg process 170.
2022-06-21 15:52:51,130 INFO: ffmpeg process 170 successfully terminated with return code of 0.
2022-06-21 15:52:52,160 INFO: The voice handshake is being terminated for Channel ID 868516155525046333 (Guild ID 428109526550708234)
2022-06-21 15:52:52,160 INFO: Disconnecting from voice normally, close code 1000.
2022-06-21 16:01:30,979 INFO: 楓夜 out 9又4分之8.7月台[欸欸欸這樣配可以嗎(思]
2022-06-21 16:01:30,979 INFO: Connecting to voice...
2022-06-21 16:01:30,979 INFO: Starting voice handshake... (connection attempt 1)
2022-06-21 16:01:31,686 INFO: Voice handshake complete. Endpoint found japan201.discord.media
2022-06-21 16:01:32,728 INFO: selected the voice protocol for use (xsalsa20_poly1305_lite)
2022-06-21 16:01:32,902 INFO: received secret key for voice connection
2022-06-21 16:01:35,251 INFO: Preparing to terminate ffmpeg process 182.
2022-06-21 16:01:35,253 INFO: ffmpeg process 182 successfully terminated with return code of 0.
2022-06-21 16:01:36,326 INFO: The voice handshake is being terminated for Channel ID 868516155525046333 (Guild ID 428109526550708234)
2022-06-21 16:01:36,326 INFO: Disconnecting from voice normally, close code 1000.
2022-06-21 16:05:07,050 INFO: MaiMai的Pool out 9又4分之8.7月台[欸欸欸這樣配可以嗎(思]
2022-06-21 16:05:07,051 INFO: Connecting to voice...
2022-06-21 16:05:07,051 INFO: Starting voice handshake... (connection attempt 1)
2022-06-21 16:05:07,715 INFO: Voice handshake complete. Endpoint found japan201.discord.media
2022-06-21 16:05:08,711 INFO: selected the voice protocol for use (xsalsa20_poly1305_lite)
2022-06-21 16:05:08,879 INFO: received secret key for voice connection
2022-06-21 16:05:10,988 INFO: Preparing to terminate ffmpeg process 193.
2022-06-21 16:05:10,989 INFO: ffmpeg process 193 successfully terminated with return code of 0.
2022-06-21 16:05:11,998 INFO: The voice handshake is being terminated for Channel ID 868516155525046333 (Guild ID 428109526550708234)
2022-06-21 16:05:11,999 INFO: Disconnecting from voice normally, close code 1000.
2022-06-21 16:21:34,808 INFO: BunnyplayGG out 9又4分之8.7月台[欸欸欸這樣配可以嗎(思]
2022-06-21 16:21:34,809 INFO: Connecting to voice...
2022-06-21 16:21:34,809 INFO: Starting voice handshake... (connection attempt 1)
2022-06-21 16:21:35,519 INFO: Voice handshake complete. Endpoint found japan201.discord.media
2022-06-21 16:21:36,509 INFO: selected the voice protocol for use (xsalsa20_poly1305_lite)
2022-06-21 16:21:36,676 INFO: received secret key for voice connection
2022-06-21 16:21:39,044 INFO: Preparing to terminate ffmpeg process 235.
2022-06-21 16:21:39,044 INFO: ffmpeg process 235 successfully terminated with return code of 0.
2022-06-21 16:21:40,096 INFO: The voice handshake is being terminated for Channel ID 868516155525046333 (Guild ID 428109526550708234)
2022-06-21 16:21:40,097 INFO: Disconnecting from voice normally, close code 1000.
2022-06-21 16:23:10,963 INFO: Chi out 9又4分之8.7月台[欸欸欸這樣配可以嗎(思]
2022-06-21 16:23:10,963 INFO: Connecting to voice...
2022-06-21 16:23:10,964 INFO: Starting voice handshake... (connection attempt 1)
2022-06-21 16:23:11,696 INFO: Voice handshake complete. Endpoint found japan201.discord.media
2022-06-21 16:23:12,669 INFO: selected the voice protocol for use (xsalsa20_poly1305_lite)
2022-06-21 16:23:12,833 INFO: received secret key for voice connection
2022-06-21 16:23:14,405 INFO: Preparing to terminate ffmpeg process 275.
2022-06-21 16:23:14,405 INFO: ffmpeg process 275 successfully terminated with return code of 0.
2022-06-21 16:23:15,450 INFO: The voice handshake is being terminated for Channel ID 868516155525046333 (Guild ID 428109526550708234)
2022-06-21 16:23:15,451 INFO: Disconnecting from voice normally, close code 1000.
