2022-12-05 23:36:07,274 INFO: logging in using static token
2022-12-05 23:36:07,727 INFO: Shard ID None has connected to Gateway (Session ID: 06b4eeaed90baf8ede79d8b0aafd46f1).
2022-12-05 23:36:09,747 INFO: 目前登入身份：神奇海螺#3847
2022-12-06 00:21:02,980 INFO: logging in using static token
2022-12-06 00:21:04,000 INFO: Shard ID None has connected to Gateway (Session ID: 9a412f184cb868304d7c348fef3ec3a8).
2022-12-06 00:21:06,009 INFO: 目前登入身份：神奇海螺#3847
2022-12-06 00:23:18,545 INFO: logging in using static token
2022-12-06 00:23:19,255 INFO: Shard ID None has connected to Gateway (Session ID: 0d06f2bcd0a9d2a78c531db6fd0229fa).
2022-12-06 00:23:21,269 INFO: 目前登入身份：神奇海螺#3847
2022-12-06 02:25:31,009 INFO: Shard ID None has successfully RESUMED session 0d06f2bcd0a9d2a78c531db6fd0229fa.
2022-12-06 04:02:05,597 INFO: Shard ID None has successfully RESUMED session 0d06f2bcd0a9d2a78c531db6fd0229fa.
2022-12-06 05:44:13,623 INFO: Shard ID None has successfully RESUMED session 0d06f2bcd0a9d2a78c531db6fd0229fa.
2022-12-06 08:18:00,662 INFO: Shard ID None has successfully RESUMED session 0d06f2bcd0a9d2a78c531db6fd0229fa.
2022-12-06 11:47:34,207 INFO: Shard ID None has successfully RESUMED session 0d06f2bcd0a9d2a78c531db6fd0229fa.
2022-12-06 14:27:54,375 INFO: Chi in 9又4分之8.7月台[123是什麼敷衍的名字]
2022-12-06 14:27:54,482 INFO: Connecting to voice...
2022-12-06 14:27:54,482 INFO: Starting voice handshake... (connection attempt 1)
2022-12-06 14:27:54,790 INFO: Voice handshake complete. Endpoint found hongkong6082.discord.media
2022-12-06 14:27:57,490 INFO: ffmpeg process 1561 successfully terminated with return code of 0.
2022-12-06 14:28:00,085 INFO: ffmpeg process 1572 successfully terminated with return code of 0.
2022-12-06 14:28:01,158 INFO: The voice handshake is being terminated for Channel ID 728631391809437746 (Guild ID 428109526550708234)
2022-12-06 14:28:01,159 INFO: Disconnecting from voice normally, close code 1000.
2022-12-06 14:29:37,284 INFO: BunnyplayGG in 9又4分之8.7月台[123是什麼敷衍的名字]
2022-12-06 14:29:37,450 INFO: Connecting to voice...
2022-12-06 14:29:37,451 INFO: Starting voice handshake... (connection attempt 1)
2022-12-06 14:29:37,764 INFO: Voice handshake complete. Endpoint found hongkong6082.discord.media
2022-12-06 14:29:41,199 INFO: ffmpeg process 1583 successfully terminated with return code of 0.
2022-12-06 14:29:43,898 INFO: ffmpeg process 1593 successfully terminated with return code of 0.
2022-12-06 14:29:44,947 INFO: The voice handshake is being terminated for Channel ID 728631391809437746 (Guild ID 428109526550708234)
2022-12-06 14:29:44,948 INFO: Disconnecting from voice normally, close code 1000.
2022-12-06 14:31:49,170 INFO: Fiven-chung in 9又4分之8.7月台[123是什麼敷衍的名字]
2022-12-06 14:31:49,332 INFO: Connecting to voice...
2022-12-06 14:31:49,332 INFO: Starting voice handshake... (connection attempt 1)
2022-12-06 14:31:49,626 INFO: Voice handshake complete. Endpoint found hongkong6082.discord.media
2022-12-06 14:31:53,062 INFO: ffmpeg process 1622 successfully terminated with return code of 0.
2022-12-06 14:31:56,084 INFO: ffmpeg process 1632 successfully terminated with return code of 0.
2022-12-06 14:31:57,111 INFO: The voice handshake is being terminated for Channel ID 728631391809437746 (Guild ID 428109526550708234)
2022-12-06 14:31:57,112 INFO: Disconnecting from voice normally, close code 1000.
2022-12-06 14:32:22,790 INFO: KyrieR in 9又4分之8.7月台[123是什麼敷衍的名字]
2022-12-06 14:32:22,883 INFO: Connecting to voice...
2022-12-06 14:32:22,884 INFO: Starting voice handshake... (connection attempt 1)
2022-12-06 14:32:23,187 INFO: Voice handshake complete. Endpoint found hongkong6082.discord.media
2022-12-06 14:32:26,290 INFO: ffmpeg process 1643 successfully terminated with return code of 0.
2022-12-06 14:32:28,389 INFO: ffmpeg process 1653 successfully terminated with return code of 0.
2022-12-06 14:32:29,435 INFO: The voice handshake is being terminated for Channel ID 728631391809437746 (Guild ID 428109526550708234)
2022-12-06 14:32:29,436 INFO: Disconnecting from voice normally, close code 1000.
2022-12-06 14:33:25,263 INFO: 貓嗷嗚飄飄大仙 in 9又4分之8.7月台[123是什麼敷衍的名字]
2022-12-06 14:33:25,361 INFO: Connecting to voice...
2022-12-06 14:33:25,362 INFO: Starting voice handshake... (connection attempt 1)
2022-12-06 14:33:25,657 INFO: Voice handshake complete. Endpoint found hongkong6082.discord.media
2022-12-06 14:33:29,936 INFO: ffmpeg process 1664 successfully terminated with return code of 0.
2022-12-06 14:33:32,646 INFO: ffmpeg process 1674 successfully terminated with return code of 0.
2022-12-06 14:33:33,652 INFO: The voice handshake is being terminated for Channel ID 728631391809437746 (Guild ID 428109526550708234)
2022-12-06 14:33:33,653 INFO: Disconnecting from voice normally, close code 1000.
2022-12-06 15:12:17,943 INFO: Shard ID None has successfully RESUMED session 0d06f2bcd0a9d2a78c531db6fd0229fa.
2022-12-06 15:54:04,019 INFO: BunnyplayGG out 9又4分之8.7月台[123是什麼敷衍的名字]
2022-12-06 15:54:04,020 INFO: Connecting to voice...
2022-12-06 15:54:04,020 INFO: Starting voice handshake... (connection attempt 1)
2022-12-06 15:54:04,311 INFO: Voice handshake complete. Endpoint found hongkong6082.discord.media
2022-12-06 15:54:07,718 INFO: ffmpeg process 1843 successfully terminated with return code of 0.
2022-12-06 15:54:08,791 INFO: BunnyplayGG in 9又4分之8.7月台[123是什麼敷衍的名字]
2022-12-06 15:54:10,792 INFO: ffmpeg process 1853 successfully terminated with return code of 0.
2022-12-06 15:54:13,014 INFO: ffmpeg process 1863 successfully terminated with return code of 0.
2022-12-06 15:54:14,058 INFO: The voice handshake is being terminated for Channel ID 728631391809437746 (Guild ID 428109526550708234)
2022-12-06 15:54:14,058 INFO: Disconnecting from voice normally, close code 1000.
2022-12-06 16:05:55,999 INFO: Shard ID None has successfully RESUMED session 0d06f2bcd0a9d2a78c531db6fd0229fa.
2022-12-06 16:20:06,085 INFO: BunnyplayGG out 9又4分之8.7月台[123是什麼敷衍的名字]
2022-12-06 16:20:06,085 INFO: Connecting to voice...
2022-12-06 16:20:06,085 INFO: Starting voice handshake... (connection attempt 1)
2022-12-06 16:20:06,397 INFO: Voice handshake complete. Endpoint found hongkong6082.discord.media
2022-12-06 16:20:09,848 INFO: ffmpeg process 1929 successfully terminated with return code of 0.
2022-12-06 16:20:10,898 INFO: The voice handshake is being terminated for Channel ID 728631391809437746 (Guild ID 428109526550708234)
2022-12-06 16:20:10,898 INFO: Disconnecting from voice normally, close code 1000.
2022-12-06 16:20:22,826 INFO: Fiven-chung out 9又4分之8.7月台[123是什麼敷衍的名字]
2022-12-06 16:20:22,827 INFO: Connecting to voice...
2022-12-06 16:20:22,827 INFO: Starting voice handshake... (connection attempt 1)
2022-12-06 16:20:23,170 INFO: Voice handshake complete. Endpoint found hongkong6082.discord.media
2022-12-06 16:20:26,162 INFO: ffmpeg process 1940 successfully terminated with return code of 0.
2022-12-06 16:20:27,250 INFO: The voice handshake is being terminated for Channel ID 728631391809437746 (Guild ID 428109526550708234)
2022-12-06 16:20:27,251 INFO: Disconnecting from voice normally, close code 1000.
2022-12-06 16:33:33,344 INFO: Chi out 9又4分之8.7月台[123是什麼敷衍的名字]
2022-12-06 16:33:33,344 INFO: Connecting to voice...
2022-12-06 16:33:33,344 INFO: Starting voice handshake... (connection attempt 1)
2022-12-06 16:33:33,655 INFO: Voice handshake complete. Endpoint found hongkong6082.discord.media
2022-12-06 16:33:36,244 INFO: ffmpeg process 1969 successfully terminated with return code of 0.
2022-12-06 16:33:37,303 INFO: The voice handshake is being terminated for Channel ID 728631391809437746 (Guild ID 428109526550708234)
2022-12-06 16:33:37,304 INFO: Disconnecting from voice normally, close code 1000.
2022-12-06 16:44:03,298 INFO: Shard ID None has successfully RESUMED session 0d06f2bcd0a9d2a78c531db6fd0229fa.
2022-12-06 16:54:48,621 INFO: KyrieR out 9又4分之8.7月台[123是什麼敷衍的名字]
2022-12-06 16:54:48,622 INFO: Connecting to voice...
2022-12-06 16:54:48,622 INFO: Starting voice handshake... (connection attempt 1)
2022-12-06 16:54:48,984 INFO: Voice handshake complete. Endpoint found hongkong6082.discord.media
2022-12-06 16:54:51,835 INFO: ffmpeg process 1999 successfully terminated with return code of 0.
2022-12-06 16:54:52,844 INFO: The voice handshake is being terminated for Channel ID 728631391809437746 (Guild ID 428109526550708234)
2022-12-06 16:54:52,845 INFO: Disconnecting from voice normally, close code 1000.
2022-12-06 16:56:16,239 INFO: 貓嗷嗚飄飄大仙 out 9又4分之8.7月台[123是什麼敷衍的名字]
2022-12-06 16:56:16,240 INFO: Connecting to voice...
2022-12-06 16:56:16,240 INFO: Starting voice handshake... (connection attempt 1)
2022-12-06 16:56:16,600 INFO: Voice handshake complete. Endpoint found oregon10000.discord.media
2022-12-06 16:56:19,304 INFO: ffmpeg process 2010 successfully terminated with return code of 0.
2022-12-06 16:56:20,378 INFO: The voice handshake is being terminated for Channel ID 728631391809437746 (Guild ID 428109526550708234)
2022-12-06 16:56:20,378 INFO: Disconnecting from voice normally, close code 1000.
2022-12-06 18:14:02,681 INFO: Shard ID None has successfully RESUMED session 0d06f2bcd0a9d2a78c531db6fd0229fa.
2022-12-06 20:40:10,255 INFO: Shard ID None has successfully RESUMED session 0d06f2bcd0a9d2a78c531db6fd0229fa.
2022-12-06 23:14:20,818 INFO: Shard ID None has successfully RESUMED session 0d06f2bcd0a9d2a78c531db6fd0229fa.
