2022-12-03 21:31:54,171 INFO: logging in using static token
2022-12-03 21:31:54,659 INFO: Shard ID None has connected to Gateway (Session ID: 01a64b76a08aa6ac76d1f75fcff5b297).
2022-12-03 21:31:56,663 INFO: 目前登入身份：神奇海螺#3847
2022-12-04 01:06:54,971 INFO: Shard ID None has successfully RESUMED session 01a64b76a08aa6ac76d1f75fcff5b297.
2022-12-04 03:10:20,653 INFO: Shard ID None has successfully RESUMED session 01a64b76a08aa6ac76d1f75fcff5b297.
2022-12-04 05:04:55,259 INFO: Shard ID None has successfully RESUMED session 01a64b76a08aa6ac76d1f75fcff5b297.
2022-12-04 08:12:59,810 INFO: Shard ID None has successfully RESUMED session 01a64b76a08aa6ac76d1f75fcff5b297.
2022-12-04 11:48:09,686 INFO: Shard ID None has successfully RESUMED session 01a64b76a08aa6ac76d1f75fcff5b297.
2022-12-04 13:06:50,388 INFO: Shard ID None has successfully RESUMED session 01a64b76a08aa6ac76d1f75fcff5b297.
2022-12-04 13:55:29,776 INFO: MaiMai的Pool in 9又4分之8.7月台[123是什麼敷衍的名字]
2022-12-04 13:55:29,861 INFO: Connecting to voice...
2022-12-04 13:55:29,862 INFO: Starting voice handshake... (connection attempt 1)
2022-12-04 13:55:30,120 INFO: Voice handshake complete. Endpoint found hongkong6904.discord.media
2022-12-04 13:55:34,400 INFO: ffmpeg process 1777 successfully terminated with return code of 0.
2022-12-04 13:55:37,103 INFO: ffmpeg process 1788 successfully terminated with return code of 0.
2022-12-04 13:55:38,150 INFO: The voice handshake is being terminated for Channel ID 728631391809437746 (Guild ID 428109526550708234)
2022-12-04 13:55:38,151 INFO: Disconnecting from voice normally, close code 1000.
2022-12-04 13:55:39,000 INFO: wawa的n in 9又4分之8.7月台[123是什麼敷衍的名字]
2022-12-04 13:55:39,093 INFO: Connecting to voice...
2022-12-04 13:55:39,093 INFO: Starting voice handshake... (connection attempt 1)
2022-12-04 13:55:39,379 INFO: Voice handshake complete. Endpoint found hongkong6904.discord.media
2022-12-04 13:55:43,520 INFO: ffmpeg process 1799 successfully terminated with return code of 0.
2022-12-04 13:55:46,146 INFO: ffmpeg process 1809 successfully terminated with return code of 0.
2022-12-04 13:55:47,191 INFO: The voice handshake is being terminated for Channel ID 728631391809437746 (Guild ID 428109526550708234)
2022-12-04 13:55:47,192 INFO: Disconnecting from voice normally, close code 1000.
2022-12-04 13:56:05,172 INFO: Lexor in 9又4分之8.7月台[123是什麼敷衍的名字]
2022-12-04 13:56:05,212 INFO: Connecting to voice...
2022-12-04 13:56:05,213 INFO: Starting voice handshake... (connection attempt 1)
2022-12-04 13:56:05,550 INFO: Voice handshake complete. Endpoint found hongkong6904.discord.media
2022-12-04 13:56:08,920 INFO: ffmpeg process 1820 successfully terminated with return code of 0.
2022-12-04 13:56:10,437 INFO: ffmpeg process 1830 successfully terminated with return code of 0.
2022-12-04 13:56:11,978 INFO: The voice handshake is being terminated for Channel ID 728631391809437746 (Guild ID 428109526550708234)
2022-12-04 13:56:11,982 INFO: Disconnecting from voice normally, close code 1000.
2022-12-04 13:56:19,006 INFO: WeIrdnA in 9又4分之8.7月台[123是什麼敷衍的名字]
2022-12-04 13:56:19,105 INFO: Connecting to voice...
2022-12-04 13:56:19,105 INFO: Starting voice handshake... (connection attempt 1)
2022-12-04 13:56:19,381 INFO: Voice handshake complete. Endpoint found hongkong6904.discord.media
2022-12-04 13:56:23,612 INFO: ffmpeg process 1841 successfully terminated with return code of 0.
2022-12-04 13:56:26,347 INFO: ffmpeg process 1851 successfully terminated with return code of 0.
2022-12-04 13:56:27,412 INFO: The voice handshake is being terminated for Channel ID 728631391809437746 (Guild ID 428109526550708234)
2022-12-04 13:56:27,413 INFO: Disconnecting from voice normally, close code 1000.
2022-12-04 13:56:47,325 INFO: 貓嗷嗚飄飄大仙 in 9又4分之8.7月台[123是什麼敷衍的名字]
2022-12-04 13:56:47,425 INFO: Connecting to voice...
2022-12-04 13:56:47,425 INFO: Starting voice handshake... (connection attempt 1)
2022-12-04 13:56:47,691 INFO: Voice handshake complete. Endpoint found hongkong6904.discord.media
2022-12-04 13:56:51,914 INFO: ffmpeg process 1862 successfully terminated with return code of 0.
2022-12-04 13:56:54,614 INFO: ffmpeg process 1872 successfully terminated with return code of 0.
2022-12-04 13:56:55,620 INFO: The voice handshake is being terminated for Channel ID 728631391809437746 (Guild ID 428109526550708234)
2022-12-04 13:56:55,621 INFO: Disconnecting from voice normally, close code 1000.
2022-12-04 15:25:57,745 INFO: Chi in 9又4分之8.7月台[打不出幹話就講出來啊]
2022-12-04 15:25:57,905 INFO: Connecting to voice...
2022-12-04 15:25:57,905 INFO: Starting voice handshake... (connection attempt 1)
2022-12-04 15:25:58,167 INFO: Voice handshake complete. Endpoint found hongkong9032.discord.media
2022-12-04 15:26:01,269 INFO: ffmpeg process 2048 successfully terminated with return code of 0.
2022-12-04 15:26:03,582 INFO: ffmpeg process 2058 successfully terminated with return code of 0.
2022-12-04 15:26:04,628 INFO: The voice handshake is being terminated for Channel ID 428109526550708238 (Guild ID 428109526550708234)
2022-12-04 15:26:04,630 INFO: Disconnecting from voice normally, close code 1000.
2022-12-04 15:26:41,017 INFO: Chi out 9又4分之8.7月台[打不出幹話就講出來啊]
2022-12-04 15:26:41,018 INFO: Connecting to voice...
2022-12-04 15:26:41,018 INFO: Starting voice handshake... (connection attempt 1)
2022-12-04 15:26:41,117 INFO: Voice handshake complete. Endpoint found atlanta1383.discord.media
2022-12-04 15:26:42,824 INFO: ffmpeg process 2069 successfully terminated with return code of 0.
2022-12-04 15:26:43,869 INFO: The voice handshake is being terminated for Channel ID 428109526550708238 (Guild ID 428109526550708234)
2022-12-04 15:26:43,870 INFO: Disconnecting from voice normally, close code 1000.
2022-12-04 15:28:47,965 INFO: 楓夜 in 9又4分之8.7月台[打不出幹話就講出來啊]
2022-12-04 15:28:48,086 INFO: Connecting to voice...
2022-12-04 15:28:48,086 INFO: Starting voice handshake... (connection attempt 1)
2022-12-04 15:28:48,337 INFO: Voice handshake complete. Endpoint found hongkong6082.discord.media
2022-12-04 15:28:51,695 INFO: ffmpeg process 2080 successfully terminated with return code of 0.
2022-12-04 15:28:54,551 INFO: ffmpeg process 2090 successfully terminated with return code of 0.
2022-12-04 15:28:55,641 INFO: The voice handshake is being terminated for Channel ID 428109526550708238 (Guild ID 428109526550708234)
2022-12-04 15:28:55,641 INFO: Disconnecting from voice normally, close code 1000.
2022-12-04 15:50:30,083 INFO: 楓夜 out 9又4分之8.7月台[打不出幹話就講出來啊]
2022-12-04 15:50:30,083 INFO: Connecting to voice...
2022-12-04 15:50:30,084 INFO: Starting voice handshake... (connection attempt 1)
2022-12-04 15:50:30,196 INFO: Voice handshake complete. Endpoint found atlanta8983.discord.media
2022-12-04 15:50:32,040 INFO: ffmpeg process 2137 successfully terminated with return code of 0.
2022-12-04 15:50:33,051 INFO: The voice handshake is being terminated for Channel ID 428109526550708238 (Guild ID 428109526550708234)
2022-12-04 15:50:33,052 INFO: Disconnecting from voice normally, close code 1000.
2022-12-04 15:53:34,832 INFO: Lexor out 9又4分之8.7月台[123是什麼敷衍的名字]
2022-12-04 15:53:34,832 INFO: Connecting to voice...
2022-12-04 15:53:34,832 INFO: Starting voice handshake... (connection attempt 1)
2022-12-04 15:53:35,109 INFO: Voice handshake complete. Endpoint found hongkong6904.discord.media
2022-12-04 15:53:38,267 INFO: ffmpeg process 2148 successfully terminated with return code of 0.
2022-12-04 15:53:39,297 INFO: The voice handshake is being terminated for Channel ID 728631391809437746 (Guild ID 428109526550708234)
2022-12-04 15:53:39,297 INFO: Disconnecting from voice normally, close code 1000.
2022-12-04 15:55:08,556 INFO: KyrieR in 9又4分之8.7月台[123是什麼敷衍的名字]
2022-12-04 15:55:08,636 INFO: Connecting to voice...
2022-12-04 15:55:08,636 INFO: Starting voice handshake... (connection attempt 1)
2022-12-04 15:55:08,910 INFO: Voice handshake complete. Endpoint found hongkong6904.discord.media
2022-12-04 15:55:13,011 INFO: ffmpeg process 2159 successfully terminated with return code of 0.
2022-12-04 15:55:15,102 INFO: ffmpeg process 2169 successfully terminated with return code of 0.
2022-12-04 15:55:16,146 INFO: The voice handshake is being terminated for Channel ID 728631391809437746 (Guild ID 428109526550708234)
2022-12-04 15:55:16,147 INFO: Disconnecting from voice normally, close code 1000.
2022-12-04 16:10:11,525 INFO: MaiMai的Pool out 9又4分之8.7月台[123是什麼敷衍的名字]
2022-12-04 16:10:11,526 INFO: Connecting to voice...
2022-12-04 16:10:11,526 INFO: Starting voice handshake... (connection attempt 1)
2022-12-04 16:10:11,798 INFO: Voice handshake complete. Endpoint found hongkong6904.discord.media
2022-12-04 16:10:13,059 INFO: wawa的n out 9又4分之8.7月台[123是什麼敷衍的名字]
2022-12-04 16:10:15,428 INFO: ffmpeg process 2216 successfully terminated with return code of 0.
2022-12-04 16:10:18,431 INFO: ffmpeg process 2226 successfully terminated with return code of 0.
2022-12-04 16:10:19,470 INFO: The voice handshake is being terminated for Channel ID 728631391809437746 (Guild ID 428109526550708234)
2022-12-04 16:10:19,472 INFO: Disconnecting from voice normally, close code 1000.
2022-12-04 16:34:49,534 INFO: WeIrdnA out 9又4分之8.7月台[123是什麼敷衍的名字]
2022-12-04 16:34:49,535 INFO: Connecting to voice...
2022-12-04 16:34:49,535 INFO: Starting voice handshake... (connection attempt 1)
2022-12-04 16:34:49,826 INFO: Voice handshake complete. Endpoint found hongkong6904.discord.media
2022-12-04 16:34:53,318 INFO: ffmpeg process 2287 successfully terminated with return code of 0.
2022-12-04 16:34:54,420 INFO: The voice handshake is being terminated for Channel ID 728631391809437746 (Guild ID 428109526550708234)
2022-12-04 16:34:54,422 INFO: Disconnecting from voice normally, close code 1000.
2022-12-04 16:53:23,267 INFO: mrdavid874 in 9又4分之8.7月台[123是什麼敷衍的名字]
2022-12-04 16:53:23,309 INFO: Connecting to voice...
2022-12-04 16:53:23,309 INFO: Starting voice handshake... (connection attempt 1)
2022-12-04 16:53:23,568 INFO: Voice handshake complete. Endpoint found hongkong6904.discord.media
2022-12-04 16:53:28,636 INFO: ffmpeg process 2316 successfully terminated with return code of 0.
2022-12-04 16:53:32,021 INFO: ffmpeg process 2326 successfully terminated with return code of 0.
2022-12-04 16:53:33,072 INFO: The voice handshake is being terminated for Channel ID 728631391809437746 (Guild ID 428109526550708234)
2022-12-04 16:53:33,073 INFO: Disconnecting from voice normally, close code 1000.
2022-12-04 17:04:28,101 INFO: Shard ID None has successfully RESUMED session 01a64b76a08aa6ac76d1f75fcff5b297.
