2022-09-17 17:11:01,482 INFO: logging in using static token
2022-09-17 17:11:01,837 INFO: Shard ID None has sent the IDENTIFY payload.
2022-09-17 17:11:02,021 INFO: Shard ID None has connected to Gateway: ["gateway-prd-main-3clz",{"micros":88664,"calls":["id_created",{"micros":723,"calls":[]},"session_lookup_time",{"micros":791,"calls":[]},"session_lookup_finished",{"micros":18,"calls":[]},"discord-sessions-green-prd-2-123",{"micros":85543,"calls":["start_session",{"micros":60115,"calls":["discord-api-6bcb86d44c-nf5z5",{"micros":55230,"calls":["get_user",{"micros":11372},"get_guilds",{"micros":5657},"send_scheduled_deletion_message",{"micros":9},"guild_join_requests",{"micros":104},"authorized_ip_coro",{"micros":9}]}]},"starting_guild_connect",{"micros":62,"calls":[]},"presence_started",{"micros":6901,"calls":[]},"guilds_started",{"micros":185,"calls":[]},"guilds_connect",{"micros":2,"calls":[]},"presence_connect",{"micros":18252,"calls":[]},"connect_finished",{"micros":18258,"calls":[]},"build_ready",{"micros":20,"calls":[]},"optimize_ready",{"micros":0,"calls":[]},"split_ready",{"micros":1,"calls":[]},"clean_ready",{"micros":0,"calls":[]}]}]}] (Session ID: e58c292a03d85510bc438d65ec75ce00).
2022-09-17 17:11:04,070 INFO: 目前登入身份：神奇海螺#3847
2022-09-17 17:11:08,059 INFO: BunnyplayGG out 9又4分之8.7月台[123是什麼敷衍的名字]
2022-09-17 17:11:08,060 INFO: Connecting to voice...
2022-09-17 17:11:08,060 INFO: Starting voice handshake... (connection attempt 1)
2022-09-17 17:11:08,381 INFO: Voice handshake complete. Endpoint found hongkong9553.discord.media
2022-09-17 17:11:09,269 INFO: selected the voice protocol for use (xsalsa20_poly1305_lite)
2022-09-17 17:11:09,447 INFO: received secret key for voice connection
2022-09-17 17:11:11,824 INFO: Preparing to terminate ffmpeg process 141.
2022-09-17 17:11:11,824 INFO: ffmpeg process 141 successfully terminated with return code of 0.
2022-09-17 17:11:12,871 INFO: The voice handshake is being terminated for Channel ID 728631391809437746 (Guild ID 428109526550708234)
2022-09-17 17:11:12,872 INFO: Disconnecting from voice normally, close code 1000.
2022-09-17 18:14:55,353 INFO: Fiven-chung out 9又4分之8.7月台[123是什麼敷衍的名字]
2022-09-17 18:14:55,354 INFO: Connecting to voice...
2022-09-17 18:14:55,354 INFO: Starting voice handshake... (connection attempt 1)
2022-09-17 18:14:55,656 INFO: Voice handshake complete. Endpoint found hongkong9553.discord.media
2022-09-17 18:14:55,739 INFO: 楓夜 out 9又4分之8.7月台[123是什麼敷衍的名字]
2022-09-17 18:14:56,707 INFO: selected the voice protocol for use (xsalsa20_poly1305_lite)
2022-09-17 18:14:56,907 INFO: received secret key for voice connection
2022-09-17 18:14:58,835 INFO: Preparing to terminate ffmpeg process 239.
2022-09-17 18:14:58,836 INFO: ffmpeg process 239 successfully terminated with return code of 0.
2022-09-17 18:15:02,270 INFO: Preparing to terminate ffmpeg process 249.
2022-09-17 18:15:02,271 INFO: ffmpeg process 249 successfully terminated with return code of 0.
2022-09-17 18:15:03,342 INFO: The voice handshake is being terminated for Channel ID 728631391809437746 (Guild ID 428109526550708234)
2022-09-17 18:15:03,342 INFO: Disconnecting from voice normally, close code 1000.
2022-09-17 18:15:07,983 INFO: KyrieR out 9又4分之8.7月台[123是什麼敷衍的名字]
2022-09-17 18:15:07,983 INFO: Connecting to voice...
2022-09-17 18:15:07,984 INFO: Starting voice handshake... (connection attempt 1)
2022-09-17 18:15:08,366 INFO: Voice handshake complete. Endpoint found hongkong9553.discord.media
2022-09-17 18:15:09,347 INFO: selected the voice protocol for use (xsalsa20_poly1305_lite)
2022-09-17 18:15:09,546 INFO: received secret key for voice connection
2022-09-17 18:15:11,355 INFO: Preparing to terminate ffmpeg process 260.
2022-09-17 18:15:11,356 INFO: ffmpeg process 260 successfully terminated with return code of 0.
2022-09-17 18:15:12,361 INFO: The voice handshake is being terminated for Channel ID 728631391809437746 (Guild ID 428109526550708234)
2022-09-17 18:15:12,362 INFO: Disconnecting from voice normally, close code 1000.
2022-09-17 18:16:28,983 INFO: 不偷家的飄飄大仙 out 9又4分之8.7月台[123是什麼敷衍的名字]
2022-09-17 18:16:28,984 INFO: Connecting to voice...
2022-09-17 18:16:28,984 INFO: Starting voice handshake... (connection attempt 1)
2022-09-17 18:16:29,152 INFO: Voice handshake complete. Endpoint found oregon10002.discord.media
2022-09-17 18:16:29,266 INFO: selected the voice protocol for use (xsalsa20_poly1305_lite)
2022-09-17 18:16:29,283 INFO: received secret key for voice connection
2022-09-17 18:16:32,172 INFO: Preparing to terminate ffmpeg process 271.
2022-09-17 18:16:32,172 INFO: ffmpeg process 271 successfully terminated with return code of 0.
2022-09-17 18:16:33,205 INFO: The voice handshake is being terminated for Channel ID 728631391809437746 (Guild ID 428109526550708234)
2022-09-17 18:16:33,206 INFO: Disconnecting from voice normally, close code 1000.
2022-09-17 18:53:46,506 INFO: logging in using static token
2022-09-17 18:53:46,823 INFO: Shard ID None has sent the IDENTIFY payload.
2022-09-17 18:53:47,006 INFO: Shard ID None has connected to Gateway: ["gateway-prd-main-bt01",{"micros":95979,"calls":["id_created",{"micros":699,"calls":[]},"session_lookup_time",{"micros":7023,"calls":[]},"session_lookup_finished",{"micros":16,"calls":[]},"discord-sessions-green-prd-2-71",{"micros":86966,"calls":["start_session",{"micros":46829,"calls":["discord-api-6bcb86d44c-rhxg9",{"micros":43386,"calls":["get_user",{"micros":11369},"get_guilds",{"micros":2990},"send_scheduled_deletion_message",{"micros":9},"guild_join_requests",{"micros":2544},"authorized_ip_coro",{"micros":7}]}]},"starting_guild_connect",{"micros":54,"calls":[]},"presence_started",{"micros":18439,"calls":[]},"guilds_started",{"micros":141,"calls":[]},"guilds_connect",{"micros":2,"calls":[]},"presence_connect",{"micros":21476,"calls":[]},"connect_finished",{"micros":21482,"calls":[]},"build_ready",{"micros":18,"calls":[]},"optimize_ready",{"micros":1,"calls":[]},"split_ready",{"micros":0,"calls":[]},"clean_ready",{"micros":1,"calls":[]}]}]}] (Session ID: 738834ac38739099fe9e359198306010).
2022-09-17 18:53:49,099 INFO: 目前登入身份：神奇海螺#3847
2022-09-17 21:55:45,158 INFO: Got a request to RESUME the websocket.
2022-09-17 21:55:45,366 INFO: Shard ID None has sent the RESUME payload.
2022-09-17 21:55:45,455 INFO: Shard ID None has successfully RESUMED session 738834ac38739099fe9e359198306010 under trace ["gateway-prd-main-4hfk",{"micros":650,"calls":["id_created",{"micros":0,"calls":[]},"session_lookup_time",{"micros":311,"calls":[]},"session_lookup_finished",{"micros":14,"calls":[]},"discord-sessions-green-prd-2-71",{"micros":17}]}].
2022-09-17 23:56:02,343 INFO: Got a request to RESUME the websocket.
2022-09-17 23:56:02,535 INFO: Shard ID None has sent the RESUME payload.
2022-09-17 23:56:02,634 INFO: Shard ID None has successfully RESUMED session 738834ac38739099fe9e359198306010 under trace ["gateway-prd-main-hw76",{"micros":6581,"calls":["id_created",{"micros":0,"calls":[]},"session_lookup_time",{"micros":2602,"calls":[]},"session_lookup_finished",{"micros":11,"calls":[]},"discord-sessions-green-prd-2-71",{"micros":19}]}].
2022-09-18 03:04:30,493 INFO: Got a request to RESUME the websocket.
2022-09-18 03:04:30,683 INFO: Shard ID None has sent the RESUME payload.
2022-09-18 03:04:30,768 INFO: Shard ID None has successfully RESUMED session 738834ac38739099fe9e359198306010 under trace ["gateway-prd-main-d8b9",{"micros":757,"calls":["id_created",{"micros":0,"calls":[]},"session_lookup_time",{"micros":387,"calls":[]},"session_lookup_finished",{"micros":13,"calls":[]},"discord-sessions-green-prd-2-71",{"micros":23}]}].
2022-09-18 06:33:32,350 INFO: Got a request to RESUME the websocket.
2022-09-18 06:33:32,538 INFO: Shard ID None has sent the RESUME payload.
2022-09-18 06:33:32,621 INFO: Shard ID None has successfully RESUMED session 738834ac38739099fe9e359198306010 under trace ["gateway-prd-main-d8b9",{"micros":581,"calls":["id_created",{"micros":0,"calls":[]},"session_lookup_time",{"micros":331,"calls":[]},"session_lookup_finished",{"micros":12,"calls":[]},"discord-sessions-green-prd-2-71",{"micros":15}]}].
2022-09-18 09:20:39,753 INFO: Got a request to RESUME the websocket.
2022-09-18 09:20:39,939 INFO: Shard ID None has sent the RESUME payload.
2022-09-18 09:20:40,022 INFO: Shard ID None has successfully RESUMED session 738834ac38739099fe9e359198306010 under trace ["gateway-prd-main-h76n",{"micros":467,"calls":["id_created",{"micros":0,"calls":[]},"session_lookup_time",{"micros":198,"calls":[]},"session_lookup_finished",{"micros":10,"calls":[]},"discord-sessions-green-prd-2-71",{"micros":17}]}].
2022-09-18 10:47:28,862 INFO: Got a request to RESUME the websocket.
2022-09-18 10:47:29,027 INFO: Shard ID None has sent the RESUME payload.
2022-09-18 10:47:29,110 INFO: Shard ID None has successfully RESUMED session 738834ac38739099fe9e359198306010 under trace ["gateway-prd-main-07jt",{"micros":467,"calls":["id_created",{"micros":0,"calls":[]},"session_lookup_time",{"micros":236,"calls":[]},"session_lookup_finished",{"micros":21,"calls":[]},"discord-sessions-green-prd-2-71",{"micros":17}]}].
2022-09-18 11:39:54,625 INFO: Got a request to RESUME the websocket.
2022-09-18 11:39:54,812 INFO: Shard ID None has sent the RESUME payload.
2022-09-18 11:39:54,897 INFO: Shard ID None has successfully RESUMED session 738834ac38739099fe9e359198306010 under trace ["gateway-prd-main-d4q4",{"micros":700,"calls":["id_created",{"micros":0,"calls":[]},"session_lookup_time",{"micros":275,"calls":[]},"session_lookup_finished",{"micros":12,"calls":[]},"discord-sessions-green-prd-2-71",{"micros":18}]}].
2022-09-18 14:04:32,022 INFO: BunnyplayGG in 9又4分之8.7月台[123是什麼敷衍的名字]
2022-09-18 14:04:32,174 INFO: Connecting to voice...
2022-09-18 14:04:32,174 INFO: Starting voice handshake... (connection attempt 1)
2022-09-18 14:04:32,480 INFO: Voice handshake complete. Endpoint found hongkong2589.discord.media
2022-09-18 14:04:33,332 INFO: selected the voice protocol for use (xsalsa20_poly1305_lite)
2022-09-18 14:04:33,501 INFO: received secret key for voice connection
2022-09-18 14:04:35,407 INFO: Preparing to terminate ffmpeg process 1880.
2022-09-18 14:04:35,407 INFO: ffmpeg process 1880 successfully terminated with return code of 0.
2022-09-18 14:04:37,733 INFO: Preparing to terminate ffmpeg process 1891.
2022-09-18 14:04:37,734 INFO: ffmpeg process 1891 successfully terminated with return code of 0.
2022-09-18 14:04:38,780 INFO: The voice handshake is being terminated for Channel ID 728631391809437746 (Guild ID 428109526550708234)
2022-09-18 14:04:38,781 INFO: Disconnecting from voice normally, close code 1000.
2022-09-18 14:05:12,255 INFO: Fiven-chung in 9又4分之8.7月台[123是什麼敷衍的名字]
2022-09-18 14:05:12,367 INFO: Connecting to voice...
2022-09-18 14:05:12,367 INFO: Starting voice handshake... (connection attempt 1)
2022-09-18 14:05:12,665 INFO: Voice handshake complete. Endpoint found hongkong2589.discord.media
2022-09-18 14:05:13,534 INFO: selected the voice protocol for use (xsalsa20_poly1305_lite)
2022-09-18 14:05:13,703 INFO: received secret key for voice connection
2022-09-18 14:05:15,574 INFO: Preparing to terminate ffmpeg process 1902.
2022-09-18 14:05:15,576 INFO: ffmpeg process 1902 successfully terminated with return code of 0.
2022-09-18 14:05:18,229 INFO: Preparing to terminate ffmpeg process 1912.
2022-09-18 14:05:18,231 INFO: ffmpeg process 1912 successfully terminated with return code of 0.
2022-09-18 14:05:19,240 INFO: The voice handshake is being terminated for Channel ID 728631391809437746 (Guild ID 428109526550708234)
2022-09-18 14:05:19,241 INFO: Disconnecting from voice normally, close code 1000.
2022-09-18 14:06:03,779 INFO: 不偷家的飄飄大仙 in 9又4分之8.7月台[123是什麼敷衍的名字]
2022-09-18 14:06:03,883 INFO: Connecting to voice...
2022-09-18 14:06:03,883 INFO: Starting voice handshake... (connection attempt 1)
2022-09-18 14:06:04,184 INFO: Voice handshake complete. Endpoint found hongkong2589.discord.media
2022-09-18 14:06:05,061 INFO: selected the voice protocol for use (xsalsa20_poly1305_lite)
2022-09-18 14:06:05,247 INFO: received secret key for voice connection
2022-09-18 14:06:08,863 INFO: Preparing to terminate ffmpeg process 1923.
2022-09-18 14:06:08,864 INFO: ffmpeg process 1923 successfully terminated with return code of 0.
2022-09-18 14:06:11,006 INFO: Preparing to terminate ffmpeg process 1933.
2022-09-18 14:06:11,007 INFO: ffmpeg process 1933 successfully terminated with return code of 0.
2022-09-18 14:06:12,012 INFO: The voice handshake is being terminated for Channel ID 728631391809437746 (Guild ID 428109526550708234)
2022-09-18 14:06:12,013 INFO: Disconnecting from voice normally, close code 1000.
2022-09-18 14:52:19,061 INFO: KyrieR in 9又4分之8.7月台[123是什麼敷衍的名字]
2022-09-18 14:52:19,159 INFO: Connecting to voice...
2022-09-18 14:52:19,159 INFO: Starting voice handshake... (connection attempt 1)
2022-09-18 14:52:19,457 INFO: Voice handshake complete. Endpoint found hongkong2589.discord.media
2022-09-18 14:52:20,344 INFO: selected the voice protocol for use (xsalsa20_poly1305_lite)
2022-09-18 14:52:20,524 INFO: received secret key for voice connection
2022-09-18 14:52:22,628 INFO: Preparing to terminate ffmpeg process 1996.
2022-09-18 14:52:22,630 INFO: ffmpeg process 1996 successfully terminated with return code of 0.
2022-09-18 14:52:25,330 INFO: Preparing to terminate ffmpeg process 2006.
2022-09-18 14:52:25,333 INFO: ffmpeg process 2006 successfully terminated with return code of 0.
2022-09-18 14:52:26,388 INFO: The voice handshake is being terminated for Channel ID 728631391809437746 (Guild ID 428109526550708234)
2022-09-18 14:52:26,389 INFO: Disconnecting from voice normally, close code 1000.
2022-09-18 15:03:01,783 INFO: MaiMai的Pool in 9又4分之8.7月台[打不出幹話就講出來啊]
2022-09-18 15:03:01,884 INFO: Connecting to voice...
2022-09-18 15:03:01,884 INFO: Starting voice handshake... (connection attempt 1)
2022-09-18 15:03:02,183 INFO: Voice handshake complete. Endpoint found hongkong1755.discord.media
2022-09-18 15:03:03,039 INFO: selected the voice protocol for use (xsalsa20_poly1305_lite)
2022-09-18 15:03:03,211 INFO: received secret key for voice connection
2022-09-18 15:03:06,003 INFO: Preparing to terminate ffmpeg process 2052.
2022-09-18 15:03:06,004 INFO: ffmpeg process 2052 successfully terminated with return code of 0.
2022-09-18 15:03:08,875 INFO: Preparing to terminate ffmpeg process 2062.
2022-09-18 15:03:08,877 INFO: ffmpeg process 2062 successfully terminated with return code of 0.
2022-09-18 15:03:09,964 INFO: The voice handshake is being terminated for Channel ID 428109526550708238 (Guild ID 428109526550708234)
2022-09-18 15:03:09,965 INFO: Disconnecting from voice normally, close code 1000.
2022-09-18 15:03:13,090 INFO: wawa的n in 9又4分之8.7月台[打不出幹話就講出來啊]
2022-09-18 15:03:13,140 INFO: Connecting to voice...
2022-09-18 15:03:13,140 INFO: Starting voice handshake... (connection attempt 1)
2022-09-18 15:03:13,437 INFO: Voice handshake complete. Endpoint found hongkong1755.discord.media
2022-09-18 15:03:14,283 INFO: selected the voice protocol for use (xsalsa20_poly1305_lite)
2022-09-18 15:03:14,449 INFO: received secret key for voice connection
2022-09-18 15:03:17,125 INFO: Preparing to terminate ffmpeg process 2073.
2022-09-18 15:03:17,126 INFO: ffmpeg process 2073 successfully terminated with return code of 0.
2022-09-18 15:03:19,464 INFO: Preparing to terminate ffmpeg process 2083.
2022-09-18 15:03:19,465 INFO: ffmpeg process 2083 successfully terminated with return code of 0.
2022-09-18 15:03:20,488 INFO: The voice handshake is being terminated for Channel ID 428109526550708238 (Guild ID 428109526550708234)
2022-09-18 15:03:20,489 INFO: Disconnecting from voice normally, close code 1000.
2022-09-18 15:03:27,760 INFO: Lexor in 9又4分之8.7月台[打不出幹話就講出來啊]
2022-09-18 15:03:27,856 INFO: Connecting to voice...
2022-09-18 15:03:27,856 INFO: Starting voice handshake... (connection attempt 1)
2022-09-18 15:03:28,171 INFO: Voice handshake complete. Endpoint found hongkong1755.discord.media
2022-09-18 15:03:29,031 INFO: selected the voice protocol for use (xsalsa20_poly1305_lite)
2022-09-18 15:03:29,200 INFO: received secret key for voice connection
2022-09-18 15:03:31,594 INFO: Preparing to terminate ffmpeg process 2094.
2022-09-18 15:03:31,595 INFO: ffmpeg process 2094 successfully terminated with return code of 0.
2022-09-18 15:03:33,733 INFO: Preparing to terminate ffmpeg process 2104.
2022-09-18 15:03:33,734 INFO: ffmpeg process 2104 successfully terminated with return code of 0.
2022-09-18 15:03:34,738 INFO: The voice handshake is being terminated for Channel ID 428109526550708238 (Guild ID 428109526550708234)
2022-09-18 15:03:34,739 INFO: Disconnecting from voice normally, close code 1000.
2022-09-18 15:03:36,879 INFO: DADA的DIAO in 9又4分之8.7月台[打不出幹話就講出來啊]
2022-09-18 15:03:36,975 INFO: Connecting to voice...
2022-09-18 15:03:36,976 INFO: Starting voice handshake... (connection attempt 1)
2022-09-18 15:03:37,280 INFO: Voice handshake complete. Endpoint found hongkong1755.discord.media
2022-09-18 15:03:38,143 INFO: selected the voice protocol for use (xsalsa20_poly1305_lite)
2022-09-18 15:03:38,324 INFO: received secret key for voice connection
2022-09-18 15:03:41,094 INFO: Preparing to terminate ffmpeg process 2115.
2022-09-18 15:03:41,095 INFO: ffmpeg process 2115 successfully terminated with return code of 0.
2022-09-18 15:03:43,829 INFO: Preparing to terminate ffmpeg process 2125.
2022-09-18 15:03:43,829 INFO: ffmpeg process 2125 successfully terminated with return code of 0.
2022-09-18 15:03:44,876 INFO: The voice handshake is being terminated for Channel ID 428109526550708238 (Guild ID 428109526550708234)
2022-09-18 15:03:44,877 INFO: Disconnecting from voice normally, close code 1000.
2022-09-18 15:27:04,932 INFO: Got a request to RESUME the websocket.
2022-09-18 15:27:05,131 INFO: Shard ID None has sent the RESUME payload.
2022-09-18 15:27:05,233 INFO: Shard ID None has successfully RESUMED session 738834ac38739099fe9e359198306010 under trace ["gateway-prd-main-d1bq",{"micros":544,"calls":["id_created",{"micros":0,"calls":[]},"session_lookup_time",{"micros":287,"calls":[]},"session_lookup_finished",{"micros":15,"calls":[]},"discord-sessions-green-prd-2-71",{"micros":29}]}].
2022-09-18 15:35:25,167 INFO: wawa的n out 9又4分之8.7月台[打不出幹話就講出來啊]
2022-09-18 15:35:25,168 INFO: Connecting to voice...
2022-09-18 15:35:25,168 INFO: Starting voice handshake... (connection attempt 1)
2022-09-18 15:35:25,532 INFO: Voice handshake complete. Endpoint found hongkong1755.discord.media
2022-09-18 15:35:26,390 INFO: selected the voice protocol for use (xsalsa20_poly1305_lite)
2022-09-18 15:35:26,559 INFO: received secret key for voice connection
2022-09-18 15:35:28,547 INFO: Preparing to terminate ffmpeg process 2172.
2022-09-18 15:35:28,549 INFO: ffmpeg process 2172 successfully terminated with return code of 0.
2022-09-18 15:35:29,575 INFO: The voice handshake is being terminated for Channel ID 428109526550708238 (Guild ID 428109526550708234)
2022-09-18 15:35:29,576 INFO: Disconnecting from voice normally, close code 1000.
2022-09-18 15:58:07,131 INFO: MaiMai的Pool out 9又4分之8.7月台[打不出幹話就講出來啊]
2022-09-18 15:58:07,132 INFO: Connecting to voice...
2022-09-18 15:58:07,132 INFO: Starting voice handshake... (connection attempt 1)
2022-09-18 15:58:07,449 INFO: Voice handshake complete. Endpoint found hongkong1755.discord.media
2022-09-18 15:58:07,516 INFO: DADA的DIAO out 9又4分之8.7月台[打不出幹話就講出來啊]
2022-09-18 15:58:08,338 INFO: selected the voice protocol for use (xsalsa20_poly1305_lite)
2022-09-18 15:58:08,505 INFO: received secret key for voice connection
2022-09-18 15:58:09,041 INFO: Lexor out 9又4分之8.7月台[打不出幹話就講出來啊]
2022-09-18 15:58:10,618 INFO: Preparing to terminate ffmpeg process 2204.
2022-09-18 15:58:10,619 INFO: ffmpeg process 2204 successfully terminated with return code of 0.
2022-09-18 15:58:13,716 INFO: Preparing to terminate ffmpeg process 2214.
2022-09-18 15:58:13,717 INFO: ffmpeg process 2214 successfully terminated with return code of 0.
2022-09-18 15:58:16,437 INFO: Preparing to terminate ffmpeg process 2224.
2022-09-18 15:58:16,438 INFO: ffmpeg process 2224 successfully terminated with return code of 0.
2022-09-18 15:58:17,466 INFO: The voice handshake is being terminated for Channel ID 428109526550708238 (Guild ID 428109526550708234)
2022-09-18 15:58:17,467 INFO: Disconnecting from voice normally, close code 1000.
2022-09-18 16:27:52,892 INFO: KyrieR out 9又4分之8.7月台[123是什麼敷衍的名字]
2022-09-18 16:27:52,892 INFO: Connecting to voice...
2022-09-18 16:27:52,892 INFO: Starting voice handshake... (connection attempt 1)
2022-09-18 16:27:53,192 INFO: Voice handshake complete. Endpoint found hongkong2589.discord.media
2022-09-18 16:27:54,081 INFO: selected the voice protocol for use (xsalsa20_poly1305_lite)
2022-09-18 16:27:54,255 INFO: received secret key for voice connection
2022-09-18 16:27:56,069 INFO: Preparing to terminate ffmpeg process 2289.
2022-09-18 16:27:56,070 INFO: ffmpeg process 2289 successfully terminated with return code of 0.
2022-09-18 16:27:57,079 INFO: The voice handshake is being terminated for Channel ID 728631391809437746 (Guild ID 428109526550708234)
2022-09-18 16:27:57,080 INFO: Disconnecting from voice normally, close code 1000.
2022-09-18 16:28:06,222 INFO: KyrieR in 9又4分之8.7月台[123是什麼敷衍的名字]
2022-09-18 16:28:06,367 INFO: Connecting to voice...
2022-09-18 16:28:06,367 INFO: Starting voice handshake... (connection attempt 1)
2022-09-18 16:28:06,664 INFO: Voice handshake complete. Endpoint found hongkong2589.discord.media
2022-09-18 16:28:07,515 INFO: selected the voice protocol for use (xsalsa20_poly1305_lite)
2022-09-18 16:28:07,686 INFO: received secret key for voice connection
2022-09-18 16:28:10,295 INFO: Preparing to terminate ffmpeg process 2300.
2022-09-18 16:28:10,297 INFO: ffmpeg process 2300 successfully terminated with return code of 0.
2022-09-18 16:28:12,276 INFO: Preparing to terminate ffmpeg process 2310.
2022-09-18 16:28:12,278 INFO: ffmpeg process 2310 successfully terminated with return code of 0.
2022-09-18 16:28:13,321 INFO: The voice handshake is being terminated for Channel ID 728631391809437746 (Guild ID 428109526550708234)
2022-09-18 16:28:13,322 INFO: Disconnecting from voice normally, close code 1000.
2022-09-18 17:02:12,043 INFO: BunnyplayGG out 9又4分之8.7月台[123是什麼敷衍的名字]
2022-09-18 17:02:12,044 INFO: Connecting to voice...
2022-09-18 17:02:12,044 INFO: Starting voice handshake... (connection attempt 1)
2022-09-18 17:02:12,353 INFO: Voice handshake complete. Endpoint found hongkong2589.discord.media
2022-09-18 17:02:13,209 INFO: selected the voice protocol for use (xsalsa20_poly1305_lite)
2022-09-18 17:02:13,380 INFO: received secret key for voice connection
2022-09-18 17:02:15,751 INFO: Preparing to terminate ffmpeg process 2374.
2022-09-18 17:02:15,754 INFO: ffmpeg process 2374 successfully terminated with return code of 0.
2022-09-18 17:02:16,806 INFO: The voice handshake is being terminated for Channel ID 728631391809437746 (Guild ID 428109526550708234)
2022-09-18 17:02:16,807 INFO: Disconnecting from voice normally, close code 1000.
2022-09-18 17:05:58,132 INFO: Fiven-chung out 9又4分之8.7月台[123是什麼敷衍的名字]
2022-09-18 17:05:58,133 INFO: Connecting to voice...
2022-09-18 17:05:58,133 INFO: Starting voice handshake... (connection attempt 1)
2022-09-18 17:05:58,435 INFO: Voice handshake complete. Endpoint found hongkong2589.discord.media
2022-09-18 17:05:59,291 INFO: selected the voice protocol for use (xsalsa20_poly1305_lite)
2022-09-18 17:05:59,457 INFO: received secret key for voice connection
2022-09-18 17:05:59,860 INFO: Fiven-chung in 9又4分之8.7月台[123是什麼敷衍的名字]
2022-09-18 17:06:01,395 INFO: Preparing to terminate ffmpeg process 2404.
2022-09-18 17:06:01,395 INFO: ffmpeg process 2404 successfully terminated with return code of 0.
2022-09-18 17:06:04,875 INFO: Preparing to terminate ffmpeg process 2414.
2022-09-18 17:06:04,876 INFO: ffmpeg process 2414 successfully terminated with return code of 0.
2022-09-18 17:06:06,884 INFO: Preparing to terminate ffmpeg process 2424.
2022-09-18 17:06:06,886 INFO: ffmpeg process 2424 successfully terminated with return code of 0.
2022-09-18 17:06:07,929 INFO: The voice handshake is being terminated for Channel ID 728631391809437746 (Guild ID 428109526550708234)
2022-09-18 17:06:07,930 INFO: Disconnecting from voice normally, close code 1000.
