2022-02-15 18:55:43,683 INFO: logging in using static token
2022-02-15 18:55:43,950 INFO: Shard ID None has sent the IDENTIFY payload.
2022-02-15 18:55:44,165 INFO: Shard ID None has connected to Gateway: ["gateway-prd-main-3518",{"micros":169164,"calls":["discord-sessions-green-prd-2-14",{"micros":168270,"calls":["start_session",{"micros":137501,"calls":["api-prd-main-nwdt",{"micros":131820,"calls":["get_user",{"micros":9631},"add_authorized_ip",{"micros":7228},"get_guilds",{"micros":29350},"coros_wait",{"micros":1}]}]},"guilds_connect",{"micros":2,"calls":[]},"presence_connect",{"micros":15607,"calls":[]}]}]}] (Session ID: 186c609177fcda2a2fd6c7b798a4b929).
2022-02-15 18:55:46,193 INFO: 目前登入身份：神奇海螺#3847
2022-02-15 20:32:13,571 INFO: logging in using static token
2022-02-15 20:32:13,883 INFO: Shard ID None has sent the IDENTIFY payload.
2022-02-15 20:32:14,006 INFO: Shard ID None has connected to Gateway: ["gateway-prd-main-9526",{"micros":72652,"calls":["discord-sessions-green-prd-2-145",{"micros":71727,"calls":["start_session",{"micros":56167,"calls":["api-prd-main-m4r1",{"micros":52415,"calls":["get_user",{"micros":3931},"add_authorized_ip",{"micros":1193},"get_guilds",{"micros":8982},"coros_wait",{"micros":1}]}]},"guilds_connect",{"micros":12,"calls":[]},"presence_connect",{"micros":1,"calls":[]}]}]}] (Session ID: 765d657238e62d8a7570d64f2f9cf712).
2022-02-15 20:32:16,038 INFO: 目前登入身份：神奇海螺#3847
2022-02-15 21:36:15,041 INFO: Got a request to RESUME the websocket.
2022-02-15 21:36:15,216 INFO: Shard ID None has sent the RESUME payload.
2022-02-15 21:36:15,261 INFO: Shard ID None has successfully RESUMED session 765d657238e62d8a7570d64f2f9cf712 under trace ["gateway-prd-main-5c70",{"micros":6196,"calls":["discord-sessions-green-prd-2-145",{"micros":20}]}].
2022-02-15 22:48:08,064 INFO: logging in using static token
2022-02-15 22:48:08,459 INFO: Shard ID None has sent the IDENTIFY payload.
2022-02-15 22:48:08,573 INFO: Shard ID None has connected to Gateway: ["gateway-prd-main-jrrv",{"micros":65324,"calls":["discord-sessions-green-prd-2-64",{"micros":64066,"calls":["start_session",{"micros":33842,"calls":["api-prd-main-1hq4",{"micros":30930,"calls":["get_user",{"micros":3517},"add_authorized_ip",{"micros":3188},"get_guilds",{"micros":5256},"coros_wait",{"micros":1}]}]},"guilds_connect",{"micros":2,"calls":[]},"presence_connect",{"micros":22793,"calls":[]}]}]}] (Session ID: 07d170111835817e7e61f4c7891ff7c8).
2022-02-15 22:48:10,633 INFO: 目前登入身份：神奇海螺#3847
2022-02-16 02:50:24,209 INFO: logging in using static token
2022-02-16 02:50:24,322 INFO: Cleaning up tasks.
2022-02-16 02:50:24,326 INFO: Closing the event loop.
2022-02-16 03:34:40,386 INFO: logging in using static token
2022-02-16 03:34:40,628 INFO: Shard ID None has sent the IDENTIFY payload.
2022-02-16 03:34:40,796 INFO: Shard ID None has connected to Gateway: ["gateway-prd-main-3v0w",{"micros":131258,"calls":["discord-sessions-green-prd-2-5",{"micros":130432,"calls":["start_session",{"micros":93485,"calls":["discord-api-7885547f4f-ltvx7",{"micros":88932,"calls":["get_user",{"micros":10799},"add_authorized_ip",{"micros":9291},"get_guilds",{"micros":12184},"coros_wait",{"micros":1}]}]},"guilds_connect",{"micros":2,"calls":[]},"presence_connect",{"micros":19854,"calls":[]}]}]}] (Session ID: 3c09e307c350618c243fbe808b45978f).
2022-02-16 03:34:42,915 INFO: 目前登入身份：神奇海螺#3847
2022-02-16 03:54:52,925 INFO: Got a request to RESUME the websocket.
2022-02-16 03:54:53,123 INFO: Shard ID None has sent the RESUME payload.
2022-02-16 03:54:53,162 INFO: Shard ID None has successfully RESUMED session 3c09e307c350618c243fbe808b45978f under trace ["gateway-prd-main-62cv",{"micros":573,"calls":["discord-sessions-green-prd-2-5",{"micros":18}]}].
