2022-02-28 20:22:54,085 INFO: logging in using static token
2022-02-28 20:22:54,373 INFO: Shard ID None has sent the IDENTIFY payload.
2022-02-28 20:22:54,496 INFO: Shard ID None has connected to Gateway: ["gateway-prd-main-q358",{"micros":80148,"calls":["discord-sessions-green-prd-2-133",{"micros":78962,"calls":["start_session",{"micros":61665,"calls":["api-prd-main-hwt4",{"micros":54598,"calls":["get_user",{"micros":4913},"add_authorized_ip",{"micros":8514},"get_guilds",{"micros":7453},"coros_wait",{"micros":2}]}]},"guilds_connect",{"micros":3,"calls":[]},"presence_connect",{"micros":12364,"calls":[]}]}]}] (Session ID: e1ad3142e4b834d779f683dc88f3cbb6).
2022-02-28 20:22:56,526 INFO: 目前登入身份：神奇海螺#3847
2022-02-28 22:52:28,065 INFO: logging in using static token
2022-02-28 22:52:28,330 INFO: Shard ID None has sent the IDENTIFY payload.
2022-02-28 22:52:28,443 INFO: Shard ID None has connected to Gateway: ["gateway-prd-main-5nk6",{"micros":72958,"calls":["discord-sessions-green-prd-2-149",{"micros":71877,"calls":["start_session",{"micros":33304,"calls":["api-prd-main-fhfl",{"micros":29226,"calls":["get_user",{"micros":3409},"add_authorized_ip",{"micros":1438},"get_guilds",{"micros":3247},"coros_wait",{"micros":2}]}]},"guilds_connect",{"micros":1,"calls":[]},"presence_connect",{"micros":17431,"calls":[]}]}]}] (Session ID: 1a7488f8e66c6e0e3e9f7afcfdc30fd0).
2022-02-28 22:52:30,523 INFO: 目前登入身份：神奇海螺#3847
2022-03-01 00:35:51,135 INFO: logging in using static token
2022-03-01 00:35:51,404 INFO: Shard ID None has sent the IDENTIFY payload.
2022-03-01 00:35:51,534 INFO: Shard ID None has connected to Gateway: ["gateway-prd-main-cwqg",{"micros":88942,"calls":["discord-sessions-green-prd-2-10",{"micros":88108,"calls":["start_session",{"micros":38403,"calls":["api-prd-main-xxj3",{"micros":34584,"calls":["get_user",{"micros":5102},"add_authorized_ip",{"micros":2908},"get_guilds",{"micros":6697},"coros_wait",{"micros":1}]}]},"guilds_connect",{"micros":6,"calls":[]},"presence_connect",{"micros":1,"calls":[]}]}]}] (Session ID: 3b704ea052e88de2076d2fd11201bff8).
2022-03-01 00:35:53,584 INFO: 目前登入身份：神奇海螺#3847
2022-03-01 02:39:46,550 INFO: logging in using static token
2022-03-01 02:39:46,816 INFO: Shard ID None has sent the IDENTIFY payload.
2022-03-01 02:39:46,913 INFO: Shard ID None has connected to Gateway: ["gateway-prd-main-mqjt",{"micros":56308,"calls":["discord-sessions-green-prd-2-53",{"micros":55282,"calls":["start_session",{"micros":42459,"calls":["api-prd-main-ffhb",{"micros":39378,"calls":["get_user",{"micros":4407},"add_authorized_ip",{"micros":1125},"get_guilds",{"micros":6860},"coros_wait",{"micros":0}]}]},"guilds_connect",{"micros":1,"calls":[]},"presence_connect",{"micros":1,"calls":[]}]}]}] (Session ID: 4b43408fa7cd68cb8e6fa372198d173d).
2022-03-01 02:39:48,956 INFO: 目前登入身份：神奇海螺#3847
2022-03-01 02:54:54,353 INFO: Websocket closed with 1006, attempting a reconnect.
2022-03-01 02:54:54,353 INFO: Got a request to RESUME the websocket.
2022-03-01 02:54:54,510 INFO: Shard ID None has sent the RESUME payload.
2022-03-01 02:54:54,552 INFO: Shard ID None has successfully RESUMED session 4b43408fa7cd68cb8e6fa372198d173d under trace ["gateway-prd-main-1vzv",{"micros":557,"calls":["discord-sessions-green-prd-2-53",{"micros":19}]}].
2022-03-01 04:30:12,689 INFO: logging in using static token
2022-03-01 04:30:12,982 INFO: Shard ID None has sent the IDENTIFY payload.
2022-03-01 04:30:13,107 INFO: Shard ID None has connected to Gateway: ["gateway-prd-main-1gpv",{"micros":79615,"calls":["discord-sessions-green-prd-2-149",{"micros":78046,"calls":["start_session",{"micros":67269,"calls":["api-prd-main-nlc9",{"micros":61040,"calls":["get_user",{"micros":11860},"add_authorized_ip",{"micros":8407},"get_guilds",{"micros":5896},"coros_wait",{"micros":0}]}]},"guilds_connect",{"micros":2,"calls":[]},"presence_connect",{"micros":3500,"calls":[]}]}]}] (Session ID: 4048f73d277e6cdb4a5d8f13a96ebaa5).
2022-03-01 04:30:15,148 INFO: 目前登入身份：神奇海螺#3847
