2022-08-22 22:02:19,918 INFO: logging in using static token
2022-08-22 22:02:19,989 INFO: Cleaning up tasks.
2022-08-22 22:02:19,989 INFO: Closing the event loop.
2022-08-23 01:52:48,934 INFO: logging in using static token
2022-08-23 01:52:49,278 INFO: Shard ID None has sent the IDENTIFY payload.
2022-08-23 01:52:49,441 INFO: Shard ID None has connected to Gateway: ["gateway-prd-main-68hw",{"micros":121503,"calls":["id_created",{"micros":644,"calls":[]},"session_lookup_time",{"micros":1206,"calls":[]},"session_lookup_finished",{"micros":15,"calls":[]},"discord-sessions-blue-prd-2-190",{"micros":119147,"calls":["start_session",{"micros":75534,"calls":["discord-api-6bf8bf55d4-7t7ql",{"micros":71318,"calls":["get_user",{"micros":21879},"get_guilds",{"micros":9991},"send_scheduled_deletion_message",{"micros":11},"guild_join_requests",{"micros":3548},"authorized_ip_coro",{"micros":11}]}]},"starting_guild_connect",{"micros":31,"calls":[]},"presence_started",{"micros":13913,"calls":[]},"guilds_started",{"micros":29654,"calls":[]},"guilds_connect",{"micros":2,"calls":[]},"presence_connect",{"micros":1,"calls":[]},"connect_finished",{"micros":6,"calls":[]},"build_ready",{"micros":5,"calls":[]},"optimize_ready",{"micros":0,"calls":[]},"split_ready",{"micros":1,"calls":[]},"clean_ready",{"micros":1,"calls":[]}]}]}] (Session ID: e3c6270b102aca608ca79da2feac886d).
2022-08-23 01:52:51,523 INFO: 目前登入身份：神奇海螺#3847
2022-08-23 03:22:14,045 INFO: Got a request to RESUME the websocket.
2022-08-23 03:22:14,232 INFO: Shard ID None has sent the RESUME payload.
2022-08-23 03:22:14,278 INFO: Shard ID None has successfully RESUMED session e3c6270b102aca608ca79da2feac886d under trace ["gateway-prd-main-fzhj",{"micros":3242,"calls":["id_created",{"micros":0,"calls":[]},"session_lookup_time",{"micros":1550,"calls":[]},"session_lookup_finished",{"micros":14,"calls":[]},"discord-sessions-blue-prd-2-190",{"micros":19}]}].
2022-08-23 06:41:55,103 INFO: logging in using static token
2022-08-23 06:41:55,301 INFO: Shard ID None has sent the IDENTIFY payload.
2022-08-23 06:41:55,553 INFO: Shard ID None has connected to Gateway: ["gateway-prd-main-8fr4",{"micros":227210,"calls":["id_created",{"micros":548,"calls":[]},"session_lookup_time",{"micros":254,"calls":[]},"session_lookup_finished",{"micros":15,"calls":[]},"discord-sessions-blue-prd-2-3",{"micros":226073,"calls":["start_session",{"micros":181503,"calls":["discord-api-c49bc5979-5vj5x",{"micros":169037,"calls":["get_user",{"micros":19582},"get_guilds",{"micros":24303},"send_scheduled_deletion_message",{"micros":11},"guild_join_requests",{"micros":157},"authorized_ip_coro",{"micros":11}]}]},"starting_guild_connect",{"micros":44,"calls":[]},"presence_started",{"micros":288,"calls":[]},"guilds_started",{"micros":12626,"calls":[]},"guilds_connect",{"micros":2,"calls":[]},"presence_connect",{"micros":31597,"calls":[]},"connect_finished",{"micros":31604,"calls":[]},"build_ready",{"micros":4,"calls":[]},"optimize_ready",{"micros":1,"calls":[]},"split_ready",{"micros":0,"calls":[]},"clean_ready",{"micros":1,"calls":[]}]}]}] (Session ID: c932beb7ae969c4cb8b463edbc80cbe2).
2022-08-23 06:41:57,580 INFO: 目前登入身份：神奇海螺#3847
2022-08-23 07:33:52,497 INFO: Got a request to RESUME the websocket.
2022-08-23 07:33:52,635 INFO: Shard ID None has sent the RESUME payload.
2022-08-23 07:33:52,657 INFO: Shard ID None has successfully RESUMED session c932beb7ae969c4cb8b463edbc80cbe2 under trace ["gateway-prd-main-h6jc",{"micros":702,"calls":["id_created",{"micros":0,"calls":[]},"session_lookup_time",{"micros":299,"calls":[]},"session_lookup_finished",{"micros":11,"calls":[]},"discord-sessions-blue-prd-2-3",{"micros":17}]}].
2022-08-23 09:42:45,208 INFO: Got a request to RESUME the websocket.
2022-08-23 09:42:45,339 INFO: Shard ID None has sent the RESUME payload.
2022-08-23 09:42:45,361 INFO: Shard ID None has successfully RESUMED session c932beb7ae969c4cb8b463edbc80cbe2 under trace ["gateway-prd-main-gr7h",{"micros":476,"calls":["id_created",{"micros":0,"calls":[]},"session_lookup_time",{"micros":256,"calls":[]},"session_lookup_finished",{"micros":11,"calls":[]},"discord-sessions-blue-prd-2-3",{"micros":19}]}].
2022-08-23 10:36:39,148 INFO: Websocket closed with 1006, attempting a reconnect.
2022-08-23 10:36:39,148 INFO: Got a request to RESUME the websocket.
2022-08-23 10:36:39,284 INFO: Shard ID None has sent the RESUME payload.
2022-08-23 10:36:39,306 INFO: Shard ID None has successfully RESUMED session c932beb7ae969c4cb8b463edbc80cbe2 under trace ["gateway-prd-main-ktql",{"micros":594,"calls":["id_created",{"micros":0,"calls":[]},"session_lookup_time",{"micros":304,"calls":[]},"session_lookup_finished",{"micros":13,"calls":[]},"discord-sessions-blue-prd-2-3",{"micros":33}]}].
2022-08-23 11:49:30,721 INFO: Got a request to RESUME the websocket.
2022-08-23 11:49:30,855 INFO: Shard ID None has sent the RESUME payload.
2022-08-23 11:49:30,881 INFO: Shard ID None has successfully RESUMED session c932beb7ae969c4cb8b463edbc80cbe2 under trace ["gateway-prd-main-bcg6",{"micros":1180,"calls":["id_created",{"micros":0,"calls":[]},"session_lookup_time",{"micros":762,"calls":[]},"session_lookup_finished",{"micros":10,"calls":[]},"discord-sessions-blue-prd-2-3",{"micros":19}]}].
2022-08-23 11:55:48,799 INFO: DADA的DIAO in 9又4分之8.7月台[欸欸欸這樣配可以嗎(思]
2022-08-23 11:55:48,881 INFO: Connecting to voice...
2022-08-23 11:55:48,881 INFO: Starting voice handshake... (connection attempt 1)
2022-08-23 11:55:49,460 INFO: Voice handshake complete. Endpoint found hongkong1626.discord.media
2022-08-23 11:55:49,654 ERROR: Exception occurred during Voice Protocol voice server update handler
Traceback (most recent call last):
  File "/opt/virtualenvs/python3/lib/python3.8/site-packages/discord/state.py", line 102, in logging_coroutine
    await coroutine
  File "/opt/virtualenvs/python3/lib/python3.8/site-packages/discord/voice_client.py", line 295, in on_voice_server_update
    await self.ws.close(4000)
AttributeError: 'NoneType' object has no attribute 'close'
2022-08-23 11:55:50,599 INFO: selected the voice protocol for use (xsalsa20_poly1305_lite)
2022-08-23 11:55:50,822 INFO: received secret key for voice connection
2022-08-23 11:55:53,609 INFO: Preparing to terminate ffmpeg process 636.
2022-08-23 11:55:53,610 INFO: ffmpeg process 636 successfully terminated with return code of 0.
2022-08-23 11:55:55,923 INFO: Preparing to terminate ffmpeg process 647.
2022-08-23 11:55:55,924 INFO: ffmpeg process 647 successfully terminated with return code of 0.
2022-08-23 11:55:56,966 INFO: The voice handshake is being terminated for Channel ID 868516155525046333 (Guild ID 428109526550708234)
2022-08-23 11:55:56,967 INFO: Disconnecting from voice normally, close code 1000.
2022-08-23 12:38:27,241 INFO: Lexor in 9又4分之8.7月台[欸欸欸這樣配可以嗎(思]
2022-08-23 12:38:27,325 INFO: Connecting to voice...
2022-08-23 12:38:27,326 INFO: Starting voice handshake... (connection attempt 1)
2022-08-23 12:38:28,130 INFO: Voice handshake complete. Endpoint found hongkong1626.discord.media
2022-08-23 12:38:29,298 INFO: selected the voice protocol for use (xsalsa20_poly1305_lite)
2022-08-23 12:38:29,529 INFO: received secret key for voice connection
2022-08-23 12:38:31,397 INFO: Preparing to terminate ffmpeg process 713.
2022-08-23 12:38:31,397 INFO: ffmpeg process 713 successfully terminated with return code of 0.
2022-08-23 12:38:34,049 INFO: Preparing to terminate ffmpeg process 723.
2022-08-23 12:38:34,050 INFO: ffmpeg process 723 successfully terminated with return code of 0.
2022-08-23 12:38:35,056 INFO: The voice handshake is being terminated for Channel ID 868516155525046333 (Guild ID 428109526550708234)
2022-08-23 12:38:35,057 INFO: Disconnecting from voice normally, close code 1000.
2022-08-23 13:15:38,415 INFO: MaiMai的Pool in 9又4分之8.7月台[欸欸欸這樣配可以嗎(思]
2022-08-23 13:15:38,496 INFO: Connecting to voice...
2022-08-23 13:15:38,496 INFO: Starting voice handshake... (connection attempt 1)
2022-08-23 13:15:39,307 INFO: Voice handshake complete. Endpoint found hongkong1626.discord.media
2022-08-23 13:15:40,481 INFO: selected the voice protocol for use (xsalsa20_poly1305_lite)
2022-08-23 13:15:40,716 INFO: received secret key for voice connection
2022-08-23 13:15:43,002 INFO: Preparing to terminate ffmpeg process 808.
2022-08-23 13:15:43,003 INFO: ffmpeg process 808 successfully terminated with return code of 0.
2022-08-23 13:15:45,697 INFO: Preparing to terminate ffmpeg process 818.
2022-08-23 13:15:45,697 INFO: ffmpeg process 818 successfully terminated with return code of 0.
2022-08-23 13:15:46,743 INFO: The voice handshake is being terminated for Channel ID 868516155525046333 (Guild ID 428109526550708234)
2022-08-23 13:15:46,744 INFO: Disconnecting from voice normally, close code 1000.
2022-08-23 13:15:47,771 INFO: wawa的n in 9又4分之8.7月台[欸欸欸這樣配可以嗎(思]
2022-08-23 13:15:47,852 INFO: Connecting to voice...
2022-08-23 13:15:47,852 INFO: Starting voice handshake... (connection attempt 1)
2022-08-23 13:15:48,111 INFO: Voice handshake complete. Endpoint found hongkong1626.discord.media
2022-08-23 13:15:49,325 INFO: selected the voice protocol for use (xsalsa20_poly1305_lite)
2022-08-23 13:15:49,573 INFO: received secret key for voice connection
2022-08-23 13:15:51,719 INFO: Preparing to terminate ffmpeg process 829.
2022-08-23 13:15:51,720 INFO: ffmpeg process 829 successfully terminated with return code of 0.
2022-08-23 13:15:54,331 INFO: Preparing to terminate ffmpeg process 839.
2022-08-23 13:15:54,332 INFO: ffmpeg process 839 successfully terminated with return code of 0.
2022-08-23 13:15:55,399 INFO: The voice handshake is being terminated for Channel ID 868516155525046333 (Guild ID 428109526550708234)
2022-08-23 13:15:55,399 INFO: Disconnecting from voice normally, close code 1000.
2022-08-23 13:47:50,859 INFO: Got a request to RESUME the websocket.
2022-08-23 13:47:51,000 INFO: Shard ID None has sent the RESUME payload.
2022-08-23 13:47:51,027 INFO: Shard ID None has successfully RESUMED session c932beb7ae969c4cb8b463edbc80cbe2 under trace ["gateway-prd-main-2z9k",{"micros":582,"calls":["id_created",{"micros":0,"calls":[]},"session_lookup_time",{"micros":324,"calls":[]},"session_lookup_finished",{"micros":10,"calls":[]},"discord-sessions-blue-prd-2-3",{"micros":14}]}].
2022-08-23 14:12:13,712 INFO: 雪莉粉粉 in 9又4分之8.7月台[欸欸欸這樣配可以嗎(思]
2022-08-23 14:12:13,772 INFO: Connecting to voice...
2022-08-23 14:12:13,772 INFO: Starting voice handshake... (connection attempt 1)
2022-08-23 14:12:14,607 INFO: Voice handshake complete. Endpoint found hongkong1626.discord.media
2022-08-23 14:12:15,749 INFO: selected the voice protocol for use (xsalsa20_poly1305_lite)
2022-08-23 14:12:15,973 INFO: received secret key for voice connection
2022-08-23 14:12:16,981 INFO: 不偷家的飄飄大仙 in 9又4分之8.7月台[欸欸欸這樣配可以嗎(思]
2022-08-23 14:12:18,619 INFO: Preparing to terminate ffmpeg process 941.
2022-08-23 14:12:18,620 INFO: ffmpeg process 941 successfully terminated with return code of 0.
2022-08-23 14:12:20,953 INFO: Preparing to terminate ffmpeg process 951.
2022-08-23 14:12:20,954 INFO: ffmpeg process 951 successfully terminated with return code of 0.
2022-08-23 14:12:23,462 INFO: SparkleZ in 9又4分之8.7月台[欸欸欸這樣配可以嗎(思]
2022-08-23 14:12:25,564 INFO: Preparing to terminate ffmpeg process 961.
2022-08-23 14:12:25,565 INFO: ffmpeg process 961 successfully terminated with return code of 0.
2022-08-23 14:12:27,748 INFO: Preparing to terminate ffmpeg process 971.
2022-08-23 14:12:27,749 INFO: ffmpeg process 971 successfully terminated with return code of 0.
2022-08-23 14:12:30,778 INFO: Preparing to terminate ffmpeg process 981.
2022-08-23 14:12:30,778 INFO: ffmpeg process 981 successfully terminated with return code of 0.
2022-08-23 14:12:32,270 INFO: Preparing to terminate ffmpeg process 991.
2022-08-23 14:12:32,271 INFO: ffmpeg process 991 successfully terminated with return code of 0.
2022-08-23 14:12:33,813 INFO: The voice handshake is being terminated for Channel ID 868516155525046333 (Guild ID 428109526550708234)
2022-08-23 14:12:33,814 INFO: Disconnecting from voice normally, close code 1000.
2022-08-23 14:12:39,387 INFO: SparkleZ in 9又4分之8.7月台[打不出幹話就講出來啊]
2022-08-23 14:12:39,505 INFO: Connecting to voice...
2022-08-23 14:12:39,506 INFO: Starting voice handshake... (connection attempt 1)
2022-08-23 14:12:40,161 INFO: Voice handshake complete. Endpoint found hongkong4066.discord.media
2022-08-23 14:12:40,355 ERROR: Exception occurred during Voice Protocol voice server update handler
Traceback (most recent call last):
  File "/opt/virtualenvs/python3/lib/python3.8/site-packages/discord/state.py", line 102, in logging_coroutine
    await coroutine
  File "/opt/virtualenvs/python3/lib/python3.8/site-packages/discord/voice_client.py", line 295, in on_voice_server_update
    await self.ws.close(4000)
AttributeError: 'NoneType' object has no attribute 'close'
2022-08-23 14:12:41,305 INFO: selected the voice protocol for use (xsalsa20_poly1305_lite)
2022-08-23 14:12:41,530 INFO: received secret key for voice connection
2022-08-23 14:12:42,878 INFO: 雪莉粉粉 in 9又4分之8.7月台[打不出幹話就講出來啊]
2022-08-23 14:12:44,037 INFO: Preparing to terminate ffmpeg process 1002.
2022-08-23 14:12:44,038 INFO: ffmpeg process 1002 successfully terminated with return code of 0.
2022-08-23 14:12:46,669 INFO: Preparing to terminate ffmpeg process 1012.
2022-08-23 14:12:46,669 INFO: ffmpeg process 1012 successfully terminated with return code of 0.
2022-08-23 14:12:46,681 INFO: 不偷家的飄飄大仙 in 9又4分之8.7月台[打不出幹話就講出來啊]
2022-08-23 14:12:49,853 INFO: Preparing to terminate ffmpeg process 1022.
2022-08-23 14:12:49,853 INFO: ffmpeg process 1022 successfully terminated with return code of 0.
2022-08-23 14:12:51,909 INFO: Preparing to terminate ffmpeg process 1032.
2022-08-23 14:12:51,910 INFO: ffmpeg process 1032 successfully terminated with return code of 0.
2022-08-23 14:12:56,017 INFO: Preparing to terminate ffmpeg process 1042.
2022-08-23 14:12:56,018 INFO: ffmpeg process 1042 successfully terminated with return code of 0.
2022-08-23 14:12:58,894 INFO: Preparing to terminate ffmpeg process 1052.
2022-08-23 14:12:58,895 INFO: ffmpeg process 1052 successfully terminated with return code of 0.
2022-08-23 14:12:59,981 INFO: The voice handshake is being terminated for Channel ID 428109526550708238 (Guild ID 428109526550708234)
2022-08-23 14:12:59,981 INFO: Disconnecting from voice normally, close code 1000.
2022-08-23 14:13:07,933 INFO: BunnyplayGG in 9又4分之8.7月台[打不出幹話就講出來啊]
2022-08-23 14:13:08,050 INFO: Connecting to voice...
2022-08-23 14:13:08,050 INFO: Starting voice handshake... (connection attempt 1)
2022-08-23 14:13:08,299 INFO: Voice handshake complete. Endpoint found hongkong4066.discord.media
2022-08-23 14:13:09,456 INFO: selected the voice protocol for use (xsalsa20_poly1305_lite)
2022-08-23 14:13:09,680 INFO: received secret key for voice connection
2022-08-23 14:13:11,548 INFO: Preparing to terminate ffmpeg process 1063.
2022-08-23 14:13:11,549 INFO: ffmpeg process 1063 successfully terminated with return code of 0.
2022-08-23 14:13:13,580 INFO: Preparing to terminate ffmpeg process 1073.
2022-08-23 14:13:13,581 INFO: ffmpeg process 1073 successfully terminated with return code of 0.
2022-08-23 14:13:14,604 INFO: The voice handshake is being terminated for Channel ID 428109526550708238 (Guild ID 428109526550708234)
2022-08-23 14:13:14,605 INFO: Disconnecting from voice normally, close code 1000.
2022-08-23 14:13:18,140 INFO: BunnyplayGG in 9又4分之8.7月台[欸欸欸這樣配可以嗎(思]
2022-08-23 14:13:18,215 INFO: Connecting to voice...
2022-08-23 14:13:18,216 INFO: Starting voice handshake... (connection attempt 1)
2022-08-23 14:13:18,493 INFO: Voice handshake complete. Endpoint found hongkong1626.discord.media
2022-08-23 14:13:19,676 INFO: selected the voice protocol for use (xsalsa20_poly1305_lite)
2022-08-23 14:13:19,909 INFO: received secret key for voice connection
2022-08-23 14:13:22,297 INFO: Preparing to terminate ffmpeg process 1084.
2022-08-23 14:13:22,298 INFO: ffmpeg process 1084 successfully terminated with return code of 0.
2022-08-23 14:13:24,432 INFO: Preparing to terminate ffmpeg process 1094.
2022-08-23 14:13:24,433 INFO: ffmpeg process 1094 successfully terminated with return code of 0.
2022-08-23 14:13:25,437 INFO: The voice handshake is being terminated for Channel ID 868516155525046333 (Guild ID 428109526550708234)
2022-08-23 14:13:25,437 INFO: Disconnecting from voice normally, close code 1000.
2022-08-23 14:14:07,745 INFO: BunnyplayGG in 9又4分之8.7月台[123是什麼敷衍的名字]
2022-08-23 14:14:07,828 INFO: Connecting to voice...
2022-08-23 14:14:07,829 INFO: Starting voice handshake... (connection attempt 1)
2022-08-23 14:14:08,513 INFO: Voice handshake complete. Endpoint found hongkong9032.discord.media
2022-08-23 14:14:08,722 ERROR: Exception occurred during Voice Protocol voice server update handler
Traceback (most recent call last):
  File "/opt/virtualenvs/python3/lib/python3.8/site-packages/discord/state.py", line 102, in logging_coroutine
    await coroutine
  File "/opt/virtualenvs/python3/lib/python3.8/site-packages/discord/voice_client.py", line 295, in on_voice_server_update
    await self.ws.close(4000)
AttributeError: 'NoneType' object has no attribute 'close'
2022-08-23 14:14:09,707 INFO: selected the voice protocol for use (xsalsa20_poly1305_lite)
2022-08-23 14:14:09,951 INFO: received secret key for voice connection
2022-08-23 14:14:12,337 INFO: Preparing to terminate ffmpeg process 1105.
2022-08-23 14:14:12,338 INFO: ffmpeg process 1105 successfully terminated with return code of 0.
2022-08-23 14:14:14,429 INFO: Preparing to terminate ffmpeg process 1115.
2022-08-23 14:14:14,430 INFO: ffmpeg process 1115 successfully terminated with return code of 0.
2022-08-23 14:14:15,474 INFO: The voice handshake is being terminated for Channel ID 728631391809437746 (Guild ID 428109526550708234)
2022-08-23 14:14:15,475 INFO: Disconnecting from voice normally, close code 1000.
2022-08-23 14:16:42,338 INFO: logging in using static token
2022-08-23 14:16:42,613 INFO: Shard ID None has sent the IDENTIFY payload.
2022-08-23 14:16:42,751 INFO: Shard ID None has connected to Gateway: ["gateway-prd-main-s5k1",{"micros":102213,"calls":["id_created",{"micros":653,"calls":[]},"session_lookup_time",{"micros":374,"calls":[]},"session_lookup_finished",{"micros":14,"calls":[]},"discord-sessions-blue-prd-2-9",{"micros":100644,"calls":["start_session",{"micros":96813,"calls":["discord-api-c49bc5979-w6kdb",{"micros":89241,"calls":["get_user",{"micros":16821},"get_guilds",{"micros":44134},"send_scheduled_deletion_message",{"micros":12},"guild_join_requests",{"micros":3},"authorized_ip_coro",{"micros":12}]}]},"starting_guild_connect",{"micros":33,"calls":[]},"presence_started",{"micros":451,"calls":[]},"guilds_started",{"micros":3334,"calls":[]},"guilds_connect",{"micros":2,"calls":[]},"presence_connect",{"micros":0,"calls":[]},"connect_finished",{"micros":5,"calls":[]},"build_ready",{"micros":4,"calls":[]},"optimize_ready",{"micros":1,"calls":[]},"split_ready",{"micros":0,"calls":[]},"clean_ready",{"micros":1,"calls":[]}]}]}] (Session ID: 1968faea161199d21181f4c5fcb3e445).
2022-08-23 14:16:44,776 INFO: 目前登入身份：神奇海螺#3847
2022-08-23 14:21:06,780 INFO: Chi in 9又4分之8.7月台[123是什麼敷衍的名字]
2022-08-23 14:21:06,977 INFO: Connecting to voice...
2022-08-23 14:21:06,977 INFO: Starting voice handshake... (connection attempt 1)
2022-08-23 14:21:07,211 INFO: Voice handshake complete. Endpoint found hongkong9032.discord.media
2022-08-23 14:21:08,392 INFO: selected the voice protocol for use (xsalsa20_poly1305_lite)
2022-08-23 14:21:08,623 INFO: received secret key for voice connection
2022-08-23 14:21:10,821 INFO: Preparing to terminate ffmpeg process 142.
2022-08-23 14:21:10,822 INFO: ffmpeg process 142 successfully terminated with return code of 0.
2022-08-23 14:21:13,132 INFO: Preparing to terminate ffmpeg process 153.
2022-08-23 14:21:13,133 INFO: ffmpeg process 153 successfully terminated with return code of 0.
2022-08-23 14:21:14,158 INFO: The voice handshake is being terminated for Channel ID 728631391809437746 (Guild ID 428109526550708234)
2022-08-23 14:21:14,158 INFO: Disconnecting from voice normally, close code 1000.
2022-08-23 14:21:48,736 INFO: Chi in 9又4分之8.7月台[打不出幹話就講出來啊]
2022-08-23 14:21:48,857 INFO: Connecting to voice...
2022-08-23 14:21:48,857 INFO: Starting voice handshake... (connection attempt 1)
2022-08-23 14:21:49,674 INFO: Voice handshake complete. Endpoint found hongkong4066.discord.media
2022-08-23 14:21:50,860 INFO: selected the voice protocol for use (xsalsa20_poly1305_lite)
2022-08-23 14:21:51,092 INFO: received secret key for voice connection
2022-08-23 14:21:52,756 INFO: Preparing to terminate ffmpeg process 164.
2022-08-23 14:21:52,757 INFO: ffmpeg process 164 successfully terminated with return code of 0.
2022-08-23 14:21:55,412 INFO: Preparing to terminate ffmpeg process 174.
2022-08-23 14:21:55,412 INFO: ffmpeg process 174 successfully terminated with return code of 0.
2022-08-23 14:21:56,420 INFO: The voice handshake is being terminated for Channel ID 428109526550708238 (Guild ID 428109526550708234)
2022-08-23 14:21:56,421 INFO: Disconnecting from voice normally, close code 1000.
2022-08-23 14:22:10,738 INFO: BunnyplayGG in 9又4分之8.7月台[打不出幹話就講出來啊]
2022-08-23 14:22:10,812 INFO: Connecting to voice...
2022-08-23 14:22:10,813 INFO: Starting voice handshake... (connection attempt 1)
2022-08-23 14:22:11,109 INFO: Voice handshake complete. Endpoint found hongkong4066.discord.media
2022-08-23 14:22:12,257 INFO: selected the voice protocol for use (xsalsa20_poly1305_lite)
2022-08-23 14:22:12,489 INFO: received secret key for voice connection
2022-08-23 14:22:14,355 INFO: Preparing to terminate ffmpeg process 185.
2022-08-23 14:22:14,356 INFO: ffmpeg process 185 successfully terminated with return code of 0.
2022-08-23 14:22:17,225 INFO: Preparing to terminate ffmpeg process 195.
2022-08-23 14:22:17,225 INFO: ffmpeg process 195 successfully terminated with return code of 0.
2022-08-23 14:22:18,311 INFO: The voice handshake is being terminated for Channel ID 428109526550708238 (Guild ID 428109526550708234)
2022-08-23 14:22:18,312 INFO: Disconnecting from voice normally, close code 1000.
2022-08-23 14:22:40,393 INFO: 雪莉粉粉 out 9又4分之8.7月台[打不出幹話就講出來啊]
2022-08-23 14:22:40,394 INFO: Connecting to voice...
2022-08-23 14:22:40,394 INFO: Starting voice handshake... (connection attempt 1)
2022-08-23 14:22:40,758 INFO: Voice handshake complete. Endpoint found hongkong4066.discord.media
2022-08-23 14:22:41,907 INFO: selected the voice protocol for use (xsalsa20_poly1305_lite)
2022-08-23 14:22:42,133 INFO: received secret key for voice connection
2022-08-23 14:22:44,078 INFO: Preparing to terminate ffmpeg process 206.
2022-08-23 14:22:44,078 INFO: ffmpeg process 206 successfully terminated with return code of 0.
2022-08-23 14:22:45,144 INFO: The voice handshake is being terminated for Channel ID 428109526550708238 (Guild ID 428109526550708234)
2022-08-23 14:22:45,144 INFO: Disconnecting from voice normally, close code 1000.
2022-08-23 14:23:11,848 INFO: Chi in 9又4分之8.7月台[123是什麼敷衍的名字]
2022-08-23 14:23:12,031 INFO: Connecting to voice...
2022-08-23 14:23:12,031 INFO: Starting voice handshake... (connection attempt 1)
2022-08-23 14:23:12,266 INFO: Voice handshake complete. Endpoint found hongkong6904.discord.media
2022-08-23 14:23:13,504 INFO: selected the voice protocol for use (xsalsa20_poly1305_lite)
2022-08-23 14:23:13,742 INFO: received secret key for voice connection
2022-08-23 14:23:15,928 INFO: Preparing to terminate ffmpeg process 217.
2022-08-23 14:23:15,928 INFO: ffmpeg process 217 successfully terminated with return code of 0.
2022-08-23 14:23:17,919 INFO: Preparing to terminate ffmpeg process 227.
2022-08-23 14:23:17,919 INFO: ffmpeg process 227 successfully terminated with return code of 0.
2022-08-23 14:23:18,961 INFO: The voice handshake is being terminated for Channel ID 728631391809437746 (Guild ID 428109526550708234)
2022-08-23 14:23:18,962 INFO: Disconnecting from voice normally, close code 1000.
2022-08-23 14:23:19,029 INFO: Connecting to voice...
2022-08-23 14:23:19,029 INFO: Starting voice handshake... (connection attempt 1)
2022-08-23 14:23:19,297 INFO: Voice handshake complete. Endpoint found hongkong9472.discord.media
2022-08-23 14:23:19,408 ERROR: Exception occurred during Voice Protocol voice server update handler
Traceback (most recent call last):
  File "/opt/virtualenvs/python3/lib/python3.8/site-packages/discord/state.py", line 102, in logging_coroutine
    await coroutine
  File "/opt/virtualenvs/python3/lib/python3.8/site-packages/discord/voice_client.py", line 295, in on_voice_server_update
    await self.ws.close(4000)
AttributeError: 'NoneType' object has no attribute 'close'
2022-08-23 14:23:20,481 INFO: selected the voice protocol for use (xsalsa20_poly1305_lite)
2022-08-23 14:23:20,717 INFO: received secret key for voice connection
2022-08-23 14:23:26,062 INFO: Preparing to terminate ffmpeg process 238.
2022-08-23 14:23:26,063 INFO: ffmpeg process 238 successfully terminated with return code of 0.
2022-08-23 14:23:27,138 INFO: The voice handshake is being terminated for Channel ID 1011641792413827122 (Guild ID 428109526550708234)
2022-08-23 14:23:27,138 INFO: Disconnecting from voice normally, close code 1000.
2022-08-23 14:23:28,076 INFO: BunnyplayGG in 9又4分之8.7月台[123是什麼敷衍的名字]
2022-08-23 14:23:28,192 INFO: Connecting to voice...
2022-08-23 14:23:28,192 INFO: Starting voice handshake... (connection attempt 1)
2022-08-23 14:23:28,428 INFO: Voice handshake complete. Endpoint found hongkong6904.discord.media
2022-08-23 14:23:29,591 INFO: selected the voice protocol for use (xsalsa20_poly1305_lite)
2022-08-23 14:23:29,817 INFO: received secret key for voice connection
2022-08-23 14:23:32,202 INFO: Preparing to terminate ffmpeg process 249.
2022-08-23 14:23:32,203 INFO: ffmpeg process 249 successfully terminated with return code of 0.
2022-08-23 14:23:34,775 INFO: Preparing to terminate ffmpeg process 259.
2022-08-23 14:23:34,776 INFO: ffmpeg process 259 successfully terminated with return code of 0.
2022-08-23 14:23:35,842 INFO: The voice handshake is being terminated for Channel ID 728631391809437746 (Guild ID 428109526550708234)
2022-08-23 14:23:35,843 INFO: Disconnecting from voice normally, close code 1000.
2022-08-23 14:23:42,226 INFO: KyrieR in 9又4分之8.7月台[打不出幹話就講出來啊]
2022-08-23 14:23:42,328 INFO: Connecting to voice...
2022-08-23 14:23:42,328 INFO: Starting voice handshake... (connection attempt 1)
2022-08-23 14:23:42,588 INFO: Voice handshake complete. Endpoint found hongkong4066.discord.media
2022-08-23 14:23:43,741 INFO: selected the voice protocol for use (xsalsa20_poly1305_lite)
2022-08-23 14:23:43,968 INFO: received secret key for voice connection
2022-08-23 14:23:46,054 INFO: Preparing to terminate ffmpeg process 270.
2022-08-23 14:23:46,054 INFO: ffmpeg process 270 successfully terminated with return code of 0.
2022-08-23 14:23:48,183 INFO: Preparing to terminate ffmpeg process 280.
2022-08-23 14:23:48,184 INFO: ffmpeg process 280 successfully terminated with return code of 0.
2022-08-23 14:23:49,186 INFO: The voice handshake is being terminated for Channel ID 428109526550708238 (Guild ID 428109526550708234)
2022-08-23 14:23:49,186 INFO: Disconnecting from voice normally, close code 1000.
2022-08-23 14:27:32,064 INFO: Chi in 9又4分之8.7月台[打不出幹話就講出來啊]
2022-08-23 14:27:32,142 INFO: Connecting to voice...
2022-08-23 14:27:32,142 INFO: Starting voice handshake... (connection attempt 1)
2022-08-23 14:27:32,911 INFO: Voice handshake complete. Endpoint found hongkong4066.discord.media
2022-08-23 14:27:34,068 INFO: selected the voice protocol for use (xsalsa20_poly1305_lite)
2022-08-23 14:27:34,299 INFO: received secret key for voice connection
2022-08-23 14:27:36,460 INFO: BunnyplayGG in 9又4分之8.7月台[打不出幹話就講出來啊]
2022-08-23 14:27:36,484 INFO: Preparing to terminate ffmpeg process 309.
2022-08-23 14:27:36,484 INFO: ffmpeg process 309 successfully terminated with return code of 0.
2022-08-23 14:27:38,506 INFO: Preparing to terminate ffmpeg process 319.
2022-08-23 14:27:38,508 INFO: ffmpeg process 319 successfully terminated with return code of 0.
2022-08-23 14:27:41,936 INFO: Preparing to terminate ffmpeg process 329.
2022-08-23 14:27:41,936 INFO: ffmpeg process 329 successfully terminated with return code of 0.
2022-08-23 14:27:45,327 INFO: Preparing to terminate ffmpeg process 339.
2022-08-23 14:27:45,328 INFO: ffmpeg process 339 successfully terminated with return code of 0.
2022-08-23 14:27:46,373 INFO: The voice handshake is being terminated for Channel ID 428109526550708238 (Guild ID 428109526550708234)
2022-08-23 14:27:46,373 INFO: Disconnecting from voice normally, close code 1000.
2022-08-23 15:12:09,641 INFO: SparkleZ out 9又4分之8.7月台[打不出幹話就講出來啊]
2022-08-23 15:12:09,641 INFO: Connecting to voice...
2022-08-23 15:12:09,641 INFO: Starting voice handshake... (connection attempt 1)
2022-08-23 15:12:10,478 INFO: Voice handshake complete. Endpoint found hongkong4066.discord.media
2022-08-23 15:12:11,657 INFO: selected the voice protocol for use (xsalsa20_poly1305_lite)
2022-08-23 15:12:11,909 INFO: received secret key for voice connection
2022-08-23 15:12:13,898 INFO: Preparing to terminate ffmpeg process 405.
2022-08-23 15:12:13,899 INFO: ffmpeg process 405 successfully terminated with return code of 0.
2022-08-23 15:12:14,927 INFO: The voice handshake is being terminated for Channel ID 428109526550708238 (Guild ID 428109526550708234)
2022-08-23 15:12:14,928 INFO: Disconnecting from voice normally, close code 1000.
2022-08-23 15:12:19,367 INFO: wawa的n out 9又4分之8.7月台[欸欸欸這樣配可以嗎(思]
2022-08-23 15:12:19,367 INFO: Connecting to voice...
2022-08-23 15:12:19,367 INFO: Starting voice handshake... (connection attempt 1)
2022-08-23 15:12:19,720 INFO: Voice handshake complete. Endpoint found hongkong1626.discord.media
2022-08-23 15:12:21,198 INFO: selected the voice protocol for use (xsalsa20_poly1305_lite)
2022-08-23 15:12:21,430 INFO: received secret key for voice connection
2022-08-23 15:12:23,418 INFO: Preparing to terminate ffmpeg process 416.
2022-08-23 15:12:23,419 INFO: ffmpeg process 416 successfully terminated with return code of 0.
2022-08-23 15:12:24,445 INFO: The voice handshake is being terminated for Channel ID 868516155525046333 (Guild ID 428109526550708234)
2022-08-23 15:12:24,446 INFO: Disconnecting from voice normally, close code 1000.
2022-08-23 15:15:23,238 INFO: Fiven-chung in 9又4分之8.7月台[打不出幹話就講出來啊]
2022-08-23 15:15:23,364 INFO: Connecting to voice...
2022-08-23 15:15:23,364 INFO: Starting voice handshake... (connection attempt 1)
2022-08-23 15:15:24,141 INFO: Voice handshake complete. Endpoint found hongkong4066.discord.media
2022-08-23 15:15:25,322 INFO: selected the voice protocol for use (xsalsa20_poly1305_lite)
2022-08-23 15:15:25,554 INFO: received secret key for voice connection
2022-08-23 15:15:27,941 INFO: Preparing to terminate ffmpeg process 427.
2022-08-23 15:15:27,941 INFO: ffmpeg process 427 successfully terminated with return code of 0.
2022-08-23 15:15:30,797 INFO: Preparing to terminate ffmpeg process 437.
2022-08-23 15:15:30,798 INFO: ffmpeg process 437 successfully terminated with return code of 0.
2022-08-23 15:15:31,885 INFO: The voice handshake is being terminated for Channel ID 428109526550708238 (Guild ID 428109526550708234)
2022-08-23 15:15:31,885 INFO: Disconnecting from voice normally, close code 1000.
2022-08-23 15:28:44,882 INFO: 楓夜 in 9又4分之8.7月台[打不出幹話就講出來啊]
2022-08-23 15:28:44,961 INFO: Connecting to voice...
2022-08-23 15:28:44,961 INFO: Starting voice handshake... (connection attempt 1)
2022-08-23 15:28:45,753 INFO: Voice handshake complete. Endpoint found hongkong4066.discord.media
2022-08-23 15:28:46,971 INFO: selected the voice protocol for use (xsalsa20_poly1305_lite)
2022-08-23 15:28:47,220 INFO: received secret key for voice connection
2022-08-23 15:28:49,107 INFO: Preparing to terminate ffmpeg process 483.
2022-08-23 15:28:49,108 INFO: ffmpeg process 483 successfully terminated with return code of 0.
2022-08-23 15:28:51,240 INFO: Preparing to terminate ffmpeg process 493.
2022-08-23 15:28:51,240 INFO: ffmpeg process 493 successfully terminated with return code of 0.
2022-08-23 15:28:52,244 INFO: The voice handshake is being terminated for Channel ID 428109526550708238 (Guild ID 428109526550708234)
2022-08-23 15:28:52,245 INFO: Disconnecting from voice normally, close code 1000.
2022-08-23 15:29:34,998 INFO: Lexor out 9又4分之8.7月台[欸欸欸這樣配可以嗎(思]
2022-08-23 15:29:34,999 INFO: Connecting to voice...
2022-08-23 15:29:34,999 INFO: Starting voice handshake... (connection attempt 1)
2022-08-23 15:29:35,983 INFO: Voice handshake complete. Endpoint found hongkong1626.discord.media
2022-08-23 15:29:37,108 INFO: selected the voice protocol for use (xsalsa20_poly1305_lite)
2022-08-23 15:29:37,326 INFO: received secret key for voice connection
2022-08-23 15:29:39,013 INFO: Preparing to terminate ffmpeg process 504.
2022-08-23 15:29:39,014 INFO: ffmpeg process 504 successfully terminated with return code of 0.
2022-08-23 15:29:40,041 INFO: The voice handshake is being terminated for Channel ID 868516155525046333 (Guild ID 428109526550708234)
2022-08-23 15:29:40,041 INFO: Disconnecting from voice normally, close code 1000.
2022-08-23 15:29:40,814 INFO: DADA的DIAO out 9又4分之8.7月台[欸欸欸這樣配可以嗎(思]
2022-08-23 15:29:40,814 INFO: Connecting to voice...
2022-08-23 15:29:40,814 INFO: Starting voice handshake... (connection attempt 1)
2022-08-23 15:29:41,174 INFO: Voice handshake complete. Endpoint found hongkong1626.discord.media
2022-08-23 15:29:42,283 INFO: selected the voice protocol for use (xsalsa20_poly1305_lite)
2022-08-23 15:29:42,506 INFO: received secret key for voice connection
2022-08-23 15:29:42,551 INFO: MaiMai的Pool out 9又4分之8.7月台[欸欸欸這樣配可以嗎(思]
2022-08-23 15:29:44,593 INFO: Preparing to terminate ffmpeg process 515.
2022-08-23 15:29:44,594 INFO: ffmpeg process 515 successfully terminated with return code of 0.
2022-08-23 15:29:47,730 INFO: Preparing to terminate ffmpeg process 525.
2022-08-23 15:29:47,731 INFO: ffmpeg process 525 successfully terminated with return code of 0.
2022-08-23 15:29:48,738 INFO: The voice handshake is being terminated for Channel ID 868516155525046333 (Guild ID 428109526550708234)
2022-08-23 15:29:48,739 INFO: Disconnecting from voice normally, close code 1000.
2022-08-23 15:52:57,479 INFO: 楓夜 out 9又4分之8.7月台[打不出幹話就講出來啊]
2022-08-23 15:52:57,480 INFO: Connecting to voice...
2022-08-23 15:52:57,480 INFO: Starting voice handshake... (connection attempt 1)
2022-08-23 15:52:58,339 INFO: Voice handshake complete. Endpoint found hongkong4066.discord.media
2022-08-23 15:52:59,516 INFO: selected the voice protocol for use (xsalsa20_poly1305_lite)
2022-08-23 15:52:59,760 INFO: received secret key for voice connection
2022-08-23 15:53:01,465 INFO: Preparing to terminate ffmpeg process 554.
2022-08-23 15:53:01,465 INFO: ffmpeg process 554 successfully terminated with return code of 0.
2022-08-23 15:53:02,469 INFO: The voice handshake is being terminated for Channel ID 428109526550708238 (Guild ID 428109526550708234)
2022-08-23 15:53:02,470 INFO: Disconnecting from voice normally, close code 1000.
2022-08-23 16:04:28,274 INFO: Websocket closed with 1006, attempting a reconnect.
2022-08-23 16:04:28,275 INFO: Got a request to RESUME the websocket.
2022-08-23 16:04:28,439 INFO: Shard ID None has sent the RESUME payload.
2022-08-23 16:04:28,468 INFO: Shard ID None has successfully RESUMED session 1968faea161199d21181f4c5fcb3e445 under trace ["gateway-prd-main-ht9s",{"micros":653,"calls":["id_created",{"micros":0,"calls":[]},"session_lookup_time",{"micros":232,"calls":[]},"session_lookup_finished",{"micros":9,"calls":[]},"discord-sessions-blue-prd-2-9",{"micros":21}]}].
2022-08-23 16:16:09,830 INFO: 不偷家的飄飄大仙 out 9又4分之8.7月台[打不出幹話就講出來啊]
2022-08-23 16:16:09,830 INFO: Connecting to voice...
2022-08-23 16:16:09,830 INFO: Starting voice handshake... (connection attempt 1)
2022-08-23 16:16:10,708 INFO: Voice handshake complete. Endpoint found hongkong4066.discord.media
2022-08-23 16:16:11,237 INFO: 不偷家的飄飄大仙 in 9又4分之8.7月台[打不出幹話就講出來啊]
2022-08-23 16:16:11,959 INFO: selected the voice protocol for use (xsalsa20_poly1305_lite)
2022-08-23 16:16:12,220 INFO: received secret key for voice connection
2022-08-23 16:16:15,107 INFO: Preparing to terminate ffmpeg process 601.
2022-08-23 16:16:15,108 INFO: ffmpeg process 601 successfully terminated with return code of 0.
2022-08-23 16:16:19,203 INFO: Preparing to terminate ffmpeg process 611.
2022-08-23 16:16:19,204 INFO: ffmpeg process 611 successfully terminated with return code of 0.
2022-08-23 16:16:21,323 INFO: Preparing to terminate ffmpeg process 621.
2022-08-23 16:16:21,324 INFO: ffmpeg process 621 successfully terminated with return code of 0.
2022-08-23 16:16:22,367 INFO: The voice handshake is being terminated for Channel ID 428109526550708238 (Guild ID 428109526550708234)
2022-08-23 16:16:22,367 INFO: Disconnecting from voice normally, close code 1000.
2022-08-23 16:16:56,567 INFO: BunnyplayGG out 9又4分之8.7月台[打不出幹話就講出來啊]
2022-08-23 16:16:56,568 INFO: Connecting to voice...
2022-08-23 16:16:56,568 INFO: Starting voice handshake... (connection attempt 1)
2022-08-23 16:16:56,798 INFO: Voice handshake complete. Endpoint found hongkong4066.discord.media
2022-08-23 16:16:57,994 INFO: selected the voice protocol for use (xsalsa20_poly1305_lite)
2022-08-23 16:16:58,271 INFO: received secret key for voice connection
2022-08-23 16:17:00,639 INFO: Preparing to terminate ffmpeg process 650.
2022-08-23 16:17:00,640 INFO: ffmpeg process 650 successfully terminated with return code of 0.
2022-08-23 16:17:01,686 INFO: The voice handshake is being terminated for Channel ID 428109526550708238 (Guild ID 428109526550708234)
2022-08-23 16:17:01,687 INFO: Disconnecting from voice normally, close code 1000.
2022-08-23 16:26:31,718 INFO: Chi out 9又4分之8.7月台[打不出幹話就講出來啊]
2022-08-23 16:26:31,719 INFO: Connecting to voice...
2022-08-23 16:26:31,719 INFO: Starting voice handshake... (connection attempt 1)
2022-08-23 16:26:32,623 INFO: Voice handshake complete. Endpoint found hongkong4066.discord.media
2022-08-23 16:26:33,866 INFO: selected the voice protocol for use (xsalsa20_poly1305_lite)
2022-08-23 16:26:34,125 INFO: received secret key for voice connection
2022-08-23 16:26:35,693 INFO: Preparing to terminate ffmpeg process 679.
2022-08-23 16:26:35,694 INFO: ffmpeg process 679 successfully terminated with return code of 0.
2022-08-23 16:26:36,740 INFO: The voice handshake is being terminated for Channel ID 428109526550708238 (Guild ID 428109526550708234)
2022-08-23 16:26:36,741 INFO: Disconnecting from voice normally, close code 1000.
2022-08-23 16:29:52,681 INFO: Fiven-chung out 9又4分之8.7月台[打不出幹話就講出來啊]
2022-08-23 16:29:52,682 INFO: Connecting to voice...
2022-08-23 16:29:52,682 INFO: Starting voice handshake... (connection attempt 1)
2022-08-23 16:29:53,574 INFO: Voice handshake complete. Endpoint found hongkong4066.discord.media
2022-08-23 16:29:54,791 INFO: selected the voice protocol for use (xsalsa20_poly1305_lite)
2022-08-23 16:29:55,035 INFO: received secret key for voice connection
2022-08-23 16:29:56,962 INFO: Preparing to terminate ffmpeg process 690.
2022-08-23 16:29:56,963 INFO: ffmpeg process 690 successfully terminated with return code of 0.
2022-08-23 16:29:58,050 INFO: The voice handshake is being terminated for Channel ID 428109526550708238 (Guild ID 428109526550708234)
2022-08-23 16:29:58,051 INFO: Disconnecting from voice normally, close code 1000.
2022-08-23 16:30:53,381 INFO: 不偷家的飄飄大仙 out 9又4分之8.7月台[打不出幹話就講出來啊]
2022-08-23 16:30:53,381 INFO: Connecting to voice...
2022-08-23 16:30:53,381 INFO: Starting voice handshake... (connection attempt 1)
2022-08-23 16:30:53,649 INFO: Voice handshake complete. Endpoint found hongkong4066.discord.media
2022-08-23 16:30:54,818 INFO: selected the voice protocol for use (xsalsa20_poly1305_lite)
2022-08-23 16:30:55,051 INFO: received secret key for voice connection
2022-08-23 16:30:57,940 INFO: Preparing to terminate ffmpeg process 701.
2022-08-23 16:30:57,941 INFO: ffmpeg process 701 successfully terminated with return code of 0.
2022-08-23 16:30:58,971 INFO: The voice handshake is being terminated for Channel ID 428109526550708238 (Guild ID 428109526550708234)
2022-08-23 16:30:58,972 INFO: Disconnecting from voice normally, close code 1000.
2022-08-23 16:33:20,442 INFO: 雪莉粉粉 in 9又4分之8.7月台[打不出幹話就講出來啊]
2022-08-23 16:33:20,485 INFO: Connecting to voice...
2022-08-23 16:33:20,485 INFO: Starting voice handshake... (connection attempt 1)
2022-08-23 16:33:21,327 INFO: Voice handshake complete. Endpoint found hongkong4066.discord.media
2022-08-23 16:33:22,565 INFO: selected the voice protocol for use (xsalsa20_poly1305_lite)
2022-08-23 16:33:22,814 INFO: received secret key for voice connection
2022-08-23 16:33:25,462 INFO: Preparing to terminate ffmpeg process 712.
2022-08-23 16:33:25,463 INFO: ffmpeg process 712 successfully terminated with return code of 0.
2022-08-23 16:33:27,496 INFO: Preparing to terminate ffmpeg process 722.
2022-08-23 16:33:27,497 INFO: ffmpeg process 722 successfully terminated with return code of 0.
2022-08-23 16:33:28,540 INFO: The voice handshake is being terminated for Channel ID 428109526550708238 (Guild ID 428109526550708234)
2022-08-23 16:33:28,540 INFO: Disconnecting from voice normally, close code 1000.
2022-08-23 16:39:40,192 INFO: 雪莉粉粉 out 9又4分之8.7月台[打不出幹話就講出來啊]
2022-08-23 16:39:40,193 INFO: Connecting to voice...
2022-08-23 16:39:40,193 INFO: Starting voice handshake... (connection attempt 1)
2022-08-23 16:39:41,067 INFO: Voice handshake complete. Endpoint found hongkong4066.discord.media
2022-08-23 16:39:42,266 INFO: selected the voice protocol for use (xsalsa20_poly1305_lite)
2022-08-23 16:39:42,507 INFO: received secret key for voice connection
2022-08-23 16:39:44,456 INFO: Preparing to terminate ffmpeg process 733.
2022-08-23 16:39:44,457 INFO: ffmpeg process 733 successfully terminated with return code of 0.
2022-08-23 16:39:45,523 INFO: The voice handshake is being terminated for Channel ID 428109526550708238 (Guild ID 428109526550708234)
2022-08-23 16:39:45,523 INFO: Disconnecting from voice normally, close code 1000.
2022-08-23 16:39:52,080 INFO: KyrieR out 9又4分之8.7月台[打不出幹話就講出來啊]
2022-08-23 16:39:52,081 INFO: Connecting to voice...
2022-08-23 16:39:52,081 INFO: Starting voice handshake... (connection attempt 1)
2022-08-23 16:39:52,185 INFO: Voice handshake complete. Endpoint found atlanta470.discord.media
2022-08-23 16:39:52,304 INFO: selected the voice protocol for use (xsalsa20_poly1305_lite)
2022-08-23 16:39:52,317 INFO: received secret key for voice connection
2022-08-23 16:39:54,124 INFO: Preparing to terminate ffmpeg process 744.
2022-08-23 16:39:54,125 INFO: ffmpeg process 744 successfully terminated with return code of 0.
2022-08-23 16:39:55,132 INFO: The voice handshake is being terminated for Channel ID 428109526550708238 (Guild ID 428109526550708234)
2022-08-23 16:39:55,132 INFO: Disconnecting from voice normally, close code 1000.
2022-08-23 17:10:22,978 INFO: Got a request to RESUME the websocket.
2022-08-23 17:10:23,135 INFO: Shard ID None has sent the RESUME payload.
2022-08-23 17:10:23,162 INFO: Shard ID None has successfully RESUMED session 1968faea161199d21181f4c5fcb3e445 under trace ["gateway-prd-main-fzhj",{"micros":889,"calls":["id_created",{"micros":0,"calls":[]},"session_lookup_time",{"micros":238,"calls":[]},"session_lookup_finished",{"micros":18,"calls":[]},"discord-sessions-blue-prd-2-9",{"micros":36}]}].
2022-08-23 17:48:01,994 INFO: Got a request to RESUME the websocket.
2022-08-23 17:48:02,161 INFO: Shard ID None has sent the RESUME payload.
2022-08-23 17:48:02,188 INFO: Shard ID None has successfully RESUMED session 1968faea161199d21181f4c5fcb3e445 under trace ["gateway-prd-main-h87z",{"micros":682,"calls":["id_created",{"micros":0,"calls":[]},"session_lookup_time",{"micros":279,"calls":[]},"session_lookup_finished",{"micros":10,"calls":[]},"discord-sessions-blue-prd-2-9",{"micros":18}]}].
2022-08-23 20:35:06,137 INFO: Websocket closed with 1006, attempting a reconnect.
2022-08-23 20:35:06,137 INFO: Got a request to RESUME the websocket.
2022-08-23 20:35:06,304 INFO: Shard ID None has sent the RESUME payload.
2022-08-23 20:35:06,330 INFO: Shard ID None has successfully RESUMED session 1968faea161199d21181f4c5fcb3e445 under trace ["gateway-prd-main-bnr4",{"micros":846,"calls":["id_created",{"micros":0,"calls":[]},"session_lookup_time",{"micros":482,"calls":[]},"session_lookup_finished",{"micros":15,"calls":[]},"discord-sessions-blue-prd-2-9",{"micros":19}]}].
2022-08-24 00:14:49,773 INFO: Got a request to RESUME the websocket.
2022-08-24 00:14:49,938 INFO: Shard ID None has sent the RESUME payload.
2022-08-24 00:14:49,961 INFO: Shard ID None has successfully RESUMED session 1968faea161199d21181f4c5fcb3e445 under trace ["gateway-prd-main-5jpj",{"micros":481,"calls":["id_created",{"micros":0,"calls":[]},"session_lookup_time",{"micros":247,"calls":[]},"session_lookup_finished",{"micros":13,"calls":[]},"discord-sessions-blue-prd-2-9",{"micros":16}]}].
2022-08-24 03:51:46,639 INFO: Got a request to RESUME the websocket.
2022-08-24 03:51:46,786 INFO: Shard ID None has sent the RESUME payload.
2022-08-24 03:51:46,820 INFO: Shard ID None has successfully RESUMED session 1968faea161199d21181f4c5fcb3e445 under trace ["gateway-prd-main-jl2k",{"micros":608,"calls":["id_created",{"micros":0,"calls":[]},"session_lookup_time",{"micros":314,"calls":[]},"session_lookup_finished",{"micros":12,"calls":[]},"discord-sessions-blue-prd-2-9",{"micros":16}]}].
2022-08-24 05:06:06,195 INFO: Got a request to RESUME the websocket.
2022-08-24 05:06:06,339 INFO: Shard ID None has sent the RESUME payload.
2022-08-24 05:06:06,366 INFO: Shard ID None has successfully RESUMED session 1968faea161199d21181f4c5fcb3e445 under trace ["gateway-prd-main-st65",{"micros":523,"calls":["id_created",{"micros":0,"calls":[]},"session_lookup_time",{"micros":255,"calls":[]},"session_lookup_finished",{"micros":8,"calls":[]},"discord-sessions-blue-prd-2-9",{"micros":16}]}].
2022-08-24 06:03:19,354 INFO: Got a request to RESUME the websocket.
2022-08-24 06:03:19,491 INFO: Shard ID None has sent the RESUME payload.
2022-08-24 06:03:19,515 INFO: Shard ID None has successfully RESUMED session 1968faea161199d21181f4c5fcb3e445 under trace ["gateway-prd-main-zk06",{"micros":574,"calls":["id_created",{"micros":0,"calls":[]},"session_lookup_time",{"micros":347,"calls":[]},"session_lookup_finished",{"micros":21,"calls":[]},"discord-sessions-blue-prd-2-9",{"micros":16}]}].
2022-08-24 07:25:38,407 INFO: Websocket closed with 1006, attempting a reconnect.
2022-08-24 07:25:38,408 INFO: Got a request to RESUME the websocket.
2022-08-24 07:25:38,544 INFO: Shard ID None has sent the RESUME payload.
2022-08-24 07:25:38,577 INFO: Shard ID None has successfully RESUMED session 1968faea161199d21181f4c5fcb3e445 under trace ["gateway-prd-main-81dm",{"micros":5140,"calls":["id_created",{"micros":0,"calls":[]},"session_lookup_time",{"micros":288,"calls":[]},"session_lookup_finished",{"micros":13,"calls":[]},"discord-sessions-blue-prd-2-9",{"micros":18}]}].
2022-08-24 07:33:12,320 INFO: Websocket closed with 1006, attempting a reconnect.
2022-08-24 07:33:12,320 INFO: Got a request to RESUME the websocket.
2022-08-24 07:33:12,485 INFO: Shard ID None has sent the RESUME payload.
2022-08-24 07:33:12,509 INFO: Shard ID None has successfully RESUMED session 1968faea161199d21181f4c5fcb3e445 under trace ["gateway-prd-main-jt5h",{"micros":555,"calls":["id_created",{"micros":0,"calls":[]},"session_lookup_time",{"micros":305,"calls":[]},"session_lookup_finished",{"micros":25,"calls":[]},"discord-sessions-blue-prd-2-9",{"micros":40}]}].
