2022-03-30 18:20:20,314 INFO: logging in using static token
2022-03-30 18:20:20,609 INFO: Shard ID None has sent the IDENTIFY payload.
2022-03-30 18:20:20,703 INFO: Shard ID None has connected to Gateway: ["gateway-prd-main-1gpv",{"micros":53343,"calls":["discord-sessions-blue-prd-2-127",{"micros":52313,"calls":["start_session",{"micros":43735,"calls":["discord-api-68c78c657c-rppfw",{"micros":39952,"calls":["get_user",{"micros":7900},"add_authorized_ip",{"micros":2591},"get_guilds",{"micros":5911},"coros_wait",{"micros":2}]}]},"guilds_connect",{"micros":28,"calls":[]},"presence_connect",{"micros":5208,"calls":[]}]}]}] (Session ID: 46ecbe32d46ac1aee3b358e2db419ddc).
2022-03-30 18:20:22,758 INFO: 目前登入身份：神奇海螺#3847
2022-03-30 22:01:59,193 INFO: logging in using static token
2022-03-30 22:01:59,545 INFO: Shard ID None has sent the IDENTIFY payload.
2022-03-30 22:01:59,758 INFO: Shard ID None has connected to Gateway: ["gateway-prd-main-m0fs",{"micros":166714,"calls":["discord-sessions-blue-prd-2-58",{"micros":165720,"calls":["start_session",{"micros":138877,"calls":["discord-api-8694959655-4p2mf",{"micros":132431,"calls":["get_user",{"micros":14430},"add_authorized_ip",{"micros":7092},"get_guilds",{"micros":15358},"coros_wait",{"micros":3}]}]},"guilds_connect",{"micros":20,"calls":[]},"presence_connect",{"micros":9876,"calls":[]}]}]}] (Session ID: 0ce6ed109fc893bd860e91c4105559e5).
2022-03-30 22:02:01,829 INFO: 目前登入身份：神奇海螺#3847
2022-03-30 23:16:14,712 INFO: logging in using static token
2022-03-30 23:16:14,970 INFO: Shard ID None has sent the IDENTIFY payload.
2022-03-30 23:16:15,266 INFO: Shard ID None has connected to Gateway: ["gateway-prd-main-mqjt",{"micros":252513,"calls":["discord-sessions-blue-prd-2-7",{"micros":233082,"calls":["start_session",{"micros":208553,"calls":["discord-api-8694959655-g4c2w",{"micros":64076,"calls":["get_user",{"micros":13560},"add_authorized_ip",{"micros":4942},"get_guilds",{"micros":4884},"coros_wait",{"micros":2}]}]},"guilds_connect",{"micros":20,"calls":[]},"presence_connect",{"micros":8311,"calls":[]}]}]}] (Session ID: 37d4539fea35199b33b024d48cd581fb).
2022-03-30 23:16:17,385 INFO: 目前登入身份：神奇海螺#3847
2022-03-31 00:14:28,782 INFO: logging in using static token
2022-03-31 00:14:29,029 INFO: Shard ID None has sent the IDENTIFY payload.
2022-03-31 00:14:29,145 INFO: Shard ID None has connected to Gateway: ["gateway-prd-main-vvpl",{"micros":75936,"calls":["discord-sessions-blue-prd-2-117",{"micros":75230,"calls":["start_session",{"micros":59037,"calls":["discord-api-74f7cdb5c-lh6n7",{"micros":55343,"calls":["get_user",{"micros":5345},"add_authorized_ip",{"micros":1320},"get_guilds",{"micros":5832},"coros_wait",{"micros":3}]}]},"guilds_connect",{"micros":21,"calls":[]},"presence_connect",{"micros":3122,"calls":[]}]}]}] (Session ID: c9a3c662dc1f0fa189f7567da35821dd).
2022-03-31 00:14:31,199 INFO: 目前登入身份：神奇海螺#3847
2022-03-31 02:09:06,726 INFO: Got a request to RESUME the websocket.
2022-03-31 02:09:06,909 INFO: Shard ID None has sent the RESUME payload.
2022-03-31 02:09:06,951 INFO: Shard ID None has successfully RESUMED session c9a3c662dc1f0fa189f7567da35821dd under trace ["gateway-prd-main-x1x0",{"micros":494,"calls":["discord-sessions-blue-prd-2-117",{"micros":21}]}].
2022-03-31 02:37:02,467 INFO: Got a request to RESUME the websocket.
2022-03-31 02:37:02,636 INFO: Shard ID None has sent the RESUME payload.
2022-03-31 02:37:02,698 INFO: Shard ID None has successfully RESUMED session c9a3c662dc1f0fa189f7567da35821dd under trace ["gateway-prd-main-jp8c",{"micros":509,"calls":["discord-sessions-blue-prd-2-117",{"micros":33}]}].
2022-03-31 04:51:38,516 INFO: Got a request to RESUME the websocket.
2022-03-31 04:51:38,665 INFO: Shard ID None has sent the RESUME payload.
2022-03-31 04:51:38,705 INFO: Shard ID None has successfully RESUMED session c9a3c662dc1f0fa189f7567da35821dd under trace ["gateway-prd-main-s6k1",{"micros":647,"calls":["discord-sessions-blue-prd-2-117",{"micros":18}]}].
2022-03-31 05:46:03,343 INFO: Got a request to RESUME the websocket.
2022-03-31 05:46:03,498 INFO: Shard ID None has sent the RESUME payload.
2022-03-31 05:46:03,547 INFO: Shard ID None has successfully RESUMED session c9a3c662dc1f0fa189f7567da35821dd under trace ["gateway-prd-main-wgk4",{"micros":8722,"calls":["discord-sessions-blue-prd-2-117",{"micros":16}]}].
2022-03-31 06:36:54,742 INFO: Got a request to RESUME the websocket.
2022-03-31 06:36:54,905 INFO: Shard ID None has sent the RESUME payload.
2022-03-31 06:36:54,944 INFO: Shard ID None has successfully RESUMED session c9a3c662dc1f0fa189f7567da35821dd under trace ["gateway-prd-main-kr64",{"micros":537,"calls":["discord-sessions-blue-prd-2-117",{"micros":19}]}].
2022-03-31 09:29:57,388 INFO: Got a request to RESUME the websocket.
2022-03-31 09:29:57,536 INFO: Shard ID None has sent the RESUME payload.
2022-03-31 09:29:57,574 INFO: Shard ID None has successfully RESUMED session c9a3c662dc1f0fa189f7567da35821dd under trace ["gateway-prd-main-g8js",{"micros":569,"calls":["discord-sessions-blue-prd-2-117",{"micros":22}]}].
2022-03-31 10:03:56,086 INFO: Got a request to RESUME the websocket.
2022-03-31 10:03:56,251 INFO: Shard ID None has sent the RESUME payload.
2022-03-31 10:03:56,308 INFO: Shard ID None has successfully RESUMED session c9a3c662dc1f0fa189f7567da35821dd under trace ["gateway-prd-main-qfw9",{"micros":5428,"calls":["discord-sessions-blue-prd-2-117",{"micros":20}]}].
2022-03-31 10:24:13,385 INFO: Got a request to RESUME the websocket.
2022-03-31 10:24:13,539 INFO: Shard ID None has sent the RESUME payload.
2022-03-31 10:24:13,576 INFO: Shard ID None has successfully RESUMED session c9a3c662dc1f0fa189f7567da35821dd under trace ["gateway-prd-main-7457",{"micros":575,"calls":["discord-sessions-blue-prd-2-117",{"micros":23}]}].
2022-03-31 11:17:45,393 INFO: 飄飄的飄飄大仙 in 9又4分之8.7月台[123是什麼敷衍的名字]
2022-03-31 11:17:45,591 INFO: Connecting to voice...
2022-03-31 11:17:45,591 INFO: Starting voice handshake... (connection attempt 1)
2022-03-31 11:17:46,153 INFO: Voice handshake complete. Endpoint found hongkong806.discord.media
2022-03-31 11:17:46,351 ERROR: Exception occurred during Voice Protocol voice server update handler
Traceback (most recent call last):
  File "/opt/virtualenvs/python3/lib/python3.8/site-packages/discord/state.py", line 102, in logging_coroutine
    await coroutine
  File "/opt/virtualenvs/python3/lib/python3.8/site-packages/discord/voice_client.py", line 295, in on_voice_server_update
    await self.ws.close(4000)
AttributeError: 'NoneType' object has no attribute 'close'
2022-03-31 11:17:47,423 INFO: selected the voice protocol for use (xsalsa20_poly1305_lite)
2022-03-31 11:17:47,636 INFO: received secret key for voice connection
2022-03-31 11:17:50,987 INFO: Preparing to terminate ffmpeg process 1923.
2022-03-31 11:17:50,988 INFO: ffmpeg process 1923 successfully terminated with return code of 0.
2022-03-31 11:17:54,443 INFO: Preparing to terminate ffmpeg process 1934.
2022-03-31 11:17:54,445 INFO: ffmpeg process 1934 successfully terminated with return code of 0.
2022-03-31 11:17:55,493 INFO: The voice handshake is being terminated for Channel ID 728631391809437746 (Guild ID 428109526550708234)
2022-03-31 11:17:55,494 INFO: Disconnecting from voice normally, close code 1000.
2022-03-31 11:30:48,254 INFO: 飄飄的飄飄大仙 out 9又4分之8.7月台[123是什麼敷衍的名字]
2022-03-31 11:30:48,254 INFO: Connecting to voice...
2022-03-31 11:30:48,254 INFO: Starting voice handshake... (connection attempt 1)
2022-03-31 11:30:48,432 INFO: Voice handshake complete. Endpoint found us-central2457.discord.media
2022-03-31 11:30:48,549 INFO: selected the voice protocol for use (xsalsa20_poly1305_lite)
2022-03-31 11:30:48,566 INFO: received secret key for voice connection
2022-03-31 11:30:51,213 INFO: Preparing to terminate ffmpeg process 1945.
2022-03-31 11:30:51,214 INFO: ffmpeg process 1945 successfully terminated with return code of 0.
2022-03-31 11:30:52,284 INFO: The voice handshake is being terminated for Channel ID 728631391809437746 (Guild ID 428109526550708234)
2022-03-31 11:30:52,285 INFO: Disconnecting from voice normally, close code 1000.
2022-03-31 12:48:51,660 INFO: Got a request to RESUME the websocket.
2022-03-31 12:48:51,835 INFO: Shard ID None has sent the RESUME payload.
2022-03-31 12:48:51,885 INFO: Shard ID None has successfully RESUMED session c9a3c662dc1f0fa189f7567da35821dd under trace ["gateway-prd-main-mbq9",{"micros":8443,"calls":["discord-sessions-blue-prd-2-117",{"micros":26}]}].
2022-03-31 13:36:14,976 INFO: Chi in 9又4分之8.7月台[打不出幹話就講出來啊]
2022-03-31 13:36:15,050 INFO: Connecting to voice...
2022-03-31 13:36:15,050 INFO: Starting voice handshake... (connection attempt 1)
2022-03-31 13:36:15,720 INFO: Voice handshake complete. Endpoint found hongkong6636.discord.media
2022-03-31 13:36:15,918 ERROR: Exception occurred during Voice Protocol voice server update handler
Traceback (most recent call last):
  File "/opt/virtualenvs/python3/lib/python3.8/site-packages/discord/state.py", line 102, in logging_coroutine
    await coroutine
  File "/opt/virtualenvs/python3/lib/python3.8/site-packages/discord/voice_client.py", line 295, in on_voice_server_update
    await self.ws.close(4000)
AttributeError: 'NoneType' object has no attribute 'close'
2022-03-31 13:36:17,042 INFO: selected the voice protocol for use (xsalsa20_poly1305_lite)
2022-03-31 13:36:17,261 INFO: received secret key for voice connection
2022-03-31 13:36:19,463 INFO: Preparing to terminate ffmpeg process 2294.
2022-03-31 13:36:19,464 INFO: ffmpeg process 2294 successfully terminated with return code of 0.
2022-03-31 13:36:22,038 INFO: Preparing to terminate ffmpeg process 2304.
2022-03-31 13:36:22,042 INFO: ffmpeg process 2304 successfully terminated with return code of 0.
2022-03-31 13:36:23,109 INFO: The voice handshake is being terminated for Channel ID 428109526550708238 (Guild ID 428109526550708234)
2022-03-31 13:36:23,113 INFO: Disconnecting from voice normally, close code 1000.
