2022-12-21 19:41:33,021 INFO: logging in using static token
2022-12-21 19:41:33,619 INFO: Shard ID None has connected to Gateway (Session ID: c418a71171cc36fe69c8c1a1a525d839).
2022-12-21 19:41:35,643 INFO: 目前登入身份：神奇海螺#3847
2022-12-21 21:11:51,917 INFO: Shard ID None has successfully RESUMED session c418a71171cc36fe69c8c1a1a525d839.
2022-12-21 21:21:43,025 INFO: HGFS out 9又4分之8.7月台[123是什麼敷衍的名字]
2022-12-21 21:21:44,209 INFO: Connecting to voice...
2022-12-21 21:21:44,210 INFO: Starting voice handshake... (connection attempt 1)
2022-12-21 21:21:44,523 INFO: Voice handshake complete. Endpoint found hongkong10000.discord.media
2022-12-21 21:21:47,806 INFO: ffmpeg process 420 successfully terminated with return code of 0.
2022-12-21 21:21:48,897 INFO: The voice handshake is being terminated for Channel ID 728631391809437746 (Guild ID 428109526550708234)
2022-12-21 21:21:48,898 INFO: Disconnecting from voice normally, close code 1000.
2022-12-21 23:29:23,074 INFO: Shard ID None has successfully RESUMED session c418a71171cc36fe69c8c1a1a525d839.
2022-12-22 00:10:29,634 INFO: logging in using static token
2022-12-22 00:10:30,183 INFO: Shard ID None has connected to Gateway (Session ID: 3ebef7a2a2edc05c24a397751ec440e7).
2022-12-22 00:10:32,186 INFO: 目前登入身份：神奇海螺#3847
2022-12-22 01:13:22,312 INFO: 神奇海螺 in 9又4分之8.7月台[123是什麼敷衍的名字]
2022-12-22 01:13:22,320 INFO: Connecting to voice...
2022-12-22 01:13:22,321 INFO: Starting voice handshake... (connection attempt 1)
2022-12-22 01:13:22,496 INFO: Voice handshake complete. Endpoint found hongkong5897.discord.media
2022-12-22 01:13:22,695 ERROR: Exception occurred during Voice Protocol voice server update handler
Traceback (most recent call last):
  File "/opt/virtualenvs/python3/lib/python3.8/site-packages/discord/state.py", line 157, in logging_coroutine
    await coroutine
  File "/opt/virtualenvs/python3/lib/python3.8/site-packages/discord/voice_client.py", line 337, in on_voice_server_update
    await self.ws.close(4000)
AttributeError: '_MissingSentinel' object has no attribute 'close'
2022-12-22 01:13:26,200 INFO: ffmpeg process 334 successfully terminated with return code of 0.
2022-12-22 01:13:34,652 INFO: ffmpeg process 345 successfully terminated with return code of 0.
2022-12-22 01:13:35,694 INFO: The voice handshake is being terminated for Channel ID 728631391809437746 (Guild ID 428109526550708234)
2022-12-22 01:13:35,695 INFO: Disconnecting from voice normally, close code 1000.
2022-12-22 02:21:32,409 INFO: Shard ID None has successfully RESUMED session 3ebef7a2a2edc05c24a397751ec440e7.
2022-12-22 04:58:13,302 INFO: Shard ID None has successfully RESUMED session 3ebef7a2a2edc05c24a397751ec440e7.
2022-12-22 15:12:54,720 INFO: logging in using static token
2022-12-22 15:12:55,143 INFO: Shard ID None has connected to Gateway (Session ID: a5f74002516c2861b6bb19d9b2e2f8e9).
2022-12-22 15:12:57,153 INFO: 目前登入身份：神奇海螺#3847
2022-12-22 15:13:08,484 INFO: 楓夜 out 9又4分之8.7月台[123是什麼敷衍的名字]
2022-12-22 15:13:08,485 INFO: Connecting to voice...
2022-12-22 15:13:08,485 INFO: Starting voice handshake... (connection attempt 1)
2022-12-22 15:13:08,769 INFO: Voice handshake complete. Endpoint found hongkong8182.discord.media
2022-12-22 15:13:11,986 INFO: ffmpeg process 296 successfully terminated with return code of 0.
2022-12-22 15:13:12,530 INFO: 楓夜 in 9又4分之8.7月台[123是什麼敷衍的名字]
2022-12-22 15:13:14,880 INFO: ffmpeg process 315 successfully terminated with return code of 0.
2022-12-22 15:13:17,457 INFO: ffmpeg process 333 successfully terminated with return code of 0.
2022-12-22 15:13:18,522 INFO: The voice handshake is being terminated for Channel ID 728631391809437746 (Guild ID 428109526550708234)
2022-12-22 15:13:18,523 INFO: Disconnecting from voice normally, close code 1000.
2022-12-22 16:26:24,751 INFO: 楓夜 out 9又4分之8.7月台[123是什麼敷衍的名字]
2022-12-22 16:26:24,751 INFO: Connecting to voice...
2022-12-22 16:26:24,752 INFO: Starting voice handshake... (connection attempt 1)
2022-12-22 16:26:25,025 INFO: Voice handshake complete. Endpoint found hongkong8182.discord.media
2022-12-22 16:26:28,831 INFO: ffmpeg process 498 successfully terminated with return code of 0.
2022-12-22 16:26:29,897 INFO: The voice handshake is being terminated for Channel ID 728631391809437746 (Guild ID 428109526550708234)
2022-12-22 16:26:29,897 INFO: Disconnecting from voice normally, close code 1000.
2022-12-22 16:28:08,533 INFO: BunnyplayGG out 9又4分之8.7月台[123是什麼敷衍的名字]
2022-12-22 16:28:08,534 INFO: Connecting to voice...
2022-12-22 16:28:08,534 INFO: Starting voice handshake... (connection attempt 1)
2022-12-22 16:28:08,806 INFO: Voice handshake complete. Endpoint found hongkong8182.discord.media
2022-12-22 16:28:10,806 INFO: Chi out 9又4分之8.7月台[123是什麼敷衍的名字]
2022-12-22 16:28:12,616 INFO: ffmpeg process 546 successfully terminated with return code of 0.
2022-12-22 16:28:15,233 INFO: ffmpeg process 564 successfully terminated with return code of 0.
2022-12-22 16:28:16,279 INFO: The voice handshake is being terminated for Channel ID 728631391809437746 (Guild ID 428109526550708234)
2022-12-22 16:28:16,280 INFO: Disconnecting from voice normally, close code 1000.
2022-12-22 16:29:25,954 INFO: Fiven-chung out 9又4分之8.7月台[123是什麼敷衍的名字]
2022-12-22 16:29:25,954 INFO: Connecting to voice...
2022-12-22 16:29:25,955 INFO: Starting voice handshake... (connection attempt 1)
2022-12-22 16:29:26,063 INFO: Voice handshake complete. Endpoint found atlanta1350.discord.media
2022-12-22 16:29:28,116 INFO: ffmpeg process 583 successfully terminated with return code of 0.
2022-12-22 16:29:29,202 INFO: The voice handshake is being terminated for Channel ID 728631391809437746 (Guild ID 428109526550708234)
2022-12-22 16:29:29,202 INFO: Disconnecting from voice normally, close code 1000.
