2022-12-02 17:05:12,494 INFO: logging in using static token
2022-12-02 17:05:13,006 INFO: Shard ID None has connected to Gateway (Session ID: 1058e45225fcb34fb5519ebe7f4d470d).
2022-12-02 17:05:15,032 INFO: 目前登入身份：神奇海螺#3847
2022-12-02 17:07:48,237 INFO: Chow chow in 9又4分之8.7月台[打不出幹話就講出來啊]
2022-12-02 17:07:48,277 INFO: Connecting to voice...
2022-12-02 17:07:48,277 INFO: Starting voice handshake... (connection attempt 1)
2022-12-02 17:07:48,614 INFO: Voice handshake complete. Endpoint found hongkong5087.discord.media
2022-12-02 17:07:52,521 INFO: ffmpeg process 141 successfully terminated with return code of 0.
2022-12-02 17:07:54,734 INFO: WeIrdnA out 9又4分之8.7月台[打不出幹話就講出來啊]
2022-12-02 17:07:54,978 INFO: ffmpeg process 152 successfully terminated with return code of 0.
2022-12-02 17:07:58,010 INFO: ffmpeg process 162 successfully terminated with return code of 0.
2022-12-02 17:07:59,099 INFO: The voice handshake is being terminated for Channel ID 428109526550708238 (Guild ID 428109526550708234)
2022-12-02 17:07:59,100 INFO: Disconnecting from voice normally, close code 1000.
2022-12-02 17:56:31,663 INFO: Chow chow out 9又4分之8.7月台[打不出幹話就講出來啊]
2022-12-02 17:56:31,663 INFO: Connecting to voice...
2022-12-02 17:56:31,664 INFO: Starting voice handshake... (connection attempt 1)
2022-12-02 17:56:31,934 INFO: Voice handshake complete. Endpoint found hongkong5087.discord.media
2022-12-02 17:56:34,904 INFO: Chow chow in 9又4分之8.7月台[打不出幹話就講出來啊]
2022-12-02 17:56:35,132 INFO: ffmpeg process 265 successfully terminated with return code of 0.
2022-12-02 17:56:38,627 INFO: ffmpeg process 275 successfully terminated with return code of 0.
2022-12-02 17:56:40,144 INFO: ffmpeg process 285 successfully terminated with return code of 0.
2022-12-02 17:56:41,687 INFO: The voice handshake is being terminated for Channel ID 428109526550708238 (Guild ID 428109526550708234)
2022-12-02 17:56:41,688 INFO: Disconnecting from voice normally, close code 1000.
2022-12-02 18:16:58,969 INFO: Chi out 9又4分之8.7月台[打不出幹話就講出來啊]
2022-12-02 18:16:58,970 INFO: Connecting to voice...
2022-12-02 18:16:58,970 INFO: Starting voice handshake... (connection attempt 1)
2022-12-02 18:16:59,259 INFO: Voice handshake complete. Endpoint found hongkong5087.discord.media
2022-12-02 18:17:02,253 INFO: ffmpeg process 314 successfully terminated with return code of 0.
2022-12-02 18:17:03,302 INFO: The voice handshake is being terminated for Channel ID 428109526550708238 (Guild ID 428109526550708234)
2022-12-02 18:17:03,304 INFO: Disconnecting from voice normally, close code 1000.
2022-12-02 19:04:52,287 INFO: 貓嗷嗚飄飄大仙 out 9又4分之8.7月台[打不出幹話就講出來啊]
2022-12-02 19:04:52,288 INFO: Connecting to voice...
2022-12-02 19:04:52,288 INFO: Starting voice handshake... (connection attempt 1)
2022-12-02 19:04:52,529 INFO: Voice handshake complete. Endpoint found hongkong5087.discord.media
2022-12-02 19:04:56,488 INFO: ffmpeg process 416 successfully terminated with return code of 0.
2022-12-02 19:04:57,557 INFO: The voice handshake is being terminated for Channel ID 428109526550708238 (Guild ID 428109526550708234)
2022-12-02 19:04:57,558 INFO: Disconnecting from voice normally, close code 1000.
2022-12-02 19:49:31,776 INFO: Shard ID None has successfully RESUMED session 1058e45225fcb34fb5519ebe7f4d470d.
2022-12-02 21:01:24,350 INFO: Chi in 9又4分之8.7月台[打不出幹話就講出來啊]
2022-12-02 21:01:24,479 INFO: Connecting to voice...
2022-12-02 21:01:24,479 INFO: Starting voice handshake... (connection attempt 1)
2022-12-02 21:01:24,715 INFO: Voice handshake complete. Endpoint found hongkong5087.discord.media
2022-12-02 21:01:28,375 INFO: ffmpeg process 604 successfully terminated with return code of 0.
2022-12-02 21:01:31,027 INFO: ffmpeg process 614 successfully terminated with return code of 0.
2022-12-02 21:01:32,127 INFO: The voice handshake is being terminated for Channel ID 428109526550708238 (Guild ID 428109526550708234)
2022-12-02 21:01:32,128 INFO: Disconnecting from voice normally, close code 1000.
2022-12-02 21:03:51,554 INFO: Chi out 9又4分之8.7月台[打不出幹話就講出來啊]
2022-12-02 21:03:51,555 INFO: Connecting to voice...
2022-12-02 21:03:51,555 INFO: Starting voice handshake... (connection attempt 1)
2022-12-02 21:03:52,442 INFO: Voice handshake complete. Endpoint found hongkong5087.discord.media
2022-12-02 21:03:55,399 INFO: ffmpeg process 625 successfully terminated with return code of 0.
2022-12-02 21:03:56,446 INFO: The voice handshake is being terminated for Channel ID 428109526550708238 (Guild ID 428109526550708234)
2022-12-02 21:03:56,447 INFO: Disconnecting from voice normally, close code 1000.
2022-12-02 21:15:03,509 INFO: 楓夜 in 9又4分之8.7月台[打不出幹話就講出來啊]
2022-12-02 21:15:03,592 INFO: Connecting to voice...
2022-12-02 21:15:03,592 INFO: Starting voice handshake... (connection attempt 1)
2022-12-02 21:15:03,831 INFO: Voice handshake complete. Endpoint found hongkong5087.discord.media
2022-12-02 21:15:07,776 INFO: ffmpeg process 654 successfully terminated with return code of 0.
2022-12-02 21:15:10,448 INFO: ffmpeg process 664 successfully terminated with return code of 0.
2022-12-02 21:15:11,495 INFO: The voice handshake is being terminated for Channel ID 428109526550708238 (Guild ID 428109526550708234)
2022-12-02 21:15:11,496 INFO: Disconnecting from voice normally, close code 1000.
2022-12-02 21:35:10,919 INFO: 楓夜 out 9又4分之8.7月台[打不出幹話就講出來啊]
2022-12-02 21:35:10,919 INFO: Connecting to voice...
2022-12-02 21:35:10,920 INFO: Starting voice handshake... (connection attempt 1)
2022-12-02 21:35:11,819 INFO: Voice handshake complete. Endpoint found hongkong5087.discord.media
2022-12-02 21:35:14,958 INFO: ffmpeg process 731 successfully terminated with return code of 0.
2022-12-02 21:35:15,969 INFO: The voice handshake is being terminated for Channel ID 428109526550708238 (Guild ID 428109526550708234)
2022-12-02 21:35:15,971 INFO: Disconnecting from voice normally, close code 1000.
2022-12-02 21:37:21,771 INFO: 楓夜 in 9又4分之8.7月台[打不出幹話就講出來啊]
2022-12-02 21:37:21,815 INFO: Connecting to voice...
2022-12-02 21:37:21,815 INFO: Starting voice handshake... (connection attempt 1)
2022-12-02 21:37:22,063 INFO: Voice handshake complete. Endpoint found hongkong5087.discord.media
2022-12-02 21:37:26,550 INFO: ffmpeg process 742 successfully terminated with return code of 0.
2022-12-02 21:37:29,627 INFO: ffmpeg process 752 successfully terminated with return code of 0.
2022-12-02 21:37:30,658 INFO: The voice handshake is being terminated for Channel ID 428109526550708238 (Guild ID 428109526550708234)
2022-12-02 21:37:30,659 INFO: Disconnecting from voice normally, close code 1000.
2022-12-02 21:53:04,636 INFO: logging in using static token
2022-12-02 21:53:05,301 INFO: Shard ID None has connected to Gateway (Session ID: b1a0b6b136f00932996421af12d592fc).
2022-12-02 21:53:07,305 INFO: 目前登入身份：神奇海螺#3847
2022-12-02 21:55:43,193 INFO: 神奇海螺 in 9又4分之8.7月台[打不出幹話就講出來啊]
2022-12-02 21:55:43,240 INFO: Connecting to voice...
2022-12-02 21:55:43,240 INFO: Starting voice handshake... (connection attempt 1)
2022-12-02 21:55:43,555 INFO: Voice handshake complete. Endpoint found hongkong5087.discord.media
2022-12-02 21:55:47,886 INFO: ffmpeg process 141 successfully terminated with return code of 0.
2022-12-02 21:55:51,281 INFO: ffmpeg process 152 successfully terminated with return code of 0.
2022-12-02 21:55:59,741 INFO: ffmpeg process 162 successfully terminated with return code of 0.
2022-12-02 21:56:00,799 INFO: The voice handshake is being terminated for Channel ID 428109526550708238 (Guild ID 428109526550708234)
2022-12-02 21:56:00,799 INFO: Disconnecting from voice normally, close code 1000.
2022-12-02 22:31:54,083 INFO: 楓夜 out 9又4分之8.7月台[打不出幹話就講出來啊]
2022-12-02 22:31:54,083 INFO: Connecting to voice...
2022-12-02 22:31:54,083 INFO: Starting voice handshake... (connection attempt 1)
2022-12-02 22:31:54,971 INFO: Voice handshake complete. Endpoint found hongkong5087.discord.media
2022-12-02 22:31:55,421 INFO: mrdavid874 out 9又4分之8.7月台[打不出幹話就講出來啊]
2022-12-02 22:31:57,706 INFO: ffmpeg process 227 successfully terminated with return code of 0.
2022-12-02 22:32:02,135 INFO: ffmpeg process 237 successfully terminated with return code of 0.
2022-12-02 22:32:03,227 INFO: The voice handshake is being terminated for Channel ID 428109526550708238 (Guild ID 428109526550708234)
2022-12-02 22:32:03,227 INFO: Disconnecting from voice normally, close code 1000.
2022-12-02 22:32:18,824 INFO: KyrieR out 9又4分之8.7月台[打不出幹話就講出來啊]
2022-12-02 22:32:18,824 INFO: Connecting to voice...
2022-12-02 22:32:18,824 INFO: Starting voice handshake... (connection attempt 1)
2022-12-02 22:32:19,199 INFO: Voice handshake complete. Endpoint found hongkong5087.discord.media
2022-12-02 22:32:22,002 INFO: ffmpeg process 248 successfully terminated with return code of 0.
2022-12-02 22:32:23,009 INFO: The voice handshake is being terminated for Channel ID 428109526550708238 (Guild ID 428109526550708234)
2022-12-02 22:32:23,010 INFO: Disconnecting from voice normally, close code 1000.
2022-12-02 22:33:31,303 INFO: Chow chow out 9又4分之8.7月台[打不出幹話就講出來啊]
2022-12-02 22:33:31,304 INFO: Connecting to voice...
2022-12-02 22:33:31,304 INFO: Starting voice handshake... (connection attempt 1)
2022-12-02 22:33:32,284 INFO: Voice handshake complete. Endpoint found hongkong5087.discord.media
2022-12-02 22:33:32,499 ERROR: Exception occurred during Voice Protocol voice server update handler
Traceback (most recent call last):
  File "/opt/virtualenvs/python3/lib/python3.8/site-packages/discord/state.py", line 157, in logging_coroutine
    await coroutine
  File "/opt/virtualenvs/python3/lib/python3.8/site-packages/discord/voice_client.py", line 337, in on_voice_server_update
    await self.ws.close(4000)
AttributeError: '_MissingSentinel' object has no attribute 'close'
2022-12-02 22:33:35,147 INFO: ffmpeg process 259 successfully terminated with return code of 0.
2022-12-02 22:33:36,174 INFO: The voice handshake is being terminated for Channel ID 428109526550708238 (Guild ID 428109526550708234)
2022-12-02 22:33:36,175 INFO: Disconnecting from voice normally, close code 1000.
2022-12-02 23:57:01,575 INFO: Shard ID None has successfully RESUMED session b1a0b6b136f00932996421af12d592fc.
2022-12-03 01:27:02,858 INFO: Shard ID None has successfully RESUMED session b1a0b6b136f00932996421af12d592fc.
2022-12-03 03:21:16,400 INFO: Shard ID None has successfully RESUMED session b1a0b6b136f00932996421af12d592fc.
2022-12-03 06:19:59,238 INFO: Shard ID None has successfully RESUMED session b1a0b6b136f00932996421af12d592fc.
2022-12-03 08:14:59,735 INFO: Shard ID None has successfully RESUMED session b1a0b6b136f00932996421af12d592fc.
2022-12-03 10:39:56,938 INFO: Shard ID None has successfully RESUMED session b1a0b6b136f00932996421af12d592fc.
2022-12-03 13:00:38,613 INFO: Shard ID None has successfully RESUMED session b1a0b6b136f00932996421af12d592fc.
2022-12-03 14:00:49,797 INFO: 貓嗷嗚飄飄大仙 in 9又4分之8.7月台[123是什麼敷衍的名字]
2022-12-03 14:00:49,896 INFO: Connecting to voice...
2022-12-03 14:00:49,898 INFO: Starting voice handshake... (connection attempt 1)
2022-12-03 14:00:50,078 INFO: Voice handshake complete. Endpoint found oregon10002.discord.media
2022-12-03 14:00:53,458 INFO: ffmpeg process 1819 successfully terminated with return code of 0.
2022-12-03 14:00:54,526 INFO: The voice handshake is being terminated for Channel ID 428109526550708238 (Guild ID 428109526550708234)
2022-12-03 14:00:54,527 INFO: Connecting to voice...
2022-12-03 14:00:54,527 INFO: Starting voice handshake... (connection attempt 1)
2022-12-03 14:00:54,528 INFO: Disconnecting from voice normally, close code 1000.
2022-12-03 14:00:54,828 INFO: Voice handshake complete. Endpoint found hongkong5505.discord.media
2022-12-03 14:00:59,105 INFO: ffmpeg process 1830 successfully terminated with return code of 0.
2022-12-03 14:01:01,854 INFO: ffmpeg process 1840 successfully terminated with return code of 0.
2022-12-03 14:01:02,919 INFO: The voice handshake is being terminated for Channel ID 728631391809437746 (Guild ID 428109526550708234)
2022-12-03 14:01:02,920 INFO: Disconnecting from voice normally, close code 1000.
2022-12-03 14:01:03,219 INFO: 貓嗷嗚飄飄大仙 out 9又4分之8.7月台[123是什麼敷衍的名字]
2022-12-03 14:01:03,221 INFO: Connecting to voice...
2022-12-03 14:01:03,222 INFO: Starting voice handshake... (connection attempt 1)
2022-12-03 14:01:03,601 INFO: Voice handshake complete. Endpoint found oregon10000.discord.media
2022-12-03 14:01:06,270 INFO: ffmpeg process 1851 successfully terminated with return code of 0.
2022-12-03 14:01:07,347 INFO: The voice handshake is being terminated for Channel ID 728631391809437746 (Guild ID 428109526550708234)
2022-12-03 14:01:07,348 INFO: Disconnecting from voice normally, close code 1000.
2022-12-03 14:01:10,590 INFO: 貓嗷嗚飄飄大仙 in 9又4分之8.7月台[欸欸欸這樣配可以嗎(思]
2022-12-03 14:01:10,691 INFO: Connecting to voice...
2022-12-03 14:01:10,693 INFO: Starting voice handshake... (connection attempt 1)
2022-12-03 14:01:10,987 INFO: Voice handshake complete. Endpoint found hongkong2302.discord.media
2022-12-03 14:01:13,018 INFO: 貓嗷嗚飄飄大仙 out 9又4分之8.7月台[欸欸欸這樣配可以嗎(思]
2022-12-03 14:01:15,269 INFO: ffmpeg process 1862 successfully terminated with return code of 0.
2022-12-03 14:01:17,885 INFO: ffmpeg process 1872 successfully terminated with return code of 0.
2022-12-03 14:01:21,482 INFO: ffmpeg process 1882 successfully terminated with return code of 0.
2022-12-03 14:01:22,555 INFO: The voice handshake is being terminated for Channel ID 868516155525046333 (Guild ID 428109526550708234)
2022-12-03 14:01:22,555 INFO: Disconnecting from voice normally, close code 1000.
2022-12-03 14:01:24,070 INFO: 貓嗷嗚飄飄大仙 in 9又4分之8.7月台[123是什麼敷衍的名字]
2022-12-03 14:01:24,166 INFO: Connecting to voice...
2022-12-03 14:01:24,167 INFO: Starting voice handshake... (connection attempt 1)
2022-12-03 14:01:24,457 INFO: Voice handshake complete. Endpoint found hongkong7205.discord.media
2022-12-03 14:01:28,730 INFO: ffmpeg process 1893 successfully terminated with return code of 0.
2022-12-03 14:01:30,938 INFO: ffmpeg process 1903 successfully terminated with return code of 0.
2022-12-03 14:01:31,948 INFO: The voice handshake is being terminated for Channel ID 728631391809437746 (Guild ID 428109526550708234)
2022-12-03 14:01:31,949 INFO: Disconnecting from voice normally, close code 1000.
2022-12-03 14:04:13,156 INFO: 貓嗷嗚飄飄大仙 out 9又4分之8.7月台[123是什麼敷衍的名字]
2022-12-03 14:04:13,157 INFO: Connecting to voice...
2022-12-03 14:04:13,157 INFO: Starting voice handshake... (connection attempt 1)
2022-12-03 14:04:13,330 INFO: Voice handshake complete. Endpoint found oregon10000.discord.media
2022-12-03 14:04:16,010 INFO: ffmpeg process 1949 successfully terminated with return code of 0.
2022-12-03 14:04:17,083 INFO: The voice handshake is being terminated for Channel ID 728631391809437746 (Guild ID 428109526550708234)
2022-12-03 14:04:17,086 INFO: Disconnecting from voice normally, close code 1000.
2022-12-03 14:04:23,025 INFO: KyrieR in 9又4分之8.7月台[123是什麼敷衍的名字]
2022-12-03 14:04:23,190 INFO: Connecting to voice...
2022-12-03 14:04:23,190 INFO: Starting voice handshake... (connection attempt 1)
2022-12-03 14:04:23,490 INFO: Voice handshake complete. Endpoint found hongkong2085.discord.media
2022-12-03 14:04:26,684 INFO: ffmpeg process 1960 successfully terminated with return code of 0.
2022-12-03 14:04:29,144 INFO: ffmpeg process 1970 successfully terminated with return code of 0.
2022-12-03 14:04:30,238 INFO: The voice handshake is being terminated for Channel ID 728631391809437746 (Guild ID 428109526550708234)
2022-12-03 14:04:30,239 INFO: Disconnecting from voice normally, close code 1000.
2022-12-03 14:04:58,864 INFO: 貓嗷嗚飄飄大仙 in 9又4分之8.7月台[123是什麼敷衍的名字]
2022-12-03 14:04:58,912 INFO: Connecting to voice...
2022-12-03 14:04:58,912 INFO: Starting voice handshake... (connection attempt 1)
2022-12-03 14:04:59,235 INFO: Voice handshake complete. Endpoint found hongkong2085.discord.media
2022-12-03 14:05:03,506 INFO: ffmpeg process 1981 successfully terminated with return code of 0.
2022-12-03 14:05:07,777 INFO: ffmpeg process 1991 successfully terminated with return code of 0.
2022-12-03 14:05:08,825 INFO: The voice handshake is being terminated for Channel ID 728631391809437746 (Guild ID 428109526550708234)
2022-12-03 14:05:08,826 INFO: Disconnecting from voice normally, close code 1000.
2022-12-03 14:27:45,475 INFO: WeIrdnA in 9又4分之8.7月台[123是什麼敷衍的名字]
2022-12-03 14:27:45,524 INFO: Connecting to voice...
2022-12-03 14:27:45,524 INFO: Starting voice handshake... (connection attempt 1)
2022-12-03 14:27:45,831 INFO: Voice handshake complete. Endpoint found hongkong2085.discord.media
2022-12-03 14:27:49,094 INFO: ffmpeg process 2054 successfully terminated with return code of 0.
2022-12-03 14:27:53,284 INFO: ffmpeg process 2064 successfully terminated with return code of 0.
2022-12-03 14:27:54,339 INFO: The voice handshake is being terminated for Channel ID 728631391809437746 (Guild ID 428109526550708234)
2022-12-03 14:27:54,340 INFO: Disconnecting from voice normally, close code 1000.
2022-12-03 14:51:22,803 INFO: louiskkk28 in 9又4分之8.7月台[123是什麼敷衍的名字]
2022-12-03 14:51:22,898 INFO: Connecting to voice...
2022-12-03 14:51:22,898 INFO: Starting voice handshake... (connection attempt 1)
2022-12-03 14:51:23,192 INFO: Voice handshake complete. Endpoint found hongkong2085.discord.media
2022-12-03 14:51:26,681 INFO: ffmpeg process 2112 successfully terminated with return code of 0.
2022-12-03 14:51:29,662 INFO: ffmpeg process 2122 successfully terminated with return code of 0.
2022-12-03 14:51:30,711 INFO: The voice handshake is being terminated for Channel ID 728631391809437746 (Guild ID 428109526550708234)
2022-12-03 14:51:30,712 INFO: Disconnecting from voice normally, close code 1000.
2022-12-03 14:51:55,171 INFO: BunnyplayGG in 9又4分之8.7月台[123是什麼敷衍的名字]
2022-12-03 14:51:55,265 INFO: Connecting to voice...
2022-12-03 14:51:55,266 INFO: Starting voice handshake... (connection attempt 1)
2022-12-03 14:51:55,576 INFO: Voice handshake complete. Endpoint found hongkong2085.discord.media
2022-12-03 14:51:58,487 INFO: ffmpeg process 2133 successfully terminated with return code of 0.
2022-12-03 14:52:00,602 INFO: ffmpeg process 2143 successfully terminated with return code of 0.
2022-12-03 14:52:01,646 INFO: The voice handshake is being terminated for Channel ID 728631391809437746 (Guild ID 428109526550708234)
2022-12-03 14:52:01,647 INFO: Disconnecting from voice normally, close code 1000.
2022-12-03 14:52:33,305 INFO: Fiven-chung in 9又4分之8.7月台[123是什麼敷衍的名字]
2022-12-03 14:52:33,419 INFO: Connecting to voice...
2022-12-03 14:52:33,419 INFO: Starting voice handshake... (connection attempt 1)
2022-12-03 14:52:33,728 INFO: Voice handshake complete. Endpoint found hongkong2085.discord.media
2022-12-03 14:52:36,608 INFO: ffmpeg process 2154 successfully terminated with return code of 0.
2022-12-03 14:52:39,404 INFO: ffmpeg process 2164 successfully terminated with return code of 0.
2022-12-03 14:52:40,475 INFO: The voice handshake is being terminated for Channel ID 728631391809437746 (Guild ID 428109526550708234)
2022-12-03 14:52:40,475 INFO: Disconnecting from voice normally, close code 1000.
2022-12-03 15:30:18,478 INFO: 神奇海螺 in 9又4分之8.7月台[123是什麼敷衍的名字]
2022-12-03 15:30:18,574 INFO: Connecting to voice...
2022-12-03 15:30:18,574 INFO: Starting voice handshake... (connection attempt 1)
2022-12-03 15:30:18,877 INFO: Voice handshake complete. Endpoint found hongkong2085.discord.media
2022-12-03 15:30:22,782 INFO: ffmpeg process 2230 successfully terminated with return code of 0.
2022-12-03 15:30:31,229 INFO: ffmpeg process 2240 successfully terminated with return code of 0.
2022-12-03 15:30:32,293 INFO: The voice handshake is being terminated for Channel ID 728631391809437746 (Guild ID 428109526550708234)
2022-12-03 15:30:32,294 INFO: Disconnecting from voice normally, close code 1000.
2022-12-03 16:21:47,857 INFO: WeIrdnA out 9又4分之8.7月台[123是什麼敷衍的名字]
2022-12-03 16:21:47,857 INFO: Connecting to voice...
2022-12-03 16:21:47,857 INFO: Starting voice handshake... (connection attempt 1)
2022-12-03 16:21:48,168 INFO: Voice handshake complete. Endpoint found hongkong2085.discord.media
2022-12-03 16:21:51,212 INFO: ffmpeg process 2377 successfully terminated with return code of 0.
2022-12-03 16:21:52,300 INFO: The voice handshake is being terminated for Channel ID 728631391809437746 (Guild ID 428109526550708234)
2022-12-03 16:21:52,301 INFO: Disconnecting from voice normally, close code 1000.
2022-12-03 16:57:29,410 INFO: Shard ID None has successfully RESUMED session b1a0b6b136f00932996421af12d592fc.
2022-12-03 17:27:05,758 INFO: BunnyplayGG out 9又4分之8.7月台[123是什麼敷衍的名字]
2022-12-03 17:27:05,758 INFO: Connecting to voice...
2022-12-03 17:27:05,758 INFO: Starting voice handshake... (connection attempt 1)
2022-12-03 17:27:06,061 INFO: Voice handshake complete. Endpoint found hongkong2085.discord.media
2022-12-03 17:27:09,610 INFO: ffmpeg process 2493 successfully terminated with return code of 0.
2022-12-03 17:27:10,673 INFO: The voice handshake is being terminated for Channel ID 728631391809437746 (Guild ID 428109526550708234)
2022-12-03 17:27:10,674 INFO: Disconnecting from voice normally, close code 1000.
2022-12-03 17:27:22,547 INFO: louiskkk28 out 9又4分之8.7月台[123是什麼敷衍的名字]
2022-12-03 17:27:22,547 INFO: Connecting to voice...
2022-12-03 17:27:22,547 INFO: Starting voice handshake... (connection attempt 1)
2022-12-03 17:27:22,916 INFO: Voice handshake complete. Endpoint found hongkong2085.discord.media
2022-12-03 17:27:27,868 INFO: ffmpeg process 2504 successfully terminated with return code of 0.
2022-12-03 17:27:28,907 INFO: The voice handshake is being terminated for Channel ID 728631391809437746 (Guild ID 428109526550708234)
2022-12-03 17:27:28,907 INFO: Disconnecting from voice normally, close code 1000.
2022-12-03 17:27:45,993 INFO: Fiven-chung out 9又4分之8.7月台[123是什麼敷衍的名字]
2022-12-03 17:27:45,993 INFO: Connecting to voice...
2022-12-03 17:27:45,993 INFO: Starting voice handshake... (connection attempt 1)
2022-12-03 17:27:46,351 INFO: Voice handshake complete. Endpoint found hongkong2085.discord.media
2022-12-03 17:27:49,456 INFO: ffmpeg process 2515 successfully terminated with return code of 0.
2022-12-03 17:27:50,553 INFO: The voice handshake is being terminated for Channel ID 728631391809437746 (Guild ID 428109526550708234)
2022-12-03 17:27:50,554 INFO: Disconnecting from voice normally, close code 1000.
2022-12-03 17:28:52,872 INFO: KyrieR out 9又4分之8.7月台[123是什麼敷衍的名字]
2022-12-03 17:28:52,872 INFO: Connecting to voice...
2022-12-03 17:28:52,873 INFO: Starting voice handshake... (connection attempt 1)
2022-12-03 17:28:53,225 INFO: Voice handshake complete. Endpoint found hongkong2085.discord.media
2022-12-03 17:28:56,202 INFO: ffmpeg process 2526 successfully terminated with return code of 0.
2022-12-03 17:28:57,209 INFO: The voice handshake is being terminated for Channel ID 728631391809437746 (Guild ID 428109526550708234)
2022-12-03 17:28:57,214 INFO: Disconnecting from voice normally, close code 1000.
2022-12-03 17:31:35,305 INFO: 貓嗷嗚飄飄大仙 out 9又4分之8.7月台[123是什麼敷衍的名字]
2022-12-03 17:31:35,307 INFO: Connecting to voice...
2022-12-03 17:31:35,308 INFO: Starting voice handshake... (connection attempt 1)
2022-12-03 17:31:35,474 INFO: Voice handshake complete. Endpoint found oregon10001.discord.media
2022-12-03 17:31:38,871 INFO: ffmpeg process 2537 successfully terminated with return code of 0.
2022-12-03 17:31:42,470 INFO: ffmpeg process 2547 successfully terminated with return code of 0.
2022-12-03 17:31:43,545 INFO: The voice handshake is being terminated for Channel ID 728631391809437746 (Guild ID 428109526550708234)
2022-12-03 17:31:43,546 INFO: Disconnecting from voice normally, close code 1000.
2022-12-03 19:22:49,090 INFO: Shard ID None has successfully RESUMED session b1a0b6b136f00932996421af12d592fc.
2022-12-03 20:25:33,642 INFO: Shard ID None has successfully RESUMED session b1a0b6b136f00932996421af12d592fc.
