2022-09-02 07:57:07,163 INFO: logging in using static token
2022-09-02 07:57:07,469 INFO: Shard ID None has sent the IDENTIFY payload.
2022-09-02 07:57:07,606 INFO: Shard ID None has connected to Gateway: ["gateway-prd-main-h0q7",{"micros":56744,"calls":["id_created",{"micros":537,"calls":[]},"session_lookup_time",{"micros":264,"calls":[]},"session_lookup_finished",{"micros":11,"calls":[]},"discord-sessions-blue-prd-2-5",{"micros":55591,"calls":["start_session",{"micros":37980,"calls":["discord-api-7f67f8ccd7-dsl7z",{"micros":33610,"calls":["get_user",{"micros":9547},"get_guilds",{"micros":3920},"send_scheduled_deletion_message",{"micros":14},"guild_join_requests",{"micros":551},"authorized_ip_coro",{"micros":12}]}]},"starting_guild_connect",{"micros":29,"calls":[]},"presence_started",{"micros":323,"calls":[]},"guilds_started",{"micros":17245,"calls":[]},"guilds_connect",{"micros":2,"calls":[]},"presence_connect",{"micros":0,"calls":[]},"connect_finished",{"micros":5,"calls":[]},"build_ready",{"micros":5,"calls":[]},"optimize_ready",{"micros":0,"calls":[]},"split_ready",{"micros":1,"calls":[]},"clean_ready",{"micros":0,"calls":[]}]}]}] (Session ID: 33d39b085424d753977012580bc4f1ee).
2022-09-02 07:57:09,634 INFO: 目前登入身份：神奇海螺#3847
2022-09-02 09:13:11,963 INFO: Got a request to RESUME the websocket.
2022-09-02 09:13:12,129 INFO: Shard ID None has sent the RESUME payload.
2022-09-02 09:13:12,209 INFO: Shard ID None has successfully RESUMED session 33d39b085424d753977012580bc4f1ee under trace ["gateway-prd-main-jxgd",{"micros":562,"calls":["id_created",{"micros":0,"calls":[]},"session_lookup_time",{"micros":238,"calls":[]},"session_lookup_finished",{"micros":12,"calls":[]},"discord-sessions-blue-prd-2-5",{"micros":19}]}].
2022-09-02 11:37:16,472 INFO: 不偷家的飄飄大仙 in 9又4分之8.7月台[123是什麼敷衍的名字]
2022-09-02 11:37:16,520 INFO: Connecting to voice...
2022-09-02 11:37:16,520 INFO: Starting voice handshake... (connection attempt 1)
2022-09-02 11:37:17,143 INFO: Voice handshake complete. Endpoint found hongkong370.discord.media
2022-09-02 11:37:17,362 ERROR: Exception occurred during Voice Protocol voice server update handler
Traceback (most recent call last):
  File "/opt/virtualenvs/python3/lib/python3.8/site-packages/discord/state.py", line 102, in logging_coroutine
    await coroutine
  File "/opt/virtualenvs/python3/lib/python3.8/site-packages/discord/voice_client.py", line 295, in on_voice_server_update
    await self.ws.close(4000)
AttributeError: 'NoneType' object has no attribute 'close'
2022-09-02 11:37:18,066 INFO: selected the voice protocol for use (xsalsa20_poly1305_lite)
2022-09-02 11:37:18,255 INFO: received secret key for voice connection
2022-09-02 11:37:21,849 INFO: Preparing to terminate ffmpeg process 508.
2022-09-02 11:37:21,850 INFO: ffmpeg process 508 successfully terminated with return code of 0.
2022-09-02 11:37:24,876 INFO: Preparing to terminate ffmpeg process 519.
2022-09-02 11:37:24,877 INFO: ffmpeg process 519 successfully terminated with return code of 0.
2022-09-02 11:37:25,903 INFO: The voice handshake is being terminated for Channel ID 728631391809437746 (Guild ID 428109526550708234)
2022-09-02 11:37:25,903 INFO: Disconnecting from voice normally, close code 1000.
2022-09-02 11:51:36,638 INFO: Got a request to RESUME the websocket.
2022-09-02 11:51:36,812 INFO: Shard ID None has sent the RESUME payload.
2022-09-02 11:51:36,895 INFO: Shard ID None has successfully RESUMED session 33d39b085424d753977012580bc4f1ee under trace ["gateway-prd-main-0rbx",{"micros":629,"calls":["id_created",{"micros":0,"calls":[]},"session_lookup_time",{"micros":336,"calls":[]},"session_lookup_finished",{"micros":13,"calls":[]},"discord-sessions-blue-prd-2-5",{"micros":17}]}].
2022-09-02 13:24:33,369 INFO: Got a request to RESUME the websocket.
2022-09-02 13:24:33,547 INFO: Shard ID None has sent the RESUME payload.
2022-09-02 13:24:33,633 INFO: Shard ID None has successfully RESUMED session 33d39b085424d753977012580bc4f1ee under trace ["gateway-prd-main-h0q7",{"micros":686,"calls":["id_created",{"micros":0,"calls":[]},"session_lookup_time",{"micros":338,"calls":[]},"session_lookup_finished",{"micros":18,"calls":[]},"discord-sessions-blue-prd-2-5",{"micros":21}]}].
2022-09-02 14:05:31,272 INFO: MaiMai的Pool in 9又4分之8.7月台[123是什麼敷衍的名字]
2022-09-02 14:05:31,431 INFO: Connecting to voice...
2022-09-02 14:05:31,431 INFO: Starting voice handshake... (connection attempt 1)
2022-09-02 14:05:32,143 INFO: Voice handshake complete. Endpoint found hongkong370.discord.media
2022-09-02 14:05:33,069 INFO: selected the voice protocol for use (xsalsa20_poly1305_lite)
2022-09-02 14:05:33,257 INFO: received secret key for voice connection
2022-09-02 14:05:35,546 INFO: Preparing to terminate ffmpeg process 750.
2022-09-02 14:05:35,546 INFO: ffmpeg process 750 successfully terminated with return code of 0.
2022-09-02 14:05:38,561 INFO: Preparing to terminate ffmpeg process 760.
2022-09-02 14:05:38,561 INFO: ffmpeg process 760 successfully terminated with return code of 0.
2022-09-02 14:05:39,591 INFO: The voice handshake is being terminated for Channel ID 728631391809437746 (Guild ID 428109526550708234)
2022-09-02 14:05:39,592 INFO: Disconnecting from voice normally, close code 1000.
2022-09-02 14:07:06,601 INFO: wawa的n in 9又4分之8.7月台[123是什麼敷衍的名字]
2022-09-02 14:07:06,647 INFO: Connecting to voice...
2022-09-02 14:07:06,647 INFO: Starting voice handshake... (connection attempt 1)
2022-09-02 14:07:06,947 INFO: Voice handshake complete. Endpoint found hongkong370.discord.media
2022-09-02 14:07:07,896 INFO: selected the voice protocol for use (xsalsa20_poly1305_lite)
2022-09-02 14:07:08,092 INFO: received secret key for voice connection
2022-09-02 14:07:10,759 INFO: Preparing to terminate ffmpeg process 789.
2022-09-02 14:07:10,760 INFO: ffmpeg process 789 successfully terminated with return code of 0.
2022-09-02 14:07:14,176 INFO: Preparing to terminate ffmpeg process 799.
2022-09-02 14:07:14,176 INFO: ffmpeg process 799 successfully terminated with return code of 0.
2022-09-02 14:07:15,080 INFO: BunnyplayGG in 9又4分之8.7月台[123是什麼敷衍的名字]
2022-09-02 14:07:17,610 INFO: Preparing to terminate ffmpeg process 809.
2022-09-02 14:07:17,611 INFO: ffmpeg process 809 successfully terminated with return code of 0.
2022-09-02 14:07:20,384 INFO: Preparing to terminate ffmpeg process 819.
2022-09-02 14:07:20,385 INFO: ffmpeg process 819 successfully terminated with return code of 0.
2022-09-02 14:07:21,451 INFO: The voice handshake is being terminated for Channel ID 728631391809437746 (Guild ID 428109526550708234)
2022-09-02 14:07:21,452 INFO: Disconnecting from voice normally, close code 1000.
2022-09-02 14:08:05,040 INFO: Fiven-chung in 9又4分之8.7月台[123是什麼敷衍的名字]
2022-09-02 14:08:05,207 INFO: Connecting to voice...
2022-09-02 14:08:05,207 INFO: Starting voice handshake... (connection attempt 1)
2022-09-02 14:08:05,526 INFO: Voice handshake complete. Endpoint found hongkong370.discord.media
2022-09-02 14:08:06,496 INFO: selected the voice protocol for use (xsalsa20_poly1305_lite)
2022-09-02 14:08:06,688 INFO: received secret key for voice connection
2022-09-02 14:08:09,076 INFO: Preparing to terminate ffmpeg process 830.
2022-09-02 14:08:09,077 INFO: ffmpeg process 830 successfully terminated with return code of 0.
2022-09-02 14:08:11,270 INFO: Preparing to terminate ffmpeg process 840.
2022-09-02 14:08:11,271 INFO: ffmpeg process 840 successfully terminated with return code of 0.
2022-09-02 14:08:12,315 INFO: The voice handshake is being terminated for Channel ID 728631391809437746 (Guild ID 428109526550708234)
2022-09-02 14:08:12,316 INFO: Disconnecting from voice normally, close code 1000.
2022-09-02 14:32:03,765 INFO: Chi in 9又4分之8.7月台[123是什麼敷衍的名字]
2022-09-02 14:32:03,852 INFO: Connecting to voice...
2022-09-02 14:32:03,853 INFO: Starting voice handshake... (connection attempt 1)
2022-09-02 14:32:04,564 INFO: Voice handshake complete. Endpoint found hongkong370.discord.media
2022-09-02 14:32:05,502 INFO: selected the voice protocol for use (xsalsa20_poly1305_lite)
2022-09-02 14:32:05,691 INFO: received secret key for voice connection
2022-09-02 14:32:07,358 INFO: Preparing to terminate ffmpeg process 869.
2022-09-02 14:32:07,359 INFO: ffmpeg process 869 successfully terminated with return code of 0.
2022-09-02 14:32:10,229 INFO: Preparing to terminate ffmpeg process 879.
2022-09-02 14:32:10,230 INFO: ffmpeg process 879 successfully terminated with return code of 0.
2022-09-02 14:32:11,317 INFO: The voice handshake is being terminated for Channel ID 728631391809437746 (Guild ID 428109526550708234)
2022-09-02 14:32:11,317 INFO: Disconnecting from voice normally, close code 1000.
2022-09-02 14:47:02,897 INFO: KyrieR in 9又4分之8.7月台[123是什麼敷衍的名字]
2022-09-02 14:47:03,044 INFO: Connecting to voice...
2022-09-02 14:47:03,044 INFO: Starting voice handshake... (connection attempt 1)
2022-09-02 14:47:03,780 INFO: Voice handshake complete. Endpoint found hongkong370.discord.media
2022-09-02 14:47:04,709 INFO: selected the voice protocol for use (xsalsa20_poly1305_lite)
2022-09-02 14:47:04,904 INFO: received secret key for voice connection
2022-09-02 14:47:06,991 INFO: Preparing to terminate ffmpeg process 909.
2022-09-02 14:47:06,992 INFO: ffmpeg process 909 successfully terminated with return code of 0.
2022-09-02 14:47:09,287 INFO: Preparing to terminate ffmpeg process 919.
2022-09-02 14:47:09,288 INFO: ffmpeg process 919 successfully terminated with return code of 0.
2022-09-02 14:47:10,333 INFO: The voice handshake is being terminated for Channel ID 728631391809437746 (Guild ID 428109526550708234)
2022-09-02 14:47:10,333 INFO: Disconnecting from voice normally, close code 1000.
2022-09-02 15:19:31,261 INFO: 楓夜 in 9又4分之8.7月台[123是什麼敷衍的名字]
2022-09-02 15:19:31,354 INFO: Connecting to voice...
2022-09-02 15:19:31,355 INFO: Starting voice handshake... (connection attempt 1)
2022-09-02 15:19:32,135 INFO: Voice handshake complete. Endpoint found hongkong370.discord.media
2022-09-02 15:19:33,060 INFO: selected the voice protocol for use (xsalsa20_poly1305_lite)
2022-09-02 15:19:33,248 INFO: received secret key for voice connection
2022-09-02 15:19:35,774 INFO: Preparing to terminate ffmpeg process 984.
2022-09-02 15:19:35,774 INFO: ffmpeg process 984 successfully terminated with return code of 0.
2022-09-02 15:19:38,526 INFO: Preparing to terminate ffmpeg process 994.
2022-09-02 15:19:38,526 INFO: ffmpeg process 994 successfully terminated with return code of 0.
2022-09-02 15:19:39,570 INFO: The voice handshake is being terminated for Channel ID 728631391809437746 (Guild ID 428109526550708234)
2022-09-02 15:19:39,570 INFO: Disconnecting from voice normally, close code 1000.
2022-09-02 15:23:30,388 INFO: wawa的n out 9又4分之8.7月台[123是什麼敷衍的名字]
2022-09-02 15:23:30,388 INFO: Connecting to voice...
2022-09-02 15:23:30,389 INFO: Starting voice handshake... (connection attempt 1)
2022-09-02 15:23:31,353 INFO: Voice handshake complete. Endpoint found hongkong370.discord.media
2022-09-02 15:23:31,791 INFO: MaiMai的Pool out 9又4分之8.7月台[123是什麼敷衍的名字]
2022-09-02 15:23:32,313 INFO: selected the voice protocol for use (xsalsa20_poly1305_lite)
2022-09-02 15:23:32,502 INFO: received secret key for voice connection
2022-09-02 15:23:34,488 INFO: Preparing to terminate ffmpeg process 1023.
2022-09-02 15:23:34,488 INFO: ffmpeg process 1023 successfully terminated with return code of 0.
2022-09-02 15:23:37,617 INFO: Preparing to terminate ffmpeg process 1033.
2022-09-02 15:23:37,618 INFO: ffmpeg process 1033 successfully terminated with return code of 0.
2022-09-02 15:23:38,625 INFO: The voice handshake is being terminated for Channel ID 728631391809437746 (Guild ID 428109526550708234)
2022-09-02 15:23:38,625 INFO: Disconnecting from voice normally, close code 1000.
2022-09-02 15:35:43,596 INFO: 楓夜 out 9又4分之8.7月台[123是什麼敷衍的名字]
2022-09-02 15:35:43,596 INFO: Connecting to voice...
2022-09-02 15:35:43,596 INFO: Starting voice handshake... (connection attempt 1)
2022-09-02 15:35:44,326 INFO: Voice handshake complete. Endpoint found hongkong370.discord.media
2022-09-02 15:35:45,269 INFO: selected the voice protocol for use (xsalsa20_poly1305_lite)
2022-09-02 15:35:45,466 INFO: received secret key for voice connection
2022-09-02 15:35:47,173 INFO: Preparing to terminate ffmpeg process 1044.
2022-09-02 15:35:47,174 INFO: ffmpeg process 1044 successfully terminated with return code of 0.
2022-09-02 15:35:48,178 INFO: The voice handshake is being terminated for Channel ID 728631391809437746 (Guild ID 428109526550708234)
2022-09-02 15:35:48,179 INFO: Disconnecting from voice normally, close code 1000.
2022-09-02 16:50:13,837 INFO: 不偷家的飄飄大仙 out 9又4分之8.7月台[123是什麼敷衍的名字]
2022-09-02 16:50:13,837 INFO: Connecting to voice...
2022-09-02 16:50:13,837 INFO: Starting voice handshake... (connection attempt 1)
2022-09-02 16:50:14,724 INFO: Voice handshake complete. Endpoint found hongkong370.discord.media
2022-09-02 16:50:15,694 INFO: selected the voice protocol for use (xsalsa20_poly1305_lite)
2022-09-02 16:50:15,890 INFO: received secret key for voice connection
2022-09-02 16:50:18,776 INFO: Preparing to terminate ffmpeg process 1199.
2022-09-02 16:50:18,776 INFO: ffmpeg process 1199 successfully terminated with return code of 0.
2022-09-02 16:50:19,804 INFO: The voice handshake is being terminated for Channel ID 728631391809437746 (Guild ID 428109526550708234)
2022-09-02 16:50:19,804 INFO: Disconnecting from voice normally, close code 1000.
2022-09-02 16:52:36,305 INFO: Got a request to RESUME the websocket.
2022-09-02 16:52:36,501 INFO: Shard ID None has sent the RESUME payload.
2022-09-02 16:52:36,593 INFO: Shard ID None has successfully RESUMED session 33d39b085424d753977012580bc4f1ee under trace ["gateway-prd-main-p7q3",{"micros":1802,"calls":["id_created",{"micros":0,"calls":[]},"session_lookup_time",{"micros":1453,"calls":[]},"session_lookup_finished",{"micros":15,"calls":[]},"discord-sessions-blue-prd-2-5",{"micros":16}]}].
