2022-06-06 16:12:57,110 INFO: logging in using static token
2022-06-06 16:12:57,248 INFO: Cleaning up tasks.
2022-06-06 16:12:57,276 INFO: Closing the event loop.
2022-06-06 16:27:32,303 INFO: logging in using static token
2022-06-06 16:27:32,384 INFO: Cleaning up tasks.
2022-06-06 16:27:32,384 INFO: Closing the event loop.
2022-06-06 16:42:30,571 INFO: logging in using static token
2022-06-06 16:42:30,639 INFO: Cleaning up tasks.
2022-06-06 16:42:30,640 INFO: Closing the event loop.
2022-06-06 16:57:32,374 INFO: logging in using static token
2022-06-06 16:57:32,453 INFO: Cleaning up tasks.
2022-06-06 16:57:32,454 INFO: Closing the event loop.
2022-06-06 16:59:30,555 INFO: logging in using static token
2022-06-06 16:59:30,639 INFO: Cleaning up tasks.
2022-06-06 16:59:30,639 INFO: Closing the event loop.
2022-06-06 17:12:32,248 INFO: logging in using static token
2022-06-06 17:12:32,330 INFO: Cleaning up tasks.
2022-06-06 17:12:32,330 INFO: Closing the event loop.
2022-06-06 17:42:41,844 INFO: logging in using static token
2022-06-06 17:42:41,939 INFO: Cleaning up tasks.
2022-06-06 17:42:41,940 INFO: Closing the event loop.
2022-06-06 17:57:29,040 INFO: logging in using static token
2022-06-06 17:57:29,120 INFO: Cleaning up tasks.
2022-06-06 17:57:29,125 INFO: Closing the event loop.
2022-06-06 17:59:35,811 INFO: logging in using static token
2022-06-06 17:59:35,887 INFO: Cleaning up tasks.
2022-06-06 17:59:35,887 INFO: Closing the event loop.
2022-06-06 18:12:31,388 INFO: logging in using static token
2022-06-06 18:12:31,475 INFO: Cleaning up tasks.
2022-06-06 18:12:31,476 INFO: Closing the event loop.
2022-06-06 18:27:30,649 INFO: logging in using static token
2022-06-06 18:27:30,725 INFO: Cleaning up tasks.
2022-06-06 18:27:30,725 INFO: Closing the event loop.
2022-06-06 18:42:36,655 INFO: logging in using static token
2022-06-06 18:42:36,734 INFO: Cleaning up tasks.
2022-06-06 18:42:36,734 INFO: Closing the event loop.
2022-06-06 18:57:28,409 INFO: logging in using static token
2022-06-06 18:57:28,480 INFO: Cleaning up tasks.
2022-06-06 18:57:28,481 INFO: Closing the event loop.
2022-06-06 18:59:37,764 INFO: logging in using static token
2022-06-06 18:59:37,851 INFO: Cleaning up tasks.
2022-06-06 18:59:37,851 INFO: Closing the event loop.
2022-06-06 19:01:23,324 INFO: logging in using static token
2022-06-06 19:01:23,623 INFO: Shard ID None has sent the IDENTIFY payload.
2022-06-06 19:01:23,766 INFO: Shard ID None has connected to Gateway: ["gateway-prd-main-s0ct",{"micros":90936,"calls":["discord-sessions-blue-prd-2-71",{"micros":88136,"calls":["start_session",{"micros":66010,"calls":["discord-api-bb88cc9b5-tcl8m",{"micros":60866,"calls":["get_user",{"micros":10104},"add_authorized_ip",{"micros":1610},"get_guilds",{"micros":10358},"coros_wait",{"micros":2}]}]},"guilds_connect",{"micros":2,"calls":[]},"presence_connect",{"micros":5,"calls":[]}]}]}] (Session ID: 1b5d971dbf8f4f16ec8663d5862082b5).
2022-06-06 19:01:25,818 INFO: 目前登入身份：神奇海螺#3847
2022-06-06 20:07:11,931 INFO: Got a request to RESUME the websocket.
2022-06-06 20:07:12,104 INFO: Shard ID None has sent the RESUME payload.
2022-06-06 20:07:12,143 INFO: Shard ID None has successfully RESUMED session 1b5d971dbf8f4f16ec8663d5862082b5 under trace ["gateway-prd-main-glc7",{"micros":1634,"calls":["discord-sessions-blue-prd-2-71",{"micros":20}]}].
2022-06-06 21:31:36,801 INFO: logging in using static token
2022-06-06 21:31:37,100 INFO: Shard ID None has sent the IDENTIFY payload.
2022-06-06 21:31:37,283 INFO: Shard ID None has connected to Gateway: ["gateway-prd-main-62t4",{"micros":138490,"calls":["discord-sessions-blue-prd-2-11",{"micros":137431,"calls":["start_session",{"micros":88624,"calls":["discord-api-6ccc5fb5b9-9zgjq",{"micros":81211,"calls":["get_user",{"micros":9283},"add_authorized_ip",{"micros":13594},"get_guilds",{"micros":7187},"coros_wait",{"micros":2}]}]},"guilds_connect",{"micros":3,"calls":[]},"presence_connect",{"micros":1,"calls":[]}]}]}] (Session ID: e3e09f38b958cb5426402e43738d5bbe).
2022-06-06 21:31:39,342 INFO: 目前登入身份：神奇海螺#3847
2022-06-06 21:57:23,493 INFO: logging in using static token
2022-06-06 21:57:23,790 INFO: Shard ID None has sent the IDENTIFY payload.
2022-06-06 21:57:23,954 INFO: Shard ID None has connected to Gateway: ["gateway-prd-main-lsmf",{"micros":120856,"calls":["discord-sessions-blue-prd-2-152",{"micros":116132,"calls":["start_session",{"micros":81509,"calls":["discord-api-bb88cc9b5-rqhrh",{"micros":74951,"calls":["get_user",{"micros":15399},"add_authorized_ip",{"micros":6857},"get_guilds",{"micros":17929},"coros_wait",{"micros":1}]}]},"guilds_connect",{"micros":1,"calls":[]},"presence_connect",{"micros":18160,"calls":[]}]}]}] (Session ID: fc4fcea3fe649ea9bc856390c098c3ab).
2022-06-06 21:57:26,021 INFO: 目前登入身份：神奇海螺#3847
2022-06-06 22:25:12,086 INFO: 87 out 9又4分之8.7月台[打不出幹話就講出來啊]
2022-06-06 22:25:12,086 INFO: Connecting to voice...
2022-06-06 22:25:12,086 INFO: Starting voice handshake... (connection attempt 1)
2022-06-06 22:25:13,033 INFO: Voice handshake complete. Endpoint found hongkong2113.discord.media
2022-06-06 22:25:14,323 INFO: selected the voice protocol for use (xsalsa20_poly1305_lite)
2022-06-06 22:25:14,540 INFO: received secret key for voice connection
2022-06-06 22:25:16,397 INFO: Preparing to terminate ffmpeg process 195.
2022-06-06 22:25:16,398 INFO: ffmpeg process 195 successfully terminated with return code of 0.
2022-06-06 22:25:20,752 INFO: Preparing to terminate ffmpeg process 206.
2022-06-06 22:25:20,753 INFO: ffmpeg process 206 successfully terminated with return code of 0.
2022-06-06 22:25:21,816 INFO: The voice handshake is being terminated for Channel ID 428109526550708238 (Guild ID 428109526550708234)
2022-06-06 22:25:21,817 INFO: Disconnecting from voice normally, close code 1000.
2022-06-06 23:29:54,950 INFO: logging in using static token
2022-06-06 23:29:55,245 INFO: Shard ID None has sent the IDENTIFY payload.
2022-06-06 23:29:55,451 INFO: Shard ID None has connected to Gateway: ["gateway-prd-main-bhbs",{"micros":160983,"calls":["discord-sessions-blue-prd-2-174",{"micros":159673,"calls":["start_session",{"micros":82231,"calls":["discord-api-bb88cc9b5-rwh7r",{"micros":73291,"calls":["get_user",{"micros":21931},"add_authorized_ip",{"micros":2170},"get_guilds",{"micros":6265},"coros_wait",{"micros":1}]}]},"guilds_connect",{"micros":2,"calls":[]},"presence_connect",{"micros":9935,"calls":[]}]}]}] (Session ID: e3268576b58fabc02d6826251ac0d462).
2022-06-06 23:29:57,492 INFO: 目前登入身份：神奇海螺#3847
2022-06-07 02:00:08,137 INFO: Got a request to RESUME the websocket.
2022-06-07 02:00:08,321 INFO: Shard ID None has sent the RESUME payload.
2022-06-07 02:00:08,377 INFO: Shard ID None has successfully RESUMED session e3268576b58fabc02d6826251ac0d462 under trace ["gateway-prd-main-82kb",{"micros":719,"calls":["discord-sessions-blue-prd-2-174",{"micros":16}]}].
2022-06-07 03:35:24,588 INFO: Got a request to RESUME the websocket.
2022-06-07 03:35:24,749 INFO: Shard ID None has sent the RESUME payload.
2022-06-07 03:35:24,791 INFO: Shard ID None has successfully RESUMED session e3268576b58fabc02d6826251ac0d462 under trace ["gateway-prd-main-d0f7",{"micros":565,"calls":["discord-sessions-blue-prd-2-174",{"micros":19}]}].
2022-06-07 05:08:53,365 INFO: Got a request to RESUME the websocket.
2022-06-07 05:08:53,641 INFO: Shard ID None has sent the RESUME payload.
2022-06-07 05:08:53,697 INFO: Shard ID None has successfully RESUMED session e3268576b58fabc02d6826251ac0d462 under trace ["gateway-prd-main-9ffp",{"micros":4138,"calls":["discord-sessions-blue-prd-2-174",{"micros":18}]}].
2022-06-07 07:49:18,324 INFO: logging in using static token
2022-06-07 07:49:18,736 INFO: Shard ID None has sent the IDENTIFY payload.
2022-06-07 07:49:18,888 INFO: Shard ID None has connected to Gateway: ["gateway-prd-main-zznc",{"micros":102223,"calls":["discord-sessions-blue-prd-2-53",{"micros":101461,"calls":["start_session",{"micros":71398,"calls":["discord-api-784b6b6dc7-whjdq",{"micros":66840,"calls":["get_user",{"micros":13423},"add_authorized_ip",{"micros":1728},"get_guilds",{"micros":9188},"coros_wait",{"micros":1}]}]},"guilds_connect",{"micros":1,"calls":[]},"presence_connect",{"micros":19344,"calls":[]}]}]}] (Session ID: 026e997d0f6eaa5cb728459b5c4b4d0b).
2022-06-07 07:49:20,930 INFO: 目前登入身份：神奇海螺#3847
2022-06-07 09:20:03,859 INFO: Websocket closed with 1006, attempting a reconnect.
2022-06-07 09:20:03,859 INFO: Got a request to RESUME the websocket.
2022-06-07 09:20:08,074 INFO: Shard ID None has sent the RESUME payload.
2022-06-07 09:20:08,122 INFO: Shard ID None has successfully RESUMED session 026e997d0f6eaa5cb728459b5c4b4d0b under trace ["gateway-prd-main-bljp",{"micros":600,"calls":["discord-sessions-blue-prd-2-53",{"micros":20}]}].
2022-06-07 09:22:18,339 INFO: logging in using static token
2022-06-07 09:22:18,631 INFO: Shard ID None has sent the IDENTIFY payload.
2022-06-07 09:22:18,778 INFO: Shard ID None has connected to Gateway: ["gateway-prd-main-bcr5",{"micros":99818,"calls":["discord-sessions-blue-prd-2-163",{"micros":99047,"calls":["start_session",{"micros":39776,"calls":["discord-api-784b6b6dc7-9r8cg",{"micros":32571,"calls":["get_user",{"micros":6594},"add_authorized_ip",{"micros":1389},"get_guilds",{"micros":2998},"coros_wait",{"micros":1}]}]},"guilds_connect",{"micros":20,"calls":[]},"presence_connect",{"micros":11092,"calls":[]}]}]}] (Session ID: 293b2e42150ff471e61f3fe4a3b8b6e5).
2022-06-07 09:22:20,820 INFO: 目前登入身份：神奇海螺#3847
2022-06-07 09:32:37,428 INFO: Websocket closed with 1006, attempting a reconnect.
2022-06-07 09:32:37,428 INFO: Got a request to RESUME the websocket.
2022-06-07 09:32:37,783 INFO: Shard ID None has sent the RESUME payload.
2022-06-07 09:32:37,853 INFO: Shard ID None has successfully RESUMED session 293b2e42150ff471e61f3fe4a3b8b6e5 under trace ["gateway-prd-main-d0f7",{"micros":575,"calls":["discord-sessions-blue-prd-2-163",{"micros":14}]}].
2022-06-07 09:39:30,307 INFO: Websocket closed with 1006, attempting a reconnect.
2022-06-07 09:39:30,307 INFO: Got a request to RESUME the websocket.
2022-06-07 09:39:30,562 INFO: Shard ID None has sent the RESUME payload.
2022-06-07 09:39:30,608 INFO: Shard ID None has successfully RESUMED session 293b2e42150ff471e61f3fe4a3b8b6e5 under trace ["gateway-prd-main-jbsr",{"micros":637,"calls":["discord-sessions-blue-prd-2-163",{"micros":20}]}].
2022-06-07 09:51:11,860 INFO: Websocket closed with 1006, attempting a reconnect.
2022-06-07 09:51:11,860 INFO: Got a request to RESUME the websocket.
2022-06-07 09:51:12,209 INFO: Shard ID None has sent the RESUME payload.
2022-06-07 09:51:12,279 INFO: Shard ID None has successfully RESUMED session 293b2e42150ff471e61f3fe4a3b8b6e5 under trace ["gateway-prd-main-d3nv",{"micros":695,"calls":["discord-sessions-blue-prd-2-163",{"micros":21}]}].
2022-06-07 09:55:19,730 INFO: Websocket closed with 1006, attempting a reconnect.
2022-06-07 09:55:19,730 INFO: Got a request to RESUME the websocket.
2022-06-07 09:55:19,942 INFO: Shard ID None has sent the RESUME payload.
2022-06-07 09:55:20,000 INFO: Shard ID None has successfully RESUMED session 293b2e42150ff471e61f3fe4a3b8b6e5 under trace ["gateway-prd-main-ljpc",{"micros":6140,"calls":["discord-sessions-blue-prd-2-163",{"micros":17}]}].
2022-06-07 10:00:49,983 INFO: Websocket closed with 1006, attempting a reconnect.
2022-06-07 10:00:49,984 INFO: Got a request to RESUME the websocket.
2022-06-07 10:00:50,342 INFO: Shard ID None has sent the RESUME payload.
2022-06-07 10:00:50,413 INFO: Shard ID None has successfully RESUMED session 293b2e42150ff471e61f3fe4a3b8b6e5 under trace ["gateway-prd-main-gwcl",{"micros":893,"calls":["discord-sessions-blue-prd-2-163",{"micros":24}]}].
2022-06-07 10:02:54,111 INFO: Websocket closed with 1006, attempting a reconnect.
2022-06-07 10:02:54,111 INFO: Got a request to RESUME the websocket.
2022-06-07 10:02:54,357 INFO: Shard ID None has sent the RESUME payload.
2022-06-07 10:02:54,402 INFO: Shard ID None has successfully RESUMED session 293b2e42150ff471e61f3fe4a3b8b6e5 under trace ["gateway-prd-main-vh2r",{"micros":491,"calls":["discord-sessions-blue-prd-2-163",{"micros":16}]}].
2022-06-07 11:57:43,250 INFO: Websocket closed with 1006, attempting a reconnect.
2022-06-07 11:57:43,250 INFO: Got a request to RESUME the websocket.
2022-06-07 11:57:43,410 INFO: Shard ID None has sent the RESUME payload.
2022-06-07 11:57:43,450 INFO: Shard ID None has successfully RESUMED session 293b2e42150ff471e61f3fe4a3b8b6e5 under trace ["gateway-prd-main-6dtt",{"micros":701,"calls":["discord-sessions-blue-prd-2-163",{"micros":20}]}].
2022-06-07 12:14:25,932 INFO: Websocket closed with 1006, attempting a reconnect.
2022-06-07 12:14:25,932 INFO: Got a request to RESUME the websocket.
2022-06-07 12:14:26,097 INFO: Shard ID None has sent the RESUME payload.
2022-06-07 12:14:26,148 INFO: Shard ID None has successfully RESUMED session 293b2e42150ff471e61f3fe4a3b8b6e5 under trace ["gateway-prd-main-rsk1",{"micros":13050,"calls":["discord-sessions-blue-prd-2-163",{"micros":17}]}].
2022-06-07 12:48:57,371 INFO: 楓夜 in 9又4分之8.7月台[打不出幹話就講出來啊]
2022-06-07 12:48:57,385 INFO: Connecting to voice...
2022-06-07 12:48:57,385 INFO: Starting voice handshake... (connection attempt 1)
2022-06-07 12:48:57,973 INFO: Voice handshake complete. Endpoint found japan4002.discord.media
2022-06-07 12:48:58,136 ERROR: Exception occurred during Voice Protocol voice server update handler
Traceback (most recent call last):
  File "/opt/virtualenvs/python3/lib/python3.8/site-packages/discord/state.py", line 102, in logging_coroutine
    await coroutine
  File "/opt/virtualenvs/python3/lib/python3.8/site-packages/discord/voice_client.py", line 295, in on_voice_server_update
    await self.ws.close(4000)
AttributeError: 'NoneType' object has no attribute 'close'
2022-06-07 12:48:58,951 INFO: selected the voice protocol for use (xsalsa20_poly1305_lite)
2022-06-07 12:48:59,118 INFO: received secret key for voice connection
2022-06-07 12:49:02,178 INFO: Preparing to terminate ffmpeg process 703.
2022-06-07 12:49:02,178 INFO: ffmpeg process 703 successfully terminated with return code of 0.
2022-06-07 12:49:04,993 INFO: Preparing to terminate ffmpeg process 714.
2022-06-07 12:49:04,994 INFO: ffmpeg process 714 successfully terminated with return code of 0.
2022-06-07 12:49:06,060 INFO: The voice handshake is being terminated for Channel ID 428109526550708238 (Guild ID 428109526550708234)
2022-06-07 12:49:06,061 INFO: Disconnecting from voice normally, close code 1000.
2022-06-07 13:11:53,526 INFO: MaiMai的Pool in 9又4分之8.7月台[123是什麼敷衍的名字]
2022-06-07 13:11:53,536 INFO: Connecting to voice...
2022-06-07 13:11:53,536 INFO: Starting voice handshake... (connection attempt 1)
2022-06-07 13:11:54,152 INFO: Voice handshake complete. Endpoint found japan1350.discord.media
2022-06-07 13:11:54,282 ERROR: Exception occurred during Voice Protocol voice server update handler
Traceback (most recent call last):
  File "/opt/virtualenvs/python3/lib/python3.8/site-packages/discord/state.py", line 102, in logging_coroutine
    await coroutine
  File "/opt/virtualenvs/python3/lib/python3.8/site-packages/discord/voice_client.py", line 295, in on_voice_server_update
    await self.ws.close(4000)
AttributeError: 'NoneType' object has no attribute 'close'
2022-06-07 13:11:55,149 INFO: selected the voice protocol for use (xsalsa20_poly1305_lite)
2022-06-07 13:11:55,312 INFO: received secret key for voice connection
2022-06-07 13:11:57,600 INFO: Preparing to terminate ffmpeg process 786.
2022-06-07 13:11:57,600 INFO: ffmpeg process 786 successfully terminated with return code of 0.
2022-06-07 13:12:00,372 INFO: Preparing to terminate ffmpeg process 796.
2022-06-07 13:12:00,372 INFO: ffmpeg process 796 successfully terminated with return code of 0.
2022-06-07 13:12:01,441 INFO: The voice handshake is being terminated for Channel ID 728631391809437746 (Guild ID 428109526550708234)
2022-06-07 13:12:01,441 INFO: Disconnecting from voice normally, close code 1000.
2022-06-07 13:12:09,956 INFO: wawa的n in 9又4分之8.7月台[123是什麼敷衍的名字]
2022-06-07 13:12:09,991 INFO: Connecting to voice...
2022-06-07 13:12:09,991 INFO: Starting voice handshake... (connection attempt 1)
2022-06-07 13:12:10,262 INFO: Voice handshake complete. Endpoint found japan1350.discord.media
2022-06-07 13:12:11,244 INFO: selected the voice protocol for use (xsalsa20_poly1305_lite)
2022-06-07 13:12:11,409 INFO: received secret key for voice connection
2022-06-07 13:12:13,556 INFO: Preparing to terminate ffmpeg process 807.
2022-06-07 13:12:13,557 INFO: ffmpeg process 807 successfully terminated with return code of 0.
2022-06-07 13:12:15,888 INFO: Preparing to terminate ffmpeg process 817.
2022-06-07 13:12:15,888 INFO: ffmpeg process 817 successfully terminated with return code of 0.
2022-06-07 13:12:16,933 INFO: The voice handshake is being terminated for Channel ID 728631391809437746 (Guild ID 428109526550708234)
2022-06-07 13:12:16,933 INFO: Disconnecting from voice normally, close code 1000.
2022-06-07 13:18:48,009 INFO: wawa的n out 9又4分之8.7月台[123是什麼敷衍的名字]
2022-06-07 13:18:48,009 INFO: Connecting to voice...
2022-06-07 13:18:48,009 INFO: Starting voice handshake... (connection attempt 1)
2022-06-07 13:18:48,768 INFO: Voice handshake complete. Endpoint found japan1350.discord.media
2022-06-07 13:18:49,659 INFO: wawa的n in 9又4分之8.7月台[123是什麼敷衍的名字]
2022-06-07 13:18:49,755 INFO: selected the voice protocol for use (xsalsa20_poly1305_lite)
2022-06-07 13:18:49,923 INFO: received secret key for voice connection
2022-06-07 13:18:51,908 INFO: Preparing to terminate ffmpeg process 860.
2022-06-07 13:18:51,909 INFO: ffmpeg process 860 successfully terminated with return code of 0.
2022-06-07 13:18:55,600 INFO: Preparing to terminate ffmpeg process 870.
2022-06-07 13:18:55,601 INFO: ffmpeg process 870 successfully terminated with return code of 0.
2022-06-07 13:18:57,619 INFO: Preparing to terminate ffmpeg process 880.
2022-06-07 13:18:57,620 INFO: ffmpeg process 880 successfully terminated with return code of 0.
2022-06-07 13:18:58,661 INFO: The voice handshake is being terminated for Channel ID 728631391809437746 (Guild ID 428109526550708234)
2022-06-07 13:18:58,662 INFO: Disconnecting from voice normally, close code 1000.
2022-06-07 13:44:46,185 INFO: Chi in 9又4分之8.7月台[123是什麼敷衍的名字]
2022-06-07 13:44:46,239 INFO: Connecting to voice...
2022-06-07 13:44:46,239 INFO: Starting voice handshake... (connection attempt 1)
2022-06-07 13:44:46,924 INFO: Voice handshake complete. Endpoint found japan1350.discord.media
2022-06-07 13:44:47,944 INFO: selected the voice protocol for use (xsalsa20_poly1305_lite)
2022-06-07 13:44:48,110 INFO: received secret key for voice connection
2022-06-07 13:44:49,776 INFO: Preparing to terminate ffmpeg process 954.
2022-06-07 13:44:49,777 INFO: ffmpeg process 954 successfully terminated with return code of 0.
2022-06-07 13:44:51,986 INFO: Preparing to terminate ffmpeg process 964.
2022-06-07 13:44:51,986 INFO: ffmpeg process 964 successfully terminated with return code of 0.
2022-06-07 13:44:53,030 INFO: The voice handshake is being terminated for Channel ID 728631391809437746 (Guild ID 428109526550708234)
2022-06-07 13:44:53,031 INFO: Disconnecting from voice normally, close code 1000.
2022-06-07 13:47:29,258 INFO: 神奇海螺 in 9又4分之8.7月台[123是什麼敷衍的名字]
2022-06-07 13:47:29,277 INFO: Connecting to voice...
2022-06-07 13:47:29,277 INFO: Starting voice handshake... (connection attempt 1)
2022-06-07 13:47:29,521 INFO: Voice handshake complete. Endpoint found japan1350.discord.media
2022-06-07 13:47:30,506 INFO: selected the voice protocol for use (xsalsa20_poly1305_lite)
2022-06-07 13:47:30,672 INFO: received secret key for voice connection
2022-06-07 13:47:33,019 INFO: Preparing to terminate ffmpeg process 975.
2022-06-07 13:47:33,020 INFO: ffmpeg process 975 successfully terminated with return code of 0.
2022-06-07 13:47:35,355 INFO: Preparing to terminate ffmpeg process 985.
2022-06-07 13:47:35,356 INFO: ffmpeg process 985 successfully terminated with return code of 0.
2022-06-07 13:47:36,401 INFO: The voice handshake is being terminated for Channel ID 728631391809437746 (Guild ID 428109526550708234)
2022-06-07 13:47:36,401 INFO: Disconnecting from voice normally, close code 1000.
2022-06-07 13:48:25,413 INFO: 楓夜 in 9又4分之8.7月台[123是什麼敷衍的名字]
2022-06-07 13:48:25,422 INFO: Connecting to voice...
2022-06-07 13:48:25,422 INFO: Starting voice handshake... (connection attempt 1)
2022-06-07 13:48:25,724 INFO: Voice handshake complete. Endpoint found japan1350.discord.media
2022-06-07 13:48:26,716 INFO: selected the voice protocol for use (xsalsa20_poly1305_lite)
2022-06-07 13:48:26,882 INFO: received secret key for voice connection
2022-06-07 13:48:29,929 INFO: Preparing to terminate ffmpeg process 996.
2022-06-07 13:48:29,930 INFO: ffmpeg process 996 successfully terminated with return code of 0.
2022-06-07 13:48:31,471 INFO: Preparing to terminate ffmpeg process 1006.
2022-06-07 13:48:31,472 INFO: ffmpeg process 1006 successfully terminated with return code of 0.
2022-06-07 13:48:33,014 INFO: The voice handshake is being terminated for Channel ID 728631391809437746 (Guild ID 428109526550708234)
2022-06-07 13:48:33,015 INFO: Disconnecting from voice normally, close code 1000.
2022-06-07 13:49:30,719 INFO: 不偷家的飄飄大仙 in 9又4分之8.7月台[123是什麼敷衍的名字]
2022-06-07 13:49:30,758 INFO: Connecting to voice...
2022-06-07 13:49:30,758 INFO: Starting voice handshake... (connection attempt 1)
2022-06-07 13:49:30,978 INFO: Voice handshake complete. Endpoint found japan1350.discord.media
2022-06-07 13:49:31,974 INFO: selected the voice protocol for use (xsalsa20_poly1305_lite)
2022-06-07 13:49:32,141 INFO: received secret key for voice connection
2022-06-07 13:49:35,736 INFO: Preparing to terminate ffmpeg process 1017.
2022-06-07 13:49:35,737 INFO: ffmpeg process 1017 successfully terminated with return code of 0.
2022-06-07 13:49:38,045 INFO: Preparing to terminate ffmpeg process 1027.
2022-06-07 13:49:38,046 INFO: ffmpeg process 1027 successfully terminated with return code of 0.
2022-06-07 13:49:39,092 INFO: The voice handshake is being terminated for Channel ID 728631391809437746 (Guild ID 428109526550708234)
2022-06-07 13:49:39,093 INFO: Disconnecting from voice normally, close code 1000.
2022-06-07 13:50:31,382 INFO: KyrieR in 9又4分之8.7月台[123是什麼敷衍的名字]
2022-06-07 13:50:31,408 INFO: Connecting to voice...
2022-06-07 13:50:31,408 INFO: Starting voice handshake... (connection attempt 1)
2022-06-07 13:50:31,701 INFO: Voice handshake complete. Endpoint found japan1350.discord.media
2022-06-07 13:50:32,695 INFO: selected the voice protocol for use (xsalsa20_poly1305_lite)
2022-06-07 13:50:32,860 INFO: received secret key for voice connection
2022-06-07 13:50:34,947 INFO: Preparing to terminate ffmpeg process 1038.
2022-06-07 13:50:34,948 INFO: ffmpeg process 1038 successfully terminated with return code of 0.
2022-06-07 13:50:37,968 INFO: Preparing to terminate ffmpeg process 1048.
2022-06-07 13:50:37,969 INFO: ffmpeg process 1048 successfully terminated with return code of 0.
2022-06-07 13:50:38,997 INFO: The voice handshake is being terminated for Channel ID 728631391809437746 (Guild ID 428109526550708234)
2022-06-07 13:50:38,997 INFO: Disconnecting from voice normally, close code 1000.
2022-06-07 13:52:37,523 INFO: SparkleZ in 9又4分之8.7月台[123是什麼敷衍的名字]
2022-06-07 13:52:37,558 INFO: Connecting to voice...
2022-06-07 13:52:37,558 INFO: Starting voice handshake... (connection attempt 1)
2022-06-07 13:52:38,243 INFO: Voice handshake complete. Endpoint found japan1350.discord.media
2022-06-07 13:52:39,226 INFO: selected the voice protocol for use (xsalsa20_poly1305_lite)
2022-06-07 13:52:39,390 INFO: received secret key for voice connection
2022-06-07 13:52:41,380 INFO: Preparing to terminate ffmpeg process 1059.
2022-06-07 13:52:41,381 INFO: ffmpeg process 1059 successfully terminated with return code of 0.
2022-06-07 13:52:44,024 INFO: Preparing to terminate ffmpeg process 1069.
2022-06-07 13:52:44,025 INFO: ffmpeg process 1069 successfully terminated with return code of 0.
2022-06-07 13:52:45,031 INFO: The voice handshake is being terminated for Channel ID 728631391809437746 (Guild ID 428109526550708234)
2022-06-07 13:52:45,032 INFO: Disconnecting from voice normally, close code 1000.
2022-06-07 13:53:33,262 INFO: BunnyplayGG in 9又4分之8.7月台[123是什麼敷衍的名字]
2022-06-07 13:53:33,292 INFO: Connecting to voice...
2022-06-07 13:53:33,292 INFO: Starting voice handshake... (connection attempt 1)
2022-06-07 13:53:33,558 INFO: Voice handshake complete. Endpoint found japan1350.discord.media
2022-06-07 13:53:34,547 INFO: selected the voice protocol for use (xsalsa20_poly1305_lite)
2022-06-07 13:53:34,716 INFO: received secret key for voice connection
2022-06-07 13:53:37,104 INFO: Preparing to terminate ffmpeg process 1080.
2022-06-07 13:53:37,106 INFO: ffmpeg process 1080 successfully terminated with return code of 0.
2022-06-07 13:53:39,278 INFO: Preparing to terminate ffmpeg process 1090.
2022-06-07 13:53:39,279 INFO: ffmpeg process 1090 successfully terminated with return code of 0.
2022-06-07 13:53:40,343 INFO: The voice handshake is being terminated for Channel ID 728631391809437746 (Guild ID 428109526550708234)
2022-06-07 13:53:40,343 INFO: Disconnecting from voice normally, close code 1000.
2022-06-07 14:15:03,115 INFO: KyrieR out 9又4分之8.7月台[123是什麼敷衍的名字]
2022-06-07 14:15:03,115 INFO: Connecting to voice...
2022-06-07 14:15:03,115 INFO: Starting voice handshake... (connection attempt 1)
2022-06-07 14:15:03,862 INFO: Voice handshake complete. Endpoint found japan1350.discord.media
2022-06-07 14:15:04,742 INFO: KyrieR in 9又4分之8.7月台[123是什麼敷衍的名字]
2022-06-07 14:15:04,893 INFO: selected the voice protocol for use (xsalsa20_poly1305_lite)
2022-06-07 14:15:05,062 INFO: received secret key for voice connection
2022-06-07 14:15:06,870 INFO: Preparing to terminate ffmpeg process 1193.
2022-06-07 14:15:06,870 INFO: ffmpeg process 1193 successfully terminated with return code of 0.
2022-06-07 14:15:09,963 INFO: Preparing to terminate ffmpeg process 1203.
2022-06-07 14:15:09,964 INFO: ffmpeg process 1203 successfully terminated with return code of 0.
2022-06-07 14:15:12,278 INFO: Preparing to terminate ffmpeg process 1213.
2022-06-07 14:15:12,279 INFO: ffmpeg process 1213 successfully terminated with return code of 0.
2022-06-07 14:15:13,302 INFO: The voice handshake is being terminated for Channel ID 728631391809437746 (Guild ID 428109526550708234)
2022-06-07 14:15:13,303 INFO: Disconnecting from voice normally, close code 1000.
2022-06-07 14:55:21,435 INFO: MaiMai的Pool in 9又4分之8.7月台[打不出幹話就講出來啊]
2022-06-07 14:55:21,445 INFO: Connecting to voice...
2022-06-07 14:55:21,445 INFO: Starting voice handshake... (connection attempt 1)
2022-06-07 14:55:22,028 INFO: Voice handshake complete. Endpoint found japan549.discord.media
2022-06-07 14:55:22,204 ERROR: Exception occurred during Voice Protocol voice server update handler
Traceback (most recent call last):
  File "/opt/virtualenvs/python3/lib/python3.8/site-packages/discord/state.py", line 102, in logging_coroutine
    await coroutine
  File "/opt/virtualenvs/python3/lib/python3.8/site-packages/discord/voice_client.py", line 295, in on_voice_server_update
    await self.ws.close(4000)
AttributeError: 'NoneType' object has no attribute 'close'
2022-06-07 14:55:23,031 INFO: selected the voice protocol for use (xsalsa20_poly1305_lite)
2022-06-07 14:55:23,200 INFO: received secret key for voice connection
2022-06-07 14:55:24,108 INFO: wawa的n in 9又4分之8.7月台[打不出幹話就講出來啊]
2022-06-07 14:55:25,987 INFO: Preparing to terminate ffmpeg process 1315.
2022-06-07 14:55:25,988 INFO: ffmpeg process 1315 successfully terminated with return code of 0.
2022-06-07 14:55:28,303 INFO: Preparing to terminate ffmpeg process 1325.
2022-06-07 14:55:28,303 INFO: ffmpeg process 1325 successfully terminated with return code of 0.
2022-06-07 14:55:31,992 INFO: Preparing to terminate ffmpeg process 1335.
2022-06-07 14:55:31,992 INFO: ffmpeg process 1335 successfully terminated with return code of 0.
2022-06-07 14:55:34,585 INFO: Preparing to terminate ffmpeg process 1345.
2022-06-07 14:55:34,586 INFO: ffmpeg process 1345 successfully terminated with return code of 0.
2022-06-07 14:55:35,650 INFO: The voice handshake is being terminated for Channel ID 428109526550708238 (Guild ID 428109526550708234)
2022-06-07 14:55:35,650 INFO: Disconnecting from voice normally, close code 1000.
2022-06-07 14:55:38,838 INFO: 神奇海螺 in 9又4分之8.7月台[打不出幹話就講出來啊]
2022-06-07 14:55:38,875 INFO: Connecting to voice...
2022-06-07 14:55:38,876 INFO: Starting voice handshake... (connection attempt 1)
2022-06-07 14:55:39,156 INFO: Voice handshake complete. Endpoint found japan549.discord.media
2022-06-07 14:55:40,166 INFO: selected the voice protocol for use (xsalsa20_poly1305_lite)
2022-06-07 14:55:40,334 INFO: received secret key for voice connection
2022-06-07 14:55:40,387 INFO: 不偷家的飄飄大仙 in 9又4分之8.7月台[打不出幹話就講出來啊]
2022-06-07 14:55:42,513 INFO: 不偷家的飄飄大仙 in 9又4分之8.7月台[欸欸欸這樣配可以嗎(思]
2022-06-07 14:55:42,681 INFO: Preparing to terminate ffmpeg process 1356.
2022-06-07 14:55:42,683 INFO: ffmpeg process 1356 successfully terminated with return code of 0.
2022-06-07 14:55:44,246 INFO: Preparing to terminate ffmpeg process 1366.
2022-06-07 14:55:44,247 INFO: ffmpeg process 1366 successfully terminated with return code of 0.
2022-06-07 14:55:48,456 INFO: 不偷家的飄飄大仙 in 9又4分之8.7月台[打不出幹話就講出來啊]
2022-06-07 14:55:48,855 INFO: Preparing to terminate ffmpeg process 1376.
2022-06-07 14:55:48,856 INFO: ffmpeg process 1376 successfully terminated with return code of 0.
2022-06-07 14:55:50,636 INFO: 不偷家的飄飄大仙 in 9又4分之8.7月台[欸欸欸這樣配可以嗎(思]
2022-06-07 14:55:51,580 INFO: Preparing to terminate ffmpeg process 1386.
2022-06-07 14:55:51,580 INFO: ffmpeg process 1386 successfully terminated with return code of 0.
2022-06-07 14:55:52,625 INFO: The voice handshake is being terminated for Channel ID 428109526550708238 (Guild ID 428109526550708234)
2022-06-07 14:55:52,625 INFO: Connecting to voice...
2022-06-07 14:55:52,625 INFO: Starting voice handshake... (connection attempt 1)
2022-06-07 14:55:52,626 INFO: Disconnecting from voice normally, close code 1000.
2022-06-07 14:55:52,884 INFO: Voice handshake complete. Endpoint found hongkong6951.discord.media
2022-06-07 14:55:54,162 INFO: selected the voice protocol for use (xsalsa20_poly1305_lite)
2022-06-07 14:55:54,381 INFO: received secret key for voice connection
2022-06-07 14:55:57,449 INFO: Preparing to terminate ffmpeg process 1397.
2022-06-07 14:55:57,450 INFO: ffmpeg process 1397 successfully terminated with return code of 0.
2022-06-07 14:55:59,649 INFO: Preparing to terminate ffmpeg process 1407.
2022-06-07 14:55:59,650 INFO: ffmpeg process 1407 successfully terminated with return code of 0.
2022-06-07 14:56:00,714 INFO: The voice handshake is being terminated for Channel ID 868516155525046333 (Guild ID 428109526550708234)
2022-06-07 14:56:00,714 INFO: Connecting to voice...
2022-06-07 14:56:00,715 INFO: Starting voice handshake... (connection attempt 1)
2022-06-07 14:56:00,715 INFO: Disconnecting from voice normally, close code 1000.
2022-06-07 14:56:00,924 INFO: Voice handshake complete. Endpoint found japan549.discord.media
2022-06-07 14:56:01,910 INFO: selected the voice protocol for use (xsalsa20_poly1305_lite)
2022-06-07 14:56:02,078 INFO: received secret key for voice connection
2022-06-07 14:56:05,153 INFO: Preparing to terminate ffmpeg process 1418.
2022-06-07 14:56:05,153 INFO: ffmpeg process 1418 successfully terminated with return code of 0.
2022-06-07 14:56:07,472 INFO: Preparing to terminate ffmpeg process 1428.
2022-06-07 14:56:07,473 INFO: ffmpeg process 1428 successfully terminated with return code of 0.
2022-06-07 14:56:08,517 INFO: The voice handshake is being terminated for Channel ID 428109526550708238 (Guild ID 428109526550708234)
2022-06-07 14:56:08,517 INFO: Connecting to voice...
2022-06-07 14:56:08,517 INFO: Starting voice handshake... (connection attempt 1)
2022-06-07 14:56:08,518 INFO: Disconnecting from voice normally, close code 1000.
2022-06-07 14:56:08,781 INFO: Voice handshake complete. Endpoint found hongkong6951.discord.media
2022-06-07 14:56:10,049 INFO: selected the voice protocol for use (xsalsa20_poly1305_lite)
2022-06-07 14:56:10,263 INFO: received secret key for voice connection
2022-06-07 14:56:13,850 INFO: Preparing to terminate ffmpeg process 1439.
2022-06-07 14:56:13,850 INFO: ffmpeg process 1439 successfully terminated with return code of 0.
2022-06-07 14:56:15,994 INFO: Preparing to terminate ffmpeg process 1449.
2022-06-07 14:56:15,994 INFO: ffmpeg process 1449 successfully terminated with return code of 0.
2022-06-07 14:56:16,997 INFO: The voice handshake is being terminated for Channel ID 868516155525046333 (Guild ID 428109526550708234)
2022-06-07 14:56:16,998 INFO: Disconnecting from voice normally, close code 1000.
2022-06-07 14:56:19,327 INFO: 不偷家的飄飄大仙 in 9又4分之8.7月台[打不出幹話就講出來啊]
2022-06-07 14:56:19,346 INFO: Connecting to voice...
2022-06-07 14:56:19,347 INFO: Starting voice handshake... (connection attempt 1)
2022-06-07 14:56:19,629 INFO: Voice handshake complete. Endpoint found japan549.discord.media
2022-06-07 14:56:20,633 INFO: selected the voice protocol for use (xsalsa20_poly1305_lite)
2022-06-07 14:56:20,805 INFO: received secret key for voice connection
2022-06-07 14:56:24,391 INFO: Preparing to terminate ffmpeg process 1460.
2022-06-07 14:56:24,392 INFO: ffmpeg process 1460 successfully terminated with return code of 0.
2022-06-07 14:56:27,421 INFO: Preparing to terminate ffmpeg process 1470.
2022-06-07 14:56:27,421 INFO: ffmpeg process 1470 successfully terminated with return code of 0.
2022-06-07 14:56:28,448 INFO: The voice handshake is being terminated for Channel ID 428109526550708238 (Guild ID 428109526550708234)
2022-06-07 14:56:28,448 INFO: Disconnecting from voice normally, close code 1000.
2022-06-07 16:00:18,641 INFO: 不偷家的飄飄大仙 in 9又4分之8.7月台[123是什麼敷衍的名字]
2022-06-07 16:00:18,664 INFO: Connecting to voice...
2022-06-07 16:00:18,664 INFO: Starting voice handshake... (connection attempt 1)
2022-06-07 16:00:19,383 INFO: Voice handshake complete. Endpoint found japan1350.discord.media
2022-06-07 16:00:20,400 INFO: selected the voice protocol for use (xsalsa20_poly1305_lite)
2022-06-07 16:00:20,583 INFO: received secret key for voice connection
2022-06-07 16:00:21,662 INFO: Preparing to terminate ffmpeg process 1695.
2022-06-07 16:00:21,666 INFO: ffmpeg process 1695 has not terminated. Waiting to terminate...
2022-06-07 16:00:21,694 INFO: ffmpeg process 1695 should have terminated with a return code of -9.
2022-06-07 16:00:21,702 INFO: The voice handshake is being terminated for Channel ID 728631391809437746 (Guild ID 428109526550708234)
2022-06-07 16:00:21,703 INFO: Disconnecting from voice normally, close code 1000.
2022-06-07 16:00:22,711 INFO: Preparing to terminate ffmpeg process 1705.
2022-06-07 16:00:22,712 INFO: ffmpeg process 1705 has not terminated. Waiting to terminate...
2022-06-07 16:00:22,712 INFO: ffmpeg process 1705 should have terminated with a return code of -9.
2022-06-07 16:00:25,984 INFO: Connecting to voice...
2022-06-07 16:00:25,984 INFO: Starting voice handshake... (connection attempt 1)
2022-06-07 16:00:26,771 INFO: Voice handshake complete. Endpoint found hongkong2519.discord.media
2022-06-07 16:00:27,139 ERROR: Exception occurred during Voice Protocol voice server update handler
Traceback (most recent call last):
  File "/opt/virtualenvs/python3/lib/python3.8/site-packages/discord/state.py", line 102, in logging_coroutine
    await coroutine
  File "/opt/virtualenvs/python3/lib/python3.8/site-packages/discord/voice_client.py", line 295, in on_voice_server_update
    await self.ws.close(4000)
AttributeError: 'NoneType' object has no attribute 'close'
2022-06-07 16:00:28,049 INFO: selected the voice protocol for use (xsalsa20_poly1305_lite)
2022-06-07 16:00:28,264 INFO: received secret key for voice connection
2022-06-07 16:00:32,963 INFO: 不偷家的飄飄大仙 in 9又4分之8.7月台[打不出幹話就講出來啊]
2022-06-07 16:00:33,610 INFO: Preparing to terminate ffmpeg process 1707.
2022-06-07 16:00:33,611 INFO: ffmpeg process 1707 successfully terminated with return code of 0.
2022-06-07 16:00:34,705 INFO: The voice handshake is being terminated for Channel ID 983762367018045520 (Guild ID 428109526550708234)
2022-06-07 16:00:34,706 INFO: Connecting to voice...
2022-06-07 16:00:34,706 INFO: Starting voice handshake... (connection attempt 1)
2022-06-07 16:00:34,706 INFO: Disconnecting from voice normally, close code 1000.
2022-06-07 16:00:34,919 INFO: Voice handshake complete. Endpoint found japan549.discord.media
2022-06-07 16:00:35,924 INFO: selected the voice protocol for use (xsalsa20_poly1305_lite)
2022-06-07 16:00:36,098 INFO: received secret key for voice connection
2022-06-07 16:00:39,166 INFO: Preparing to terminate ffmpeg process 1718.
2022-06-07 16:00:39,167 INFO: ffmpeg process 1718 successfully terminated with return code of 0.
2022-06-07 16:00:41,383 INFO: Preparing to terminate ffmpeg process 1728.
2022-06-07 16:00:41,383 INFO: ffmpeg process 1728 successfully terminated with return code of 0.
2022-06-07 16:00:42,448 INFO: The voice handshake is being terminated for Channel ID 428109526550708238 (Guild ID 428109526550708234)
2022-06-07 16:00:42,448 INFO: Disconnecting from voice normally, close code 1000.
2022-06-07 16:04:46,787 INFO: Got a request to RESUME the websocket.
2022-06-07 16:04:46,972 INFO: Shard ID None has sent the RESUME payload.
2022-06-07 16:04:47,018 INFO: Shard ID None has successfully RESUMED session 293b2e42150ff471e61f3fe4a3b8b6e5 under trace ["gateway-prd-main-slt9",{"micros":2853,"calls":["discord-sessions-blue-prd-2-163",{"micros":28}]}].
2022-06-07 16:05:27,742 INFO: BunnyplayGG out 9又4分之8.7月台[123是什麼敷衍的名字]
2022-06-07 16:05:27,742 INFO: Connecting to voice...
2022-06-07 16:05:27,742 INFO: Starting voice handshake... (connection attempt 1)
2022-06-07 16:05:28,190 INFO: 楓夜 out 9又4分之8.7月台[123是什麼敷衍的名字]
2022-06-07 16:05:28,254 INFO: Voice handshake complete. Endpoint found japan1350.discord.media
2022-06-07 16:05:29,270 INFO: selected the voice protocol for use (xsalsa20_poly1305_lite)
2022-06-07 16:05:29,464 INFO: received secret key for voice connection
2022-06-07 16:05:30,305 INFO: Chi out 9又4分之8.7月台[123是什麼敷衍的名字]
2022-06-07 16:05:31,650 INFO: SparkleZ out 9又4分之8.7月台[123是什麼敷衍的名字]
2022-06-07 16:05:31,832 INFO: Preparing to terminate ffmpeg process 1740.
2022-06-07 16:05:31,833 INFO: ffmpeg process 1740 successfully terminated with return code of 0.
2022-06-07 16:05:35,229 INFO: Preparing to terminate ffmpeg process 1750.
2022-06-07 16:05:35,229 INFO: ffmpeg process 1750 successfully terminated with return code of 0.
2022-06-07 16:05:37,873 INFO: Preparing to terminate ffmpeg process 1760.
2022-06-07 16:05:37,874 INFO: ffmpeg process 1760 successfully terminated with return code of 0.
2022-06-07 16:05:40,565 INFO: KyrieR out 9又4分之8.7月台[123是什麼敷衍的名字]
2022-06-07 16:05:40,905 INFO: Preparing to terminate ffmpeg process 1770.
2022-06-07 16:05:40,905 INFO: ffmpeg process 1770 successfully terminated with return code of 0.
2022-06-07 16:05:43,754 INFO: Preparing to terminate ffmpeg process 1780.
2022-06-07 16:05:43,754 INFO: ffmpeg process 1780 successfully terminated with return code of 0.
2022-06-07 16:05:44,764 INFO: The voice handshake is being terminated for Channel ID 728631391809437746 (Guild ID 428109526550708234)
2022-06-07 16:05:44,765 INFO: Disconnecting from voice normally, close code 1000.
2022-06-07 16:31:58,821 INFO: Got a request to RESUME the websocket.
2022-06-07 16:31:59,003 INFO: Shard ID None has sent the RESUME payload.
2022-06-07 16:31:59,091 INFO: Shard ID None has successfully RESUMED session 293b2e42150ff471e61f3fe4a3b8b6e5 under trace ["gateway-prd-main-lpkr",{"micros":1229,"calls":["discord-sessions-blue-prd-2-163",{"micros":24}]}].
2022-06-07 17:21:36,904 INFO: wawa的n out 9又4分之8.7月台[打不出幹話就講出來啊]
2022-06-07 17:21:36,904 INFO: Connecting to voice...
2022-06-07 17:21:36,904 INFO: Starting voice handshake... (connection attempt 1)
2022-06-07 17:21:37,632 INFO: Voice handshake complete. Endpoint found japan549.discord.media
2022-06-07 17:21:38,651 INFO: selected the voice protocol for use (xsalsa20_poly1305_lite)
2022-06-07 17:21:38,833 INFO: received secret key for voice connection
2022-06-07 17:21:40,819 INFO: Preparing to terminate ffmpeg process 2010.
2022-06-07 17:21:40,820 INFO: ffmpeg process 2010 successfully terminated with return code of 0.
2022-06-07 17:21:41,846 INFO: The voice handshake is being terminated for Channel ID 428109526550708238 (Guild ID 428109526550708234)
2022-06-07 17:21:41,847 INFO: Disconnecting from voice normally, close code 1000.
2022-06-07 17:28:23,833 INFO: MaiMai的Pool out 9又4分之8.7月台[打不出幹話就講出來啊]
2022-06-07 17:28:23,833 INFO: Connecting to voice...
2022-06-07 17:28:23,833 INFO: Starting voice handshake... (connection attempt 1)
2022-06-07 17:28:24,587 INFO: Voice handshake complete. Endpoint found japan549.discord.media
2022-06-07 17:28:25,600 INFO: selected the voice protocol for use (xsalsa20_poly1305_lite)
2022-06-07 17:28:25,766 INFO: received secret key for voice connection
2022-06-07 17:28:27,872 INFO: Preparing to terminate ffmpeg process 2051.
2022-06-07 17:28:27,873 INFO: ffmpeg process 2051 successfully terminated with return code of 0.
2022-06-07 17:28:28,879 INFO: The voice handshake is being terminated for Channel ID 428109526550708238 (Guild ID 428109526550708234)
2022-06-07 17:28:28,880 INFO: Disconnecting from voice normally, close code 1000.
2022-06-07 17:29:03,419 INFO: 不偷家的飄飄大仙 out 9又4分之8.7月台[打不出幹話就講出來啊]
2022-06-07 17:29:03,419 INFO: Connecting to voice...
2022-06-07 17:29:03,419 INFO: Starting voice handshake... (connection attempt 1)
2022-06-07 17:29:03,709 INFO: Voice handshake complete. Endpoint found japan549.discord.media
2022-06-07 17:29:04,837 INFO: selected the voice protocol for use (xsalsa20_poly1305_lite)
2022-06-07 17:29:05,007 INFO: received secret key for voice connection
2022-06-07 17:29:07,894 INFO: Preparing to terminate ffmpeg process 2062.
2022-06-07 17:29:07,895 INFO: ffmpeg process 2062 successfully terminated with return code of 0.
2022-06-07 17:29:08,924 INFO: The voice handshake is being terminated for Channel ID 428109526550708238 (Guild ID 428109526550708234)
2022-06-07 17:29:08,925 INFO: Disconnecting from voice normally, close code 1000.
2022-06-07 19:24:48,613 INFO: Got a request to RESUME the websocket.
2022-06-07 19:24:48,779 INFO: Shard ID None has sent the RESUME payload.
2022-06-07 19:24:48,820 INFO: Shard ID None has successfully RESUMED session 293b2e42150ff471e61f3fe4a3b8b6e5 under trace ["gateway-prd-main-tqm3",{"micros":3239,"calls":["discord-sessions-blue-prd-2-163",{"micros":18}]}].
2022-06-07 20:39:21,894 INFO: Got a request to RESUME the websocket.
2022-06-07 20:39:22,055 INFO: Shard ID None has sent the RESUME payload.
2022-06-07 20:39:22,098 INFO: Shard ID None has successfully RESUMED session 293b2e42150ff471e61f3fe4a3b8b6e5 under trace ["gateway-prd-main-5wvq",{"micros":849,"calls":["discord-sessions-blue-prd-2-163",{"micros":20}]}].
2022-06-07 22:15:06,429 INFO: Got a request to RESUME the websocket.
2022-06-07 22:15:06,635 INFO: Shard ID None has sent the RESUME payload.
2022-06-07 22:15:06,675 INFO: Shard ID None has successfully RESUMED session 293b2e42150ff471e61f3fe4a3b8b6e5 under trace ["gateway-prd-main-thmf",{"micros":818,"calls":["discord-sessions-blue-prd-2-163",{"micros":21}]}].
2022-06-07 23:42:08,146 INFO: Got a request to RESUME the websocket.
2022-06-07 23:42:08,344 INFO: Shard ID None has sent the RESUME payload.
2022-06-07 23:42:08,385 INFO: Shard ID None has successfully RESUMED session 293b2e42150ff471e61f3fe4a3b8b6e5 under trace ["gateway-prd-main-6bh5",{"micros":2946,"calls":["discord-sessions-blue-prd-2-163",{"micros":20}]}].
2022-06-07 23:58:12,504 INFO: Got a request to RESUME the websocket.
2022-06-07 23:58:12,671 INFO: Shard ID None has sent the RESUME payload.
2022-06-07 23:58:12,712 INFO: Shard ID None has successfully RESUMED session 293b2e42150ff471e61f3fe4a3b8b6e5 under trace ["gateway-prd-main-b4vb",{"micros":518,"calls":["discord-sessions-blue-prd-2-163",{"micros":34}]}].
