2022-07-07 16:20:22,852 INFO: logging in using static token
2022-07-07 16:20:23,210 INFO: Shard ID None has sent the IDENTIFY payload.
2022-07-07 16:20:23,365 INFO: Shard ID None has connected to Gateway: ["gateway-prd-main-vxl6",{"micros":113541,"calls":["discord-sessions-green-prd-2-68",{"micros":112371,"calls":["start_session",{"micros":92072,"calls":["discord-api-57fbfbcc9f-ptzdw",{"micros":86118,"calls":["get_user",{"micros":22379},"add_authorized_ip",{"micros":11191},"get_guilds",{"micros":13614},"coros_wait",{"micros":1}]}]},"guilds_connect",{"micros":2,"calls":[]},"presence_connect",{"micros":1,"calls":[]}]}]}] (Session ID: b610d8b88286fcb14a0daf3dd2f991db).
2022-07-07 16:20:25,423 INFO: 目前登入身份：神奇海螺#3847
2022-07-07 17:16:52,180 INFO: 神奇海螺 in 9又4分之8.7月台[123是什麼敷衍的名字]
2022-07-07 17:16:52,191 INFO: Connecting to voice...
2022-07-07 17:16:52,191 INFO: Starting voice handshake... (connection attempt 1)
2022-07-07 17:16:52,971 INFO: Voice handshake complete. Endpoint found hongkong1237.discord.media
2022-07-07 17:16:53,184 ERROR: Exception occurred during Voice Protocol voice server update handler
Traceback (most recent call last):
  File "/opt/virtualenvs/python3/lib/python3.8/site-packages/discord/state.py", line 102, in logging_coroutine
    await coroutine
  File "/opt/virtualenvs/python3/lib/python3.8/site-packages/discord/voice_client.py", line 295, in on_voice_server_update
    await self.ws.close(4000)
AttributeError: 'NoneType' object has no attribute 'close'
2022-07-07 17:16:54,518 INFO: selected the voice protocol for use (xsalsa20_poly1305_lite)
2022-07-07 17:16:54,732 INFO: received secret key for voice connection
2022-07-07 17:16:57,617 INFO: Preparing to terminate ffmpeg process 232.
2022-07-07 17:16:57,618 INFO: ffmpeg process 232 successfully terminated with return code of 0.
2022-07-07 17:17:01,047 INFO: Preparing to terminate ffmpeg process 243.
2022-07-07 17:17:01,048 INFO: ffmpeg process 243 successfully terminated with return code of 0.
2022-07-07 17:17:02,096 INFO: The voice handshake is being terminated for Channel ID 728631391809437746 (Guild ID 428109526550708234)
2022-07-07 17:17:02,096 INFO: Disconnecting from voice normally, close code 1000.
2022-07-07 17:23:04,572 INFO: SparkleZ in 9又4分之8.7月台[123是什麼敷衍的名字]
2022-07-07 17:23:04,624 INFO: Connecting to voice...
2022-07-07 17:23:04,624 INFO: Starting voice handshake... (connection attempt 1)
2022-07-07 17:23:04,942 INFO: Voice handshake complete. Endpoint found hongkong1237.discord.media
2022-07-07 17:23:06,039 INFO: selected the voice protocol for use (xsalsa20_poly1305_lite)
2022-07-07 17:23:06,250 INFO: received secret key for voice connection
2022-07-07 17:23:08,237 INFO: Preparing to terminate ffmpeg process 316.
2022-07-07 17:23:08,237 INFO: ffmpeg process 316 successfully terminated with return code of 0.
2022-07-07 17:23:10,874 INFO: Preparing to terminate ffmpeg process 326.
2022-07-07 17:23:10,874 INFO: ffmpeg process 326 successfully terminated with return code of 0.
2022-07-07 17:23:11,887 INFO: The voice handshake is being terminated for Channel ID 728631391809437746 (Guild ID 428109526550708234)
2022-07-07 17:23:11,887 INFO: Disconnecting from voice normally, close code 1000.
2022-07-07 17:25:19,895 INFO: Got a request to RESUME the websocket.
2022-07-07 17:25:20,075 INFO: Shard ID None has sent the RESUME payload.
2022-07-07 17:25:20,121 INFO: Shard ID None has successfully RESUMED session b610d8b88286fcb14a0daf3dd2f991db under trace ["gateway-prd-main-tb9w",{"micros":1161,"calls":["discord-sessions-green-prd-2-68",{"micros":21}]}].
2022-07-07 18:44:41,832 INFO: Got a request to RESUME the websocket.
2022-07-07 18:44:42,001 INFO: Shard ID None has sent the RESUME payload.
2022-07-07 18:44:42,046 INFO: Shard ID None has successfully RESUMED session b610d8b88286fcb14a0daf3dd2f991db under trace ["gateway-prd-main-3sjj",{"micros":1247,"calls":["discord-sessions-green-prd-2-68",{"micros":22}]}].
2022-07-07 18:59:47,991 INFO: logging in using static token
2022-07-07 18:59:48,271 INFO: Shard ID None has sent the IDENTIFY payload.
2022-07-07 18:59:48,426 INFO: Shard ID None has connected to Gateway: ["gateway-prd-main-7lfj",{"micros":105540,"calls":["discord-sessions-green-prd-2-100",{"micros":103848,"calls":["start_session",{"micros":38503,"calls":["discord-api-7fb9c7cfc9-7t7nn",{"micros":34639,"calls":["get_user",{"micros":7085},"add_authorized_ip",{"micros":1309},"get_guilds",{"micros":7199},"coros_wait",{"micros":1}]}]},"guilds_connect",{"micros":2,"calls":[]},"presence_connect",{"micros":1,"calls":[]}]}]}] (Session ID: 96f216afe56e9680f1e725106b470c40).
2022-07-07 18:59:50,637 INFO: 目前登入身份：神奇海螺#3847
2022-07-07 19:30:19,404 INFO: SparkleZ out 9又4分之8.7月台[123是什麼敷衍的名字]
2022-07-07 19:30:19,404 INFO: Connecting to voice...
2022-07-07 19:30:19,404 INFO: Starting voice handshake... (connection attempt 1)
2022-07-07 19:30:20,305 INFO: Voice handshake complete. Endpoint found hongkong1237.discord.media
2022-07-07 19:30:21,413 INFO: selected the voice protocol for use (xsalsa20_poly1305_lite)
2022-07-07 19:30:21,629 INFO: received secret key for voice connection
2022-07-07 19:30:23,654 INFO: Preparing to terminate ffmpeg process 201.
2022-07-07 19:30:23,655 INFO: ffmpeg process 201 successfully terminated with return code of 0.
2022-07-07 19:30:24,694 INFO: The voice handshake is being terminated for Channel ID 728631391809437746 (Guild ID 428109526550708234)
2022-07-07 19:30:24,695 INFO: Disconnecting from voice normally, close code 1000.
2022-07-07 20:46:24,565 INFO: Websocket closed with 1006, attempting a reconnect.
2022-07-07 20:46:24,565 INFO: Got a request to RESUME the websocket.
2022-07-07 20:46:24,796 INFO: Shard ID None has sent the RESUME payload.
2022-07-07 20:46:24,842 INFO: Shard ID None has successfully RESUMED session 96f216afe56e9680f1e725106b470c40 under trace ["gateway-prd-main-xrw9",{"micros":566,"calls":["discord-sessions-green-prd-2-100",{"micros":19}]}].
2022-07-07 20:51:06,731 INFO: logging in using static token
2022-07-07 20:51:07,014 INFO: Shard ID None has sent the IDENTIFY payload.
2022-07-07 20:51:07,174 INFO: Shard ID None has connected to Gateway: ["gateway-prd-main-kg1z",{"micros":113837,"calls":["discord-sessions-green-prd-2-164",{"micros":111089,"calls":["start_session",{"micros":84069,"calls":["discord-api-84fd7dff9-t7mgs",{"micros":71900,"calls":["get_user",{"micros":9397},"add_authorized_ip",{"micros":4595},"get_guilds",{"micros":15830},"coros_wait",{"micros":1}]}]},"guilds_connect",{"micros":2,"calls":[]},"presence_connect",{"micros":16242,"calls":[]}]}]}] (Session ID: 040aad0818ca35ff8a537a46f99c405f).
2022-07-07 20:51:09,228 INFO: 目前登入身份：神奇海螺#3847
2022-07-07 22:23:23,966 INFO: Got a request to RESUME the websocket.
2022-07-07 22:23:24,137 INFO: Shard ID None has sent the RESUME payload.
2022-07-07 22:23:24,190 INFO: Shard ID None has successfully RESUMED session 040aad0818ca35ff8a537a46f99c405f under trace ["gateway-prd-main-vbd5",{"micros":518,"calls":["discord-sessions-green-prd-2-164",{"micros":16}]}].
2022-07-07 22:30:55,321 INFO: logging in using static token
2022-07-07 22:30:55,599 INFO: Shard ID None has sent the IDENTIFY payload.
2022-07-07 22:30:55,756 INFO: Shard ID None has connected to Gateway: ["gateway-prd-main-8d3c",{"micros":116038,"calls":["discord-sessions-green-prd-2-177",{"micros":115042,"calls":["start_session",{"micros":80901,"calls":["discord-api-64dcf758bc-hwclv",{"micros":71086,"calls":["get_user",{"micros":8663},"add_authorized_ip",{"micros":5319},"get_guilds",{"micros":6347},"coros_wait",{"micros":1}]}]},"guilds_connect",{"micros":2,"calls":[]},"presence_connect",{"micros":23616,"calls":[]}]}]}] (Session ID: bc0f03833d4cda8d86ad775b838d93d9).
2022-07-07 22:30:57,802 INFO: 目前登入身份：神奇海螺#3847
2022-07-07 23:12:10,795 INFO: Websocket closed with 1006, attempting a reconnect.
2022-07-07 23:12:10,795 INFO: Got a request to RESUME the websocket.
2022-07-07 23:12:10,968 INFO: Shard ID None has sent the RESUME payload.
2022-07-07 23:12:11,019 INFO: Shard ID None has successfully RESUMED session bc0f03833d4cda8d86ad775b838d93d9 under trace ["gateway-prd-main-pktf",{"micros":12251,"calls":["discord-sessions-green-prd-2-177",{"micros":21}]}].
2022-07-07 23:28:51,934 INFO: logging in using static token
2022-07-07 23:28:52,215 INFO: Shard ID None has sent the IDENTIFY payload.
2022-07-07 23:28:52,351 INFO: Shard ID None has connected to Gateway: ["gateway-prd-main-j960",{"micros":97112,"calls":["discord-sessions-green-prd-2-178",{"micros":96012,"calls":["start_session",{"micros":76500,"calls":["discord-api-7d8d7bb5d4-jt4qj",{"micros":71346,"calls":["get_user",{"micros":35003},"add_authorized_ip",{"micros":1572},"get_guilds",{"micros":4920},"coros_wait",{"micros":1}]}]},"guilds_connect",{"micros":1,"calls":[]},"presence_connect",{"micros":834,"calls":[]}]}]}] (Session ID: 9e0ac229e81ebe5d0b927f4e8d972e11).
2022-07-07 23:28:54,406 INFO: 目前登入身份：神奇海螺#3847
2022-07-08 00:07:05,366 INFO: logging in using static token
2022-07-08 00:07:05,664 INFO: Shard ID None has sent the IDENTIFY payload.
2022-07-08 00:07:05,828 INFO: Shard ID None has connected to Gateway: ["gateway-prd-main-b90k",{"micros":122748,"calls":["discord-sessions-green-prd-2-162",{"micros":121690,"calls":["start_session",{"micros":53781,"calls":["discord-api-7d8d7bb5d4-l5wpx",{"micros":42694,"calls":["get_user",{"micros":9163},"add_authorized_ip",{"micros":1680},"get_guilds",{"micros":7831},"coros_wait",{"micros":2}]}]},"guilds_connect",{"micros":2,"calls":[]},"presence_connect",{"micros":2,"calls":[]}]}]}] (Session ID: 6ebf095455705c610a711b2c6c4df0d6).
2022-07-08 00:07:07,918 INFO: 目前登入身份：神奇海螺#3847
2022-07-08 00:43:23,095 INFO: Got a request to RESUME the websocket.
2022-07-08 00:43:23,269 INFO: Shard ID None has sent the RESUME payload.
2022-07-08 00:43:23,315 INFO: Shard ID None has successfully RESUMED session 6ebf095455705c610a711b2c6c4df0d6 under trace ["gateway-prd-main-qfv0",{"micros":562,"calls":["discord-sessions-green-prd-2-162",{"micros":18}]}].
2022-07-08 01:36:01,615 INFO: Got a request to RESUME the websocket.
2022-07-08 01:36:01,796 INFO: Shard ID None has sent the RESUME payload.
2022-07-08 01:36:01,833 INFO: Shard ID None has successfully RESUMED session 6ebf095455705c610a711b2c6c4df0d6 under trace ["gateway-prd-main-v5gm",{"micros":646,"calls":["discord-sessions-green-prd-2-162",{"micros":11}]}].
2022-07-08 03:05:13,488 INFO: Got a request to RESUME the websocket.
2022-07-08 03:05:13,661 INFO: Shard ID None has sent the RESUME payload.
2022-07-08 03:05:13,701 INFO: Shard ID None has successfully RESUMED session 6ebf095455705c610a711b2c6c4df0d6 under trace ["gateway-prd-main-sphk",{"micros":558,"calls":["discord-sessions-green-prd-2-162",{"micros":15}]}].
2022-07-08 05:21:32,218 INFO: Got a request to RESUME the websocket.
2022-07-08 05:21:32,376 INFO: Shard ID None has sent the RESUME payload.
2022-07-08 05:21:32,422 INFO: Shard ID None has successfully RESUMED session 6ebf095455705c610a711b2c6c4df0d6 under trace ["gateway-prd-main-rp6x",{"micros":573,"calls":["discord-sessions-green-prd-2-162",{"micros":19}]}].
2022-07-08 07:04:02,055 INFO: Got a request to RESUME the websocket.
2022-07-08 07:04:02,240 INFO: Shard ID None has sent the RESUME payload.
2022-07-08 07:04:02,279 INFO: Shard ID None has successfully RESUMED session 6ebf095455705c610a711b2c6c4df0d6 under trace ["gateway-prd-main-5mnx",{"micros":652,"calls":["discord-sessions-green-prd-2-162",{"micros":21}]}].
2022-07-08 08:05:41,104 INFO: Got a request to RESUME the websocket.
2022-07-08 08:05:41,271 INFO: Shard ID None has sent the RESUME payload.
2022-07-08 08:05:41,311 INFO: Shard ID None has successfully RESUMED session 6ebf095455705c610a711b2c6c4df0d6 under trace ["gateway-prd-main-xjpg",{"micros":2632,"calls":["discord-sessions-green-prd-2-162",{"micros":19}]}].
2022-07-08 11:49:45,133 INFO: Got a request to RESUME the websocket.
2022-07-08 11:49:45,306 INFO: Shard ID None has sent the RESUME payload.
2022-07-08 11:49:45,347 INFO: Shard ID None has successfully RESUMED session 6ebf095455705c610a711b2c6c4df0d6 under trace ["gateway-prd-main-bnhv",{"micros":616,"calls":["discord-sessions-green-prd-2-162",{"micros":19}]}].
2022-07-08 13:23:24,789 INFO: MaiMai的Pool in 9又4分之8.7月台[123是什麼敷衍的名字]
2022-07-08 13:23:24,857 INFO: Connecting to voice...
2022-07-08 13:23:24,857 INFO: Starting voice handshake... (connection attempt 1)
2022-07-08 13:23:25,507 INFO: Voice handshake complete. Endpoint found hongkong7585.discord.media
2022-07-08 13:23:25,718 ERROR: Exception occurred during Voice Protocol voice server update handler
Traceback (most recent call last):
  File "/opt/virtualenvs/python3/lib/python3.8/site-packages/discord/state.py", line 102, in logging_coroutine
    await coroutine
  File "/opt/virtualenvs/python3/lib/python3.8/site-packages/discord/voice_client.py", line 295, in on_voice_server_update
    await self.ws.close(4000)
AttributeError: 'NoneType' object has no attribute 'close'
2022-07-08 13:23:26,589 INFO: selected the voice protocol for use (xsalsa20_poly1305_lite)
2022-07-08 13:23:26,813 INFO: received secret key for voice connection
2022-07-08 13:23:29,672 INFO: Preparing to terminate ffmpeg process 2190.
2022-07-08 13:23:29,673 INFO: ffmpeg process 2190 successfully terminated with return code of 0.
2022-07-08 13:23:31,704 INFO: Preparing to terminate ffmpeg process 2201.
2022-07-08 13:23:31,704 INFO: ffmpeg process 2201 successfully terminated with return code of 0.
2022-07-08 13:23:32,727 INFO: The voice handshake is being terminated for Channel ID 728631391809437746 (Guild ID 428109526550708234)
2022-07-08 13:23:32,728 INFO: Disconnecting from voice normally, close code 1000.
2022-07-08 13:26:12,323 INFO: wawa的n in 9又4分之8.7月台[123是什麼敷衍的名字]
2022-07-08 13:26:12,352 INFO: Connecting to voice...
2022-07-08 13:26:12,352 INFO: Starting voice handshake... (connection attempt 1)
2022-07-08 13:26:13,203 INFO: Voice handshake complete. Endpoint found hongkong7585.discord.media
2022-07-08 13:26:14,295 INFO: selected the voice protocol for use (xsalsa20_poly1305_lite)
2022-07-08 13:26:14,514 INFO: received secret key for voice connection
2022-07-08 13:26:17,182 INFO: Preparing to terminate ffmpeg process 2212.
2022-07-08 13:26:17,183 INFO: ffmpeg process 2212 successfully terminated with return code of 0.
2022-07-08 13:26:19,229 INFO: Preparing to terminate ffmpeg process 2222.
2022-07-08 13:26:19,230 INFO: ffmpeg process 2222 successfully terminated with return code of 0.
2022-07-08 13:26:20,254 INFO: The voice handshake is being terminated for Channel ID 728631391809437746 (Guild ID 428109526550708234)
2022-07-08 13:26:20,255 INFO: Disconnecting from voice normally, close code 1000.
2022-07-08 14:11:03,932 INFO: BunnyplayGG in 9又4分之8.7月台[123是什麼敷衍的名字]
2022-07-08 14:11:03,986 INFO: Connecting to voice...
2022-07-08 14:11:03,986 INFO: Starting voice handshake... (connection attempt 1)
2022-07-08 14:11:04,247 INFO: Voice handshake complete. Endpoint found hongkong7585.discord.media
2022-07-08 14:11:05,363 INFO: selected the voice protocol for use (xsalsa20_poly1305_lite)
2022-07-08 14:11:05,572 INFO: received secret key for voice connection
2022-07-08 14:11:07,962 INFO: Preparing to terminate ffmpeg process 2357.
2022-07-08 14:11:07,963 INFO: ffmpeg process 2357 successfully terminated with return code of 0.
2022-07-08 14:11:10,611 INFO: Preparing to terminate ffmpeg process 2367.
2022-07-08 14:11:10,614 INFO: ffmpeg process 2367 successfully terminated with return code of 0.
2022-07-08 14:11:11,625 INFO: The voice handshake is being terminated for Channel ID 728631391809437746 (Guild ID 428109526550708234)
2022-07-08 14:11:11,626 INFO: Disconnecting from voice normally, close code 1000.
2022-07-08 14:15:28,122 INFO: 神奇海螺 in 9又4分之8.7月台[123是什麼敷衍的名字]
2022-07-08 14:15:28,149 INFO: Connecting to voice...
2022-07-08 14:15:28,150 INFO: Starting voice handshake... (connection attempt 1)
2022-07-08 14:15:29,026 INFO: Voice handshake complete. Endpoint found hongkong7585.discord.media
2022-07-08 14:15:30,119 INFO: selected the voice protocol for use (xsalsa20_poly1305_lite)
2022-07-08 14:15:30,351 INFO: received secret key for voice connection
2022-07-08 14:15:33,223 INFO: Preparing to terminate ffmpeg process 2378.
2022-07-08 14:15:33,224 INFO: ffmpeg process 2378 successfully terminated with return code of 0.
2022-07-08 14:15:35,838 INFO: Preparing to terminate ffmpeg process 2388.
2022-07-08 14:15:35,838 INFO: ffmpeg process 2388 successfully terminated with return code of 0.
2022-07-08 14:15:36,910 INFO: The voice handshake is being terminated for Channel ID 728631391809437746 (Guild ID 428109526550708234)
2022-07-08 14:15:36,911 INFO: Disconnecting from voice normally, close code 1000.
2022-07-08 14:18:24,660 INFO: SparkleZ in 9又4分之8.7月台[123是什麼敷衍的名字]
2022-07-08 14:18:24,715 INFO: Connecting to voice...
2022-07-08 14:18:24,716 INFO: Starting voice handshake... (connection attempt 1)
2022-07-08 14:18:25,621 INFO: Voice handshake complete. Endpoint found hongkong7585.discord.media
2022-07-08 14:18:26,721 INFO: selected the voice protocol for use (xsalsa20_poly1305_lite)
2022-07-08 14:18:26,934 INFO: received secret key for voice connection
2022-07-08 14:18:28,929 INFO: Preparing to terminate ffmpeg process 2399.
2022-07-08 14:18:28,930 INFO: ffmpeg process 2399 successfully terminated with return code of 0.
2022-07-08 14:18:32,337 INFO: Preparing to terminate ffmpeg process 2409.
2022-07-08 14:18:32,338 INFO: ffmpeg process 2409 successfully terminated with return code of 0.
2022-07-08 14:18:33,396 INFO: The voice handshake is being terminated for Channel ID 728631391809437746 (Guild ID 428109526550708234)
2022-07-08 14:18:33,397 INFO: Disconnecting from voice normally, close code 1000.
2022-07-08 14:21:29,369 INFO: KyrieR in 9又4分之8.7月台[123是什麼敷衍的名字]
2022-07-08 14:21:29,467 INFO: Connecting to voice...
2022-07-08 14:21:29,468 INFO: Starting voice handshake... (connection attempt 1)
2022-07-08 14:21:29,716 INFO: Voice handshake complete. Endpoint found hongkong7585.discord.media
2022-07-08 14:21:30,830 INFO: selected the voice protocol for use (xsalsa20_poly1305_lite)
2022-07-08 14:21:31,050 INFO: received secret key for voice connection
2022-07-08 14:21:33,662 INFO: Preparing to terminate ffmpeg process 2450.
2022-07-08 14:21:33,663 INFO: ffmpeg process 2450 successfully terminated with return code of 0.
2022-07-08 14:21:36,290 INFO: Preparing to terminate ffmpeg process 2460.
2022-07-08 14:21:36,291 INFO: ffmpeg process 2460 successfully terminated with return code of 0.
2022-07-08 14:21:37,301 INFO: The voice handshake is being terminated for Channel ID 728631391809437746 (Guild ID 428109526550708234)
2022-07-08 14:21:37,302 INFO: Disconnecting from voice normally, close code 1000.
2022-07-08 14:29:28,296 INFO: 楓夜 in 9又4分之8.7月台[123是什麼敷衍的名字]
2022-07-08 14:29:28,369 INFO: Connecting to voice...
2022-07-08 14:29:28,370 INFO: Starting voice handshake... (connection attempt 1)
2022-07-08 14:29:29,178 INFO: Voice handshake complete. Endpoint found hongkong7585.discord.media
2022-07-08 14:29:30,291 INFO: selected the voice protocol for use (xsalsa20_poly1305_lite)
2022-07-08 14:29:30,503 INFO: received secret key for voice connection
2022-07-08 14:29:32,916 INFO: Preparing to terminate ffmpeg process 2471.
2022-07-08 14:29:32,917 INFO: ffmpeg process 2471 successfully terminated with return code of 0.
2022-07-08 14:29:34,410 INFO: Preparing to terminate ffmpeg process 2481.
2022-07-08 14:29:34,410 INFO: ffmpeg process 2481 successfully terminated with return code of 0.
2022-07-08 14:29:35,955 INFO: The voice handshake is being terminated for Channel ID 728631391809437746 (Guild ID 428109526550708234)
2022-07-08 14:29:35,956 INFO: Disconnecting from voice normally, close code 1000.
2022-07-08 14:54:39,502 INFO: Lexor in 9又4分之8.7月台[123是什麼敷衍的名字]
2022-07-08 14:54:39,542 INFO: Connecting to voice...
2022-07-08 14:54:39,543 INFO: Starting voice handshake... (connection attempt 1)
2022-07-08 14:54:39,802 INFO: Voice handshake complete. Endpoint found hongkong7585.discord.media
2022-07-08 14:54:40,893 INFO: selected the voice protocol for use (xsalsa20_poly1305_lite)
2022-07-08 14:54:41,110 INFO: received secret key for voice connection
2022-07-08 14:54:43,500 INFO: Preparing to terminate ffmpeg process 2583.
2022-07-08 14:54:43,501 INFO: ffmpeg process 2583 successfully terminated with return code of 0.
2022-07-08 14:54:45,650 INFO: Preparing to terminate ffmpeg process 2593.
2022-07-08 14:54:45,651 INFO: ffmpeg process 2593 successfully terminated with return code of 0.
2022-07-08 14:54:46,659 INFO: The voice handshake is being terminated for Channel ID 728631391809437746 (Guild ID 428109526550708234)
2022-07-08 14:54:46,659 INFO: Disconnecting from voice normally, close code 1000.
2022-07-08 14:56:02,859 INFO: Lexor out 9又4分之8.7月台[123是什麼敷衍的名字]
2022-07-08 14:56:02,860 INFO: Connecting to voice...
2022-07-08 14:56:02,860 INFO: Starting voice handshake... (connection attempt 1)
2022-07-08 14:56:03,816 INFO: Voice handshake complete. Endpoint found hongkong7585.discord.media
2022-07-08 14:56:04,938 INFO: selected the voice protocol for use (xsalsa20_poly1305_lite)
2022-07-08 14:56:05,164 INFO: received secret key for voice connection
2022-07-08 14:56:06,869 INFO: Preparing to terminate ffmpeg process 2636.
2022-07-08 14:56:06,870 INFO: ffmpeg process 2636 successfully terminated with return code of 0.
2022-07-08 14:56:07,897 INFO: The voice handshake is being terminated for Channel ID 728631391809437746 (Guild ID 428109526550708234)
2022-07-08 14:56:07,898 INFO: Disconnecting from voice normally, close code 1000.
2022-07-08 15:14:04,838 INFO: Got a request to RESUME the websocket.
2022-07-08 15:14:05,056 INFO: Shard ID None has sent the RESUME payload.
2022-07-08 15:14:05,106 INFO: Shard ID None has successfully RESUMED session 6ebf095455705c610a711b2c6c4df0d6 under trace ["gateway-prd-main-h5cs",{"micros":6460,"calls":["discord-sessions-green-prd-2-162",{"micros":19}]}].
2022-07-08 15:28:54,050 INFO: 楓夜 out 9又4分之8.7月台[123是什麼敷衍的名字]
2022-07-08 15:28:54,051 INFO: Connecting to voice...
2022-07-08 15:28:54,051 INFO: Starting voice handshake... (connection attempt 1)
2022-07-08 15:28:54,406 INFO: Voice handshake complete. Endpoint found hongkong7585.discord.media
2022-07-08 15:28:55,489 INFO: selected the voice protocol for use (xsalsa20_poly1305_lite)
2022-07-08 15:28:55,713 INFO: received secret key for voice connection
2022-07-08 15:28:57,426 INFO: Preparing to terminate ffmpeg process 2738.
2022-07-08 15:28:57,427 INFO: ffmpeg process 2738 successfully terminated with return code of 0.
2022-07-08 15:28:58,435 INFO: The voice handshake is being terminated for Channel ID 728631391809437746 (Guild ID 428109526550708234)
2022-07-08 15:28:58,436 INFO: Disconnecting from voice normally, close code 1000.
2022-07-08 15:51:57,546 INFO: SparkleZ out 9又4分之8.7月台[123是什麼敷衍的名字]
2022-07-08 15:51:57,547 INFO: Connecting to voice...
2022-07-08 15:51:57,547 INFO: Starting voice handshake... (connection attempt 1)
2022-07-08 15:51:58,506 INFO: Voice handshake complete. Endpoint found hongkong7585.discord.media
2022-07-08 15:51:59,602 INFO: selected the voice protocol for use (xsalsa20_poly1305_lite)
2022-07-08 15:51:59,822 INFO: received secret key for voice connection
2022-07-08 15:52:01,811 INFO: Preparing to terminate ffmpeg process 2811.
2022-07-08 15:52:01,812 INFO: ffmpeg process 2811 successfully terminated with return code of 0.
2022-07-08 15:52:02,843 INFO: The voice handshake is being terminated for Channel ID 728631391809437746 (Guild ID 428109526550708234)
2022-07-08 15:52:02,844 INFO: Disconnecting from voice normally, close code 1000.
2022-07-08 16:59:44,040 INFO: Got a request to RESUME the websocket.
2022-07-08 16:59:44,275 INFO: Shard ID None has sent the RESUME payload.
2022-07-08 16:59:44,322 INFO: Shard ID None has successfully RESUMED session 6ebf095455705c610a711b2c6c4df0d6 under trace ["gateway-prd-main-x04p",{"micros":4835,"calls":["discord-sessions-green-prd-2-162",{"micros":18}]}].
2022-07-08 17:13:56,954 INFO: SparkleZ in 9又4分之8.7月台[123是什麼敷衍的名字]
2022-07-08 17:13:57,062 INFO: Connecting to voice...
2022-07-08 17:13:57,062 INFO: Starting voice handshake... (connection attempt 1)
2022-07-08 17:13:57,900 INFO: Voice handshake complete. Endpoint found hongkong7585.discord.media
2022-07-08 17:13:58,991 INFO: selected the voice protocol for use (xsalsa20_poly1305_lite)
2022-07-08 17:13:59,208 INFO: received secret key for voice connection
2022-07-08 17:14:01,723 INFO: Preparing to terminate ffmpeg process 3034.
2022-07-08 17:14:01,725 INFO: ffmpeg process 3034 successfully terminated with return code of 0.
2022-07-08 17:14:03,917 INFO: Preparing to terminate ffmpeg process 3044.
2022-07-08 17:14:03,918 INFO: ffmpeg process 3044 successfully terminated with return code of 0.
2022-07-08 17:14:04,963 INFO: The voice handshake is being terminated for Channel ID 728631391809437746 (Guild ID 428109526550708234)
2022-07-08 17:14:04,963 INFO: Disconnecting from voice normally, close code 1000.
2022-07-08 17:20:43,810 INFO: 雪莉粉粉 in 9又4分之8.7月台[123是什麼敷衍的名字]
2022-07-08 17:20:43,822 INFO: Connecting to voice...
2022-07-08 17:20:43,822 INFO: Starting voice handshake... (connection attempt 1)
2022-07-08 17:20:44,769 INFO: Voice handshake complete. Endpoint found hongkong7585.discord.media
2022-07-08 17:20:45,899 INFO: selected the voice protocol for use (xsalsa20_poly1305_lite)
2022-07-08 17:20:46,119 INFO: received secret key for voice connection
2022-07-08 17:20:48,283 INFO: Preparing to terminate ffmpeg process 3069.
2022-07-08 17:20:48,283 INFO: ffmpeg process 3069 successfully terminated with return code of 0.
2022-07-08 17:20:50,387 INFO: Preparing to terminate ffmpeg process 3082.
2022-07-08 17:20:50,389 INFO: ffmpeg process 3082 successfully terminated with return code of 0.
2022-07-08 17:20:51,431 INFO: The voice handshake is being terminated for Channel ID 728631391809437746 (Guild ID 428109526550708234)
2022-07-08 17:20:51,432 INFO: Disconnecting from voice normally, close code 1000.
2022-07-08 17:27:52,366 INFO: BunnyplayGG out 9又4分之8.7月台[123是什麼敷衍的名字]
2022-07-08 17:27:52,374 INFO: Connecting to voice...
2022-07-08 17:27:52,374 INFO: Starting voice handshake... (connection attempt 1)
2022-07-08 17:27:53,362 INFO: Voice handshake complete. Endpoint found hongkong7585.discord.media
2022-07-08 17:27:54,468 INFO: selected the voice protocol for use (xsalsa20_poly1305_lite)
2022-07-08 17:27:54,686 INFO: received secret key for voice connection
2022-07-08 17:27:57,055 INFO: Preparing to terminate ffmpeg process 3107.
2022-07-08 17:27:57,056 INFO: ffmpeg process 3107 successfully terminated with return code of 0.
2022-07-08 17:27:58,107 INFO: The voice handshake is being terminated for Channel ID 728631391809437746 (Guild ID 428109526550708234)
2022-07-08 17:27:58,108 INFO: Disconnecting from voice normally, close code 1000.
2022-07-08 17:35:35,690 INFO: wawa的n out 9又4分之8.7月台[123是什麼敷衍的名字]
2022-07-08 17:35:35,690 INFO: Connecting to voice...
2022-07-08 17:35:35,690 INFO: Starting voice handshake... (connection attempt 1)
2022-07-08 17:35:36,650 INFO: Voice handshake complete. Endpoint found hongkong7585.discord.media
2022-07-08 17:35:37,724 INFO: selected the voice protocol for use (xsalsa20_poly1305_lite)
2022-07-08 17:35:37,939 INFO: received secret key for voice connection
2022-07-08 17:35:39,933 INFO: Preparing to terminate ffmpeg process 3118.
2022-07-08 17:35:39,934 INFO: ffmpeg process 3118 successfully terminated with return code of 0.
2022-07-08 17:35:40,961 INFO: The voice handshake is being terminated for Channel ID 728631391809437746 (Guild ID 428109526550708234)
2022-07-08 17:35:40,962 INFO: Disconnecting from voice normally, close code 1000.
2022-07-08 17:39:58,180 INFO: MaiMai的Pool out 9又4分之8.7月台[123是什麼敷衍的名字]
2022-07-08 17:39:58,180 INFO: Connecting to voice...
2022-07-08 17:39:58,180 INFO: Starting voice handshake... (connection attempt 1)
2022-07-08 17:39:59,118 INFO: Voice handshake complete. Endpoint found hongkong7585.discord.media
2022-07-08 17:40:00,209 INFO: selected the voice protocol for use (xsalsa20_poly1305_lite)
2022-07-08 17:40:00,421 INFO: received secret key for voice connection
2022-07-08 17:40:02,531 INFO: Preparing to terminate ffmpeg process 3160.
2022-07-08 17:40:02,533 INFO: ffmpeg process 3160 successfully terminated with return code of 0.
2022-07-08 17:40:03,562 INFO: The voice handshake is being terminated for Channel ID 728631391809437746 (Guild ID 428109526550708234)
2022-07-08 17:40:03,563 INFO: Disconnecting from voice normally, close code 1000.
2022-07-08 17:42:20,854 INFO: KyrieR out 9又4分之8.7月台[123是什麼敷衍的名字]
2022-07-08 17:42:20,855 INFO: Connecting to voice...
2022-07-08 17:42:20,855 INFO: Starting voice handshake... (connection attempt 1)
2022-07-08 17:42:21,682 INFO: Voice handshake complete. Endpoint found hongkong7585.discord.media
2022-07-08 17:42:23,103 INFO: selected the voice protocol for use (xsalsa20_poly1305_lite)
2022-07-08 17:42:23,324 INFO: received secret key for voice connection
2022-07-08 17:42:25,138 INFO: Preparing to terminate ffmpeg process 3171.
2022-07-08 17:42:25,138 INFO: ffmpeg process 3171 successfully terminated with return code of 0.
2022-07-08 17:42:26,156 INFO: The voice handshake is being terminated for Channel ID 728631391809437746 (Guild ID 428109526550708234)
2022-07-08 17:42:26,157 INFO: Disconnecting from voice normally, close code 1000.
2022-07-08 17:43:06,684 INFO: 雪莉粉粉 out 9又4分之8.7月台[123是什麼敷衍的名字]
2022-07-08 17:43:06,684 INFO: Connecting to voice...
2022-07-08 17:43:06,685 INFO: Starting voice handshake... (connection attempt 1)
2022-07-08 17:43:07,077 INFO: Voice handshake complete. Endpoint found hongkong7585.discord.media
2022-07-08 17:43:08,189 INFO: selected the voice protocol for use (xsalsa20_poly1305_lite)
2022-07-08 17:43:08,409 INFO: received secret key for voice connection
2022-07-08 17:43:10,366 INFO: Preparing to terminate ffmpeg process 3182.
2022-07-08 17:43:10,367 INFO: ffmpeg process 3182 successfully terminated with return code of 0.
2022-07-08 17:43:11,436 INFO: The voice handshake is being terminated for Channel ID 728631391809437746 (Guild ID 428109526550708234)
2022-07-08 17:43:11,437 INFO: Disconnecting from voice normally, close code 1000.
