2022-08-04 19:42:11,236 INFO: logging in using static token
2022-08-04 19:42:11,502 INFO: Shard ID None has sent the IDENTIFY payload.
2022-08-04 19:42:11,679 INFO: Shard ID None has connected to Gateway: ["gateway-prd-main-xth1",{"micros":137636,"calls":["discord-sessions-green-prd-2-74",{"micros":132069,"calls":["start_session",{"micros":91736,"calls":["discord-api-84896bf56d-5cmnj",{"micros":88277,"calls":["get_user",{"micros":29758},"add_authorized_ip",{"micros":2937},"get_guilds",{"micros":9328},"coros_wait",{"micros":3}]}]},"guilds_connect",{"micros":2,"calls":[]},"presence_connect",{"micros":16386,"calls":[]}]}]}] (Session ID: 35048354f4843fa633419fd80e383df9).
2022-08-04 19:42:13,745 INFO: 目前登入身份：神奇海螺#3847
2022-08-04 21:40:19,612 INFO: Got a request to RESUME the websocket.
2022-08-04 21:40:19,786 INFO: Shard ID None has sent the RESUME payload.
2022-08-04 21:40:19,831 INFO: Shard ID None has successfully RESUMED session 35048354f4843fa633419fd80e383df9 under trace ["gateway-prd-main-f98r",{"micros":871,"calls":["discord-sessions-green-prd-2-74",{"micros":19}]}].
2022-08-04 23:54:17,331 INFO: logging in using static token
2022-08-04 23:54:17,614 INFO: Shard ID None has sent the IDENTIFY payload.
2022-08-04 23:54:17,758 INFO: Shard ID None has connected to Gateway: ["gateway-prd-main-4khg",{"micros":95780,"calls":["discord-sessions-green-prd-2-179",{"micros":94977,"calls":["start_session",{"micros":72208,"calls":["discord-api-84896bf56d-khvkc",{"micros":67878,"calls":["get_user",{"micros":18727},"add_authorized_ip",{"micros":1878},"get_guilds",{"micros":12415},"coros_wait",{"micros":2}]}]},"guilds_connect",{"micros":2,"calls":[]},"presence_connect",{"micros":13756,"calls":[]}]}]}] (Session ID: bd22661e68a235a750688e062a267e22).
2022-08-04 23:54:19,829 INFO: 目前登入身份：神奇海螺#3847
2022-08-05 00:37:19,530 INFO: Got a request to RESUME the websocket.
2022-08-05 00:37:19,723 INFO: Shard ID None has sent the RESUME payload.
2022-08-05 00:37:19,777 INFO: Shard ID None has successfully RESUMED session bd22661e68a235a750688e062a267e22 under trace ["gateway-prd-main-swsc",{"micros":776,"calls":["discord-sessions-green-prd-2-179",{"micros":21}]}].
2022-08-05 02:49:16,508 INFO: Got a request to RESUME the websocket.
2022-08-05 02:49:16,686 INFO: Shard ID None has sent the RESUME payload.
2022-08-05 02:49:16,732 INFO: Shard ID None has successfully RESUMED session bd22661e68a235a750688e062a267e22 under trace ["gateway-prd-main-7szh",{"micros":1422,"calls":["discord-sessions-green-prd-2-179",{"micros":21}]}].
2022-08-05 06:06:30,935 INFO: Got a request to RESUME the websocket.
2022-08-05 06:06:31,089 INFO: Shard ID None has sent the RESUME payload.
2022-08-05 06:06:31,135 INFO: Shard ID None has successfully RESUMED session bd22661e68a235a750688e062a267e22 under trace ["gateway-prd-main-rgm4",{"micros":1220,"calls":["discord-sessions-green-prd-2-179",{"micros":18}]}].
2022-08-05 08:45:06,830 INFO: Got a request to RESUME the websocket.
2022-08-05 08:45:06,992 INFO: Shard ID None has sent the RESUME payload.
2022-08-05 08:45:07,034 INFO: Shard ID None has successfully RESUMED session bd22661e68a235a750688e062a267e22 under trace ["gateway-prd-main-fs30",{"micros":716,"calls":["discord-sessions-green-prd-2-179",{"micros":22}]}].
2022-08-05 12:00:49,844 INFO: Got a request to RESUME the websocket.
2022-08-05 12:00:50,322 INFO: Shard ID None has sent the RESUME payload.
2022-08-05 12:00:50,361 INFO: Shard ID None has successfully RESUMED session bd22661e68a235a750688e062a267e22 under trace ["gateway-prd-main-m2fw",{"micros":541,"calls":["discord-sessions-green-prd-2-179",{"micros":19}]}].
2022-08-05 12:22:09,140 INFO: Websocket closed with 1001, attempting a reconnect.
2022-08-05 12:22:09,141 INFO: Got a request to RESUME the websocket.
2022-08-05 12:22:09,315 INFO: Shard ID None has sent the RESUME payload.
2022-08-05 12:22:09,354 INFO: Shard ID None has successfully RESUMED session bd22661e68a235a750688e062a267e22 under trace ["gateway-prd-main-rcxm",{"micros":738,"calls":["discord-sessions-green-prd-2-179",{"micros":20}]}].
2022-08-05 13:00:03,371 INFO: Websocket closed with 1006, attempting a reconnect.
2022-08-05 13:00:03,371 INFO: Got a request to RESUME the websocket.
2022-08-05 13:00:03,537 INFO: Shard ID None has sent the RESUME payload.
2022-08-05 13:00:03,577 INFO: Shard ID None has successfully RESUMED session bd22661e68a235a750688e062a267e22 under trace ["gateway-prd-main-xbzr",{"micros":554,"calls":["discord-sessions-green-prd-2-179",{"micros":17}]}].
2022-08-05 13:39:46,585 INFO: 不偷家的飄飄大仙 in 9又4分之8.7月台[123是什麼敷衍的名字]
2022-08-05 13:39:46,601 INFO: Connecting to voice...
2022-08-05 13:39:46,601 INFO: Starting voice handshake... (connection attempt 1)
2022-08-05 13:39:47,395 INFO: Voice handshake complete. Endpoint found hongkong8036.discord.media
2022-08-05 13:39:47,606 ERROR: Exception occurred during Voice Protocol voice server update handler
Traceback (most recent call last):
  File "/opt/virtualenvs/python3/lib/python3.8/site-packages/discord/state.py", line 102, in logging_coroutine
    await coroutine
  File "/opt/virtualenvs/python3/lib/python3.8/site-packages/discord/voice_client.py", line 295, in on_voice_server_update
    await self.ws.close(4000)
AttributeError: 'NoneType' object has no attribute 'close'
2022-08-05 13:39:48,477 INFO: selected the voice protocol for use (xsalsa20_poly1305_lite)
2022-08-05 13:39:48,694 INFO: received secret key for voice connection
2022-08-05 13:39:52,301 INFO: Preparing to terminate ffmpeg process 1371.
2022-08-05 13:39:52,301 INFO: ffmpeg process 1371 successfully terminated with return code of 0.
2022-08-05 13:39:54,942 INFO: Preparing to terminate ffmpeg process 1382.
2022-08-05 13:39:54,943 INFO: ffmpeg process 1382 successfully terminated with return code of 0.
2022-08-05 13:39:55,949 INFO: The voice handshake is being terminated for Channel ID 728631391809437746 (Guild ID 428109526550708234)
2022-08-05 13:39:55,949 INFO: Disconnecting from voice normally, close code 1000.
2022-08-05 14:16:45,293 INFO: Fiven-chung in 9又4分之8.7月台[123是什麼敷衍的名字]
2022-08-05 14:16:45,339 INFO: Connecting to voice...
2022-08-05 14:16:45,340 INFO: Starting voice handshake... (connection attempt 1)
2022-08-05 14:16:45,680 INFO: Voice handshake complete. Endpoint found hongkong8036.discord.media
2022-08-05 14:16:46,758 INFO: selected the voice protocol for use (xsalsa20_poly1305_lite)
2022-08-05 14:16:46,969 INFO: received secret key for voice connection
2022-08-05 14:16:47,982 INFO: BunnyplayGG in 9又4分之8.7月台[123是什麼敷衍的名字]
2022-08-05 14:16:48,838 INFO: Preparing to terminate ffmpeg process 1431.
2022-08-05 14:16:48,838 INFO: ffmpeg process 1431 successfully terminated with return code of 0.
2022-08-05 14:16:51,224 INFO: Preparing to terminate ffmpeg process 1441.
2022-08-05 14:16:51,225 INFO: ffmpeg process 1441 successfully terminated with return code of 0.
2022-08-05 14:16:54,638 INFO: Preparing to terminate ffmpeg process 1451.
2022-08-05 14:16:54,639 INFO: ffmpeg process 1451 successfully terminated with return code of 0.
2022-08-05 14:16:57,218 INFO: Preparing to terminate ffmpeg process 1461.
2022-08-05 14:16:57,218 INFO: ffmpeg process 1461 successfully terminated with return code of 0.
2022-08-05 14:16:58,282 INFO: The voice handshake is being terminated for Channel ID 728631391809437746 (Guild ID 428109526550708234)
2022-08-05 14:16:58,283 INFO: Disconnecting from voice normally, close code 1000.
2022-08-05 14:41:59,227 INFO: Got a request to RESUME the websocket.
2022-08-05 14:41:59,393 INFO: Shard ID None has sent the RESUME payload.
2022-08-05 14:41:59,450 INFO: Shard ID None has successfully RESUMED session bd22661e68a235a750688e062a267e22 under trace ["gateway-prd-main-c45q",{"micros":8166,"calls":["discord-sessions-green-prd-2-179",{"micros":22}]}].
2022-08-05 16:15:00,759 INFO: 雪莉粉粉 in 9又4分之8.7月台[123是什麼敷衍的名字]
2022-08-05 16:15:00,785 INFO: Connecting to voice...
2022-08-05 16:15:00,786 INFO: Starting voice handshake... (connection attempt 1)
2022-08-05 16:15:01,802 INFO: Voice handshake complete. Endpoint found hongkong8036.discord.media
2022-08-05 16:15:02,954 INFO: selected the voice protocol for use (xsalsa20_poly1305_lite)
2022-08-05 16:15:03,169 INFO: received secret key for voice connection
2022-08-05 16:15:05,822 INFO: Preparing to terminate ffmpeg process 1650.
2022-08-05 16:15:05,822 INFO: ffmpeg process 1650 successfully terminated with return code of 0.
2022-08-05 16:15:08,049 INFO: Preparing to terminate ffmpeg process 1660.
2022-08-05 16:15:08,050 INFO: ffmpeg process 1660 successfully terminated with return code of 0.
2022-08-05 16:15:09,113 INFO: The voice handshake is being terminated for Channel ID 728631391809437746 (Guild ID 428109526550708234)
2022-08-05 16:15:09,114 INFO: Disconnecting from voice normally, close code 1000.
2022-08-05 16:41:08,045 INFO: BunnyplayGG out 9又4分之8.7月台[123是什麼敷衍的名字]
2022-08-05 16:41:08,046 INFO: Connecting to voice...
2022-08-05 16:41:08,046 INFO: Starting voice handshake... (connection attempt 1)
2022-08-05 16:41:09,095 INFO: Voice handshake complete. Endpoint found hongkong8036.discord.media
2022-08-05 16:41:10,208 INFO: selected the voice protocol for use (xsalsa20_poly1305_lite)
2022-08-05 16:41:10,434 INFO: received secret key for voice connection
2022-08-05 16:41:12,803 INFO: Preparing to terminate ffmpeg process 1725.
2022-08-05 16:41:12,803 INFO: ffmpeg process 1725 successfully terminated with return code of 0.
2022-08-05 16:41:13,854 INFO: The voice handshake is being terminated for Channel ID 728631391809437746 (Guild ID 428109526550708234)
2022-08-05 16:41:13,854 INFO: Disconnecting from voice normally, close code 1000.
