2022-06-25 19:34:25,874 INFO: logging in using static token
2022-06-25 19:34:26,149 INFO: Shard ID None has sent the IDENTIFY payload.
2022-06-25 19:34:26,366 INFO: Shard ID None has connected to Gateway: ["gateway-prd-main-9h9f",{"micros":128273,"calls":["discord-sessions-blue-prd-2-73",{"micros":127317,"calls":["start_session",{"micros":108712,"calls":["discord-api-fdb87b79f-cztkw",{"micros":103952,"calls":["get_user",{"micros":12942},"add_authorized_ip",{"micros":9433},"get_guilds",{"micros":14865},"coros_wait",{"micros":1}]}]},"guilds_connect",{"micros":1,"calls":[]},"presence_connect",{"micros":1,"calls":[]}]}]}] (Session ID: 5e790b9939ad83dd7d0fd30f29bac8f5).
2022-06-25 19:34:28,417 INFO: 目前登入身份：神奇海螺#3847
2022-06-25 21:20:48,857 INFO: Got a request to RESUME the websocket.
2022-06-25 21:20:49,022 INFO: Shard ID None has sent the RESUME payload.
2022-06-25 21:20:49,062 INFO: Shard ID None has successfully RESUMED session 5e790b9939ad83dd7d0fd30f29bac8f5 under trace ["gateway-prd-main-hm0s",{"micros":966,"calls":["discord-sessions-blue-prd-2-73",{"micros":49}]}].
2022-06-25 23:42:53,688 INFO: Got a request to RESUME the websocket.
2022-06-25 23:42:53,855 INFO: Shard ID None has sent the RESUME payload.
2022-06-25 23:42:53,897 INFO: Shard ID None has successfully RESUMED session 5e790b9939ad83dd7d0fd30f29bac8f5 under trace ["gateway-prd-main-5qqw",{"micros":1957,"calls":["discord-sessions-blue-prd-2-73",{"micros":19}]}].
2022-06-26 00:48:24,998 INFO: Got a request to RESUME the websocket.
2022-06-26 00:48:25,161 INFO: Shard ID None has sent the RESUME payload.
2022-06-26 00:48:25,207 INFO: Shard ID None has successfully RESUMED session 5e790b9939ad83dd7d0fd30f29bac8f5 under trace ["gateway-prd-main-1jn2",{"micros":690,"calls":["discord-sessions-blue-prd-2-73",{"micros":19}]}].
2022-06-26 02:52:14,952 INFO: logging in using static token
2022-06-26 02:52:15,217 INFO: Shard ID None has sent the IDENTIFY payload.
2022-06-26 02:52:15,353 INFO: Shard ID None has connected to Gateway: ["gateway-prd-main-m7mt",{"micros":94890,"calls":["discord-sessions-blue-prd-2-111",{"micros":93723,"calls":["start_session",{"micros":78173,"calls":["discord-api-fdb87b79f-tz7c7",{"micros":73712,"calls":["get_user",{"micros":20779},"add_authorized_ip",{"micros":7725},"get_guilds",{"micros":7474},"coros_wait",{"micros":1}]}]},"guilds_connect",{"micros":3,"calls":[]},"presence_connect",{"micros":2,"calls":[]}]}]}] (Session ID: 58a95d203fa01f9fdae95ae30fc3f4bd).
2022-06-26 02:52:17,410 INFO: 目前登入身份：神奇海螺#3847
2022-06-26 03:57:44,126 INFO: Got a request to RESUME the websocket.
2022-06-26 03:57:44,295 INFO: Shard ID None has sent the RESUME payload.
2022-06-26 03:57:44,338 INFO: Shard ID None has successfully RESUMED session 58a95d203fa01f9fdae95ae30fc3f4bd under trace ["gateway-prd-main-022n",{"micros":615,"calls":["discord-sessions-blue-prd-2-111",{"micros":18}]}].
2022-06-26 04:21:37,942 INFO: Got a request to RESUME the websocket.
2022-06-26 04:21:38,102 INFO: Shard ID None has sent the RESUME payload.
2022-06-26 04:21:38,142 INFO: Shard ID None has successfully RESUMED session 58a95d203fa01f9fdae95ae30fc3f4bd under trace ["gateway-prd-main-r0wx",{"micros":629,"calls":["discord-sessions-blue-prd-2-111",{"micros":17}]}].
2022-06-26 04:45:58,796 INFO: Got a request to RESUME the websocket.
2022-06-26 04:45:58,973 INFO: Shard ID None has sent the RESUME payload.
2022-06-26 04:45:59,012 INFO: Shard ID None has successfully RESUMED session 58a95d203fa01f9fdae95ae30fc3f4bd under trace ["gateway-prd-main-3bcl",{"micros":543,"calls":["discord-sessions-blue-prd-2-111",{"micros":19}]}].
2022-06-26 05:04:16,370 INFO: MaiMai的Pool in 9又4分之8.7月台[123是什麼敷衍的名字]
2022-06-26 05:04:16,403 INFO: Connecting to voice...
2022-06-26 05:04:16,403 INFO: Starting voice handshake... (connection attempt 1)
2022-06-26 05:04:17,050 INFO: Voice handshake complete. Endpoint found hongkong1311.discord.media
2022-06-26 05:04:17,228 ERROR: Exception occurred during Voice Protocol voice server update handler
Traceback (most recent call last):
  File "/opt/virtualenvs/python3/lib/python3.8/site-packages/discord/state.py", line 102, in logging_coroutine
    await coroutine
  File "/opt/virtualenvs/python3/lib/python3.8/site-packages/discord/voice_client.py", line 295, in on_voice_server_update
    await self.ws.close(4000)
AttributeError: 'NoneType' object has no attribute 'close'
2022-06-26 05:04:18,067 INFO: selected the voice protocol for use (xsalsa20_poly1305_lite)
2022-06-26 05:04:18,271 INFO: received secret key for voice connection
2022-06-26 05:04:20,574 INFO: Preparing to terminate ffmpeg process 546.
2022-06-26 05:04:20,575 INFO: ffmpeg process 546 successfully terminated with return code of 0.
2022-06-26 05:04:22,875 INFO: Preparing to terminate ffmpeg process 557.
2022-06-26 05:04:22,876 INFO: ffmpeg process 557 successfully terminated with return code of 0.
2022-06-26 05:04:23,921 INFO: The voice handshake is being terminated for Channel ID 728631391809437746 (Guild ID 428109526550708234)
2022-06-26 05:04:23,921 INFO: Disconnecting from voice normally, close code 1000.
2022-06-26 05:06:46,759 INFO: wawa的n in 9又4分之8.7月台[123是什麼敷衍的名字]
2022-06-26 05:06:46,837 INFO: Connecting to voice...
2022-06-26 05:06:46,837 INFO: Starting voice handshake... (connection attempt 1)
2022-06-26 05:06:47,692 INFO: Voice handshake complete. Endpoint found hongkong1311.discord.media
2022-06-26 05:06:48,702 INFO: selected the voice protocol for use (xsalsa20_poly1305_lite)
2022-06-26 05:06:48,909 INFO: received secret key for voice connection
2022-06-26 05:06:51,058 INFO: Preparing to terminate ffmpeg process 568.
2022-06-26 05:06:51,058 INFO: ffmpeg process 568 successfully terminated with return code of 0.
2022-06-26 05:06:53,238 INFO: Preparing to terminate ffmpeg process 578.
2022-06-26 05:06:53,239 INFO: ffmpeg process 578 successfully terminated with return code of 0.
2022-06-26 05:06:54,243 INFO: The voice handshake is being terminated for Channel ID 728631391809437746 (Guild ID 428109526550708234)
2022-06-26 05:06:54,243 INFO: Disconnecting from voice normally, close code 1000.
2022-06-26 05:26:57,248 INFO: 楓夜 in 9又4分之8.7月台[123是什麼敷衍的名字]
2022-06-26 05:26:57,261 INFO: Connecting to voice...
2022-06-26 05:26:57,261 INFO: Starting voice handshake... (connection attempt 1)
2022-06-26 05:26:58,009 INFO: Voice handshake complete. Endpoint found hongkong1311.discord.media
2022-06-26 05:26:59,048 INFO: selected the voice protocol for use (xsalsa20_poly1305_lite)
2022-06-26 05:26:59,251 INFO: received secret key for voice connection
2022-06-26 05:27:01,792 INFO: Preparing to terminate ffmpeg process 651.
2022-06-26 05:27:01,793 INFO: ffmpeg process 651 successfully terminated with return code of 0.
2022-06-26 05:27:04,636 INFO: Preparing to terminate ffmpeg process 661.
2022-06-26 05:27:04,637 INFO: ffmpeg process 661 successfully terminated with return code of 0.
2022-06-26 05:27:05,703 INFO: The voice handshake is being terminated for Channel ID 728631391809437746 (Guild ID 428109526550708234)
2022-06-26 05:27:05,704 INFO: Disconnecting from voice normally, close code 1000.
2022-06-26 05:41:33,586 INFO: 楓夜 out 9又4分之8.7月台[123是什麼敷衍的名字]
2022-06-26 05:41:33,588 INFO: Connecting to voice...
2022-06-26 05:41:33,589 INFO: Starting voice handshake... (connection attempt 1)
2022-06-26 05:41:34,513 INFO: Voice handshake complete. Endpoint found hongkong1311.discord.media
2022-06-26 05:41:35,509 INFO: selected the voice protocol for use (xsalsa20_poly1305_lite)
2022-06-26 05:41:35,707 INFO: received secret key for voice connection
2022-06-26 05:41:37,431 INFO: Preparing to terminate ffmpeg process 735.
2022-06-26 05:41:37,432 INFO: ffmpeg process 735 successfully terminated with return code of 0.
2022-06-26 05:41:38,528 INFO: The voice handshake is being terminated for Channel ID 728631391809437746 (Guild ID 428109526550708234)
2022-06-26 05:41:38,529 INFO: Disconnecting from voice normally, close code 1000.
2022-06-26 05:49:15,870 INFO: 不偷家的飄飄大仙 in 9又4分之8.7月台[123是什麼敷衍的名字]
2022-06-26 05:49:16,026 INFO: Connecting to voice...
2022-06-26 05:49:16,026 INFO: Starting voice handshake... (connection attempt 1)
2022-06-26 05:49:16,766 INFO: Voice handshake complete. Endpoint found hongkong1311.discord.media
2022-06-26 05:49:17,807 INFO: selected the voice protocol for use (xsalsa20_poly1305_lite)
2022-06-26 05:49:18,013 INFO: received secret key for voice connection
2022-06-26 05:49:21,602 INFO: Preparing to terminate ffmpeg process 746.
2022-06-26 05:49:21,602 INFO: ffmpeg process 746 successfully terminated with return code of 0.
2022-06-26 05:49:24,300 INFO: Preparing to terminate ffmpeg process 756.
2022-06-26 05:49:24,300 INFO: ffmpeg process 756 successfully terminated with return code of 0.
2022-06-26 05:49:25,345 INFO: The voice handshake is being terminated for Channel ID 728631391809437746 (Guild ID 428109526550708234)
2022-06-26 05:49:25,346 INFO: Disconnecting from voice normally, close code 1000.
2022-06-26 06:10:13,358 INFO: Got a request to RESUME the websocket.
2022-06-26 06:10:13,525 INFO: Shard ID None has sent the RESUME payload.
2022-06-26 06:10:13,562 INFO: Shard ID None has successfully RESUMED session 58a95d203fa01f9fdae95ae30fc3f4bd under trace ["gateway-prd-main-20xh",{"micros":591,"calls":["discord-sessions-blue-prd-2-111",{"micros":21}]}].
2022-06-26 06:11:16,556 INFO: SparkleZ in 9又4分之8.7月台[123是什麼敷衍的名字]
2022-06-26 06:11:16,599 INFO: Connecting to voice...
2022-06-26 06:11:16,599 INFO: Starting voice handshake... (connection attempt 1)
2022-06-26 06:11:17,489 INFO: Voice handshake complete. Endpoint found hongkong1311.discord.media
2022-06-26 06:11:18,498 INFO: selected the voice protocol for use (xsalsa20_poly1305_lite)
2022-06-26 06:11:18,699 INFO: received secret key for voice connection
2022-06-26 06:11:20,688 INFO: Preparing to terminate ffmpeg process 830.
2022-06-26 06:11:20,689 INFO: ffmpeg process 830 successfully terminated with return code of 0.
2022-06-26 06:11:22,783 INFO: Preparing to terminate ffmpeg process 840.
2022-06-26 06:11:22,784 INFO: ffmpeg process 840 successfully terminated with return code of 0.
2022-06-26 06:11:23,830 INFO: The voice handshake is being terminated for Channel ID 728631391809437746 (Guild ID 428109526550708234)
2022-06-26 06:11:23,831 INFO: Disconnecting from voice normally, close code 1000.
2022-06-26 06:12:50,650 INFO: 不偷家的飄飄大仙 in 9又4分之8.7月台[打不出幹話就講出來啊]
2022-06-26 06:12:50,727 INFO: Connecting to voice...
2022-06-26 06:12:50,728 INFO: Starting voice handshake... (connection attempt 1)
2022-06-26 06:12:51,401 INFO: Voice handshake complete. Endpoint found hongkong3575.discord.media
2022-06-26 06:12:51,598 ERROR: Exception occurred during Voice Protocol voice server update handler
Traceback (most recent call last):
  File "/opt/virtualenvs/python3/lib/python3.8/site-packages/discord/state.py", line 102, in logging_coroutine
    await coroutine
  File "/opt/virtualenvs/python3/lib/python3.8/site-packages/discord/voice_client.py", line 295, in on_voice_server_update
    await self.ws.close(4000)
AttributeError: 'NoneType' object has no attribute 'close'
2022-06-26 06:12:52,409 INFO: selected the voice protocol for use (xsalsa20_poly1305_lite)
2022-06-26 06:12:52,613 INFO: received secret key for voice connection
2022-06-26 06:12:52,827 INFO: SparkleZ in 9又4分之8.7月台[打不出幹話就講出來啊]
2022-06-26 06:12:56,203 INFO: Preparing to terminate ffmpeg process 851.
2022-06-26 06:12:56,204 INFO: ffmpeg process 851 successfully terminated with return code of 0.
2022-06-26 06:12:59,605 INFO: Preparing to terminate ffmpeg process 861.
2022-06-26 06:12:59,606 INFO: ffmpeg process 861 successfully terminated with return code of 0.
2022-06-26 06:13:02,647 INFO: Preparing to terminate ffmpeg process 871.
2022-06-26 06:13:02,648 INFO: ffmpeg process 871 successfully terminated with return code of 0.
2022-06-26 06:13:05,237 INFO: Preparing to terminate ffmpeg process 881.
2022-06-26 06:13:05,238 INFO: ffmpeg process 881 successfully terminated with return code of 0.
2022-06-26 06:13:06,303 INFO: The voice handshake is being terminated for Channel ID 428109526550708238 (Guild ID 428109526550708234)
2022-06-26 06:13:06,304 INFO: Disconnecting from voice normally, close code 1000.
2022-06-26 07:14:44,096 INFO: 神奇海螺 in 9又4分之8.7月台[打不出幹話就講出來啊]
2022-06-26 07:14:44,113 INFO: Connecting to voice...
2022-06-26 07:14:44,117 INFO: Starting voice handshake... (connection attempt 1)
2022-06-26 07:14:45,030 INFO: Voice handshake complete. Endpoint found hongkong3575.discord.media
2022-06-26 07:14:46,078 INFO: selected the voice protocol for use (xsalsa20_poly1305_lite)
2022-06-26 07:14:46,282 INFO: received secret key for voice connection
2022-06-26 07:14:49,153 INFO: Preparing to terminate ffmpeg process 1046.
2022-06-26 07:14:49,154 INFO: ffmpeg process 1046 successfully terminated with return code of 0.
2022-06-26 07:14:51,297 INFO: Preparing to terminate ffmpeg process 1056.
2022-06-26 07:14:51,298 INFO: ffmpeg process 1056 successfully terminated with return code of 0.
2022-06-26 07:14:52,341 INFO: The voice handshake is being terminated for Channel ID 428109526550708238 (Guild ID 428109526550708234)
2022-06-26 07:14:52,342 INFO: Disconnecting from voice normally, close code 1000.
2022-06-26 07:21:48,818 INFO: 神奇海螺 in 9又4分之8.7月台[123是什麼敷衍的名字]
2022-06-26 07:21:48,830 INFO: Connecting to voice...
2022-06-26 07:21:48,830 INFO: Starting voice handshake... (connection attempt 1)
2022-06-26 07:21:49,757 INFO: Voice handshake complete. Endpoint found hongkong1311.discord.media
2022-06-26 07:21:50,800 INFO: selected the voice protocol for use (xsalsa20_poly1305_lite)
2022-06-26 07:21:51,010 INFO: received secret key for voice connection
2022-06-26 07:21:53,361 INFO: Preparing to terminate ffmpeg process 1067.
2022-06-26 07:21:53,361 INFO: ffmpeg process 1067 successfully terminated with return code of 0.
2022-06-26 07:21:55,582 INFO: Preparing to terminate ffmpeg process 1077.
2022-06-26 07:21:55,583 INFO: ffmpeg process 1077 successfully terminated with return code of 0.
2022-06-26 07:21:56,648 INFO: The voice handshake is being terminated for Channel ID 728631391809437746 (Guild ID 428109526550708234)
2022-06-26 07:21:56,649 INFO: Disconnecting from voice normally, close code 1000.
2022-06-26 07:22:20,702 INFO: 神奇海螺 in 9又4分之8.7月台[打不出幹話就講出來啊]
2022-06-26 07:22:20,826 INFO: Connecting to voice...
2022-06-26 07:22:20,826 INFO: Starting voice handshake... (connection attempt 1)
2022-06-26 07:22:21,086 INFO: Voice handshake complete. Endpoint found hongkong3575.discord.media
2022-06-26 07:22:22,130 INFO: selected the voice protocol for use (xsalsa20_poly1305_lite)
2022-06-26 07:22:22,336 INFO: received secret key for voice connection
2022-06-26 07:22:25,209 INFO: Preparing to terminate ffmpeg process 1088.
2022-06-26 07:22:25,211 INFO: ffmpeg process 1088 successfully terminated with return code of 0.
2022-06-26 07:22:27,354 INFO: Preparing to terminate ffmpeg process 1098.
2022-06-26 07:22:27,355 INFO: ffmpeg process 1098 successfully terminated with return code of 0.
2022-06-26 07:22:28,399 INFO: The voice handshake is being terminated for Channel ID 428109526550708238 (Guild ID 428109526550708234)
2022-06-26 07:22:28,399 INFO: Disconnecting from voice normally, close code 1000.
2022-06-26 07:38:56,305 INFO: wawa的n out 9又4分之8.7月台[123是什麼敷衍的名字]
2022-06-26 07:38:56,306 INFO: Connecting to voice...
2022-06-26 07:38:56,306 INFO: Starting voice handshake... (connection attempt 1)
2022-06-26 07:38:57,217 INFO: Voice handshake complete. Endpoint found hongkong1311.discord.media
2022-06-26 07:38:58,245 INFO: selected the voice protocol for use (xsalsa20_poly1305_lite)
2022-06-26 07:38:58,449 INFO: received secret key for voice connection
2022-06-26 07:39:00,438 INFO: Preparing to terminate ffmpeg process 1170.
2022-06-26 07:39:00,439 INFO: ffmpeg process 1170 successfully terminated with return code of 0.
2022-06-26 07:39:01,470 INFO: The voice handshake is being terminated for Channel ID 728631391809437746 (Guild ID 428109526550708234)
2022-06-26 07:39:01,471 INFO: Disconnecting from voice normally, close code 1000.
2022-06-26 07:39:13,257 INFO: MaiMai的Pool in 9又4分之8.7月台[打不出幹話就講出來啊]
2022-06-26 07:39:13,300 INFO: Connecting to voice...
2022-06-26 07:39:13,300 INFO: Starting voice handshake... (connection attempt 1)
2022-06-26 07:39:14,237 INFO: Voice handshake complete. Endpoint found hongkong3575.discord.media
2022-06-26 07:39:15,283 INFO: selected the voice protocol for use (xsalsa20_poly1305_lite)
2022-06-26 07:39:15,497 INFO: received secret key for voice connection
2022-06-26 07:39:17,881 INFO: wawa的n in 9又4分之8.7月台[123是什麼敷衍的名字]
2022-06-26 07:39:18,290 INFO: Preparing to terminate ffmpeg process 1211.
2022-06-26 07:39:18,291 INFO: ffmpeg process 1211 successfully terminated with return code of 0.
2022-06-26 07:39:20,625 INFO: Preparing to terminate ffmpeg process 1221.
2022-06-26 07:39:20,625 INFO: ffmpeg process 1221 successfully terminated with return code of 0.
2022-06-26 07:39:21,648 INFO: The voice handshake is being terminated for Channel ID 428109526550708238 (Guild ID 428109526550708234)
2022-06-26 07:39:21,649 INFO: Connecting to voice...
2022-06-26 07:39:21,649 INFO: Starting voice handshake... (connection attempt 1)
2022-06-26 07:39:21,650 INFO: Disconnecting from voice normally, close code 1000.
2022-06-26 07:39:21,901 INFO: Voice handshake complete. Endpoint found hongkong1724.discord.media
2022-06-26 07:39:22,913 INFO: selected the voice protocol for use (xsalsa20_poly1305_lite)
2022-06-26 07:39:23,115 INFO: received secret key for voice connection
2022-06-26 07:39:25,266 INFO: Preparing to terminate ffmpeg process 1232.
2022-06-26 07:39:25,267 INFO: ffmpeg process 1232 successfully terminated with return code of 0.
2022-06-26 07:39:27,446 INFO: Preparing to terminate ffmpeg process 1242.
2022-06-26 07:39:27,447 INFO: ffmpeg process 1242 successfully terminated with return code of 0.
2022-06-26 07:39:28,450 INFO: The voice handshake is being terminated for Channel ID 728631391809437746 (Guild ID 428109526550708234)
2022-06-26 07:39:28,451 INFO: Disconnecting from voice normally, close code 1000.
2022-06-26 07:40:03,670 INFO: MaiMai的Pool in 9又4分之8.7月台[123是什麼敷衍的名字]
2022-06-26 07:40:03,690 INFO: Connecting to voice...
2022-06-26 07:40:03,690 INFO: Starting voice handshake... (connection attempt 1)
2022-06-26 07:40:04,059 INFO: Voice handshake complete. Endpoint found hongkong1724.discord.media
2022-06-26 07:40:05,086 INFO: selected the voice protocol for use (xsalsa20_poly1305_lite)
2022-06-26 07:40:05,290 INFO: received secret key for voice connection
2022-06-26 07:40:08,096 INFO: Preparing to terminate ffmpeg process 1253.
2022-06-26 07:40:08,097 INFO: ffmpeg process 1253 successfully terminated with return code of 0.
2022-06-26 07:40:09,839 INFO: wawa的n in 9又4分之8.7月台[打不出幹話就講出來啊]
2022-06-26 07:40:11,501 INFO: Preparing to terminate ffmpeg process 1263.
2022-06-26 07:40:11,501 INFO: ffmpeg process 1263 successfully terminated with return code of 0.
2022-06-26 07:40:12,557 INFO: The voice handshake is being terminated for Channel ID 728631391809437746 (Guild ID 428109526550708234)
2022-06-26 07:40:12,558 INFO: Connecting to voice...
2022-06-26 07:40:12,558 INFO: Starting voice handshake... (connection attempt 1)
2022-06-26 07:40:12,559 INFO: Disconnecting from voice normally, close code 1000.
2022-06-26 07:40:12,830 INFO: Voice handshake complete. Endpoint found hongkong3575.discord.media
2022-06-26 07:40:12,949 INFO: MaiMai的Pool in 9又4分之8.7月台[打不出幹話就講出來啊]
2022-06-26 07:40:13,859 INFO: selected the voice protocol for use (xsalsa20_poly1305_lite)
2022-06-26 07:40:14,533 INFO: received secret key for voice connection
2022-06-26 07:40:17,210 INFO: Preparing to terminate ffmpeg process 1274.
2022-06-26 07:40:17,211 INFO: ffmpeg process 1274 successfully terminated with return code of 0.
2022-06-26 07:40:19,281 INFO: Preparing to terminate ffmpeg process 1284.
2022-06-26 07:40:19,282 INFO: ffmpeg process 1284 successfully terminated with return code of 0.
2022-06-26 07:40:23,092 INFO: Preparing to terminate ffmpeg process 1294.
2022-06-26 07:40:23,092 INFO: ffmpeg process 1294 successfully terminated with return code of 0.
2022-06-26 07:40:25,735 INFO: Preparing to terminate ffmpeg process 1304.
2022-06-26 07:40:25,735 INFO: ffmpeg process 1304 successfully terminated with return code of 0.
2022-06-26 07:40:26,743 INFO: The voice handshake is being terminated for Channel ID 428109526550708238 (Guild ID 428109526550708234)
2022-06-26 07:40:26,744 INFO: Disconnecting from voice normally, close code 1000.
2022-06-26 07:41:28,567 INFO: wawa的n out 9又4分之8.7月台[打不出幹話就講出來啊]
2022-06-26 07:41:28,568 INFO: Connecting to voice...
2022-06-26 07:41:28,568 INFO: Starting voice handshake... (connection attempt 1)
2022-06-26 07:41:29,503 INFO: Voice handshake complete. Endpoint found hongkong3575.discord.media
2022-06-26 07:41:30,537 INFO: selected the voice protocol for use (xsalsa20_poly1305_lite)
2022-06-26 07:41:30,742 INFO: received secret key for voice connection
2022-06-26 07:41:32,736 INFO: Preparing to terminate ffmpeg process 1315.
2022-06-26 07:41:32,737 INFO: ffmpeg process 1315 successfully terminated with return code of 0.
2022-06-26 07:41:33,767 INFO: The voice handshake is being terminated for Channel ID 428109526550708238 (Guild ID 428109526550708234)
2022-06-26 07:41:33,768 INFO: Disconnecting from voice normally, close code 1000.
2022-06-26 07:49:52,618 INFO: 雪莉粉粉 in 9又4分之8.7月台[打不出幹話就講出來啊]
2022-06-26 07:49:52,658 INFO: Connecting to voice...
2022-06-26 07:49:52,658 INFO: Starting voice handshake... (connection attempt 1)
2022-06-26 07:49:53,565 INFO: Voice handshake complete. Endpoint found hongkong3575.discord.media
2022-06-26 07:49:54,686 INFO: selected the voice protocol for use (xsalsa20_poly1305_lite)
2022-06-26 07:49:54,887 INFO: received secret key for voice connection
2022-06-26 07:49:57,536 INFO: Preparing to terminate ffmpeg process 1326.
2022-06-26 07:49:57,536 INFO: ffmpeg process 1326 successfully terminated with return code of 0.
2022-06-26 07:50:00,154 INFO: Preparing to terminate ffmpeg process 1336.
2022-06-26 07:50:00,154 INFO: ffmpeg process 1336 successfully terminated with return code of 0.
2022-06-26 07:50:01,220 INFO: The voice handshake is being terminated for Channel ID 428109526550708238 (Guild ID 428109526550708234)
2022-06-26 07:50:01,221 INFO: Disconnecting from voice normally, close code 1000.
2022-06-26 07:51:26,435 INFO: wawa的n in 9又4分之8.7月台[打不出幹話就講出來啊]
2022-06-26 07:51:26,681 INFO: Connecting to voice...
2022-06-26 07:51:26,681 INFO: Starting voice handshake... (connection attempt 1)
2022-06-26 07:51:27,382 INFO: Voice handshake complete. Endpoint found hongkong3575.discord.media
2022-06-26 07:51:28,384 INFO: selected the voice protocol for use (xsalsa20_poly1305_lite)
2022-06-26 07:51:28,583 INFO: received secret key for voice connection
2022-06-26 07:51:30,733 INFO: Preparing to terminate ffmpeg process 1347.
2022-06-26 07:51:30,734 INFO: ffmpeg process 1347 successfully terminated with return code of 0.
2022-06-26 07:51:32,774 INFO: Preparing to terminate ffmpeg process 1357.
2022-06-26 07:51:32,774 INFO: ffmpeg process 1357 successfully terminated with return code of 0.
2022-06-26 07:51:33,818 INFO: The voice handshake is being terminated for Channel ID 428109526550708238 (Guild ID 428109526550708234)
2022-06-26 07:51:33,819 INFO: Disconnecting from voice normally, close code 1000.
2022-06-26 07:53:01,925 INFO: BunnyplayGG in 9又4分之8.7月台[打不出幹話就講出來啊]
2022-06-26 07:53:01,959 INFO: Connecting to voice...
2022-06-26 07:53:01,960 INFO: Starting voice handshake... (connection attempt 1)
2022-06-26 07:53:02,846 INFO: Voice handshake complete. Endpoint found hongkong3575.discord.media
2022-06-26 07:53:03,868 INFO: selected the voice protocol for use (xsalsa20_poly1305_lite)
2022-06-26 07:53:04,070 INFO: received secret key for voice connection
2022-06-26 07:53:05,941 INFO: Preparing to terminate ffmpeg process 1368.
2022-06-26 07:53:05,943 INFO: ffmpeg process 1368 successfully terminated with return code of 0.
2022-06-26 07:53:08,536 INFO: Preparing to terminate ffmpeg process 1378.
2022-06-26 07:53:08,541 INFO: ffmpeg process 1378 successfully terminated with return code of 0.
2022-06-26 07:53:09,605 INFO: The voice handshake is being terminated for Channel ID 428109526550708238 (Guild ID 428109526550708234)
2022-06-26 07:53:09,606 INFO: Disconnecting from voice normally, close code 1000.
2022-06-26 07:53:26,311 INFO: KyrieR in 9又4分之8.7月台[打不出幹話就講出來啊]
2022-06-26 07:53:26,332 INFO: Connecting to voice...
2022-06-26 07:53:26,332 INFO: Starting voice handshake... (connection attempt 1)
2022-06-26 07:53:26,568 INFO: Voice handshake complete. Endpoint found hongkong3575.discord.media
2022-06-26 07:53:27,598 INFO: selected the voice protocol for use (xsalsa20_poly1305_lite)
2022-06-26 07:53:27,817 INFO: received secret key for voice connection
2022-06-26 07:53:29,908 INFO: Preparing to terminate ffmpeg process 1389.
2022-06-26 07:53:29,908 INFO: ffmpeg process 1389 successfully terminated with return code of 0.
2022-06-26 07:53:31,407 INFO: Preparing to terminate ffmpeg process 1399.
2022-06-26 07:53:31,408 INFO: ffmpeg process 1399 successfully terminated with return code of 0.
2022-06-26 07:53:32,950 INFO: The voice handshake is being terminated for Channel ID 428109526550708238 (Guild ID 428109526550708234)
2022-06-26 07:53:32,951 INFO: Disconnecting from voice normally, close code 1000.
2022-06-26 08:40:48,174 INFO: SparkleZ out 9又4分之8.7月台[打不出幹話就講出來啊]
2022-06-26 08:40:48,176 INFO: Connecting to voice...
2022-06-26 08:40:48,176 INFO: Starting voice handshake... (connection attempt 1)
2022-06-26 08:40:48,504 INFO: Voice handshake complete. Endpoint found hongkong3575.discord.media
2022-06-26 08:40:49,561 INFO: selected the voice protocol for use (xsalsa20_poly1305_lite)
2022-06-26 08:40:49,769 INFO: received secret key for voice connection
2022-06-26 08:40:51,758 INFO: Preparing to terminate ffmpeg process 1562.
2022-06-26 08:40:51,760 INFO: ffmpeg process 1562 successfully terminated with return code of 0.
2022-06-26 08:40:52,789 INFO: The voice handshake is being terminated for Channel ID 428109526550708238 (Guild ID 428109526550708234)
2022-06-26 08:40:52,790 INFO: Disconnecting from voice normally, close code 1000.
2022-06-26 08:45:25,542 INFO: Websocket closed with 1006, attempting a reconnect.
2022-06-26 08:45:25,543 INFO: Got a request to RESUME the websocket.
2022-06-26 08:45:25,697 INFO: Shard ID None has sent the RESUME payload.
2022-06-26 08:45:25,734 INFO: Shard ID None has successfully RESUMED session 58a95d203fa01f9fdae95ae30fc3f4bd under trace ["gateway-prd-main-1d06",{"micros":430,"calls":["discord-sessions-blue-prd-2-111",{"micros":18}]}].
2022-06-26 09:28:47,562 INFO: wawa的n out 9又4分之8.7月台[打不出幹話就講出來啊]
2022-06-26 09:28:47,562 INFO: Connecting to voice...
2022-06-26 09:28:47,563 INFO: Starting voice handshake... (connection attempt 1)
2022-06-26 09:28:48,527 INFO: Voice handshake complete. Endpoint found hongkong3575.discord.media
2022-06-26 09:28:49,569 INFO: selected the voice protocol for use (xsalsa20_poly1305_lite)
2022-06-26 09:28:49,780 INFO: received secret key for voice connection
2022-06-26 09:28:51,772 INFO: Preparing to terminate ffmpeg process 1667.
2022-06-26 09:28:51,773 INFO: ffmpeg process 1667 successfully terminated with return code of 0.
2022-06-26 09:28:52,801 INFO: The voice handshake is being terminated for Channel ID 428109526550708238 (Guild ID 428109526550708234)
2022-06-26 09:28:52,802 INFO: Disconnecting from voice normally, close code 1000.
2022-06-26 09:29:04,147 INFO: wawa的n in 9又4分之8.7月台[打不出幹話就講出來啊]
2022-06-26 09:29:04,179 INFO: Connecting to voice...
2022-06-26 09:29:04,179 INFO: Starting voice handshake... (connection attempt 1)
2022-06-26 09:29:04,532 INFO: Voice handshake complete. Endpoint found hongkong3575.discord.media
2022-06-26 09:29:05,554 INFO: selected the voice protocol for use (xsalsa20_poly1305_lite)
2022-06-26 09:29:05,758 INFO: received secret key for voice connection
2022-06-26 09:29:08,428 INFO: Preparing to terminate ffmpeg process 1678.
2022-06-26 09:29:08,429 INFO: ffmpeg process 1678 successfully terminated with return code of 0.
2022-06-26 09:29:10,641 INFO: Preparing to terminate ffmpeg process 1688.
2022-06-26 09:29:10,641 INFO: ffmpeg process 1688 successfully terminated with return code of 0.
2022-06-26 09:29:11,704 INFO: The voice handshake is being terminated for Channel ID 428109526550708238 (Guild ID 428109526550708234)
2022-06-26 09:29:11,705 INFO: Disconnecting from voice normally, close code 1000.
2022-06-26 09:39:56,799 INFO: BunnyplayGG out 9又4分之8.7月台[打不出幹話就講出來啊]
2022-06-26 09:39:56,800 INFO: Connecting to voice...
2022-06-26 09:39:56,800 INFO: Starting voice handshake... (connection attempt 1)
2022-06-26 09:39:57,736 INFO: Voice handshake complete. Endpoint found hongkong3575.discord.media
2022-06-26 09:39:58,765 INFO: selected the voice protocol for use (xsalsa20_poly1305_lite)
2022-06-26 09:39:58,971 INFO: received secret key for voice connection
2022-06-26 09:40:01,090 INFO: wawa的n out 9又4分之8.7月台[打不出幹話就講出來啊]
2022-06-26 09:40:01,343 INFO: Preparing to terminate ffmpeg process 1762.
2022-06-26 09:40:01,345 INFO: ffmpeg process 1762 successfully terminated with return code of 0.
2022-06-26 09:40:04,385 INFO: Preparing to terminate ffmpeg process 1772.
2022-06-26 09:40:04,386 INFO: ffmpeg process 1772 successfully terminated with return code of 0.
2022-06-26 09:40:05,412 INFO: The voice handshake is being terminated for Channel ID 428109526550708238 (Guild ID 428109526550708234)
2022-06-26 09:40:05,412 INFO: Disconnecting from voice normally, close code 1000.
2022-06-26 11:30:31,508 INFO: 雪莉粉粉 out 9又4分之8.7月台[打不出幹話就講出來啊]
2022-06-26 11:30:31,508 INFO: Connecting to voice...
2022-06-26 11:30:31,508 INFO: Starting voice handshake... (connection attempt 1)
2022-06-26 11:30:32,409 INFO: Voice handshake complete. Endpoint found hongkong3575.discord.media
2022-06-26 11:30:33,420 INFO: selected the voice protocol for use (xsalsa20_poly1305_lite)
2022-06-26 11:30:33,621 INFO: received secret key for voice connection
2022-06-26 11:30:35,570 INFO: Preparing to terminate ffmpeg process 2030.
2022-06-26 11:30:35,572 INFO: ffmpeg process 2030 successfully terminated with return code of 0.
2022-06-26 11:30:36,648 INFO: The voice handshake is being terminated for Channel ID 428109526550708238 (Guild ID 428109526550708234)
2022-06-26 11:30:36,649 INFO: Disconnecting from voice normally, close code 1000.
2022-06-26 11:35:18,983 INFO: Got a request to RESUME the websocket.
2022-06-26 11:35:19,131 INFO: Shard ID None has sent the RESUME payload.
2022-06-26 11:35:19,170 INFO: Shard ID None has successfully RESUMED session 58a95d203fa01f9fdae95ae30fc3f4bd under trace ["gateway-prd-main-7458",{"micros":2857,"calls":["discord-sessions-blue-prd-2-111",{"micros":16}]}].
2022-06-26 13:21:07,695 INFO: Got a request to RESUME the websocket.
2022-06-26 13:21:07,856 INFO: Shard ID None has sent the RESUME payload.
2022-06-26 13:21:07,895 INFO: Shard ID None has successfully RESUMED session 58a95d203fa01f9fdae95ae30fc3f4bd under trace ["gateway-prd-main-xct1",{"micros":1428,"calls":["discord-sessions-blue-prd-2-111",{"micros":24}]}].
2022-06-26 13:28:33,823 INFO: SparkleZ in 9又4分之8.7月台[打不出幹話就講出來啊]
2022-06-26 13:28:33,989 INFO: Connecting to voice...
2022-06-26 13:28:33,990 INFO: Starting voice handshake... (connection attempt 1)
2022-06-26 13:28:34,790 INFO: Voice handshake complete. Endpoint found hongkong3575.discord.media
2022-06-26 13:28:35,838 INFO: selected the voice protocol for use (xsalsa20_poly1305_lite)
2022-06-26 13:28:36,044 INFO: received secret key for voice connection
2022-06-26 13:28:38,565 INFO: Preparing to terminate ffmpeg process 2354.
2022-06-26 13:28:38,565 INFO: ffmpeg process 2354 successfully terminated with return code of 0.
2022-06-26 13:28:41,328 INFO: Preparing to terminate ffmpeg process 2364.
2022-06-26 13:28:41,329 INFO: ffmpeg process 2364 successfully terminated with return code of 0.
2022-06-26 13:28:42,402 INFO: The voice handshake is being terminated for Channel ID 428109526550708238 (Guild ID 428109526550708234)
2022-06-26 13:28:42,402 INFO: Disconnecting from voice normally, close code 1000.
2022-06-26 13:36:07,921 INFO: BunnyplayGG in 9又4分之8.7月台[打不出幹話就講出來啊]
2022-06-26 13:36:07,983 INFO: Connecting to voice...
2022-06-26 13:36:07,983 INFO: Starting voice handshake... (connection attempt 1)
2022-06-26 13:36:08,867 INFO: Voice handshake complete. Endpoint found hongkong3575.discord.media
2022-06-26 13:36:09,970 INFO: selected the voice protocol for use (xsalsa20_poly1305_lite)
2022-06-26 13:36:10,182 INFO: received secret key for voice connection
2022-06-26 13:36:12,052 INFO: Preparing to terminate ffmpeg process 2404.
2022-06-26 13:36:12,055 INFO: ffmpeg process 2404 successfully terminated with return code of 0.
2022-06-26 13:36:14,170 INFO: Preparing to terminate ffmpeg process 2414.
2022-06-26 13:36:14,170 INFO: ffmpeg process 2414 successfully terminated with return code of 0.
2022-06-26 13:36:15,214 INFO: The voice handshake is being terminated for Channel ID 428109526550708238 (Guild ID 428109526550708234)
2022-06-26 13:36:15,215 INFO: Disconnecting from voice normally, close code 1000.
2022-06-26 13:41:48,790 INFO: Got a request to RESUME the websocket.
2022-06-26 13:41:48,944 INFO: Shard ID None has sent the RESUME payload.
2022-06-26 13:41:48,982 INFO: Shard ID None has successfully RESUMED session 58a95d203fa01f9fdae95ae30fc3f4bd under trace ["gateway-prd-main-n63q",{"micros":594,"calls":["discord-sessions-blue-prd-2-111",{"micros":18}]}].
2022-06-26 14:14:31,152 INFO: wawa的n in 9又4分之8.7月台[打不出幹話就講出來啊]
2022-06-26 14:14:31,166 INFO: Connecting to voice...
2022-06-26 14:14:31,166 INFO: Starting voice handshake... (connection attempt 1)
2022-06-26 14:14:31,487 INFO: Voice handshake complete. Endpoint found hongkong3575.discord.media
2022-06-26 14:14:32,519 INFO: selected the voice protocol for use (xsalsa20_poly1305_lite)
2022-06-26 14:14:32,725 INFO: received secret key for voice connection
2022-06-26 14:14:34,873 INFO: Preparing to terminate ffmpeg process 2518.
2022-06-26 14:14:34,874 INFO: ffmpeg process 2518 successfully terminated with return code of 0.
2022-06-26 14:14:37,229 INFO: Preparing to terminate ffmpeg process 2528.
2022-06-26 14:14:37,230 INFO: ffmpeg process 2528 successfully terminated with return code of 0.
2022-06-26 14:14:38,256 INFO: The voice handshake is being terminated for Channel ID 428109526550708238 (Guild ID 428109526550708234)
2022-06-26 14:14:38,257 INFO: Disconnecting from voice normally, close code 1000.
2022-06-26 14:16:27,715 INFO: MaiMai的Pool in 9又4分之8.7月台[欸欸欸這樣配可以嗎(思]
2022-06-26 14:16:27,826 INFO: Connecting to voice...
2022-06-26 14:16:27,826 INFO: Starting voice handshake... (connection attempt 1)
2022-06-26 14:16:28,064 INFO: Voice handshake complete. Endpoint found japan8173.discord.media
2022-06-26 14:16:29,037 INFO: selected the voice protocol for use (xsalsa20_poly1305_lite)
2022-06-26 14:16:29,201 INFO: received secret key for voice connection
2022-06-26 14:16:30,113 INFO: wawa的n in 9又4分之8.7月台[欸欸欸這樣配可以嗎(思]
2022-06-26 14:16:31,991 INFO: Preparing to terminate ffmpeg process 2539.
2022-06-26 14:16:31,991 INFO: ffmpeg process 2539 successfully terminated with return code of 0.
2022-06-26 14:16:35,395 INFO: Preparing to terminate ffmpeg process 2549.
2022-06-26 14:16:35,396 INFO: ffmpeg process 2549 successfully terminated with return code of 0.
2022-06-26 14:16:38,597 INFO: Preparing to terminate ffmpeg process 2559.
2022-06-26 14:16:38,597 INFO: ffmpeg process 2559 successfully terminated with return code of 0.
2022-06-26 14:16:41,445 INFO: Preparing to terminate ffmpeg process 2569.
2022-06-26 14:16:41,445 INFO: ffmpeg process 2569 successfully terminated with return code of 0.
2022-06-26 14:16:42,508 INFO: The voice handshake is being terminated for Channel ID 868516155525046333 (Guild ID 428109526550708234)
2022-06-26 14:16:42,509 INFO: Disconnecting from voice normally, close code 1000.
2022-06-26 14:16:49,617 INFO: wawa的n out 9又4分之8.7月台[欸欸欸這樣配可以嗎(思]
2022-06-26 14:16:49,618 INFO: Connecting to voice...
2022-06-26 14:16:49,618 INFO: Starting voice handshake... (connection attempt 1)
2022-06-26 14:16:49,836 INFO: Voice handshake complete. Endpoint found japan8173.discord.media
2022-06-26 14:16:50,806 INFO: selected the voice protocol for use (xsalsa20_poly1305_lite)
2022-06-26 14:16:50,972 INFO: received secret key for voice connection
2022-06-26 14:16:52,971 INFO: Preparing to terminate ffmpeg process 2580.
2022-06-26 14:16:52,973 INFO: ffmpeg process 2580 successfully terminated with return code of 0.
2022-06-26 14:16:53,995 INFO: The voice handshake is being terminated for Channel ID 868516155525046333 (Guild ID 428109526550708234)
2022-06-26 14:16:53,995 INFO: Disconnecting from voice normally, close code 1000.
2022-06-26 14:17:14,276 INFO: Connecting to voice...
2022-06-26 14:17:14,277 INFO: Starting voice handshake... (connection attempt 1)
2022-06-26 14:17:14,439 INFO: Voice handshake complete. Endpoint found us-central864.discord.media
2022-06-26 14:17:14,552 INFO: selected the voice protocol for use (xsalsa20_poly1305_lite)
2022-06-26 14:17:14,572 ERROR: Failed to connect to voice... Retrying...
Traceback (most recent call last):
  File "/opt/virtualenvs/python3/lib/python3.8/site-packages/discord/voice_client.py", line 353, in connect
    self.ws = await self.connect_websocket()
  File "/opt/virtualenvs/python3/lib/python3.8/site-packages/discord/voice_client.py", line 324, in connect_websocket
    await ws.poll_event()
  File "/opt/virtualenvs/python3/lib/python3.8/site-packages/discord/gateway.py", line 895, in poll_event
    raise ConnectionClosed(self.ws, shard_id=None, code=self._close_code)
discord.errors.ConnectionClosed: Shard ID None WebSocket closed with 4014
2022-06-26 14:17:14,625 INFO: wawa的n in 9又4分之8.7月台[欸欸欸這樣配可以嗎(思]
2022-06-26 14:17:15,574 INFO: The voice handshake is being terminated for Channel ID 990621766181351504 (Guild ID 428109526550708234)
2022-06-26 14:17:15,574 INFO: Starting voice handshake... (connection attempt 2)
2022-06-26 14:18:14,535 WARNING: Shard ID None has stopped responding to the gateway. Closing and restarting.
2022-06-26 14:18:15,575 INFO: The voice handshake is being terminated for Channel ID 990621766181351504 (Guild ID 428109526550708234)
2022-06-26 14:18:15,576 INFO: The voice handshake is being terminated for Channel ID 990621766181351504 (Guild ID 428109526550708234)
2022-06-26 14:33:38,629 INFO: Chi in 9又4分之8.7月台[打不出幹話就講出來啊]
2022-06-26 14:33:38,678 INFO: Connecting to voice...
2022-06-26 14:33:38,678 INFO: Starting voice handshake... (connection attempt 1)
2022-06-26 14:33:39,347 INFO: Voice handshake complete. Endpoint found japan8173.discord.media
2022-06-26 14:33:40,337 INFO: selected the voice protocol for use (xsalsa20_poly1305_lite)
2022-06-26 14:33:40,502 INFO: received secret key for voice connection
2022-06-26 14:33:41,612 INFO: Preparing to terminate ffmpeg process 2654.
2022-06-26 14:33:41,613 INFO: ffmpeg process 2654 successfully terminated with return code of 0.
2022-06-26 14:33:42,616 INFO: The voice handshake is being terminated for Channel ID 868516155525046333 (Guild ID 428109526550708234)
2022-06-26 14:33:42,616 INFO: Connecting to voice...
2022-06-26 14:33:42,617 INFO: Starting voice handshake... (connection attempt 1)
2022-06-26 14:33:42,618 INFO: Disconnecting from voice normally, close code 1000.
2022-06-26 14:33:42,859 INFO: Voice handshake complete. Endpoint found hongkong3575.discord.media
2022-06-26 14:33:43,873 INFO: selected the voice protocol for use (xsalsa20_poly1305_lite)
2022-06-26 14:33:44,077 INFO: received secret key for voice connection
2022-06-26 14:33:45,749 INFO: Preparing to terminate ffmpeg process 2665.
2022-06-26 14:33:45,749 INFO: ffmpeg process 2665 successfully terminated with return code of 0.
2022-06-26 14:33:47,943 INFO: Preparing to terminate ffmpeg process 2675.
2022-06-26 14:33:47,943 INFO: ffmpeg process 2675 successfully terminated with return code of 0.
2022-06-26 14:33:49,007 INFO: The voice handshake is being terminated for Channel ID 428109526550708238 (Guild ID 428109526550708234)
2022-06-26 14:33:49,008 INFO: Disconnecting from voice normally, close code 1000.
2022-06-26 14:43:44,085 INFO: BunnyplayGG in 9又4分之8.7月台[欸欸欸這樣配可以嗎(思]
2022-06-26 14:43:44,302 INFO: Connecting to voice...
2022-06-26 14:43:44,303 INFO: Starting voice handshake... (connection attempt 1)
2022-06-26 14:43:44,858 INFO: Voice handshake complete. Endpoint found japan8173.discord.media
2022-06-26 14:43:45,846 INFO: selected the voice protocol for use (xsalsa20_poly1305_lite)
2022-06-26 14:43:46,010 INFO: received secret key for voice connection
2022-06-26 14:43:47,887 INFO: Preparing to terminate ffmpeg process 2714.
2022-06-26 14:43:47,888 INFO: ffmpeg process 2714 successfully terminated with return code of 0.
2022-06-26 14:43:50,079 INFO: Preparing to terminate ffmpeg process 2724.
2022-06-26 14:43:50,080 INFO: ffmpeg process 2724 successfully terminated with return code of 0.
2022-06-26 14:43:51,144 INFO: The voice handshake is being terminated for Channel ID 868516155525046333 (Guild ID 428109526550708234)
2022-06-26 14:43:51,145 INFO: Disconnecting from voice normally, close code 1000.
2022-06-26 14:44:08,794 INFO: KyrieR in 9又4分之8.7月台[123是什麼敷衍的名字]
2022-06-26 14:44:08,823 INFO: Connecting to voice...
2022-06-26 14:44:08,823 INFO: Starting voice handshake... (connection attempt 1)
2022-06-26 14:44:08,981 INFO: Voice handshake complete. Endpoint found hongkong8481.discord.media
2022-06-26 14:44:09,197 ERROR: Exception occurred during Voice Protocol voice server update handler
Traceback (most recent call last):
  File "/opt/virtualenvs/python3/lib/python3.8/site-packages/discord/state.py", line 102, in logging_coroutine
    await coroutine
  File "/opt/virtualenvs/python3/lib/python3.8/site-packages/discord/voice_client.py", line 295, in on_voice_server_update
    await self.ws.close(4000)
AttributeError: 'NoneType' object has no attribute 'close'
2022-06-26 14:44:10,018 INFO: selected the voice protocol for use (xsalsa20_poly1305_lite)
2022-06-26 14:44:10,223 INFO: received secret key for voice connection
2022-06-26 14:44:12,832 INFO: Preparing to terminate ffmpeg process 2735.
2022-06-26 14:44:12,833 INFO: ffmpeg process 2735 successfully terminated with return code of 0.
2022-06-26 14:44:15,830 INFO: Preparing to terminate ffmpeg process 2745.
2022-06-26 14:44:15,832 INFO: ffmpeg process 2745 successfully terminated with return code of 0.
2022-06-26 14:44:16,861 INFO: The voice handshake is being terminated for Channel ID 728631391809437746 (Guild ID 428109526550708234)
2022-06-26 14:44:16,862 INFO: Disconnecting from voice normally, close code 1000.
2022-06-26 14:44:19,209 INFO: 神奇海螺 in 9又4分之8.7月台[123是什麼敷衍的名字]
2022-06-26 14:44:19,219 INFO: Connecting to voice...
2022-06-26 14:44:19,219 INFO: Starting voice handshake... (connection attempt 1)
2022-06-26 14:44:19,503 INFO: Voice handshake complete. Endpoint found hongkong8481.discord.media
2022-06-26 14:44:20,511 INFO: selected the voice protocol for use (xsalsa20_poly1305_lite)
2022-06-26 14:44:20,710 INFO: received secret key for voice connection
2022-06-26 14:44:21,141 INFO: 不偷家的飄飄大仙 in 9又4分之8.7月台[123是什麼敷衍的名字]
2022-06-26 14:44:22,988 INFO: BunnyplayGG in 9又4分之8.7月台[打不出幹話就講出來啊]
2022-06-26 14:44:23,059 INFO: Preparing to terminate ffmpeg process 2756.
2022-06-26 14:44:23,060 INFO: ffmpeg process 2756 successfully terminated with return code of 0.
2022-06-26 14:44:25,697 INFO: Preparing to terminate ffmpeg process 2766.
2022-06-26 14:44:25,698 INFO: ffmpeg process 2766 successfully terminated with return code of 0.
2022-06-26 14:44:29,830 INFO: Preparing to terminate ffmpeg process 2776.
2022-06-26 14:44:29,831 INFO: ffmpeg process 2776 successfully terminated with return code of 0.
2022-06-26 14:44:31,997 INFO: Preparing to terminate ffmpeg process 2786.
2022-06-26 14:44:31,999 INFO: ffmpeg process 2786 successfully terminated with return code of 0.
2022-06-26 14:44:33,002 INFO: The voice handshake is being terminated for Channel ID 728631391809437746 (Guild ID 428109526550708234)
2022-06-26 14:44:33,002 INFO: Connecting to voice...
2022-06-26 14:44:33,002 INFO: Starting voice handshake... (connection attempt 1)
2022-06-26 14:44:33,003 INFO: Disconnecting from voice normally, close code 1000.
2022-06-26 14:44:33,278 INFO: Voice handshake complete. Endpoint found hongkong3575.discord.media
2022-06-26 14:44:34,308 INFO: selected the voice protocol for use (xsalsa20_poly1305_lite)
2022-06-26 14:44:34,516 INFO: received secret key for voice connection
2022-06-26 14:44:36,387 INFO: Preparing to terminate ffmpeg process 2797.
2022-06-26 14:44:36,387 INFO: ffmpeg process 2797 successfully terminated with return code of 0.
2022-06-26 14:44:39,117 INFO: Preparing to terminate ffmpeg process 2807.
2022-06-26 14:44:39,117 INFO: ffmpeg process 2807 successfully terminated with return code of 0.
2022-06-26 14:44:40,164 INFO: The voice handshake is being terminated for Channel ID 428109526550708238 (Guild ID 428109526550708234)
2022-06-26 14:44:40,165 INFO: Disconnecting from voice normally, close code 1000.
2022-06-26 14:53:08,727 INFO: KyrieR in 9又4分之8.7月台[打不出幹話就講出來啊]
2022-06-26 14:53:08,884 INFO: Connecting to voice...
2022-06-26 14:53:08,885 INFO: Starting voice handshake... (connection attempt 1)
2022-06-26 14:53:09,693 INFO: Voice handshake complete. Endpoint found hongkong3575.discord.media
2022-06-26 14:53:10,737 INFO: selected the voice protocol for use (xsalsa20_poly1305_lite)
2022-06-26 14:53:10,948 INFO: received secret key for voice connection
2022-06-26 14:53:13,038 INFO: Preparing to terminate ffmpeg process 2818.
2022-06-26 14:53:13,039 INFO: ffmpeg process 2818 successfully terminated with return code of 0.
2022-06-26 14:53:16,433 INFO: Preparing to terminate ffmpeg process 2828.
2022-06-26 14:53:16,434 INFO: ffmpeg process 2828 successfully terminated with return code of 0.
2022-06-26 14:53:17,487 INFO: The voice handshake is being terminated for Channel ID 428109526550708238 (Guild ID 428109526550708234)
2022-06-26 14:53:17,488 INFO: Disconnecting from voice normally, close code 1000.
2022-06-26 14:56:59,428 INFO: 不偷家的飄飄大仙 out 9又4分之8.7月台[123是什麼敷衍的名字]
2022-06-26 14:56:59,429 INFO: Connecting to voice...
2022-06-26 14:56:59,429 INFO: Starting voice handshake... (connection attempt 1)
2022-06-26 14:56:59,791 INFO: Voice handshake complete. Endpoint found hongkong8481.discord.media
2022-06-26 14:57:00,826 INFO: selected the voice protocol for use (xsalsa20_poly1305_lite)
2022-06-26 14:57:01,035 INFO: received secret key for voice connection
2022-06-26 14:57:03,932 INFO: Preparing to terminate ffmpeg process 2869.
2022-06-26 14:57:03,933 INFO: ffmpeg process 2869 successfully terminated with return code of 0.
2022-06-26 14:57:04,718 INFO: 不偷家的飄飄大仙 in 9又4分之8.7月台[123是什麼敷衍的名字]
2022-06-26 14:57:04,973 INFO: The voice handshake is being terminated for Channel ID 728631391809437746 (Guild ID 428109526550708234)
2022-06-26 14:57:04,974 INFO: Connecting to voice...
2022-06-26 14:57:04,974 INFO: Starting voice handshake... (connection attempt 1)
2022-06-26 14:57:04,974 INFO: Disconnecting from voice normally, close code 1000.
2022-06-26 14:57:21,848 INFO: 不偷家的飄飄大仙 in 9又4分之8.7月台[打不出幹話就講出來啊]
2022-06-26 14:57:30,776 INFO: 神奇海螺 in 9又4分之8.7月台[打不出幹話就講出來啊]
2022-06-26 14:58:05,006 INFO: The voice handshake is being terminated for Channel ID 990631780480585768 (Guild ID 428109526550708234)
2022-06-26 14:58:05,007 INFO: The voice handshake is being terminated for Channel ID 990631780480585768 (Guild ID 428109526550708234)
2022-06-26 14:58:23,693 INFO: Got a request to RESUME the websocket.
2022-06-26 14:58:23,879 INFO: Shard ID None has sent the RESUME payload.
2022-06-26 14:58:23,917 INFO: Shard ID None has successfully RESUMED session 58a95d203fa01f9fdae95ae30fc3f4bd under trace ["gateway-prd-main-h8kp",{"micros":640,"calls":["discord-sessions-blue-prd-2-111",{"micros":20}]}].
2022-06-26 15:26:39,693 INFO: Fiven-chung in 9又4分之8.7月台[打不出幹話就講出來啊]
2022-06-26 15:26:39,725 INFO: Connecting to voice...
2022-06-26 15:26:39,726 INFO: Starting voice handshake... (connection attempt 1)
2022-06-26 15:26:39,926 INFO: Voice handshake complete. Endpoint found us-central4338.discord.media
2022-06-26 15:26:40,083 INFO: selected the voice protocol for use (xsalsa20_poly1305_lite)
2022-06-26 15:26:40,105 INFO: received secret key for voice connection
2022-06-26 15:26:41,935 INFO: Preparing to terminate ffmpeg process 2940.
2022-06-26 15:26:41,936 INFO: ffmpeg process 2940 successfully terminated with return code of 0.
2022-06-26 15:26:43,026 INFO: The voice handshake is being terminated for Channel ID 728631391809437746 (Guild ID 428109526550708234)
2022-06-26 15:26:43,026 INFO: Connecting to voice...
2022-06-26 15:26:43,027 INFO: Starting voice handshake... (connection attempt 1)
2022-06-26 15:26:43,027 INFO: Disconnecting from voice normally, close code 1000.
2022-06-26 15:26:43,289 INFO: Voice handshake complete. Endpoint found hongkong3575.discord.media
2022-06-26 15:26:44,309 INFO: selected the voice protocol for use (xsalsa20_poly1305_lite)
2022-06-26 15:26:44,518 INFO: received secret key for voice connection
2022-06-26 15:26:47,586 INFO: Preparing to terminate ffmpeg process 2951.
2022-06-26 15:26:47,587 INFO: ffmpeg process 2951 successfully terminated with return code of 0.
2022-06-26 15:26:49,806 INFO: Preparing to terminate ffmpeg process 2961.
2022-06-26 15:26:49,807 INFO: ffmpeg process 2961 successfully terminated with return code of 0.
2022-06-26 15:26:53,719 INFO: Preparing to terminate ffmpeg process 2971.
2022-06-26 15:26:53,721 INFO: ffmpeg process 2971 successfully terminated with return code of 0.
2022-06-26 15:26:56,519 INFO: Preparing to terminate ffmpeg process 2981.
2022-06-26 15:26:56,520 INFO: ffmpeg process 2981 successfully terminated with return code of 0.
2022-06-26 15:26:59,455 INFO: Preparing to terminate ffmpeg process 2991.
2022-06-26 15:26:59,456 INFO: ffmpeg process 2991 successfully terminated with return code of 0.
2022-06-26 15:27:00,981 INFO: Preparing to terminate ffmpeg process 3001.
2022-06-26 15:27:00,982 INFO: ffmpeg process 3001 successfully terminated with return code of 0.
2022-06-26 15:27:02,525 INFO: The voice handshake is being terminated for Channel ID 428109526550708238 (Guild ID 428109526550708234)
2022-06-26 15:27:02,526 INFO: Disconnecting from voice normally, close code 1000.
2022-06-26 15:27:13,540 INFO: Got a request to RESUME the websocket.
2022-06-26 15:27:13,703 INFO: Shard ID None has sent the RESUME payload.
2022-06-26 15:27:13,749 INFO: Shard ID None has successfully RESUMED session 58a95d203fa01f9fdae95ae30fc3f4bd under trace ["gateway-prd-main-8d3c",{"micros":4928,"calls":["discord-sessions-blue-prd-2-111",{"micros":26}]}].
2022-06-26 15:53:11,594 INFO: MaiMai的Pool out 9又4分之8.7月台[欸欸欸這樣配可以嗎(思]
2022-06-26 15:53:11,594 INFO: Connecting to voice...
2022-06-26 15:53:11,594 INFO: Starting voice handshake... (connection attempt 1)
2022-06-26 15:53:11,870 INFO: Voice handshake complete. Endpoint found japan8173.discord.media
2022-06-26 15:53:12,847 INFO: selected the voice protocol for use (xsalsa20_poly1305_lite)
2022-06-26 15:53:13,011 INFO: received secret key for voice connection
2022-06-26 15:53:13,692 INFO: MaiMai的Pool in 9又4分之8.7月台[欸欸欸這樣配可以嗎(思]
2022-06-26 15:53:15,126 INFO: Preparing to terminate ffmpeg process 3074.
2022-06-26 15:53:15,126 INFO: ffmpeg process 3074 successfully terminated with return code of 0.
2022-06-26 15:53:18,956 INFO: Preparing to terminate ffmpeg process 3084.
2022-06-26 15:53:18,958 ERROR: Task was destroyed but it is pending!
task: <Task pending name='Task-2122' coro=<Event.wait() done, defined at /usr/lib/python3.8/asyncio/locks.py:296> wait_for=<Future pending cb=[<TaskWakeupMethWrapper object at 0x7feea9aab4f0>()]>>
2022-06-26 15:53:18,960 INFO: ffmpeg process 3084 successfully terminated with return code of 0.
2022-06-26 15:53:21,048 INFO: Preparing to terminate ffmpeg process 3094.
2022-06-26 15:53:21,048 INFO: ffmpeg process 3094 successfully terminated with return code of 0.
2022-06-26 15:53:22,092 INFO: The voice handshake is being terminated for Channel ID 868516155525046333 (Guild ID 428109526550708234)
2022-06-26 15:53:22,093 INFO: Disconnecting from voice normally, close code 1000.
2022-06-26 16:06:07,858 INFO: SparkleZ out 9又4分之8.7月台[打不出幹話就講出來啊]
2022-06-26 16:06:07,859 INFO: Connecting to voice...
2022-06-26 16:06:07,859 INFO: Starting voice handshake... (connection attempt 1)
2022-06-26 16:06:08,786 INFO: Voice handshake complete. Endpoint found hongkong3575.discord.media
2022-06-26 16:06:09,809 INFO: selected the voice protocol for use (xsalsa20_poly1305_lite)
2022-06-26 16:06:10,012 INFO: received secret key for voice connection
2022-06-26 16:06:12,002 INFO: Preparing to terminate ffmpeg process 3136.
2022-06-26 16:06:12,003 INFO: ffmpeg process 3136 successfully terminated with return code of 0.
2022-06-26 16:06:13,031 INFO: The voice handshake is being terminated for Channel ID 428109526550708238 (Guild ID 428109526550708234)
2022-06-26 16:06:13,031 INFO: Disconnecting from voice normally, close code 1000.
