2022-01-31 22:18:34,466 INFO: logging in using static token
2022-01-31 22:18:34,720 INFO: Shard ID None has sent the IDENTIFY payload.
2022-01-31 22:18:34,811 INFO: Shard ID None has connected to Gateway: ["gateway-prd-main-b2nk",{"micros":52299,"calls":["discord-sessions-green-prd-2-30",{"micros":51472,"calls":["start_session",{"micros":30204,"calls":["api-prd-main-06pj",{"micros":27412,"calls":["get_user",{"micros":3469},"add_authorized_ip",{"micros":1257},"get_guilds",{"micros":6971},"coros_wait",{"micros":0}]}]},"guilds_connect",{"micros":2,"calls":[]},"presence_connect",{"micros":10036,"calls":[]}]}]}] (Session ID: d0b4f202f947558406b77aa5c6d932b5).
2022-01-31 22:18:36,853 INFO: 目前登入身份：神奇海螺#3847
2022-01-31 23:31:40,324 INFO: Got a request to RESUME the websocket.
2022-01-31 23:31:40,490 INFO: Shard ID None has sent the RESUME payload.
2022-01-31 23:31:40,538 INFO: Shard ID None has successfully RESUMED session d0b4f202f947558406b77aa5c6d932b5 under trace ["gateway-prd-main-pzjs",{"micros":610,"calls":["discord-sessions-green-prd-2-30",{"micros":16}]}].
2022-02-01 00:45:46,146 INFO: logging in using static token
2022-02-01 00:45:46,396 INFO: Shard ID None has sent the IDENTIFY payload.
2022-02-01 00:45:46,663 INFO: Shard ID None has connected to Gateway: ["gateway-prd-main-ls7q",{"micros":229738,"calls":["discord-sessions-green-prd-2-31",{"micros":228873,"calls":["start_session",{"micros":161425,"calls":["api-prd-main-nhgf",{"micros":64351,"calls":["get_user",{"micros":12083},"add_authorized_ip",{"micros":3494},"get_guilds",{"micros":11871},"coros_wait",{"micros":2}]}]},"guilds_connect",{"micros":2,"calls":[]},"presence_connect",{"micros":1,"calls":[]}]}]}] (Session ID: 2560421b7161927aa55a5845bc1428e0).
2022-02-01 00:45:48,704 INFO: 目前登入身份：神奇海螺#3847
2022-02-01 04:17:13,271 INFO: Got a request to RESUME the websocket.
2022-02-01 04:17:13,445 INFO: Shard ID None has sent the RESUME payload.
2022-02-01 04:17:13,484 INFO: Shard ID None has successfully RESUMED session 2560421b7161927aa55a5845bc1428e0 under trace ["gateway-prd-main-vcl5",{"micros":404,"calls":["discord-sessions-green-prd-2-31",{"micros":18}]}].
2022-02-01 04:44:37,240 INFO: Got a request to RESUME the websocket.
2022-02-01 04:44:37,402 INFO: Shard ID None has sent the RESUME payload.
2022-02-01 04:44:37,447 INFO: Shard ID None has successfully RESUMED session 2560421b7161927aa55a5845bc1428e0 under trace ["gateway-prd-main-0c1x",{"micros":5323,"calls":["discord-sessions-green-prd-2-31",{"micros":22}]}].
2022-02-01 05:52:56,636 INFO: Websocket closed with 1006, attempting a reconnect.
2022-02-01 05:52:56,637 INFO: Got a request to RESUME the websocket.
2022-02-01 05:52:56,802 INFO: Shard ID None has sent the RESUME payload.
2022-02-01 05:52:56,843 INFO: Shard ID None has successfully RESUMED session 2560421b7161927aa55a5845bc1428e0 under trace ["gateway-prd-main-p361",{"micros":469,"calls":["discord-sessions-green-prd-2-31",{"micros":14}]}].
2022-02-01 06:13:02,845 INFO: SparkleZ in 9又4分之8.7月台[欸欸欸這樣配可以嗎(思]
2022-02-01 06:13:03,009 INFO: Connecting to voice...
2022-02-01 06:13:03,010 INFO: Starting voice handshake... (connection attempt 1)
2022-02-01 06:13:03,288 INFO: Voice handshake complete. Endpoint found singapore478.discord.media
2022-02-01 06:13:04,714 INFO: selected the voice protocol for use (xsalsa20_poly1305_lite)
2022-02-01 06:13:04,948 INFO: received secret key for voice connection
2022-02-01 06:13:07,189 INFO: Preparing to terminate ffmpeg process 271.
2022-02-01 06:13:07,192 INFO: ffmpeg process 271 successfully terminated with return code of 0.
2022-02-01 06:13:07,790 INFO: Preparing to terminate ffmpeg process 282.
2022-02-01 06:13:07,790 INFO: ffmpeg process 282 successfully terminated with return code of 0.
2022-02-01 06:13:08,835 INFO: The voice handshake is being terminated for Channel ID 868516155525046333 (Guild ID 428109526550708234)
2022-02-01 06:13:08,838 INFO: Disconnecting from voice normally, close code 1000.
2022-02-01 06:14:24,292 INFO: 捷運 in 9又4分之8.7月台[欸欸欸這樣配可以嗎(思]
2022-02-01 06:14:24,460 WARNING: 'zh-tw' has been deprecated, falling back to 'zh-TW'. This fallback will be removed in a future version.
2022-02-01 06:14:26,394 INFO: Connecting to voice...
2022-02-01 06:14:26,398 INFO: Starting voice handshake... (connection attempt 1)
2022-02-01 06:14:26,666 INFO: Voice handshake complete. Endpoint found singapore478.discord.media
2022-02-01 06:14:28,132 INFO: selected the voice protocol for use (xsalsa20_poly1305_lite)
2022-02-01 06:14:28,377 INFO: received secret key for voice connection
2022-02-01 06:14:30,942 INFO: Preparing to terminate ffmpeg process 332.
2022-02-01 06:14:30,942 INFO: ffmpeg process 332 successfully terminated with return code of 0.
2022-02-01 06:14:32,887 INFO: Preparing to terminate ffmpeg process 342.
2022-02-01 06:14:32,888 INFO: ffmpeg process 342 successfully terminated with return code of 0.
2022-02-01 06:14:34,156 INFO: The voice handshake is being terminated for Channel ID 868516155525046333 (Guild ID 428109526550708234)
2022-02-01 06:14:34,160 INFO: Disconnecting from voice normally, close code 1000.
2022-02-01 08:13:56,354 INFO: 捷運 out 9又4分之8.7月台[欸欸欸這樣配可以嗎(思]
2022-02-01 08:13:59,097 INFO: Connecting to voice...
2022-02-01 08:13:59,097 INFO: Starting voice handshake... (connection attempt 1)
2022-02-01 08:13:59,378 INFO: Voice handshake complete. Endpoint found singapore478.discord.media
2022-02-01 08:14:00,826 INFO: selected the voice protocol for use (xsalsa20_poly1305_lite)
2022-02-01 08:14:01,070 INFO: received secret key for voice connection
2022-02-01 08:14:02,958 INFO: Preparing to terminate ffmpeg process 497.
2022-02-01 08:14:02,959 INFO: ffmpeg process 497 successfully terminated with return code of 0.
2022-02-01 08:14:03,116 INFO: The voice handshake is being terminated for Channel ID 868516155525046333 (Guild ID 428109526550708234)
2022-02-01 08:14:03,116 INFO: Disconnecting from voice normally, close code 1000.
2022-02-01 08:15:13,159 INFO: SparkleZ out 9又4分之8.7月台[欸欸欸這樣配可以嗎(思]
2022-02-01 08:15:13,160 INFO: Connecting to voice...
2022-02-01 08:15:13,160 INFO: Starting voice handshake... (connection attempt 1)
2022-02-01 08:15:13,319 INFO: Voice handshake complete. Endpoint found us-central1987.discord.media
2022-02-01 08:15:13,459 INFO: selected the voice protocol for use (xsalsa20_poly1305_lite)
2022-02-01 08:15:13,474 INFO: received secret key for voice connection
2022-02-01 08:15:15,671 INFO: Preparing to terminate ffmpeg process 508.
2022-02-01 08:15:15,672 INFO: ffmpeg process 508 successfully terminated with return code of 0.
2022-02-01 08:15:15,805 INFO: The voice handshake is being terminated for Channel ID 868516155525046333 (Guild ID 428109526550708234)
2022-02-01 08:15:15,809 INFO: Disconnecting from voice normally, close code 1000.
2022-02-01 09:10:55,543 INFO: Got a request to RESUME the websocket.
2022-02-01 09:10:55,702 INFO: Shard ID None has sent the RESUME payload.
2022-02-01 09:10:55,741 INFO: Shard ID None has successfully RESUMED session 2560421b7161927aa55a5845bc1428e0 under trace ["gateway-prd-main-qn3x",{"micros":756,"calls":["discord-sessions-green-prd-2-31",{"micros":17}]}].
2022-02-01 11:43:03,563 INFO: Got a request to RESUME the websocket.
2022-02-01 11:43:03,728 INFO: Shard ID None has sent the RESUME payload.
2022-02-01 11:43:03,765 INFO: Shard ID None has successfully RESUMED session 2560421b7161927aa55a5845bc1428e0 under trace ["gateway-prd-main-4v95",{"micros":811,"calls":["discord-sessions-green-prd-2-31",{"micros":20}]}].
2022-02-01 11:47:19,573 INFO: Magic Shell back.
2022-02-01 11:47:19,573 INFO: Connecting to voice...
2022-02-01 11:47:19,573 INFO: Starting voice handshake... (connection attempt 1)
2022-02-01 11:47:20,169 INFO: Voice handshake complete. Endpoint found japan323.discord.media
2022-02-01 11:47:20,326 ERROR: Exception occurred during Voice Protocol voice server update handler
Traceback (most recent call last):
  File "/opt/virtualenvs/python3/lib/python3.8/site-packages/discord/state.py", line 102, in logging_coroutine
    await coroutine
  File "/opt/virtualenvs/python3/lib/python3.8/site-packages/discord/voice_client.py", line 295, in on_voice_server_update
    await self.ws.close(4000)
AttributeError: 'NoneType' object has no attribute 'close'
2022-02-01 11:47:21,206 INFO: selected the voice protocol for use (xsalsa20_poly1305_lite)
2022-02-01 11:47:21,378 INFO: received secret key for voice connection
2022-02-01 11:47:33,132 INFO: Preparing to terminate ffmpeg process 654.
2022-02-01 11:47:33,133 INFO: ffmpeg process 654 successfully terminated with return code of 0.
2022-02-01 11:47:34,626 INFO: The voice handshake is being terminated for Channel ID 428109526550708238 (Guild ID 428109526550708234)
2022-02-01 11:47:34,627 INFO: Disconnecting from voice normally, close code 1000.
2022-02-01 13:07:45,038 INFO: Websocket closed with 1006, attempting a reconnect.
2022-02-01 13:07:45,039 INFO: Got a request to RESUME the websocket.
2022-02-01 13:07:45,219 INFO: Shard ID None has sent the RESUME payload.
2022-02-01 13:07:45,261 INFO: Shard ID None has successfully RESUMED session 2560421b7161927aa55a5845bc1428e0 under trace ["gateway-prd-main-d28m",{"micros":852,"calls":["discord-sessions-green-prd-2-31",{"micros":24}]}].
2022-02-01 13:08:47,617 INFO: logging in using static token
2022-02-01 13:08:47,871 INFO: Shard ID None has sent the IDENTIFY payload.
2022-02-01 13:08:48,011 INFO: Shard ID None has connected to Gateway: ["gateway-prd-main-x6vk",{"micros":102888,"calls":["discord-sessions-green-prd-2-105",{"micros":101700,"calls":["start_session",{"micros":42070,"calls":["api-prd-main-7h95",{"micros":38141,"calls":["get_user",{"micros":6285},"add_authorized_ip",{"micros":3529},"get_guilds",{"micros":8751},"coros_wait",{"micros":1}]}]},"guilds_connect",{"micros":2,"calls":[]},"presence_connect",{"micros":1,"calls":[]}]}]}] (Session ID: 801bfe2a94439bf0643ff39d4b77dac1).
2022-02-01 13:08:50,055 INFO: 目前登入身份：神奇海螺#3847
2022-02-01 13:14:18,193 INFO: SparkleZ in 9又4分之8.7月台[打不出幹話就講出來啊]
2022-02-01 13:14:18,238 INFO: Connecting to voice...
2022-02-01 13:14:18,238 INFO: Starting voice handshake... (connection attempt 1)
2022-02-01 13:14:18,937 INFO: Voice handshake complete. Endpoint found japan323.discord.media
2022-02-01 13:14:19,966 INFO: selected the voice protocol for use (xsalsa20_poly1305_lite)
2022-02-01 13:14:20,141 INFO: received secret key for voice connection
2022-02-01 13:14:22,866 INFO: Preparing to terminate ffmpeg process 121.
2022-02-01 13:14:22,866 INFO: ffmpeg process 121 successfully terminated with return code of 0.
2022-02-01 13:14:24,141 INFO: Preparing to terminate ffmpeg process 132.
2022-02-01 13:14:24,142 INFO: ffmpeg process 132 successfully terminated with return code of 0.
2022-02-01 13:14:25,486 INFO: The voice handshake is being terminated for Channel ID 428109526550708238 (Guild ID 428109526550708234)
2022-02-01 13:14:25,487 INFO: Disconnecting from voice normally, close code 1000.
