2022-03-19 18:52:29,212 INFO: logging in using static token
2022-03-19 18:52:29,472 INFO: Shard ID None has sent the IDENTIFY payload.
2022-03-19 18:52:29,592 INFO: Shard ID None has connected to Gateway: ["gateway-prd-main-3z2r",{"micros":78917,"calls":["discord-sessions-blue-prd-2-15",{"micros":77820,"calls":["start_session",{"micros":60564,"calls":["discord-api-74884784c-76s6x",{"micros":56473,"calls":["get_user",{"micros":7596},"add_authorized_ip",{"micros":15794},"get_guilds",{"micros":5865},"coros_wait",{"micros":2}]}]},"guilds_connect",{"micros":29,"calls":[]},"presence_connect",{"micros":1,"calls":[]}]}]}] (Session ID: 50b2deb496d97585ad86adb54f893c55).
2022-03-19 18:52:31,632 INFO: 目前登入身份：神奇海螺#3847
2022-03-19 21:22:12,482 INFO: logging in using static token
2022-03-19 21:22:12,709 INFO: Shard ID None has sent the IDENTIFY payload.
2022-03-19 21:22:12,840 INFO: Shard ID None has connected to Gateway: ["gateway-prd-main-td5b",{"micros":93053,"calls":["discord-sessions-blue-prd-2-170",{"micros":88711,"calls":["start_session",{"micros":38067,"calls":["discord-api-74884784c-95g27",{"micros":34744,"calls":["get_user",{"micros":4380},"add_authorized_ip",{"micros":2443},"get_guilds",{"micros":7802},"coros_wait",{"micros":1}]}]},"guilds_connect",{"micros":28,"calls":[]},"presence_connect",{"micros":42631,"calls":[]}]}]}] (Session ID: 8d22356cdcde2ff8beba9433aa5eaf52).
2022-03-19 21:22:14,885 INFO: 目前登入身份：神奇海螺#3847
2022-03-20 06:58:18,787 INFO: logging in using static token
2022-03-20 06:58:19,025 INFO: Shard ID None has sent the IDENTIFY payload.
2022-03-20 06:58:19,128 INFO: Shard ID None has connected to Gateway: ["gateway-prd-main-x1fs",{"micros":65534,"calls":["discord-sessions-blue-prd-2-120",{"micros":64670,"calls":["start_session",{"micros":34341,"calls":["discord-api-74884784c-czrll",{"micros":30585,"calls":["get_user",{"micros":4120},"add_authorized_ip",{"micros":1302},"get_guilds",{"micros":5788},"coros_wait",{"micros":1}]}]},"guilds_connect",{"micros":21,"calls":[]},"presence_connect",{"micros":22500,"calls":[]}]}]}] (Session ID: 2a315dd99f57b746d7ad0d6b46799839).
2022-03-20 06:58:21,169 INFO: 目前登入身份：神奇海螺#3847
2022-03-20 07:04:13,948 INFO: BunnyplayGG in 9又4分之8.7月台[打不出幹話就講出來啊]
2022-03-20 07:04:13,964 INFO: Connecting to voice...
2022-03-20 07:04:13,964 INFO: Starting voice handshake... (connection attempt 1)
2022-03-20 07:04:14,732 INFO: Voice handshake complete. Endpoint found japan825.discord.media
2022-03-20 07:04:15,729 INFO: selected the voice protocol for use (xsalsa20_poly1305_lite)
2022-03-20 07:04:15,905 INFO: received secret key for voice connection
2022-03-20 07:04:18,317 INFO: Preparing to terminate ffmpeg process 138.
2022-03-20 07:04:18,318 INFO: ffmpeg process 138 successfully terminated with return code of 0.
2022-03-20 07:04:21,011 INFO: Preparing to terminate ffmpeg process 149.
2022-03-20 07:04:21,011 INFO: ffmpeg process 149 successfully terminated with return code of 0.
2022-03-20 07:04:22,057 INFO: The voice handshake is being terminated for Channel ID 428109526550708238 (Guild ID 428109526550708234)
2022-03-20 07:04:22,058 INFO: Disconnecting from voice normally, close code 1000.
2022-03-20 07:20:08,893 INFO: Lexor in 9又4分之8.7月台[打不出幹話就講出來啊]
2022-03-20 07:20:08,903 INFO: Connecting to voice...
2022-03-20 07:20:08,903 INFO: Starting voice handshake... (connection attempt 1)
2022-03-20 07:20:09,519 INFO: Voice handshake complete. Endpoint found japan825.discord.media
2022-03-20 07:20:10,516 INFO: selected the voice protocol for use (xsalsa20_poly1305_lite)
2022-03-20 07:20:10,682 INFO: received secret key for voice connection
2022-03-20 07:20:12,547 INFO: Preparing to terminate ffmpeg process 160.
2022-03-20 07:20:12,547 INFO: ffmpeg process 160 successfully terminated with return code of 0.
2022-03-20 07:20:15,205 INFO: Preparing to terminate ffmpeg process 170.
2022-03-20 07:20:15,206 INFO: ffmpeg process 170 successfully terminated with return code of 0.
2022-03-20 07:20:16,213 INFO: The voice handshake is being terminated for Channel ID 428109526550708238 (Guild ID 428109526550708234)
2022-03-20 07:20:16,214 INFO: Disconnecting from voice normally, close code 1000.
