2022-12-22 17:27:49,655 INFO: logging in using static token
2022-12-22 17:27:50,301 INFO: Shard ID None has connected to Gateway (Session ID: 1e2c5bf3c6190b6fd78bbe8a00de609a).
2022-12-22 17:27:52,306 INFO: 目前登入身份：神奇海螺#3847
2022-12-22 18:09:00,216 INFO: Shard ID None has successfully RESUMED session 1e2c5bf3c6190b6fd78bbe8a00de609a.
2022-12-22 18:31:41,193 INFO: Shard ID None has successfully RESUMED session 1e2c5bf3c6190b6fd78bbe8a00de609a.
2022-12-22 20:04:45,802 INFO: logging in using static token
2022-12-22 20:04:46,192 INFO: Shard ID None has connected to Gateway (Session ID: 090b1ab725f2c5c81fb3eba8dd69a46d).
2022-12-22 20:04:48,231 INFO: 目前登入身份：神奇海螺#3847
2022-12-22 22:19:24,652 INFO: Shard ID None has successfully RESUMED session 090b1ab725f2c5c81fb3eba8dd69a46d.
2022-12-22 22:55:58,515 INFO: logging in using static token
2022-12-22 22:55:59,613 INFO: Shard ID None has connected to Gateway (Session ID: 57d6240103f03397298c954acd7f28f2).
2022-12-22 22:56:01,616 INFO: 目前登入身份：神奇海螺#3847
2022-12-22 23:19:43,782 INFO: logging in using static token
2022-12-22 23:19:44,523 INFO: Shard ID None has connected to Gateway (Session ID: f07fca32bddc28d166fa66450cfea2b3).
2022-12-22 23:19:46,540 INFO: 目前登入身份：神奇海螺#3847
2022-12-23 01:50:35,542 INFO: Shard ID None has successfully RESUMED session f07fca32bddc28d166fa66450cfea2b3.
2022-12-23 02:23:55,723 INFO: Shard ID None has successfully RESUMED session f07fca32bddc28d166fa66450cfea2b3.
2022-12-23 03:33:39,372 INFO: Shard ID None has successfully RESUMED session f07fca32bddc28d166fa66450cfea2b3.
2022-12-23 05:30:41,388 INFO: Shard ID None has successfully RESUMED session f07fca32bddc28d166fa66450cfea2b3.
2022-12-23 08:06:14,514 INFO: Shard ID None has successfully RESUMED session f07fca32bddc28d166fa66450cfea2b3.
2022-12-23 09:27:08,103 INFO: 神奇海螺 in 9又4分之8.7月台[123是什麼敷衍的名字]
2022-12-23 09:27:08,266 INFO: Connecting to voice...
2022-12-23 09:27:08,266 INFO: Starting voice handshake... (connection attempt 1)
2022-12-23 09:27:08,563 INFO: Voice handshake complete. Endpoint found hongkong8903.discord.media
2022-12-23 09:27:12,503 INFO: ffmpeg process 1200 successfully terminated with return code of 0.
2022-12-23 09:27:20,947 INFO: ffmpeg process 1211 successfully terminated with return code of 0.
2022-12-23 09:27:22,002 INFO: The voice handshake is being terminated for Channel ID 728631391809437746 (Guild ID 428109526550708234)
2022-12-23 09:27:22,004 INFO: Disconnecting from voice normally, close code 1000.
2022-12-23 09:27:41,810 INFO: BunnyplayGG in 9又4分之8.7月台[123是什麼敷衍的名字]
2022-12-23 09:27:42,135 INFO: Connecting to voice...
2022-12-23 09:27:42,136 INFO: Starting voice handshake... (connection attempt 1)
2022-12-23 09:27:42,432 INFO: Voice handshake complete. Endpoint found hongkong8903.discord.media
2022-12-23 09:27:45,832 INFO: ffmpeg process 1222 successfully terminated with return code of 0.
2022-12-23 09:27:48,417 INFO: ffmpeg process 1232 successfully terminated with return code of 0.
2022-12-23 09:27:49,510 INFO: The voice handshake is being terminated for Channel ID 728631391809437746 (Guild ID 428109526550708234)
2022-12-23 09:27:49,511 INFO: Disconnecting from voice normally, close code 1000.
2022-12-23 09:40:56,271 INFO: 飛飛 in 9又4分之8.7月台[123是什麼敷衍的名字]
2022-12-23 09:40:57,169 INFO: Connecting to voice...
2022-12-23 09:40:57,170 INFO: Starting voice handshake... (connection attempt 1)
2022-12-23 09:40:57,468 INFO: Voice handshake complete. Endpoint found hongkong8903.discord.media
2022-12-23 09:41:00,891 INFO: ffmpeg process 1282 successfully terminated with return code of 0.
2022-12-23 09:41:02,918 INFO: ffmpeg process 1292 successfully terminated with return code of 0.
2022-12-23 09:41:03,941 INFO: The voice handshake is being terminated for Channel ID 728631391809437746 (Guild ID 428109526550708234)
2022-12-23 09:41:03,942 INFO: Disconnecting from voice normally, close code 1000.
2022-12-23 10:03:46,128 INFO: Shard ID None has successfully RESUMED session f07fca32bddc28d166fa66450cfea2b3.
2022-12-23 11:21:47,647 INFO: BunnyplayGG out 9又4分之8.7月台[123是什麼敷衍的名字]
2022-12-23 11:21:47,648 INFO: Connecting to voice...
2022-12-23 11:21:47,652 INFO: Starting voice handshake... (connection attempt 1)
2022-12-23 11:21:47,950 INFO: Voice handshake complete. Endpoint found hongkong8903.discord.media
2022-12-23 11:21:51,378 INFO: ffmpeg process 1480 successfully terminated with return code of 0.
2022-12-23 11:21:52,436 INFO: The voice handshake is being terminated for Channel ID 728631391809437746 (Guild ID 428109526550708234)
2022-12-23 11:21:52,437 INFO: Disconnecting from voice normally, close code 1000.
2022-12-23 11:26:04,773 INFO: Shard ID None has successfully RESUMED session f07fca32bddc28d166fa66450cfea2b3.
2022-12-23 11:36:39,570 INFO: 飛飛 out 9又4分之8.7月台[123是什麼敷衍的名字]
2022-12-23 11:36:39,571 INFO: Connecting to voice...
2022-12-23 11:36:39,571 INFO: Starting voice handshake... (connection attempt 1)
2022-12-23 11:36:39,743 INFO: Voice handshake complete. Endpoint found seattle2125.discord.media
2022-12-23 11:36:43,118 INFO: ffmpeg process 1509 successfully terminated with return code of 0.
2022-12-23 11:36:45,876 INFO: ffmpeg process 1519 successfully terminated with return code of 0.
2022-12-23 11:36:46,904 INFO: The voice handshake is being terminated for Channel ID 728631391809437746 (Guild ID 428109526550708234)
2022-12-23 11:36:46,905 INFO: Disconnecting from voice normally, close code 1000.
2022-12-23 12:03:14,320 INFO: logging in using static token
2022-12-23 12:03:14,806 INFO: Shard ID None has connected to Gateway (Session ID: 521586216cb049edce86d6b97371f7da).
2022-12-23 12:03:16,810 INFO: 目前登入身份：神奇海螺#3847
2022-12-23 12:21:20,103 INFO: logging in using static token
2022-12-23 12:21:20,755 INFO: Shard ID None has connected to Gateway (Session ID: bb2916275c7b32d8398494d67ee7b378).
2022-12-23 12:21:22,759 INFO: 目前登入身份：神奇海螺#3847
2022-12-23 12:34:21,244 INFO: 貓嗷嗚飄飄大仙 in 9又4分之8.7月台[123是什麼敷衍的名字]
2022-12-23 12:34:21,291 INFO: Connecting to voice...
2022-12-23 12:34:21,291 INFO: Starting voice handshake... (connection attempt 1)
2022-12-23 12:34:21,600 INFO: Voice handshake complete. Endpoint found hongkong7376.discord.media
2022-12-23 12:34:25,334 INFO: ffmpeg process 249 successfully terminated with return code of 0.
2022-12-23 12:34:26,346 INFO: 貓嗷嗚飄飄大仙 in 9又4分之8.7月台[打不出幹話就講出來啊]
2022-12-23 12:34:28,102 INFO: ffmpeg process 260 successfully terminated with return code of 0.
2022-12-23 12:34:29,145 INFO: The voice handshake is being terminated for Channel ID 728631391809437746 (Guild ID 428109526550708234)
2022-12-23 12:34:29,146 INFO: Connecting to voice...
2022-12-23 12:34:29,146 INFO: Starting voice handshake... (connection attempt 1)
2022-12-23 12:34:29,146 INFO: Disconnecting from voice normally, close code 1000.
2022-12-23 12:34:29,445 INFO: Voice handshake complete. Endpoint found hongkong2589.discord.media
2022-12-23 12:34:33,210 INFO: ffmpeg process 271 successfully terminated with return code of 0.
2022-12-23 12:34:35,568 INFO: ffmpeg process 281 successfully terminated with return code of 0.
2022-12-23 12:34:36,611 INFO: The voice handshake is being terminated for Channel ID 428109526550708238 (Guild ID 428109526550708234)
2022-12-23 12:34:36,612 INFO: Disconnecting from voice normally, close code 1000.
2022-12-23 12:59:52,047 INFO: 貓嗷嗚飄飄大仙 out 9又4分之8.7月台[打不出幹話就講出來啊]
2022-12-23 12:59:52,048 INFO: Connecting to voice...
2022-12-23 12:59:52,048 INFO: Starting voice handshake... (connection attempt 1)
2022-12-23 12:59:52,264 INFO: Voice handshake complete. Endpoint found seattle269.discord.media
2022-12-23 12:59:54,894 INFO: ffmpeg process 346 successfully terminated with return code of 0.
2022-12-23 12:59:55,962 INFO: The voice handshake is being terminated for Channel ID 428109526550708238 (Guild ID 428109526550708234)
2022-12-23 12:59:55,962 INFO: Disconnecting from voice normally, close code 1000.
2022-12-23 13:03:08,648 INFO: 貓嗷嗚飄飄大仙 in 9又4分之8.7月台[打不出幹話就講出來啊]
2022-12-23 13:03:08,741 INFO: Connecting to voice...
2022-12-23 13:03:08,741 INFO: Starting voice handshake... (connection attempt 1)
2022-12-23 13:03:09,044 INFO: Voice handshake complete. Endpoint found hongkong730.discord.media
2022-12-23 13:03:13,270 INFO: ffmpeg process 357 successfully terminated with return code of 0.
2022-12-23 13:03:16,186 INFO: ffmpeg process 367 successfully terminated with return code of 0.
2022-12-23 13:03:17,272 INFO: The voice handshake is being terminated for Channel ID 428109526550708238 (Guild ID 428109526550708234)
2022-12-23 13:03:17,272 INFO: Disconnecting from voice normally, close code 1000.
2022-12-23 13:03:19,922 INFO: 貓嗷嗚飄飄大仙 out 9又4分之8.7月台[打不出幹話就講出來啊]
2022-12-23 13:03:19,922 INFO: Connecting to voice...
2022-12-23 13:03:19,922 INFO: Starting voice handshake... (connection attempt 1)
2022-12-23 13:03:20,343 INFO: Voice handshake complete. Endpoint found seattle2344.discord.media
2022-12-23 13:03:22,985 INFO: ffmpeg process 378 successfully terminated with return code of 0.
2022-12-23 13:03:24,052 INFO: The voice handshake is being terminated for Channel ID 428109526550708238 (Guild ID 428109526550708234)
2022-12-23 13:03:24,053 INFO: Disconnecting from voice normally, close code 1000.
2022-12-23 13:20:36,657 INFO: Shard ID None has successfully RESUMED session bb2916275c7b32d8398494d67ee7b378.
2022-12-23 13:48:47,584 INFO: logging in using static token
2022-12-23 13:48:48,069 INFO: Shard ID None has connected to Gateway (Session ID: bf9ace19ab5e804f8ad1234990cb0cff).
2022-12-23 13:48:50,072 INFO: 目前登入身份：神奇海螺#3847
2022-12-23 13:52:31,895 INFO: logging in using static token
2022-12-23 13:52:32,561 INFO: Shard ID None has connected to Gateway (Session ID: cf35b63dee498c36a3800bbce5826075).
2022-12-23 13:52:34,579 INFO: 目前登入身份：神奇海螺#3847
2022-12-23 14:29:53,737 INFO: Chi in 9又4分之8.7月台[123是什麼敷衍的名字]
2022-12-23 14:29:53,828 INFO: Connecting to voice...
2022-12-23 14:29:53,829 INFO: Starting voice handshake... (connection attempt 1)
2022-12-23 14:29:54,115 INFO: Voice handshake complete. Endpoint found hongkong10004.discord.media
2022-12-23 14:29:57,286 INFO: ffmpeg process 284 successfully terminated with return code of 0.
2022-12-23 14:29:59,480 INFO: ffmpeg process 295 successfully terminated with return code of 0.
2022-12-23 14:30:00,523 INFO: The voice handshake is being terminated for Channel ID 728631391809437746 (Guild ID 428109526550708234)
2022-12-23 14:30:00,523 INFO: Disconnecting from voice normally, close code 1000.
2022-12-23 14:35:25,299 INFO: BunnyplayGG in 9又4分之8.7月台[123是什麼敷衍的名字]
2022-12-23 14:35:25,444 INFO: Connecting to voice...
2022-12-23 14:35:25,444 INFO: Starting voice handshake... (connection attempt 1)
2022-12-23 14:35:25,734 INFO: Voice handshake complete. Endpoint found hongkong10004.discord.media
2022-12-23 14:35:29,142 INFO: ffmpeg process 306 successfully terminated with return code of 0.
2022-12-23 14:35:31,815 INFO: ffmpeg process 316 successfully terminated with return code of 0.
2022-12-23 14:35:32,879 INFO: The voice handshake is being terminated for Channel ID 728631391809437746 (Guild ID 428109526550708234)
2022-12-23 14:35:32,880 INFO: Disconnecting from voice normally, close code 1000.
2022-12-23 14:41:09,936 INFO: 貓嗷嗚飄飄大仙 in 9又4分之8.7月台[123是什麼敷衍的名字]
2022-12-23 14:41:10,032 INFO: Connecting to voice...
2022-12-23 14:41:10,032 INFO: Starting voice handshake... (connection attempt 1)
2022-12-23 14:41:10,319 INFO: Voice handshake complete. Endpoint found hongkong10004.discord.media
2022-12-23 14:41:14,064 INFO: ffmpeg process 327 successfully terminated with return code of 0.
2022-12-23 14:41:16,119 INFO: ffmpeg process 337 successfully terminated with return code of 0.
2022-12-23 14:41:17,161 INFO: The voice handshake is being terminated for Channel ID 728631391809437746 (Guild ID 428109526550708234)
2022-12-23 14:41:17,161 INFO: Disconnecting from voice normally, close code 1000.
2022-12-23 15:09:42,422 INFO: WeIrdnA in 9又4分之8.7月台[123是什麼敷衍的名字]
2022-12-23 15:09:42,549 INFO: Connecting to voice...
2022-12-23 15:09:42,549 INFO: Starting voice handshake... (connection attempt 1)
2022-12-23 15:09:42,835 INFO: Voice handshake complete. Endpoint found hongkong10004.discord.media
2022-12-23 15:09:46,062 INFO: ffmpeg process 401 successfully terminated with return code of 0.
2022-12-23 15:09:48,493 INFO: ffmpeg process 411 successfully terminated with return code of 0.
2022-12-23 15:09:49,578 INFO: The voice handshake is being terminated for Channel ID 728631391809437746 (Guild ID 428109526550708234)
2022-12-23 15:09:49,578 INFO: Disconnecting from voice normally, close code 1000.
2022-12-23 15:16:09,182 INFO: MaiMai的Pool in 9又4分之8.7月台[123是什麼敷衍的名字]
2022-12-23 15:16:09,231 INFO: Connecting to voice...
2022-12-23 15:16:09,231 INFO: Starting voice handshake... (connection attempt 1)
2022-12-23 15:16:09,516 INFO: Voice handshake complete. Endpoint found hongkong10004.discord.media
2022-12-23 15:16:13,324 INFO: ffmpeg process 440 successfully terminated with return code of 0.
2022-12-23 15:16:15,768 INFO: ffmpeg process 450 successfully terminated with return code of 0.
2022-12-23 15:16:16,773 INFO: The voice handshake is being terminated for Channel ID 728631391809437746 (Guild ID 428109526550708234)
2022-12-23 15:16:16,774 INFO: Disconnecting from voice normally, close code 1000.
2022-12-23 16:21:58,777 INFO: Shard ID None has successfully RESUMED session cf35b63dee498c36a3800bbce5826075.
2022-12-23 16:22:46,294 INFO: MaiMai的Pool out 9又4分之8.7月台[123是什麼敷衍的名字]
2022-12-23 16:22:46,294 INFO: Connecting to voice...
2022-12-23 16:22:46,294 INFO: Starting voice handshake... (connection attempt 1)
2022-12-23 16:22:46,587 INFO: Voice handshake complete. Endpoint found hongkong10004.discord.media
2022-12-23 16:22:49,697 INFO: ffmpeg process 556 successfully terminated with return code of 0.
2022-12-23 16:22:50,705 INFO: The voice handshake is being terminated for Channel ID 728631391809437746 (Guild ID 428109526550708234)
2022-12-23 16:22:50,707 INFO: Disconnecting from voice normally, close code 1000.
2022-12-23 16:54:35,054 INFO: BunnyplayGG out 9又4分之8.7月台[123是什麼敷衍的名字]
2022-12-23 16:54:35,055 INFO: Connecting to voice...
2022-12-23 16:54:35,055 INFO: Starting voice handshake... (connection attempt 1)
2022-12-23 16:54:35,348 INFO: Voice handshake complete. Endpoint found hongkong10004.discord.media
2022-12-23 16:54:38,694 INFO: ffmpeg process 638 successfully terminated with return code of 0.
2022-12-23 16:54:39,742 INFO: The voice handshake is being terminated for Channel ID 728631391809437746 (Guild ID 428109526550708234)
2022-12-23 16:54:39,742 INFO: Disconnecting from voice normally, close code 1000.
2022-12-23 16:56:10,264 INFO: WeIrdnA out 9又4分之8.7月台[123是什麼敷衍的名字]
2022-12-23 16:56:10,264 INFO: Connecting to voice...
2022-12-23 16:56:10,264 INFO: Starting voice handshake... (connection attempt 1)
2022-12-23 16:56:10,555 INFO: Voice handshake complete. Endpoint found hongkong10004.discord.media
2022-12-23 16:56:13,564 INFO: ffmpeg process 649 successfully terminated with return code of 0.
2022-12-23 16:56:14,651 INFO: The voice handshake is being terminated for Channel ID 728631391809437746 (Guild ID 428109526550708234)
2022-12-23 16:56:14,651 INFO: Disconnecting from voice normally, close code 1000.
2022-12-23 16:56:47,837 INFO: Chi out 9又4分之8.7月台[123是什麼敷衍的名字]
2022-12-23 16:56:47,837 INFO: Connecting to voice...
2022-12-23 16:56:47,837 INFO: Starting voice handshake... (connection attempt 1)
2022-12-23 16:56:48,175 INFO: Voice handshake complete. Endpoint found hongkong10004.discord.media
2022-12-23 16:56:50,693 INFO: ffmpeg process 678 successfully terminated with return code of 0.
2022-12-23 16:56:51,739 INFO: The voice handshake is being terminated for Channel ID 728631391809437746 (Guild ID 428109526550708234)
2022-12-23 16:56:51,740 INFO: Disconnecting from voice normally, close code 1000.
2022-12-23 17:21:47,845 INFO: 貓嗷嗚飄飄大仙 out 9又4分之8.7月台[123是什麼敷衍的名字]
2022-12-23 17:21:47,845 INFO: Connecting to voice...
2022-12-23 17:21:47,845 INFO: Starting voice handshake... (connection attempt 1)
2022-12-23 17:21:48,023 INFO: Voice handshake complete. Endpoint found seattle7925.discord.media
2022-12-23 17:21:50,669 INFO: ffmpeg process 706 successfully terminated with return code of 0.
2022-12-23 17:21:51,740 INFO: The voice handshake is being terminated for Channel ID 728631391809437746 (Guild ID 428109526550708234)
2022-12-23 17:21:51,741 INFO: Disconnecting from voice normally, close code 1000.
2022-12-23 17:55:09,985 INFO: Shard ID None has successfully RESUMED session cf35b63dee498c36a3800bbce5826075.
2022-12-23 21:06:20,073 INFO: Shard ID None has successfully RESUMED session cf35b63dee498c36a3800bbce5826075.
2022-12-23 22:14:20,488 INFO: Shard ID None has successfully RESUMED session cf35b63dee498c36a3800bbce5826075.
2022-12-24 00:43:55,584 INFO: Shard ID None has successfully RESUMED session cf35b63dee498c36a3800bbce5826075.
2022-12-24 04:27:00,137 INFO: Shard ID None has successfully RESUMED session cf35b63dee498c36a3800bbce5826075.
2022-12-24 07:03:52,105 INFO: Shard ID None has successfully RESUMED session cf35b63dee498c36a3800bbce5826075.
2022-12-24 08:12:30,589 INFO: Shard ID None has successfully RESUMED session cf35b63dee498c36a3800bbce5826075.
2022-12-24 08:54:53,973 INFO: Shard ID None has successfully RESUMED session cf35b63dee498c36a3800bbce5826075.
2022-12-24 10:59:55,057 INFO: Shard ID None has successfully RESUMED session cf35b63dee498c36a3800bbce5826075.
