2022-12-01 21:11:51,165 INFO: logging in using static token
2022-12-01 21:11:51,802 INFO: Shard ID None has connected to Gateway (Session ID: f34778d9a582dc71c5c14183851f6dad).
2022-12-01 21:11:53,816 INFO: 目前登入身份：神奇海螺#3847
2022-12-01 22:22:10,134 INFO: Shard ID None has successfully RESUMED session f34778d9a582dc71c5c14183851f6dad.
2022-12-01 23:51:58,727 INFO: Shard ID None has successfully RESUMED session f34778d9a582dc71c5c14183851f6dad.
2022-12-02 01:17:17,189 INFO: Shard ID None has successfully RESUMED session f34778d9a582dc71c5c14183851f6dad.
2022-12-02 02:39:27,305 INFO: Shard ID None has successfully RESUMED session f34778d9a582dc71c5c14183851f6dad.
2022-12-02 04:59:25,217 INFO: Shard ID None has successfully RESUMED session f34778d9a582dc71c5c14183851f6dad.
2022-12-02 05:10:22,615 INFO: Shard ID None has successfully RESUMED session f34778d9a582dc71c5c14183851f6dad.
2022-12-02 06:08:30,950 INFO: Shard ID None has successfully RESUMED session f34778d9a582dc71c5c14183851f6dad.
2022-12-02 07:18:33,727 INFO: Shard ID None has successfully RESUMED session f34778d9a582dc71c5c14183851f6dad.
2022-12-02 07:52:34,205 INFO: Shard ID None has successfully RESUMED session f34778d9a582dc71c5c14183851f6dad.
2022-12-02 08:25:47,291 INFO: Shard ID None has successfully RESUMED session f34778d9a582dc71c5c14183851f6dad.
2022-12-02 09:00:24,669 INFO: Shard ID None has successfully RESUMED session f34778d9a582dc71c5c14183851f6dad.
2022-12-02 10:35:32,315 INFO: Shard ID None has successfully RESUMED session f34778d9a582dc71c5c14183851f6dad.
2022-12-02 10:45:45,337 INFO: Shard ID None has successfully RESUMED session f34778d9a582dc71c5c14183851f6dad.
2022-12-02 12:46:10,054 INFO: Shard ID None has successfully RESUMED session f34778d9a582dc71c5c14183851f6dad.
2022-12-02 12:57:58,367 INFO: Shard ID None has successfully RESUMED session f34778d9a582dc71c5c14183851f6dad.
2022-12-02 13:02:27,526 INFO: WeIrdnA in 9又4分之8.7月台[123是什麼敷衍的名字]
2022-12-02 13:02:27,625 INFO: Connecting to voice...
2022-12-02 13:02:27,626 INFO: Starting voice handshake... (connection attempt 1)
2022-12-02 13:02:27,937 INFO: Voice handshake complete. Endpoint found hongkong9483.discord.media
2022-12-02 13:02:30,873 INFO: WeIrdnA out 9又4分之8.7月台[123是什麼敷衍的名字]
2022-12-02 13:02:31,708 INFO: ffmpeg process 1681 successfully terminated with return code of 0.
2022-12-02 13:02:34,006 INFO: ffmpeg process 1692 successfully terminated with return code of 0.
2022-12-02 13:02:37,069 INFO: ffmpeg process 1702 successfully terminated with return code of 0.
2022-12-02 13:02:38,157 INFO: The voice handshake is being terminated for Channel ID 728631391809437746 (Guild ID 428109526550708234)
2022-12-02 13:02:38,158 INFO: Disconnecting from voice normally, close code 1000.
2022-12-02 13:08:13,194 INFO: 貓嗷嗚飄飄大仙 in 9又4分之8.7月台[打不出幹話就講出來啊]
2022-12-02 13:08:13,246 INFO: Connecting to voice...
2022-12-02 13:08:13,246 INFO: Starting voice handshake... (connection attempt 1)
2022-12-02 13:08:13,555 INFO: Voice handshake complete. Endpoint found hongkong5087.discord.media
2022-12-02 13:08:17,788 INFO: ffmpeg process 1731 successfully terminated with return code of 0.
2022-12-02 13:08:19,877 INFO: ffmpeg process 1741 successfully terminated with return code of 0.
2022-12-02 13:08:20,901 INFO: The voice handshake is being terminated for Channel ID 428109526550708238 (Guild ID 428109526550708234)
2022-12-02 13:08:20,901 INFO: Disconnecting from voice normally, close code 1000.
2022-12-02 13:13:08,436 INFO: Shard ID None has successfully RESUMED session f34778d9a582dc71c5c14183851f6dad.
2022-12-02 13:38:37,205 INFO: 神奇海螺 in 9又4分之8.7月台[打不出幹話就講出來啊]
2022-12-02 13:38:37,305 INFO: Connecting to voice...
2022-12-02 13:38:37,305 INFO: Starting voice handshake... (connection attempt 1)
2022-12-02 13:38:37,612 INFO: Voice handshake complete. Endpoint found hongkong5087.discord.media
2022-12-02 13:38:41,537 INFO: ffmpeg process 1803 successfully terminated with return code of 0.
2022-12-02 13:38:49,984 INFO: ffmpeg process 1813 successfully terminated with return code of 0.
2022-12-02 13:38:51,048 INFO: The voice handshake is being terminated for Channel ID 428109526550708238 (Guild ID 428109526550708234)
2022-12-02 13:38:51,049 INFO: Disconnecting from voice normally, close code 1000.
2022-12-02 13:54:05,044 INFO: BunnyplayGG in 9又4分之8.7月台[打不出幹話就講出來啊]
2022-12-02 13:54:05,202 INFO: Connecting to voice...
2022-12-02 13:54:05,202 INFO: Starting voice handshake... (connection attempt 1)
2022-12-02 13:54:05,514 INFO: Voice handshake complete. Endpoint found hongkong5087.discord.media
2022-12-02 13:54:08,923 INFO: ffmpeg process 1842 successfully terminated with return code of 0.
2022-12-02 13:54:11,117 INFO: ffmpeg process 1852 successfully terminated with return code of 0.
2022-12-02 13:54:12,181 INFO: The voice handshake is being terminated for Channel ID 428109526550708238 (Guild ID 428109526550708234)
2022-12-02 13:54:12,182 INFO: Disconnecting from voice normally, close code 1000.
2022-12-02 13:54:13,477 INFO: KyrieR in 9又4分之8.7月台[打不出幹話就講出來啊]
2022-12-02 13:54:13,633 INFO: Connecting to voice...
2022-12-02 13:54:13,633 INFO: Starting voice handshake... (connection attempt 1)
2022-12-02 13:54:13,960 INFO: Voice handshake complete. Endpoint found hongkong5087.discord.media
2022-12-02 13:54:17,570 INFO: ffmpeg process 1863 successfully terminated with return code of 0.
2022-12-02 13:54:19,876 INFO: ffmpeg process 1873 successfully terminated with return code of 0.
2022-12-02 13:54:20,899 INFO: The voice handshake is being terminated for Channel ID 428109526550708238 (Guild ID 428109526550708234)
2022-12-02 13:54:20,900 INFO: Disconnecting from voice normally, close code 1000.
2022-12-02 13:59:08,090 INFO: MaiMai的Pool in 9又4分之8.7月台[打不出幹話就講出來啊]
2022-12-02 13:59:08,141 INFO: Connecting to voice...
2022-12-02 13:59:08,141 INFO: Starting voice handshake... (connection attempt 1)
2022-12-02 13:59:08,452 INFO: Voice handshake complete. Endpoint found hongkong5087.discord.media
2022-12-02 13:59:11,762 INFO: ffmpeg process 1884 successfully terminated with return code of 0.
2022-12-02 13:59:13,872 INFO: ffmpeg process 1894 successfully terminated with return code of 0.
2022-12-02 13:59:14,916 INFO: The voice handshake is being terminated for Channel ID 428109526550708238 (Guild ID 428109526550708234)
2022-12-02 13:59:14,917 INFO: Disconnecting from voice normally, close code 1000.
2022-12-02 14:04:23,544 INFO: WeIrdnA in 9又4分之8.7月台[打不出幹話就講出來啊]
2022-12-02 14:04:23,638 INFO: Connecting to voice...
2022-12-02 14:04:23,638 INFO: Starting voice handshake... (connection attempt 1)
2022-12-02 14:04:23,938 INFO: Voice handshake complete. Endpoint found hongkong5087.discord.media
2022-12-02 14:04:27,771 INFO: ffmpeg process 1923 successfully terminated with return code of 0.
2022-12-02 14:04:29,916 INFO: ffmpeg process 1933 successfully terminated with return code of 0.
2022-12-02 14:04:30,920 INFO: The voice handshake is being terminated for Channel ID 428109526550708238 (Guild ID 428109526550708234)
2022-12-02 14:04:30,920 INFO: Disconnecting from voice normally, close code 1000.
2022-12-02 14:10:12,659 INFO: Shard ID None has successfully RESUMED session f34778d9a582dc71c5c14183851f6dad.
2022-12-02 14:25:35,689 INFO: Lexor in 9又4分之8.7月台[打不出幹話就講出來啊]
2022-12-02 14:25:35,735 INFO: Connecting to voice...
2022-12-02 14:25:35,736 INFO: Starting voice handshake... (connection attempt 1)
2022-12-02 14:25:36,054 INFO: Voice handshake complete. Endpoint found hongkong5087.discord.media
2022-12-02 14:25:38,977 INFO: ffmpeg process 1962 successfully terminated with return code of 0.
2022-12-02 14:25:41,575 INFO: ffmpeg process 1972 successfully terminated with return code of 0.
2022-12-02 14:25:42,646 INFO: The voice handshake is being terminated for Channel ID 428109526550708238 (Guild ID 428109526550708234)
2022-12-02 14:25:42,647 INFO: Disconnecting from voice normally, close code 1000.
2022-12-02 15:00:07,051 INFO: Shard ID None has successfully RESUMED session f34778d9a582dc71c5c14183851f6dad.
2022-12-02 15:34:07,129 INFO: BunnyplayGG out 9又4分之8.7月台[打不出幹話就講出來啊]
2022-12-02 15:34:07,130 INFO: Connecting to voice...
2022-12-02 15:34:07,130 INFO: Starting voice handshake... (connection attempt 1)
2022-12-02 15:34:07,424 INFO: Voice handshake complete. Endpoint found hongkong5087.discord.media
2022-12-02 15:34:10,854 INFO: ffmpeg process 2093 successfully terminated with return code of 0.
2022-12-02 15:34:11,905 INFO: The voice handshake is being terminated for Channel ID 428109526550708238 (Guild ID 428109526550708234)
2022-12-02 15:34:11,906 INFO: Disconnecting from voice normally, close code 1000.
2022-12-02 15:45:37,983 INFO: Shard ID None has successfully RESUMED session f34778d9a582dc71c5c14183851f6dad.
2022-12-02 15:47:23,285 INFO: Lexor out 9又4分之8.7月台[打不出幹話就講出來啊]
2022-12-02 15:47:23,286 INFO: Connecting to voice...
2022-12-02 15:47:23,286 INFO: Starting voice handshake... (connection attempt 1)
2022-12-02 15:47:23,596 INFO: Voice handshake complete. Endpoint found hongkong5087.discord.media
2022-12-02 15:47:26,300 INFO: ffmpeg process 2124 successfully terminated with return code of 0.
2022-12-02 15:47:27,333 INFO: The voice handshake is being terminated for Channel ID 428109526550708238 (Guild ID 428109526550708234)
2022-12-02 15:47:27,334 INFO: Disconnecting from voice normally, close code 1000.
2022-12-02 15:48:41,310 INFO: mrdavid874 in 9又4分之8.7月台[打不出幹話就講出來啊]
2022-12-02 15:48:42,576 INFO: Connecting to voice...
2022-12-02 15:48:42,576 INFO: Starting voice handshake... (connection attempt 1)
2022-12-02 15:48:42,874 INFO: Voice handshake complete. Endpoint found hongkong5087.discord.media
2022-12-02 15:48:48,040 INFO: ffmpeg process 2174 successfully terminated with return code of 0.
2022-12-02 15:48:50,312 INFO: ffmpeg process 2184 successfully terminated with return code of 0.
2022-12-02 15:48:51,357 INFO: The voice handshake is being terminated for Channel ID 428109526550708238 (Guild ID 428109526550708234)
2022-12-02 15:48:51,358 INFO: Disconnecting from voice normally, close code 1000.
2022-12-02 16:15:02,517 INFO: Chi in 9又4分之8.7月台[打不出幹話就講出來啊]
2022-12-02 16:15:02,614 INFO: Connecting to voice...
2022-12-02 16:15:02,614 INFO: Starting voice handshake... (connection attempt 1)
2022-12-02 16:15:02,935 INFO: Voice handshake complete. Endpoint found hongkong5087.discord.media
2022-12-02 16:15:05,673 INFO: ffmpeg process 2231 successfully terminated with return code of 0.
2022-12-02 16:15:09,890 INFO: ffmpeg process 2241 successfully terminated with return code of 0.
2022-12-02 16:15:10,944 INFO: The voice handshake is being terminated for Channel ID 428109526550708238 (Guild ID 428109526550708234)
2022-12-02 16:15:10,946 INFO: Disconnecting from voice normally, close code 1000.
2022-12-02 16:37:57,576 INFO: MaiMai的Pool out 9又4分之8.7月台[打不出幹話就講出來啊]
2022-12-02 16:37:57,577 INFO: Connecting to voice...
2022-12-02 16:37:57,578 INFO: Starting voice handshake... (connection attempt 1)
2022-12-02 16:37:57,887 INFO: Voice handshake complete. Endpoint found hongkong5087.discord.media
2022-12-02 16:38:01,053 INFO: ffmpeg process 2306 successfully terminated with return code of 0.
2022-12-02 16:38:02,071 INFO: The voice handshake is being terminated for Channel ID 428109526550708238 (Guild ID 428109526550708234)
2022-12-02 16:38:02,072 INFO: Disconnecting from voice normally, close code 1000.
