2022-06-16 19:59:28,845 INFO: logging in using static token
2022-06-16 19:59:29,119 INFO: Shard ID None has sent the IDENTIFY payload.
2022-06-16 19:59:29,252 INFO: Shard ID None has connected to Gateway: ["gateway-prd-main-r0wx",{"micros":95793,"calls":["discord-sessions-green-prd-2-123",{"micros":86253,"calls":["start_session",{"micros":45356,"calls":["discord-api-5dd4dcdf75-959l4",{"micros":38489,"calls":["get_user",{"micros":6892},"add_authorized_ip",{"micros":2468},"get_guilds",{"micros":9417},"coros_wait",{"micros":1}]}]},"guilds_connect",{"micros":2,"calls":[]},"presence_connect",{"micros":1,"calls":[]}]}]}] (Session ID: 20d987e8107c7652b284ba3207b8ab19).
2022-06-16 19:59:31,302 INFO: 目前登入身份：神奇海螺#3847
2022-06-16 20:09:36,790 INFO: logging in using static token
2022-06-16 20:09:37,057 INFO: Shard ID None has sent the IDENTIFY payload.
2022-06-16 20:09:37,142 INFO: Shard ID None has connected to Gateway: ["gateway-prd-main-hlxc",{"micros":46849,"calls":["discord-sessions-green-prd-2-125",{"micros":45776,"calls":["start_session",{"micros":35799,"calls":["discord-api-5dd4dcdf75-44rm8",{"micros":31941,"calls":["get_user",{"micros":6660},"add_authorized_ip",{"micros":1476},"get_guilds",{"micros":3497},"coros_wait",{"micros":2}]}]},"guilds_connect",{"micros":3,"calls":[]},"presence_connect",{"micros":2,"calls":[]}]}]}] (Session ID: 90a2e6b712233a944ba222bd55a03cbe).
2022-06-16 20:09:39,205 INFO: 目前登入身份：神奇海螺#3847
2022-06-16 20:57:03,423 INFO: Websocket closed with 1001, attempting a reconnect.
2022-06-16 20:57:03,423 INFO: Got a request to RESUME the websocket.
2022-06-16 20:57:03,647 INFO: Shard ID None has sent the RESUME payload.
2022-06-16 20:57:03,690 INFO: Shard ID None has successfully RESUMED session 90a2e6b712233a944ba222bd55a03cbe under trace ["gateway-prd-main-1qhk",{"micros":3390,"calls":["discord-sessions-green-prd-2-125",{"micros":21}]}].
2022-06-16 21:17:19,666 INFO: Websocket closed with 1006, attempting a reconnect.
2022-06-16 21:17:19,667 INFO: Got a request to RESUME the websocket.
2022-06-16 21:17:19,857 INFO: Shard ID None has sent the RESUME payload.
2022-06-16 21:17:19,905 INFO: Shard ID None has successfully RESUMED session 90a2e6b712233a944ba222bd55a03cbe under trace ["gateway-prd-main-7lfj",{"micros":946,"calls":["discord-sessions-green-prd-2-125",{"micros":21}]}].
2022-06-16 21:46:28,286 INFO: logging in using static token
2022-06-16 21:46:28,534 INFO: Shard ID None has sent the IDENTIFY payload.
2022-06-16 21:46:28,759 INFO: Shard ID None has connected to Gateway: ["gateway-prd-main-zjsd",{"micros":178887,"calls":["discord-sessions-green-prd-2-140",{"micros":172708,"calls":["start_session",{"micros":115864,"calls":["discord-api-7f5bc7fbf8-2862q",{"micros":111059,"calls":["get_user",{"micros":47445},"add_authorized_ip",{"micros":3302},"get_guilds",{"micros":6284},"coros_wait",{"micros":2}]}]},"guilds_connect",{"micros":2,"calls":[]},"presence_connect",{"micros":2,"calls":[]}]}]}] (Session ID: c62405b691655af4cd9471a9845924bc).
2022-06-16 21:46:30,834 INFO: 目前登入身份：神奇海螺#3847
2022-06-17 00:41:38,366 INFO: Got a request to RESUME the websocket.
2022-06-17 00:41:38,558 INFO: Shard ID None has sent the RESUME payload.
2022-06-17 00:41:38,596 INFO: Shard ID None has successfully RESUMED session c62405b691655af4cd9471a9845924bc under trace ["gateway-prd-main-6vlr",{"micros":505,"calls":["discord-sessions-green-prd-2-140",{"micros":17}]}].
2022-06-17 01:27:28,238 INFO: Got a request to RESUME the websocket.
2022-06-17 01:27:28,398 INFO: Shard ID None has sent the RESUME payload.
2022-06-17 01:27:28,450 INFO: Shard ID None has successfully RESUMED session c62405b691655af4cd9471a9845924bc under trace ["gateway-prd-main-lr60",{"micros":5448,"calls":["discord-sessions-green-prd-2-140",{"micros":29}]}].
2022-06-17 02:03:40,248 INFO: Got a request to RESUME the websocket.
2022-06-17 02:03:40,424 INFO: Shard ID None has sent the RESUME payload.
2022-06-17 02:03:40,464 INFO: Shard ID None has successfully RESUMED session c62405b691655af4cd9471a9845924bc under trace ["gateway-prd-main-9pg0",{"micros":551,"calls":["discord-sessions-green-prd-2-140",{"micros":23}]}].
2022-06-17 05:26:53,373 INFO: Got a request to RESUME the websocket.
2022-06-17 05:26:53,544 INFO: Shard ID None has sent the RESUME payload.
2022-06-17 05:26:53,581 INFO: Shard ID None has successfully RESUMED session c62405b691655af4cd9471a9845924bc under trace ["gateway-prd-main-7lfj",{"micros":722,"calls":["discord-sessions-green-prd-2-140",{"micros":19}]}].
2022-06-17 06:07:42,238 INFO: Got a request to RESUME the websocket.
2022-06-17 06:07:42,414 INFO: Shard ID None has sent the RESUME payload.
2022-06-17 06:07:42,453 INFO: Shard ID None has successfully RESUMED session c62405b691655af4cd9471a9845924bc under trace ["gateway-prd-main-cp5g",{"micros":678,"calls":["discord-sessions-green-prd-2-140",{"micros":18}]}].
2022-06-17 08:24:55,367 INFO: Got a request to RESUME the websocket.
2022-06-17 08:24:55,529 INFO: Shard ID None has sent the RESUME payload.
2022-06-17 08:24:55,566 INFO: Shard ID None has successfully RESUMED session c62405b691655af4cd9471a9845924bc under trace ["gateway-prd-main-j3gf",{"micros":738,"calls":["discord-sessions-green-prd-2-140",{"micros":20}]}].
2022-06-17 10:02:12,518 INFO: Websocket closed with 1006, attempting a reconnect.
2022-06-17 10:02:12,518 INFO: Got a request to RESUME the websocket.
2022-06-17 10:02:12,673 INFO: Shard ID None has sent the RESUME payload.
2022-06-17 10:02:12,710 INFO: Shard ID None has successfully RESUMED session c62405b691655af4cd9471a9845924bc under trace ["gateway-prd-main-hgg0",{"micros":761,"calls":["discord-sessions-green-prd-2-140",{"micros":20}]}].
2022-06-17 11:44:43,572 INFO: 神奇海螺 in 9又4分之8.7月台[123是什麼敷衍的名字]
2022-06-17 11:44:43,588 INFO: Connecting to voice...
2022-06-17 11:44:43,589 INFO: Starting voice handshake... (connection attempt 1)
2022-06-17 11:44:44,300 INFO: Voice handshake complete. Endpoint found hongkong8182.discord.media
2022-06-17 11:44:44,489 ERROR: Exception occurred during Voice Protocol voice server update handler
Traceback (most recent call last):
  File "/opt/virtualenvs/python3/lib/python3.8/site-packages/discord/state.py", line 102, in logging_coroutine
    await coroutine
  File "/opt/virtualenvs/python3/lib/python3.8/site-packages/discord/voice_client.py", line 295, in on_voice_server_update
    await self.ws.close(4000)
AttributeError: 'NoneType' object has no attribute 'close'
2022-06-17 11:44:45,317 INFO: selected the voice protocol for use (xsalsa20_poly1305_lite)
2022-06-17 11:44:45,526 INFO: received secret key for voice connection
2022-06-17 11:44:47,889 INFO: Preparing to terminate ffmpeg process 2316.
2022-06-17 11:44:47,891 INFO: ffmpeg process 2316 successfully terminated with return code of 0.
2022-06-17 11:44:50,102 INFO: Preparing to terminate ffmpeg process 2327.
2022-06-17 11:44:50,103 INFO: ffmpeg process 2327 successfully terminated with return code of 0.
2022-06-17 11:44:51,166 INFO: The voice handshake is being terminated for Channel ID 728631391809437746 (Guild ID 428109526550708234)
2022-06-17 11:44:51,166 INFO: Disconnecting from voice normally, close code 1000.
2022-06-17 12:37:54,395 INFO: Got a request to RESUME the websocket.
2022-06-17 12:37:54,551 INFO: Shard ID None has sent the RESUME payload.
2022-06-17 12:37:54,598 INFO: Shard ID None has successfully RESUMED session c62405b691655af4cd9471a9845924bc under trace ["gateway-prd-main-lq2g",{"micros":5914,"calls":["discord-sessions-green-prd-2-140",{"micros":19}]}].
2022-06-17 12:54:58,199 INFO: MaiMai的Pool in 9又4分之8.7月台[123是什麼敷衍的名字]
2022-06-17 12:54:58,215 INFO: Connecting to voice...
2022-06-17 12:54:58,215 INFO: Starting voice handshake... (connection attempt 1)
2022-06-17 12:54:59,130 INFO: Voice handshake complete. Endpoint found hongkong8182.discord.media
2022-06-17 12:55:00,151 INFO: selected the voice protocol for use (xsalsa20_poly1305_lite)
2022-06-17 12:55:00,359 INFO: received secret key for voice connection
2022-06-17 12:55:03,151 INFO: Preparing to terminate ffmpeg process 2615.
2022-06-17 12:55:03,151 INFO: ffmpeg process 2615 successfully terminated with return code of 0.
2022-06-17 12:55:06,175 INFO: Preparing to terminate ffmpeg process 2625.
2022-06-17 12:55:06,176 INFO: ffmpeg process 2625 successfully terminated with return code of 0.
2022-06-17 12:55:07,205 INFO: The voice handshake is being terminated for Channel ID 728631391809437746 (Guild ID 428109526550708234)
2022-06-17 12:55:07,206 INFO: Disconnecting from voice normally, close code 1000.
2022-06-17 13:02:48,241 INFO: wawa的n in 9又4分之8.7月台[123是什麼敷衍的名字]
2022-06-17 13:02:48,276 INFO: Connecting to voice...
2022-06-17 13:02:48,277 INFO: Starting voice handshake... (connection attempt 1)
2022-06-17 13:02:48,584 INFO: Voice handshake complete. Endpoint found hongkong8182.discord.media
2022-06-17 13:02:49,605 INFO: selected the voice protocol for use (xsalsa20_poly1305_lite)
2022-06-17 13:02:49,806 INFO: received secret key for voice connection
2022-06-17 13:02:51,956 INFO: Preparing to terminate ffmpeg process 2668.
2022-06-17 13:02:51,957 INFO: ffmpeg process 2668 successfully terminated with return code of 0.
2022-06-17 13:02:54,016 INFO: Preparing to terminate ffmpeg process 2678.
2022-06-17 13:02:54,017 INFO: ffmpeg process 2678 successfully terminated with return code of 0.
2022-06-17 13:02:55,039 INFO: The voice handshake is being terminated for Channel ID 728631391809437746 (Guild ID 428109526550708234)
2022-06-17 13:02:55,039 INFO: Disconnecting from voice normally, close code 1000.
2022-06-17 13:30:04,008 INFO: BunnyplayGG in 9又4分之8.7月台[123是什麼敷衍的名字]
2022-06-17 13:30:04,077 INFO: Connecting to voice...
2022-06-17 13:30:04,077 INFO: Starting voice handshake... (connection attempt 1)
2022-06-17 13:30:04,936 INFO: Voice handshake complete. Endpoint found hongkong8182.discord.media
2022-06-17 13:30:05,986 INFO: selected the voice protocol for use (xsalsa20_poly1305_lite)
2022-06-17 13:30:06,193 INFO: received secret key for voice connection
2022-06-17 13:30:08,586 INFO: Preparing to terminate ffmpeg process 2753.
2022-06-17 13:30:08,586 INFO: ffmpeg process 2753 successfully terminated with return code of 0.
2022-06-17 13:30:11,991 INFO: Preparing to terminate ffmpeg process 2763.
2022-06-17 13:30:12,008 INFO: ffmpeg process 2763 successfully terminated with return code of 0.
2022-06-17 13:30:13,043 INFO: The voice handshake is being terminated for Channel ID 728631391809437746 (Guild ID 428109526550708234)
2022-06-17 13:30:13,044 INFO: Disconnecting from voice normally, close code 1000.
2022-06-17 13:31:48,009 INFO: Lexor in 9又4分之8.7月台[123是什麼敷衍的名字]
2022-06-17 13:31:48,236 INFO: Connecting to voice...
2022-06-17 13:31:48,236 INFO: Starting voice handshake... (connection attempt 1)
2022-06-17 13:31:48,949 INFO: Voice handshake complete. Endpoint found hongkong8182.discord.media
2022-06-17 13:31:49,964 INFO: selected the voice protocol for use (xsalsa20_poly1305_lite)
2022-06-17 13:31:50,164 INFO: received secret key for voice connection
2022-06-17 13:31:52,031 INFO: Preparing to terminate ffmpeg process 2805.
2022-06-17 13:31:52,031 INFO: ffmpeg process 2805 successfully terminated with return code of 0.
2022-06-17 13:31:54,826 INFO: Preparing to terminate ffmpeg process 2815.
2022-06-17 13:31:54,827 INFO: ffmpeg process 2815 successfully terminated with return code of 0.
2022-06-17 13:31:55,894 INFO: The voice handshake is being terminated for Channel ID 728631391809437746 (Guild ID 428109526550708234)
2022-06-17 13:31:55,895 INFO: Disconnecting from voice normally, close code 1000.
2022-06-17 13:32:36,703 INFO: KyrieR in 9又4分之8.7月台[123是什麼敷衍的名字]
2022-06-17 13:32:36,732 INFO: Connecting to voice...
2022-06-17 13:32:36,732 INFO: Starting voice handshake... (connection attempt 1)
2022-06-17 13:32:37,088 INFO: Voice handshake complete. Endpoint found hongkong8182.discord.media
2022-06-17 13:32:38,090 INFO: selected the voice protocol for use (xsalsa20_poly1305_lite)
2022-06-17 13:32:38,288 INFO: received secret key for voice connection
2022-06-17 13:32:40,896 INFO: Preparing to terminate ffmpeg process 2826.
2022-06-17 13:32:40,897 INFO: ffmpeg process 2826 successfully terminated with return code of 0.
2022-06-17 13:32:43,052 INFO: Preparing to terminate ffmpeg process 2836.
2022-06-17 13:32:43,053 INFO: ffmpeg process 2836 successfully terminated with return code of 0.
2022-06-17 13:32:44,117 INFO: The voice handshake is being terminated for Channel ID 728631391809437746 (Guild ID 428109526550708234)
2022-06-17 13:32:44,118 INFO: Disconnecting from voice normally, close code 1000.
2022-06-17 13:33:14,807 INFO: Got a request to RESUME the websocket.
2022-06-17 13:33:15,000 INFO: Shard ID None has sent the RESUME payload.
2022-06-17 13:33:15,040 INFO: Shard ID None has successfully RESUMED session c62405b691655af4cd9471a9845924bc under trace ["gateway-prd-main-q3pc",{"micros":564,"calls":["discord-sessions-green-prd-2-140",{"micros":45}]}].
2022-06-17 14:13:44,159 INFO: 不偷家的飄飄大仙 in 9又4分之8.7月台[123是什麼敷衍的名字]
2022-06-17 14:13:44,179 INFO: Connecting to voice...
2022-06-17 14:13:44,179 INFO: Starting voice handshake... (connection attempt 1)
2022-06-17 14:13:45,091 INFO: Voice handshake complete. Endpoint found hongkong8182.discord.media
2022-06-17 14:13:46,108 INFO: selected the voice protocol for use (xsalsa20_poly1305_lite)
2022-06-17 14:13:46,309 INFO: received secret key for voice connection
2022-06-17 14:13:49,898 INFO: Preparing to terminate ffmpeg process 2919.
2022-06-17 14:13:49,899 INFO: ffmpeg process 2919 successfully terminated with return code of 0.
2022-06-17 14:13:52,040 INFO: Preparing to terminate ffmpeg process 2929.
2022-06-17 14:13:52,041 INFO: ffmpeg process 2929 successfully terminated with return code of 0.
2022-06-17 14:13:53,045 INFO: The voice handshake is being terminated for Channel ID 728631391809437746 (Guild ID 428109526550708234)
2022-06-17 14:13:53,046 INFO: Disconnecting from voice normally, close code 1000.
2022-06-17 14:50:34,014 INFO: SparkleZ in 9又4分之8.7月台[123是什麼敷衍的名字]
2022-06-17 14:50:34,197 INFO: Connecting to voice...
2022-06-17 14:50:34,197 INFO: Starting voice handshake... (connection attempt 1)
2022-06-17 14:50:34,886 INFO: Voice handshake complete. Endpoint found hongkong8182.discord.media
2022-06-17 14:50:35,958 INFO: selected the voice protocol for use (xsalsa20_poly1305_lite)
2022-06-17 14:50:36,175 INFO: received secret key for voice connection
2022-06-17 14:50:38,164 INFO: Preparing to terminate ffmpeg process 2992.
2022-06-17 14:50:38,165 INFO: ffmpeg process 2992 successfully terminated with return code of 0.
2022-06-17 14:50:39,669 INFO: Preparing to terminate ffmpeg process 3002.
2022-06-17 14:50:39,670 INFO: ffmpeg process 3002 successfully terminated with return code of 0.
2022-06-17 14:50:41,207 INFO: The voice handshake is being terminated for Channel ID 728631391809437746 (Guild ID 428109526550708234)
2022-06-17 14:50:41,207 INFO: Disconnecting from voice normally, close code 1000.
2022-06-17 15:07:57,890 INFO: logging in using static token
2022-06-17 15:07:58,154 INFO: Shard ID None has sent the IDENTIFY payload.
2022-06-17 15:07:58,325 INFO: Shard ID None has connected to Gateway: ["gateway-prd-main-zjsd",{"micros":92028,"calls":["discord-sessions-green-prd-2-60",{"micros":90774,"calls":["start_session",{"micros":64018,"calls":["discord-api-7f566bfbf7-lcgms",{"micros":56752,"calls":["get_user",{"micros":10745},"add_authorized_ip",{"micros":1533},"get_guilds",{"micros":8681},"coros_wait",{"micros":3}]}]},"guilds_connect",{"micros":2,"calls":[]},"presence_connect",{"micros":14193,"calls":[]}]}]}] (Session ID: 5f2131f0dd28cd503374c4c163c657c7).
2022-06-17 15:08:00,368 INFO: 目前登入身份：神奇海螺#3847
2022-06-17 15:19:29,364 INFO: Lexor out 9又4分之8.7月台[123是什麼敷衍的名字]
2022-06-17 15:19:29,364 INFO: Connecting to voice...
2022-06-17 15:19:29,364 INFO: Starting voice handshake... (connection attempt 1)
2022-06-17 15:19:30,317 INFO: Voice handshake complete. Endpoint found hongkong8182.discord.media
2022-06-17 15:19:31,354 INFO: selected the voice protocol for use (xsalsa20_poly1305_lite)
2022-06-17 15:19:31,560 INFO: received secret key for voice connection
2022-06-17 15:19:33,260 INFO: Preparing to terminate ffmpeg process 138.
2022-06-17 15:19:33,261 INFO: ffmpeg process 138 successfully terminated with return code of 0.
2022-06-17 15:19:34,286 INFO: The voice handshake is being terminated for Channel ID 728631391809437746 (Guild ID 428109526550708234)
2022-06-17 15:19:34,287 INFO: Disconnecting from voice normally, close code 1000.
2022-06-17 15:21:17,417 INFO: DADA的DIAO in 9又4分之8.7月台[123是什麼敷衍的名字]
2022-06-17 15:21:17,443 INFO: Connecting to voice...
2022-06-17 15:21:17,443 INFO: Starting voice handshake... (connection attempt 1)
2022-06-17 15:21:18,347 INFO: Voice handshake complete. Endpoint found hongkong8182.discord.media
2022-06-17 15:21:19,379 INFO: selected the voice protocol for use (xsalsa20_poly1305_lite)
2022-06-17 15:21:19,591 INFO: received secret key for voice connection
2022-06-17 15:21:21,841 INFO: Preparing to terminate ffmpeg process 150.
2022-06-17 15:21:21,842 INFO: ffmpeg process 150 successfully terminated with return code of 0.
2022-06-17 15:21:24,018 INFO: Preparing to terminate ffmpeg process 160.
2022-06-17 15:21:24,018 INFO: ffmpeg process 160 successfully terminated with return code of 0.
2022-06-17 15:21:25,023 INFO: The voice handshake is being terminated for Channel ID 728631391809437746 (Guild ID 428109526550708234)
2022-06-17 15:21:25,023 INFO: Disconnecting from voice normally, close code 1000.
2022-06-17 15:25:29,880 INFO: Got a request to RESUME the websocket.
2022-06-17 15:25:30,042 INFO: Shard ID None has sent the RESUME payload.
2022-06-17 15:25:30,081 INFO: Shard ID None has successfully RESUMED session 5f2131f0dd28cd503374c4c163c657c7 under trace ["gateway-prd-main-sgr7",{"micros":606,"calls":["discord-sessions-green-prd-2-60",{"micros":20}]}].
2022-06-17 15:31:33,660 INFO: DADA的DIAO out 9又4分之8.7月台[123是什麼敷衍的名字]
2022-06-17 15:31:33,660 INFO: Connecting to voice...
2022-06-17 15:31:33,660 INFO: Starting voice handshake... (connection attempt 1)
2022-06-17 15:31:34,006 INFO: Voice handshake complete. Endpoint found hongkong8182.discord.media
2022-06-17 15:31:35,062 INFO: selected the voice protocol for use (xsalsa20_poly1305_lite)
2022-06-17 15:31:35,277 INFO: received secret key for voice connection
2022-06-17 15:31:37,364 INFO: Preparing to terminate ffmpeg process 204.
2022-06-17 15:31:37,365 INFO: ffmpeg process 204 successfully terminated with return code of 0.
2022-06-17 15:31:38,393 INFO: The voice handshake is being terminated for Channel ID 728631391809437746 (Guild ID 428109526550708234)
2022-06-17 15:31:38,393 INFO: Disconnecting from voice normally, close code 1000.
2022-06-17 15:32:29,937 INFO: DADA的DIAO in 9又4分之8.7月台[123是什麼敷衍的名字]
2022-06-17 15:32:29,957 INFO: Connecting to voice...
2022-06-17 15:32:29,957 INFO: Starting voice handshake... (connection attempt 1)
2022-06-17 15:32:30,310 INFO: Voice handshake complete. Endpoint found hongkong8182.discord.media
2022-06-17 15:32:31,353 INFO: selected the voice protocol for use (xsalsa20_poly1305_lite)
2022-06-17 15:32:31,554 INFO: received secret key for voice connection
2022-06-17 15:32:34,322 INFO: Preparing to terminate ffmpeg process 215.
2022-06-17 15:32:34,323 INFO: ffmpeg process 215 successfully terminated with return code of 0.
2022-06-17 15:32:37,120 INFO: Preparing to terminate ffmpeg process 225.
2022-06-17 15:32:37,121 INFO: ffmpeg process 225 successfully terminated with return code of 0.
2022-06-17 15:32:38,186 INFO: The voice handshake is being terminated for Channel ID 728631391809437746 (Guild ID 428109526550708234)
2022-06-17 15:32:38,187 INFO: Disconnecting from voice normally, close code 1000.
2022-06-17 16:04:46,249 INFO: KyrieR out 9又4分之8.7月台[123是什麼敷衍的名字]
2022-06-17 16:04:46,249 INFO: Connecting to voice...
2022-06-17 16:04:46,249 INFO: Starting voice handshake... (connection attempt 1)
2022-06-17 16:04:47,201 INFO: Voice handshake complete. Endpoint found hongkong8182.discord.media
2022-06-17 16:04:48,215 INFO: selected the voice protocol for use (xsalsa20_poly1305_lite)
2022-06-17 16:04:48,425 INFO: received secret key for voice connection
2022-06-17 16:04:50,234 INFO: Preparing to terminate ffmpeg process 297.
2022-06-17 16:04:50,235 INFO: ffmpeg process 297 successfully terminated with return code of 0.
2022-06-17 16:04:51,241 INFO: The voice handshake is being terminated for Channel ID 728631391809437746 (Guild ID 428109526550708234)
2022-06-17 16:04:51,241 INFO: Disconnecting from voice normally, close code 1000.
2022-06-17 16:05:03,657 INFO: KyrieR in 9又4分之8.7月台[123是什麼敷衍的名字]
2022-06-17 16:05:03,673 INFO: Connecting to voice...
2022-06-17 16:05:03,674 INFO: Starting voice handshake... (connection attempt 1)
2022-06-17 16:05:03,917 INFO: Voice handshake complete. Endpoint found hongkong8182.discord.media
2022-06-17 16:05:04,679 INFO: KyrieR out 9又4分之8.7月台[123是什麼敷衍的名字]
2022-06-17 16:05:04,949 INFO: selected the voice protocol for use (xsalsa20_poly1305_lite)
2022-06-17 16:05:05,160 INFO: received secret key for voice connection
2022-06-17 16:05:07,768 INFO: Preparing to terminate ffmpeg process 308.
2022-06-17 16:05:07,768 INFO: ffmpeg process 308 successfully terminated with return code of 0.
2022-06-17 16:05:10,052 INFO: Preparing to terminate ffmpeg process 318.
2022-06-17 16:05:10,053 INFO: ffmpeg process 318 successfully terminated with return code of 0.
2022-06-17 16:05:12,903 INFO: Preparing to terminate ffmpeg process 328.
2022-06-17 16:05:12,904 INFO: ffmpeg process 328 successfully terminated with return code of 0.
2022-06-17 16:05:13,911 INFO: The voice handshake is being terminated for Channel ID 728631391809437746 (Guild ID 428109526550708234)
2022-06-17 16:05:13,911 INFO: Disconnecting from voice normally, close code 1000.
2022-06-17 16:09:22,754 INFO: KyrieR in 9又4分之8.7月台[123是什麼敷衍的名字]
2022-06-17 16:09:22,770 INFO: Connecting to voice...
2022-06-17 16:09:22,771 INFO: Starting voice handshake... (connection attempt 1)
2022-06-17 16:09:23,699 INFO: Voice handshake complete. Endpoint found hongkong8182.discord.media
2022-06-17 16:09:24,727 INFO: selected the voice protocol for use (xsalsa20_poly1305_lite)
2022-06-17 16:09:24,943 INFO: received secret key for voice connection
2022-06-17 16:09:27,032 INFO: Preparing to terminate ffmpeg process 400.
2022-06-17 16:09:27,032 INFO: ffmpeg process 400 successfully terminated with return code of 0.
2022-06-17 16:09:29,666 INFO: Preparing to terminate ffmpeg process 410.
2022-06-17 16:09:29,668 INFO: ffmpeg process 410 successfully terminated with return code of 0.
2022-06-17 16:09:30,678 INFO: The voice handshake is being terminated for Channel ID 728631391809437746 (Guild ID 428109526550708234)
2022-06-17 16:09:30,679 INFO: Disconnecting from voice normally, close code 1000.
2022-06-17 16:27:05,787 INFO: 神奇海螺 in 9又4分之8.7月台[123是什麼敷衍的名字]
2022-06-17 16:27:05,800 INFO: Connecting to voice...
2022-06-17 16:27:05,800 INFO: Starting voice handshake... (connection attempt 1)
2022-06-17 16:27:06,161 INFO: Voice handshake complete. Endpoint found hongkong8182.discord.media
2022-06-17 16:27:07,217 INFO: selected the voice protocol for use (xsalsa20_poly1305_lite)
2022-06-17 16:27:07,426 INFO: received secret key for voice connection
2022-06-17 16:27:10,699 INFO: Preparing to terminate ffmpeg process 452.
2022-06-17 16:27:10,700 INFO: ffmpeg process 452 successfully terminated with return code of 0.
2022-06-17 16:27:14,631 INFO: Preparing to terminate ffmpeg process 462.
2022-06-17 16:27:14,632 INFO: ffmpeg process 462 successfully terminated with return code of 0.
2022-06-17 16:27:16,857 INFO: Preparing to terminate ffmpeg process 472.
2022-06-17 16:27:16,858 INFO: ffmpeg process 472 successfully terminated with return code of 0.
2022-06-17 16:27:17,903 INFO: The voice handshake is being terminated for Channel ID 728631391809437746 (Guild ID 428109526550708234)
2022-06-17 16:27:17,903 INFO: Disconnecting from voice normally, close code 1000.
2022-06-17 16:27:51,320 INFO: 神奇海螺 in 9又4分之8.7月台[123是什麼敷衍的名字]
2022-06-17 16:27:51,346 INFO: Connecting to voice...
2022-06-17 16:27:51,346 INFO: Starting voice handshake... (connection attempt 1)
2022-06-17 16:27:51,703 INFO: Voice handshake complete. Endpoint found hongkong8182.discord.media
2022-06-17 16:27:52,749 INFO: selected the voice protocol for use (xsalsa20_poly1305_lite)
2022-06-17 16:27:52,967 INFO: received secret key for voice connection
2022-06-17 16:27:56,236 INFO: Preparing to terminate ffmpeg process 483.
2022-06-17 16:27:56,236 INFO: ffmpeg process 483 successfully terminated with return code of 0.
2022-06-17 16:27:59,642 INFO: Preparing to terminate ffmpeg process 493.
2022-06-17 16:27:59,643 INFO: ffmpeg process 493 successfully terminated with return code of 0.
2022-06-17 16:28:02,463 INFO: Preparing to terminate ffmpeg process 503.
2022-06-17 16:28:02,464 INFO: ffmpeg process 503 successfully terminated with return code of 0.
2022-06-17 16:28:03,536 INFO: The voice handshake is being terminated for Channel ID 728631391809437746 (Guild ID 428109526550708234)
2022-06-17 16:28:03,537 INFO: Disconnecting from voice normally, close code 1000.
