2022-03-05 17:44:08,266 INFO: logging in using static token
2022-03-05 17:44:08,544 INFO: Shard ID None has sent the IDENTIFY payload.
2022-03-05 17:44:08,719 INFO: Shard ID None has connected to Gateway: ["gateway-prd-main-ws5p",{"micros":130447,"calls":["discord-sessions-blue-prd-2-63",{"micros":129359,"calls":["start_session",{"micros":118863,"calls":["discord-api-664d65c9f-mkrrn",{"micros":114618,"calls":["get_user",{"micros":3193},"add_authorized_ip",{"micros":44911},"get_guilds",{"micros":15655},"coros_wait",{"micros":1}]}]},"guilds_connect",{"micros":25,"calls":[]},"presence_connect",{"micros":1,"calls":[]}]}]}] (Session ID: df36b0a9c0b3ea33b84b6da961339762).
2022-03-05 17:44:10,749 INFO: 目前登入身份：神奇海螺#3847
2022-03-05 18:23:44,072 INFO: Got a request to RESUME the websocket.
2022-03-05 18:23:44,235 INFO: Shard ID None has sent the RESUME payload.
2022-03-05 18:23:44,274 INFO: Shard ID None has successfully RESUMED session df36b0a9c0b3ea33b84b6da961339762 under trace ["gateway-prd-main-4p5p",{"micros":841,"calls":["discord-sessions-blue-prd-2-63",{"micros":19}]}].
2022-03-05 18:47:31,541 INFO: logging in using static token
2022-03-05 18:47:31,810 INFO: Shard ID None has sent the IDENTIFY payload.
2022-03-05 18:47:31,937 INFO: Shard ID None has connected to Gateway: ["gateway-prd-main-q2sk",{"micros":67885,"calls":["discord-sessions-blue-prd-2-107",{"micros":62857,"calls":["start_session",{"micros":41696,"calls":["discord-api-664d65c9f-bhgmp",{"micros":37388,"calls":["get_user",{"micros":9386},"add_authorized_ip",{"micros":1441},"get_guilds",{"micros":6399},"coros_wait",{"micros":1}]}]},"guilds_connect",{"micros":2,"calls":[]},"presence_connect",{"micros":8957,"calls":[]}]}]}] (Session ID: d084d17bc1a15761bc6a8ea01df9c979).
2022-03-05 18:47:33,966 INFO: 目前登入身份：神奇海螺#3847
2022-03-05 22:53:25,723 INFO: logging in using static token
2022-03-05 22:53:25,982 INFO: Shard ID None has sent the IDENTIFY payload.
2022-03-05 22:53:26,090 INFO: Shard ID None has connected to Gateway: ["gateway-prd-main-z0zw",{"micros":67440,"calls":["discord-sessions-blue-prd-2-148",{"micros":66404,"calls":["start_session",{"micros":41588,"calls":["discord-api-664d65c9f-86xkt",{"micros":35750,"calls":["get_user",{"micros":6842},"add_authorized_ip",{"micros":1528},"get_guilds",{"micros":4116},"coros_wait",{"micros":1}]}]},"guilds_connect",{"micros":2,"calls":[]},"presence_connect",{"micros":1,"calls":[]}]}]}] (Session ID: 90ebc809752150cb04253b0af8d27ff5).
2022-03-05 22:53:28,135 INFO: 目前登入身份：神奇海螺#3847
2022-03-05 23:23:13,695 INFO: Got a request to RESUME the websocket.
2022-03-05 23:23:13,860 INFO: Shard ID None has sent the RESUME payload.
2022-03-05 23:23:13,904 INFO: Shard ID None has successfully RESUMED session 90ebc809752150cb04253b0af8d27ff5 under trace ["gateway-prd-main-v5gk",{"micros":3987,"calls":["discord-sessions-blue-prd-2-148",{"micros":20}]}].
2022-03-06 01:45:51,660 INFO: logging in using static token
2022-03-06 01:45:51,916 INFO: Shard ID None has sent the IDENTIFY payload.
2022-03-06 01:45:52,084 INFO: Shard ID None has connected to Gateway: ["gateway-prd-main-9czr",{"micros":124830,"calls":["discord-sessions-blue-prd-2-1",{"micros":120613,"calls":["start_session",{"micros":93032,"calls":["discord-api-664d65c9f-rdrbf",{"micros":88262,"calls":["get_user",{"micros":5598},"add_authorized_ip",{"micros":4098},"get_guilds",{"micros":21670},"coros_wait",{"micros":1}]}]},"guilds_connect",{"micros":2,"calls":[]},"presence_connect",{"micros":6660,"calls":[]}]}]}] (Session ID: 916e9657043c4602256a1cb7e4131438).
2022-03-06 01:45:54,121 INFO: 目前登入身份：神奇海螺#3847
2022-03-06 03:20:21,663 INFO: Got a request to RESUME the websocket.
2022-03-06 03:20:21,826 INFO: Shard ID None has sent the RESUME payload.
2022-03-06 03:20:21,868 INFO: Shard ID None has successfully RESUMED session 916e9657043c4602256a1cb7e4131438 under trace ["gateway-prd-main-s09g",{"micros":2965,"calls":["discord-sessions-blue-prd-2-1",{"micros":17}]}].
2022-03-06 03:57:49,734 INFO: logging in using static token
2022-03-06 03:57:49,977 INFO: Shard ID None has sent the IDENTIFY payload.
2022-03-06 03:57:50,140 INFO: Shard ID None has connected to Gateway: ["gateway-prd-main-gr3p",{"micros":125961,"calls":["discord-sessions-blue-prd-2-16",{"micros":125211,"calls":["start_session",{"micros":105453,"calls":["discord-api-567dcc48dd-lh8fs",{"micros":99203,"calls":["get_user",{"micros":11191},"add_authorized_ip",{"micros":6951},"get_guilds",{"micros":13631},"coros_wait",{"micros":2}]}]},"guilds_connect",{"micros":2,"calls":[]},"presence_connect",{"micros":2,"calls":[]}]}]}] (Session ID: fd3e3f4d52e012dbc33e4c834785675f).
2022-03-06 03:57:52,168 INFO: 目前登入身份：神奇海螺#3847
