2022-12-14 23:16:42,455 INFO: logging in using static token
2022-12-14 23:16:42,926 INFO: Shard ID None has connected to Gateway (Session ID: dd67ab8ec4b2317be2d98a871ff7a73b).
2022-12-14 23:16:44,957 INFO: 目前登入身份：神奇海螺#3847
2022-12-15 00:30:36,283 INFO: Shard ID None has successfully RESUMED session dd67ab8ec4b2317be2d98a871ff7a73b.
2022-12-15 02:08:46,301 INFO: Shard ID None has successfully RESUMED session dd67ab8ec4b2317be2d98a871ff7a73b.
2022-12-15 04:18:42,764 INFO: logging in using static token
2022-12-15 04:18:43,173 INFO: Shard ID None has connected to Gateway (Session ID: 1f3103b20417cace01321a98d7f83c89).
2022-12-15 04:18:45,193 INFO: 目前登入身份：神奇海螺#3847
2022-12-15 06:37:30,255 INFO: Shard ID None has successfully RESUMED session 1f3103b20417cace01321a98d7f83c89.
2022-12-15 08:05:08,409 INFO: Shard ID None has successfully RESUMED session 1f3103b20417cace01321a98d7f83c89.
2022-12-15 10:51:20,490 INFO: Shard ID None has successfully RESUMED session 1f3103b20417cace01321a98d7f83c89.
2022-12-15 11:14:27,194 INFO: Shard ID None has successfully RESUMED session 1f3103b20417cace01321a98d7f83c89.
2022-12-15 13:09:56,671 INFO: Chi in 9又4分之8.7月台[123是什麼敷衍的名字]
2022-12-15 13:09:56,796 INFO: Connecting to voice...
2022-12-15 13:09:56,796 INFO: Starting voice handshake... (connection attempt 1)
2022-12-15 13:09:57,041 INFO: Voice handshake complete. Endpoint found hongkong9989.discord.media
2022-12-15 13:10:00,768 INFO: ffmpeg process 967 successfully terminated with return code of 0.
2022-12-15 13:10:01,694 INFO: BunnyplayGG in 9又4分之8.7月台[123是什麼敷衍的名字]
2022-12-15 13:10:03,637 INFO: ffmpeg process 978 successfully terminated with return code of 0.
2022-12-15 13:10:07,126 INFO: ffmpeg process 988 successfully terminated with return code of 0.
2022-12-15 13:10:09,736 INFO: ffmpeg process 998 successfully terminated with return code of 0.
2022-12-15 13:10:10,803 INFO: The voice handshake is being terminated for Channel ID 728631391809437746 (Guild ID 428109526550708234)
2022-12-15 13:10:10,804 INFO: Disconnecting from voice normally, close code 1000.
2022-12-15 13:22:48,452 INFO: Fiven-chung in 9又4分之8.7月台[123是什麼敷衍的名字]
2022-12-15 13:22:48,532 INFO: Connecting to voice...
2022-12-15 13:22:48,532 INFO: Starting voice handshake... (connection attempt 1)
2022-12-15 13:22:48,785 INFO: Voice handshake complete. Endpoint found hongkong9989.discord.media
2022-12-15 13:22:52,591 INFO: ffmpeg process 1027 successfully terminated with return code of 0.
2022-12-15 13:22:54,796 INFO: ffmpeg process 1037 successfully terminated with return code of 0.
2022-12-15 13:22:55,838 INFO: The voice handshake is being terminated for Channel ID 728631391809437746 (Guild ID 428109526550708234)
2022-12-15 13:22:55,839 INFO: Disconnecting from voice normally, close code 1000.
2022-12-15 13:47:57,964 INFO: 神奇海螺 in 9又4分之8.7月台[123是什麼敷衍的名字]
2022-12-15 13:47:58,049 INFO: Connecting to voice...
2022-12-15 13:47:58,049 INFO: Starting voice handshake... (connection attempt 1)
2022-12-15 13:47:58,279 INFO: Voice handshake complete. Endpoint found hongkong9989.discord.media
2022-12-15 13:48:02,106 INFO: ffmpeg process 1083 successfully terminated with return code of 0.
2022-12-15 13:48:10,590 INFO: ffmpeg process 1093 successfully terminated with return code of 0.
2022-12-15 13:48:11,652 INFO: The voice handshake is being terminated for Channel ID 728631391809437746 (Guild ID 428109526550708234)
2022-12-15 13:48:11,653 INFO: Disconnecting from voice normally, close code 1000.
2022-12-15 13:58:35,780 INFO: KyrieR in 9又4分之8.7月台[123是什麼敷衍的名字]
2022-12-15 13:58:35,902 INFO: Connecting to voice...
2022-12-15 13:58:35,903 INFO: Starting voice handshake... (connection attempt 1)
2022-12-15 13:58:36,135 INFO: Voice handshake complete. Endpoint found hongkong9989.discord.media
2022-12-15 13:58:40,249 INFO: ffmpeg process 1137 successfully terminated with return code of 0.
2022-12-15 13:58:43,095 INFO: ffmpeg process 1147 successfully terminated with return code of 0.
2022-12-15 13:58:44,182 INFO: The voice handshake is being terminated for Channel ID 728631391809437746 (Guild ID 428109526550708234)
2022-12-15 13:58:44,184 INFO: Disconnecting from voice normally, close code 1000.
2022-12-15 14:08:17,316 INFO: 楓夜 in 9又4分之8.7月台[123是什麼敷衍的名字]
2022-12-15 14:08:17,438 INFO: Connecting to voice...
2022-12-15 14:08:17,438 INFO: Starting voice handshake... (connection attempt 1)
2022-12-15 14:08:17,677 INFO: Voice handshake complete. Endpoint found hongkong9989.discord.media
2022-12-15 14:08:21,036 INFO: ffmpeg process 1158 successfully terminated with return code of 0.
2022-12-15 14:08:23,638 INFO: ffmpeg process 1168 successfully terminated with return code of 0.
2022-12-15 14:08:24,685 INFO: The voice handshake is being terminated for Channel ID 728631391809437746 (Guild ID 428109526550708234)
2022-12-15 14:08:24,685 INFO: Disconnecting from voice normally, close code 1000.
2022-12-15 14:14:52,665 INFO: 楓夜 out 9又4分之8.7月台[123是什麼敷衍的名字]
2022-12-15 14:14:52,666 INFO: Connecting to voice...
2022-12-15 14:14:52,667 INFO: Starting voice handshake... (connection attempt 1)
2022-12-15 14:14:52,915 INFO: Voice handshake complete. Endpoint found hongkong9989.discord.media
2022-12-15 14:14:56,090 INFO: ffmpeg process 1197 successfully terminated with return code of 0.
2022-12-15 14:14:57,099 INFO: The voice handshake is being terminated for Channel ID 728631391809437746 (Guild ID 428109526550708234)
2022-12-15 14:14:57,100 INFO: Disconnecting from voice normally, close code 1000.
2022-12-15 14:27:36,511 INFO: logging in using static token
2022-12-15 14:27:36,938 INFO: Shard ID None has connected to Gateway (Session ID: 1fc59e64caea15686016bb34ff28f407).
2022-12-15 14:27:38,968 INFO: 目前登入身份：神奇海螺#3847
2022-12-15 16:31:45,762 INFO: Chi out 9又4分之8.7月台[123是什麼敷衍的名字]
2022-12-15 16:31:45,763 INFO: Connecting to voice...
2022-12-15 16:31:45,764 INFO: Starting voice handshake... (connection attempt 1)
2022-12-15 16:31:46,134 INFO: Voice handshake complete. Endpoint found hongkong9989.discord.media
2022-12-15 16:31:47,676 INFO: Fiven-chung out 9又4分之8.7月台[123是什麼敷衍的名字]
2022-12-15 16:31:49,086 INFO: ffmpeg process 328 successfully terminated with return code of 0.
2022-12-15 16:31:51,860 INFO: KyrieR out 9又4分之8.7月台[123是什麼敷衍的名字]
2022-12-15 16:31:52,063 INFO: ffmpeg process 339 successfully terminated with return code of 0.
2022-12-15 16:31:54,546 INFO: BunnyplayGG out 9又4分之8.7月台[123是什麼敷衍的名字]
2022-12-15 16:31:56,432 INFO: ffmpeg process 349 successfully terminated with return code of 0.
2022-12-15 16:31:59,303 INFO: ffmpeg process 359 successfully terminated with return code of 0.
2022-12-15 16:32:02,682 INFO: ffmpeg process 369 successfully terminated with return code of 0.
2022-12-15 16:32:03,740 INFO: The voice handshake is being terminated for Channel ID 728631391809437746 (Guild ID 428109526550708234)
2022-12-15 16:32:03,741 INFO: Disconnecting from voice normally, close code 1000.
2022-12-15 18:19:55,216 INFO: Shard ID None has successfully RESUMED session 1fc59e64caea15686016bb34ff28f407.
2022-12-15 19:22:44,214 INFO: Shard ID None has successfully RESUMED session 1fc59e64caea15686016bb34ff28f407.
2022-12-15 21:47:26,612 INFO: Shard ID None has successfully RESUMED session 1fc59e64caea15686016bb34ff28f407.
2022-12-15 22:16:05,576 INFO: Shard ID None has successfully RESUMED session 1fc59e64caea15686016bb34ff28f407.
2022-12-15 22:56:51,221 INFO: Shard ID None has successfully RESUMED session 1fc59e64caea15686016bb34ff28f407.
