2022-05-28 19:27:17,605 INFO: logging in using static token
2022-05-28 19:27:17,884 INFO: Shard ID None has sent the IDENTIFY payload.
2022-05-28 19:27:18,004 INFO: Shard ID None has connected to Gateway: ["gateway-prd-main-zrcc",{"micros":81843,"calls":["discord-sessions-green-prd-2-76",{"micros":81001,"calls":["start_session",{"micros":40536,"calls":["discord-api-b69489cd9-sfz64",{"micros":35839,"calls":["get_user",{"micros":7089},"add_authorized_ip",{"micros":1920},"get_guilds",{"micros":7338},"coros_wait",{"micros":1}]}]},"guilds_connect",{"micros":3,"calls":[]},"presence_connect",{"micros":2,"calls":[]}]}]}] (Session ID: 47f312fdd1044f43f17cd090abc1674f).
2022-05-28 19:27:20,092 INFO: 目前登入身份：神奇海螺#3847
2022-05-28 19:43:50,759 INFO: logging in using static token
2022-05-28 19:43:51,003 INFO: Shard ID None has sent the IDENTIFY payload.
2022-05-28 19:43:51,131 INFO: Shard ID None has connected to Gateway: ["gateway-prd-main-2sg1",{"micros":91055,"calls":["discord-sessions-green-prd-2-82",{"micros":88865,"calls":["start_session",{"micros":40604,"calls":["discord-api-b69489cd9-4jd9x",{"micros":34403,"calls":["get_user",{"micros":8852},"add_authorized_ip",{"micros":1838},"get_guilds",{"micros":4214},"coros_wait",{"micros":1}]}]},"guilds_connect",{"micros":26,"calls":[]},"presence_connect",{"micros":12927,"calls":[]}]}]}] (Session ID: 473125c4593e65ad0c017a86754bd2f7).
2022-05-28 19:43:53,211 INFO: 目前登入身份：神奇海螺#3847
2022-05-28 21:11:55,049 INFO: Got a request to RESUME the websocket.
2022-05-28 21:11:55,218 INFO: Shard ID None has sent the RESUME payload.
2022-05-28 21:11:55,269 INFO: Shard ID None has successfully RESUMED session 473125c4593e65ad0c017a86754bd2f7 under trace ["gateway-prd-main-l3f1",{"micros":1307,"calls":["discord-sessions-green-prd-2-82",{"micros":26}]}].
2022-05-28 23:04:40,178 INFO: Got a request to RESUME the websocket.
2022-05-28 23:04:40,342 INFO: Shard ID None has sent the RESUME payload.
2022-05-28 23:04:40,381 INFO: Shard ID None has successfully RESUMED session 473125c4593e65ad0c017a86754bd2f7 under trace ["gateway-prd-main-8k6c",{"micros":593,"calls":["discord-sessions-green-prd-2-82",{"micros":19}]}].
2022-05-29 02:47:23,634 INFO: Got a request to RESUME the websocket.
2022-05-29 02:47:23,790 INFO: Shard ID None has sent the RESUME payload.
2022-05-29 02:47:23,833 INFO: Shard ID None has successfully RESUMED session 473125c4593e65ad0c017a86754bd2f7 under trace ["gateway-prd-main-82kb",{"micros":913,"calls":["discord-sessions-green-prd-2-82",{"micros":19}]}].
2022-05-29 04:34:30,505 INFO: Got a request to RESUME the websocket.
2022-05-29 04:34:30,660 INFO: Shard ID None has sent the RESUME payload.
2022-05-29 04:34:30,705 INFO: Shard ID None has successfully RESUMED session 473125c4593e65ad0c017a86754bd2f7 under trace ["gateway-prd-main-qmnz",{"micros":9160,"calls":["discord-sessions-green-prd-2-82",{"micros":29}]}].
2022-05-29 05:34:54,056 INFO: logging in using static token
2022-05-29 05:34:54,327 INFO: Shard ID None has sent the IDENTIFY payload.
2022-05-29 05:34:54,495 INFO: Shard ID None has connected to Gateway: ["gateway-prd-main-mh3d",{"micros":128679,"calls":["discord-sessions-green-prd-2-86",{"micros":124638,"calls":["start_session",{"micros":104396,"calls":["discord-api-b69489cd9-2c9c8",{"micros":94167,"calls":["get_user",{"micros":7337},"add_authorized_ip",{"micros":6818},"get_guilds",{"micros":14342},"coros_wait",{"micros":3}]}]},"guilds_connect",{"micros":3,"calls":[]},"presence_connect",{"micros":3,"calls":[]}]}]}] (Session ID: 41434e34b732c9192e2456c26587d55b).
2022-05-29 05:34:56,543 INFO: 目前登入身份：神奇海螺#3847
2022-05-29 07:28:12,788 INFO: Got a request to RESUME the websocket.
2022-05-29 07:28:12,939 INFO: Shard ID None has sent the RESUME payload.
2022-05-29 07:28:12,980 INFO: Shard ID None has successfully RESUMED session 41434e34b732c9192e2456c26587d55b under trace ["gateway-prd-main-ptx3",{"micros":546,"calls":["discord-sessions-green-prd-2-86",{"micros":21}]}].
2022-05-29 10:40:32,867 INFO: Got a request to RESUME the websocket.
2022-05-29 10:40:33,024 INFO: Shard ID None has sent the RESUME payload.
2022-05-29 10:40:33,063 INFO: Shard ID None has successfully RESUMED session 41434e34b732c9192e2456c26587d55b under trace ["gateway-prd-main-7n0v",{"micros":652,"calls":["discord-sessions-green-prd-2-86",{"micros":17}]}].
2022-05-29 11:38:35,867 INFO: wawa的n in 9又4分之8.7月台[123是什麼敷衍的名字]
2022-05-29 11:38:35,947 INFO: Connecting to voice...
2022-05-29 11:38:35,947 INFO: Starting voice handshake... (connection attempt 1)
2022-05-29 11:38:36,648 INFO: Voice handshake complete. Endpoint found hongkong4630.discord.media
2022-05-29 11:38:36,838 ERROR: Exception occurred during Voice Protocol voice server update handler
Traceback (most recent call last):
  File "/opt/virtualenvs/python3/lib/python3.8/site-packages/discord/state.py", line 102, in logging_coroutine
    await coroutine
  File "/opt/virtualenvs/python3/lib/python3.8/site-packages/discord/voice_client.py", line 295, in on_voice_server_update
    await self.ws.close(4000)
AttributeError: 'NoneType' object has no attribute 'close'
2022-05-29 11:38:37,943 INFO: selected the voice protocol for use (xsalsa20_poly1305_lite)
2022-05-29 11:38:38,165 INFO: received secret key for voice connection
2022-05-29 11:38:40,331 INFO: Preparing to terminate ffmpeg process 1092.
2022-05-29 11:38:40,331 INFO: ffmpeg process 1092 successfully terminated with return code of 0.
2022-05-29 11:38:43,235 INFO: Preparing to terminate ffmpeg process 1103.
2022-05-29 11:38:43,235 INFO: ffmpeg process 1103 successfully terminated with return code of 0.
2022-05-29 11:38:44,324 INFO: The voice handshake is being terminated for Channel ID 728631391809437746 (Guild ID 428109526550708234)
2022-05-29 11:38:44,325 INFO: Disconnecting from voice normally, close code 1000.
2022-05-29 11:48:42,495 INFO: wawa的n out 9又4分之8.7月台[123是什麼敷衍的名字]
2022-05-29 11:48:42,495 INFO: Connecting to voice...
2022-05-29 11:48:42,495 INFO: Starting voice handshake... (connection attempt 1)
2022-05-29 11:48:42,680 INFO: Voice handshake complete. Endpoint found us-central5518.discord.media
2022-05-29 11:48:42,799 INFO: selected the voice protocol for use (xsalsa20_poly1305_lite)
2022-05-29 11:48:42,814 INFO: received secret key for voice connection
2022-05-29 11:48:44,802 INFO: Preparing to terminate ffmpeg process 1177.
2022-05-29 11:48:44,803 INFO: ffmpeg process 1177 successfully terminated with return code of 0.
2022-05-29 11:48:45,829 INFO: The voice handshake is being terminated for Channel ID 728631391809437746 (Guild ID 428109526550708234)
2022-05-29 11:48:45,830 INFO: Disconnecting from voice normally, close code 1000.
2022-05-29 11:48:57,438 INFO: 神奇海螺 in 9又4分之8.7月台[123是什麼敷衍的名字]
2022-05-29 11:48:57,449 INFO: Connecting to voice...
2022-05-29 11:48:57,449 INFO: Starting voice handshake... (connection attempt 1)
2022-05-29 11:48:58,222 INFO: Voice handshake complete. Endpoint found hongkong8626.discord.media
2022-05-29 11:48:58,408 ERROR: Exception occurred during Voice Protocol voice server update handler
Traceback (most recent call last):
  File "/opt/virtualenvs/python3/lib/python3.8/site-packages/discord/state.py", line 102, in logging_coroutine
    await coroutine
  File "/opt/virtualenvs/python3/lib/python3.8/site-packages/discord/voice_client.py", line 295, in on_voice_server_update
    await self.ws.close(4000)
AttributeError: 'NoneType' object has no attribute 'close'
2022-05-29 11:48:59,521 INFO: selected the voice protocol for use (xsalsa20_poly1305_lite)
2022-05-29 11:48:59,739 INFO: received secret key for voice connection
2022-05-29 11:49:02,615 INFO: Preparing to terminate ffmpeg process 1188.
2022-05-29 11:49:02,616 INFO: ffmpeg process 1188 successfully terminated with return code of 0.
2022-05-29 11:49:05,334 INFO: Preparing to terminate ffmpeg process 1198.
2022-05-29 11:49:05,335 INFO: ffmpeg process 1198 successfully terminated with return code of 0.
2022-05-29 11:49:06,380 INFO: The voice handshake is being terminated for Channel ID 728631391809437746 (Guild ID 428109526550708234)
2022-05-29 11:49:06,381 INFO: Disconnecting from voice normally, close code 1000.
2022-05-29 11:52:41,329 INFO: 不偷家的飄飄大仙 in 9又4分之8.7月台[123是什麼敷衍的名字]
2022-05-29 11:52:41,352 INFO: Connecting to voice...
2022-05-29 11:52:41,352 INFO: Starting voice handshake... (connection attempt 1)
2022-05-29 11:52:42,298 INFO: Voice handshake complete. Endpoint found hongkong8626.discord.media
2022-05-29 11:52:43,587 INFO: selected the voice protocol for use (xsalsa20_poly1305_lite)
2022-05-29 11:52:43,801 INFO: received secret key for voice connection
2022-05-29 11:52:46,868 INFO: Preparing to terminate ffmpeg process 1209.
2022-05-29 11:52:46,869 INFO: ffmpeg process 1209 successfully terminated with return code of 0.
2022-05-29 11:52:48,392 INFO: Preparing to terminate ffmpeg process 1219.
2022-05-29 11:52:48,393 INFO: ffmpeg process 1219 successfully terminated with return code of 0.
2022-05-29 11:52:49,935 INFO: The voice handshake is being terminated for Channel ID 728631391809437746 (Guild ID 428109526550708234)
2022-05-29 11:52:49,936 INFO: Disconnecting from voice normally, close code 1000.
2022-05-29 12:02:11,100 INFO: wawa的n in 9又4分之8.7月台[123是什麼敷衍的名字]
2022-05-29 12:02:11,110 INFO: Connecting to voice...
2022-05-29 12:02:11,110 INFO: Starting voice handshake... (connection attempt 1)
2022-05-29 12:02:12,048 INFO: Voice handshake complete. Endpoint found hongkong8626.discord.media
2022-05-29 12:02:13,308 INFO: selected the voice protocol for use (xsalsa20_poly1305_lite)
2022-05-29 12:02:13,520 INFO: received secret key for voice connection
2022-05-29 12:02:16,189 INFO: Preparing to terminate ffmpeg process 1261.
2022-05-29 12:02:16,190 INFO: ffmpeg process 1261 successfully terminated with return code of 0.
2022-05-29 12:02:18,407 INFO: Preparing to terminate ffmpeg process 1271.
2022-05-29 12:02:18,408 INFO: ffmpeg process 1271 successfully terminated with return code of 0.
2022-05-29 12:02:19,450 INFO: The voice handshake is being terminated for Channel ID 728631391809437746 (Guild ID 428109526550708234)
2022-05-29 12:02:19,451 INFO: Disconnecting from voice normally, close code 1000.
2022-05-29 12:34:56,676 INFO: Got a request to RESUME the websocket.
2022-05-29 12:34:56,840 INFO: Shard ID None has sent the RESUME payload.
2022-05-29 12:34:56,881 INFO: Shard ID None has successfully RESUMED session 41434e34b732c9192e2456c26587d55b under trace ["gateway-prd-main-mtnc",{"micros":545,"calls":["discord-sessions-green-prd-2-86",{"micros":23}]}].
2022-05-29 12:44:59,747 INFO: wawa的n out 9又4分之8.7月台[123是什麼敷衍的名字]
2022-05-29 12:44:59,748 INFO: Connecting to voice...
2022-05-29 12:44:59,748 INFO: Starting voice handshake... (connection attempt 1)
2022-05-29 12:45:00,088 INFO: Voice handshake complete. Endpoint found hongkong8626.discord.media
2022-05-29 12:45:01,376 INFO: selected the voice protocol for use (xsalsa20_poly1305_lite)
2022-05-29 12:45:01,594 INFO: received secret key for voice connection
2022-05-29 12:45:03,581 INFO: Preparing to terminate ffmpeg process 1375.
2022-05-29 12:45:03,582 INFO: ffmpeg process 1375 successfully terminated with return code of 0.
2022-05-29 12:45:04,610 INFO: The voice handshake is being terminated for Channel ID 728631391809437746 (Guild ID 428109526550708234)
2022-05-29 12:45:04,610 INFO: Disconnecting from voice normally, close code 1000.
2022-05-29 12:55:44,573 INFO: Got a request to RESUME the websocket.
2022-05-29 12:55:44,731 INFO: Shard ID None has sent the RESUME payload.
2022-05-29 12:55:44,772 INFO: Shard ID None has successfully RESUMED session 41434e34b732c9192e2456c26587d55b under trace ["gateway-prd-main-pb9f",{"micros":1803,"calls":["discord-sessions-green-prd-2-86",{"micros":18}]}].
2022-05-29 13:20:39,510 INFO: SparkleZ in 9又4分之8.7月台[123是什麼敷衍的名字]
2022-05-29 13:20:39,547 INFO: Connecting to voice...
2022-05-29 13:20:39,547 INFO: Starting voice handshake... (connection attempt 1)
2022-05-29 13:20:39,867 INFO: Voice handshake complete. Endpoint found hongkong8626.discord.media
2022-05-29 13:20:41,127 INFO: selected the voice protocol for use (xsalsa20_poly1305_lite)
2022-05-29 13:20:41,342 INFO: received secret key for voice connection
2022-05-29 13:20:43,330 INFO: Preparing to terminate ffmpeg process 1479.
2022-05-29 13:20:43,331 INFO: ffmpeg process 1479 successfully terminated with return code of 0.
2022-05-29 13:20:46,028 INFO: Preparing to terminate ffmpeg process 1489.
2022-05-29 13:20:46,028 INFO: ffmpeg process 1489 successfully terminated with return code of 0.
2022-05-29 13:20:47,073 INFO: The voice handshake is being terminated for Channel ID 728631391809437746 (Guild ID 428109526550708234)
2022-05-29 13:20:47,073 INFO: Disconnecting from voice normally, close code 1000.
2022-05-29 14:15:13,220 INFO: BunnyplayGG in 9又4分之8.7月台[123是什麼敷衍的名字]
2022-05-29 14:15:13,251 INFO: Connecting to voice...
2022-05-29 14:15:13,252 INFO: Starting voice handshake... (connection attempt 1)
2022-05-29 14:15:13,571 INFO: Voice handshake complete. Endpoint found hongkong8626.discord.media
2022-05-29 14:15:14,830 INFO: selected the voice protocol for use (xsalsa20_poly1305_lite)
2022-05-29 14:15:15,044 INFO: received secret key for voice connection
2022-05-29 14:15:16,911 INFO: Preparing to terminate ffmpeg process 1653.
2022-05-29 14:15:16,912 INFO: ffmpeg process 1653 successfully terminated with return code of 0.
2022-05-29 14:15:18,925 INFO: Preparing to terminate ffmpeg process 1663.
2022-05-29 14:15:18,926 INFO: ffmpeg process 1663 successfully terminated with return code of 0.
2022-05-29 14:15:19,969 INFO: The voice handshake is being terminated for Channel ID 728631391809437746 (Guild ID 428109526550708234)
2022-05-29 14:15:19,970 INFO: Disconnecting from voice normally, close code 1000.
2022-05-29 14:15:52,840 INFO: KyrieR in 9又4分之8.7月台[123是什麼敷衍的名字]
2022-05-29 14:15:52,874 INFO: Connecting to voice...
2022-05-29 14:15:52,874 INFO: Starting voice handshake... (connection attempt 1)
2022-05-29 14:15:53,216 INFO: Voice handshake complete. Endpoint found hongkong8626.discord.media
2022-05-29 14:15:54,477 INFO: selected the voice protocol for use (xsalsa20_poly1305_lite)
2022-05-29 14:15:54,688 INFO: received secret key for voice connection
2022-05-29 14:15:57,296 INFO: Preparing to terminate ffmpeg process 1674.
2022-05-29 14:15:57,297 INFO: ffmpeg process 1674 successfully terminated with return code of 0.
2022-05-29 14:15:59,975 INFO: Preparing to terminate ffmpeg process 1684.
2022-05-29 14:15:59,976 INFO: ffmpeg process 1684 successfully terminated with return code of 0.
2022-05-29 14:16:01,025 INFO: The voice handshake is being terminated for Channel ID 728631391809437746 (Guild ID 428109526550708234)
2022-05-29 14:16:01,025 INFO: Disconnecting from voice normally, close code 1000.
2022-05-29 15:49:34,403 INFO: Got a request to RESUME the websocket.
2022-05-29 15:49:34,561 INFO: Shard ID None has sent the RESUME payload.
2022-05-29 15:49:34,607 INFO: Shard ID None has successfully RESUMED session 41434e34b732c9192e2456c26587d55b under trace ["gateway-prd-main-3q0l",{"micros":883,"calls":["discord-sessions-green-prd-2-86",{"micros":22}]}].
2022-05-29 15:55:51,686 INFO: BunnyplayGG out 9又4分之8.7月台[123是什麼敷衍的名字]
2022-05-29 15:55:51,686 INFO: Connecting to voice...
2022-05-29 15:55:51,686 INFO: Starting voice handshake... (connection attempt 1)
2022-05-29 15:55:52,634 INFO: Voice handshake complete. Endpoint found hongkong8626.discord.media
2022-05-29 15:55:53,876 INFO: selected the voice protocol for use (xsalsa20_poly1305_lite)
2022-05-29 15:55:54,087 INFO: received secret key for voice connection
2022-05-29 15:55:56,453 INFO: Preparing to terminate ffmpeg process 1942.
2022-05-29 15:55:56,454 INFO: ffmpeg process 1942 successfully terminated with return code of 0.
2022-05-29 15:55:57,511 INFO: The voice handshake is being terminated for Channel ID 728631391809437746 (Guild ID 428109526550708234)
2022-05-29 15:55:57,512 INFO: Disconnecting from voice normally, close code 1000.
2022-05-29 15:55:58,514 INFO: SparkleZ out 9又4分之8.7月台[123是什麼敷衍的名字]
2022-05-29 15:55:58,516 INFO: Connecting to voice...
2022-05-29 15:55:58,516 INFO: Starting voice handshake... (connection attempt 1)
2022-05-29 15:55:58,866 INFO: Voice handshake complete. Endpoint found hongkong8626.discord.media
2022-05-29 15:56:00,118 INFO: selected the voice protocol for use (xsalsa20_poly1305_lite)
2022-05-29 15:56:00,339 INFO: received secret key for voice connection
2022-05-29 15:56:02,325 INFO: Preparing to terminate ffmpeg process 1953.
2022-05-29 15:56:02,326 INFO: ffmpeg process 1953 successfully terminated with return code of 0.
2022-05-29 15:56:03,353 INFO: The voice handshake is being terminated for Channel ID 728631391809437746 (Guild ID 428109526550708234)
2022-05-29 15:56:03,353 INFO: Disconnecting from voice normally, close code 1000.
2022-05-29 15:57:51,388 INFO: 不偷家的飄飄大仙 out 9又4分之8.7月台[123是什麼敷衍的名字]
2022-05-29 15:57:51,389 INFO: Connecting to voice...
2022-05-29 15:57:51,389 INFO: Starting voice handshake... (connection attempt 1)
2022-05-29 15:57:51,781 INFO: Voice handshake complete. Endpoint found hongkong8626.discord.media
2022-05-29 15:57:53,040 INFO: selected the voice protocol for use (xsalsa20_poly1305_lite)
2022-05-29 15:57:53,250 INFO: received secret key for voice connection
2022-05-29 15:57:56,138 INFO: Preparing to terminate ffmpeg process 1964.
2022-05-29 15:57:56,139 INFO: ffmpeg process 1964 successfully terminated with return code of 0.
2022-05-29 15:57:57,176 INFO: The voice handshake is being terminated for Channel ID 728631391809437746 (Guild ID 428109526550708234)
2022-05-29 15:57:57,177 INFO: Disconnecting from voice normally, close code 1000.
2022-05-29 16:13:40,492 INFO: KyrieR out 9又4分之8.7月台[123是什麼敷衍的名字]
2022-05-29 16:13:40,492 INFO: Connecting to voice...
2022-05-29 16:13:40,492 INFO: Starting voice handshake... (connection attempt 1)
2022-05-29 16:13:41,417 INFO: Voice handshake complete. Endpoint found hongkong8626.discord.media
2022-05-29 16:13:42,703 INFO: selected the voice protocol for use (xsalsa20_poly1305_lite)
2022-05-29 16:13:42,928 INFO: received secret key for voice connection
2022-05-29 16:13:44,739 INFO: Preparing to terminate ffmpeg process 2036.
2022-05-29 16:13:44,740 INFO: ffmpeg process 2036 successfully terminated with return code of 0.
2022-05-29 16:13:45,745 INFO: The voice handshake is being terminated for Channel ID 728631391809437746 (Guild ID 428109526550708234)
2022-05-29 16:13:45,745 INFO: Disconnecting from voice normally, close code 1000.
2022-05-29 17:20:26,796 INFO: Got a request to RESUME the websocket.
2022-05-29 17:20:26,956 INFO: Shard ID None has sent the RESUME payload.
2022-05-29 17:20:27,003 INFO: Shard ID None has successfully RESUMED session 41434e34b732c9192e2456c26587d55b under trace ["gateway-prd-main-30zx",{"micros":6389,"calls":["discord-sessions-green-prd-2-86",{"micros":32}]}].
2022-05-29 17:37:22,057 INFO: Got a request to RESUME the websocket.
2022-05-29 17:37:22,239 INFO: Shard ID None has sent the RESUME payload.
2022-05-29 17:37:22,283 INFO: Shard ID None has successfully RESUMED session 41434e34b732c9192e2456c26587d55b under trace ["gateway-prd-main-9qb6",{"micros":6373,"calls":["discord-sessions-green-prd-2-86",{"micros":43}]}].
2022-05-29 18:31:59,825 INFO: Got a request to RESUME the websocket.
2022-05-29 18:31:59,989 INFO: Shard ID None has sent the RESUME payload.
2022-05-29 18:32:00,037 INFO: Shard ID None has successfully RESUMED session 41434e34b732c9192e2456c26587d55b under trace ["gateway-prd-main-2ml4",{"micros":10722,"calls":["discord-sessions-green-prd-2-86",{"micros":25}]}].
