2022-08-09 08:01:32,134 INFO: logging in using static token
2022-08-09 08:01:32,406 INFO: Shard ID None has sent the IDENTIFY payload.
2022-08-09 08:01:32,502 INFO: Shard ID None has connected to Gateway: ["gateway-prd-main-wdrz",{"micros":58666,"calls":["discord-sessions-green-prd-2-114",{"micros":57890,"calls":["start_session",{"micros":48535,"calls":["discord-api-75fddffb87-m65wc",{"micros":43606,"calls":["get_user",{"micros":7803},"add_authorized_ip",{"micros":2724},"get_guilds",{"micros":7493},"private_channels",{"micros":4},"read_states",{"micros":2},"user_guild_settings",{"micros":1},"pending_payments",{"micros":2},"coros_wait",{"micros":0}]}]},"guilds_connect",{"micros":2,"calls":[]},"presence_connect",{"micros":7622,"calls":[]}]}]}] (Session ID: 878b780f944c7d51f0271fb7cb9cb25f).
2022-08-09 08:01:34,532 INFO: 目前登入身份：神奇海螺#3847
2022-08-09 08:44:09,965 INFO: Websocket closed with 1006, attempting a reconnect.
2022-08-09 08:44:09,966 INFO: Got a request to RESUME the websocket.
2022-08-09 08:44:10,121 INFO: Shard ID None has sent the RESUME payload.
2022-08-09 08:44:10,159 INFO: Shard ID None has successfully RESUMED session 878b780f944c7d51f0271fb7cb9cb25f under trace ["gateway-prd-main-n581",{"micros":648,"calls":["discord-sessions-green-prd-2-114",{"micros":14}]}].
2022-08-09 08:50:21,404 INFO: Websocket closed with 1006, attempting a reconnect.
2022-08-09 08:50:21,404 INFO: Got a request to RESUME the websocket.
2022-08-09 08:50:21,675 INFO: Shard ID None has sent the RESUME payload.
2022-08-09 08:50:21,736 INFO: Shard ID None has successfully RESUMED session 878b780f944c7d51f0271fb7cb9cb25f under trace ["gateway-prd-main-0mdg",{"micros":628,"calls":["discord-sessions-green-prd-2-114",{"micros":18}]}].
2022-08-09 10:12:51,788 INFO: Websocket closed with 1006, attempting a reconnect.
2022-08-09 10:12:51,788 INFO: Got a request to RESUME the websocket.
2022-08-09 10:12:51,952 INFO: Shard ID None has sent the RESUME payload.
2022-08-09 10:12:51,995 INFO: Shard ID None has successfully RESUMED session 878b780f944c7d51f0271fb7cb9cb25f under trace ["gateway-prd-main-bg0v",{"micros":3908,"calls":["discord-sessions-green-prd-2-114",{"micros":21}]}].
2022-08-09 10:16:59,482 INFO: Websocket closed with 1006, attempting a reconnect.
2022-08-09 10:16:59,482 INFO: Got a request to RESUME the websocket.
2022-08-09 10:16:59,634 INFO: Shard ID None has sent the RESUME payload.
2022-08-09 10:16:59,671 INFO: Shard ID None has successfully RESUMED session 878b780f944c7d51f0271fb7cb9cb25f under trace ["gateway-prd-main-3ls9",{"micros":556,"calls":["discord-sessions-green-prd-2-114",{"micros":22}]}].
2022-08-09 10:38:59,677 INFO: Websocket closed with 1006, attempting a reconnect.
2022-08-09 10:38:59,677 INFO: Got a request to RESUME the websocket.
2022-08-09 10:38:59,877 INFO: Shard ID None has sent the RESUME payload.
2022-08-09 10:38:59,930 INFO: Shard ID None has successfully RESUMED session 878b780f944c7d51f0271fb7cb9cb25f under trace ["gateway-prd-main-jxjx",{"micros":630,"calls":["discord-sessions-green-prd-2-114",{"micros":20}]}].
2022-08-09 11:31:56,207 INFO: Websocket closed with 1006, attempting a reconnect.
2022-08-09 11:31:56,207 INFO: Got a request to RESUME the websocket.
2022-08-09 11:31:56,370 INFO: Shard ID None has sent the RESUME payload.
2022-08-09 11:31:56,415 INFO: Shard ID None has successfully RESUMED session 878b780f944c7d51f0271fb7cb9cb25f under trace ["gateway-prd-main-h5dp",{"micros":668,"calls":["discord-sessions-green-prd-2-114",{"micros":28}]}].
2022-08-09 11:57:27,691 INFO: Got a request to RESUME the websocket.
2022-08-09 11:57:27,890 INFO: Shard ID None has sent the RESUME payload.
2022-08-09 11:57:27,930 INFO: Shard ID None has successfully RESUMED session 878b780f944c7d51f0271fb7cb9cb25f under trace ["gateway-prd-main-s0gl",{"micros":597,"calls":["discord-sessions-green-prd-2-114",{"micros":19}]}].
2022-08-09 13:56:48,269 INFO: BunnyplayGG in 9又4分之8.7月台[123是什麼敷衍的名字]
2022-08-09 13:56:48,345 INFO: Connecting to voice...
2022-08-09 13:56:48,345 INFO: Starting voice handshake... (connection attempt 1)
2022-08-09 13:56:49,048 INFO: Voice handshake complete. Endpoint found hongkong4978.discord.media
2022-08-09 13:56:49,253 ERROR: Exception occurred during Voice Protocol voice server update handler
Traceback (most recent call last):
  File "/opt/virtualenvs/python3/lib/python3.8/site-packages/discord/state.py", line 102, in logging_coroutine
    await coroutine
  File "/opt/virtualenvs/python3/lib/python3.8/site-packages/discord/voice_client.py", line 295, in on_voice_server_update
    await self.ws.close(4000)
AttributeError: 'NoneType' object has no attribute 'close'
2022-08-09 13:56:50,135 INFO: selected the voice protocol for use (xsalsa20_poly1305_lite)
2022-08-09 13:56:50,354 INFO: received secret key for voice connection
2022-08-09 13:56:52,241 INFO: Preparing to terminate ffmpeg process 653.
2022-08-09 13:56:52,242 INFO: ffmpeg process 653 successfully terminated with return code of 0.
2022-08-09 13:56:55,114 INFO: Preparing to terminate ffmpeg process 664.
2022-08-09 13:56:55,115 INFO: ffmpeg process 664 successfully terminated with return code of 0.
2022-08-09 13:56:56,203 INFO: The voice handshake is being terminated for Channel ID 728631391809437746 (Guild ID 428109526550708234)
2022-08-09 13:56:56,204 INFO: Disconnecting from voice normally, close code 1000.
2022-08-09 13:57:53,297 INFO: Chi in 9又4分之8.7月台[123是什麼敷衍的名字]
2022-08-09 13:57:53,345 INFO: Connecting to voice...
2022-08-09 13:57:53,346 INFO: Starting voice handshake... (connection attempt 1)
2022-08-09 13:57:53,661 INFO: Voice handshake complete. Endpoint found hongkong4978.discord.media
2022-08-09 13:57:54,777 INFO: selected the voice protocol for use (xsalsa20_poly1305_lite)
2022-08-09 13:57:55,002 INFO: received secret key for voice connection
2022-08-09 13:57:57,190 INFO: Preparing to terminate ffmpeg process 675.
2022-08-09 13:57:57,191 INFO: ffmpeg process 675 successfully terminated with return code of 0.
2022-08-09 13:57:59,773 INFO: Preparing to terminate ffmpeg process 685.
2022-08-09 13:57:59,774 INFO: ffmpeg process 685 successfully terminated with return code of 0.
2022-08-09 13:58:00,845 INFO: The voice handshake is being terminated for Channel ID 728631391809437746 (Guild ID 428109526550708234)
2022-08-09 13:58:00,846 INFO: Disconnecting from voice normally, close code 1000.
2022-08-09 14:08:21,112 INFO: Websocket closed with 1006, attempting a reconnect.
2022-08-09 14:08:21,112 INFO: Got a request to RESUME the websocket.
2022-08-09 14:08:21,293 INFO: Shard ID None has sent the RESUME payload.
2022-08-09 14:08:21,373 INFO: Shard ID None has successfully RESUMED session 878b780f944c7d51f0271fb7cb9cb25f under trace ["gateway-prd-main-zszf",{"micros":30629,"calls":["discord-sessions-green-prd-2-114",{"micros":51}]}].
2022-08-09 14:14:34,835 INFO: 不偷家的飄飄大仙 in 9又4分之8.7月台[123是什麼敷衍的名字]
2022-08-09 14:14:34,845 INFO: Connecting to voice...
2022-08-09 14:14:34,845 INFO: Starting voice handshake... (connection attempt 1)
2022-08-09 14:14:35,202 INFO: Voice handshake complete. Endpoint found hongkong4978.discord.media
2022-08-09 14:14:36,301 INFO: selected the voice protocol for use (xsalsa20_poly1305_lite)
2022-08-09 14:14:36,516 INFO: received secret key for voice connection
2022-08-09 14:14:39,583 INFO: Preparing to terminate ffmpeg process 748.
2022-08-09 14:14:39,583 INFO: ffmpeg process 748 successfully terminated with return code of 0.
2022-08-09 14:14:42,483 INFO: Preparing to terminate ffmpeg process 758.
2022-08-09 14:14:42,486 INFO: ffmpeg process 758 successfully terminated with return code of 0.
2022-08-09 14:14:43,568 INFO: The voice handshake is being terminated for Channel ID 728631391809437746 (Guild ID 428109526550708234)
2022-08-09 14:14:43,569 INFO: Disconnecting from voice normally, close code 1000.
2022-08-09 14:28:33,476 INFO: Fiven-chung in 9又4分之8.7月台[123是什麼敷衍的名字]
2022-08-09 14:28:33,537 INFO: Connecting to voice...
2022-08-09 14:28:33,537 INFO: Starting voice handshake... (connection attempt 1)
2022-08-09 14:28:34,409 INFO: Voice handshake complete. Endpoint found hongkong4978.discord.media
2022-08-09 14:28:35,494 INFO: selected the voice protocol for use (xsalsa20_poly1305_lite)
2022-08-09 14:28:35,710 INFO: received secret key for voice connection
2022-08-09 14:28:37,581 INFO: Preparing to terminate ffmpeg process 769.
2022-08-09 14:28:37,582 INFO: ffmpeg process 769 successfully terminated with return code of 0.
2022-08-09 14:28:40,613 INFO: Preparing to terminate ffmpeg process 779.
2022-08-09 14:28:40,615 INFO: ffmpeg process 779 successfully terminated with return code of 0.
2022-08-09 14:28:41,649 INFO: The voice handshake is being terminated for Channel ID 728631391809437746 (Guild ID 428109526550708234)
2022-08-09 14:28:41,650 INFO: Disconnecting from voice normally, close code 1000.
2022-08-09 14:40:16,526 INFO: Got a request to RESUME the websocket.
2022-08-09 14:40:16,706 INFO: Shard ID None has sent the RESUME payload.
2022-08-09 14:40:16,764 INFO: Shard ID None has successfully RESUMED session 878b780f944c7d51f0271fb7cb9cb25f under trace ["gateway-prd-main-x8bk",{"micros":5496,"calls":["discord-sessions-green-prd-2-114",{"micros":41}]}].
2022-08-09 15:38:28,330 INFO: Got a request to RESUME the websocket.
2022-08-09 15:38:28,512 INFO: Shard ID None has sent the RESUME payload.
2022-08-09 15:38:28,564 INFO: Shard ID None has successfully RESUMED session 878b780f944c7d51f0271fb7cb9cb25f under trace ["gateway-prd-main-dxkq",{"micros":620,"calls":["discord-sessions-green-prd-2-114",{"micros":30}]}].
2022-08-09 16:22:20,367 INFO: BunnyplayGG out 9又4分之8.7月台[123是什麼敷衍的名字]
2022-08-09 16:22:20,368 INFO: Connecting to voice...
2022-08-09 16:22:20,368 INFO: Starting voice handshake... (connection attempt 1)
2022-08-09 16:22:21,338 INFO: Voice handshake complete. Endpoint found hongkong4978.discord.media
2022-08-09 16:22:22,439 INFO: selected the voice protocol for use (xsalsa20_poly1305_lite)
2022-08-09 16:22:22,652 INFO: received secret key for voice connection
2022-08-09 16:22:25,021 INFO: Preparing to terminate ffmpeg process 969.
2022-08-09 16:22:25,022 INFO: ffmpeg process 969 successfully terminated with return code of 0.
2022-08-09 16:22:26,071 INFO: The voice handshake is being terminated for Channel ID 728631391809437746 (Guild ID 428109526550708234)
2022-08-09 16:22:26,072 INFO: Disconnecting from voice normally, close code 1000.
2022-08-09 16:22:27,066 INFO: Chi out 9又4分之8.7月台[123是什麼敷衍的名字]
2022-08-09 16:22:27,067 INFO: Connecting to voice...
2022-08-09 16:22:27,067 INFO: Starting voice handshake... (connection attempt 1)
2022-08-09 16:22:27,448 INFO: Voice handshake complete. Endpoint found hongkong4978.discord.media
2022-08-09 16:22:28,047 INFO: Fiven-chung out 9又4分之8.7月台[123是什麼敷衍的名字]
2022-08-09 16:22:28,506 INFO: selected the voice protocol for use (xsalsa20_poly1305_lite)
2022-08-09 16:22:28,728 INFO: received secret key for voice connection
2022-08-09 16:22:30,322 INFO: Preparing to terminate ffmpeg process 980.
2022-08-09 16:22:30,323 INFO: ffmpeg process 980 successfully terminated with return code of 0.
2022-08-09 16:22:33,300 INFO: Preparing to terminate ffmpeg process 990.
2022-08-09 16:22:33,300 INFO: ffmpeg process 990 successfully terminated with return code of 0.
2022-08-09 16:22:34,392 INFO: The voice handshake is being terminated for Channel ID 728631391809437746 (Guild ID 428109526550708234)
2022-08-09 16:22:34,393 INFO: Disconnecting from voice normally, close code 1000.
2022-08-09 16:24:14,344 INFO: 不偷家的飄飄大仙 out 9又4分之8.7月台[123是什麼敷衍的名字]
2022-08-09 16:24:14,345 INFO: Connecting to voice...
2022-08-09 16:24:14,345 INFO: Starting voice handshake... (connection attempt 1)
2022-08-09 16:24:14,503 INFO: Voice handshake complete. Endpoint found us-central6064.discord.media
2022-08-09 16:24:14,634 INFO: selected the voice protocol for use (xsalsa20_poly1305_lite)
2022-08-09 16:24:14,650 INFO: received secret key for voice connection
2022-08-09 16:24:17,543 INFO: Preparing to terminate ffmpeg process 1001.
2022-08-09 16:24:17,544 INFO: ffmpeg process 1001 successfully terminated with return code of 0.
2022-08-09 16:24:18,576 INFO: The voice handshake is being terminated for Channel ID 728631391809437746 (Guild ID 428109526550708234)
2022-08-09 16:24:18,577 INFO: Disconnecting from voice normally, close code 1000.
2022-08-09 16:38:16,320 INFO: Got a request to RESUME the websocket.
2022-08-09 16:38:16,497 INFO: Shard ID None has sent the RESUME payload.
2022-08-09 16:38:16,539 INFO: Shard ID None has successfully RESUMED session 878b780f944c7d51f0271fb7cb9cb25f under trace ["gateway-prd-main-0g77",{"micros":592,"calls":["discord-sessions-green-prd-2-114",{"micros":25}]}].
