2022-10-07 17:52:30,533 INFO: logging in using static token
2022-10-07 17:52:30,877 INFO: Shard ID None has sent the IDENTIFY payload.
2022-10-07 17:52:31,045 INFO: Shard ID None has connected to Gateway: ["gateway-prd-us-east1-c-n5bh",{"micros":89600,"calls":["id_created",{"micros":1084,"calls":[]},"session_lookup_time",{"micros":390,"calls":[]},"session_lookup_finished",{"micros":15,"calls":[]},"discord-sessions-green-prd-2-60",{"micros":87161,"calls":["start_session",{"micros":61396,"calls":["discord-api-649476d54b-96kcn",{"micros":56134,"calls":["get_user",{"micros":25028},"get_guilds",{"micros":4746},"send_scheduled_deletion_message",{"micros":12},"guild_join_requests",{"micros":2},"authorized_ip_coro",{"micros":13}]}]},"starting_guild_connect",{"micros":44,"calls":[]},"presence_started",{"micros":20128,"calls":[]},"guilds_started",{"micros":157,"calls":[]},"guilds_connect",{"micros":2,"calls":[]},"presence_connect",{"micros":5377,"calls":[]},"connect_finished",{"micros":5383,"calls":[]},"build_ready",{"micros":48,"calls":[]},"optimize_ready",{"micros":1,"calls":[]},"split_ready",{"micros":1,"calls":[]},"clean_ready",{"micros":1,"calls":[]}]}]}] (Session ID: ce20f897f9f85f43ca918e77bfe8bbf6).
2022-10-07 17:52:33,096 INFO: 目前登入身份：神奇海螺#3847
2022-10-07 21:49:13,987 INFO: Got a request to RESUME the websocket.
2022-10-07 21:49:14,164 INFO: Shard ID None has sent the RESUME payload.
2022-10-07 21:49:14,250 INFO: Shard ID None has successfully RESUMED session ce20f897f9f85f43ca918e77bfe8bbf6 under trace ["gateway-prd-us-east1-c-jswg",{"micros":518,"calls":["id_created",{"micros":0,"calls":[]},"session_lookup_time",{"micros":234,"calls":[]},"session_lookup_finished",{"micros":13,"calls":[]},"discord-sessions-green-prd-2-60",{"micros":24}]}].
2022-10-07 22:46:27,366 INFO: Got a request to RESUME the websocket.
2022-10-07 22:46:27,554 INFO: Shard ID None has sent the RESUME payload.
2022-10-07 22:46:27,636 INFO: Shard ID None has successfully RESUMED session ce20f897f9f85f43ca918e77bfe8bbf6 under trace ["gateway-prd-us-east1-b-t3kw",{"micros":802,"calls":["id_created",{"micros":0,"calls":[]},"session_lookup_time",{"micros":305,"calls":[]},"session_lookup_finished",{"micros":13,"calls":[]},"discord-sessions-green-prd-2-60",{"micros":21}]}].
2022-10-07 23:51:14,140 INFO: logging in using static token
2022-10-07 23:51:14,365 INFO: Shard ID None has sent the IDENTIFY payload.
2022-10-07 23:51:14,477 INFO: Shard ID None has connected to Gateway: ["gateway-prd-us-east1-c-z5sc",{"micros":81715,"calls":["id_created",{"micros":1098,"calls":[]},"session_lookup_time",{"micros":4409,"calls":[]},"session_lookup_finished",{"micros":16,"calls":[]},"discord-sessions-green-prd-2-54",{"micros":74458,"calls":["start_session",{"micros":46241,"calls":["discord-api-6fbdc74bb8-2hj5v",{"micros":42327,"calls":["get_user",{"micros":10175},"get_guilds",{"micros":3920},"send_scheduled_deletion_message",{"micros":10},"guild_join_requests",{"micros":361},"authorized_ip_coro",{"micros":16}]}]},"starting_guild_connect",{"micros":66,"calls":[]},"presence_started",{"micros":14708,"calls":[]},"guilds_started",{"micros":191,"calls":[]},"guilds_connect",{"micros":2,"calls":[]},"presence_connect",{"micros":13226,"calls":[]},"connect_finished",{"micros":13232,"calls":[]},"build_ready",{"micros":18,"calls":[]},"optimize_ready",{"micros":0,"calls":[]},"split_ready",{"micros":1,"calls":[]},"clean_ready",{"micros":0,"calls":[]}]}]}] (Session ID: 032745873bb56053026d43493537e4fe).
2022-10-07 23:51:16,529 INFO: 目前登入身份：神奇海螺#3847
2022-10-08 01:32:48,199 INFO: Got a request to RESUME the websocket.
2022-10-08 01:32:48,355 INFO: Shard ID None has sent the RESUME payload.
2022-10-08 01:32:48,381 INFO: Shard ID None has successfully RESUMED session 032745873bb56053026d43493537e4fe under trace ["gateway-prd-us-east1-c-dfl8",{"micros":676,"calls":["id_created",{"micros":0,"calls":[]},"session_lookup_time",{"micros":263,"calls":[]},"session_lookup_finished",{"micros":12,"calls":[]},"discord-sessions-green-prd-2-54",{"micros":21}]}].
2022-10-08 03:23:34,893 INFO: Got a request to RESUME the websocket.
2022-10-08 03:23:35,052 INFO: Shard ID None has sent the RESUME payload.
2022-10-08 03:23:35,080 INFO: Shard ID None has successfully RESUMED session 032745873bb56053026d43493537e4fe under trace ["gateway-prd-us-east1-b-ktgl",{"micros":585,"calls":["id_created",{"micros":0,"calls":[]},"session_lookup_time",{"micros":295,"calls":[]},"session_lookup_finished",{"micros":16,"calls":[]},"discord-sessions-green-prd-2-54",{"micros":20}]}].
2022-10-08 05:25:38,719 INFO: Got a request to RESUME the websocket.
2022-10-08 05:25:38,873 INFO: Shard ID None has sent the RESUME payload.
2022-10-08 05:25:38,896 INFO: Shard ID None has successfully RESUMED session 032745873bb56053026d43493537e4fe under trace ["gateway-prd-us-east1-c-l33h",{"micros":469,"calls":["id_created",{"micros":0,"calls":[]},"session_lookup_time",{"micros":228,"calls":[]},"session_lookup_finished",{"micros":9,"calls":[]},"discord-sessions-green-prd-2-54",{"micros":16}]}].
2022-10-08 06:27:07,787 INFO: 神奇海螺 in 9又4分之8.7月台[123是什麼敷衍的名字]
2022-10-08 06:27:07,829 INFO: Connecting to voice...
2022-10-08 06:27:07,829 INFO: Starting voice handshake... (connection attempt 1)
2022-10-08 06:27:08,071 INFO: Voice handshake complete. Endpoint found hongkong6108.discord.media
2022-10-08 06:27:09,249 INFO: selected the voice protocol for use (xsalsa20_poly1305_lite)
2022-10-08 06:27:09,482 INFO: received secret key for voice connection
2022-10-08 06:27:12,366 INFO: Preparing to terminate ffmpeg process 808.
2022-10-08 06:27:12,366 INFO: ffmpeg process 808 successfully terminated with return code of 0.
2022-10-08 06:27:12,892 INFO: BunnyplayGG in 9又4分之8.7月台[123是什麼敷衍的名字]
2022-10-08 06:27:19,107 INFO: Preparing to terminate ffmpeg process 819.
2022-10-08 06:27:19,108 INFO: ffmpeg process 819 successfully terminated with return code of 0.
2022-10-08 06:27:22,010 INFO: Preparing to terminate ffmpeg process 829.
2022-10-08 06:27:22,011 INFO: ffmpeg process 829 successfully terminated with return code of 0.
2022-10-08 06:27:24,121 INFO: Preparing to terminate ffmpeg process 839.
2022-10-08 06:27:24,122 INFO: ffmpeg process 839 successfully terminated with return code of 0.
2022-10-08 06:27:25,164 INFO: The voice handshake is being terminated for Channel ID 728631391809437746 (Guild ID 428109526550708234)
2022-10-08 06:27:25,165 INFO: Disconnecting from voice normally, close code 1000.
2022-10-08 06:47:49,638 INFO: Got a request to RESUME the websocket.
2022-10-08 06:47:49,786 INFO: Shard ID None has sent the RESUME payload.
2022-10-08 06:47:49,813 INFO: Shard ID None has successfully RESUMED session 032745873bb56053026d43493537e4fe under trace ["gateway-prd-us-east1-c-gq9d",{"micros":695,"calls":["id_created",{"micros":0,"calls":[]},"session_lookup_time",{"micros":274,"calls":[]},"session_lookup_finished",{"micros":8,"calls":[]},"discord-sessions-green-prd-2-54",{"micros":19}]}].
2022-10-08 06:59:38,515 INFO: 貓嗷嗚飄飄大仙 in 9又4分之8.7月台[123是什麼敷衍的名字]
2022-10-08 06:59:38,595 INFO: Connecting to voice...
2022-10-08 06:59:38,595 INFO: Starting voice handshake... (connection attempt 1)
2022-10-08 06:59:38,828 INFO: Voice handshake complete. Endpoint found hongkong6108.discord.media
2022-10-08 06:59:40,013 INFO: selected the voice protocol for use (xsalsa20_poly1305_lite)
2022-10-08 06:59:40,247 INFO: received secret key for voice connection
2022-10-08 06:59:43,478 INFO: Preparing to terminate ffmpeg process 905.
2022-10-08 06:59:43,479 INFO: ffmpeg process 905 successfully terminated with return code of 0.
2022-10-08 06:59:46,220 INFO: Preparing to terminate ffmpeg process 915.
2022-10-08 06:59:46,221 INFO: ffmpeg process 915 successfully terminated with return code of 0.
2022-10-08 06:59:47,306 INFO: The voice handshake is being terminated for Channel ID 728631391809437746 (Guild ID 428109526550708234)
2022-10-08 06:59:47,307 INFO: Disconnecting from voice normally, close code 1000.
2022-10-08 07:55:18,025 INFO: BunnyplayGG out 9又4分之8.7月台[123是什麼敷衍的名字]
2022-10-08 07:55:18,025 INFO: Connecting to voice...
2022-10-08 07:55:18,026 INFO: Starting voice handshake... (connection attempt 1)
2022-10-08 07:55:18,313 INFO: Voice handshake complete. Endpoint found hongkong6108.discord.media
2022-10-08 07:55:19,490 INFO: selected the voice protocol for use (xsalsa20_poly1305_lite)
2022-10-08 07:55:19,723 INFO: received secret key for voice connection
2022-10-08 07:55:22,094 INFO: Preparing to terminate ffmpeg process 1012.
2022-10-08 07:55:22,095 INFO: ffmpeg process 1012 successfully terminated with return code of 0.
2022-10-08 07:55:23,143 INFO: The voice handshake is being terminated for Channel ID 728631391809437746 (Guild ID 428109526550708234)
2022-10-08 07:55:23,143 INFO: Disconnecting from voice normally, close code 1000.
2022-10-08 08:14:36,790 INFO: MaiMai的Pool in 9又4分之8.7月台[123是什麼敷衍的名字]
2022-10-08 08:14:36,830 INFO: Connecting to voice...
2022-10-08 08:14:36,830 INFO: Starting voice handshake... (connection attempt 1)
2022-10-08 08:14:37,105 INFO: Voice handshake complete. Endpoint found hongkong6108.discord.media
2022-10-08 08:14:38,311 INFO: selected the voice protocol for use (xsalsa20_poly1305_lite)
2022-10-08 08:14:38,556 INFO: received secret key for voice connection
2022-10-08 08:14:41,345 INFO: Preparing to terminate ffmpeg process 1057.
2022-10-08 08:14:41,345 INFO: ffmpeg process 1057 successfully terminated with return code of 0.
2022-10-08 08:14:43,995 INFO: Preparing to terminate ffmpeg process 1067.
2022-10-08 08:14:43,996 INFO: ffmpeg process 1067 successfully terminated with return code of 0.
2022-10-08 08:14:45,002 INFO: The voice handshake is being terminated for Channel ID 728631391809437746 (Guild ID 428109526550708234)
2022-10-08 08:14:45,002 INFO: Disconnecting from voice normally, close code 1000.
2022-10-08 08:18:22,535 INFO: Got a request to RESUME the websocket.
2022-10-08 08:18:22,676 INFO: Shard ID None has sent the RESUME payload.
2022-10-08 08:18:22,701 INFO: Shard ID None has successfully RESUMED session 032745873bb56053026d43493537e4fe under trace ["gateway-prd-us-east1-b-nrrc",{"micros":571,"calls":["id_created",{"micros":0,"calls":[]},"session_lookup_time",{"micros":282,"calls":[]},"session_lookup_finished",{"micros":12,"calls":[]},"discord-sessions-green-prd-2-54",{"micros":21}]}].
2022-10-08 08:28:39,914 INFO: BunnyplayGG in 9又4分之8.7月台[123是什麼敷衍的名字]
2022-10-08 08:28:40,030 INFO: Connecting to voice...
2022-10-08 08:28:40,031 INFO: Starting voice handshake... (connection attempt 1)
2022-10-08 08:28:40,296 INFO: Voice handshake complete. Endpoint found hongkong6108.discord.media
2022-10-08 08:28:41,517 INFO: selected the voice protocol for use (xsalsa20_poly1305_lite)
2022-10-08 08:28:41,764 INFO: received secret key for voice connection
2022-10-08 08:28:43,647 INFO: Preparing to terminate ffmpeg process 1098.
2022-10-08 08:28:43,648 INFO: ffmpeg process 1098 successfully terminated with return code of 0.
2022-10-08 08:28:45,763 INFO: Preparing to terminate ffmpeg process 1108.
2022-10-08 08:28:45,765 INFO: ffmpeg process 1108 successfully terminated with return code of 0.
2022-10-08 08:28:45,994 INFO: Chi in 9又4分之8.7月台[123是什麼敷衍的名字]
2022-10-08 08:28:48,994 INFO: Preparing to terminate ffmpeg process 1118.
2022-10-08 08:28:48,995 INFO: ffmpeg process 1118 successfully terminated with return code of 0.
2022-10-08 08:28:51,852 INFO: Preparing to terminate ffmpeg process 1128.
2022-10-08 08:28:51,853 INFO: ffmpeg process 1128 successfully terminated with return code of 0.
2022-10-08 08:28:52,939 INFO: The voice handshake is being terminated for Channel ID 728631391809437746 (Guild ID 428109526550708234)
2022-10-08 08:28:52,940 INFO: Disconnecting from voice normally, close code 1000.
2022-10-08 08:29:09,779 INFO: MaiMai的Pool out 9又4分之8.7月台[123是什麼敷衍的名字]
2022-10-08 08:29:09,779 INFO: Connecting to voice...
2022-10-08 08:29:09,779 INFO: Starting voice handshake... (connection attempt 1)
2022-10-08 08:29:10,150 INFO: Voice handshake complete. Endpoint found hongkong6108.discord.media
2022-10-08 08:29:11,325 INFO: selected the voice protocol for use (xsalsa20_poly1305_lite)
2022-10-08 08:29:11,558 INFO: received secret key for voice connection
2022-10-08 08:29:13,665 INFO: Preparing to terminate ffmpeg process 1139.
2022-10-08 08:29:13,665 INFO: ffmpeg process 1139 successfully terminated with return code of 0.
2022-10-08 08:29:14,686 INFO: The voice handshake is being terminated for Channel ID 728631391809437746 (Guild ID 428109526550708234)
2022-10-08 08:29:14,687 INFO: Disconnecting from voice normally, close code 1000.
2022-10-08 09:23:57,157 INFO: Chi out 9又4分之8.7月台[123是什麼敷衍的名字]
2022-10-08 09:23:57,157 INFO: Connecting to voice...
2022-10-08 09:23:57,157 INFO: Starting voice handshake... (connection attempt 1)
2022-10-08 09:23:57,391 INFO: Voice handshake complete. Endpoint found hongkong6108.discord.media
2022-10-08 09:23:58,614 INFO: selected the voice protocol for use (xsalsa20_poly1305_lite)
2022-10-08 09:23:58,860 INFO: received secret key for voice connection
2022-10-08 09:23:59,569 INFO: Chi in 9又4分之8.7月台[123是什麼敷衍的名字]
2022-10-08 09:24:00,427 INFO: Preparing to terminate ffmpeg process 1235.
2022-10-08 09:24:00,428 INFO: ffmpeg process 1235 successfully terminated with return code of 0.
2022-10-08 09:24:03,661 INFO: Preparing to terminate ffmpeg process 1245.
2022-10-08 09:24:03,662 INFO: ffmpeg process 1245 successfully terminated with return code of 0.
2022-10-08 09:24:06,240 INFO: Preparing to terminate ffmpeg process 1255.
2022-10-08 09:24:06,241 INFO: ffmpeg process 1255 successfully terminated with return code of 0.
2022-10-08 09:24:07,307 INFO: The voice handshake is being terminated for Channel ID 728631391809437746 (Guild ID 428109526550708234)
2022-10-08 09:24:07,307 INFO: Disconnecting from voice normally, close code 1000.
2022-10-08 09:32:14,961 INFO: MaiMai的Pool in 9又4分之8.7月台[123是什麼敷衍的名字]
2022-10-08 09:32:15,000 INFO: Connecting to voice...
2022-10-08 09:32:15,001 INFO: Starting voice handshake... (connection attempt 1)
2022-10-08 09:32:15,269 INFO: Voice handshake complete. Endpoint found hongkong6108.discord.media
2022-10-08 09:32:16,480 INFO: selected the voice protocol for use (xsalsa20_poly1305_lite)
2022-10-08 09:32:16,721 INFO: received secret key for voice connection
2022-10-08 09:32:19,014 INFO: Preparing to terminate ffmpeg process 1266.
2022-10-08 09:32:19,018 INFO: ffmpeg process 1266 successfully terminated with return code of 0.
2022-10-08 09:32:21,105 INFO: Preparing to terminate ffmpeg process 1276.
2022-10-08 09:32:21,106 INFO: ffmpeg process 1276 successfully terminated with return code of 0.
2022-10-08 09:32:22,149 INFO: The voice handshake is being terminated for Channel ID 728631391809437746 (Guild ID 428109526550708234)
2022-10-08 09:32:22,150 INFO: Disconnecting from voice normally, close code 1000.
2022-10-08 10:16:41,452 INFO: Chi out 9又4分之8.7月台[123是什麼敷衍的名字]
2022-10-08 10:16:41,452 INFO: Connecting to voice...
2022-10-08 10:16:41,452 INFO: Starting voice handshake... (connection attempt 1)
2022-10-08 10:16:41,737 INFO: Voice handshake complete. Endpoint found hongkong6108.discord.media
2022-10-08 10:16:42,950 INFO: selected the voice protocol for use (xsalsa20_poly1305_lite)
2022-10-08 10:16:43,190 INFO: received secret key for voice connection
2022-10-08 10:16:44,763 INFO: Preparing to terminate ffmpeg process 1358.
2022-10-08 10:16:44,764 INFO: ffmpeg process 1358 successfully terminated with return code of 0.
2022-10-08 10:16:45,809 INFO: The voice handshake is being terminated for Channel ID 728631391809437746 (Guild ID 428109526550708234)
2022-10-08 10:16:45,810 INFO: Disconnecting from voice normally, close code 1000.
2022-10-08 10:19:06,042 INFO: MaiMai的Pool out 9又4分之8.7月台[123是什麼敷衍的名字]
2022-10-08 10:19:06,042 INFO: Connecting to voice...
2022-10-08 10:19:06,042 INFO: Starting voice handshake... (connection attempt 1)
2022-10-08 10:19:06,338 INFO: Voice handshake complete. Endpoint found hongkong6108.discord.media
2022-10-08 10:19:07,574 INFO: selected the voice protocol for use (xsalsa20_poly1305_lite)
2022-10-08 10:19:07,822 INFO: received secret key for voice connection
2022-10-08 10:19:09,932 INFO: Preparing to terminate ffmpeg process 1386.
2022-10-08 10:19:09,933 INFO: ffmpeg process 1386 successfully terminated with return code of 0.
2022-10-08 10:19:10,940 INFO: The voice handshake is being terminated for Channel ID 728631391809437746 (Guild ID 428109526550708234)
2022-10-08 10:19:10,941 INFO: Disconnecting from voice normally, close code 1000.
2022-10-08 10:40:13,202 INFO: 貓嗷嗚飄飄大仙 out 9又4分之8.7月台[123是什麼敷衍的名字]
2022-10-08 10:40:13,202 INFO: Connecting to voice...
2022-10-08 10:40:13,202 INFO: Starting voice handshake... (connection attempt 1)
2022-10-08 10:40:13,485 INFO: Voice handshake complete. Endpoint found hongkong6108.discord.media
2022-10-08 10:40:14,668 INFO: selected the voice protocol for use (xsalsa20_poly1305_lite)
2022-10-08 10:40:14,900 INFO: received secret key for voice connection
2022-10-08 10:40:17,454 INFO: Preparing to terminate ffmpeg process 1415.
2022-10-08 10:40:17,455 INFO: ffmpeg process 1415 successfully terminated with return code of 0.
2022-10-08 10:40:18,526 INFO: The voice handshake is being terminated for Channel ID 728631391809437746 (Guild ID 428109526550708234)
2022-10-08 10:40:18,526 INFO: Disconnecting from voice normally, close code 1000.
2022-10-08 11:01:41,869 INFO: BunnyplayGG out 9又4分之8.7月台[123是什麼敷衍的名字]
2022-10-08 11:01:41,869 INFO: Connecting to voice...
2022-10-08 11:01:41,869 INFO: Starting voice handshake... (connection attempt 1)
2022-10-08 11:01:42,099 INFO: Voice handshake complete. Endpoint found hongkong6108.discord.media
2022-10-08 11:01:43,339 INFO: selected the voice protocol for use (xsalsa20_poly1305_lite)
2022-10-08 11:01:43,584 INFO: received secret key for voice connection
2022-10-08 11:01:45,953 INFO: Preparing to terminate ffmpeg process 1480.
2022-10-08 11:01:45,953 INFO: ffmpeg process 1480 successfully terminated with return code of 0.
2022-10-08 11:01:47,012 INFO: The voice handshake is being terminated for Channel ID 728631391809437746 (Guild ID 428109526550708234)
2022-10-08 11:01:47,013 INFO: Disconnecting from voice normally, close code 1000.
2022-10-08 11:17:46,802 INFO: 貓嗷嗚飄飄大仙 in 9又4分之8.7月台[123是什麼敷衍的名字]
2022-10-08 11:17:46,845 INFO: Connecting to voice...
2022-10-08 11:17:46,846 INFO: Starting voice handshake... (connection attempt 1)
2022-10-08 11:17:46,932 INFO: Voice handshake complete. Endpoint found hongkong2499.discord.media
2022-10-08 11:17:47,085 ERROR: Exception occurred during Voice Protocol voice server update handler
Traceback (most recent call last):
  File "/opt/virtualenvs/python3/lib/python3.8/site-packages/discord/state.py", line 102, in logging_coroutine
    await coroutine
  File "/opt/virtualenvs/python3/lib/python3.8/site-packages/discord/voice_client.py", line 295, in on_voice_server_update
    await self.ws.close(4000)
AttributeError: 'NoneType' object has no attribute 'close'
2022-10-08 11:17:48,114 INFO: selected the voice protocol for use (xsalsa20_poly1305_lite)
2022-10-08 11:17:48,351 INFO: received secret key for voice connection
2022-10-08 11:17:51,622 INFO: Preparing to terminate ffmpeg process 1525.
2022-10-08 11:17:51,623 INFO: ffmpeg process 1525 successfully terminated with return code of 0.
2022-10-08 11:17:55,901 INFO: Preparing to terminate ffmpeg process 1535.
2022-10-08 11:17:55,902 INFO: ffmpeg process 1535 successfully terminated with return code of 0.
2022-10-08 11:17:58,826 INFO: Preparing to terminate ffmpeg process 1545.
2022-10-08 11:17:58,827 INFO: ffmpeg process 1545 successfully terminated with return code of 0.
2022-10-08 11:17:59,914 INFO: The voice handshake is being terminated for Channel ID 728631391809437746 (Guild ID 428109526550708234)
2022-10-08 11:17:59,915 INFO: Disconnecting from voice normally, close code 1000.
2022-10-08 11:42:21,246 INFO: Got a request to RESUME the websocket.
2022-10-08 11:42:21,401 INFO: Shard ID None has sent the RESUME payload.
2022-10-08 11:42:21,428 INFO: Shard ID None has successfully RESUMED session 032745873bb56053026d43493537e4fe under trace ["gateway-prd-us-east1-c-fcwx",{"micros":3117,"calls":["id_created",{"micros":0,"calls":[]},"session_lookup_time",{"micros":2740,"calls":[]},"session_lookup_finished",{"micros":15,"calls":[]},"discord-sessions-green-prd-2-54",{"micros":26}]}].
2022-10-08 12:30:47,789 INFO: Got a request to RESUME the websocket.
2022-10-08 12:30:47,933 INFO: Shard ID None has sent the RESUME payload.
2022-10-08 12:30:47,956 INFO: Shard ID None has successfully RESUMED session 032745873bb56053026d43493537e4fe under trace ["gateway-prd-us-east1-c-00kf",{"micros":576,"calls":["id_created",{"micros":0,"calls":[]},"session_lookup_time",{"micros":239,"calls":[]},"session_lookup_finished",{"micros":14,"calls":[]},"discord-sessions-green-prd-2-54",{"micros":15}]}].
2022-10-08 13:05:33,787 INFO: Got a request to RESUME the websocket.
2022-10-08 13:05:33,930 INFO: Shard ID None has sent the RESUME payload.
2022-10-08 13:05:33,961 INFO: Shard ID None has successfully RESUMED session 032745873bb56053026d43493537e4fe under trace ["gateway-prd-us-east1-b-hx48",{"micros":895,"calls":["id_created",{"micros":0,"calls":[]},"session_lookup_time",{"micros":390,"calls":[]},"session_lookup_finished",{"micros":12,"calls":[]},"discord-sessions-green-prd-2-54",{"micros":22}]}].
2022-10-08 13:27:55,101 INFO: MaiMai的Pool in 9又4分之8.7月台[123是什麼敷衍的名字]
2022-10-08 13:27:55,177 INFO: Connecting to voice...
2022-10-08 13:27:55,177 INFO: Starting voice handshake... (connection attempt 1)
2022-10-08 13:27:55,403 INFO: Voice handshake complete. Endpoint found hongkong2499.discord.media
2022-10-08 13:27:56,584 INFO: selected the voice protocol for use (xsalsa20_poly1305_lite)
2022-10-08 13:27:56,829 INFO: received secret key for voice connection
2022-10-08 13:27:59,121 INFO: Preparing to terminate ffmpeg process 1790.
2022-10-08 13:27:59,121 INFO: ffmpeg process 1790 successfully terminated with return code of 0.
2022-10-08 13:28:01,693 INFO: Preparing to terminate ffmpeg process 1800.
2022-10-08 13:28:01,694 INFO: ffmpeg process 1800 successfully terminated with return code of 0.
2022-10-08 13:28:02,765 INFO: The voice handshake is being terminated for Channel ID 728631391809437746 (Guild ID 428109526550708234)
2022-10-08 13:28:02,765 INFO: Disconnecting from voice normally, close code 1000.
2022-10-08 13:28:05,514 INFO: wawa的n in 9又4分之8.7月台[123是什麼敷衍的名字]
2022-10-08 13:28:05,553 INFO: Connecting to voice...
2022-10-08 13:28:05,553 INFO: Starting voice handshake... (connection attempt 1)
2022-10-08 13:28:05,869 INFO: Voice handshake complete. Endpoint found hongkong2499.discord.media
2022-10-08 13:28:07,079 INFO: selected the voice protocol for use (xsalsa20_poly1305_lite)
2022-10-08 13:28:07,321 INFO: received secret key for voice connection
2022-10-08 13:28:09,990 INFO: Preparing to terminate ffmpeg process 1811.
2022-10-08 13:28:09,991 INFO: ffmpeg process 1811 successfully terminated with return code of 0.
2022-10-08 13:28:11,507 INFO: Preparing to terminate ffmpeg process 1821.
2022-10-08 13:28:11,509 INFO: ffmpeg process 1821 successfully terminated with return code of 0.
2022-10-08 13:28:13,051 INFO: The voice handshake is being terminated for Channel ID 728631391809437746 (Guild ID 428109526550708234)
2022-10-08 13:28:13,051 INFO: Disconnecting from voice normally, close code 1000.
2022-10-08 13:30:50,448 INFO: Got a request to RESUME the websocket.
2022-10-08 13:30:50,609 INFO: Shard ID None has sent the RESUME payload.
2022-10-08 13:30:50,634 INFO: Shard ID None has successfully RESUMED session 032745873bb56053026d43493537e4fe under trace ["gateway-prd-us-east1-c-85bw",{"micros":2009,"calls":["id_created",{"micros":0,"calls":[]},"session_lookup_time",{"micros":313,"calls":[]},"session_lookup_finished",{"micros":17,"calls":[]},"discord-sessions-green-prd-2-54",{"micros":38}]}].
2022-10-08 13:59:51,371 INFO: BunnyplayGG in 9又4分之8.7月台[123是什麼敷衍的名字]
2022-10-08 13:59:51,450 INFO: Connecting to voice...
2022-10-08 13:59:51,451 INFO: Starting voice handshake... (connection attempt 1)
2022-10-08 13:59:51,683 INFO: Voice handshake complete. Endpoint found hongkong2499.discord.media
2022-10-08 13:59:52,931 INFO: selected the voice protocol for use (xsalsa20_poly1305_lite)
2022-10-08 13:59:53,163 INFO: received secret key for voice connection
2022-10-08 13:59:55,553 INFO: Preparing to terminate ffmpeg process 1869.
2022-10-08 13:59:55,553 INFO: ffmpeg process 1869 successfully terminated with return code of 0.
2022-10-08 13:59:57,050 INFO: Preparing to terminate ffmpeg process 1879.
2022-10-08 13:59:57,050 INFO: ffmpeg process 1879 successfully terminated with return code of 0.
2022-10-08 13:59:58,593 INFO: The voice handshake is being terminated for Channel ID 728631391809437746 (Guild ID 428109526550708234)
2022-10-08 13:59:58,594 INFO: Disconnecting from voice normally, close code 1000.
2022-10-08 14:10:04,038 INFO: KyrieR in 9又4分之8.7月台[123是什麼敷衍的名字]
2022-10-08 14:10:04,121 INFO: Connecting to voice...
2022-10-08 14:10:04,121 INFO: Starting voice handshake... (connection attempt 1)
2022-10-08 14:10:04,361 INFO: Voice handshake complete. Endpoint found hongkong2499.discord.media
2022-10-08 14:10:05,549 INFO: selected the voice protocol for use (xsalsa20_poly1305_lite)
2022-10-08 14:10:05,786 INFO: received secret key for voice connection
2022-10-08 14:10:08,394 INFO: Preparing to terminate ffmpeg process 1906.
2022-10-08 14:10:08,394 INFO: ffmpeg process 1906 successfully terminated with return code of 0.
2022-10-08 14:10:11,773 INFO: Preparing to terminate ffmpeg process 1916.
2022-10-08 14:10:11,774 INFO: ffmpeg process 1916 successfully terminated with return code of 0.
2022-10-08 14:10:12,827 INFO: The voice handshake is being terminated for Channel ID 728631391809437746 (Guild ID 428109526550708234)
2022-10-08 14:10:12,827 INFO: Disconnecting from voice normally, close code 1000.
2022-10-08 14:25:47,682 INFO: Lexor in 9又4分之8.7月台[123是什麼敷衍的名字]
2022-10-08 14:25:47,724 INFO: Connecting to voice...
2022-10-08 14:25:47,725 INFO: Starting voice handshake... (connection attempt 1)
2022-10-08 14:25:47,960 INFO: Voice handshake complete. Endpoint found hongkong2499.discord.media
2022-10-08 14:25:49,178 INFO: selected the voice protocol for use (xsalsa20_poly1305_lite)
2022-10-08 14:25:49,418 INFO: received secret key for voice connection
2022-10-08 14:25:51,290 INFO: Preparing to terminate ffmpeg process 1962.
2022-10-08 14:25:51,291 INFO: ffmpeg process 1962 successfully terminated with return code of 0.
2022-10-08 14:25:53,516 INFO: Preparing to terminate ffmpeg process 1972.
2022-10-08 14:25:53,518 INFO: ffmpeg process 1972 successfully terminated with return code of 0.
2022-10-08 14:25:54,561 INFO: The voice handshake is being terminated for Channel ID 728631391809437746 (Guild ID 428109526550708234)
2022-10-08 14:25:54,562 INFO: Disconnecting from voice normally, close code 1000.
2022-10-08 14:38:56,150 INFO: Lexor out 9又4分之8.7月台[123是什麼敷衍的名字]
2022-10-08 14:38:56,151 INFO: Connecting to voice...
2022-10-08 14:38:56,151 INFO: Starting voice handshake... (connection attempt 1)
2022-10-08 14:38:56,393 INFO: Voice handshake complete. Endpoint found hongkong2499.discord.media
2022-10-08 14:38:57,574 INFO: selected the voice protocol for use (xsalsa20_poly1305_lite)
2022-10-08 14:38:57,808 INFO: received secret key for voice connection
2022-10-08 14:38:59,497 INFO: Preparing to terminate ffmpeg process 2002.
2022-10-08 14:38:59,498 INFO: ffmpeg process 2002 successfully terminated with return code of 0.
2022-10-08 14:39:00,525 INFO: The voice handshake is being terminated for Channel ID 728631391809437746 (Guild ID 428109526550708234)
2022-10-08 14:39:00,526 INFO: Disconnecting from voice normally, close code 1000.
2022-10-08 15:14:25,454 INFO: Lexor in 9又4分之8.7月台[123是什麼敷衍的名字]
2022-10-08 15:14:25,535 INFO: Connecting to voice...
2022-10-08 15:14:25,536 INFO: Starting voice handshake... (connection attempt 1)
2022-10-08 15:14:25,774 INFO: Voice handshake complete. Endpoint found hongkong2499.discord.media
2022-10-08 15:14:26,961 INFO: selected the voice protocol for use (xsalsa20_poly1305_lite)
2022-10-08 15:14:27,204 INFO: received secret key for voice connection
2022-10-08 15:14:29,073 INFO: Preparing to terminate ffmpeg process 2047.
2022-10-08 15:14:29,073 INFO: ffmpeg process 2047 successfully terminated with return code of 0.
2022-10-08 15:14:30,586 INFO: Preparing to terminate ffmpeg process 2057.
2022-10-08 15:14:30,587 INFO: ffmpeg process 2057 successfully terminated with return code of 0.
2022-10-08 15:14:32,130 INFO: The voice handshake is being terminated for Channel ID 728631391809437746 (Guild ID 428109526550708234)
2022-10-08 15:14:32,131 INFO: Disconnecting from voice normally, close code 1000.
2022-10-08 15:32:02,798 INFO: SparkleZ in 9又4分之8.7月台[123是什麼敷衍的名字]
2022-10-08 15:32:02,918 INFO: Connecting to voice...
2022-10-08 15:32:02,918 INFO: Starting voice handshake... (connection attempt 1)
2022-10-08 15:32:03,153 INFO: Voice handshake complete. Endpoint found hongkong2499.discord.media
2022-10-08 15:32:04,343 INFO: selected the voice protocol for use (xsalsa20_poly1305_lite)
2022-10-08 15:32:04,581 INFO: received secret key for voice connection
2022-10-08 15:32:07,092 INFO: Preparing to terminate ffmpeg process 2103.
2022-10-08 15:32:07,092 INFO: ffmpeg process 2103 successfully terminated with return code of 0.
2022-10-08 15:32:09,213 INFO: Preparing to terminate ffmpeg process 2113.
2022-10-08 15:32:09,214 INFO: ffmpeg process 2113 successfully terminated with return code of 0.
2022-10-08 15:32:10,217 INFO: The voice handshake is being terminated for Channel ID 728631391809437746 (Guild ID 428109526550708234)
2022-10-08 15:32:10,218 INFO: Disconnecting from voice normally, close code 1000.
2022-10-08 15:51:40,058 INFO: 雪莉粉粉 in 9又4分之8.7月台[123是什麼敷衍的名字]
2022-10-08 15:51:40,153 INFO: Connecting to voice...
2022-10-08 15:51:40,153 INFO: Starting voice handshake... (connection attempt 1)
2022-10-08 15:51:40,391 INFO: Voice handshake complete. Endpoint found hongkong2499.discord.media
2022-10-08 15:51:41,602 INFO: selected the voice protocol for use (xsalsa20_poly1305_lite)
2022-10-08 15:51:41,847 INFO: received secret key for voice connection
2022-10-08 15:51:44,497 INFO: Preparing to terminate ffmpeg process 2160.
2022-10-08 15:51:44,497 INFO: ffmpeg process 2160 successfully terminated with return code of 0.
2022-10-08 15:51:47,122 INFO: Preparing to terminate ffmpeg process 2170.
2022-10-08 15:51:47,123 INFO: ffmpeg process 2170 successfully terminated with return code of 0.
2022-10-08 15:51:48,189 INFO: The voice handshake is being terminated for Channel ID 728631391809437746 (Guild ID 428109526550708234)
2022-10-08 15:51:48,190 INFO: Disconnecting from voice normally, close code 1000.
2022-10-08 15:58:41,802 INFO: Got a request to RESUME the websocket.
2022-10-08 15:58:41,954 INFO: Shard ID None has sent the RESUME payload.
2022-10-08 15:58:41,981 INFO: Shard ID None has successfully RESUMED session 032745873bb56053026d43493537e4fe under trace ["gateway-prd-us-east1-c-jxcs",{"micros":2025,"calls":["id_created",{"micros":0,"calls":[]},"session_lookup_time",{"micros":1753,"calls":[]},"session_lookup_finished",{"micros":10,"calls":[]},"discord-sessions-green-prd-2-54",{"micros":18}]}].
2022-10-08 16:11:44,365 INFO: BunnyplayGG out 9又4分之8.7月台[123是什麼敷衍的名字]
2022-10-08 16:11:44,366 INFO: Connecting to voice...
2022-10-08 16:11:44,366 INFO: Starting voice handshake... (connection attempt 1)
2022-10-08 16:11:44,657 INFO: Voice handshake complete. Endpoint found hongkong2499.discord.media
2022-10-08 16:11:45,869 INFO: selected the voice protocol for use (xsalsa20_poly1305_lite)
2022-10-08 16:11:46,109 INFO: received secret key for voice connection
2022-10-08 16:11:48,479 INFO: Preparing to terminate ffmpeg process 2200.
2022-10-08 16:11:48,479 INFO: ffmpeg process 2200 successfully terminated with return code of 0.
2022-10-08 16:11:49,527 INFO: The voice handshake is being terminated for Channel ID 728631391809437746 (Guild ID 428109526550708234)
2022-10-08 16:11:49,527 INFO: Disconnecting from voice normally, close code 1000.
2022-10-08 16:35:17,337 INFO: Got a request to RESUME the websocket.
2022-10-08 16:35:17,493 INFO: Shard ID None has sent the RESUME payload.
2022-10-08 16:35:17,523 INFO: Shard ID None has successfully RESUMED session 032745873bb56053026d43493537e4fe under trace ["gateway-prd-us-east1-c-b9n5",{"micros":5044,"calls":["id_created",{"micros":0,"calls":[]},"session_lookup_time",{"micros":333,"calls":[]},"session_lookup_finished",{"micros":11,"calls":[]},"discord-sessions-green-prd-2-54",{"micros":15}]}].
2022-10-08 16:49:11,297 INFO: 雪莉粉粉 out 9又4分之8.7月台[123是什麼敷衍的名字]
2022-10-08 16:49:11,297 INFO: Connecting to voice...
2022-10-08 16:49:11,298 INFO: Starting voice handshake... (connection attempt 1)
2022-10-08 16:49:11,590 INFO: Voice handshake complete. Endpoint found hongkong2499.discord.media
2022-10-08 16:49:12,799 INFO: selected the voice protocol for use (xsalsa20_poly1305_lite)
2022-10-08 16:49:13,039 INFO: received secret key for voice connection
2022-10-08 16:49:14,987 INFO: Preparing to terminate ffmpeg process 2281.
2022-10-08 16:49:14,988 INFO: ffmpeg process 2281 successfully terminated with return code of 0.
2022-10-08 16:49:16,060 INFO: The voice handshake is being terminated for Channel ID 728631391809437746 (Guild ID 428109526550708234)
2022-10-08 16:49:16,061 INFO: Disconnecting from voice normally, close code 1000.
2022-10-08 16:52:22,373 INFO: Got a request to RESUME the websocket.
2022-10-08 16:52:22,535 INFO: Shard ID None has sent the RESUME payload.
2022-10-08 16:52:22,571 INFO: Shard ID None has successfully RESUMED session 032745873bb56053026d43493537e4fe under trace ["gateway-prd-us-east1-b-blgc",{"micros":6565,"calls":["id_created",{"micros":0,"calls":[]},"session_lookup_time",{"micros":6071,"calls":[]},"session_lookup_finished",{"micros":12,"calls":[]},"discord-sessions-green-prd-2-54",{"micros":23}]}].
2022-10-08 17:00:44,754 INFO: wawa的n out 9又4分之8.7月台[123是什麼敷衍的名字]
2022-10-08 17:00:44,754 INFO: Connecting to voice...
2022-10-08 17:00:44,755 INFO: Starting voice handshake... (connection attempt 1)
2022-10-08 17:00:45,073 INFO: Voice handshake complete. Endpoint found hongkong2499.discord.media
2022-10-08 17:00:46,300 INFO: selected the voice protocol for use (xsalsa20_poly1305_lite)
2022-10-08 17:00:46,543 INFO: received secret key for voice connection
2022-10-08 17:00:48,532 INFO: Preparing to terminate ffmpeg process 2293.
2022-10-08 17:00:48,533 INFO: ffmpeg process 2293 successfully terminated with return code of 0.
2022-10-08 17:00:49,563 INFO: The voice handshake is being terminated for Channel ID 728631391809437746 (Guild ID 428109526550708234)
2022-10-08 17:00:49,564 INFO: Disconnecting from voice normally, close code 1000.
2022-10-08 17:19:30,169 INFO: 雪莉粉粉 in 9又4分之8.7月台[123是什麼敷衍的名字]
2022-10-08 17:19:30,210 INFO: Connecting to voice...
2022-10-08 17:19:30,210 INFO: Starting voice handshake... (connection attempt 1)
2022-10-08 17:19:30,470 INFO: Voice handshake complete. Endpoint found hongkong2499.discord.media
2022-10-08 17:19:31,729 INFO: selected the voice protocol for use (xsalsa20_poly1305_lite)
2022-10-08 17:19:31,977 INFO: received secret key for voice connection
2022-10-08 17:19:34,625 INFO: Preparing to terminate ffmpeg process 2356.
2022-10-08 17:19:34,625 INFO: ffmpeg process 2356 successfully terminated with return code of 0.
2022-10-08 17:19:36,804 INFO: Preparing to terminate ffmpeg process 2366.
2022-10-08 17:19:36,805 INFO: ffmpeg process 2366 successfully terminated with return code of 0.
2022-10-08 17:19:37,807 INFO: The voice handshake is being terminated for Channel ID 728631391809437746 (Guild ID 428109526550708234)
2022-10-08 17:19:37,808 INFO: Disconnecting from voice normally, close code 1000.
2022-10-08 17:22:54,620 INFO: MaiMai的Pool out 9又4分之8.7月台[123是什麼敷衍的名字]
2022-10-08 17:22:54,620 INFO: Connecting to voice...
2022-10-08 17:22:54,620 INFO: Starting voice handshake... (connection attempt 1)
2022-10-08 17:22:54,919 INFO: Voice handshake complete. Endpoint found hongkong2499.discord.media
2022-10-08 17:22:56,124 INFO: selected the voice protocol for use (xsalsa20_poly1305_lite)
2022-10-08 17:22:56,363 INFO: received secret key for voice connection
2022-10-08 17:22:58,473 INFO: Preparing to terminate ffmpeg process 2377.
2022-10-08 17:22:58,474 INFO: ffmpeg process 2377 successfully terminated with return code of 0.
2022-10-08 17:22:59,481 INFO: The voice handshake is being terminated for Channel ID 728631391809437746 (Guild ID 428109526550708234)
2022-10-08 17:22:59,481 INFO: Disconnecting from voice normally, close code 1000.
2022-10-08 17:24:20,219 INFO: 貓嗷嗚飄飄大仙 out 9又4分之8.7月台[123是什麼敷衍的名字]
2022-10-08 17:24:20,219 INFO: Connecting to voice...
2022-10-08 17:24:20,219 INFO: Starting voice handshake... (connection attempt 1)
2022-10-08 17:24:20,532 INFO: Voice handshake complete. Endpoint found hongkong2499.discord.media
2022-10-08 17:24:21,743 INFO: selected the voice protocol for use (xsalsa20_poly1305_lite)
2022-10-08 17:24:21,981 INFO: received secret key for voice connection
2022-10-08 17:24:24,530 INFO: Preparing to terminate ffmpeg process 2388.
2022-10-08 17:24:24,531 INFO: ffmpeg process 2388 successfully terminated with return code of 0.
2022-10-08 17:24:25,602 INFO: The voice handshake is being terminated for Channel ID 728631391809437746 (Guild ID 428109526550708234)
2022-10-08 17:24:25,603 INFO: Disconnecting from voice normally, close code 1000.
2022-10-08 17:24:28,517 INFO: KyrieR out 9又4分之8.7月台[123是什麼敷衍的名字]
2022-10-08 17:24:28,517 INFO: Connecting to voice...
2022-10-08 17:24:28,518 INFO: Starting voice handshake... (connection attempt 1)
2022-10-08 17:24:28,903 INFO: Voice handshake complete. Endpoint found hongkong2499.discord.media
2022-10-08 17:24:30,085 INFO: selected the voice protocol for use (xsalsa20_poly1305_lite)
2022-10-08 17:24:30,319 INFO: received secret key for voice connection
2022-10-08 17:24:32,128 INFO: Preparing to terminate ffmpeg process 2399.
2022-10-08 17:24:32,129 INFO: ffmpeg process 2399 successfully terminated with return code of 0.
2022-10-08 17:24:33,136 INFO: The voice handshake is being terminated for Channel ID 728631391809437746 (Guild ID 428109526550708234)
2022-10-08 17:24:33,137 INFO: Disconnecting from voice normally, close code 1000.
2022-10-08 17:34:36,922 INFO: 雪莉粉粉 out 9又4分之8.7月台[123是什麼敷衍的名字]
2022-10-08 17:34:36,922 INFO: Connecting to voice...
2022-10-08 17:34:36,923 INFO: Starting voice handshake... (connection attempt 1)
2022-10-08 17:34:37,237 INFO: Voice handshake complete. Endpoint found hongkong2499.discord.media
2022-10-08 17:34:38,472 INFO: selected the voice protocol for use (xsalsa20_poly1305_lite)
2022-10-08 17:34:38,730 INFO: received secret key for voice connection
2022-10-08 17:34:40,676 INFO: Preparing to terminate ffmpeg process 2428.
2022-10-08 17:34:40,677 INFO: ffmpeg process 2428 successfully terminated with return code of 0.
2022-10-08 17:34:41,744 INFO: The voice handshake is being terminated for Channel ID 728631391809437746 (Guild ID 428109526550708234)
2022-10-08 17:34:41,745 INFO: Disconnecting from voice normally, close code 1000.
2022-10-08 18:14:26,275 INFO: Got a request to RESUME the websocket.
2022-10-08 18:14:26,427 INFO: Shard ID None has sent the RESUME payload.
2022-10-08 18:14:26,454 INFO: Shard ID None has successfully RESUMED session 032745873bb56053026d43493537e4fe under trace ["gateway-prd-us-east1-b-rm5w",{"micros":1294,"calls":["id_created",{"micros":0,"calls":[]},"session_lookup_time",{"micros":670,"calls":[]},"session_lookup_finished",{"micros":10,"calls":[]},"discord-sessions-green-prd-2-54",{"micros":35}]}].
2022-10-08 18:33:28,576 INFO: Lexor out 9又4分之8.7月台[123是什麼敷衍的名字]
2022-10-08 18:33:28,577 INFO: Connecting to voice...
2022-10-08 18:33:28,577 INFO: Starting voice handshake... (connection attempt 1)
2022-10-08 18:33:28,896 INFO: Voice handshake complete. Endpoint found hongkong2499.discord.media
2022-10-08 18:33:30,222 INFO: selected the voice protocol for use (xsalsa20_poly1305_lite)
2022-10-08 18:33:30,486 INFO: received secret key for voice connection
2022-10-08 18:33:31,498 INFO: SparkleZ out 9又4分之8.7月台[123是什麼敷衍的名字]
2022-10-08 18:33:32,174 INFO: Preparing to terminate ffmpeg process 2532.
2022-10-08 18:33:32,175 INFO: ffmpeg process 2532 successfully terminated with return code of 0.
2022-10-08 18:33:35,191 INFO: Preparing to terminate ffmpeg process 2542.
2022-10-08 18:33:35,192 INFO: ffmpeg process 2542 successfully terminated with return code of 0.
2022-10-08 18:33:36,219 INFO: The voice handshake is being terminated for Channel ID 728631391809437746 (Guild ID 428109526550708234)
2022-10-08 18:33:36,220 INFO: Disconnecting from voice normally, close code 1000.
2022-10-08 21:42:38,367 INFO: Got a request to RESUME the websocket.
2022-10-08 21:42:38,509 INFO: Shard ID None has sent the RESUME payload.
2022-10-08 21:42:38,534 INFO: Shard ID None has successfully RESUMED session 032745873bb56053026d43493537e4fe under trace ["gateway-prd-us-east1-c-5w91",{"micros":2003,"calls":["id_created",{"micros":0,"calls":[]},"session_lookup_time",{"micros":1638,"calls":[]},"session_lookup_finished",{"micros":10,"calls":[]},"discord-sessions-green-prd-2-54",{"micros":20}]}].
