2022-09-29 19:21:53,261 INFO: logging in using static token
2022-09-29 19:21:53,600 INFO: Shard ID None has sent the IDENTIFY payload.
2022-09-29 19:21:53,790 INFO: Shard ID None has connected to Gateway: ["gateway-prd-us-east1-c-q51p",{"micros":147803,"calls":["id_created",{"micros":1742,"calls":[]},"session_lookup_time",{"micros":423,"calls":[]},"session_lookup_finished",{"micros":13,"calls":[]},"discord-sessions-green-prd-2-114",{"micros":143332,"calls":["start_session",{"micros":118749,"calls":["discord-api-8595f898c5-l2rvt",{"micros":112368,"calls":["get_user",{"micros":22337},"get_guilds",{"micros":12867},"send_scheduled_deletion_message",{"micros":13},"guild_join_requests",{"micros":237},"authorized_ip_coro",{"micros":12}]}]},"starting_guild_connect",{"micros":56,"calls":[]},"presence_started",{"micros":7662,"calls":[]},"guilds_started",{"micros":181,"calls":[]},"guilds_connect",{"micros":2,"calls":[]},"presence_connect",{"micros":16659,"calls":[]},"connect_finished",{"micros":16664,"calls":[]},"build_ready",{"micros":16,"calls":[]},"optimize_ready",{"micros":1,"calls":[]},"split_ready",{"micros":1,"calls":[]},"clean_ready",{"micros":0,"calls":[]}]}]}] (Session ID: 69173712142382c4d422a1a46923af2c).
2022-09-29 19:21:55,827 INFO: 目前登入身份：神奇海螺#3847
2022-09-29 20:26:40,589 INFO: Websocket closed with 1006, attempting a reconnect.
2022-09-29 20:26:40,590 INFO: Got a request to RESUME the websocket.
2022-09-29 20:26:40,763 INFO: Shard ID None has sent the RESUME payload.
2022-09-29 20:26:40,815 INFO: Shard ID None has successfully RESUMED session 69173712142382c4d422a1a46923af2c under trace ["gateway-prd-us-east1-b-pk7q",{"micros":816,"calls":["id_created",{"micros":0,"calls":[]},"session_lookup_time",{"micros":432,"calls":[]},"session_lookup_finished",{"micros":11,"calls":[]},"discord-sessions-green-prd-2-114",{"micros":17}]}].
2022-09-29 23:26:20,211 INFO: logging in using static token
2022-09-29 23:26:20,443 INFO: Shard ID None has sent the IDENTIFY payload.
2022-09-29 23:26:20,596 INFO: Shard ID None has connected to Gateway: ["gateway-prd-us-east1-b-hzds",{"micros":130359,"calls":["id_created",{"micros":1639,"calls":[]},"session_lookup_time",{"micros":424,"calls":[]},"session_lookup_finished",{"micros":16,"calls":[]},"discord-sessions-blue-prd-2-7",{"micros":127869,"calls":["start_session",{"micros":64360,"calls":["discord-api-6dcb8b4d67-c7hdb",{"micros":58522,"calls":["get_user",{"micros":16294},"get_guilds",{"micros":4729},"send_scheduled_deletion_message",{"micros":13},"guild_join_requests",{"micros":267},"authorized_ip_coro",{"micros":13}]}]},"starting_guild_connect",{"micros":58,"calls":[]},"presence_started",{"micros":44111,"calls":[]},"guilds_started",{"micros":152,"calls":[]},"guilds_connect",{"micros":2,"calls":[]},"presence_connect",{"micros":19162,"calls":[]},"connect_finished",{"micros":19166,"calls":[]},"build_ready",{"micros":20,"calls":[]},"optimize_ready",{"micros":0,"calls":[]},"split_ready",{"micros":1,"calls":[]},"clean_ready",{"micros":0,"calls":[]}]}]}] (Session ID: 5c5d7683fe178e490314762b9a62f054).
2022-09-29 23:26:22,642 INFO: 目前登入身份：神奇海螺#3847
2022-09-30 00:09:39,288 INFO: Websocket closed with 1006, attempting a reconnect.
2022-09-30 00:09:39,289 INFO: Got a request to RESUME the websocket.
2022-09-30 00:09:39,448 INFO: Shard ID None has sent the RESUME payload.
2022-09-30 00:09:39,473 INFO: Shard ID None has successfully RESUMED session 5c5d7683fe178e490314762b9a62f054 under trace ["gateway-prd-us-east1-c-5c8l",{"micros":661,"calls":["id_created",{"micros":0,"calls":[]},"session_lookup_time",{"micros":283,"calls":[]},"session_lookup_finished",{"micros":12,"calls":[]},"discord-sessions-blue-prd-2-7",{"micros":19}]}].
2022-09-30 03:57:58,796 INFO: Got a request to RESUME the websocket.
2022-09-30 03:57:58,967 INFO: Shard ID None has sent the RESUME payload.
2022-09-30 03:57:58,990 INFO: Shard ID None has successfully RESUMED session 5c5d7683fe178e490314762b9a62f054 under trace ["gateway-prd-us-east1-b-7g61",{"micros":501,"calls":["id_created",{"micros":0,"calls":[]},"session_lookup_time",{"micros":234,"calls":[]},"session_lookup_finished",{"micros":11,"calls":[]},"discord-sessions-blue-prd-2-7",{"micros":19}]}].
2022-09-30 06:24:39,345 INFO: Got a request to RESUME the websocket.
2022-09-30 06:24:39,490 INFO: Shard ID None has sent the RESUME payload.
2022-09-30 06:24:39,518 INFO: Shard ID None has successfully RESUMED session 5c5d7683fe178e490314762b9a62f054 under trace ["gateway-prd-us-east1-c-lsq7",{"micros":693,"calls":["id_created",{"micros":0,"calls":[]},"session_lookup_time",{"micros":341,"calls":[]},"session_lookup_finished",{"micros":11,"calls":[]},"discord-sessions-blue-prd-2-7",{"micros":18}]}].
2022-09-30 09:42:02,680 INFO: Got a request to RESUME the websocket.
2022-09-30 09:42:02,853 INFO: Shard ID None has sent the RESUME payload.
2022-09-30 09:42:02,877 INFO: Shard ID None has successfully RESUMED session 5c5d7683fe178e490314762b9a62f054 under trace ["gateway-prd-us-east1-c-24l9",{"micros":757,"calls":["id_created",{"micros":0,"calls":[]},"session_lookup_time",{"micros":343,"calls":[]},"session_lookup_finished",{"micros":11,"calls":[]},"discord-sessions-blue-prd-2-7",{"micros":18}]}].
2022-09-30 11:50:02,959 INFO: 不偷家的飄飄大仙 in 9又4分之8.7月台[123是什麼敷衍的名字]
2022-09-30 11:50:03,040 INFO: Connecting to voice...
2022-09-30 11:50:03,040 INFO: Starting voice handshake... (connection attempt 1)
2022-09-30 11:50:03,280 INFO: Voice handshake complete. Endpoint found hongkong7234.discord.media
2022-09-30 11:50:04,477 INFO: selected the voice protocol for use (xsalsa20_poly1305_lite)
2022-09-30 11:50:04,711 INFO: received secret key for voice connection
2022-09-30 11:50:07,794 INFO: Preparing to terminate ffmpeg process 1261.
2022-09-30 11:50:07,796 INFO: ffmpeg process 1261 successfully terminated with return code of 0.
2022-09-30 11:50:10,593 INFO: Preparing to terminate ffmpeg process 1272.
2022-09-30 11:50:10,594 INFO: ffmpeg process 1272 successfully terminated with return code of 0.
2022-09-30 11:50:11,661 INFO: The voice handshake is being terminated for Channel ID 728631391809437746 (Guild ID 428109526550708234)
2022-09-30 11:50:11,661 INFO: Disconnecting from voice normally, close code 1000.
2022-09-30 11:51:18,659 INFO: 不偷家的飄飄大仙 out 9又4分之8.7月台[123是什麼敷衍的名字]
2022-09-30 11:51:18,659 INFO: Connecting to voice...
2022-09-30 11:51:18,660 INFO: Starting voice handshake... (connection attempt 1)
2022-09-30 11:51:18,738 INFO: Voice handshake complete. Endpoint found atlanta9332.discord.media
2022-09-30 11:51:18,843 INFO: selected the voice protocol for use (xsalsa20_poly1305_lite)
2022-09-30 11:51:18,857 INFO: received secret key for voice connection
2022-09-30 11:51:21,758 INFO: Preparing to terminate ffmpeg process 1283.
2022-09-30 11:51:21,758 INFO: ffmpeg process 1283 successfully terminated with return code of 0.
2022-09-30 11:51:22,795 INFO: The voice handshake is being terminated for Channel ID 728631391809437746 (Guild ID 428109526550708234)
2022-09-30 11:51:22,796 INFO: Disconnecting from voice normally, close code 1000.
2022-09-30 11:51:24,776 INFO: Connecting to voice...
2022-09-30 11:51:24,776 INFO: Starting voice handshake... (connection attempt 1)
2022-09-30 11:51:24,956 INFO: Voice handshake complete. Endpoint found hongkong407.discord.media
2022-09-30 11:51:25,159 ERROR: Exception occurred during Voice Protocol voice server update handler
Traceback (most recent call last):
  File "/opt/virtualenvs/python3/lib/python3.8/site-packages/discord/state.py", line 102, in logging_coroutine
    await coroutine
  File "/opt/virtualenvs/python3/lib/python3.8/site-packages/discord/voice_client.py", line 295, in on_voice_server_update
    await self.ws.close(4000)
AttributeError: 'NoneType' object has no attribute 'close'
2022-09-30 11:51:26,159 INFO: selected the voice protocol for use (xsalsa20_poly1305_lite)
2022-09-30 11:51:26,409 INFO: received secret key for voice connection
2022-09-30 11:51:28,924 INFO: 貓嗷嗚飄飄大仙 in 9又4分之8.7月台[123是什麼敷衍的名字]
2022-09-30 11:51:28,964 WARNING: 'zh-tw' has been deprecated, falling back to 'zh-TW'. This fallback will be removed in a future version.
2022-09-30 11:51:31,764 INFO: Preparing to terminate ffmpeg process 1294.
2022-09-30 11:51:31,764 INFO: ffmpeg process 1294 successfully terminated with return code of 0.
2022-09-30 11:51:32,858 INFO: The voice handshake is being terminated for Channel ID 1025374303291719690 (Guild ID 428109526550708234)
2022-09-30 11:51:32,858 INFO: Connecting to voice...
2022-09-30 11:51:32,858 INFO: Starting voice handshake... (connection attempt 1)
2022-09-30 11:51:32,859 INFO: Disconnecting from voice normally, close code 1000.
2022-09-30 11:51:33,135 INFO: Voice handshake complete. Endpoint found hongkong145.discord.media
2022-09-30 11:51:34,315 INFO: selected the voice protocol for use (xsalsa20_poly1305_lite)
2022-09-30 11:51:34,552 INFO: received secret key for voice connection
2022-09-30 11:51:37,788 INFO: Preparing to terminate ffmpeg process 1344.
2022-09-30 11:51:37,788 INFO: ffmpeg process 1344 successfully terminated with return code of 0.
2022-09-30 11:51:40,706 INFO: Preparing to terminate ffmpeg process 1354.
2022-09-30 11:51:40,706 INFO: ffmpeg process 1354 successfully terminated with return code of 0.
2022-09-30 11:51:41,793 INFO: The voice handshake is being terminated for Channel ID 728631391809437746 (Guild ID 428109526550708234)
2022-09-30 11:51:41,794 INFO: Disconnecting from voice normally, close code 1000.
2022-09-30 12:14:44,177 INFO: 神奇海螺 in 9又4分之8.7月台[123是什麼敷衍的名字]
2022-09-30 12:14:44,239 INFO: Connecting to voice...
2022-09-30 12:14:44,240 INFO: Starting voice handshake... (connection attempt 1)
2022-09-30 12:14:44,496 INFO: Voice handshake complete. Endpoint found hongkong145.discord.media
2022-09-30 12:14:45,655 INFO: selected the voice protocol for use (xsalsa20_poly1305_lite)
2022-09-30 12:14:45,887 INFO: received secret key for voice connection
2022-09-30 12:14:48,757 INFO: Preparing to terminate ffmpeg process 1418.
2022-09-30 12:14:48,758 INFO: ffmpeg process 1418 successfully terminated with return code of 0.
2022-09-30 12:14:50,775 INFO: Preparing to terminate ffmpeg process 1428.
2022-09-30 12:14:50,776 INFO: ffmpeg process 1428 successfully terminated with return code of 0.
2022-09-30 12:14:51,821 INFO: The voice handshake is being terminated for Channel ID 728631391809437746 (Guild ID 428109526550708234)
2022-09-30 12:14:51,821 INFO: Disconnecting from voice normally, close code 1000.
2022-09-30 13:21:20,681 INFO: Got a request to RESUME the websocket.
2022-09-30 13:21:20,834 INFO: Shard ID None has sent the RESUME payload.
2022-09-30 13:21:20,861 INFO: Shard ID None has successfully RESUMED session 5c5d7683fe178e490314762b9a62f054 under trace ["gateway-prd-us-east1-b-mx27",{"micros":622,"calls":["id_created",{"micros":0,"calls":[]},"session_lookup_time",{"micros":249,"calls":[]},"session_lookup_finished",{"micros":29,"calls":[]},"discord-sessions-blue-prd-2-7",{"micros":20}]}].
2022-09-30 13:46:25,812 INFO: MaiMai的Pool in 9又4分之8.7月台[123是什麼敷衍的名字]
2022-09-30 13:46:25,893 INFO: Connecting to voice...
2022-09-30 13:46:25,893 INFO: Starting voice handshake... (connection attempt 1)
2022-09-30 13:46:26,127 INFO: Voice handshake complete. Endpoint found hongkong145.discord.media
2022-09-30 13:46:27,315 INFO: selected the voice protocol for use (xsalsa20_poly1305_lite)
2022-09-30 13:46:27,552 INFO: received secret key for voice connection
2022-09-30 13:46:29,842 INFO: Preparing to terminate ffmpeg process 1589.
2022-09-30 13:46:29,843 INFO: ffmpeg process 1589 successfully terminated with return code of 0.
2022-09-30 13:46:32,140 INFO: Preparing to terminate ffmpeg process 1599.
2022-09-30 13:46:32,141 INFO: ffmpeg process 1599 successfully terminated with return code of 0.
2022-09-30 13:46:33,186 INFO: The voice handshake is being terminated for Channel ID 728631391809437746 (Guild ID 428109526550708234)
2022-09-30 13:46:33,187 INFO: Disconnecting from voice normally, close code 1000.
2022-09-30 13:46:48,039 INFO: 捷運 in 9又4分之8.7月台[欸欸欸這樣配可以嗎(思]
2022-09-30 13:46:48,078 INFO: Connecting to voice...
2022-09-30 13:46:48,078 INFO: Starting voice handshake... (connection attempt 1)
2022-09-30 13:46:48,209 INFO: Voice handshake complete. Endpoint found hongkong6904.discord.media
2022-09-30 13:46:48,418 ERROR: Exception occurred during Voice Protocol voice server update handler
Traceback (most recent call last):
  File "/opt/virtualenvs/python3/lib/python3.8/site-packages/discord/state.py", line 102, in logging_coroutine
    await coroutine
  File "/opt/virtualenvs/python3/lib/python3.8/site-packages/discord/voice_client.py", line 295, in on_voice_server_update
    await self.ws.close(4000)
AttributeError: 'NoneType' object has no attribute 'close'
2022-09-30 13:46:49,422 INFO: selected the voice protocol for use (xsalsa20_poly1305_lite)
2022-09-30 13:46:49,661 INFO: received secret key for voice connection
2022-09-30 13:46:50,665 INFO: SparkleZ in 9又4分之8.7月台[欸欸欸這樣配可以嗎(思]
2022-09-30 13:46:51,510 INFO: Preparing to terminate ffmpeg process 1610.
2022-09-30 13:46:51,511 INFO: ffmpeg process 1610 successfully terminated with return code of 0.
2022-09-30 13:46:54,574 INFO: Preparing to terminate ffmpeg process 1620.
2022-09-30 13:46:54,575 INFO: ffmpeg process 1620 successfully terminated with return code of 0.
2022-09-30 13:46:57,592 INFO: Preparing to terminate ffmpeg process 1630.
2022-09-30 13:46:57,592 INFO: ffmpeg process 1630 successfully terminated with return code of 0.
2022-09-30 13:46:59,685 INFO: Preparing to terminate ffmpeg process 1640.
2022-09-30 13:46:59,686 INFO: ffmpeg process 1640 successfully terminated with return code of 0.
2022-09-30 13:47:00,729 INFO: The voice handshake is being terminated for Channel ID 868516155525046333 (Guild ID 428109526550708234)
2022-09-30 13:47:00,730 INFO: Disconnecting from voice normally, close code 1000.
2022-09-30 14:10:49,691 INFO: 捷運 out 9又4分之8.7月台[欸欸欸這樣配可以嗎(思]
2022-09-30 14:10:49,692 INFO: Connecting to voice...
2022-09-30 14:10:49,692 INFO: Starting voice handshake... (connection attempt 1)
2022-09-30 14:10:49,990 INFO: Voice handshake complete. Endpoint found hongkong6904.discord.media
2022-09-30 14:10:51,201 INFO: selected the voice protocol for use (xsalsa20_poly1305_lite)
2022-09-30 14:10:51,449 INFO: received secret key for voice connection
2022-09-30 14:10:52,474 INFO: SparkleZ out 9又4分之8.7月台[欸欸欸這樣配可以嗎(思]
2022-09-30 14:10:53,118 INFO: Preparing to terminate ffmpeg process 1686.
2022-09-30 14:10:53,118 INFO: ffmpeg process 1686 successfully terminated with return code of 0.
2022-09-30 14:10:56,168 INFO: Preparing to terminate ffmpeg process 1696.
2022-09-30 14:10:56,169 INFO: ffmpeg process 1696 successfully terminated with return code of 0.
2022-09-30 14:10:57,194 INFO: The voice handshake is being terminated for Channel ID 868516155525046333 (Guild ID 428109526550708234)
2022-09-30 14:10:57,195 INFO: Disconnecting from voice normally, close code 1000.
2022-09-30 14:16:02,646 INFO: KyrieR in 9又4分之8.7月台[123是什麼敷衍的名字]
2022-09-30 14:16:02,764 INFO: Connecting to voice...
2022-09-30 14:16:02,765 INFO: Starting voice handshake... (connection attempt 1)
2022-09-30 14:16:03,000 INFO: Voice handshake complete. Endpoint found hongkong145.discord.media
2022-09-30 14:16:04,192 INFO: selected the voice protocol for use (xsalsa20_poly1305_lite)
2022-09-30 14:16:04,424 INFO: received secret key for voice connection
2022-09-30 14:16:06,513 INFO: Preparing to terminate ffmpeg process 1707.
2022-09-30 14:16:06,513 INFO: ffmpeg process 1707 successfully terminated with return code of 0.
2022-09-30 14:16:09,289 INFO: Preparing to terminate ffmpeg process 1717.
2022-09-30 14:16:09,290 INFO: ffmpeg process 1717 successfully terminated with return code of 0.
2022-09-30 14:16:10,361 INFO: The voice handshake is being terminated for Channel ID 728631391809437746 (Guild ID 428109526550708234)
2022-09-30 14:16:10,362 INFO: Disconnecting from voice normally, close code 1000.
2022-09-30 14:17:33,304 INFO: BunnyplayGG in 9又4分之8.7月台[123是什麼敷衍的名字]
2022-09-30 14:17:33,392 INFO: Connecting to voice...
2022-09-30 14:17:33,392 INFO: Starting voice handshake... (connection attempt 1)
2022-09-30 14:17:34,206 INFO: Voice handshake complete. Endpoint found hongkong145.discord.media
2022-09-30 14:17:35,421 INFO: selected the voice protocol for use (xsalsa20_poly1305_lite)
2022-09-30 14:17:35,666 INFO: received secret key for voice connection
2022-09-30 14:17:38,054 INFO: Preparing to terminate ffmpeg process 1728.
2022-09-30 14:17:38,054 INFO: ffmpeg process 1728 successfully terminated with return code of 0.
2022-09-30 14:17:40,055 INFO: Preparing to terminate ffmpeg process 1738.
2022-09-30 14:17:40,056 INFO: ffmpeg process 1738 successfully terminated with return code of 0.
2022-09-30 14:17:41,101 INFO: The voice handshake is being terminated for Channel ID 728631391809437746 (Guild ID 428109526550708234)
2022-09-30 14:17:41,102 INFO: Disconnecting from voice normally, close code 1000.
2022-09-30 14:36:40,158 INFO: KyrieR out 9又4分之8.7月台[123是什麼敷衍的名字]
2022-09-30 14:36:40,158 INFO: Connecting to voice...
2022-09-30 14:36:40,158 INFO: Starting voice handshake... (connection attempt 1)
2022-09-30 14:36:40,443 INFO: Voice handshake complete. Endpoint found hongkong145.discord.media
2022-09-30 14:36:41,680 INFO: selected the voice protocol for use (xsalsa20_poly1305_lite)
2022-09-30 14:36:41,931 INFO: received secret key for voice connection
2022-09-30 14:36:43,760 INFO: Preparing to terminate ffmpeg process 1786.
2022-09-30 14:36:43,760 INFO: ffmpeg process 1786 successfully terminated with return code of 0.
2022-09-30 14:36:44,777 INFO: The voice handshake is being terminated for Channel ID 728631391809437746 (Guild ID 428109526550708234)
2022-09-30 14:36:44,779 INFO: Disconnecting from voice normally, close code 1000.
2022-09-30 14:38:01,093 INFO: KyrieR in 9又4分之8.7月台[123是什麼敷衍的名字]
2022-09-30 14:38:01,211 INFO: Connecting to voice...
2022-09-30 14:38:01,211 INFO: Starting voice handshake... (connection attempt 1)
2022-09-30 14:38:01,459 INFO: Voice handshake complete. Endpoint found hongkong145.discord.media
2022-09-30 14:38:02,678 INFO: selected the voice protocol for use (xsalsa20_poly1305_lite)
2022-09-30 14:38:02,913 INFO: received secret key for voice connection
2022-09-30 14:38:05,003 INFO: Preparing to terminate ffmpeg process 1797.
2022-09-30 14:38:05,004 INFO: ffmpeg process 1797 successfully terminated with return code of 0.
2022-09-30 14:38:07,199 INFO: Preparing to terminate ffmpeg process 1807.
2022-09-30 14:38:07,199 INFO: ffmpeg process 1807 successfully terminated with return code of 0.
2022-09-30 14:38:08,242 INFO: Disconnecting from voice normally, close code 1000.
2022-09-30 14:38:08,478 INFO: The voice handshake is being terminated for Channel ID 728631391809437746 (Guild ID 428109526550708234)
2022-09-30 15:02:02,623 INFO: Connecting to voice...
2022-09-30 15:02:02,623 INFO: Starting voice handshake... (connection attempt 1)
2022-09-30 15:02:02,766 INFO: Voice handshake complete. Endpoint found japan2541.discord.media
2022-09-30 15:02:02,900 ERROR: Exception occurred during Voice Protocol voice server update handler
Traceback (most recent call last):
  File "/opt/virtualenvs/python3/lib/python3.8/site-packages/discord/state.py", line 102, in logging_coroutine
    await coroutine
  File "/opt/virtualenvs/python3/lib/python3.8/site-packages/discord/voice_client.py", line 295, in on_voice_server_update
    await self.ws.close(4000)
AttributeError: 'NoneType' object has no attribute 'close'
2022-09-30 15:02:03,721 INFO: selected the voice protocol for use (xsalsa20_poly1305_lite)
2022-09-30 15:02:03,907 INFO: received secret key for voice connection
2022-09-30 15:02:09,261 INFO: Preparing to terminate ffmpeg process 1854.
2022-09-30 15:02:09,262 INFO: ffmpeg process 1854 successfully terminated with return code of 0.
2022-09-30 15:02:10,345 INFO: The voice handshake is being terminated for Channel ID 1025422276822302772 (Guild ID 428109526550708234)
2022-09-30 15:02:10,346 INFO: Disconnecting from voice normally, close code 1000.
2022-09-30 15:02:14,221 INFO: Lexor in 9又4分之8.7月台[123是什麼敷衍的名字]
2022-09-30 15:02:14,260 INFO: Connecting to voice...
2022-09-30 15:02:14,260 INFO: Starting voice handshake... (connection attempt 1)
2022-09-30 15:02:14,504 INFO: Voice handshake complete. Endpoint found hongkong145.discord.media
2022-09-30 15:02:15,693 INFO: selected the voice protocol for use (xsalsa20_poly1305_lite)
2022-09-30 15:02:15,927 INFO: received secret key for voice connection
2022-09-30 15:02:18,318 INFO: Preparing to terminate ffmpeg process 1865.
2022-09-30 15:02:18,318 INFO: ffmpeg process 1865 successfully terminated with return code of 0.
2022-09-30 15:02:20,416 INFO: Preparing to terminate ffmpeg process 1875.
2022-09-30 15:02:20,416 INFO: ffmpeg process 1875 successfully terminated with return code of 0.
2022-09-30 15:02:21,464 INFO: The voice handshake is being terminated for Channel ID 728631391809437746 (Guild ID 428109526550708234)
2022-09-30 15:02:21,465 INFO: Disconnecting from voice normally, close code 1000.
2022-09-30 15:07:16,601 INFO: Lexor out 9又4分之8.7月台[123是什麼敷衍的名字]
2022-09-30 15:07:16,601 INFO: Connecting to voice...
2022-09-30 15:07:16,601 INFO: Starting voice handshake... (connection attempt 1)
2022-09-30 15:07:16,876 INFO: Voice handshake complete. Endpoint found hongkong145.discord.media
2022-09-30 15:07:18,094 INFO: selected the voice protocol for use (xsalsa20_poly1305_lite)
2022-09-30 15:07:18,335 INFO: received secret key for voice connection
2022-09-30 15:07:20,023 INFO: Preparing to terminate ffmpeg process 1886.
2022-09-30 15:07:20,024 INFO: ffmpeg process 1886 successfully terminated with return code of 0.
2022-09-30 15:07:21,050 INFO: The voice handshake is being terminated for Channel ID 728631391809437746 (Guild ID 428109526550708234)
2022-09-30 15:07:21,051 INFO: Disconnecting from voice normally, close code 1000.
2022-09-30 15:13:40,644 INFO: Got a request to RESUME the websocket.
2022-09-30 15:13:40,799 INFO: Shard ID None has sent the RESUME payload.
2022-09-30 15:13:40,830 INFO: Shard ID None has successfully RESUMED session 5c5d7683fe178e490314762b9a62f054 under trace ["gateway-prd-us-east1-b-cpkg",{"micros":2302,"calls":["id_created",{"micros":0,"calls":[]},"session_lookup_time",{"micros":1829,"calls":[]},"session_lookup_finished",{"micros":9,"calls":[]},"discord-sessions-blue-prd-2-7",{"micros":18}]}].
2022-09-30 17:01:59,517 INFO: BunnyplayGG out 9又4分之8.7月台[123是什麼敷衍的名字]
2022-09-30 17:01:59,517 INFO: Connecting to voice...
2022-09-30 17:01:59,517 INFO: Starting voice handshake... (connection attempt 1)
2022-09-30 17:01:59,799 INFO: Voice handshake complete. Endpoint found hongkong145.discord.media
2022-09-30 17:02:01,049 INFO: selected the voice protocol for use (xsalsa20_poly1305_lite)
2022-09-30 17:02:01,292 INFO: received secret key for voice connection
2022-09-30 17:02:03,662 INFO: Preparing to terminate ffmpeg process 2079.
2022-09-30 17:02:03,663 INFO: ffmpeg process 2079 successfully terminated with return code of 0.
2022-09-30 17:02:04,719 INFO: The voice handshake is being terminated for Channel ID 728631391809437746 (Guild ID 428109526550708234)
2022-09-30 17:02:04,720 INFO: Disconnecting from voice normally, close code 1000.
2022-09-30 17:22:01,575 INFO: MaiMai的Pool out 9又4分之8.7月台[123是什麼敷衍的名字]
2022-09-30 17:22:01,576 INFO: Connecting to voice...
2022-09-30 17:22:01,576 INFO: Starting voice handshake... (connection attempt 1)
2022-09-30 17:22:01,855 INFO: Voice handshake complete. Endpoint found hongkong145.discord.media
2022-09-30 17:22:03,054 INFO: selected the voice protocol for use (xsalsa20_poly1305_lite)
2022-09-30 17:22:03,297 INFO: received secret key for voice connection
2022-09-30 17:22:05,405 INFO: Preparing to terminate ffmpeg process 2129.
2022-09-30 17:22:05,406 INFO: ffmpeg process 2129 successfully terminated with return code of 0.
2022-09-30 17:22:06,413 INFO: The voice handshake is being terminated for Channel ID 728631391809437746 (Guild ID 428109526550708234)
2022-09-30 17:22:06,414 INFO: Disconnecting from voice normally, close code 1000.
2022-09-30 17:22:22,877 INFO: KyrieR out 9又4分之8.7月台[123是什麼敷衍的名字]
2022-09-30 17:22:22,878 INFO: Connecting to voice...
2022-09-30 17:22:22,878 INFO: Starting voice handshake... (connection attempt 1)
2022-09-30 17:22:23,240 INFO: Voice handshake complete. Endpoint found hongkong145.discord.media
2022-09-30 17:22:24,467 INFO: selected the voice protocol for use (xsalsa20_poly1305_lite)
2022-09-30 17:22:24,716 INFO: received secret key for voice connection
2022-09-30 17:22:26,524 INFO: Preparing to terminate ffmpeg process 2140.
2022-09-30 17:22:26,525 INFO: ffmpeg process 2140 successfully terminated with return code of 0.
2022-09-30 17:22:27,532 INFO: The voice handshake is being terminated for Channel ID 728631391809437746 (Guild ID 428109526550708234)
2022-09-30 17:22:27,533 INFO: Disconnecting from voice normally, close code 1000.
2022-09-30 17:25:00,173 INFO: 貓嗷嗚飄飄大仙 out 9又4分之8.7月台[123是什麼敷衍的名字]
2022-09-30 17:25:00,639 INFO: Connecting to voice...
2022-09-30 17:25:00,639 INFO: Starting voice handshake... (connection attempt 1)
2022-09-30 17:25:00,714 INFO: Voice handshake complete. Endpoint found atlanta9766.discord.media
2022-09-30 17:25:00,856 INFO: selected the voice protocol for use (xsalsa20_poly1305_lite)
2022-09-30 17:25:00,869 INFO: received secret key for voice connection
2022-09-30 17:25:04,139 INFO: Preparing to terminate ffmpeg process 2198.
2022-09-30 17:25:04,140 INFO: ffmpeg process 2198 successfully terminated with return code of 0.
2022-09-30 17:25:07,738 INFO: Preparing to terminate ffmpeg process 2208.
2022-09-30 17:25:07,738 INFO: ffmpeg process 2208 successfully terminated with return code of 0.
2022-09-30 17:25:08,807 INFO: The voice handshake is being terminated for Channel ID 728631391809437746 (Guild ID 428109526550708234)
2022-09-30 17:25:08,808 INFO: Disconnecting from voice normally, close code 1000.
2022-09-30 18:52:29,622 INFO: Got a request to RESUME the websocket.
2022-09-30 18:52:29,799 INFO: Shard ID None has sent the RESUME payload.
2022-09-30 18:52:29,835 INFO: Shard ID None has successfully RESUMED session 5c5d7683fe178e490314762b9a62f054 under trace ["gateway-prd-us-east1-c-hz8w",{"micros":972,"calls":["id_created",{"micros":0,"calls":[]},"session_lookup_time",{"micros":556,"calls":[]},"session_lookup_finished",{"micros":22,"calls":[]},"discord-sessions-blue-prd-2-7",{"micros":16}]}].
2022-09-30 21:18:46,943 INFO: Got a request to RESUME the websocket.
2022-09-30 21:18:47,106 INFO: Shard ID None has sent the RESUME payload.
2022-09-30 21:18:47,133 INFO: Shard ID None has successfully RESUMED session 5c5d7683fe178e490314762b9a62f054 under trace ["gateway-prd-us-east1-c-j4l4",{"micros":805,"calls":["id_created",{"micros":0,"calls":[]},"session_lookup_time",{"micros":400,"calls":[]},"session_lookup_finished",{"micros":17,"calls":[]},"discord-sessions-blue-prd-2-7",{"micros":22}]}].
2022-09-30 22:41:04,316 INFO: Got a request to RESUME the websocket.
2022-09-30 22:41:04,474 INFO: Shard ID None has sent the RESUME payload.
2022-09-30 22:41:04,503 INFO: Shard ID None has successfully RESUMED session 5c5d7683fe178e490314762b9a62f054 under trace ["gateway-prd-us-east1-c-0d8x",{"micros":966,"calls":["id_created",{"micros":0,"calls":[]},"session_lookup_time",{"micros":485,"calls":[]},"session_lookup_finished",{"micros":11,"calls":[]},"discord-sessions-blue-prd-2-7",{"micros":21}]}].
