2022-06-23 18:11:10,803 INFO: logging in using static token
2022-06-23 18:11:11,042 INFO: Shard ID None has sent the IDENTIFY payload.
2022-06-23 18:11:11,173 INFO: Shard ID None has connected to Gateway: ["gateway-prd-main-bw12",{"micros":93830,"calls":["discord-sessions-green-prd-2-62",{"micros":91338,"calls":["start_session",{"micros":48041,"calls":["discord-api-57d6994d44-fm8db",{"micros":42316,"calls":["get_user",{"micros":9048},"add_authorized_ip",{"micros":1472},"get_guilds",{"micros":9055},"coros_wait",{"micros":1}]}]},"guilds_connect",{"micros":2,"calls":[]},"presence_connect",{"micros":18131,"calls":[]}]}]}] (Session ID: 4fbd8c5a1aefa7e2c3e48e97eba54f11).
2022-06-23 18:11:13,214 INFO: 目前登入身份：神奇海螺#3847
2022-06-23 18:40:16,160 INFO: logging in using static token
2022-06-23 18:40:16,423 INFO: Shard ID None has sent the IDENTIFY payload.
2022-06-23 18:40:16,758 INFO: Shard ID None has connected to Gateway: ["gateway-prd-main-ptpj",{"micros":291967,"calls":["discord-sessions-green-prd-2-155",{"micros":290730,"calls":["start_session",{"micros":241177,"calls":["discord-api-57d6994d44-dg6bm",{"micros":230313,"calls":["get_user",{"micros":31312},"add_authorized_ip",{"micros":18826},"get_guilds",{"micros":35681},"coros_wait",{"micros":2}]}]},"guilds_connect",{"micros":2,"calls":[]},"presence_connect",{"micros":1,"calls":[]}]}]}] (Session ID: a3b3730d13b62237a7d38114aabdeede).
2022-06-23 18:40:18,819 INFO: 目前登入身份：神奇海螺#3847
2022-06-23 19:35:07,359 INFO: Got a request to RESUME the websocket.
2022-06-23 19:35:07,554 INFO: Shard ID None has sent the RESUME payload.
2022-06-23 19:35:07,592 INFO: Shard ID None has successfully RESUMED session a3b3730d13b62237a7d38114aabdeede under trace ["gateway-prd-main-v9fk",{"micros":818,"calls":["discord-sessions-green-prd-2-155",{"micros":19}]}].
2022-06-23 20:37:09,160 INFO: logging in using static token
2022-06-23 20:37:09,589 INFO: Shard ID None has sent the IDENTIFY payload.
2022-06-23 20:37:09,703 INFO: Shard ID None has connected to Gateway: ["gateway-prd-main-1qhk",{"micros":74152,"calls":["discord-sessions-green-prd-2-156",{"micros":71973,"calls":["start_session",{"micros":46901,"calls":["discord-api-57d6994d44-w74bv",{"micros":41950,"calls":["get_user",{"micros":7928},"add_authorized_ip",{"micros":1712},"get_guilds",{"micros":8144},"coros_wait",{"micros":2}]}]},"guilds_connect",{"micros":2,"calls":[]},"presence_connect",{"micros":1,"calls":[]}]}]}] (Session ID: 035deab125e06d2b6a82f56671b1c524).
2022-06-23 20:37:11,762 INFO: 目前登入身份：神奇海螺#3847
2022-06-23 23:55:45,555 INFO: Got a request to RESUME the websocket.
2022-06-23 23:55:45,729 INFO: Shard ID None has sent the RESUME payload.
2022-06-23 23:55:45,767 INFO: Shard ID None has successfully RESUMED session 035deab125e06d2b6a82f56671b1c524 under trace ["gateway-prd-main-zcl6",{"micros":484,"calls":["discord-sessions-green-prd-2-156",{"micros":16}]}].
2022-06-23 23:57:17,467 INFO: logging in using static token
2022-06-23 23:57:17,707 INFO: Shard ID None has sent the IDENTIFY payload.
2022-06-23 23:57:17,855 INFO: Shard ID None has connected to Gateway: ["gateway-prd-main-1d06",{"micros":110541,"calls":["discord-sessions-green-prd-2-61",{"micros":108417,"calls":["start_session",{"micros":63350,"calls":["discord-api-777969c9f4-nm89v",{"micros":59227,"calls":["get_user",{"micros":9422},"add_authorized_ip",{"micros":1502},"get_guilds",{"micros":5620},"coros_wait",{"micros":1}]}]},"guilds_connect",{"micros":2,"calls":[]},"presence_connect",{"micros":884,"calls":[]}]}]}] (Session ID: 1421b21e09017b623ab678fd593d9ef5).
2022-06-23 23:57:19,917 INFO: 目前登入身份：神奇海螺#3847
2022-06-24 01:32:50,753 INFO: Got a request to RESUME the websocket.
2022-06-24 01:32:50,912 INFO: Shard ID None has sent the RESUME payload.
2022-06-24 01:32:50,955 INFO: Shard ID None has successfully RESUMED session 1421b21e09017b623ab678fd593d9ef5 under trace ["gateway-prd-main-538w",{"micros":530,"calls":["discord-sessions-green-prd-2-61",{"micros":17}]}].
2022-06-24 04:09:18,978 INFO: Got a request to RESUME the websocket.
2022-06-24 04:09:19,147 INFO: Shard ID None has sent the RESUME payload.
2022-06-24 04:09:19,212 INFO: Shard ID None has successfully RESUMED session 1421b21e09017b623ab678fd593d9ef5 under trace ["gateway-prd-main-p7xj",{"micros":14629,"calls":["discord-sessions-green-prd-2-61",{"micros":21}]}].
2022-06-24 08:02:17,273 INFO: Got a request to RESUME the websocket.
2022-06-24 08:02:17,446 INFO: Shard ID None has sent the RESUME payload.
2022-06-24 08:02:17,485 INFO: Shard ID None has successfully RESUMED session 1421b21e09017b623ab678fd593d9ef5 under trace ["gateway-prd-main-h5cs",{"micros":2992,"calls":["discord-sessions-green-prd-2-61",{"micros":21}]}].
2022-06-24 08:28:47,236 INFO: Got a request to RESUME the websocket.
2022-06-24 08:28:47,410 INFO: Shard ID None has sent the RESUME payload.
2022-06-24 08:28:47,448 INFO: Shard ID None has successfully RESUMED session 1421b21e09017b623ab678fd593d9ef5 under trace ["gateway-prd-main-9jsk",{"micros":677,"calls":["discord-sessions-green-prd-2-61",{"micros":22}]}].
2022-06-24 09:41:19,763 INFO: Got a request to RESUME the websocket.
2022-06-24 09:41:19,959 INFO: Shard ID None has sent the RESUME payload.
2022-06-24 09:41:19,997 INFO: Shard ID None has successfully RESUMED session 1421b21e09017b623ab678fd593d9ef5 under trace ["gateway-prd-main-7kj1",{"micros":555,"calls":["discord-sessions-green-prd-2-61",{"micros":17}]}].
2022-06-24 11:34:14,995 INFO: Got a request to RESUME the websocket.
2022-06-24 11:34:15,168 INFO: Shard ID None has sent the RESUME payload.
2022-06-24 11:34:15,223 INFO: Shard ID None has successfully RESUMED session 1421b21e09017b623ab678fd593d9ef5 under trace ["gateway-prd-main-q9z7",{"micros":18584,"calls":["discord-sessions-green-prd-2-61",{"micros":37}]}].
2022-06-24 12:07:40,461 INFO: logging in using static token
2022-06-24 12:07:40,704 INFO: Shard ID None has sent the IDENTIFY payload.
2022-06-24 12:07:40,854 INFO: Shard ID None has connected to Gateway: ["gateway-prd-main-qgrq",{"micros":104216,"calls":["discord-sessions-green-prd-2-142",{"micros":103116,"calls":["start_session",{"micros":80681,"calls":["discord-api-8668c6c64f-zlc58",{"micros":74633,"calls":["get_user",{"micros":28009},"add_authorized_ip",{"micros":2274},"get_guilds",{"micros":6222},"coros_wait",{"micros":2}]}]},"guilds_connect",{"micros":3,"calls":[]},"presence_connect",{"micros":1,"calls":[]}]}]}] (Session ID: fbc34dcf4285ff5c52dab872fcfd5f72).
2022-06-24 12:07:42,986 INFO: 目前登入身份：神奇海螺#3847
2022-06-24 12:15:08,865 INFO: MaiMai的Pool in 9又4分之8.7月台[123是什麼敷衍的名字]
2022-06-24 12:15:08,931 INFO: Connecting to voice...
2022-06-24 12:15:08,931 INFO: Starting voice handshake... (connection attempt 1)
2022-06-24 12:15:09,617 INFO: Voice handshake complete. Endpoint found hongkong1810.discord.media
2022-06-24 12:15:09,817 ERROR: Exception occurred during Voice Protocol voice server update handler
Traceback (most recent call last):
  File "/opt/virtualenvs/python3/lib/python3.8/site-packages/discord/state.py", line 102, in logging_coroutine
    await coroutine
  File "/opt/virtualenvs/python3/lib/python3.8/site-packages/discord/voice_client.py", line 295, in on_voice_server_update
    await self.ws.close(4000)
AttributeError: 'NoneType' object has no attribute 'close'
2022-06-24 12:15:10,672 INFO: selected the voice protocol for use (xsalsa20_poly1305_lite)
2022-06-24 12:15:10,881 INFO: received secret key for voice connection
2022-06-24 12:15:13,182 INFO: Preparing to terminate ffmpeg process 175.
2022-06-24 12:15:13,183 INFO: ffmpeg process 175 successfully terminated with return code of 0.
2022-06-24 12:15:15,276 INFO: Preparing to terminate ffmpeg process 186.
2022-06-24 12:15:15,277 INFO: ffmpeg process 186 successfully terminated with return code of 0.
2022-06-24 12:15:16,321 INFO: The voice handshake is being terminated for Channel ID 728631391809437746 (Guild ID 428109526550708234)
2022-06-24 12:15:16,321 INFO: Disconnecting from voice normally, close code 1000.
2022-06-24 12:15:35,745 INFO: Lexor in 9又4分之8.7月台[123是什麼敷衍的名字]
2022-06-24 12:15:35,781 INFO: Connecting to voice...
2022-06-24 12:15:35,782 INFO: Starting voice handshake... (connection attempt 1)
2022-06-24 12:15:36,084 INFO: Voice handshake complete. Endpoint found hongkong1810.discord.media
2022-06-24 12:15:37,112 INFO: selected the voice protocol for use (xsalsa20_poly1305_lite)
2022-06-24 12:15:37,318 INFO: received secret key for voice connection
2022-06-24 12:15:39,188 INFO: Preparing to terminate ffmpeg process 197.
2022-06-24 12:15:39,189 INFO: ffmpeg process 197 successfully terminated with return code of 0.
2022-06-24 12:15:41,387 INFO: Preparing to terminate ffmpeg process 207.
2022-06-24 12:15:41,388 INFO: ffmpeg process 207 successfully terminated with return code of 0.
2022-06-24 12:15:42,453 INFO: The voice handshake is being terminated for Channel ID 728631391809437746 (Guild ID 428109526550708234)
2022-06-24 12:15:42,454 INFO: Disconnecting from voice normally, close code 1000.
2022-06-24 12:17:54,771 INFO: wawa的n in 9又4分之8.7月台[123是什麼敷衍的名字]
2022-06-24 12:17:54,990 INFO: Connecting to voice...
2022-06-24 12:17:54,990 INFO: Starting voice handshake... (connection attempt 1)
2022-06-24 12:17:55,722 INFO: Voice handshake complete. Endpoint found hongkong1810.discord.media
2022-06-24 12:17:56,746 INFO: selected the voice protocol for use (xsalsa20_poly1305_lite)
2022-06-24 12:17:56,949 INFO: received secret key for voice connection
2022-06-24 12:17:59,098 INFO: Preparing to terminate ffmpeg process 218.
2022-06-24 12:17:59,098 INFO: ffmpeg process 218 successfully terminated with return code of 0.
2022-06-24 12:18:02,532 INFO: Preparing to terminate ffmpeg process 228.
2022-06-24 12:18:02,533 INFO: ffmpeg process 228 successfully terminated with return code of 0.
2022-06-24 12:18:03,587 INFO: The voice handshake is being terminated for Channel ID 728631391809437746 (Guild ID 428109526550708234)
2022-06-24 12:18:03,587 INFO: Disconnecting from voice normally, close code 1000.
2022-06-24 12:29:07,548 INFO: 神奇海螺 in 9又4分之8.7月台[123是什麼敷衍的名字]
2022-06-24 12:29:07,564 INFO: Connecting to voice...
2022-06-24 12:29:07,564 INFO: Starting voice handshake... (connection attempt 1)
2022-06-24 12:29:08,476 INFO: Voice handshake complete. Endpoint found hongkong1810.discord.media
2022-06-24 12:29:09,515 INFO: selected the voice protocol for use (xsalsa20_poly1305_lite)
2022-06-24 12:29:09,725 INFO: received secret key for voice connection
2022-06-24 12:29:12,594 INFO: Preparing to terminate ffmpeg process 270.
2022-06-24 12:29:12,595 INFO: ffmpeg process 270 successfully terminated with return code of 0.
2022-06-24 12:29:15,317 INFO: Preparing to terminate ffmpeg process 280.
2022-06-24 12:29:15,318 INFO: ffmpeg process 280 successfully terminated with return code of 0.
2022-06-24 12:29:16,365 INFO: The voice handshake is being terminated for Channel ID 728631391809437746 (Guild ID 428109526550708234)
2022-06-24 12:29:16,366 INFO: Disconnecting from voice normally, close code 1000.
2022-06-24 12:47:37,591 INFO: Lexor out 9又4分之8.7月台[123是什麼敷衍的名字]
2022-06-24 12:47:37,591 INFO: Connecting to voice...
2022-06-24 12:47:37,591 INFO: Starting voice handshake... (connection attempt 1)
2022-06-24 12:47:38,520 INFO: Voice handshake complete. Endpoint found hongkong1810.discord.media
2022-06-24 12:47:39,540 INFO: selected the voice protocol for use (xsalsa20_poly1305_lite)
2022-06-24 12:47:39,739 INFO: received secret key for voice connection
2022-06-24 12:47:41,427 INFO: Preparing to terminate ffmpeg process 322.
2022-06-24 12:47:41,427 INFO: ffmpeg process 322 successfully terminated with return code of 0.
2022-06-24 12:47:42,463 INFO: The voice handshake is being terminated for Channel ID 728631391809437746 (Guild ID 428109526550708234)
2022-06-24 12:47:42,464 INFO: Disconnecting from voice normally, close code 1000.
2022-06-24 12:48:36,386 INFO: Lexor in 9又4分之8.7月台[123是什麼敷衍的名字]
2022-06-24 12:48:36,415 INFO: Connecting to voice...
2022-06-24 12:48:36,415 INFO: Starting voice handshake... (connection attempt 1)
2022-06-24 12:48:36,743 INFO: Voice handshake complete. Endpoint found hongkong1810.discord.media
2022-06-24 12:48:37,799 INFO: selected the voice protocol for use (xsalsa20_poly1305_lite)
2022-06-24 12:48:38,023 INFO: received secret key for voice connection
2022-06-24 12:48:40,411 INFO: Preparing to terminate ffmpeg process 333.
2022-06-24 12:48:40,411 INFO: ffmpeg process 333 successfully terminated with return code of 0.
2022-06-24 12:48:43,191 INFO: Preparing to terminate ffmpeg process 343.
2022-06-24 12:48:43,192 INFO: ffmpeg process 343 successfully terminated with return code of 0.
2022-06-24 12:48:44,258 INFO: The voice handshake is being terminated for Channel ID 728631391809437746 (Guild ID 428109526550708234)
2022-06-24 12:48:44,259 INFO: Disconnecting from voice normally, close code 1000.
2022-06-24 12:52:13,204 INFO: DADA的DIAO in 9又4分之8.7月台[123是什麼敷衍的名字]
2022-06-24 12:52:13,227 INFO: Connecting to voice...
2022-06-24 12:52:13,228 INFO: Starting voice handshake... (connection attempt 1)
2022-06-24 12:52:13,589 INFO: Voice handshake complete. Endpoint found hongkong1810.discord.media
2022-06-24 12:52:14,621 INFO: selected the voice protocol for use (xsalsa20_poly1305_lite)
2022-06-24 12:52:14,829 INFO: received secret key for voice connection
2022-06-24 12:52:17,077 INFO: Preparing to terminate ffmpeg process 354.
2022-06-24 12:52:17,079 INFO: ffmpeg process 354 successfully terminated with return code of 0.
2022-06-24 12:52:19,973 INFO: Preparing to terminate ffmpeg process 364.
2022-06-24 12:52:19,974 INFO: ffmpeg process 364 successfully terminated with return code of 0.
2022-06-24 12:52:21,062 INFO: The voice handshake is being terminated for Channel ID 728631391809437746 (Guild ID 428109526550708234)
2022-06-24 12:52:21,062 INFO: Disconnecting from voice normally, close code 1000.
2022-06-24 12:59:54,362 INFO: Lexor out 9又4分之8.7月台[123是什麼敷衍的名字]
2022-06-24 12:59:54,362 INFO: Connecting to voice...
2022-06-24 12:59:54,362 INFO: Starting voice handshake... (connection attempt 1)
2022-06-24 12:59:54,625 INFO: Voice handshake complete. Endpoint found hongkong1810.discord.media
2022-06-24 12:59:55,645 INFO: selected the voice protocol for use (xsalsa20_poly1305_lite)
2022-06-24 12:59:55,851 INFO: received secret key for voice connection
2022-06-24 12:59:57,540 INFO: Preparing to terminate ffmpeg process 405.
2022-06-24 12:59:57,541 INFO: ffmpeg process 405 successfully terminated with return code of 0.
2022-06-24 12:59:58,565 INFO: The voice handshake is being terminated for Channel ID 728631391809437746 (Guild ID 428109526550708234)
2022-06-24 12:59:58,566 INFO: Disconnecting from voice normally, close code 1000.
2022-06-24 13:00:29,343 INFO: Lexor in 9又4分之8.7月台[123是什麼敷衍的名字]
2022-06-24 13:00:29,510 INFO: Connecting to voice...
2022-06-24 13:00:29,510 INFO: Starting voice handshake... (connection attempt 1)
2022-06-24 13:00:29,752 INFO: Voice handshake complete. Endpoint found hongkong1810.discord.media
2022-06-24 13:00:30,796 INFO: selected the voice protocol for use (xsalsa20_poly1305_lite)
2022-06-24 13:00:31,008 INFO: received secret key for voice connection
2022-06-24 13:00:33,397 INFO: Preparing to terminate ffmpeg process 416.
2022-06-24 13:00:33,397 INFO: ffmpeg process 416 successfully terminated with return code of 0.
2022-06-24 13:00:36,268 INFO: Preparing to terminate ffmpeg process 426.
2022-06-24 13:00:36,269 INFO: ffmpeg process 426 successfully terminated with return code of 0.
2022-06-24 13:00:37,357 INFO: The voice handshake is being terminated for Channel ID 728631391809437746 (Guild ID 428109526550708234)
2022-06-24 13:00:37,358 INFO: Disconnecting from voice normally, close code 1000.
2022-06-24 13:25:10,780 INFO: Lexor out 9又4分之8.7月台[123是什麼敷衍的名字]
2022-06-24 13:25:10,781 INFO: Connecting to voice...
2022-06-24 13:25:10,781 INFO: Starting voice handshake... (connection attempt 1)
2022-06-24 13:25:11,103 INFO: Voice handshake complete. Endpoint found hongkong1810.discord.media
2022-06-24 13:25:12,155 INFO: selected the voice protocol for use (xsalsa20_poly1305_lite)
2022-06-24 13:25:12,364 INFO: received secret key for voice connection
2022-06-24 13:25:14,055 INFO: Preparing to terminate ffmpeg process 529.
2022-06-24 13:25:14,056 INFO: ffmpeg process 529 successfully terminated with return code of 0.
2022-06-24 13:25:15,083 INFO: The voice handshake is being terminated for Channel ID 728631391809437746 (Guild ID 428109526550708234)
2022-06-24 13:25:15,084 INFO: Disconnecting from voice normally, close code 1000.
2022-06-24 15:20:08,381 INFO: 不偷家的飄飄大仙 in 9又4分之8.7月台[123是什麼敷衍的名字]
2022-06-24 15:20:08,725 INFO: Connecting to voice...
2022-06-24 15:20:08,725 INFO: Starting voice handshake... (connection attempt 1)
2022-06-24 15:20:09,315 INFO: Voice handshake complete. Endpoint found hongkong1810.discord.media
2022-06-24 15:20:10,387 INFO: selected the voice protocol for use (xsalsa20_poly1305_lite)
2022-06-24 15:20:10,600 INFO: received secret key for voice connection
2022-06-24 15:20:13,667 INFO: Preparing to terminate ffmpeg process 850.
2022-06-24 15:20:13,668 INFO: ffmpeg process 850 successfully terminated with return code of 0.
2022-06-24 15:20:15,870 INFO: Preparing to terminate ffmpeg process 860.
2022-06-24 15:20:15,871 INFO: ffmpeg process 860 successfully terminated with return code of 0.
2022-06-24 15:20:16,935 INFO: The voice handshake is being terminated for Channel ID 728631391809437746 (Guild ID 428109526550708234)
2022-06-24 15:20:16,936 INFO: Disconnecting from voice normally, close code 1000.
2022-06-24 15:22:43,992 INFO: 捷運 in 9又4分之8.7月台[欸欸欸這樣配可以嗎(思]
2022-06-24 15:22:44,019 INFO: Connecting to voice...
2022-06-24 15:22:44,019 INFO: Starting voice handshake... (connection attempt 1)
2022-06-24 15:22:44,739 INFO: Voice handshake complete. Endpoint found hongkong2591.discord.media
2022-06-24 15:22:44,927 ERROR: Exception occurred during Voice Protocol voice server update handler
Traceback (most recent call last):
  File "/opt/virtualenvs/python3/lib/python3.8/site-packages/discord/state.py", line 102, in logging_coroutine
    await coroutine
  File "/opt/virtualenvs/python3/lib/python3.8/site-packages/discord/voice_client.py", line 295, in on_voice_server_update
    await self.ws.close(4000)
AttributeError: 'NoneType' object has no attribute 'close'
2022-06-24 15:22:45,762 INFO: selected the voice protocol for use (xsalsa20_poly1305_lite)
2022-06-24 15:22:45,961 INFO: received secret key for voice connection
2022-06-24 15:22:47,808 INFO: Preparing to terminate ffmpeg process 871.
2022-06-24 15:22:47,809 INFO: ffmpeg process 871 successfully terminated with return code of 0.
2022-06-24 15:22:50,431 INFO: Preparing to terminate ffmpeg process 881.
2022-06-24 15:22:50,432 INFO: ffmpeg process 881 successfully terminated with return code of 0.
2022-06-24 15:22:51,499 INFO: The voice handshake is being terminated for Channel ID 868516155525046333 (Guild ID 428109526550708234)
2022-06-24 15:22:51,499 INFO: Disconnecting from voice normally, close code 1000.
2022-06-24 15:23:50,479 INFO: SparkleZ in 9又4分之8.7月台[欸欸欸這樣配可以嗎(思]
2022-06-24 15:23:50,511 INFO: Connecting to voice...
2022-06-24 15:23:50,511 INFO: Starting voice handshake... (connection attempt 1)
2022-06-24 15:23:50,870 INFO: Voice handshake complete. Endpoint found hongkong2591.discord.media
2022-06-24 15:23:51,914 INFO: selected the voice protocol for use (xsalsa20_poly1305_lite)
2022-06-24 15:23:52,120 INFO: received secret key for voice connection
2022-06-24 15:23:54,109 INFO: Preparing to terminate ffmpeg process 892.
2022-06-24 15:23:54,110 INFO: ffmpeg process 892 successfully terminated with return code of 0.
2022-06-24 15:23:56,405 INFO: Preparing to terminate ffmpeg process 902.
2022-06-24 15:23:56,406 INFO: ffmpeg process 902 successfully terminated with return code of 0.
2022-06-24 15:23:57,451 INFO: The voice handshake is being terminated for Channel ID 868516155525046333 (Guild ID 428109526550708234)
2022-06-24 15:23:57,452 INFO: Disconnecting from voice normally, close code 1000.
2022-06-24 15:30:43,160 INFO: KyrieR in 9又4分之8.7月台[123是什麼敷衍的名字]
2022-06-24 15:30:43,178 INFO: Connecting to voice...
2022-06-24 15:30:43,178 INFO: Starting voice handshake... (connection attempt 1)
2022-06-24 15:30:43,505 INFO: Voice handshake complete. Endpoint found hongkong1810.discord.media
2022-06-24 15:30:44,521 INFO: selected the voice protocol for use (xsalsa20_poly1305_lite)
2022-06-24 15:30:44,724 INFO: received secret key for voice connection
2022-06-24 15:30:47,348 INFO: Preparing to terminate ffmpeg process 943.
2022-06-24 15:30:47,349 INFO: ffmpeg process 943 successfully terminated with return code of 0.
2022-06-24 15:30:49,918 INFO: Preparing to terminate ffmpeg process 953.
2022-06-24 15:30:49,918 INFO: ffmpeg process 953 successfully terminated with return code of 0.
2022-06-24 15:30:50,992 INFO: The voice handshake is being terminated for Channel ID 728631391809437746 (Guild ID 428109526550708234)
2022-06-24 15:30:50,993 INFO: Disconnecting from voice normally, close code 1000.
2022-06-24 15:47:02,315 INFO: Got a request to RESUME the websocket.
2022-06-24 15:47:02,492 INFO: Shard ID None has sent the RESUME payload.
2022-06-24 15:47:02,539 INFO: Shard ID None has successfully RESUMED session fbc34dcf4285ff5c52dab872fcfd5f72 under trace ["gateway-prd-main-4mg3",{"micros":2066,"calls":["discord-sessions-green-prd-2-142",{"micros":19}]}].
2022-06-24 15:52:08,055 INFO: DADA的DIAO out 9又4分之8.7月台[123是什麼敷衍的名字]
2022-06-24 15:52:08,056 INFO: Connecting to voice...
2022-06-24 15:52:08,062 INFO: Starting voice handshake... (connection attempt 1)
2022-06-24 15:52:08,916 INFO: Voice handshake complete. Endpoint found hongkong1810.discord.media
2022-06-24 15:52:09,955 INFO: selected the voice protocol for use (xsalsa20_poly1305_lite)
2022-06-24 15:52:10,159 INFO: received secret key for voice connection
2022-06-24 15:52:12,249 INFO: Preparing to terminate ffmpeg process 997.
2022-06-24 15:52:12,250 INFO: ffmpeg process 997 successfully terminated with return code of 0.
2022-06-24 15:52:13,280 INFO: The voice handshake is being terminated for Channel ID 728631391809437746 (Guild ID 428109526550708234)
2022-06-24 15:52:13,281 INFO: Disconnecting from voice normally, close code 1000.
2022-06-24 15:52:38,280 INFO: wawa的n out 9又4分之8.7月台[123是什麼敷衍的名字]
2022-06-24 15:52:38,280 INFO: Connecting to voice...
2022-06-24 15:52:38,281 INFO: Starting voice handshake... (connection attempt 1)
2022-06-24 15:52:38,666 INFO: Voice handshake complete. Endpoint found hongkong1810.discord.media
2022-06-24 15:52:39,701 INFO: selected the voice protocol for use (xsalsa20_poly1305_lite)
2022-06-24 15:52:39,905 INFO: received secret key for voice connection
2022-06-24 15:52:41,899 INFO: Preparing to terminate ffmpeg process 1008.
2022-06-24 15:52:41,899 INFO: ffmpeg process 1008 successfully terminated with return code of 0.
2022-06-24 15:52:42,927 INFO: The voice handshake is being terminated for Channel ID 728631391809437746 (Guild ID 428109526550708234)
2022-06-24 15:52:42,927 INFO: Disconnecting from voice normally, close code 1000.
2022-06-24 15:54:41,072 INFO: MaiMai的Pool out 9又4分之8.7月台[123是什麼敷衍的名字]
2022-06-24 15:54:41,072 INFO: Connecting to voice...
2022-06-24 15:54:41,072 INFO: Starting voice handshake... (connection attempt 1)
2022-06-24 15:54:42,020 INFO: Voice handshake complete. Endpoint found hongkong1810.discord.media
2022-06-24 15:54:43,112 INFO: selected the voice protocol for use (xsalsa20_poly1305_lite)
2022-06-24 15:54:43,313 INFO: received secret key for voice connection
2022-06-24 15:54:45,420 INFO: Preparing to terminate ffmpeg process 1050.
2022-06-24 15:54:45,421 INFO: ffmpeg process 1050 successfully terminated with return code of 0.
2022-06-24 15:54:46,432 INFO: The voice handshake is being terminated for Channel ID 728631391809437746 (Guild ID 428109526550708234)
2022-06-24 15:54:46,432 INFO: Disconnecting from voice normally, close code 1000.
2022-06-24 16:18:42,521 INFO: 捷運 out 9又4分之8.7月台[欸欸欸這樣配可以嗎(思]
2022-06-24 16:18:42,522 INFO: Connecting to voice...
2022-06-24 16:18:42,522 INFO: Starting voice handshake... (connection attempt 1)
2022-06-24 16:18:43,475 INFO: Voice handshake complete. Endpoint found hongkong2591.discord.media
2022-06-24 16:18:44,508 INFO: selected the voice protocol for use (xsalsa20_poly1305_lite)
2022-06-24 16:18:44,715 INFO: received secret key for voice connection
2022-06-24 16:18:46,384 INFO: Preparing to terminate ffmpeg process 1124.
2022-06-24 16:18:46,384 INFO: ffmpeg process 1124 successfully terminated with return code of 0.
2022-06-24 16:18:47,431 INFO: The voice handshake is being terminated for Channel ID 868516155525046333 (Guild ID 428109526550708234)
2022-06-24 16:18:47,432 INFO: Disconnecting from voice normally, close code 1000.
2022-06-24 16:18:50,014 INFO: SparkleZ out 9又4分之8.7月台[欸欸欸這樣配可以嗎(思]
2022-06-24 16:18:50,015 INFO: Connecting to voice...
2022-06-24 16:18:50,016 INFO: Starting voice handshake... (connection attempt 1)
2022-06-24 16:18:50,171 INFO: Voice handshake complete. Endpoint found us-central7766.discord.media
2022-06-24 16:18:50,332 INFO: selected the voice protocol for use (xsalsa20_poly1305_lite)
2022-06-24 16:18:50,351 INFO: received secret key for voice connection
2022-06-24 16:18:52,339 INFO: Preparing to terminate ffmpeg process 1135.
2022-06-24 16:18:52,340 INFO: ffmpeg process 1135 successfully terminated with return code of 0.
2022-06-24 16:18:53,369 INFO: The voice handshake is being terminated for Channel ID 868516155525046333 (Guild ID 428109526550708234)
2022-06-24 16:18:53,370 INFO: Disconnecting from voice normally, close code 1000.
