2022-10-23 19:34:09,318 INFO: logging in using static token
2022-10-23 19:34:09,817 INFO: Shard ID None has connected to Gateway (Session ID: 264f8d022b520f091460edf42b9112f5).
2022-10-23 19:34:12,024 INFO: 目前登入身份：神奇海螺#3847
2022-10-23 20:53:19,724 INFO: Shard ID None has successfully RESUMED session 264f8d022b520f091460edf42b9112f5.
2022-10-23 21:02:05,054 INFO: Shard ID None has successfully RESUMED session 264f8d022b520f091460edf42b9112f5.
2022-10-24 00:01:55,120 INFO: Shard ID None has successfully RESUMED session 264f8d022b520f091460edf42b9112f5.
2022-10-24 01:38:51,631 INFO: Shard ID None has successfully RESUMED session 264f8d022b520f091460edf42b9112f5.
2022-10-24 02:02:10,782 INFO: Shard ID None has successfully RESUMED session 264f8d022b520f091460edf42b9112f5.
2022-10-24 04:55:42,794 INFO: Shard ID None has successfully RESUMED session 264f8d022b520f091460edf42b9112f5.
2022-10-24 06:42:22,849 INFO: Shard ID None has successfully RESUMED session 264f8d022b520f091460edf42b9112f5.
2022-10-24 09:05:53,378 INFO: Shard ID None has successfully RESUMED session 264f8d022b520f091460edf42b9112f5.
2022-10-24 11:47:34,199 INFO: Shard ID None has successfully RESUMED session 264f8d022b520f091460edf42b9112f5.
2022-10-24 13:04:11,748 INFO: logging in using static token
2022-10-24 13:05:17,709 INFO: logging in using static token
2022-10-24 13:05:18,331 INFO: Shard ID None has connected to Gateway (Session ID: 0247ecd60d92c4bea1a9bddd98f5a22f).
2022-10-24 13:05:20,345 INFO: 目前登入身份：神奇海螺#3847
2022-10-24 13:21:01,367 INFO: Shard ID None has successfully RESUMED session 0247ecd60d92c4bea1a9bddd98f5a22f.
2022-10-24 13:30:42,341 INFO: Shard ID None has successfully RESUMED session 0247ecd60d92c4bea1a9bddd98f5a22f.
2022-10-24 14:02:22,687 INFO: KyrieR in 9又4分之8.7月台[123是什麼敷衍的名字]
2022-10-24 14:02:22,785 INFO: Connecting to voice...
2022-10-24 14:02:22,785 INFO: Starting voice handshake... (connection attempt 1)
2022-10-24 14:02:23,080 INFO: Voice handshake complete. Endpoint found hongkong3365.discord.media
2022-10-24 14:02:26,197 INFO: ffmpeg process 195 successfully terminated with return code of 0.
2022-10-24 14:02:29,594 INFO: ffmpeg process 206 successfully terminated with return code of 0.
2022-10-24 14:02:30,644 INFO: The voice handshake is being terminated for Channel ID 728631391809437746 (Guild ID 428109526550708234)
2022-10-24 14:02:30,645 INFO: Disconnecting from voice normally, close code 1000.
2022-10-24 14:05:06,615 INFO: Chi in 9又4分之8.7月台[123是什麼敷衍的名字]
2022-10-24 14:05:06,759 INFO: Connecting to voice...
2022-10-24 14:05:06,759 INFO: Starting voice handshake... (connection attempt 1)
2022-10-24 14:05:07,056 INFO: Voice handshake complete. Endpoint found hongkong3365.discord.media
2022-10-24 14:05:10,286 INFO: ffmpeg process 234 successfully terminated with return code of 0.
2022-10-24 14:05:12,294 INFO: ffmpeg process 244 successfully terminated with return code of 0.
2022-10-24 14:05:13,338 INFO: The voice handshake is being terminated for Channel ID 728631391809437746 (Guild ID 428109526550708234)
2022-10-24 14:05:13,339 INFO: Disconnecting from voice normally, close code 1000.
2022-10-24 14:05:30,725 INFO: BunnyplayGG in 9又4分之8.7月台[123是什麼敷衍的名字]
2022-10-24 14:05:30,827 INFO: Connecting to voice...
2022-10-24 14:05:30,827 INFO: Starting voice handshake... (connection attempt 1)
2022-10-24 14:05:31,133 INFO: Voice handshake complete. Endpoint found hongkong3365.discord.media
2022-10-24 14:05:34,531 INFO: ffmpeg process 271 successfully terminated with return code of 0.
2022-10-24 14:05:37,314 INFO: ffmpeg process 281 successfully terminated with return code of 0.
2022-10-24 14:05:38,388 INFO: The voice handshake is being terminated for Channel ID 728631391809437746 (Guild ID 428109526550708234)
2022-10-24 14:05:38,390 INFO: Disconnecting from voice normally, close code 1000.
2022-10-24 14:05:58,679 INFO: Fiven-chung in 9又4分之8.7月台[123是什麼敷衍的名字]
2022-10-24 14:05:58,847 INFO: Connecting to voice...
2022-10-24 14:05:58,848 INFO: Starting voice handshake... (connection attempt 1)
2022-10-24 14:05:59,158 INFO: Voice handshake complete. Endpoint found hongkong3365.discord.media
2022-10-24 14:06:02,574 INFO: ffmpeg process 292 successfully terminated with return code of 0.
2022-10-24 14:06:05,355 INFO: ffmpeg process 302 successfully terminated with return code of 0.
2022-10-24 14:06:06,425 INFO: The voice handshake is being terminated for Channel ID 728631391809437746 (Guild ID 428109526550708234)
2022-10-24 14:06:06,426 INFO: Disconnecting from voice normally, close code 1000.
2022-10-24 14:19:49,140 INFO: logging in using static token
2022-10-24 14:19:49,808 INFO: Shard ID None has connected to Gateway (Session ID: 6e5136d497549713bc0ef33acd59a6f3).
2022-10-24 14:19:51,820 INFO: 目前登入身份：神奇海螺#3847
2022-10-24 15:04:28,526 INFO: 神奇海螺 in 9又4分之8.7月台[123是什麼敷衍的名字]
2022-10-24 15:04:28,582 INFO: Connecting to voice...
2022-10-24 15:04:28,583 INFO: Starting voice handshake... (connection attempt 1)
2022-10-24 15:04:28,886 INFO: Voice handshake complete. Endpoint found hongkong3365.discord.media
2022-10-24 15:04:32,259 INFO: ffmpeg process 212 successfully terminated with return code of 0.
2022-10-24 15:04:39,022 INFO: ffmpeg process 223 successfully terminated with return code of 0.
2022-10-24 15:04:40,076 INFO: The voice handshake is being terminated for Channel ID 728631391809437746 (Guild ID 428109526550708234)
2022-10-24 15:04:40,077 INFO: Disconnecting from voice normally, close code 1000.
2022-10-24 16:31:35,733 INFO: BunnyplayGG out 9又4分之8.7月台[123是什麼敷衍的名字]
2022-10-24 16:31:35,734 INFO: Connecting to voice...
2022-10-24 16:31:35,734 INFO: Starting voice handshake... (connection attempt 1)
2022-10-24 16:31:36,036 INFO: Voice handshake complete. Endpoint found hongkong3365.discord.media
2022-10-24 16:31:39,436 INFO: ffmpeg process 360 successfully terminated with return code of 0.
2022-10-24 16:31:40,486 INFO: The voice handshake is being terminated for Channel ID 728631391809437746 (Guild ID 428109526550708234)
2022-10-24 16:31:40,487 INFO: Disconnecting from voice normally, close code 1000.
2022-10-24 16:31:48,178 INFO: KyrieR out 9又4分之8.7月台[123是什麼敷衍的名字]
2022-10-24 16:31:48,178 INFO: Connecting to voice...
2022-10-24 16:31:48,179 INFO: Starting voice handshake... (connection attempt 1)
2022-10-24 16:31:48,546 INFO: Voice handshake complete. Endpoint found hongkong3365.discord.media
2022-10-24 16:31:51,351 INFO: ffmpeg process 371 successfully terminated with return code of 0.
2022-10-24 16:31:52,358 INFO: The voice handshake is being terminated for Channel ID 728631391809437746 (Guild ID 428109526550708234)
2022-10-24 16:31:52,359 INFO: Disconnecting from voice normally, close code 1000.
2022-10-24 16:32:04,296 INFO: Fiven-chung out 9又4分之8.7月台[123是什麼敷衍的名字]
2022-10-24 16:32:04,296 INFO: Connecting to voice...
2022-10-24 16:32:04,296 INFO: Starting voice handshake... (connection attempt 1)
2022-10-24 16:32:04,616 INFO: Voice handshake complete. Endpoint found hongkong3365.discord.media
2022-10-24 16:32:07,614 INFO: ffmpeg process 382 successfully terminated with return code of 0.
2022-10-24 16:32:08,702 INFO: The voice handshake is being terminated for Channel ID 728631391809437746 (Guild ID 428109526550708234)
2022-10-24 16:32:08,703 INFO: Disconnecting from voice normally, close code 1000.
2022-10-24 16:34:21,192 INFO: Chi out 9又4分之8.7月台[123是什麼敷衍的名字]
2022-10-24 16:34:21,192 INFO: Connecting to voice...
2022-10-24 16:34:21,192 INFO: Starting voice handshake... (connection attempt 1)
2022-10-24 16:34:21,484 INFO: Voice handshake complete. Endpoint found hongkong3365.discord.media
2022-10-24 16:34:24,071 INFO: ffmpeg process 410 successfully terminated with return code of 0.
2022-10-24 16:34:25,118 INFO: The voice handshake is being terminated for Channel ID 728631391809437746 (Guild ID 428109526550708234)
2022-10-24 16:34:25,119 INFO: Disconnecting from voice normally, close code 1000.
2022-10-24 16:49:21,636 INFO: Shard ID None has successfully RESUMED session 6e5136d497549713bc0ef33acd59a6f3.
2022-10-24 17:44:30,206 INFO: Shard ID None has successfully RESUMED session 6e5136d497549713bc0ef33acd59a6f3.
2022-10-24 20:51:55,967 INFO: Shard ID None has successfully RESUMED session 6e5136d497549713bc0ef33acd59a6f3.
2022-10-24 23:35:18,891 INFO: Shard ID None has successfully RESUMED session 6e5136d497549713bc0ef33acd59a6f3.
2022-10-25 00:26:03,795 INFO: Shard ID None has successfully RESUMED session 6e5136d497549713bc0ef33acd59a6f3.
2022-10-25 01:45:12,620 INFO: Shard ID None has successfully RESUMED session 6e5136d497549713bc0ef33acd59a6f3.
2022-10-25 03:53:25,697 INFO: Shard ID None has successfully RESUMED session 6e5136d497549713bc0ef33acd59a6f3.
2022-10-25 04:45:27,044 INFO: Shard ID None has successfully RESUMED session 6e5136d497549713bc0ef33acd59a6f3.
