2022-12-29 09:03:19,617 INFO: logging in using static token
2022-12-29 09:03:20,233 INFO: Shard ID None has connected to Gateway (Session ID: ffc91c319636c4c7c0f7fc32b1be0b65).
2022-12-29 09:03:22,237 INFO: 目前登入身份：神奇海螺#3847
2022-12-29 10:03:10,849 INFO: logging in using static token
2022-12-29 10:03:11,487 INFO: Shard ID None has connected to Gateway (Session ID: 9144127b93656f58c6c0140fd5c40747).
2022-12-29 10:03:13,508 INFO: 目前登入身份：神奇海螺#3847
2022-12-29 10:21:49,262 INFO: BunnyplayGG out 9又4分之8.7月台[123是什麼敷衍的名字]
2022-12-29 10:21:49,262 INFO: Connecting to voice...
2022-12-29 10:21:49,262 INFO: Starting voice handshake... (connection attempt 1)
2022-12-29 10:21:49,550 INFO: Voice handshake complete. Endpoint found hongkong1029.discord.media
2022-12-29 10:21:53,040 INFO: ffmpeg process 250 successfully terminated with return code of 0.
2022-12-29 10:21:54,088 INFO: The voice handshake is being terminated for Channel ID 728631391809437746 (Guild ID 428109526550708234)
2022-12-29 10:21:54,090 INFO: Disconnecting from voice normally, close code 1000.
2022-12-29 11:31:10,897 INFO: logging in using static token
2022-12-29 11:31:11,455 INFO: Shard ID None has connected to Gateway (Session ID: 02679f3d7fcb95ef2c9060fd62aea084).
2022-12-29 11:31:13,466 INFO: 目前登入身份：神奇海螺#3847
2022-12-29 13:45:21,521 INFO: Shard ID None has successfully RESUMED session 02679f3d7fcb95ef2c9060fd62aea084.
2022-12-29 14:13:28,884 INFO: Chi in 9又4分之8.7月台[123是什麼敷衍的名字]
2022-12-29 14:13:29,030 INFO: Connecting to voice...
2022-12-29 14:13:29,031 INFO: Starting voice handshake... (connection attempt 1)
2022-12-29 14:13:29,325 INFO: Voice handshake complete. Endpoint found hongkong1029.discord.media
2022-12-29 14:13:32,658 INFO: ffmpeg process 462 successfully terminated with return code of 0.
2022-12-29 14:13:34,837 INFO: ffmpeg process 473 successfully terminated with return code of 0.
2022-12-29 14:13:35,902 INFO: The voice handshake is being terminated for Channel ID 728631391809437746 (Guild ID 428109526550708234)
2022-12-29 14:13:35,903 INFO: Disconnecting from voice normally, close code 1000.
2022-12-29 14:30:36,034 INFO: BunnyplayGG in 9又4分之8.7月台[123是什麼敷衍的名字]
2022-12-29 14:30:36,130 INFO: Connecting to voice...
2022-12-29 14:30:36,130 INFO: Starting voice handshake... (connection attempt 1)
2022-12-29 14:30:36,442 INFO: Voice handshake complete. Endpoint found hongkong1029.discord.media
2022-12-29 14:30:39,956 INFO: ffmpeg process 501 successfully terminated with return code of 0.
2022-12-29 14:30:42,538 INFO: ffmpeg process 511 successfully terminated with return code of 0.
2022-12-29 14:30:43,604 INFO: The voice handshake is being terminated for Channel ID 728631391809437746 (Guild ID 428109526550708234)
2022-12-29 14:30:43,605 INFO: Disconnecting from voice normally, close code 1000.
2022-12-29 14:37:45,436 INFO: Shard ID None has successfully RESUMED session 02679f3d7fcb95ef2c9060fd62aea084.
2022-12-29 15:36:45,742 INFO: 楓夜 in 9又4分之8.7月台[123是什麼敷衍的名字]
2022-12-29 15:36:45,875 INFO: Connecting to voice...
2022-12-29 15:36:45,875 INFO: Starting voice handshake... (connection attempt 1)
2022-12-29 15:36:46,169 INFO: Voice handshake complete. Endpoint found hongkong1029.discord.media
2022-12-29 15:36:50,328 INFO: ffmpeg process 631 successfully terminated with return code of 0.
2022-12-29 15:36:53,148 INFO: ffmpeg process 641 successfully terminated with return code of 0.
2022-12-29 15:36:54,215 INFO: The voice handshake is being terminated for Channel ID 728631391809437746 (Guild ID 428109526550708234)
2022-12-29 15:36:54,215 INFO: Disconnecting from voice normally, close code 1000.
2022-12-29 15:38:23,342 INFO: louiskkk28 in 9又4分之8.7月台[123是什麼敷衍的名字]
2022-12-29 15:38:23,389 INFO: Connecting to voice...
2022-12-29 15:38:23,389 INFO: Starting voice handshake... (connection attempt 1)
2022-12-29 15:38:23,689 INFO: Voice handshake complete. Endpoint found hongkong1029.discord.media
2022-12-29 15:38:27,291 INFO: ffmpeg process 652 successfully terminated with return code of 0.
2022-12-29 15:38:29,651 INFO: ffmpeg process 662 successfully terminated with return code of 0.
2022-12-29 15:38:30,676 INFO: The voice handshake is being terminated for Channel ID 728631391809437746 (Guild ID 428109526550708234)
2022-12-29 15:38:30,677 INFO: Disconnecting from voice normally, close code 1000.
2022-12-29 15:40:32,219 INFO: Shard ID None has successfully RESUMED session 02679f3d7fcb95ef2c9060fd62aea084.
2022-12-29 16:18:46,559 INFO: louiskkk28 out 9又4分之8.7月台[123是什麼敷衍的名字]
2022-12-29 16:18:46,560 INFO: Connecting to voice...
2022-12-29 16:18:46,560 INFO: Starting voice handshake... (connection attempt 1)
2022-12-29 16:18:46,848 INFO: Voice handshake complete. Endpoint found hongkong1029.discord.media
2022-12-29 16:18:51,995 INFO: ffmpeg process 726 successfully terminated with return code of 0.
2022-12-29 16:18:53,037 INFO: The voice handshake is being terminated for Channel ID 728631391809437746 (Guild ID 428109526550708234)
2022-12-29 16:18:53,037 INFO: Disconnecting from voice normally, close code 1000.
2022-12-29 16:21:56,193 INFO: Fiven-chung in 9又4分之8.7月台[123是什麼敷衍的名字]
2022-12-29 16:21:56,343 INFO: Connecting to voice...
2022-12-29 16:21:56,343 INFO: Starting voice handshake... (connection attempt 1)
2022-12-29 16:21:56,632 INFO: Voice handshake complete. Endpoint found hongkong1029.discord.media
2022-12-29 16:21:59,609 INFO: ffmpeg process 737 successfully terminated with return code of 0.
2022-12-29 16:22:02,488 INFO: ffmpeg process 747 successfully terminated with return code of 0.
2022-12-29 16:22:03,577 INFO: The voice handshake is being terminated for Channel ID 728631391809437746 (Guild ID 428109526550708234)
2022-12-29 16:22:03,578 INFO: Disconnecting from voice normally, close code 1000.
2022-12-29 16:41:58,671 INFO: BunnyplayGG out 9又4分之8.7月台[123是什麼敷衍的名字]
2022-12-29 16:41:58,672 INFO: Connecting to voice...
2022-12-29 16:41:58,672 INFO: Starting voice handshake... (connection attempt 1)
2022-12-29 16:41:58,965 INFO: Voice handshake complete. Endpoint found hongkong1029.discord.media
2022-12-29 16:42:02,452 INFO: ffmpeg process 793 successfully terminated with return code of 0.
2022-12-29 16:42:03,502 INFO: The voice handshake is being terminated for Channel ID 728631391809437746 (Guild ID 428109526550708234)
2022-12-29 16:42:03,504 INFO: Disconnecting from voice normally, close code 1000.
2022-12-29 16:42:04,233 INFO: Chi out 9又4分之8.7月台[123是什麼敷衍的名字]
2022-12-29 16:42:04,233 INFO: Connecting to voice...
2022-12-29 16:42:04,233 INFO: Starting voice handshake... (connection attempt 1)
2022-12-29 16:42:04,619 INFO: Voice handshake complete. Endpoint found hongkong1029.discord.media
2022-12-29 16:42:06,662 INFO: 楓夜 out 9又4分之8.7月台[123是什麼敷衍的名字]
2022-12-29 16:42:07,332 INFO: ffmpeg process 804 successfully terminated with return code of 0.
2022-12-29 16:42:10,736 INFO: ffmpeg process 814 successfully terminated with return code of 0.
2022-12-29 16:42:11,812 INFO: The voice handshake is being terminated for Channel ID 728631391809437746 (Guild ID 428109526550708234)
2022-12-29 16:42:11,813 INFO: Disconnecting from voice normally, close code 1000.
2022-12-29 16:44:17,044 INFO: Fiven-chung out 9又4分之8.7月台[123是什麼敷衍的名字]
2022-12-29 16:44:17,047 INFO: Connecting to voice...
2022-12-29 16:44:17,047 INFO: Starting voice handshake... (connection attempt 1)
2022-12-29 16:44:17,343 INFO: Voice handshake complete. Endpoint found hongkong1029.discord.media
2022-12-29 16:44:20,387 INFO: ffmpeg process 843 successfully terminated with return code of 0.
2022-12-29 16:44:21,481 INFO: The voice handshake is being terminated for Channel ID 728631391809437746 (Guild ID 428109526550708234)
2022-12-29 16:44:21,481 INFO: Disconnecting from voice normally, close code 1000.
2022-12-29 16:52:41,434 INFO: Shard ID None has successfully RESUMED session 02679f3d7fcb95ef2c9060fd62aea084.
2022-12-29 17:10:00,077 INFO: 貓嗷嗚飄飄大仙 out 9又4分之8.7月台[123是什麼敷衍的名字]
2022-12-29 17:10:00,078 INFO: Connecting to voice...
2022-12-29 17:10:00,078 INFO: Starting voice handshake... (connection attempt 1)
2022-12-29 17:10:00,238 INFO: Voice handshake complete. Endpoint found seattle6516.discord.media
2022-12-29 17:10:03,632 INFO: ffmpeg process 890 successfully terminated with return code of 0.
2022-12-29 17:10:07,243 INFO: ffmpeg process 900 successfully terminated with return code of 0.
2022-12-29 17:10:08,315 INFO: The voice handshake is being terminated for Channel ID 728631391809437746 (Guild ID 428109526550708234)
2022-12-29 17:10:08,315 INFO: Disconnecting from voice normally, close code 1000.
2022-12-29 17:20:02,199 INFO: Shard ID None has successfully RESUMED session 02679f3d7fcb95ef2c9060fd62aea084.
2022-12-29 19:26:10,148 INFO: Shard ID None has successfully RESUMED session 02679f3d7fcb95ef2c9060fd62aea084.
