2022-06-01 17:26:24,852 INFO: logging in using static token
2022-06-01 17:26:24,921 INFO: Cleaning up tasks.
2022-06-01 17:26:24,921 INFO: Closing the event loop.
2022-06-01 17:34:42,259 INFO: logging in using static token
2022-06-01 17:34:42,332 INFO: Cleaning up tasks.
2022-06-01 17:34:42,332 INFO: Closing the event loop.
2022-06-01 17:41:35,217 INFO: logging in using static token
2022-06-01 17:41:35,501 INFO: Shard ID None has sent the IDENTIFY payload.
2022-06-01 17:41:35,764 INFO: Shard ID None has connected to Gateway: ["gateway-prd-main-kjnw",{"micros":209003,"calls":["discord-sessions-green-prd-2-24",{"micros":206062,"calls":["start_session",{"micros":180135,"calls":["discord-api-84946894dc-vxn5z",{"micros":175125,"calls":["get_user",{"micros":30306},"add_authorized_ip",{"micros":20832},"get_guilds",{"micros":23838},"coros_wait",{"micros":2}]}]},"guilds_connect",{"micros":2,"calls":[]},"presence_connect",{"micros":6480,"calls":[]}]}]}] (Session ID: 482f32db4240a755cd5127666b185590).
2022-06-01 17:41:37,817 INFO: 目前登入身份：神奇海螺#3847
2022-06-01 20:08:08,918 INFO: logging in using static token
2022-06-01 20:08:09,213 INFO: Shard ID None has sent the IDENTIFY payload.
2022-06-01 20:08:09,384 INFO: Shard ID None has connected to Gateway: ["gateway-prd-main-gcct",{"micros":118640,"calls":["discord-sessions-green-prd-2-130",{"micros":117599,"calls":["start_session",{"micros":92120,"calls":["discord-api-84946894dc-9hq97",{"micros":87197,"calls":["get_user",{"micros":26448},"add_authorized_ip",{"micros":4753},"get_guilds",{"micros":10969},"coros_wait",{"micros":2}]}]},"guilds_connect",{"micros":3,"calls":[]},"presence_connect",{"micros":8285,"calls":[]}]}]}] (Session ID: e5547fb76854596664a1c18fed816993).
2022-06-01 20:08:11,433 INFO: 目前登入身份：神奇海螺#3847
2022-06-01 22:19:54,683 INFO: logging in using static token
2022-06-01 22:19:54,944 INFO: Shard ID None has sent the IDENTIFY payload.
2022-06-01 22:19:55,136 INFO: Shard ID None has connected to Gateway: ["gateway-prd-main-n9xv",{"micros":154854,"calls":["discord-sessions-green-prd-2-111",{"micros":154022,"calls":["start_session",{"micros":128783,"calls":["discord-api-84946894dc-rdj6k",{"micros":124329,"calls":["get_user",{"micros":16970},"add_authorized_ip",{"micros":6830},"get_guilds",{"micros":26659},"coros_wait",{"micros":0}]}]},"guilds_connect",{"micros":3,"calls":[]},"presence_connect",{"micros":13762,"calls":[]}]}]}] (Session ID: 578ab01f917b6a73a7b86c6db4703e60).
2022-06-01 22:19:57,215 INFO: 目前登入身份：神奇海螺#3847
2022-06-02 06:06:46,783 INFO: logging in using static token
2022-06-02 06:06:47,028 INFO: Shard ID None has sent the IDENTIFY payload.
2022-06-02 06:06:47,143 INFO: Shard ID None has connected to Gateway: ["gateway-prd-main-x0k0",{"micros":77588,"calls":["discord-sessions-green-prd-2-129",{"micros":76779,"calls":["start_session",{"micros":43619,"calls":["discord-api-84946894dc-r5bth",{"micros":39790,"calls":["get_user",{"micros":5918},"add_authorized_ip",{"micros":1775},"get_guilds",{"micros":4836},"coros_wait",{"micros":2}]}]},"guilds_connect",{"micros":3,"calls":[]},"presence_connect",{"micros":31987,"calls":[]}]}]}] (Session ID: 2ff52d3980237b90d60313de1f05c087).
2022-06-02 06:06:49,209 INFO: 目前登入身份：神奇海螺#3847
2022-06-02 06:13:48,565 INFO: logging in using static token
2022-06-02 06:13:48,636 INFO: Cleaning up tasks.
2022-06-02 06:13:48,636 INFO: Closing the event loop.
2022-06-02 06:19:41,871 INFO: logging in using static token
2022-06-02 06:19:41,931 INFO: Cleaning up tasks.
2022-06-02 06:19:41,931 INFO: Closing the event loop.
