2022-06-02 22:25:18,451 INFO: logging in using static token
2022-06-02 22:25:18,745 INFO: Shard ID None has sent the IDENTIFY payload.
2022-06-02 22:25:19,001 INFO: Shard ID None has connected to Gateway: ["gateway-prd-main-rsk1",{"micros":216869,"calls":["discord-sessions-blue-prd-2-24",{"micros":215846,"calls":["start_session",{"micros":47301,"calls":["discord-api-56754bc54d-whwfn",{"micros":42563,"calls":["get_user",{"micros":5973},"add_authorized_ip",{"micros":1221},"get_guilds",{"micros":9678},"coros_wait",{"micros":1}]}]},"guilds_connect",{"micros":2,"calls":[]},"presence_connect",{"micros":2,"calls":[]}]}]}] (Session ID: 125a0b1e56d3674a1cd9be300cb526d2).
2022-06-02 22:25:21,122 INFO: 目前登入身份：神奇海螺#3847
2022-06-03 00:44:09,871 INFO: Got a request to RESUME the websocket.
2022-06-03 00:44:10,065 INFO: Shard ID None has sent the RESUME payload.
2022-06-03 00:44:10,111 INFO: Shard ID None has successfully RESUMED session 125a0b1e56d3674a1cd9be300cb526d2 under trace ["gateway-prd-main-pt3v",{"micros":783,"calls":["discord-sessions-blue-prd-2-24",{"micros":21}]}].
2022-06-03 01:55:52,450 INFO: Got a request to RESUME the websocket.
2022-06-03 01:55:52,688 INFO: Shard ID None has sent the RESUME payload.
2022-06-03 01:55:52,735 INFO: Shard ID None has successfully RESUMED session 125a0b1e56d3674a1cd9be300cb526d2 under trace ["gateway-prd-main-wft8",{"micros":2835,"calls":["discord-sessions-blue-prd-2-24",{"micros":19}]}].
2022-06-03 02:29:20,992 INFO: Got a request to RESUME the websocket.
2022-06-03 02:29:21,171 INFO: Shard ID None has sent the RESUME payload.
2022-06-03 02:29:21,218 INFO: Shard ID None has successfully RESUMED session 125a0b1e56d3674a1cd9be300cb526d2 under trace ["gateway-prd-main-n2td",{"micros":479,"calls":["discord-sessions-blue-prd-2-24",{"micros":20}]}].
2022-06-03 03:22:48,447 INFO: logging in using static token
2022-06-03 03:22:48,695 INFO: Shard ID None has sent the IDENTIFY payload.
2022-06-03 03:22:48,809 INFO: Shard ID None has connected to Gateway: ["gateway-prd-main-bzdr",{"micros":70485,"calls":["discord-sessions-blue-prd-2-82",{"micros":69578,"calls":["start_session",{"micros":42066,"calls":["discord-api-749579c799-6s79p",{"micros":37160,"calls":["get_user",{"micros":8367},"add_authorized_ip",{"micros":2390},"get_guilds",{"micros":5556},"coros_wait",{"micros":2}]}]},"guilds_connect",{"micros":2,"calls":[]},"presence_connect",{"micros":0,"calls":[]}]}]}] (Session ID: f72bb8c448c4d666cef4465e6f588abb).
2022-06-03 03:22:50,855 INFO: 目前登入身份：神奇海螺#3847
2022-06-03 03:41:01,667 INFO: logging in using static token
2022-06-03 03:41:01,911 INFO: Shard ID None has sent the IDENTIFY payload.
2022-06-03 03:41:02,037 INFO: Shard ID None has connected to Gateway: ["gateway-prd-main-6d17",{"micros":85178,"calls":["discord-sessions-blue-prd-2-31",{"micros":83829,"calls":["start_session",{"micros":39203,"calls":["discord-api-749579c799-qw7wz",{"micros":34381,"calls":["get_user",{"micros":7327},"add_authorized_ip",{"micros":1311},"get_guilds",{"micros":4709},"coros_wait",{"micros":1}]}]},"guilds_connect",{"micros":3,"calls":[]},"presence_connect",{"micros":1,"calls":[]}]}]}] (Session ID: 0bb7ae9d55a00369ece9251d468302fd).
2022-06-03 03:41:04,082 INFO: 目前登入身份：神奇海螺#3847
2022-06-03 04:34:27,975 INFO: logging in using static token
2022-06-03 04:34:28,217 INFO: Shard ID None has sent the IDENTIFY payload.
2022-06-03 04:34:28,504 INFO: Shard ID None has connected to Gateway: ["gateway-prd-main-j90b",{"micros":247899,"calls":["discord-sessions-blue-prd-2-48",{"micros":245934,"calls":["start_session",{"micros":187077,"calls":["discord-api-749579c799-wgklw",{"micros":173241,"calls":["get_user",{"micros":43303},"add_authorized_ip",{"micros":15355},"get_guilds",{"micros":20475},"coros_wait",{"micros":1}]}]},"guilds_connect",{"micros":2,"calls":[]},"presence_connect",{"micros":29668,"calls":[]}]}]}] (Session ID: 1a0c9172086c08b456cd1c5adacace8b).
2022-06-03 04:34:30,571 INFO: 目前登入身份：神奇海螺#3847
2022-06-03 05:01:03,915 INFO: 不偷家的飄飄大仙 in 9又4分之8.7月台[打不出幹話就講出來啊]
2022-06-03 05:01:03,925 INFO: Connecting to voice...
2022-06-03 05:01:03,926 INFO: Starting voice handshake... (connection attempt 1)
2022-06-03 05:01:04,690 INFO: Voice handshake complete. Endpoint found hongkong6806.discord.media
2022-06-03 05:01:04,889 ERROR: Exception occurred during Voice Protocol voice server update handler
Traceback (most recent call last):
  File "/opt/virtualenvs/python3/lib/python3.8/site-packages/discord/state.py", line 102, in logging_coroutine
    await coroutine
  File "/opt/virtualenvs/python3/lib/python3.8/site-packages/discord/voice_client.py", line 295, in on_voice_server_update
    await self.ws.close(4000)
AttributeError: 'NoneType' object has no attribute 'close'
2022-06-03 05:01:05,941 INFO: selected the voice protocol for use (xsalsa20_poly1305_lite)
2022-06-03 05:01:06,150 INFO: received secret key for voice connection
2022-06-03 05:01:06,310 INFO: 不偷家的飄飄大仙 out 9又4分之8.7月台[打不出幹話就講出來啊]
2022-06-03 05:01:09,250 INFO: Preparing to terminate ffmpeg process 205.
2022-06-03 05:01:09,250 INFO: ffmpeg process 205 successfully terminated with return code of 0.
2022-06-03 05:01:11,448 INFO: Preparing to terminate ffmpeg process 216.
2022-06-03 05:01:11,450 INFO: ffmpeg process 216 successfully terminated with return code of 0.
2022-06-03 05:01:15,400 INFO: Preparing to terminate ffmpeg process 226.
2022-06-03 05:01:15,401 INFO: ffmpeg process 226 successfully terminated with return code of 0.
2022-06-03 05:01:16,431 INFO: The voice handshake is being terminated for Channel ID 428109526550708238 (Guild ID 428109526550708234)
2022-06-03 05:01:16,431 INFO: Disconnecting from voice normally, close code 1000.
2022-06-03 06:39:28,267 INFO: Got a request to RESUME the websocket.
2022-06-03 06:39:28,437 INFO: Shard ID None has sent the RESUME payload.
2022-06-03 06:39:28,477 INFO: Shard ID None has successfully RESUMED session 1a0c9172086c08b456cd1c5adacace8b under trace ["gateway-prd-main-rzk8",{"micros":737,"calls":["discord-sessions-blue-prd-2-48",{"micros":19}]}].
2022-06-03 06:40:07,608 INFO: 不偷家的飄飄大仙 in 9又4分之8.7月台[123是什麼敷衍的名字]
2022-06-03 06:40:08,462 INFO: Connecting to voice...
2022-06-03 06:40:08,462 INFO: Starting voice handshake... (connection attempt 1)
2022-06-03 06:40:08,705 INFO: Voice handshake complete. Endpoint found hongkong2519.discord.media
2022-06-03 06:40:09,972 INFO: selected the voice protocol for use (xsalsa20_poly1305_lite)
2022-06-03 06:40:10,184 INFO: received secret key for voice connection
2022-06-03 06:40:13,772 INFO: Preparing to terminate ffmpeg process 520.
2022-06-03 06:40:13,772 INFO: ffmpeg process 520 successfully terminated with return code of 0.
2022-06-03 06:40:15,770 INFO: Preparing to terminate ffmpeg process 530.
2022-06-03 06:40:15,771 INFO: ffmpeg process 530 successfully terminated with return code of 0.
2022-06-03 06:40:16,814 INFO: The voice handshake is being terminated for Channel ID 728631391809437746 (Guild ID 428109526550708234)
2022-06-03 06:40:16,814 INFO: Disconnecting from voice normally, close code 1000.
2022-06-03 06:40:39,707 INFO: SparkleZ in 9又4分之8.7月台[123是什麼敷衍的名字]
2022-06-03 06:40:39,737 INFO: Connecting to voice...
2022-06-03 06:40:39,738 INFO: Starting voice handshake... (connection attempt 1)
2022-06-03 06:40:40,103 INFO: Voice handshake complete. Endpoint found hongkong2519.discord.media
2022-06-03 06:40:41,351 INFO: selected the voice protocol for use (xsalsa20_poly1305_lite)
2022-06-03 06:40:41,561 INFO: received secret key for voice connection
2022-06-03 06:40:44,081 INFO: Preparing to terminate ffmpeg process 541.
2022-06-03 06:40:44,082 INFO: ffmpeg process 541 successfully terminated with return code of 0.
2022-06-03 06:40:47,456 INFO: Preparing to terminate ffmpeg process 551.
2022-06-03 06:40:47,457 INFO: ffmpeg process 551 successfully terminated with return code of 0.
2022-06-03 06:40:48,513 INFO: The voice handshake is being terminated for Channel ID 728631391809437746 (Guild ID 428109526550708234)
2022-06-03 06:40:48,513 INFO: Disconnecting from voice normally, close code 1000.
2022-06-03 07:22:45,642 INFO: Got a request to RESUME the websocket.
2022-06-03 07:22:45,794 INFO: Shard ID None has sent the RESUME payload.
2022-06-03 07:22:45,835 INFO: Shard ID None has successfully RESUMED session 1a0c9172086c08b456cd1c5adacace8b under trace ["gateway-prd-main-dj3v",{"micros":459,"calls":["discord-sessions-blue-prd-2-48",{"micros":16}]}].
2022-06-03 07:29:06,901 INFO: SparkleZ out 9又4分之8.7月台[123是什麼敷衍的名字]
2022-06-03 07:29:06,902 INFO: Connecting to voice...
2022-06-03 07:29:06,902 INFO: Starting voice handshake... (connection attempt 1)
2022-06-03 07:29:07,868 INFO: Voice handshake complete. Endpoint found hongkong2519.discord.media
2022-06-03 07:29:08,393 INFO: SparkleZ in 9又4分之8.7月台[123是什麼敷衍的名字]
2022-06-03 07:29:09,126 INFO: selected the voice protocol for use (xsalsa20_poly1305_lite)
2022-06-03 07:29:09,337 INFO: received secret key for voice connection
2022-06-03 07:29:11,349 INFO: Preparing to terminate ffmpeg process 686.
2022-06-03 07:29:11,350 INFO: ffmpeg process 686 successfully terminated with return code of 0.
2022-06-03 07:29:14,365 INFO: Preparing to terminate ffmpeg process 696.
2022-06-03 07:29:14,366 INFO: ffmpeg process 696 successfully terminated with return code of 0.
2022-06-03 07:29:15,864 INFO: Preparing to terminate ffmpeg process 706.
2022-06-03 07:29:15,864 INFO: ffmpeg process 706 successfully terminated with return code of 0.
2022-06-03 07:29:17,407 INFO: The voice handshake is being terminated for Channel ID 728631391809437746 (Guild ID 428109526550708234)
2022-06-03 07:29:17,408 INFO: Disconnecting from voice normally, close code 1000.
2022-06-03 07:36:34,454 INFO: 雪莉粉粉 in 9又4分之8.7月台[123是什麼敷衍的名字]
2022-06-03 07:36:34,496 INFO: Connecting to voice...
2022-06-03 07:36:34,497 INFO: Starting voice handshake... (connection attempt 1)
2022-06-03 07:36:35,394 INFO: Voice handshake complete. Endpoint found hongkong2519.discord.media
2022-06-03 07:36:36,688 INFO: selected the voice protocol for use (xsalsa20_poly1305_lite)
2022-06-03 07:36:36,917 INFO: received secret key for voice connection
2022-06-03 07:36:39,048 INFO: Preparing to terminate ffmpeg process 746.
2022-06-03 07:36:39,049 INFO: ffmpeg process 746 successfully terminated with return code of 0.
2022-06-03 07:36:41,425 INFO: Preparing to terminate ffmpeg process 756.
2022-06-03 07:36:41,425 INFO: ffmpeg process 756 successfully terminated with return code of 0.
2022-06-03 07:36:42,453 INFO: The voice handshake is being terminated for Channel ID 728631391809437746 (Guild ID 428109526550708234)
2022-06-03 07:36:42,453 INFO: Disconnecting from voice normally, close code 1000.
2022-06-03 08:31:48,214 INFO: logging in using static token
2022-06-03 08:31:48,441 INFO: Shard ID None has sent the IDENTIFY payload.
2022-06-03 08:31:48,583 INFO: Shard ID None has connected to Gateway: ["gateway-prd-main-dgb0",{"micros":104049,"calls":["discord-sessions-blue-prd-2-81",{"micros":103052,"calls":["start_session",{"micros":48560,"calls":["discord-api-749579c799-dgpql",{"micros":42414,"calls":["get_user",{"micros":8844},"add_authorized_ip",{"micros":1631},"get_guilds",{"micros":5128},"coros_wait",{"micros":1}]}]},"guilds_connect",{"micros":2,"calls":[]},"presence_connect",{"micros":44549,"calls":[]}]}]}] (Session ID: 082ce229aefed1289107f3f0fe9a2d52).
2022-06-03 08:31:50,622 INFO: 目前登入身份：神奇海螺#3847
2022-06-03 08:45:33,469 INFO: Websocket closed with 1006, attempting a reconnect.
2022-06-03 08:45:33,469 INFO: Got a request to RESUME the websocket.
2022-06-03 08:45:33,616 INFO: Shard ID None has sent the RESUME payload.
2022-06-03 08:45:33,656 INFO: Shard ID None has successfully RESUMED session 082ce229aefed1289107f3f0fe9a2d52 under trace ["gateway-prd-main-mnnw",{"micros":3061,"calls":["discord-sessions-blue-prd-2-81",{"micros":18}]}].
2022-06-03 09:06:52,466 INFO: SparkleZ out 9又4分之8.7月台[123是什麼敷衍的名字]
2022-06-03 09:06:52,467 INFO: Connecting to voice...
2022-06-03 09:06:52,467 INFO: Starting voice handshake... (connection attempt 1)
2022-06-03 09:06:53,429 INFO: Voice handshake complete. Endpoint found hongkong2519.discord.media
2022-06-03 09:06:54,647 INFO: SparkleZ in 9又4分之8.7月台[123是什麼敷衍的名字]
2022-06-03 09:06:54,690 INFO: selected the voice protocol for use (xsalsa20_poly1305_lite)
2022-06-03 09:06:54,902 INFO: received secret key for voice connection
2022-06-03 09:06:56,899 INFO: Preparing to terminate ffmpeg process 200.
2022-06-03 09:06:56,900 INFO: ffmpeg process 200 successfully terminated with return code of 0.
2022-06-03 09:07:00,429 INFO: Preparing to terminate ffmpeg process 211.
2022-06-03 09:07:00,430 INFO: ffmpeg process 211 successfully terminated with return code of 0.
2022-06-03 09:07:02,402 INFO: Preparing to terminate ffmpeg process 221.
2022-06-03 09:07:02,403 INFO: ffmpeg process 221 successfully terminated with return code of 0.
2022-06-03 09:07:03,445 INFO: The voice handshake is being terminated for Channel ID 728631391809437746 (Guild ID 428109526550708234)
2022-06-03 09:07:03,445 INFO: Disconnecting from voice normally, close code 1000.
2022-06-03 10:21:15,026 INFO: 雪莉粉粉 out 9又4分之8.7月台[123是什麼敷衍的名字]
2022-06-03 10:21:15,026 INFO: Connecting to voice...
2022-06-03 10:21:15,026 INFO: Starting voice handshake... (connection attempt 1)
2022-06-03 10:21:16,012 INFO: Voice handshake complete. Endpoint found hongkong2519.discord.media
2022-06-03 10:21:17,277 INFO: selected the voice protocol for use (xsalsa20_poly1305_lite)
2022-06-03 10:21:17,496 INFO: received secret key for voice connection
2022-06-03 10:21:19,442 INFO: Preparing to terminate ffmpeg process 418.
2022-06-03 10:21:19,442 INFO: ffmpeg process 418 successfully terminated with return code of 0.
2022-06-03 10:21:20,510 INFO: The voice handshake is being terminated for Channel ID 728631391809437746 (Guild ID 428109526550708234)
2022-06-03 10:21:20,510 INFO: Disconnecting from voice normally, close code 1000.
2022-06-03 11:18:16,711 INFO: SparkleZ out 9又4分之8.7月台[123是什麼敷衍的名字]
2022-06-03 11:18:16,711 INFO: Connecting to voice...
2022-06-03 11:18:16,711 INFO: Starting voice handshake... (connection attempt 1)
2022-06-03 11:18:17,679 INFO: Voice handshake complete. Endpoint found hongkong2519.discord.media
2022-06-03 11:18:18,947 INFO: selected the voice protocol for use (xsalsa20_poly1305_lite)
2022-06-03 11:18:19,161 INFO: received secret key for voice connection
2022-06-03 11:18:21,147 INFO: Preparing to terminate ffmpeg process 584.
2022-06-03 11:18:21,147 INFO: ffmpeg process 584 successfully terminated with return code of 0.
2022-06-03 11:18:22,174 INFO: The voice handshake is being terminated for Channel ID 728631391809437746 (Guild ID 428109526550708234)
2022-06-03 11:18:22,174 INFO: Disconnecting from voice normally, close code 1000.
2022-06-03 11:24:44,393 INFO: Got a request to RESUME the websocket.
2022-06-03 11:24:44,551 INFO: Shard ID None has sent the RESUME payload.
2022-06-03 11:24:44,588 INFO: Shard ID None has successfully RESUMED session 082ce229aefed1289107f3f0fe9a2d52 under trace ["gateway-prd-main-bljp",{"micros":660,"calls":["discord-sessions-blue-prd-2-81",{"micros":19}]}].
2022-06-03 12:18:20,021 INFO: 神奇海螺 in 9又4分之8.7月台[123是什麼敷衍的名字]
2022-06-03 12:18:20,032 INFO: Connecting to voice...
2022-06-03 12:18:20,032 INFO: Starting voice handshake... (connection attempt 1)
2022-06-03 12:18:20,399 INFO: Voice handshake complete. Endpoint found hongkong2519.discord.media
2022-06-03 12:18:21,656 INFO: selected the voice protocol for use (xsalsa20_poly1305_lite)
2022-06-03 12:18:21,871 INFO: received secret key for voice connection
2022-06-03 12:18:24,737 INFO: Preparing to terminate ffmpeg process 747.
2022-06-03 12:18:24,738 INFO: ffmpeg process 747 successfully terminated with return code of 0.
2022-06-03 12:18:26,975 INFO: Preparing to terminate ffmpeg process 757.
2022-06-03 12:18:26,976 INFO: ffmpeg process 757 successfully terminated with return code of 0.
2022-06-03 12:18:28,019 INFO: The voice handshake is being terminated for Channel ID 728631391809437746 (Guild ID 428109526550708234)
2022-06-03 12:18:28,020 INFO: Disconnecting from voice normally, close code 1000.
2022-06-03 13:08:03,107 INFO: Chi in 9又4分之8.7月台[123是什麼敷衍的名字]
2022-06-03 13:08:03,163 INFO: Connecting to voice...
2022-06-03 13:08:03,164 INFO: Starting voice handshake... (connection attempt 1)
2022-06-03 13:08:04,056 INFO: Voice handshake complete. Endpoint found hongkong2519.discord.media
2022-06-03 13:08:05,325 INFO: selected the voice protocol for use (xsalsa20_poly1305_lite)
2022-06-03 13:08:05,538 INFO: received secret key for voice connection
2022-06-03 13:08:07,203 INFO: Preparing to terminate ffmpeg process 892.
2022-06-03 13:08:07,204 INFO: ffmpeg process 892 successfully terminated with return code of 0.
2022-06-03 13:08:10,234 INFO: Preparing to terminate ffmpeg process 902.
2022-06-03 13:08:10,235 INFO: ffmpeg process 902 successfully terminated with return code of 0.
2022-06-03 13:08:11,262 INFO: The voice handshake is being terminated for Channel ID 728631391809437746 (Guild ID 428109526550708234)
2022-06-03 13:08:11,262 INFO: Disconnecting from voice normally, close code 1000.
2022-06-03 13:29:27,519 INFO: BunnyplayGG in 9又4分之8.7月台[123是什麼敷衍的名字]
2022-06-03 13:29:27,544 INFO: Connecting to voice...
2022-06-03 13:29:27,544 INFO: Starting voice handshake... (connection attempt 1)
2022-06-03 13:29:27,845 INFO: Voice handshake complete. Endpoint found hongkong2519.discord.media
2022-06-03 13:29:29,150 INFO: selected the voice protocol for use (xsalsa20_poly1305_lite)
2022-06-03 13:29:29,363 INFO: received secret key for voice connection
2022-06-03 13:29:31,749 INFO: Preparing to terminate ffmpeg process 975.
2022-06-03 13:29:31,750 INFO: ffmpeg process 975 successfully terminated with return code of 0.
2022-06-03 13:29:34,326 INFO: Preparing to terminate ffmpeg process 985.
2022-06-03 13:29:34,327 INFO: ffmpeg process 985 successfully terminated with return code of 0.
2022-06-03 13:29:35,394 INFO: The voice handshake is being terminated for Channel ID 728631391809437746 (Guild ID 428109526550708234)
2022-06-03 13:29:35,395 INFO: Disconnecting from voice normally, close code 1000.
2022-06-03 13:40:42,679 INFO: SparkleZ in 9又4分之8.7月台[123是什麼敷衍的名字]
2022-06-03 13:40:42,712 INFO: Connecting to voice...
2022-06-03 13:40:42,712 INFO: Starting voice handshake... (connection attempt 1)
2022-06-03 13:40:43,607 INFO: Voice handshake complete. Endpoint found hongkong2519.discord.media
2022-06-03 13:40:44,866 INFO: selected the voice protocol for use (xsalsa20_poly1305_lite)
2022-06-03 13:40:45,076 INFO: received secret key for voice connection
2022-06-03 13:40:47,582 INFO: Preparing to terminate ffmpeg process 1025.
2022-06-03 13:40:47,583 INFO: ffmpeg process 1025 successfully terminated with return code of 0.
2022-06-03 13:40:49,760 INFO: Preparing to terminate ffmpeg process 1035.
2022-06-03 13:40:49,761 INFO: ffmpeg process 1035 successfully terminated with return code of 0.
2022-06-03 13:40:50,804 INFO: The voice handshake is being terminated for Channel ID 728631391809437746 (Guild ID 428109526550708234)
2022-06-03 13:40:50,805 INFO: Disconnecting from voice normally, close code 1000.
2022-06-03 13:55:09,405 INFO: Got a request to RESUME the websocket.
2022-06-03 13:55:09,612 INFO: Shard ID None has sent the RESUME payload.
2022-06-03 13:55:09,656 INFO: Shard ID None has successfully RESUMED session 082ce229aefed1289107f3f0fe9a2d52 under trace ["gateway-prd-main-bxsb",{"micros":530,"calls":["discord-sessions-blue-prd-2-81",{"micros":24}]}].
2022-06-03 14:01:06,674 INFO: MaiMai的Pool in 9又4分之8.7月台[123是什麼敷衍的名字]
2022-06-03 14:01:06,722 INFO: Connecting to voice...
2022-06-03 14:01:06,723 INFO: Starting voice handshake... (connection attempt 1)
2022-06-03 14:01:07,651 INFO: Voice handshake complete. Endpoint found hongkong2519.discord.media
2022-06-03 14:01:08,915 INFO: selected the voice protocol for use (xsalsa20_poly1305_lite)
2022-06-03 14:01:09,143 INFO: received secret key for voice connection
2022-06-03 14:01:11,432 INFO: Preparing to terminate ffmpeg process 1137.
2022-06-03 14:01:11,432 INFO: ffmpeg process 1137 successfully terminated with return code of 0.
2022-06-03 14:01:13,426 INFO: Preparing to terminate ffmpeg process 1147.
2022-06-03 14:01:13,427 INFO: ffmpeg process 1147 successfully terminated with return code of 0.
2022-06-03 14:01:14,470 INFO: The voice handshake is being terminated for Channel ID 728631391809437746 (Guild ID 428109526550708234)
2022-06-03 14:01:14,471 INFO: Disconnecting from voice normally, close code 1000.
2022-06-03 14:01:43,330 INFO: Connecting to voice...
2022-06-03 14:01:43,330 INFO: Starting voice handshake... (connection attempt 1)
2022-06-03 14:01:43,961 INFO: Voice handshake complete. Endpoint found japan6488.discord.media
2022-06-03 14:01:44,274 ERROR: Exception occurred during Voice Protocol voice server update handler
Traceback (most recent call last):
  File "/opt/virtualenvs/python3/lib/python3.8/site-packages/discord/state.py", line 102, in logging_coroutine
    await coroutine
  File "/opt/virtualenvs/python3/lib/python3.8/site-packages/discord/voice_client.py", line 295, in on_voice_server_update
    await self.ws.close(4000)
AttributeError: 'NoneType' object has no attribute 'close'
2022-06-03 14:01:44,947 INFO: selected the voice protocol for use (xsalsa20_poly1305_lite)
2022-06-03 14:01:45,122 INFO: received secret key for voice connection
2022-06-03 14:01:50,474 INFO: Preparing to terminate ffmpeg process 1158.
2022-06-03 14:01:50,475 INFO: ffmpeg process 1158 successfully terminated with return code of 0.
2022-06-03 14:01:51,559 INFO: The voice handshake is being terminated for Channel ID 982282941180817448 (Guild ID 428109526550708234)
2022-06-03 14:01:51,559 INFO: Disconnecting from voice normally, close code 1000.
2022-06-03 14:01:52,223 INFO: wawa的n in 9又4分之8.7月台[123是什麼敷衍的名字]
2022-06-03 14:01:52,233 INFO: Connecting to voice...
2022-06-03 14:01:52,233 INFO: Starting voice handshake... (connection attempt 1)
2022-06-03 14:01:52,478 INFO: Voice handshake complete. Endpoint found hongkong2519.discord.media
2022-06-03 14:01:53,824 INFO: selected the voice protocol for use (xsalsa20_poly1305_lite)
2022-06-03 14:01:54,053 INFO: received secret key for voice connection
2022-06-03 14:01:56,200 INFO: Preparing to terminate ffmpeg process 1169.
2022-06-03 14:01:56,201 INFO: ffmpeg process 1169 successfully terminated with return code of 0.
2022-06-03 14:01:58,431 INFO: Preparing to terminate ffmpeg process 1179.
2022-06-03 14:01:58,432 INFO: ffmpeg process 1179 successfully terminated with return code of 0.
2022-06-03 14:01:59,477 INFO: The voice handshake is being terminated for Channel ID 728631391809437746 (Guild ID 428109526550708234)
2022-06-03 14:01:59,478 INFO: Disconnecting from voice normally, close code 1000.
2022-06-03 14:03:07,010 INFO: KyrieR in 9又4分之8.7月台[123是什麼敷衍的名字]
2022-06-03 14:03:07,032 INFO: Connecting to voice...
2022-06-03 14:03:07,032 INFO: Starting voice handshake... (connection attempt 1)
2022-06-03 14:03:07,980 INFO: Voice handshake complete. Endpoint found hongkong2519.discord.media
2022-06-03 14:03:09,291 INFO: selected the voice protocol for use (xsalsa20_poly1305_lite)
2022-06-03 14:03:09,511 INFO: received secret key for voice connection
2022-06-03 14:03:11,599 INFO: Preparing to terminate ffmpeg process 1190.
2022-06-03 14:03:11,600 INFO: ffmpeg process 1190 successfully terminated with return code of 0.
2022-06-03 14:03:14,376 INFO: Preparing to terminate ffmpeg process 1200.
2022-06-03 14:03:14,376 INFO: ffmpeg process 1200 successfully terminated with return code of 0.
2022-06-03 14:03:15,449 INFO: The voice handshake is being terminated for Channel ID 728631391809437746 (Guild ID 428109526550708234)
2022-06-03 14:03:15,450 INFO: Disconnecting from voice normally, close code 1000.
2022-06-03 14:10:43,279 INFO: MaiMai的Pool in 9又4分之8.7月台[打不出幹話就講出來啊]
2022-06-03 14:10:43,305 INFO: Connecting to voice...
2022-06-03 14:10:43,305 INFO: Starting voice handshake... (connection attempt 1)
2022-06-03 14:10:43,394 INFO: Voice handshake complete. Endpoint found japan2955.discord.media
2022-06-03 14:10:43,553 ERROR: Exception occurred during Voice Protocol voice server update handler
Traceback (most recent call last):
  File "/opt/virtualenvs/python3/lib/python3.8/site-packages/discord/state.py", line 102, in logging_coroutine
    await coroutine
  File "/opt/virtualenvs/python3/lib/python3.8/site-packages/discord/voice_client.py", line 295, in on_voice_server_update
    await self.ws.close(4000)
AttributeError: 'NoneType' object has no attribute 'close'
2022-06-03 14:10:44,420 INFO: selected the voice protocol for use (xsalsa20_poly1305_lite)
2022-06-03 14:10:44,589 INFO: received secret key for voice connection
2022-06-03 14:10:45,947 INFO: wawa的n in 9又4分之8.7月台[打不出幹話就講出來啊]
2022-06-03 14:10:47,383 INFO: Preparing to terminate ffmpeg process 1211.
2022-06-03 14:10:47,384 INFO: ffmpeg process 1211 successfully terminated with return code of 0.
2022-06-03 14:10:49,527 INFO: Preparing to terminate ffmpeg process 1221.
2022-06-03 14:10:49,528 INFO: ffmpeg process 1221 successfully terminated with return code of 0.
2022-06-03 14:10:52,679 INFO: Preparing to terminate ffmpeg process 1231.
2022-06-03 14:10:52,679 INFO: ffmpeg process 1231 successfully terminated with return code of 0.
2022-06-03 14:10:54,902 INFO: Preparing to terminate ffmpeg process 1241.
2022-06-03 14:10:54,903 INFO: ffmpeg process 1241 successfully terminated with return code of 0.
2022-06-03 14:10:55,967 INFO: The voice handshake is being terminated for Channel ID 428109526550708238 (Guild ID 428109526550708234)
2022-06-03 14:10:55,968 INFO: Disconnecting from voice normally, close code 1000.
2022-06-03 14:22:33,547 INFO: Got a request to RESUME the websocket.
2022-06-03 14:22:33,727 INFO: Shard ID None has sent the RESUME payload.
2022-06-03 14:22:33,767 INFO: Shard ID None has successfully RESUMED session 082ce229aefed1289107f3f0fe9a2d52 under trace ["gateway-prd-main-j42c",{"micros":2545,"calls":["discord-sessions-blue-prd-2-81",{"micros":19}]}].
2022-06-03 14:51:07,971 INFO: KyrieR out 9又4分之8.7月台[123是什麼敷衍的名字]
2022-06-03 14:51:07,972 INFO: Connecting to voice...
2022-06-03 14:51:07,972 INFO: Starting voice handshake... (connection attempt 1)
2022-06-03 14:51:08,911 INFO: Voice handshake complete. Endpoint found hongkong2519.discord.media
2022-06-03 14:51:10,178 INFO: selected the voice protocol for use (xsalsa20_poly1305_lite)
2022-06-03 14:51:10,390 INFO: received secret key for voice connection
2022-06-03 14:51:12,198 INFO: Preparing to terminate ffmpeg process 1344.
2022-06-03 14:51:12,199 INFO: ffmpeg process 1344 successfully terminated with return code of 0.
2022-06-03 14:51:13,206 INFO: The voice handshake is being terminated for Channel ID 728631391809437746 (Guild ID 428109526550708234)
2022-06-03 14:51:13,206 INFO: Disconnecting from voice normally, close code 1000.
2022-06-03 14:53:20,415 INFO: KyrieR in 9又4分之8.7月台[123是什麼敷衍的名字]
2022-06-03 14:53:20,478 INFO: Connecting to voice...
2022-06-03 14:53:20,478 INFO: Starting voice handshake... (connection attempt 1)
2022-06-03 14:53:21,340 INFO: Voice handshake complete. Endpoint found hongkong2519.discord.media
2022-06-03 14:53:22,629 INFO: selected the voice protocol for use (xsalsa20_poly1305_lite)
2022-06-03 14:53:22,847 INFO: received secret key for voice connection
2022-06-03 14:53:24,939 INFO: Preparing to terminate ffmpeg process 1355.
2022-06-03 14:53:24,939 INFO: ffmpeg process 1355 successfully terminated with return code of 0.
2022-06-03 14:53:27,800 INFO: Preparing to terminate ffmpeg process 1365.
2022-06-03 14:53:27,801 INFO: ffmpeg process 1365 successfully terminated with return code of 0.
2022-06-03 14:53:28,897 INFO: The voice handshake is being terminated for Channel ID 728631391809437746 (Guild ID 428109526550708234)
2022-06-03 14:53:28,897 INFO: Disconnecting from voice normally, close code 1000.
2022-06-03 15:06:09,478 INFO: 不偷家的飄飄大仙 out 9又4分之8.7月台[123是什麼敷衍的名字]
2022-06-03 15:06:09,479 INFO: Connecting to voice...
2022-06-03 15:06:09,479 INFO: Starting voice handshake... (connection attempt 1)
2022-06-03 15:06:10,382 INFO: Voice handshake complete. Endpoint found hongkong2519.discord.media
2022-06-03 15:06:11,660 INFO: selected the voice protocol for use (xsalsa20_poly1305_lite)
2022-06-03 15:06:11,873 INFO: received secret key for voice connection
2022-06-03 15:06:14,761 INFO: Preparing to terminate ffmpeg process 1435.
2022-06-03 15:06:14,761 INFO: ffmpeg process 1435 successfully terminated with return code of 0.
2022-06-03 15:06:15,792 INFO: The voice handshake is being terminated for Channel ID 728631391809437746 (Guild ID 428109526550708234)
2022-06-03 15:06:15,792 INFO: Disconnecting from voice normally, close code 1000.
2022-06-03 15:10:45,196 INFO: DADA的DIAO in 9又4分之8.7月台[打不出幹話就講出來啊]
2022-06-03 15:10:45,240 INFO: Connecting to voice...
2022-06-03 15:10:45,240 INFO: Starting voice handshake... (connection attempt 1)
2022-06-03 15:10:45,925 INFO: Voice handshake complete. Endpoint found japan2955.discord.media
2022-06-03 15:10:46,933 INFO: selected the voice protocol for use (xsalsa20_poly1305_lite)
2022-06-03 15:10:47,099 INFO: received secret key for voice connection
2022-06-03 15:10:49,868 INFO: Preparing to terminate ffmpeg process 1446.
2022-06-03 15:10:49,868 INFO: ffmpeg process 1446 successfully terminated with return code of 0.
2022-06-03 15:10:51,392 INFO: Preparing to terminate ffmpeg process 1456.
2022-06-03 15:10:51,393 INFO: ffmpeg process 1456 successfully terminated with return code of 0.
2022-06-03 15:10:52,933 INFO: The voice handshake is being terminated for Channel ID 428109526550708238 (Guild ID 428109526550708234)
2022-06-03 15:10:52,933 INFO: Disconnecting from voice normally, close code 1000.
2022-06-03 15:14:50,732 INFO: DADA的DIAO out 9又4分之8.7月台[打不出幹話就講出來啊]
2022-06-03 15:14:50,732 INFO: Connecting to voice...
2022-06-03 15:14:50,732 INFO: Starting voice handshake... (connection attempt 1)
2022-06-03 15:14:50,941 INFO: Voice handshake complete. Endpoint found japan2955.discord.media
2022-06-03 15:14:51,945 INFO: selected the voice protocol for use (xsalsa20_poly1305_lite)
2022-06-03 15:14:52,109 INFO: received secret key for voice connection
2022-06-03 15:14:54,197 INFO: Preparing to terminate ffmpeg process 1467.
2022-06-03 15:14:54,198 INFO: ffmpeg process 1467 successfully terminated with return code of 0.
2022-06-03 15:14:55,226 INFO: The voice handshake is being terminated for Channel ID 428109526550708238 (Guild ID 428109526550708234)
2022-06-03 15:14:55,227 INFO: Disconnecting from voice normally, close code 1000.
2022-06-03 15:37:45,943 INFO: Got a request to RESUME the websocket.
2022-06-03 15:37:46,124 INFO: Shard ID None has sent the RESUME payload.
2022-06-03 15:37:46,166 INFO: Shard ID None has successfully RESUMED session 082ce229aefed1289107f3f0fe9a2d52 under trace ["gateway-prd-main-fxlr",{"micros":713,"calls":["discord-sessions-blue-prd-2-81",{"micros":26}]}].
