2022-01-15 21:03:24,811 INFO: logging in using static token
2022-01-15 21:03:25,073 INFO: Shard ID None has sent the IDENTIFY payload.
2022-01-15 21:03:25,217 INFO: Shard ID None has connected to Gateway: ["gateway-prd-main-whn0",{"micros":103829,"calls":["discord-sessions-blue-prd-2-67",{"micros":101016,"calls":["start_session",{"micros":88675,"calls":["api-prd-main-tct9",{"micros":84502,"calls":["get_user",{"micros":10511},"add_authorized_ip",{"micros":4844},"get_guilds",{"micros":12584},"coros_wait",{"micros":1}]}]},"guilds_connect",{"micros":2,"calls":[]},"presence_connect",{"micros":1,"calls":[]}]}]}] (Session ID: 8f51882096b2160fee42845939235ad9).
2022-01-15 21:03:27,311 INFO: 目前登入身份：神奇海螺#3847
2022-01-15 23:06:52,964 INFO: logging in using static token
2022-01-15 23:06:53,222 INFO: Shard ID None has sent the IDENTIFY payload.
2022-01-15 23:06:53,318 INFO: Shard ID None has connected to Gateway: ["gateway-prd-main-5hzc",{"micros":59005,"calls":["discord-sessions-blue-prd-2-131",{"micros":54870,"calls":["start_session",{"micros":37709,"calls":["api-prd-main-jphn",{"micros":33625,"calls":["get_user",{"micros":5055},"add_authorized_ip",{"micros":1363},"get_guilds",{"micros":7309},"coros_wait",{"micros":2}]}]},"guilds_connect",{"micros":23,"calls":[]},"presence_connect",{"micros":1,"calls":[]}]}]}] (Session ID: 0119e63bea24d0c07f52690e59d459d8).
2022-01-15 23:06:55,387 INFO: 目前登入身份：神奇海螺#3847
2022-01-15 23:52:57,129 INFO: Websocket closed with 1006, attempting a reconnect.
2022-01-15 23:52:57,130 INFO: Got a request to RESUME the websocket.
2022-01-15 23:52:57,311 INFO: Shard ID None has sent the RESUME payload.
2022-01-15 23:52:57,350 INFO: Shard ID None has successfully RESUMED session 0119e63bea24d0c07f52690e59d459d8 under trace ["gateway-prd-main-gv99",{"micros":549,"calls":["discord-sessions-blue-prd-2-131",{"micros":16}]}].
2022-01-16 09:44:35,457 INFO: logging in using static token
2022-01-16 09:44:35,703 INFO: Shard ID None has sent the IDENTIFY payload.
2022-01-16 09:44:35,881 INFO: Shard ID None has connected to Gateway: ["gateway-prd-main-p6jp",{"micros":140784,"calls":["discord-sessions-blue-prd-2-40",{"micros":140118,"calls":["start_session",{"micros":56199,"calls":["api-prd-main-7v8m",{"micros":52751,"calls":["get_user",{"micros":8555},"add_authorized_ip",{"micros":3559},"get_guilds",{"micros":10640},"coros_wait",{"micros":2}]}]},"guilds_connect",{"micros":3,"calls":[]},"presence_connect",{"micros":67075,"calls":[]}]}]}] (Session ID: 051f3091f3db3c4d7f5401847055e7be).
2022-01-16 09:44:37,904 INFO: 目前登入身份：神奇海螺#3847
2022-01-16 10:12:53,370 INFO: logging in using static token
2022-01-16 10:12:53,597 INFO: Shard ID None has sent the IDENTIFY payload.
2022-01-16 10:12:53,711 INFO: Shard ID None has connected to Gateway: ["gateway-prd-main-nv0m",{"micros":77934,"calls":["discord-sessions-blue-prd-2-169",{"micros":67747,"calls":["start_session",{"micros":34788,"calls":["discord-api-5b87f5875b-4xnhg",{"micros":30623,"calls":["get_user",{"micros":3421},"add_authorized_ip",{"micros":2011},"get_guilds",{"micros":5605},"coros_wait",{"micros":2}]}]},"guilds_connect",{"micros":2,"calls":[]},"presence_connect",{"micros":10377,"calls":[]}]}]}] (Session ID: cc156993d0f98090556704e54b87a400).
2022-01-16 10:12:55,750 INFO: 目前登入身份：神奇海螺#3847
