2022-08-16 16:41:38,272 INFO: logging in using static token
2022-08-16 16:41:38,594 INFO: Shard ID None has sent the IDENTIFY payload.
2022-08-16 16:41:38,777 INFO: Shard ID None has connected to Gateway: ["gateway-prd-main-0v4b",{"micros":101298,"calls":["id_created",{"micros":2209,"calls":[]},"session_lookup_time",{"micros":356,"calls":[]},"session_lookup_finished",{"micros":16,"calls":[]},"discord-sessions-green-prd-2-24",{"micros":98435,"calls":["start_session",{"micros":77548,"calls":["discord-api-86c669699f-l2qgg",{"micros":73555,"calls":["get_user",{"micros":11247},"add_authorized_ip",{"micros":2141},"get_guilds",{"micros":3199},"send_scheduled_deleteion_message",{"micros":11},"guild_join_requests",{"micros":33671}]}]},"starting_guild_connect",{"micros":37,"calls":[]},"presence_started",{"micros":9869,"calls":[]},"guilds_started",{"micros":10962,"calls":[]},"guilds_connect",{"micros":2,"calls":[]},"presence_connect",{"micros":3,"calls":[]},"connect_finished",{"micros":9,"calls":[]},"build_ready",{"micros":6,"calls":[]},"optimize_ready",{"micros":0,"calls":[]},"split_ready",{"micros":1,"calls":[]},"clean_ready",{"micros":0,"calls":[]}]}]}] (Session ID: a395539e452ac207ec62d928ed2ab78f).
2022-08-16 16:41:40,809 INFO: 目前登入身份：神奇海螺#3847
2022-08-16 18:26:44,056 INFO: logging in using static token
2022-08-16 18:26:44,285 INFO: Shard ID None has sent the IDENTIFY payload.
2022-08-16 18:26:44,380 INFO: Shard ID None has connected to Gateway: ["gateway-prd-main-x2qv",{"micros":71207,"calls":["id_created",{"micros":2988,"calls":[]},"session_lookup_time",{"micros":286,"calls":[]},"session_lookup_finished",{"micros":12,"calls":[]},"discord-sessions-green-prd-2-89",{"micros":66871,"calls":["start_session",{"micros":35143,"calls":["discord-api-665889cd5f-dkwlt",{"micros":30476,"calls":["get_user",{"micros":7127},"add_authorized_ip",{"micros":1724},"get_guilds",{"micros":2933},"send_scheduled_deleteion_message",{"micros":10},"guild_join_requests",{"micros":1}]}]},"starting_guild_connect",{"micros":41,"calls":[]},"presence_started",{"micros":1087,"calls":[]},"guilds_started",{"micros":30585,"calls":[]},"guilds_connect",{"micros":1,"calls":[]},"presence_connect",{"micros":1,"calls":[]},"connect_finished",{"micros":6,"calls":[]},"build_ready",{"micros":5,"calls":[]},"optimize_ready",{"micros":0,"calls":[]},"split_ready",{"micros":1,"calls":[]},"clean_ready",{"micros":0,"calls":[]}]}]}] (Session ID: cf8006dcbb46cb3eb16ff919a741087d).
2022-08-16 18:26:46,408 INFO: 目前登入身份：神奇海螺#3847
2022-08-16 20:25:44,761 INFO: Websocket closed with 1006, attempting a reconnect.
2022-08-16 20:25:44,761 INFO: Got a request to RESUME the websocket.
2022-08-16 20:25:44,915 INFO: Shard ID None has sent the RESUME payload.
2022-08-16 20:25:44,940 INFO: Shard ID None has successfully RESUMED session cf8006dcbb46cb3eb16ff919a741087d under trace ["gateway-prd-main-xjwp",{"micros":1874,"calls":["id_created",{"micros":0,"calls":[]},"session_lookup_time",{"micros":1431,"calls":[]},"session_lookup_finished",{"micros":14,"calls":[]},"discord-sessions-green-prd-2-89",{"micros":23}]}].
2022-08-16 21:28:38,468 INFO: logging in using static token
2022-08-16 21:28:38,737 INFO: Shard ID None has sent the IDENTIFY payload.
2022-08-16 21:28:38,893 INFO: Shard ID None has connected to Gateway: ["gateway-prd-main-92r6",{"micros":128058,"calls":["id_created",{"micros":2240,"calls":[]},"session_lookup_time",{"micros":294,"calls":[]},"session_lookup_finished",{"micros":10,"calls":[]},"discord-sessions-green-prd-2-85",{"micros":124973,"calls":["start_session",{"micros":80165,"calls":["discord-api-78dc8f49f5-hq7hv",{"micros":74983,"calls":["get_user",{"micros":18948},"add_authorized_ip",{"micros":5257},"get_guilds",{"micros":5035},"send_scheduled_deleteion_message",{"micros":11},"guild_join_requests",{"micros":3}]}]},"starting_guild_connect",{"micros":35,"calls":[]},"presence_started",{"micros":11751,"calls":[]},"guilds_started",{"micros":9286,"calls":[]},"guilds_connect",{"micros":2,"calls":[]},"presence_connect",{"micros":23721,"calls":[]},"connect_finished",{"micros":23727,"calls":[]},"build_ready",{"micros":5,"calls":[]},"optimize_ready",{"micros":1,"calls":[]},"split_ready",{"micros":1,"calls":[]},"clean_ready",{"micros":0,"calls":[]}]}]}] (Session ID: ae790526c952b4d2cba11cdd60fdb2b5).
2022-08-16 21:28:40,925 INFO: 目前登入身份：神奇海螺#3847
2022-08-17 00:12:18,144 INFO: Got a request to RESUME the websocket.
2022-08-17 00:12:18,293 INFO: Shard ID None has sent the RESUME payload.
2022-08-17 00:12:18,338 INFO: Shard ID None has successfully RESUMED session ae790526c952b4d2cba11cdd60fdb2b5 under trace ["gateway-prd-main-qzb9",{"micros":6854,"calls":["id_created",{"micros":0,"calls":[]},"session_lookup_time",{"micros":6556,"calls":[]},"session_lookup_finished",{"micros":10,"calls":[]},"discord-sessions-green-prd-2-85",{"micros":20}]}].
2022-08-17 01:01:27,097 INFO: Got a request to RESUME the websocket.
2022-08-17 01:01:27,236 INFO: Shard ID None has sent the RESUME payload.
2022-08-17 01:01:27,269 INFO: Shard ID None has successfully RESUMED session ae790526c952b4d2cba11cdd60fdb2b5 under trace ["gateway-prd-main-9zhd",{"micros":609,"calls":["id_created",{"micros":0,"calls":[]},"session_lookup_time",{"micros":286,"calls":[]},"session_lookup_finished",{"micros":17,"calls":[]},"discord-sessions-green-prd-2-85",{"micros":19}]}].
2022-08-17 02:31:11,742 INFO: Got a request to RESUME the websocket.
2022-08-17 02:31:11,889 INFO: Shard ID None has sent the RESUME payload.
2022-08-17 02:31:11,918 INFO: Shard ID None has successfully RESUMED session ae790526c952b4d2cba11cdd60fdb2b5 under trace ["gateway-prd-main-xk9l",{"micros":2562,"calls":["id_created",{"micros":0,"calls":[]},"session_lookup_time",{"micros":218,"calls":[]},"session_lookup_finished",{"micros":20,"calls":[]},"discord-sessions-green-prd-2-85",{"micros":20}]}].
2022-08-17 04:31:01,478 INFO: Got a request to RESUME the websocket.
2022-08-17 04:31:01,616 INFO: Shard ID None has sent the RESUME payload.
2022-08-17 04:31:01,648 INFO: Shard ID None has successfully RESUMED session ae790526c952b4d2cba11cdd60fdb2b5 under trace ["gateway-prd-main-483c",{"micros":593,"calls":["id_created",{"micros":0,"calls":[]},"session_lookup_time",{"micros":277,"calls":[]},"session_lookup_finished",{"micros":17,"calls":[]},"discord-sessions-green-prd-2-85",{"micros":21}]}].
2022-08-17 07:29:42,090 INFO: Got a request to RESUME the websocket.
2022-08-17 07:29:42,227 INFO: Shard ID None has sent the RESUME payload.
2022-08-17 07:29:42,250 INFO: Shard ID None has successfully RESUMED session ae790526c952b4d2cba11cdd60fdb2b5 under trace ["gateway-prd-main-zs54",{"micros":422,"calls":["id_created",{"micros":0,"calls":[]},"session_lookup_time",{"micros":206,"calls":[]},"session_lookup_finished",{"micros":8,"calls":[]},"discord-sessions-green-prd-2-85",{"micros":17}]}].
2022-08-17 10:26:51,390 INFO: Got a request to RESUME the websocket.
2022-08-17 10:26:51,528 INFO: Shard ID None has sent the RESUME payload.
2022-08-17 10:26:51,571 INFO: Shard ID None has successfully RESUMED session ae790526c952b4d2cba11cdd60fdb2b5 under trace ["gateway-prd-main-jh2h",{"micros":20780,"calls":["id_created",{"micros":0,"calls":[]},"session_lookup_time",{"micros":1343,"calls":[]},"session_lookup_finished",{"micros":12,"calls":[]},"discord-sessions-green-prd-2-85",{"micros":23}]}].
2022-08-17 13:43:04,785 INFO: Chi in 9又4分之8.7月台[123是什麼敷衍的名字]
2022-08-17 13:43:04,970 INFO: Connecting to voice...
2022-08-17 13:43:04,971 INFO: Starting voice handshake... (connection attempt 1)
2022-08-17 13:43:05,266 INFO: Voice handshake complete. Endpoint found japan6902.discord.media
2022-08-17 13:43:05,439 ERROR: Exception occurred during Voice Protocol voice server update handler
Traceback (most recent call last):
  File "/opt/virtualenvs/python3/lib/python3.8/site-packages/discord/state.py", line 102, in logging_coroutine
    await coroutine
  File "/opt/virtualenvs/python3/lib/python3.8/site-packages/discord/voice_client.py", line 295, in on_voice_server_update
    await self.ws.close(4000)
AttributeError: 'NoneType' object has no attribute 'close'
2022-08-17 13:43:06,218 INFO: selected the voice protocol for use (xsalsa20_poly1305_lite)
2022-08-17 13:43:06,402 INFO: received secret key for voice connection
2022-08-17 13:43:08,615 INFO: Preparing to terminate ffmpeg process 1645.
2022-08-17 13:43:08,616 INFO: ffmpeg process 1645 successfully terminated with return code of 0.
2022-08-17 13:43:10,810 INFO: Preparing to terminate ffmpeg process 1656.
2022-08-17 13:43:10,812 INFO: ffmpeg process 1656 successfully terminated with return code of 0.
2022-08-17 13:43:11,853 INFO: The voice handshake is being terminated for Channel ID 728631391809437746 (Guild ID 428109526550708234)
2022-08-17 13:43:11,854 INFO: Disconnecting from voice normally, close code 1000.
2022-08-17 13:57:17,305 INFO: 不偷家的飄飄大仙 in 9又4分之8.7月台[123是什麼敷衍的名字]
2022-08-17 13:57:17,345 INFO: Connecting to voice...
2022-08-17 13:57:17,346 INFO: Starting voice handshake... (connection attempt 1)
2022-08-17 13:57:17,982 INFO: Voice handshake complete. Endpoint found japan6902.discord.media
2022-08-17 13:57:18,934 INFO: selected the voice protocol for use (xsalsa20_poly1305_lite)
2022-08-17 13:57:19,118 INFO: received secret key for voice connection
2022-08-17 13:57:22,714 INFO: Preparing to terminate ffmpeg process 1685.
2022-08-17 13:57:22,714 INFO: ffmpeg process 1685 successfully terminated with return code of 0.
2022-08-17 13:57:25,586 INFO: Preparing to terminate ffmpeg process 1695.
2022-08-17 13:57:25,586 INFO: ffmpeg process 1695 successfully terminated with return code of 0.
2022-08-17 13:57:26,670 INFO: The voice handshake is being terminated for Channel ID 728631391809437746 (Guild ID 428109526550708234)
2022-08-17 13:57:26,671 INFO: Disconnecting from voice normally, close code 1000.
2022-08-17 14:04:22,856 INFO: BunnyplayGG in 9又4分之8.7月台[123是什麼敷衍的名字]
2022-08-17 14:04:23,006 INFO: Connecting to voice...
2022-08-17 14:04:23,006 INFO: Starting voice handshake... (connection attempt 1)
2022-08-17 14:04:23,506 INFO: Voice handshake complete. Endpoint found japan6902.discord.media
2022-08-17 14:04:24,446 INFO: selected the voice protocol for use (xsalsa20_poly1305_lite)
2022-08-17 14:04:24,635 INFO: received secret key for voice connection
2022-08-17 14:04:26,507 INFO: Preparing to terminate ffmpeg process 1724.
2022-08-17 14:04:26,508 INFO: ffmpeg process 1724 successfully terminated with return code of 0.
2022-08-17 14:04:29,162 INFO: Preparing to terminate ffmpeg process 1734.
2022-08-17 14:04:29,163 INFO: ffmpeg process 1734 successfully terminated with return code of 0.
2022-08-17 14:04:30,170 INFO: The voice handshake is being terminated for Channel ID 728631391809437746 (Guild ID 428109526550708234)
2022-08-17 14:04:30,171 INFO: Disconnecting from voice normally, close code 1000.
2022-08-17 14:05:04,271 INFO: Got a request to RESUME the websocket.
2022-08-17 14:05:04,450 INFO: Shard ID None has sent the RESUME payload.
2022-08-17 14:05:04,473 INFO: Shard ID None has successfully RESUMED session ae790526c952b4d2cba11cdd60fdb2b5 under trace ["gateway-prd-main-hj4v",{"micros":450,"calls":["id_created",{"micros":0,"calls":[]},"session_lookup_time",{"micros":219,"calls":[]},"session_lookup_finished",{"micros":16,"calls":[]},"discord-sessions-green-prd-2-85",{"micros":17}]}].
2022-08-17 14:20:36,003 INFO: 不偷家的飄飄大仙 out 9又4分之8.7月台[123是什麼敷衍的名字]
2022-08-17 14:20:36,003 INFO: Connecting to voice...
2022-08-17 14:20:36,003 INFO: Starting voice handshake... (connection attempt 1)
2022-08-17 14:20:36,721 INFO: Voice handshake complete. Endpoint found japan6902.discord.media
2022-08-17 14:20:37,679 INFO: selected the voice protocol for use (xsalsa20_poly1305_lite)
2022-08-17 14:20:37,869 INFO: received secret key for voice connection
2022-08-17 14:20:40,762 INFO: Preparing to terminate ffmpeg process 1782.
2022-08-17 14:20:40,763 INFO: ffmpeg process 1782 successfully terminated with return code of 0.
2022-08-17 14:20:41,795 INFO: The voice handshake is being terminated for Channel ID 728631391809437746 (Guild ID 428109526550708234)
2022-08-17 14:20:41,796 INFO: Disconnecting from voice normally, close code 1000.
2022-08-17 14:24:31,446 INFO: 楓夜 in 9又4分之8.7月台[123是什麼敷衍的名字]
2022-08-17 14:24:31,530 INFO: Connecting to voice...
2022-08-17 14:24:31,530 INFO: Starting voice handshake... (connection attempt 1)
2022-08-17 14:24:32,126 INFO: Voice handshake complete. Endpoint found japan6902.discord.media
2022-08-17 14:24:33,076 INFO: selected the voice protocol for use (xsalsa20_poly1305_lite)
2022-08-17 14:24:33,259 INFO: received secret key for voice connection
2022-08-17 14:24:35,675 INFO: Preparing to terminate ffmpeg process 1793.
2022-08-17 14:24:35,676 INFO: ffmpeg process 1793 successfully terminated with return code of 0.
2022-08-17 14:24:37,860 INFO: Preparing to terminate ffmpeg process 1803.
2022-08-17 14:24:37,861 INFO: ffmpeg process 1803 successfully terminated with return code of 0.
2022-08-17 14:24:38,905 INFO: The voice handshake is being terminated for Channel ID 728631391809437746 (Guild ID 428109526550708234)
2022-08-17 14:24:38,906 INFO: Disconnecting from voice normally, close code 1000.
2022-08-17 14:39:44,174 INFO: Got a request to RESUME the websocket.
2022-08-17 14:39:44,330 INFO: Shard ID None has sent the RESUME payload.
2022-08-17 14:39:44,361 INFO: Shard ID None has successfully RESUMED session ae790526c952b4d2cba11cdd60fdb2b5 under trace ["gateway-prd-main-kb6j",{"micros":7128,"calls":["id_created",{"micros":0,"calls":[]},"session_lookup_time",{"micros":5974,"calls":[]},"session_lookup_finished",{"micros":16,"calls":[]},"discord-sessions-green-prd-2-85",{"micros":22}]}].
2022-08-17 15:13:13,821 INFO: 楓夜 out 9又4分之8.7月台[123是什麼敷衍的名字]
2022-08-17 15:13:13,822 INFO: Connecting to voice...
2022-08-17 15:13:13,822 INFO: Starting voice handshake... (connection attempt 1)
2022-08-17 15:13:14,529 INFO: Voice handshake complete. Endpoint found japan6902.discord.media
2022-08-17 15:13:15,476 INFO: selected the voice protocol for use (xsalsa20_poly1305_lite)
2022-08-17 15:13:15,662 INFO: received secret key for voice connection
2022-08-17 15:13:18,019 INFO: Preparing to terminate ffmpeg process 1884.
2022-08-17 15:13:18,022 INFO: ffmpeg process 1884 successfully terminated with return code of 0.
2022-08-17 15:13:19,095 INFO: The voice handshake is being terminated for Channel ID 728631391809437746 (Guild ID 428109526550708234)
2022-08-17 15:13:19,095 INFO: Disconnecting from voice normally, close code 1000.
2022-08-17 15:14:19,909 INFO: Got a request to RESUME the websocket.
2022-08-17 15:14:20,055 INFO: Shard ID None has sent the RESUME payload.
2022-08-17 15:14:20,085 INFO: Shard ID None has successfully RESUMED session ae790526c952b4d2cba11cdd60fdb2b5 under trace ["gateway-prd-main-kgd5",{"micros":797,"calls":["id_created",{"micros":0,"calls":[]},"session_lookup_time",{"micros":493,"calls":[]},"session_lookup_finished",{"micros":12,"calls":[]},"discord-sessions-green-prd-2-85",{"micros":18}]}].
2022-08-17 15:23:14,687 INFO: 不偷家的飄飄大仙 in 9又4分之8.7月台[123是什麼敷衍的名字]
2022-08-17 15:23:14,771 INFO: Connecting to voice...
2022-08-17 15:23:14,771 INFO: Starting voice handshake... (connection attempt 1)
2022-08-17 15:23:15,376 INFO: Voice handshake complete. Endpoint found japan6902.discord.media
2022-08-17 15:23:16,326 INFO: selected the voice protocol for use (xsalsa20_poly1305_lite)
2022-08-17 15:23:16,515 INFO: received secret key for voice connection
2022-08-17 15:23:19,585 INFO: Preparing to terminate ffmpeg process 1915.
2022-08-17 15:23:19,586 INFO: ffmpeg process 1915 successfully terminated with return code of 0.
2022-08-17 15:23:21,811 INFO: Preparing to terminate ffmpeg process 1925.
2022-08-17 15:23:21,811 INFO: ffmpeg process 1925 successfully terminated with return code of 0.
2022-08-17 15:23:22,852 INFO: The voice handshake is being terminated for Channel ID 728631391809437746 (Guild ID 428109526550708234)
2022-08-17 15:23:22,853 INFO: Disconnecting from voice normally, close code 1000.
2022-08-17 15:25:29,858 INFO: SparkleZ in 9又4分之8.7月台[123是什麼敷衍的名字]
2022-08-17 15:25:29,985 INFO: Connecting to voice...
2022-08-17 15:25:29,985 INFO: Starting voice handshake... (connection attempt 1)
2022-08-17 15:25:30,548 INFO: Voice handshake complete. Endpoint found japan6902.discord.media
2022-08-17 15:25:31,517 INFO: selected the voice protocol for use (xsalsa20_poly1305_lite)
2022-08-17 15:25:31,701 INFO: received secret key for voice connection
2022-08-17 15:25:34,218 INFO: Preparing to terminate ffmpeg process 1936.
2022-08-17 15:25:34,219 INFO: ffmpeg process 1936 successfully terminated with return code of 0.
2022-08-17 15:25:36,226 INFO: Preparing to terminate ffmpeg process 1946.
2022-08-17 15:25:36,227 INFO: ffmpeg process 1946 successfully terminated with return code of 0.
2022-08-17 15:25:37,250 INFO: The voice handshake is being terminated for Channel ID 728631391809437746 (Guild ID 428109526550708234)
2022-08-17 15:25:37,251 INFO: Disconnecting from voice normally, close code 1000.
2022-08-17 15:26:43,534 INFO: 楓夜 in 9又4分之8.7月台[123是什麼敷衍的名字]
2022-08-17 15:26:43,676 INFO: Connecting to voice...
2022-08-17 15:26:43,677 INFO: Starting voice handshake... (connection attempt 1)
2022-08-17 15:26:44,290 INFO: Voice handshake complete. Endpoint found japan6902.discord.media
2022-08-17 15:26:45,241 INFO: selected the voice protocol for use (xsalsa20_poly1305_lite)
2022-08-17 15:26:45,424 INFO: received secret key for voice connection
2022-08-17 15:26:47,316 INFO: Preparing to terminate ffmpeg process 1957.
2022-08-17 15:26:47,317 INFO: ffmpeg process 1957 successfully terminated with return code of 0.
2022-08-17 15:26:49,454 INFO: Preparing to terminate ffmpeg process 1967.
2022-08-17 15:26:49,454 INFO: ffmpeg process 1967 successfully terminated with return code of 0.
2022-08-17 15:26:50,458 INFO: The voice handshake is being terminated for Channel ID 728631391809437746 (Guild ID 428109526550708234)
2022-08-17 15:26:50,458 INFO: Disconnecting from voice normally, close code 1000.
2022-08-17 15:26:53,732 INFO: Fiven-chung in 9又4分之8.7月台[123是什麼敷衍的名字]
2022-08-17 15:26:53,974 INFO: Connecting to voice...
2022-08-17 15:26:53,974 INFO: Starting voice handshake... (connection attempt 1)
2022-08-17 15:26:54,178 INFO: Voice handshake complete. Endpoint found japan6902.discord.media
2022-08-17 15:26:55,117 INFO: selected the voice protocol for use (xsalsa20_poly1305_lite)
2022-08-17 15:26:55,306 INFO: received secret key for voice connection
2022-08-17 15:26:57,700 INFO: Preparing to terminate ffmpeg process 1978.
2022-08-17 15:26:57,701 INFO: ffmpeg process 1978 successfully terminated with return code of 0.
2022-08-17 15:26:59,715 INFO: Preparing to terminate ffmpeg process 1988.
2022-08-17 15:26:59,715 INFO: ffmpeg process 1988 successfully terminated with return code of 0.
2022-08-17 15:27:00,760 INFO: The voice handshake is being terminated for Channel ID 728631391809437746 (Guild ID 428109526550708234)
2022-08-17 15:27:00,761 INFO: Disconnecting from voice normally, close code 1000.
2022-08-17 15:29:41,360 INFO: SparkleZ out 9又4分之8.7月台[123是什麼敷衍的名字]
2022-08-17 15:29:41,360 INFO: Connecting to voice...
2022-08-17 15:29:41,360 INFO: Starting voice handshake... (connection attempt 1)
2022-08-17 15:29:41,814 INFO: Voice handshake complete. Endpoint found japan6902.discord.media
2022-08-17 15:29:42,768 INFO: selected the voice protocol for use (xsalsa20_poly1305_lite)
2022-08-17 15:29:42,956 INFO: received secret key for voice connection
2022-08-17 15:29:44,958 INFO: Preparing to terminate ffmpeg process 2017.
2022-08-17 15:29:44,960 INFO: ffmpeg process 2017 successfully terminated with return code of 0.
2022-08-17 15:29:45,988 INFO: The voice handshake is being terminated for Channel ID 728631391809437746 (Guild ID 428109526550708234)
2022-08-17 15:29:45,989 INFO: Disconnecting from voice normally, close code 1000.
2022-08-17 15:45:22,806 INFO: Got a request to RESUME the websocket.
2022-08-17 15:45:22,961 INFO: Shard ID None has sent the RESUME payload.
2022-08-17 15:45:23,003 INFO: Shard ID None has successfully RESUMED session ae790526c952b4d2cba11cdd60fdb2b5 under trace ["gateway-prd-main-74g7",{"micros":13423,"calls":["id_created",{"micros":0,"calls":[]},"session_lookup_time",{"micros":13137,"calls":[]},"session_lookup_finished",{"micros":14,"calls":[]},"discord-sessions-green-prd-2-85",{"micros":22}]}].
2022-08-17 16:31:35,977 INFO: BunnyplayGG out 9又4分之8.7月台[123是什麼敷衍的名字]
2022-08-17 16:31:35,978 INFO: Connecting to voice...
2022-08-17 16:31:35,978 INFO: Starting voice handshake... (connection attempt 1)
2022-08-17 16:31:36,648 INFO: Voice handshake complete. Endpoint found japan6902.discord.media
2022-08-17 16:31:37,609 INFO: selected the voice protocol for use (xsalsa20_poly1305_lite)
2022-08-17 16:31:37,795 INFO: received secret key for voice connection
2022-08-17 16:31:40,221 INFO: Preparing to terminate ffmpeg process 2133.
2022-08-17 16:31:40,223 INFO: ffmpeg process 2133 successfully terminated with return code of 0.
2022-08-17 16:31:41,262 INFO: The voice handshake is being terminated for Channel ID 728631391809437746 (Guild ID 428109526550708234)
2022-08-17 16:31:41,263 INFO: Disconnecting from voice normally, close code 1000.
2022-08-17 16:35:01,930 INFO: 楓夜 out 9又4分之8.7月台[123是什麼敷衍的名字]
2022-08-17 16:35:01,931 INFO: Connecting to voice...
2022-08-17 16:35:01,931 INFO: Starting voice handshake... (connection attempt 1)
2022-08-17 16:35:02,638 INFO: Voice handshake complete. Endpoint found japan6902.discord.media
2022-08-17 16:35:03,607 INFO: selected the voice protocol for use (xsalsa20_poly1305_lite)
2022-08-17 16:35:03,806 INFO: received secret key for voice connection
2022-08-17 16:35:05,522 INFO: Preparing to terminate ffmpeg process 2144.
2022-08-17 16:35:05,523 INFO: ffmpeg process 2144 successfully terminated with return code of 0.
2022-08-17 16:35:06,529 INFO: The voice handshake is being terminated for Channel ID 728631391809437746 (Guild ID 428109526550708234)
2022-08-17 16:35:06,529 INFO: Disconnecting from voice normally, close code 1000.
2022-08-17 16:35:06,995 INFO: 楓夜 in 9又4分之8.7月台[123是什麼敷衍的名字]
2022-08-17 16:35:07,086 INFO: Connecting to voice...
2022-08-17 16:35:07,087 INFO: Starting voice handshake... (connection attempt 1)
2022-08-17 16:35:07,279 INFO: Voice handshake complete. Endpoint found japan6902.discord.media
2022-08-17 16:35:08,208 INFO: selected the voice protocol for use (xsalsa20_poly1305_lite)
2022-08-17 16:35:08,393 INFO: received secret key for voice connection
2022-08-17 16:35:10,805 INFO: Preparing to terminate ffmpeg process 2155.
2022-08-17 16:35:10,806 INFO: ffmpeg process 2155 successfully terminated with return code of 0.
2022-08-17 16:35:12,972 INFO: Preparing to terminate ffmpeg process 2165.
2022-08-17 16:35:12,974 INFO: ffmpeg process 2165 successfully terminated with return code of 0.
2022-08-17 16:35:14,044 INFO: The voice handshake is being terminated for Channel ID 728631391809437746 (Guild ID 428109526550708234)
2022-08-17 16:35:14,045 INFO: Disconnecting from voice normally, close code 1000.
2022-08-17 16:36:31,571 INFO: 不偷家的飄飄大仙 out 9又4分之8.7月台[123是什麼敷衍的名字]
2022-08-17 16:36:31,571 INFO: Connecting to voice...
2022-08-17 16:36:31,571 INFO: Starting voice handshake... (connection attempt 1)
2022-08-17 16:36:32,003 INFO: Voice handshake complete. Endpoint found japan6902.discord.media
2022-08-17 16:36:32,956 INFO: selected the voice protocol for use (xsalsa20_poly1305_lite)
2022-08-17 16:36:33,141 INFO: received secret key for voice connection
2022-08-17 16:36:36,033 INFO: Preparing to terminate ffmpeg process 2176.
2022-08-17 16:36:36,033 INFO: ffmpeg process 2176 successfully terminated with return code of 0.
2022-08-17 16:36:37,069 INFO: The voice handshake is being terminated for Channel ID 728631391809437746 (Guild ID 428109526550708234)
2022-08-17 16:36:37,073 INFO: Disconnecting from voice normally, close code 1000.
