2022-08-15 20:18:22,169 INFO: logging in using static token
2022-08-15 20:18:22,456 INFO: Shard ID None has sent the IDENTIFY payload.
2022-08-15 20:18:22,635 INFO: Shard ID None has connected to Gateway: ["gateway-prd-main-ntht",{"micros":134886,"calls":["id_created",{"micros":3916,"calls":[]},"session_lookup_time",{"micros":1638,"calls":[]},"session_lookup_finished",{"micros":15,"calls":[]},"discord-sessions-green-prd-2-155",{"micros":128553,"calls":["start_session",{"micros":84492,"calls":["discord-api-66c4f4c8d9-vxh5j",{"micros":75428,"calls":["get_user",{"micros":12776},"add_authorized_ip",{"micros":11378},"get_guilds",{"micros":12476},"send_scheduled_deleteion_message",{"micros":13},"guild_join_requests",{"micros":3}]}]},"starting_guild_connect",{"micros":45,"calls":[]},"presence_started",{"micros":3220,"calls":[]},"guilds_started",{"micros":2164,"calls":[]},"guilds_connect",{"micros":2,"calls":[]},"presence_connect",{"micros":38618,"calls":[]},"connect_finished",{"micros":38623,"calls":[]},"build_ready",{"micros":4,"calls":[]},"optimize_ready",{"micros":1,"calls":[]},"split_ready",{"micros":1,"calls":[]},"clean_ready",{"micros":0,"calls":[]}]}]}] (Session ID: 01070fb036869f97595b8889d26d9815).
2022-08-15 20:18:24,689 INFO: 目前登入身份：神奇海螺#3847
2022-08-15 22:01:11,809 INFO: Got a request to RESUME the websocket.
2022-08-15 22:01:11,987 INFO: Shard ID None has sent the RESUME payload.
2022-08-15 22:01:12,028 INFO: Shard ID None has successfully RESUMED session 01070fb036869f97595b8889d26d9815 under trace ["gateway-prd-main-djv0",{"micros":1702,"calls":["id_created",{"micros":0,"calls":[]},"session_lookup_time",{"micros":251,"calls":[]},"session_lookup_finished",{"micros":9,"calls":[]},"discord-sessions-green-prd-2-155",{"micros":21}]}].
2022-08-16 01:01:19,933 INFO: logging in using static token
2022-08-16 01:01:20,253 INFO: Shard ID None has sent the IDENTIFY payload.
2022-08-16 01:01:20,483 INFO: Shard ID None has connected to Gateway: ["gateway-prd-main-7crw",{"micros":167392,"calls":["id_created",{"micros":1874,"calls":[]},"session_lookup_time",{"micros":608,"calls":[]},"session_lookup_finished",{"micros":13,"calls":[]},"discord-sessions-green-prd-2-16",{"micros":164517,"calls":["start_session",{"micros":114563,"calls":["discord-api-cbd6b4576-tfzqm",{"micros":105750,"calls":["get_user",{"micros":21407},"add_authorized_ip",{"micros":6812},"get_guilds",{"micros":26425},"send_scheduled_deleteion_message",{"micros":11},"guild_join_requests",{"micros":3}]}]},"starting_guild_connect",{"micros":43,"calls":[]},"presence_started",{"micros":938,"calls":[]},"guilds_started",{"micros":48945,"calls":[]},"guilds_connect",{"micros":2,"calls":[]},"presence_connect",{"micros":1,"calls":[]},"connect_finished",{"micros":10,"calls":[]},"build_ready",{"micros":14,"calls":[]},"optimize_ready",{"micros":0,"calls":[]},"split_ready",{"micros":2,"calls":[]},"clean_ready",{"micros":0,"calls":[]}]}]}] (Session ID: 4500bac77c92655ff22d2410810d3b1e).
2022-08-16 01:01:22,511 INFO: 目前登入身份：神奇海螺#3847
2022-08-16 02:43:43,001 INFO: Got a request to RESUME the websocket.
2022-08-16 02:43:43,195 INFO: Shard ID None has sent the RESUME payload.
2022-08-16 02:43:43,238 INFO: Shard ID None has successfully RESUMED session 4500bac77c92655ff22d2410810d3b1e under trace ["gateway-prd-main-xk9l",{"micros":558,"calls":["id_created",{"micros":0,"calls":[]},"session_lookup_time",{"micros":295,"calls":[]},"session_lookup_finished",{"micros":8,"calls":[]},"discord-sessions-green-prd-2-16",{"micros":17}]}].
2022-08-16 03:43:08,743 INFO: logging in using static token
2022-08-16 03:43:09,016 INFO: Shard ID None has sent the IDENTIFY payload.
2022-08-16 03:43:09,139 INFO: Shard ID None has connected to Gateway: ["gateway-prd-main-n0x2",{"micros":83756,"calls":["id_created",{"micros":2316,"calls":[]},"session_lookup_time",{"micros":386,"calls":[]},"session_lookup_finished",{"micros":12,"calls":[]},"discord-sessions-green-prd-2-133",{"micros":80456,"calls":["start_session",{"micros":50615,"calls":["discord-api-86c669699f-jq92z",{"micros":46186,"calls":["get_user",{"micros":13316},"add_authorized_ip",{"micros":2690},"get_guilds",{"micros":2479},"send_scheduled_deleteion_message",{"micros":13},"guild_join_requests",{"micros":3}]}]},"starting_guild_connect",{"micros":23,"calls":[]},"presence_started",{"micros":449,"calls":[]},"guilds_started",{"micros":29357,"calls":[]},"guilds_connect",{"micros":2,"calls":[]},"presence_connect",{"micros":2,"calls":[]},"connect_finished",{"micros":6,"calls":[]},"build_ready",{"micros":3,"calls":[]},"optimize_ready",{"micros":1,"calls":[]},"split_ready",{"micros":0,"calls":[]},"clean_ready",{"micros":1,"calls":[]}]}]}] (Session ID: f0579b33882724ab76bf799800162e96).
2022-08-16 03:43:11,177 INFO: 目前登入身份：神奇海螺#3847
2022-08-16 04:22:31,872 INFO: Got a request to RESUME the websocket.
2022-08-16 04:22:32,048 INFO: Shard ID None has sent the RESUME payload.
2022-08-16 04:22:32,088 INFO: Shard ID None has successfully RESUMED session f0579b33882724ab76bf799800162e96 under trace ["gateway-prd-main-j290",{"micros":641,"calls":["id_created",{"micros":0,"calls":[]},"session_lookup_time",{"micros":253,"calls":[]},"session_lookup_finished",{"micros":12,"calls":[]},"discord-sessions-green-prd-2-133",{"micros":17}]}].
2022-08-16 04:58:31,963 INFO: Got a request to RESUME the websocket.
2022-08-16 04:58:32,134 INFO: Shard ID None has sent the RESUME payload.
2022-08-16 04:58:32,171 INFO: Shard ID None has successfully RESUMED session f0579b33882724ab76bf799800162e96 under trace ["gateway-prd-main-w31t",{"micros":502,"calls":["id_created",{"micros":0,"calls":[]},"session_lookup_time",{"micros":245,"calls":[]},"session_lookup_finished",{"micros":11,"calls":[]},"discord-sessions-green-prd-2-133",{"micros":21}]}].
2022-08-16 07:05:14,067 INFO: Got a request to RESUME the websocket.
2022-08-16 07:05:14,221 INFO: Shard ID None has sent the RESUME payload.
2022-08-16 07:05:14,265 INFO: Shard ID None has successfully RESUMED session f0579b33882724ab76bf799800162e96 under trace ["gateway-prd-main-x8m4",{"micros":676,"calls":["id_created",{"micros":0,"calls":[]},"session_lookup_time",{"micros":296,"calls":[]},"session_lookup_finished",{"micros":8,"calls":[]},"discord-sessions-green-prd-2-133",{"micros":19}]}].
2022-08-16 08:48:44,649 INFO: Lexor in 9又4分之8.7月台[123是什麼敷衍的名字]
2022-08-16 08:48:44,664 INFO: Connecting to voice...
2022-08-16 08:48:44,664 INFO: Starting voice handshake... (connection attempt 1)
2022-08-16 08:48:45,278 INFO: Voice handshake complete. Endpoint found japan4506.discord.media
2022-08-16 08:48:45,433 ERROR: Exception occurred during Voice Protocol voice server update handler
Traceback (most recent call last):
  File "/opt/virtualenvs/python3/lib/python3.8/site-packages/discord/state.py", line 102, in logging_coroutine
    await coroutine
  File "/opt/virtualenvs/python3/lib/python3.8/site-packages/discord/voice_client.py", line 295, in on_voice_server_update
    await self.ws.close(4000)
AttributeError: 'NoneType' object has no attribute 'close'
2022-08-16 08:48:46,139 INFO: selected the voice protocol for use (xsalsa20_poly1305_lite)
2022-08-16 08:48:46,332 INFO: received secret key for voice connection
2022-08-16 08:48:48,735 INFO: Preparing to terminate ffmpeg process 650.
2022-08-16 08:48:48,736 INFO: ffmpeg process 650 successfully terminated with return code of 0.
2022-08-16 08:48:50,917 INFO: Preparing to terminate ffmpeg process 661.
2022-08-16 08:48:50,918 INFO: ffmpeg process 661 successfully terminated with return code of 0.
2022-08-16 08:48:51,985 INFO: The voice handshake is being terminated for Channel ID 728631391809437746 (Guild ID 428109526550708234)
2022-08-16 08:48:51,986 INFO: Disconnecting from voice normally, close code 1000.
2022-08-16 09:00:02,181 INFO: Lexor out 9又4分之8.7月台[123是什麼敷衍的名字]
2022-08-16 09:00:02,181 INFO: Connecting to voice...
2022-08-16 09:00:02,181 INFO: Starting voice handshake... (connection attempt 1)
2022-08-16 09:00:02,694 INFO: Voice handshake complete. Endpoint found us-central4461.discord.media
2022-08-16 09:00:02,805 INFO: selected the voice protocol for use (xsalsa20_poly1305_lite)
2022-08-16 09:00:02,820 INFO: received secret key for voice connection
2022-08-16 09:00:04,511 INFO: Preparing to terminate ffmpeg process 690.
2022-08-16 09:00:04,511 INFO: ffmpeg process 690 successfully terminated with return code of 0.
2022-08-16 09:00:05,536 INFO: The voice handshake is being terminated for Channel ID 728631391809437746 (Guild ID 428109526550708234)
2022-08-16 09:00:05,536 INFO: Disconnecting from voice normally, close code 1000.
2022-08-16 09:29:33,913 INFO: Got a request to RESUME the websocket.
2022-08-16 09:29:34,084 INFO: Shard ID None has sent the RESUME payload.
2022-08-16 09:29:34,122 INFO: Shard ID None has successfully RESUMED session f0579b33882724ab76bf799800162e96 under trace ["gateway-prd-main-lgv7",{"micros":568,"calls":["id_created",{"micros":0,"calls":[]},"session_lookup_time",{"micros":297,"calls":[]},"session_lookup_finished",{"micros":13,"calls":[]},"discord-sessions-green-prd-2-133",{"micros":15}]}].
2022-08-16 10:49:31,674 INFO: Websocket closed with 1006, attempting a reconnect.
2022-08-16 10:49:31,674 INFO: Got a request to RESUME the websocket.
2022-08-16 10:49:31,837 INFO: Shard ID None has sent the RESUME payload.
2022-08-16 10:49:31,877 INFO: Shard ID None has successfully RESUMED session f0579b33882724ab76bf799800162e96 under trace ["gateway-prd-main-29tj",{"micros":501,"calls":["id_created",{"micros":0,"calls":[]},"session_lookup_time",{"micros":261,"calls":[]},"session_lookup_finished",{"micros":9,"calls":[]},"discord-sessions-green-prd-2-133",{"micros":16}]}].
2022-08-16 13:34:57,162 INFO: 雪莉粉粉 in 9又4分之8.7月台[123是什麼敷衍的名字]
2022-08-16 13:34:57,190 INFO: Connecting to voice...
2022-08-16 13:34:57,190 INFO: Starting voice handshake... (connection attempt 1)
2022-08-16 13:34:57,396 INFO: Voice handshake complete. Endpoint found japan1477.discord.media
2022-08-16 13:34:58,353 INFO: selected the voice protocol for use (xsalsa20_poly1305_lite)
2022-08-16 13:34:58,523 INFO: received secret key for voice connection
2022-08-16 13:35:00,657 INFO: Preparing to terminate ffmpeg process 1112.
2022-08-16 13:35:00,659 INFO: ffmpeg process 1112 successfully terminated with return code of 0.
2022-08-16 13:35:02,143 INFO: Preparing to terminate ffmpeg process 1122.
2022-08-16 13:35:02,144 INFO: ffmpeg process 1122 successfully terminated with return code of 0.
2022-08-16 13:35:03,679 INFO: The voice handshake is being terminated for Channel ID 728631391809437746 (Guild ID 428109526550708234)
2022-08-16 13:35:03,680 INFO: Disconnecting from voice normally, close code 1000.
2022-08-16 13:39:50,180 INFO: 雪莉粉粉 out 9又4分之8.7月台[123是什麼敷衍的名字]
2022-08-16 13:39:50,180 INFO: Connecting to voice...
2022-08-16 13:39:50,180 INFO: Starting voice handshake... (connection attempt 1)
2022-08-16 13:39:50,354 INFO: Voice handshake complete. Endpoint found us-central6373.discord.media
2022-08-16 13:39:50,492 INFO: selected the voice protocol for use (xsalsa20_poly1305_lite)
2022-08-16 13:39:50,507 INFO: received secret key for voice connection
2022-08-16 13:39:52,460 INFO: Preparing to terminate ffmpeg process 1133.
2022-08-16 13:39:52,461 INFO: ffmpeg process 1133 successfully terminated with return code of 0.
2022-08-16 13:39:53,527 INFO: The voice handshake is being terminated for Channel ID 728631391809437746 (Guild ID 428109526550708234)
2022-08-16 13:39:53,528 INFO: Disconnecting from voice normally, close code 1000.
2022-08-16 14:28:52,955 INFO: Got a request to RESUME the websocket.
2022-08-16 14:28:53,136 INFO: Shard ID None has sent the RESUME payload.
2022-08-16 14:28:53,181 INFO: Shard ID None has successfully RESUMED session f0579b33882724ab76bf799800162e96 under trace ["gateway-prd-main-kz0t",{"micros":562,"calls":["id_created",{"micros":0,"calls":[]},"session_lookup_time",{"micros":287,"calls":[]},"session_lookup_finished",{"micros":10,"calls":[]},"discord-sessions-green-prd-2-133",{"micros":19}]}].
2022-08-16 14:44:31,548 INFO: BunnyplayGG in 9又4分之8.7月台[123是什麼敷衍的名字]
2022-08-16 14:44:31,600 INFO: Connecting to voice...
2022-08-16 14:44:31,600 INFO: Starting voice handshake... (connection attempt 1)
2022-08-16 14:44:32,282 INFO: Voice handshake complete. Endpoint found hongkong730.discord.media
2022-08-16 14:44:32,499 ERROR: Exception occurred during Voice Protocol voice server update handler
Traceback (most recent call last):
  File "/opt/virtualenvs/python3/lib/python3.8/site-packages/discord/state.py", line 102, in logging_coroutine
    await coroutine
  File "/opt/virtualenvs/python3/lib/python3.8/site-packages/discord/voice_client.py", line 295, in on_voice_server_update
    await self.ws.close(4000)
AttributeError: 'NoneType' object has no attribute 'close'
2022-08-16 14:44:33,373 INFO: selected the voice protocol for use (xsalsa20_poly1305_lite)
2022-08-16 14:44:33,591 INFO: received secret key for voice connection
2022-08-16 14:44:35,465 INFO: Preparing to terminate ffmpeg process 1253.
2022-08-16 14:44:35,466 INFO: ffmpeg process 1253 successfully terminated with return code of 0.
2022-08-16 14:44:38,522 INFO: Preparing to terminate ffmpeg process 1263.
2022-08-16 14:44:38,523 INFO: ffmpeg process 1263 successfully terminated with return code of 0.
2022-08-16 14:44:39,547 INFO: The voice handshake is being terminated for Channel ID 728631391809437746 (Guild ID 428109526550708234)
2022-08-16 14:44:39,548 INFO: Disconnecting from voice normally, close code 1000.
2022-08-16 14:45:04,917 INFO: Fiven-chung in 9又4分之8.7月台[123是什麼敷衍的名字]
2022-08-16 14:45:04,976 INFO: Connecting to voice...
2022-08-16 14:45:04,977 INFO: Starting voice handshake... (connection attempt 1)
2022-08-16 14:45:05,506 INFO: Voice handshake complete. Endpoint found hongkong730.discord.media
2022-08-16 14:45:06,611 INFO: selected the voice protocol for use (xsalsa20_poly1305_lite)
2022-08-16 14:45:06,826 INFO: received secret key for voice connection
2022-08-16 14:45:09,218 INFO: Preparing to terminate ffmpeg process 1274.
2022-08-16 14:45:09,219 INFO: ffmpeg process 1274 successfully terminated with return code of 0.
2022-08-16 14:45:11,437 INFO: Preparing to terminate ffmpeg process 1284.
2022-08-16 14:45:11,438 INFO: ffmpeg process 1284 successfully terminated with return code of 0.
2022-08-16 14:45:12,480 INFO: The voice handshake is being terminated for Channel ID 728631391809437746 (Guild ID 428109526550708234)
2022-08-16 14:45:12,481 INFO: Disconnecting from voice normally, close code 1000.
2022-08-16 16:10:00,362 INFO: BunnyplayGG out 9又4分之8.7月台[123是什麼敷衍的名字]
2022-08-16 16:10:00,365 INFO: Connecting to voice...
2022-08-16 16:10:00,365 INFO: Starting voice handshake... (connection attempt 1)
2022-08-16 16:10:01,278 INFO: Voice handshake complete. Endpoint found hongkong730.discord.media
2022-08-16 16:10:01,743 INFO: Fiven-chung out 9又4分之8.7月台[123是什麼敷衍的名字]
2022-08-16 16:10:02,379 INFO: selected the voice protocol for use (xsalsa20_poly1305_lite)
2022-08-16 16:10:02,603 INFO: received secret key for voice connection
2022-08-16 16:10:05,017 INFO: Preparing to terminate ffmpeg process 1405.
2022-08-16 16:10:05,020 INFO: ffmpeg process 1405 successfully terminated with return code of 0.
2022-08-16 16:10:07,976 INFO: Preparing to terminate ffmpeg process 1415.
2022-08-16 16:10:07,978 INFO: ffmpeg process 1415 successfully terminated with return code of 0.
2022-08-16 16:10:09,068 INFO: The voice handshake is being terminated for Channel ID 728631391809437746 (Guild ID 428109526550708234)
2022-08-16 16:10:09,070 INFO: Disconnecting from voice normally, close code 1000.
