2022-02-06 21:33:24,119 INFO: logging in using static token
2022-02-06 21:33:24,379 INFO: Shard ID None has sent the IDENTIFY payload.
2022-02-06 21:33:24,534 INFO: Shard ID None has connected to Gateway: ["gateway-prd-main-bzkk",{"micros":91150,"calls":["discord-sessions-blue-prd-2-87",{"micros":89268,"calls":["start_session",{"micros":35458,"calls":["api-prd-main-vwwt",{"micros":31646,"calls":["get_user",{"micros":4269},"add_authorized_ip",{"micros":1442},"get_guilds",{"micros":6332},"coros_wait",{"micros":2}]}]},"guilds_connect",{"micros":3,"calls":[]},"presence_connect",{"micros":36695,"calls":[]}]}]}] (Session ID: b37fc1568dfdcde097632362e0968336).
2022-02-06 21:33:26,573 INFO: 目前登入身份：神奇海螺#3847
2022-02-07 01:56:09,385 INFO: logging in using static token
2022-02-07 01:56:09,697 INFO: Shard ID None has sent the IDENTIFY payload.
2022-02-07 01:56:09,816 INFO: Shard ID None has connected to Gateway: ["gateway-prd-main-0p3z",{"micros":77055,"calls":["discord-sessions-blue-prd-2-76",{"micros":76125,"calls":["start_session",{"micros":58898,"calls":["api-prd-main-0ntg",{"micros":49612,"calls":["get_user",{"micros":5318},"add_authorized_ip",{"micros":4685},"get_guilds",{"micros":8987},"coros_wait",{"micros":2}]}]},"guilds_connect",{"micros":1,"calls":[]},"presence_connect",{"micros":6763,"calls":[]}]}]}] (Session ID: c0bf0dec953822a9ba22a0c52422b229).
2022-02-07 01:56:11,855 INFO: 目前登入身份：神奇海螺#3847
2022-02-07 07:43:35,030 INFO: logging in using static token
2022-02-07 07:43:35,287 INFO: Shard ID None has sent the IDENTIFY payload.
2022-02-07 07:43:35,440 INFO: Shard ID None has connected to Gateway: ["gateway-prd-main-ppht",{"micros":112541,"calls":["discord-sessions-blue-prd-2-171",{"micros":111714,"calls":["start_session",{"micros":64846,"calls":["api-prd-main-jjdr",{"micros":55903,"calls":["get_user",{"micros":9050},"add_authorized_ip",{"micros":1291},"get_guilds",{"micros":6831},"coros_wait",{"micros":1}]}]},"guilds_connect",{"micros":3,"calls":[]},"presence_connect",{"micros":39707,"calls":[]}]}]}] (Session ID: e52b525fbff5dc14633b3b4976edd8dd).
2022-02-07 07:43:37,489 INFO: 目前登入身份：神奇海螺#3847
2022-02-07 11:17:37,152 INFO: Got a request to RESUME the websocket.
2022-02-07 11:17:37,308 INFO: Shard ID None has sent the RESUME payload.
2022-02-07 11:17:37,347 INFO: Shard ID None has successfully RESUMED session e52b525fbff5dc14633b3b4976edd8dd under trace ["gateway-prd-main-gr7l",{"micros":955,"calls":["discord-sessions-blue-prd-2-171",{"micros":22}]}].
2022-02-07 12:25:41,232 INFO: Websocket closed with 1001, attempting a reconnect.
2022-02-07 12:25:41,236 INFO: Got a request to RESUME the websocket.
2022-02-07 12:25:41,391 INFO: Shard ID None has sent the RESUME payload.
2022-02-07 12:25:41,431 INFO: Shard ID None has successfully RESUMED session e52b525fbff5dc14633b3b4976edd8dd under trace ["gateway-prd-main-gfgh",{"micros":557,"calls":["discord-sessions-blue-prd-2-171",{"micros":20}]}].
2022-02-07 13:05:14,061 INFO: Websocket closed with 1006, attempting a reconnect.
2022-02-07 13:05:14,061 INFO: Got a request to RESUME the websocket.
2022-02-07 13:05:14,208 INFO: Shard ID None has sent the RESUME payload.
2022-02-07 13:05:14,246 INFO: Shard ID None has successfully RESUMED session e52b525fbff5dc14633b3b4976edd8dd under trace ["gateway-prd-main-fdh3",{"micros":498,"calls":["discord-sessions-blue-prd-2-171",{"micros":18}]}].
2022-02-07 13:26:09,063 INFO: KyrieR in 9又4分之8.7月台[打不出幹話就講出來啊]
2022-02-07 13:26:09,084 INFO: Connecting to voice...
2022-02-07 13:26:09,085 INFO: Starting voice handshake... (connection attempt 1)
2022-02-07 13:26:09,693 INFO: Voice handshake complete. Endpoint found japan10019.discord.media
2022-02-07 13:26:09,849 ERROR: Exception occurred during Voice Protocol voice server update handler
Traceback (most recent call last):
  File "/opt/virtualenvs/python3/lib/python3.8/site-packages/discord/state.py", line 102, in logging_coroutine
    await coroutine
  File "/opt/virtualenvs/python3/lib/python3.8/site-packages/discord/voice_client.py", line 295, in on_voice_server_update
    await self.ws.close(4000)
AttributeError: 'NoneType' object has no attribute 'close'
2022-02-07 13:26:10,675 INFO: selected the voice protocol for use (xsalsa20_poly1305_lite)
2022-02-07 13:26:10,838 INFO: received secret key for voice connection
2022-02-07 13:26:13,659 INFO: Preparing to terminate ffmpeg process 272.
2022-02-07 13:26:13,660 INFO: ffmpeg process 272 successfully terminated with return code of 0.
2022-02-07 13:26:15,754 INFO: Preparing to terminate ffmpeg process 283.
2022-02-07 13:26:15,755 INFO: ffmpeg process 283 successfully terminated with return code of 0.
2022-02-07 13:26:16,780 INFO: The voice handshake is being terminated for Channel ID 428109526550708238 (Guild ID 428109526550708234)
2022-02-07 13:26:16,780 INFO: Disconnecting from voice normally, close code 1000.
2022-02-07 14:10:20,679 INFO: MaiMai的Pool in 9又4分之8.7月台[打不出幹話就講出來啊]
2022-02-07 14:10:21,368 INFO: Connecting to voice...
2022-02-07 14:10:21,369 INFO: Starting voice handshake... (connection attempt 1)
2022-02-07 14:10:21,571 INFO: Voice handshake complete. Endpoint found japan10019.discord.media
2022-02-07 14:10:22,602 INFO: selected the voice protocol for use (xsalsa20_poly1305_lite)
2022-02-07 14:10:22,773 INFO: received secret key for voice connection
2022-02-07 14:10:25,761 INFO: Preparing to terminate ffmpeg process 363.
2022-02-07 14:10:25,762 INFO: ffmpeg process 363 successfully terminated with return code of 0.
2022-02-07 14:10:27,556 INFO: Preparing to terminate ffmpeg process 373.
2022-02-07 14:10:27,557 INFO: ffmpeg process 373 successfully terminated with return code of 0.
2022-02-07 14:10:28,903 INFO: The voice handshake is being terminated for Channel ID 428109526550708238 (Guild ID 428109526550708234)
2022-02-07 14:10:28,903 INFO: Disconnecting from voice normally, close code 1000.
2022-02-07 14:10:48,990 INFO: 飄飄的飄飄大仙 in 9又4分之8.7月台[打不出幹話就講出來啊]
2022-02-07 14:10:48,999 INFO: Connecting to voice...
2022-02-07 14:10:49,000 INFO: Starting voice handshake... (connection attempt 1)
2022-02-07 14:10:49,295 INFO: Voice handshake complete. Endpoint found japan10019.discord.media
2022-02-07 14:10:50,267 INFO: selected the voice protocol for use (xsalsa20_poly1305_lite)
2022-02-07 14:10:50,429 INFO: received secret key for voice connection
2022-02-07 14:10:53,958 INFO: Preparing to terminate ffmpeg process 384.
2022-02-07 14:10:53,958 INFO: ffmpeg process 384 successfully terminated with return code of 0.
2022-02-07 14:10:55,412 INFO: Preparing to terminate ffmpeg process 394.
2022-02-07 14:10:55,413 INFO: ffmpeg process 394 successfully terminated with return code of 0.
2022-02-07 14:10:56,657 INFO: The voice handshake is being terminated for Channel ID 428109526550708238 (Guild ID 428109526550708234)
2022-02-07 14:10:56,658 INFO: Disconnecting from voice normally, close code 1000.
2022-02-07 14:11:45,037 INFO: KyrieR out 9又4分之8.7月台[打不出幹話就講出來啊]
2022-02-07 14:11:45,037 INFO: Connecting to voice...
2022-02-07 14:11:45,037 INFO: Starting voice handshake... (connection attempt 1)
2022-02-07 14:11:45,339 INFO: Voice handshake complete. Endpoint found japan10019.discord.media
2022-02-07 14:11:46,317 INFO: selected the voice protocol for use (xsalsa20_poly1305_lite)
2022-02-07 14:11:46,482 INFO: received secret key for voice connection
2022-02-07 14:11:48,491 INFO: Preparing to terminate ffmpeg process 405.
2022-02-07 14:11:48,491 INFO: ffmpeg process 405 successfully terminated with return code of 0.
2022-02-07 14:11:48,598 INFO: The voice handshake is being terminated for Channel ID 428109526550708238 (Guild ID 428109526550708234)
2022-02-07 14:11:48,599 INFO: Disconnecting from voice normally, close code 1000.
2022-02-07 14:11:52,125 INFO: KyrieR in 9又4分之8.7月台[打不出幹話就講出來啊]
2022-02-07 14:11:52,207 INFO: Connecting to voice...
2022-02-07 14:11:52,207 INFO: Starting voice handshake... (connection attempt 1)
2022-02-07 14:11:52,439 INFO: Voice handshake complete. Endpoint found japan10019.discord.media
2022-02-07 14:11:53,416 INFO: selected the voice protocol for use (xsalsa20_poly1305_lite)
2022-02-07 14:11:53,583 INFO: received secret key for voice connection
2022-02-07 14:11:55,869 INFO: Preparing to terminate ffmpeg process 416.
2022-02-07 14:11:55,870 INFO: ffmpeg process 416 successfully terminated with return code of 0.
2022-02-07 14:11:58,363 INFO: Preparing to terminate ffmpeg process 426.
2022-02-07 14:11:58,363 INFO: ffmpeg process 426 successfully terminated with return code of 0.
2022-02-07 14:11:59,509 INFO: The voice handshake is being terminated for Channel ID 428109526550708238 (Guild ID 428109526550708234)
2022-02-07 14:11:59,509 INFO: Disconnecting from voice normally, close code 1000.
2022-02-07 14:13:40,466 INFO: BunnyplayGG in 9又4分之8.7月台[打不出幹話就講出來啊]
2022-02-07 14:13:40,487 INFO: Connecting to voice...
2022-02-07 14:13:40,487 INFO: Starting voice handshake... (connection attempt 1)
2022-02-07 14:13:41,198 INFO: Voice handshake complete. Endpoint found japan10019.discord.media
2022-02-07 14:13:42,171 INFO: selected the voice protocol for use (xsalsa20_poly1305_lite)
2022-02-07 14:13:42,333 INFO: received secret key for voice connection
2022-02-07 14:13:44,400 INFO: Preparing to terminate ffmpeg process 437.
2022-02-07 14:13:44,401 INFO: ffmpeg process 437 successfully terminated with return code of 0.
2022-02-07 14:13:45,650 INFO: Preparing to terminate ffmpeg process 447.
2022-02-07 14:13:45,651 INFO: ffmpeg process 447 successfully terminated with return code of 0.
2022-02-07 14:13:47,054 INFO: The voice handshake is being terminated for Channel ID 428109526550708238 (Guild ID 428109526550708234)
2022-02-07 14:13:47,055 INFO: Disconnecting from voice normally, close code 1000.
2022-02-07 14:35:27,384 INFO: Fiven-chung in 9又4分之8.7月台[打不出幹話就講出來啊]
2022-02-07 14:35:27,571 INFO: Connecting to voice...
2022-02-07 14:35:27,571 INFO: Starting voice handshake... (connection attempt 1)
2022-02-07 14:35:27,782 INFO: Voice handshake complete. Endpoint found japan10019.discord.media
2022-02-07 14:35:28,753 INFO: selected the voice protocol for use (xsalsa20_poly1305_lite)
2022-02-07 14:35:28,918 INFO: received secret key for voice connection
2022-02-07 14:35:30,988 INFO: Preparing to terminate ffmpeg process 458.
2022-02-07 14:35:30,989 INFO: ffmpeg process 458 successfully terminated with return code of 0.
2022-02-07 14:35:32,282 INFO: Preparing to terminate ffmpeg process 468.
2022-02-07 14:35:32,283 INFO: ffmpeg process 468 successfully terminated with return code of 0.
2022-02-07 14:35:33,647 INFO: The voice handshake is being terminated for Channel ID 428109526550708238 (Guild ID 428109526550708234)
2022-02-07 14:35:33,647 INFO: Disconnecting from voice normally, close code 1000.
2022-02-07 14:53:21,619 INFO: Chi in 9又4分之8.7月台[打不出幹話就講出來啊]
2022-02-07 14:53:21,696 INFO: Connecting to voice...
2022-02-07 14:53:21,696 INFO: Starting voice handshake... (connection attempt 1)
2022-02-07 14:53:22,385 INFO: Voice handshake complete. Endpoint found japan10019.discord.media
2022-02-07 14:53:23,399 INFO: selected the voice protocol for use (xsalsa20_poly1305_lite)
2022-02-07 14:53:23,572 INFO: received secret key for voice connection
2022-02-07 14:53:25,959 INFO: Preparing to terminate ffmpeg process 510.
2022-02-07 14:53:25,960 INFO: ffmpeg process 510 successfully terminated with return code of 0.
2022-02-07 14:53:27,230 INFO: Preparing to terminate ffmpeg process 520.
2022-02-07 14:53:27,231 INFO: ffmpeg process 520 successfully terminated with return code of 0.
2022-02-07 14:53:28,594 INFO: The voice handshake is being terminated for Channel ID 428109526550708238 (Guild ID 428109526550708234)
2022-02-07 14:53:28,594 INFO: Disconnecting from voice normally, close code 1000.
2022-02-07 14:53:33,309 INFO: 楓夜 in 9又4分之8.7月台[打不出幹話就講出來啊]
2022-02-07 14:53:33,328 INFO: Connecting to voice...
2022-02-07 14:53:33,328 INFO: Starting voice handshake... (connection attempt 1)
2022-02-07 14:53:33,613 INFO: Voice handshake complete. Endpoint found japan10019.discord.media
2022-02-07 14:53:34,627 INFO: selected the voice protocol for use (xsalsa20_poly1305_lite)
2022-02-07 14:53:34,797 INFO: received secret key for voice connection
2022-02-07 14:53:36,827 INFO: Chi out 9又4分之8.7月台[打不出幹話就講出來啊]
2022-02-07 14:53:37,523 INFO: Preparing to terminate ffmpeg process 531.
2022-02-07 14:53:37,524 INFO: ffmpeg process 531 successfully terminated with return code of 0.
2022-02-07 14:53:38,821 INFO: Preparing to terminate ffmpeg process 541.
2022-02-07 14:53:38,821 INFO: ffmpeg process 541 successfully terminated with return code of 0.
2022-02-07 14:53:40,230 INFO: The voice handshake is being terminated for Channel ID 428109526550708238 (Guild ID 428109526550708234)
2022-02-07 14:53:40,230 INFO: Disconnecting from voice normally, close code 1000.
2022-02-07 14:53:40,333 INFO: Connecting to voice...
2022-02-07 14:53:40,333 INFO: Starting voice handshake... (connection attempt 1)
2022-02-07 14:53:40,591 INFO: Voice handshake complete. Endpoint found japan10019.discord.media
2022-02-07 14:53:41,555 INFO: selected the voice protocol for use (xsalsa20_poly1305_lite)
2022-02-07 14:53:41,718 INFO: received secret key for voice connection
2022-02-07 14:53:43,486 INFO: Preparing to terminate ffmpeg process 552.
2022-02-07 14:53:43,487 INFO: ffmpeg process 552 successfully terminated with return code of 0.
2022-02-07 14:53:43,632 INFO: The voice handshake is being terminated for Channel ID 428109526550708238 (Guild ID 428109526550708234)
2022-02-07 14:53:43,632 INFO: Disconnecting from voice normally, close code 1000.
2022-02-07 14:53:52,419 INFO: Chi in 9又4分之8.7月台[打不出幹話就講出來啊]
2022-02-07 14:53:52,536 INFO: Connecting to voice...
2022-02-07 14:53:52,536 INFO: Starting voice handshake... (connection attempt 1)
2022-02-07 14:53:52,745 INFO: Voice handshake complete. Endpoint found japan10019.discord.media
2022-02-07 14:53:53,775 INFO: selected the voice protocol for use (xsalsa20_poly1305_lite)
2022-02-07 14:53:53,960 INFO: received secret key for voice connection
2022-02-07 14:53:56,346 INFO: Preparing to terminate ffmpeg process 563.
2022-02-07 14:53:56,347 INFO: ffmpeg process 563 successfully terminated with return code of 0.
2022-02-07 14:53:57,639 INFO: Preparing to terminate ffmpeg process 573.
2022-02-07 14:53:57,640 INFO: ffmpeg process 573 successfully terminated with return code of 0.
2022-02-07 14:53:58,986 INFO: The voice handshake is being terminated for Channel ID 428109526550708238 (Guild ID 428109526550708234)
2022-02-07 14:53:58,987 INFO: Disconnecting from voice normally, close code 1000.
2022-02-07 15:02:46,418 INFO: logging in using static token
2022-02-07 15:02:46,679 INFO: Shard ID None has sent the IDENTIFY payload.
2022-02-07 15:02:46,804 INFO: Shard ID None has connected to Gateway: ["gateway-prd-main-5d9q",{"micros":81392,"calls":["discord-sessions-blue-prd-2-75",{"micros":77513,"calls":["start_session",{"micros":33301,"calls":["api-prd-main-qzbg",{"micros":28512,"calls":["get_user",{"micros":3411},"add_authorized_ip",{"micros":1194},"get_guilds",{"micros":6115},"coros_wait",{"micros":1}]}]},"guilds_connect",{"micros":3,"calls":[]},"presence_connect",{"micros":19850,"calls":[]}]}]}] (Session ID: 39c07bd826165f7f357924562754a8df).
2022-02-07 15:02:48,859 INFO: 目前登入身份：神奇海螺#3847
2022-02-07 15:03:31,815 INFO: Chi out 9又4分之8.7月台[打不出幹話就講出來啊]
2022-02-07 15:03:31,816 INFO: Connecting to voice...
2022-02-07 15:03:31,816 INFO: Starting voice handshake... (connection attempt 1)
2022-02-07 15:03:32,560 INFO: Voice handshake complete. Endpoint found japan10019.discord.media
2022-02-07 15:03:33,570 INFO: selected the voice protocol for use (xsalsa20_poly1305_lite)
2022-02-07 15:03:33,741 INFO: received secret key for voice connection
2022-02-07 15:03:35,520 INFO: Preparing to terminate ffmpeg process 763.
2022-02-07 15:03:35,521 INFO: ffmpeg process 763 successfully terminated with return code of 0.
2022-02-07 15:03:35,665 INFO: The voice handshake is being terminated for Channel ID 428109526550708238 (Guild ID 428109526550708234)
2022-02-07 15:03:35,666 INFO: Disconnecting from voice normally, close code 1000.
2022-02-07 15:03:51,136 INFO: logging in using static token
2022-02-07 15:03:51,376 INFO: Shard ID None has sent the IDENTIFY payload.
2022-02-07 15:03:51,515 INFO: Shard ID None has connected to Gateway: ["gateway-prd-main-5c70",{"micros":100339,"calls":["discord-sessions-blue-prd-2-44",{"micros":95841,"calls":["start_session",{"micros":36325,"calls":["api-prd-main-8qk5",{"micros":32912,"calls":["get_user",{"micros":5193},"add_authorized_ip",{"micros":4206},"get_guilds",{"micros":5504},"coros_wait",{"micros":2}]}]},"guilds_connect",{"micros":3,"calls":[]},"presence_connect",{"micros":2437,"calls":[]}]}]}] (Session ID: 6123497059ecbcdc2a8fc53fd7dab526).
2022-02-07 15:03:53,549 INFO: 目前登入身份：神奇海螺#3847
2022-02-07 15:03:58,901 INFO: Chi out 9又4分之8.7月台[打不出幹話就講出來啊]
2022-02-07 15:03:58,902 INFO: Connecting to voice...
2022-02-07 15:03:58,902 INFO: Starting voice handshake... (connection attempt 1)
2022-02-07 15:03:59,115 INFO: Voice handshake complete. Endpoint found japan10019.discord.media
2022-02-07 15:04:00,095 INFO: selected the voice protocol for use (xsalsa20_poly1305_lite)
2022-02-07 15:04:00,263 INFO: received secret key for voice connection
2022-02-07 15:04:02,036 INFO: Preparing to terminate ffmpeg process 814.
2022-02-07 15:04:02,037 INFO: ffmpeg process 814 successfully terminated with return code of 0.
2022-02-07 15:04:02,181 INFO: The voice handshake is being terminated for Channel ID 428109526550708238 (Guild ID 428109526550708234)
2022-02-07 15:04:02,182 INFO: Disconnecting from voice normally, close code 1000.
2022-02-07 15:04:09,562 INFO: Chi out 9又4分之8.7月台[廁所]
2022-02-07 15:04:09,563 INFO: Connecting to voice...
2022-02-07 15:04:09,563 INFO: Starting voice handshake... (connection attempt 1)
2022-02-07 15:04:23,317 INFO: logging in using static token
2022-02-07 15:04:23,579 INFO: Shard ID None has sent the IDENTIFY payload.
2022-02-07 15:04:23,716 INFO: Shard ID None has connected to Gateway: ["gateway-prd-main-n42h",{"micros":98761,"calls":["discord-sessions-blue-prd-2-44",{"micros":93978,"calls":["start_session",{"micros":33678,"calls":["api-prd-main-dllv",{"micros":27444,"calls":["get_user",{"micros":3077},"add_authorized_ip",{"micros":1277},"get_guilds",{"micros":5081},"coros_wait",{"micros":1}]}]},"guilds_connect",{"micros":1,"calls":[]},"presence_connect",{"micros":7990,"calls":[]}]}]}] (Session ID: a49691b76dc02ff83b42e4c6de43ab55).
2022-02-07 15:04:25,749 INFO: 目前登入身份：神奇海螺#3847
2022-02-07 15:04:29,153 INFO: Chi in 9又4分之8.7月台[打不出幹話就講出來啊]
2022-02-07 15:04:29,189 INFO: Connecting to voice...
2022-02-07 15:04:29,190 INFO: Starting voice handshake... (connection attempt 1)
2022-02-07 15:04:29,420 INFO: Voice handshake complete. Endpoint found japan10019.discord.media
2022-02-07 15:04:30,415 INFO: selected the voice protocol for use (xsalsa20_poly1305_lite)
2022-02-07 15:04:30,584 INFO: received secret key for voice connection
2022-02-07 15:04:32,457 INFO: Preparing to terminate ffmpeg process 871.
2022-02-07 15:04:32,458 INFO: ffmpeg process 871 successfully terminated with return code of 0.
2022-02-07 15:04:33,888 INFO: Preparing to terminate ffmpeg process 882.
2022-02-07 15:04:33,889 INFO: ffmpeg process 882 successfully terminated with return code of 0.
2022-02-07 15:04:35,114 INFO: The voice handshake is being terminated for Channel ID 428109526550708238 (Guild ID 428109526550708234)
2022-02-07 15:04:35,114 INFO: Disconnecting from voice normally, close code 1000.
2022-02-07 15:06:26,575 INFO: logging in using static token
2022-02-07 15:06:26,874 INFO: Shard ID None has sent the IDENTIFY payload.
2022-02-07 15:06:27,012 INFO: Shard ID None has connected to Gateway: ["gateway-prd-main-8357",{"micros":95196,"calls":["discord-sessions-blue-prd-2-138",{"micros":93279,"calls":["start_session",{"micros":69085,"calls":["api-prd-main-nq4s",{"micros":65448,"calls":["get_user",{"micros":6704},"add_authorized_ip",{"micros":1400},"get_guilds",{"micros":21185},"coros_wait",{"micros":1}]}]},"guilds_connect",{"micros":1,"calls":[]},"presence_connect",{"micros":12091,"calls":[]}]}]}] (Session ID: 19fc7c703b713b442b56c6bf047ea811).
2022-02-07 15:06:29,050 INFO: 目前登入身份：神奇海螺#3847
2022-02-07 15:30:11,344 INFO: 楓夜 out 9又4分之8.7月台[打不出幹話就講出來啊]
2022-02-07 15:30:11,344 INFO: Connecting to voice...
2022-02-07 15:30:11,345 INFO: Starting voice handshake... (connection attempt 1)
2022-02-07 15:30:12,104 INFO: Voice handshake complete. Endpoint found japan10019.discord.media
2022-02-07 15:30:13,110 INFO: selected the voice protocol for use (xsalsa20_poly1305_lite)
2022-02-07 15:30:13,278 INFO: received secret key for voice connection
2022-02-07 15:30:15,833 INFO: Preparing to terminate ffmpeg process 986.
2022-02-07 15:30:15,834 INFO: ffmpeg process 986 successfully terminated with return code of 0.
2022-02-07 15:30:16,004 INFO: The voice handshake is being terminated for Channel ID 428109526550708238 (Guild ID 428109526550708234)
2022-02-07 15:30:16,005 INFO: Disconnecting from voice normally, close code 1000.
2022-02-07 15:45:55,405 INFO: MaiMai的Pool out 9又4分之8.7月台[打不出幹話就講出來啊]
2022-02-07 15:45:55,406 INFO: Connecting to voice...
2022-02-07 15:45:55,406 INFO: Starting voice handshake... (connection attempt 1)
2022-02-07 15:45:56,144 INFO: Voice handshake complete. Endpoint found japan10019.discord.media
2022-02-07 15:45:57,133 INFO: selected the voice protocol for use (xsalsa20_poly1305_lite)
2022-02-07 15:45:57,309 INFO: received secret key for voice connection
2022-02-07 15:45:59,625 INFO: Preparing to terminate ffmpeg process 1019.
2022-02-07 15:45:59,625 INFO: ffmpeg process 1019 successfully terminated with return code of 0.
2022-02-07 15:45:59,732 INFO: The voice handshake is being terminated for Channel ID 428109526550708238 (Guild ID 428109526550708234)
2022-02-07 15:45:59,733 INFO: Disconnecting from voice normally, close code 1000.
2022-02-07 15:46:48,022 INFO: Chi out 9又4分之8.7月台[打不出幹話就講出來啊]
2022-02-07 15:46:48,022 INFO: Connecting to voice...
2022-02-07 15:46:48,022 INFO: Starting voice handshake... (connection attempt 1)
2022-02-07 15:46:48,253 INFO: Voice handshake complete. Endpoint found japan10019.discord.media
2022-02-07 15:46:49,274 INFO: selected the voice protocol for use (xsalsa20_poly1305_lite)
2022-02-07 15:46:49,446 INFO: received secret key for voice connection
2022-02-07 15:46:51,213 INFO: Preparing to terminate ffmpeg process 1030.
2022-02-07 15:46:51,214 INFO: ffmpeg process 1030 successfully terminated with return code of 0.
2022-02-07 15:46:51,359 INFO: The voice handshake is being terminated for Channel ID 428109526550708238 (Guild ID 428109526550708234)
2022-02-07 15:46:51,360 INFO: Disconnecting from voice normally, close code 1000.
2022-02-07 15:46:52,829 INFO: Chi in 9又4分之8.7月台[廁所]
2022-02-07 15:46:52,884 INFO: Connecting to voice...
2022-02-07 15:46:52,884 INFO: Starting voice handshake... (connection attempt 1)
2022-02-07 15:46:53,463 INFO: Voice handshake complete. Endpoint found japan1951.discord.media
2022-02-07 15:46:53,791 ERROR: Exception occurred during Voice Protocol voice server update handler
Traceback (most recent call last):
  File "/opt/virtualenvs/python3/lib/python3.8/site-packages/discord/state.py", line 102, in logging_coroutine
    await coroutine
  File "/opt/virtualenvs/python3/lib/python3.8/site-packages/discord/voice_client.py", line 295, in on_voice_server_update
    await self.ws.close(4000)
AttributeError: 'NoneType' object has no attribute 'close'
2022-02-07 15:46:54,465 INFO: selected the voice protocol for use (xsalsa20_poly1305_lite)
2022-02-07 15:46:54,633 INFO: received secret key for voice connection
2022-02-07 15:46:56,499 INFO: Preparing to terminate ffmpeg process 1041.
2022-02-07 15:46:56,500 INFO: ffmpeg process 1041 successfully terminated with return code of 0.
2022-02-07 15:46:57,586 INFO: Chi in 9又4分之8.7月台[廁所]
2022-02-07 15:46:58,247 INFO: Preparing to terminate ffmpeg process 1051.
2022-02-07 15:46:58,247 INFO: ffmpeg process 1051 successfully terminated with return code of 0.
2022-02-07 15:46:59,651 INFO: The voice handshake is being terminated for Channel ID 940272412908474389 (Guild ID 428109526550708234)
2022-02-07 15:46:59,651 INFO: Disconnecting from voice normally, close code 1000.
2022-02-07 15:47:00,108 INFO: Connecting to voice...
2022-02-07 15:47:00,108 INFO: Starting voice handshake... (connection attempt 1)
2022-02-07 15:47:00,308 INFO: Voice handshake complete. Endpoint found japan8173.discord.media
2022-02-07 15:47:01,315 INFO: selected the voice protocol for use (xsalsa20_poly1305_lite)
2022-02-07 15:47:01,483 INFO: received secret key for voice connection
2022-02-07 15:47:01,702 INFO: Chi in 9又4分之8.7月台[廁所]
2022-02-07 15:47:03,921 INFO: Preparing to terminate ffmpeg process 1062.
2022-02-07 15:47:03,921 INFO: ffmpeg process 1062 successfully terminated with return code of 0.
2022-02-07 15:47:04,320 INFO: Chi out 9又4分之8.7月台[廁所]
2022-02-07 15:47:05,421 INFO: Chi in 9又4分之8.7月台[廁所]
2022-02-07 15:47:05,710 INFO: Preparing to terminate ffmpeg process 1072.
2022-02-07 15:47:05,711 INFO: ffmpeg process 1072 successfully terminated with return code of 0.
2022-02-07 15:47:06,949 INFO: Preparing to terminate ffmpeg process 1082.
2022-02-07 15:47:06,950 INFO: ffmpeg process 1082 has not terminated. Waiting to terminate...
2022-02-07 15:47:06,950 INFO: ffmpeg process 1082 should have terminated with a return code of -9.
2022-02-07 15:47:07,058 INFO: The voice handshake is being terminated for Channel ID 940272432693010495 (Guild ID 428109526550708234)
2022-02-07 15:47:07,058 INFO: Disconnecting from voice normally, close code 1000.
2022-02-07 15:47:07,324 INFO: Connecting to voice...
2022-02-07 15:47:07,324 INFO: Starting voice handshake... (connection attempt 1)
2022-02-07 15:47:10,659 INFO: Preparing to terminate ffmpeg process 1083.
2022-02-07 15:47:10,659 INFO: ffmpeg process 1083 has not terminated. Waiting to terminate...
2022-02-07 15:47:10,660 INFO: ffmpeg process 1083 should have terminated with a return code of -9.
2022-02-07 15:47:25,358 INFO: logging in using static token
2022-02-07 15:47:25,629 INFO: Shard ID None has sent the IDENTIFY payload.
2022-02-07 15:47:25,737 INFO: Shard ID None has connected to Gateway: ["gateway-prd-main-0k83",{"micros":67921,"calls":["discord-sessions-blue-prd-2-65",{"micros":66163,"calls":["start_session",{"micros":53106,"calls":["api-prd-main-dzqg",{"micros":49714,"calls":["get_user",{"micros":3301},"add_authorized_ip",{"micros":1233},"get_guilds",{"micros":27050},"coros_wait",{"micros":1}]}]},"guilds_connect",{"micros":2,"calls":[]},"presence_connect",{"micros":2488,"calls":[]}]}]}] (Session ID: 902ad59d8466067e058d96b3f59a3b0d).
2022-02-07 15:47:27,766 INFO: 目前登入身份：神奇海螺#3847
2022-02-07 15:47:52,901 INFO: Chi in 9又4分之8.7月台[123是什麼敷衍的名字]
2022-02-07 15:47:52,920 INFO: Connecting to voice...
2022-02-07 15:47:52,920 INFO: Starting voice handshake... (connection attempt 1)
2022-02-07 15:47:53,296 INFO: Voice handshake complete. Endpoint found japan5524.discord.media
2022-02-07 15:47:53,461 ERROR: Exception occurred during Voice Protocol voice server update handler
Traceback (most recent call last):
  File "/opt/virtualenvs/python3/lib/python3.8/site-packages/discord/state.py", line 102, in logging_coroutine
    await coroutine
  File "/opt/virtualenvs/python3/lib/python3.8/site-packages/discord/voice_client.py", line 295, in on_voice_server_update
    await self.ws.close(4000)
AttributeError: 'NoneType' object has no attribute 'close'
2022-02-07 15:47:54,308 INFO: selected the voice protocol for use (xsalsa20_poly1305_lite)
2022-02-07 15:47:54,478 INFO: received secret key for voice connection
2022-02-07 15:47:56,353 INFO: Preparing to terminate ffmpeg process 1129.
2022-02-07 15:47:56,353 INFO: ffmpeg process 1129 successfully terminated with return code of 0.
2022-02-07 15:47:57,192 INFO: Chi in 9又4分之8.7月台[打不出幹話就講出來啊]
2022-02-07 15:47:57,782 INFO: Preparing to terminate ffmpeg process 1140.
2022-02-07 15:47:57,783 INFO: ffmpeg process 1140 successfully terminated with return code of 0.
2022-02-07 15:47:59,007 INFO: The voice handshake is being terminated for Channel ID 728631391809437746 (Guild ID 428109526550708234)
2022-02-07 15:47:59,008 INFO: Disconnecting from voice normally, close code 1000.
2022-02-07 15:47:59,273 INFO: Connecting to voice...
2022-02-07 15:47:59,273 INFO: Starting voice handshake... (connection attempt 1)
2022-02-07 15:47:59,470 INFO: Voice handshake complete. Endpoint found japan10019.discord.media
2022-02-07 15:48:00,481 INFO: selected the voice protocol for use (xsalsa20_poly1305_lite)
2022-02-07 15:48:00,655 INFO: received secret key for voice connection
2022-02-07 15:48:03,041 INFO: Preparing to terminate ffmpeg process 1151.
2022-02-07 15:48:03,041 INFO: ffmpeg process 1151 successfully terminated with return code of 0.
2022-02-07 15:48:04,236 INFO: Preparing to terminate ffmpeg process 1161.
2022-02-07 15:48:04,237 INFO: ffmpeg process 1161 successfully terminated with return code of 0.
2022-02-07 15:48:05,680 INFO: The voice handshake is being terminated for Channel ID 428109526550708238 (Guild ID 428109526550708234)
2022-02-07 15:48:05,680 INFO: Disconnecting from voice normally, close code 1000.
2022-02-07 16:08:34,162 INFO: 楓夜 in 9又4分之8.7月台[廁所]
2022-02-07 16:08:34,236 INFO: Connecting to voice...
2022-02-07 16:08:34,236 INFO: Starting voice handshake... (connection attempt 1)
2022-02-07 16:08:34,546 INFO: BunnyplayGG out 9又4分之8.7月台[打不出幹話就講出來啊]
2022-02-07 16:08:34,782 INFO: Voice handshake complete. Endpoint found japan2971.discord.media
2022-02-07 16:08:34,929 ERROR: Exception occurred during Voice Protocol voice server update handler
Traceback (most recent call last):
  File "/opt/virtualenvs/python3/lib/python3.8/site-packages/discord/state.py", line 102, in logging_coroutine
    await coroutine
  File "/opt/virtualenvs/python3/lib/python3.8/site-packages/discord/voice_client.py", line 295, in on_voice_server_update
    await self.ws.close(4000)
AttributeError: 'NoneType' object has no attribute 'close'
2022-02-07 16:08:35,797 INFO: selected the voice protocol for use (xsalsa20_poly1305_lite)
2022-02-07 16:08:35,970 INFO: received secret key for voice connection
2022-02-07 16:08:36,766 INFO: 楓夜 in 9又4分之8.7月台[打不出幹話就講出來啊]
2022-02-07 16:08:38,576 INFO: Preparing to terminate ffmpeg process 1184.
2022-02-07 16:08:38,577 INFO: ffmpeg process 1184 successfully terminated with return code of 0.
2022-02-07 16:08:39,152 INFO: Preparing to terminate ffmpeg process 1194.
2022-02-07 16:08:39,152 INFO: ffmpeg process 1194 successfully terminated with return code of 0.
2022-02-07 16:08:39,765 INFO: Preparing to terminate ffmpeg process 1204.
2022-02-07 16:08:39,765 INFO: ffmpeg process 1204 has not terminated. Waiting to terminate...
2022-02-07 16:08:39,765 INFO: ffmpeg process 1204 should have terminated with a return code of -9.
2022-02-07 16:08:40,194 INFO: The voice handshake is being terminated for Channel ID 940277871140827187 (Guild ID 428109526550708234)
2022-02-07 16:08:40,195 INFO: Disconnecting from voice normally, close code 1000.
2022-02-07 16:08:40,307 INFO: Connecting to voice...
2022-02-07 16:08:40,307 INFO: Starting voice handshake... (connection attempt 1)
2022-02-07 16:08:40,506 INFO: Voice handshake complete. Endpoint found japan10019.discord.media
2022-02-07 16:08:41,490 INFO: selected the voice protocol for use (xsalsa20_poly1305_lite)
2022-02-07 16:08:41,653 INFO: received secret key for voice connection
2022-02-07 16:08:43,741 INFO: Preparing to terminate ffmpeg process 1206.
2022-02-07 16:08:43,741 INFO: ffmpeg process 1206 successfully terminated with return code of 0.
2022-02-07 16:08:45,412 INFO: Preparing to terminate ffmpeg process 1216.
2022-02-07 16:08:45,413 INFO: ffmpeg process 1216 successfully terminated with return code of 0.
2022-02-07 16:08:46,878 INFO: The voice handshake is being terminated for Channel ID 428109526550708238 (Guild ID 428109526550708234)
2022-02-07 16:08:46,878 INFO: Disconnecting from voice normally, close code 1000.
2022-02-07 16:18:18,401 INFO: Got a request to RESUME the websocket.
2022-02-07 16:18:18,549 INFO: Shard ID None has sent the RESUME payload.
2022-02-07 16:18:18,595 INFO: Shard ID None has successfully RESUMED session 902ad59d8466067e058d96b3f59a3b0d under trace ["gateway-prd-main-k8rx",{"micros":1064,"calls":["discord-sessions-blue-prd-2-65",{"micros":18}]}].
2022-02-07 16:29:10,209 INFO: 楓夜 out 9又4分之8.7月台[打不出幹話就講出來啊]
2022-02-07 16:29:10,209 INFO: Connecting to voice...
2022-02-07 16:29:10,209 INFO: Starting voice handshake... (connection attempt 1)
2022-02-07 16:29:10,790 INFO: Voice handshake complete. Endpoint found japan10019.discord.media
2022-02-07 16:29:11,788 INFO: selected the voice protocol for use (xsalsa20_poly1305_lite)
2022-02-07 16:29:11,956 INFO: received secret key for voice connection
2022-02-07 16:29:13,864 INFO: Preparing to terminate ffmpeg process 1228.
2022-02-07 16:29:13,865 INFO: ffmpeg process 1228 successfully terminated with return code of 0.
2022-02-07 16:29:13,973 INFO: The voice handshake is being terminated for Channel ID 428109526550708238 (Guild ID 428109526550708234)
2022-02-07 16:29:13,974 INFO: Disconnecting from voice normally, close code 1000.
2022-02-07 16:37:56,783 INFO: Chi out 9又4分之8.7月台[打不出幹話就講出來啊]
2022-02-07 16:37:56,783 INFO: Connecting to voice...
2022-02-07 16:37:56,783 INFO: Starting voice handshake... (connection attempt 1)
2022-02-07 16:37:57,544 INFO: Voice handshake complete. Endpoint found japan10019.discord.media
2022-02-07 16:37:58,530 INFO: selected the voice protocol for use (xsalsa20_poly1305_lite)
2022-02-07 16:37:58,704 INFO: received secret key for voice connection
2022-02-07 16:38:00,470 INFO: Preparing to terminate ffmpeg process 1239.
2022-02-07 16:38:00,470 INFO: ffmpeg process 1239 successfully terminated with return code of 0.
2022-02-07 16:38:00,614 INFO: The voice handshake is being terminated for Channel ID 428109526550708238 (Guild ID 428109526550708234)
2022-02-07 16:38:00,615 INFO: Disconnecting from voice normally, close code 1000.
2022-02-07 16:38:11,347 INFO: Fiven-chung out 9又4分之8.7月台[打不出幹話就講出來啊]
2022-02-07 16:38:11,347 INFO: Connecting to voice...
2022-02-07 16:38:11,347 INFO: Starting voice handshake... (connection attempt 1)
2022-02-07 16:38:11,657 INFO: Voice handshake complete. Endpoint found japan10019.discord.media
2022-02-07 16:38:12,672 INFO: selected the voice protocol for use (xsalsa20_poly1305_lite)
2022-02-07 16:38:12,849 INFO: received secret key for voice connection
2022-02-07 16:38:14,976 INFO: Preparing to terminate ffmpeg process 1250.
2022-02-07 16:38:14,977 INFO: ffmpeg process 1250 successfully terminated with return code of 0.
2022-02-07 16:38:15,163 INFO: The voice handshake is being terminated for Channel ID 428109526550708238 (Guild ID 428109526550708234)
2022-02-07 16:38:15,164 INFO: Disconnecting from voice normally, close code 1000.
