2022-11-27 18:04:49,469 INFO: logging in using static token
2022-11-27 18:04:49,889 INFO: Shard ID None has connected to Gateway (Session ID: d66c7ae5c2474b7e6428687c0772cfda).
2022-11-27 18:04:51,894 INFO: 目前登入身份：神奇海螺#3847
2022-11-27 18:34:55,350 INFO: logging in using static token
2022-11-27 18:34:55,999 INFO: Shard ID None has connected to Gateway (Session ID: 6d17155d09efd6e7aa5f1ffaf795ccbb).
2022-11-27 18:34:58,011 INFO: 目前登入身份：神奇海螺#3847
2022-11-27 19:06:57,270 INFO: Shard ID None has successfully RESUMED session 6d17155d09efd6e7aa5f1ffaf795ccbb.
2022-11-27 22:45:23,357 INFO: Shard ID None has successfully RESUMED session 6d17155d09efd6e7aa5f1ffaf795ccbb.
2022-11-28 00:18:13,119 INFO: Shard ID None has successfully RESUMED session 6d17155d09efd6e7aa5f1ffaf795ccbb.
2022-11-28 01:02:13,100 INFO: logging in using static token
2022-11-28 01:02:13,592 INFO: Shard ID None has connected to Gateway (Session ID: ec386be0ae9bcc3fdf9a84eca6d5cd47).
2022-11-28 01:02:15,598 INFO: 目前登入身份：神奇海螺#3847
2022-11-28 04:37:16,131 INFO: Shard ID None has successfully RESUMED session ec386be0ae9bcc3fdf9a84eca6d5cd47.
2022-11-28 06:31:48,247 INFO: Shard ID None has successfully RESUMED session ec386be0ae9bcc3fdf9a84eca6d5cd47.
2022-11-28 08:11:29,539 INFO: Shard ID None has successfully RESUMED session ec386be0ae9bcc3fdf9a84eca6d5cd47.
2022-11-28 11:17:02,177 INFO: Shard ID None has successfully RESUMED session ec386be0ae9bcc3fdf9a84eca6d5cd47.
2022-11-28 12:15:48,266 INFO: Shard ID None has successfully RESUMED session ec386be0ae9bcc3fdf9a84eca6d5cd47.
2022-11-28 12:45:20,384 INFO: Shard ID None has successfully RESUMED session ec386be0ae9bcc3fdf9a84eca6d5cd47.
2022-11-28 13:18:20,863 INFO: BunnyplayGG in 9又4分之8.7月台[打不出幹話就講出來啊]
2022-11-28 13:18:20,967 INFO: Connecting to voice...
2022-11-28 13:18:20,967 INFO: Starting voice handshake... (connection attempt 1)
2022-11-28 13:18:21,225 INFO: Voice handshake complete. Endpoint found hongkong6482.discord.media
2022-11-28 13:18:25,153 INFO: ffmpeg process 1348 successfully terminated with return code of 0.
2022-11-28 13:18:28,008 INFO: ffmpeg process 1359 successfully terminated with return code of 0.
2022-11-28 13:18:29,094 INFO: The voice handshake is being terminated for Channel ID 428109526550708238 (Guild ID 428109526550708234)
2022-11-28 13:18:29,095 INFO: Disconnecting from voice normally, close code 1000.
2022-11-28 13:18:29,605 INFO: louiskkk28 in 9又4分之8.7月台[打不出幹話就講出來啊]
2022-11-28 13:18:29,687 INFO: Connecting to voice...
2022-11-28 13:18:29,688 INFO: Starting voice handshake... (connection attempt 1)
2022-11-28 13:18:29,981 INFO: Voice handshake complete. Endpoint found hongkong6482.discord.media
2022-11-28 13:18:36,046 INFO: ffmpeg process 1370 successfully terminated with return code of 0.
2022-11-28 13:18:38,158 INFO: ffmpeg process 1380 successfully terminated with return code of 0.
2022-11-28 13:18:39,204 INFO: The voice handshake is being terminated for Channel ID 428109526550708238 (Guild ID 428109526550708234)
2022-11-28 13:18:39,205 INFO: Disconnecting from voice normally, close code 1000.
2022-11-28 13:51:35,994 INFO: Chi in 9又4分之8.7月台[打不出幹話就講出來啊]
2022-11-28 13:51:36,117 INFO: Connecting to voice...
2022-11-28 13:51:36,117 INFO: Starting voice handshake... (connection attempt 1)
2022-11-28 13:51:36,369 INFO: Voice handshake complete. Endpoint found hongkong6482.discord.media
2022-11-28 13:51:40,048 INFO: ffmpeg process 1426 successfully terminated with return code of 0.
2022-11-28 13:51:42,226 INFO: ffmpeg process 1436 successfully terminated with return code of 0.
2022-11-28 13:51:43,292 INFO: The voice handshake is being terminated for Channel ID 428109526550708238 (Guild ID 428109526550708234)
2022-11-28 13:51:43,293 INFO: Disconnecting from voice normally, close code 1000.
2022-11-28 13:59:10,674 INFO: 貓嗷嗚飄飄大仙 in 9又4分之8.7月台[打不出幹話就講出來啊]
2022-11-28 13:59:10,762 INFO: Connecting to voice...
2022-11-28 13:59:10,762 INFO: Starting voice handshake... (connection attempt 1)
2022-11-28 13:59:11,009 INFO: Voice handshake complete. Endpoint found hongkong6482.discord.media
2022-11-28 13:59:15,222 INFO: ffmpeg process 1466 successfully terminated with return code of 0.
2022-11-28 13:59:17,926 INFO: ffmpeg process 1476 successfully terminated with return code of 0.
2022-11-28 13:59:18,932 INFO: The voice handshake is being terminated for Channel ID 428109526550708238 (Guild ID 428109526550708234)
2022-11-28 13:59:18,932 INFO: Disconnecting from voice normally, close code 1000.
2022-11-28 14:18:30,857 INFO: 神奇海螺 in 9又4分之8.7月台[打不出幹話就講出來啊]
2022-11-28 14:18:30,955 INFO: Connecting to voice...
2022-11-28 14:18:30,956 INFO: Starting voice handshake... (connection attempt 1)
2022-11-28 14:18:31,214 INFO: Voice handshake complete. Endpoint found hongkong6482.discord.media
2022-11-28 14:18:35,046 INFO: ffmpeg process 1558 successfully terminated with return code of 0.
2022-11-28 14:18:43,519 INFO: ffmpeg process 1568 successfully terminated with return code of 0.
2022-11-28 14:18:44,587 INFO: The voice handshake is being terminated for Channel ID 428109526550708238 (Guild ID 428109526550708234)
2022-11-28 14:18:44,589 INFO: Disconnecting from voice normally, close code 1000.
2022-11-28 14:23:30,808 INFO: Connecting to voice...
2022-11-28 14:23:30,808 INFO: Starting voice handshake... (connection attempt 1)
2022-11-28 14:23:30,948 INFO: Voice handshake complete. Endpoint found hongkong8314.discord.media
2022-11-28 14:23:31,177 ERROR: Exception occurred during Voice Protocol voice server update handler
Traceback (most recent call last):
  File "/opt/virtualenvs/python3/lib/python3.8/site-packages/discord/state.py", line 157, in logging_coroutine
    await coroutine
  File "/opt/virtualenvs/python3/lib/python3.8/site-packages/discord/voice_client.py", line 337, in on_voice_server_update
    await self.ws.close(4000)
AttributeError: '_MissingSentinel' object has no attribute 'close'
2022-11-28 14:23:32,514 INFO: ffmpeg process 1579 has not terminated. Waiting to terminate...
2022-11-28 14:23:32,514 INFO: ffmpeg process 1579 should have terminated with a return code of 1.
2022-11-28 14:23:34,418 INFO: The voice handshake is being terminated for Channel ID 1046793464630755408 (Guild ID 428109526550708234)
2022-11-28 14:23:34,423 INFO: Disconnecting from voice normally, close code 1000.
2022-11-28 14:23:46,002 INFO: KyrieR in 9又4分之8.7月台[打不出幹話就講出來啊]
2022-11-28 14:23:46,187 INFO: Connecting to voice...
2022-11-28 14:23:46,189 INFO: Starting voice handshake... (connection attempt 1)
2022-11-28 14:23:46,465 INFO: Voice handshake complete. Endpoint found hongkong6482.discord.media
2022-11-28 14:23:50,537 INFO: ffmpeg process 1582 successfully terminated with return code of 0.
2022-11-28 14:23:53,115 INFO: ffmpeg process 1592 successfully terminated with return code of 0.
2022-11-28 14:23:54,182 INFO: The voice handshake is being terminated for Channel ID 428109526550708238 (Guild ID 428109526550708234)
2022-11-28 14:23:54,185 INFO: Disconnecting from voice normally, close code 1000.
2022-11-28 14:24:46,072 INFO: WeIrdnA in 9又4分之8.7月台[123是什麼敷衍的名字]
2022-11-28 14:24:46,133 INFO: Connecting to voice...
2022-11-28 14:24:46,133 INFO: Starting voice handshake... (connection attempt 1)
2022-11-28 14:24:46,222 INFO: Voice handshake complete. Endpoint found hongkong7879.discord.media
2022-11-28 14:24:46,413 ERROR: Exception occurred during Voice Protocol voice server update handler
Traceback (most recent call last):
  File "/opt/virtualenvs/python3/lib/python3.8/site-packages/discord/state.py", line 157, in logging_coroutine
    await coroutine
  File "/opt/virtualenvs/python3/lib/python3.8/site-packages/discord/voice_client.py", line 337, in on_voice_server_update
    await self.ws.close(4000)
AttributeError: '_MissingSentinel' object has no attribute 'close'
2022-11-28 14:24:49,891 INFO: ffmpeg process 1603 successfully terminated with return code of 0.
2022-11-28 14:24:52,514 INFO: ffmpeg process 1613 successfully terminated with return code of 0.
2022-11-28 14:24:53,530 INFO: The voice handshake is being terminated for Channel ID 728631391809437746 (Guild ID 428109526550708234)
2022-11-28 14:24:53,530 INFO: Disconnecting from voice normally, close code 1000.
2022-11-28 15:00:32,670 INFO: MaiMai的Pool in 9又4分之8.7月台[123是什麼敷衍的名字]
2022-11-28 15:00:32,737 INFO: Connecting to voice...
2022-11-28 15:00:32,738 INFO: Starting voice handshake... (connection attempt 1)
2022-11-28 15:00:33,027 INFO: Voice handshake complete. Endpoint found hongkong7879.discord.media
2022-11-28 15:00:36,769 INFO: ffmpeg process 1660 successfully terminated with return code of 0.
2022-11-28 15:00:39,242 INFO: ffmpeg process 1670 successfully terminated with return code of 0.
2022-11-28 15:00:40,332 INFO: The voice handshake is being terminated for Channel ID 728631391809437746 (Guild ID 428109526550708234)
2022-11-28 15:00:40,333 INFO: Disconnecting from voice normally, close code 1000.
2022-11-28 15:00:46,384 INFO: wawa的n in 9又4分之8.7月台[123是什麼敷衍的名字]
2022-11-28 15:00:46,474 INFO: Connecting to voice...
2022-11-28 15:00:46,475 INFO: Starting voice handshake... (connection attempt 1)
2022-11-28 15:00:46,746 INFO: Voice handshake complete. Endpoint found hongkong7879.discord.media
2022-11-28 15:00:50,930 INFO: ffmpeg process 1681 has not terminated. Waiting to terminate...
2022-11-28 15:00:50,932 INFO: ffmpeg process 1681 should have terminated with a return code of 0.
2022-11-28 15:00:53,618 INFO: ffmpeg process 1691 successfully terminated with return code of 0.
2022-11-28 15:00:54,627 INFO: The voice handshake is being terminated for Channel ID 728631391809437746 (Guild ID 428109526550708234)
2022-11-28 15:00:54,628 INFO: Disconnecting from voice normally, close code 1000.
2022-11-28 15:09:35,699 INFO: Lexor in 9又4分之8.7月台[123是什麼敷衍的名字]
2022-11-28 15:09:35,746 INFO: Connecting to voice...
2022-11-28 15:09:35,746 INFO: Starting voice handshake... (connection attempt 1)
2022-11-28 15:09:36,005 INFO: Voice handshake complete. Endpoint found hongkong7879.discord.media
2022-11-28 15:09:39,382 INFO: ffmpeg process 1720 successfully terminated with return code of 0.
2022-11-28 15:09:42,428 INFO: ffmpeg process 1730 successfully terminated with return code of 0.
2022-11-28 15:09:43,470 INFO: The voice handshake is being terminated for Channel ID 728631391809437746 (Guild ID 428109526550708234)
2022-11-28 15:09:43,471 INFO: Disconnecting from voice normally, close code 1000.
2022-11-28 15:41:30,449 INFO: wawa的n out 9又4分之8.7月台[123是什麼敷衍的名字]
2022-11-28 15:41:30,455 INFO: Connecting to voice...
2022-11-28 15:41:30,455 INFO: Starting voice handshake... (connection attempt 1)
2022-11-28 15:41:30,758 INFO: Voice handshake complete. Endpoint found hongkong7879.discord.media
2022-11-28 15:41:34,309 INFO: ffmpeg process 1810 successfully terminated with return code of 0.
2022-11-28 15:41:35,340 INFO: The voice handshake is being terminated for Channel ID 728631391809437746 (Guild ID 428109526550708234)
2022-11-28 15:41:35,341 INFO: Disconnecting from voice normally, close code 1000.
2022-11-28 15:41:37,716 INFO: wawa的n in 9又4分之8.7月台[123是什麼敷衍的名字]
2022-11-28 15:41:37,808 INFO: Connecting to voice...
2022-11-28 15:41:37,809 INFO: Starting voice handshake... (connection attempt 1)
2022-11-28 15:41:38,094 INFO: Voice handshake complete. Endpoint found hongkong7879.discord.media
2022-11-28 15:41:42,224 INFO: ffmpeg process 1821 successfully terminated with return code of 0.
2022-11-28 15:41:45,656 INFO: ffmpeg process 1831 successfully terminated with return code of 0.
2022-11-28 15:41:46,706 INFO: The voice handshake is being terminated for Channel ID 728631391809437746 (Guild ID 428109526550708234)
2022-11-28 15:41:46,707 INFO: Disconnecting from voice normally, close code 1000.
2022-11-28 16:10:58,902 INFO: WeIrdnA out 9又4分之8.7月台[123是什麼敷衍的名字]
2022-11-28 16:10:58,905 INFO: Connecting to voice...
2022-11-28 16:10:58,906 INFO: Starting voice handshake... (connection attempt 1)
2022-11-28 16:10:59,191 INFO: Voice handshake complete. Endpoint found hongkong7879.discord.media
2022-11-28 16:10:59,281 INFO: Lexor out 9又4分之8.7月台[123是什麼敷衍的名字]
2022-11-28 16:11:02,799 INFO: ffmpeg process 1929 successfully terminated with return code of 0.
2022-11-28 16:11:05,588 INFO: ffmpeg process 1939 successfully terminated with return code of 0.
2022-11-28 16:11:06,618 INFO: The voice handshake is being terminated for Channel ID 728631391809437746 (Guild ID 428109526550708234)
2022-11-28 16:11:06,619 INFO: Disconnecting from voice normally, close code 1000.
2022-11-28 16:11:08,880 INFO: MaiMai的Pool out 9又4分之8.7月台[123是什麼敷衍的名字]
2022-11-28 16:11:08,882 INFO: Connecting to voice...
2022-11-28 16:11:08,884 INFO: Starting voice handshake... (connection attempt 1)
2022-11-28 16:11:09,230 INFO: Voice handshake complete. Endpoint found hongkong7879.discord.media
2022-11-28 16:11:13,079 INFO: ffmpeg process 1950 successfully terminated with return code of 0.
2022-11-28 16:11:14,098 INFO: The voice handshake is being terminated for Channel ID 728631391809437746 (Guild ID 428109526550708234)
2022-11-28 16:11:14,099 INFO: Disconnecting from voice normally, close code 1000.
2022-11-28 16:11:18,111 INFO: wawa的n out 9又4分之8.7月台[123是什麼敷衍的名字]
2022-11-28 16:11:18,113 INFO: Connecting to voice...
2022-11-28 16:11:18,114 INFO: Starting voice handshake... (connection attempt 1)
2022-11-28 16:11:18,233 INFO: Voice handshake complete. Endpoint found atlanta4313.discord.media
2022-11-28 16:11:20,428 INFO: ffmpeg process 1961 successfully terminated with return code of 0.
2022-11-28 16:11:21,462 INFO: The voice handshake is being terminated for Channel ID 728631391809437746 (Guild ID 428109526550708234)
2022-11-28 16:11:21,463 INFO: Disconnecting from voice normally, close code 1000.
2022-11-28 16:22:22,522 INFO: KyrieR out 9又4分之8.7月台[打不出幹話就講出來啊]
2022-11-28 16:22:22,524 INFO: Connecting to voice...
2022-11-28 16:22:22,524 INFO: Starting voice handshake... (connection attempt 1)
2022-11-28 16:22:22,792 INFO: Voice handshake complete. Endpoint found hongkong6482.discord.media
2022-11-28 16:22:26,136 INFO: ffmpeg process 2007 successfully terminated with return code of 0.
2022-11-28 16:22:27,143 INFO: The voice handshake is being terminated for Channel ID 428109526550708238 (Guild ID 428109526550708234)
2022-11-28 16:22:27,144 INFO: Disconnecting from voice normally, close code 1000.
2022-11-28 16:24:02,836 INFO: louiskkk28 out 9又4分之8.7月台[打不出幹話就講出來啊]
2022-11-28 16:24:02,837 INFO: Connecting to voice...
2022-11-28 16:24:02,837 INFO: Starting voice handshake... (connection attempt 1)
2022-11-28 16:24:03,098 INFO: Voice handshake complete. Endpoint found hongkong6482.discord.media
2022-11-28 16:24:08,365 INFO: ffmpeg process 2018 successfully terminated with return code of 0.
2022-11-28 16:24:09,408 INFO: The voice handshake is being terminated for Channel ID 428109526550708238 (Guild ID 428109526550708234)
2022-11-28 16:24:09,408 INFO: Disconnecting from voice normally, close code 1000.
2022-11-28 16:35:57,150 INFO: Shard ID None has successfully RESUMED session ec386be0ae9bcc3fdf9a84eca6d5cd47.
2022-11-28 16:57:29,309 INFO: BunnyplayGG out 9又4分之8.7月台[打不出幹話就講出來啊]
2022-11-28 16:57:29,310 INFO: Connecting to voice...
2022-11-28 16:57:29,311 INFO: Starting voice handshake... (connection attempt 1)
2022-11-28 16:57:29,645 INFO: Chi out 9又4分之8.7月台[打不出幹話就講出來啊]
2022-11-28 16:57:29,669 INFO: Voice handshake complete. Endpoint found hongkong6482.discord.media
2022-11-28 16:57:34,480 INFO: ffmpeg process 2063 successfully terminated with return code of 0.
2022-11-28 16:57:36,426 INFO: 貓嗷嗚飄飄大仙 out 9又4分之8.7月台[打不出幹話就講出來啊]
2022-11-28 16:57:37,913 INFO: ffmpeg process 2073 successfully terminated with return code of 0.
2022-11-28 16:57:40,540 INFO: ffmpeg process 2083 successfully terminated with return code of 0.
2022-11-28 16:57:44,168 INFO: ffmpeg process 2093 successfully terminated with return code of 0.
2022-11-28 16:57:45,233 INFO: The voice handshake is being terminated for Channel ID 428109526550708238 (Guild ID 428109526550708234)
2022-11-28 16:57:45,234 INFO: Disconnecting from voice normally, close code 1000.
2022-11-28 18:43:40,574 INFO: Shard ID None has successfully RESUMED session ec386be0ae9bcc3fdf9a84eca6d5cd47.
2022-11-28 19:10:51,258 INFO: Shard ID None has successfully RESUMED session ec386be0ae9bcc3fdf9a84eca6d5cd47.
