2022-08-13 18:50:10,725 INFO: logging in using static token
2022-08-13 18:50:11,003 INFO: Shard ID None has sent the IDENTIFY payload.
2022-08-13 18:50:11,184 INFO: Shard ID None has connected to Gateway: ["gateway-prd-main-n127",{"micros":133389,"calls":["id_created",{"micros":36122,"calls":[]},"session_lookup_time",{"micros":6539,"calls":[]},"session_lookup_finished",{"micros":17,"calls":[]},"discord-sessions-green-prd-2-167",{"micros":89387,"calls":["start_session",{"micros":52363,"calls":["discord-api-7f7b9b9678-47pdx",{"micros":40394,"calls":["get_user",{"micros":9214},"add_authorized_ip",{"micros":4840},"get_guilds",{"micros":2993},"send_scheduled_deleteion_message",{"micros":13},"guild_join_requests",{"micros":2}]}]},"starting_guild_connect",{"micros":71,"calls":[]},"presence_started",{"micros":6259,"calls":[]},"guilds_started",{"micros":30678,"calls":[]},"guilds_connect",{"micros":1,"calls":[]},"presence_connect",{"micros":2,"calls":[]},"connect_finished",{"micros":6,"calls":[]},"build_ready",{"micros":6,"calls":[]},"optimize_ready",{"micros":0,"calls":[]},"split_ready",{"micros":1,"calls":[]},"clean_ready",{"micros":1,"calls":[]}]}]}] (Session ID: e248eb6146412df47163a4cf12382124).
2022-08-13 18:50:13,230 INFO: 目前登入身份：神奇海螺#3847
2022-08-13 19:36:56,678 INFO: Got a request to RESUME the websocket.
2022-08-13 19:36:56,856 INFO: Shard ID None has sent the RESUME payload.
2022-08-13 19:36:56,903 INFO: Shard ID None has successfully RESUMED session e248eb6146412df47163a4cf12382124 under trace ["gateway-prd-main-j7hf",{"micros":600,"calls":["id_created",{"micros":0,"calls":[]},"session_lookup_time",{"micros":219,"calls":[]},"session_lookup_finished",{"micros":8,"calls":[]},"discord-sessions-green-prd-2-167",{"micros":31}]}].
2022-08-13 20:49:25,342 INFO: logging in using static token
2022-08-13 20:49:25,638 INFO: Shard ID None has sent the IDENTIFY payload.
2022-08-13 20:49:25,791 INFO: Shard ID None has connected to Gateway: ["gateway-prd-main-bnwr",{"micros":106609,"calls":["id_created",{"micros":2584,"calls":[]},"session_lookup_time",{"micros":829,"calls":[]},"session_lookup_finished",{"micros":15,"calls":[]},"discord-sessions-green-prd-2-81",{"micros":101374,"calls":["start_session",{"micros":62511,"calls":["discord-api-7f7b9b9678-qlz2s",{"micros":54419,"calls":["get_user",{"micros":14913},"add_authorized_ip",{"micros":5748},"get_guilds",{"micros":3750},"send_scheduled_deleteion_message",{"micros":8},"guild_join_requests",{"micros":1}]}]},"starting_guild_connect",{"micros":48,"calls":[]},"presence_started",{"micros":19588,"calls":[]},"guilds_started",{"micros":19214,"calls":[]},"guilds_connect",{"micros":2,"calls":[]},"presence_connect",{"micros":1,"calls":[]},"connect_finished",{"micros":6,"calls":[]},"build_ready",{"micros":4,"calls":[]},"optimize_ready",{"micros":1,"calls":[]},"split_ready",{"micros":0,"calls":[]},"clean_ready",{"micros":0,"calls":[]}]}]}] (Session ID: 528d74808fd647077f8c176455e3b45f).
2022-08-13 20:49:27,828 INFO: 目前登入身份：神奇海螺#3847
2022-08-13 21:29:34,440 INFO: logging in using static token
2022-08-13 21:29:34,788 INFO: Shard ID None has sent the IDENTIFY payload.
2022-08-13 21:29:34,911 INFO: Shard ID None has connected to Gateway: ["gateway-prd-main-pgwk",{"micros":69652,"calls":["id_created",{"micros":2920,"calls":[]},"session_lookup_time",{"micros":2036,"calls":[]},"session_lookup_finished",{"micros":20,"calls":[]},"discord-sessions-green-prd-2-34",{"micros":63390,"calls":["start_session",{"micros":39870,"calls":["discord-api-7f7b9b9678-vvk5b",{"micros":33657,"calls":["get_user",{"micros":11711},"add_authorized_ip",{"micros":2994},"get_guilds",{"micros":2580},"send_scheduled_deleteion_message",{"micros":10},"guild_join_requests",{"micros":1}]}]},"starting_guild_connect",{"micros":31,"calls":[]},"presence_started",{"micros":6329,"calls":[]},"guilds_started",{"micros":17144,"calls":[]},"guilds_connect",{"micros":2,"calls":[]},"presence_connect",{"micros":1,"calls":[]},"connect_finished",{"micros":6,"calls":[]},"build_ready",{"micros":5,"calls":[]},"optimize_ready",{"micros":0,"calls":[]},"split_ready",{"micros":1,"calls":[]},"clean_ready",{"micros":1,"calls":[]}]}]}] (Session ID: 320c092fb6a8a42730d2fb7b9f55f7d3).
2022-08-13 21:29:36,993 INFO: 目前登入身份：神奇海螺#3847
2022-08-13 21:56:14,796 INFO: logging in using static token
2022-08-13 21:56:15,085 INFO: Shard ID None has sent the IDENTIFY payload.
2022-08-13 21:56:15,249 INFO: Shard ID None has connected to Gateway: ["gateway-prd-main-djv0",{"micros":106991,"calls":["id_created",{"micros":2106,"calls":[]},"session_lookup_time",{"micros":281,"calls":[]},"session_lookup_finished",{"micros":14,"calls":[]},"discord-sessions-green-prd-2-103",{"micros":104207,"calls":["start_session",{"micros":61339,"calls":["discord-api-7f7b9b9678-lc79t",{"micros":52212,"calls":["get_user",{"micros":18043},"add_authorized_ip",{"micros":4675},"get_guilds",{"micros":2215},"send_scheduled_deleteion_message",{"micros":13},"guild_join_requests",{"micros":1}]}]},"starting_guild_connect",{"micros":27,"calls":[]},"presence_started",{"micros":367,"calls":[]},"guilds_started",{"micros":42456,"calls":[]},"guilds_connect",{"micros":4,"calls":[]},"presence_connect",{"micros":2,"calls":[]},"connect_finished",{"micros":8,"calls":[]},"build_ready",{"micros":6,"calls":[]},"optimize_ready",{"micros":0,"calls":[]},"split_ready",{"micros":1,"calls":[]},"clean_ready",{"micros":1,"calls":[]}]}]}] (Session ID: 9eb49962087b5dcb86d0a31407bf3802).
2022-08-13 21:56:17,288 INFO: 目前登入身份：神奇海螺#3847
2022-08-14 00:53:31,074 INFO: Got a request to RESUME the websocket.
2022-08-14 00:53:31,266 INFO: Shard ID None has sent the RESUME payload.
2022-08-14 00:53:31,311 INFO: Shard ID None has successfully RESUMED session 9eb49962087b5dcb86d0a31407bf3802 under trace ["gateway-prd-main-61zl",{"micros":1420,"calls":["id_created",{"micros":0,"calls":[]},"session_lookup_time",{"micros":507,"calls":[]},"session_lookup_finished",{"micros":35,"calls":[]},"discord-sessions-green-prd-2-103",{"micros":17}]}].
2022-08-14 01:30:45,114 INFO: logging in using static token
2022-08-14 01:30:45,404 INFO: Shard ID None has sent the IDENTIFY payload.
2022-08-14 01:30:45,569 INFO: Shard ID None has connected to Gateway: ["gateway-prd-main-zfc9",{"micros":113044,"calls":["id_created",{"micros":2441,"calls":[]},"session_lookup_time",{"micros":693,"calls":[]},"session_lookup_finished",{"micros":23,"calls":[]},"discord-sessions-green-prd-2-179",{"micros":109397,"calls":["start_session",{"micros":35319,"calls":["discord-api-7f7b9b9678-v24gx",{"micros":31460,"calls":["get_user",{"micros":9774},"add_authorized_ip",{"micros":1949},"get_guilds",{"micros":2909},"send_scheduled_deleteion_message",{"micros":9},"guild_join_requests",{"micros":1}]}]},"starting_guild_connect",{"micros":32,"calls":[]},"presence_started",{"micros":1674,"calls":[]},"guilds_started",{"micros":72358,"calls":[]},"guilds_connect",{"micros":1,"calls":[]},"presence_connect",{"micros":1,"calls":[]},"connect_finished",{"micros":5,"calls":[]},"build_ready",{"micros":5,"calls":[]},"optimize_ready",{"micros":1,"calls":[]},"split_ready",{"micros":1,"calls":[]},"clean_ready",{"micros":0,"calls":[]}]}]}] (Session ID: 0a8dd39a8ab60adea77d10f14cfb11df).
2022-08-14 01:30:47,819 INFO: 目前登入身份：神奇海螺#3847
2022-08-14 01:49:53,044 INFO: logging in using static token
2022-08-14 01:49:53,337 INFO: Shard ID None has sent the IDENTIFY payload.
2022-08-14 01:49:53,626 INFO: Shard ID None has connected to Gateway: ["gateway-prd-main-sgwg",{"micros":254705,"calls":["id_created",{"micros":2187,"calls":[]},"session_lookup_time",{"micros":313,"calls":[]},"session_lookup_finished",{"micros":19,"calls":[]},"discord-sessions-green-prd-2-155",{"micros":251757,"calls":["start_session",{"micros":113112,"calls":["discord-api-7f7b9b9678-6s754",{"micros":106911,"calls":["get_user",{"micros":16151},"add_authorized_ip",{"micros":2328},"get_guilds",{"micros":16482},"send_scheduled_deleteion_message",{"micros":13},"guild_join_requests",{"micros":2}]}]},"starting_guild_connect",{"micros":50,"calls":[]},"presence_started",{"micros":25045,"calls":[]},"guilds_started",{"micros":113528,"calls":[]},"guilds_connect",{"micros":2,"calls":[]},"presence_connect",{"micros":2,"calls":[]},"connect_finished",{"micros":7,"calls":[]},"build_ready",{"micros":11,"calls":[]},"optimize_ready",{"micros":1,"calls":[]},"split_ready",{"micros":0,"calls":[]},"clean_ready",{"micros":1,"calls":[]}]}]}] (Session ID: 28dbaa2445abfe4f296e5f8bbc2af2c0).
2022-08-14 01:49:55,656 INFO: 目前登入身份：神奇海螺#3847
2022-08-14 05:17:01,681 INFO: Got a request to RESUME the websocket.
2022-08-14 05:17:01,859 INFO: Shard ID None has sent the RESUME payload.
2022-08-14 05:17:01,924 INFO: Shard ID None has successfully RESUMED session 28dbaa2445abfe4f296e5f8bbc2af2c0 under trace ["gateway-prd-main-pl9c",{"micros":34068,"calls":["id_created",{"micros":0,"calls":[]},"session_lookup_time",{"micros":33824,"calls":[]},"session_lookup_finished",{"micros":10,"calls":[]},"discord-sessions-green-prd-2-155",{"micros":18}]}].
2022-08-14 06:22:01,444 INFO: Got a request to RESUME the websocket.
2022-08-14 06:22:01,610 INFO: Shard ID None has sent the RESUME payload.
2022-08-14 06:22:01,648 INFO: Shard ID None has successfully RESUMED session 28dbaa2445abfe4f296e5f8bbc2af2c0 under trace ["gateway-prd-main-dk68",{"micros":540,"calls":["id_created",{"micros":0,"calls":[]},"session_lookup_time",{"micros":242,"calls":[]},"session_lookup_finished",{"micros":9,"calls":[]},"discord-sessions-green-prd-2-155",{"micros":18}]}].
2022-08-14 06:41:36,178 INFO: 不偷家的飄飄大仙 in 9又4分之8.7月台[123是什麼敷衍的名字]
2022-08-14 06:41:36,219 INFO: Connecting to voice...
2022-08-14 06:41:36,219 INFO: Starting voice handshake... (connection attempt 1)
2022-08-14 06:41:36,911 INFO: Voice handshake complete. Endpoint found hongkong8134.discord.media
2022-08-14 06:41:37,108 ERROR: Exception occurred during Voice Protocol voice server update handler
Traceback (most recent call last):
  File "/opt/virtualenvs/python3/lib/python3.8/site-packages/discord/state.py", line 102, in logging_coroutine
    await coroutine
  File "/opt/virtualenvs/python3/lib/python3.8/site-packages/discord/voice_client.py", line 295, in on_voice_server_update
    await self.ws.close(4000)
AttributeError: 'NoneType' object has no attribute 'close'
2022-08-14 06:41:38,110 INFO: selected the voice protocol for use (xsalsa20_poly1305_lite)
2022-08-14 06:41:38,345 INFO: received secret key for voice connection
2022-08-14 06:41:41,943 INFO: Preparing to terminate ffmpeg process 566.
2022-08-14 06:41:41,944 INFO: ffmpeg process 566 successfully terminated with return code of 0.
2022-08-14 06:41:44,963 INFO: Preparing to terminate ffmpeg process 577.
2022-08-14 06:41:44,964 INFO: ffmpeg process 577 successfully terminated with return code of 0.
2022-08-14 06:41:45,989 INFO: The voice handshake is being terminated for Channel ID 728631391809437746 (Guild ID 428109526550708234)
2022-08-14 06:41:45,990 INFO: Disconnecting from voice normally, close code 1000.
2022-08-14 07:22:33,712 INFO: SparkleZ in 9又4分之8.7月台[123是什麼敷衍的名字]
2022-08-14 07:22:33,849 INFO: Connecting to voice...
2022-08-14 07:22:33,849 INFO: Starting voice handshake... (connection attempt 1)
2022-08-14 07:22:34,518 INFO: Voice handshake complete. Endpoint found hongkong8134.discord.media
2022-08-14 07:22:35,726 INFO: selected the voice protocol for use (xsalsa20_poly1305_lite)
2022-08-14 07:22:35,963 INFO: received secret key for voice connection
2022-08-14 07:22:38,473 INFO: Preparing to terminate ffmpeg process 661.
2022-08-14 07:22:38,473 INFO: ffmpeg process 661 successfully terminated with return code of 0.
2022-08-14 07:22:41,035 INFO: Preparing to terminate ffmpeg process 671.
2022-08-14 07:22:41,035 INFO: ffmpeg process 671 successfully terminated with return code of 0.
2022-08-14 07:22:42,097 INFO: The voice handshake is being terminated for Channel ID 728631391809437746 (Guild ID 428109526550708234)
2022-08-14 07:22:42,097 INFO: Disconnecting from voice normally, close code 1000.
2022-08-14 07:38:26,617 INFO: Got a request to RESUME the websocket.
2022-08-14 07:38:26,756 INFO: Shard ID None has sent the RESUME payload.
2022-08-14 07:38:26,778 INFO: Shard ID None has successfully RESUMED session 28dbaa2445abfe4f296e5f8bbc2af2c0 under trace ["gateway-prd-main-fpf0",{"micros":547,"calls":["id_created",{"micros":0,"calls":[]},"session_lookup_time",{"micros":222,"calls":[]},"session_lookup_finished",{"micros":14,"calls":[]},"discord-sessions-green-prd-2-155",{"micros":24}]}].
2022-08-14 08:06:08,735 INFO: Got a request to RESUME the websocket.
2022-08-14 08:06:08,876 INFO: Shard ID None has sent the RESUME payload.
2022-08-14 08:06:08,898 INFO: Shard ID None has successfully RESUMED session 28dbaa2445abfe4f296e5f8bbc2af2c0 under trace ["gateway-prd-main-fz6s",{"micros":498,"calls":["id_created",{"micros":0,"calls":[]},"session_lookup_time",{"micros":238,"calls":[]},"session_lookup_finished",{"micros":46,"calls":[]},"discord-sessions-green-prd-2-155",{"micros":17}]}].
2022-08-14 08:16:36,890 INFO: MaiMai的Pool in 9又4分之8.7月台[123是什麼敷衍的名字]
2022-08-14 08:16:36,983 INFO: Connecting to voice...
2022-08-14 08:16:36,983 INFO: Starting voice handshake... (connection attempt 1)
2022-08-14 08:16:37,777 INFO: Voice handshake complete. Endpoint found hongkong8134.discord.media
2022-08-14 08:16:38,992 INFO: selected the voice protocol for use (xsalsa20_poly1305_lite)
2022-08-14 08:16:39,233 INFO: received secret key for voice connection
2022-08-14 08:16:42,020 INFO: Preparing to terminate ffmpeg process 773.
2022-08-14 08:16:42,021 INFO: ffmpeg process 773 successfully terminated with return code of 0.
2022-08-14 08:16:42,542 INFO: wawa的n in 9又4分之8.7月台[123是什麼敷衍的名字]
2022-08-14 08:16:44,798 INFO: Preparing to terminate ffmpeg process 783.
2022-08-14 08:16:44,799 INFO: ffmpeg process 783 successfully terminated with return code of 0.
2022-08-14 08:16:48,529 INFO: Preparing to terminate ffmpeg process 793.
2022-08-14 08:16:48,530 INFO: ffmpeg process 793 successfully terminated with return code of 0.
2022-08-14 08:16:50,685 INFO: Preparing to terminate ffmpeg process 803.
2022-08-14 08:16:50,686 INFO: ffmpeg process 803 successfully terminated with return code of 0.
2022-08-14 08:16:51,689 INFO: The voice handshake is being terminated for Channel ID 728631391809437746 (Guild ID 428109526550708234)
2022-08-14 08:16:51,690 INFO: Disconnecting from voice normally, close code 1000.
2022-08-14 08:24:32,170 INFO: DADA的DIAO in 9又4分之8.7月台[123是什麼敷衍的名字]
2022-08-14 08:24:32,258 INFO: Connecting to voice...
2022-08-14 08:24:32,258 INFO: Starting voice handshake... (connection attempt 1)
2022-08-14 08:24:33,058 INFO: Voice handshake complete. Endpoint found hongkong8134.discord.media
2022-08-14 08:24:34,277 INFO: selected the voice protocol for use (xsalsa20_poly1305_lite)
2022-08-14 08:24:34,518 INFO: received secret key for voice connection
2022-08-14 08:24:35,176 INFO: wawa的n out 9又4分之8.7月台[123是什麼敷衍的名字]
2022-08-14 08:24:36,769 INFO: Preparing to terminate ffmpeg process 814.
2022-08-14 08:24:36,770 INFO: ffmpeg process 814 successfully terminated with return code of 0.
2022-08-14 08:24:38,823 INFO: Preparing to terminate ffmpeg process 824.
2022-08-14 08:24:38,825 INFO: ffmpeg process 824 successfully terminated with return code of 0.
2022-08-14 08:24:41,832 INFO: Preparing to terminate ffmpeg process 834.
2022-08-14 08:24:41,833 INFO: ffmpeg process 834 successfully terminated with return code of 0.
2022-08-14 08:24:42,858 INFO: The voice handshake is being terminated for Channel ID 728631391809437746 (Guild ID 428109526550708234)
2022-08-14 08:24:42,859 INFO: Disconnecting from voice normally, close code 1000.
2022-08-14 08:24:47,582 INFO: wawa的n in 9又4分之8.7月台[123是什麼敷衍的名字]
2022-08-14 08:24:47,691 INFO: Connecting to voice...
2022-08-14 08:24:47,691 INFO: Starting voice handshake... (connection attempt 1)
2022-08-14 08:24:47,942 INFO: Voice handshake complete. Endpoint found hongkong8134.discord.media
2022-08-14 08:24:49,123 INFO: selected the voice protocol for use (xsalsa20_poly1305_lite)
2022-08-14 08:24:49,355 INFO: received secret key for voice connection
2022-08-14 08:24:52,023 INFO: Preparing to terminate ffmpeg process 845.
2022-08-14 08:24:52,023 INFO: ffmpeg process 845 successfully terminated with return code of 0.
2022-08-14 08:24:54,677 INFO: Preparing to terminate ffmpeg process 855.
2022-08-14 08:24:54,678 INFO: ffmpeg process 855 successfully terminated with return code of 0.
2022-08-14 08:24:55,683 INFO: The voice handshake is being terminated for Channel ID 728631391809437746 (Guild ID 428109526550708234)
2022-08-14 08:24:55,684 INFO: Disconnecting from voice normally, close code 1000.
2022-08-14 08:25:56,150 INFO: BunnyplayGG in 9又4分之8.7月台[123是什麼敷衍的名字]
2022-08-14 08:25:56,227 INFO: Connecting to voice...
2022-08-14 08:25:56,227 INFO: Starting voice handshake... (connection attempt 1)
2022-08-14 08:25:57,153 INFO: Voice handshake complete. Endpoint found hongkong8134.discord.media
2022-08-14 08:25:58,369 INFO: selected the voice protocol for use (xsalsa20_poly1305_lite)
2022-08-14 08:25:58,617 INFO: received secret key for voice connection
2022-08-14 08:26:01,005 INFO: Preparing to terminate ffmpeg process 866.
2022-08-14 08:26:01,006 INFO: ffmpeg process 866 successfully terminated with return code of 0.
2022-08-14 08:26:04,402 INFO: Preparing to terminate ffmpeg process 876.
2022-08-14 08:26:04,403 INFO: ffmpeg process 876 successfully terminated with return code of 0.
2022-08-14 08:26:05,452 INFO: The voice handshake is being terminated for Channel ID 728631391809437746 (Guild ID 428109526550708234)
2022-08-14 08:26:05,452 INFO: Disconnecting from voice normally, close code 1000.
2022-08-14 08:28:02,910 INFO: KyrieR in 9又4分之8.7月台[123是什麼敷衍的名字]
2022-08-14 08:28:03,440 INFO: Connecting to voice...
2022-08-14 08:28:03,440 INFO: Starting voice handshake... (connection attempt 1)
2022-08-14 08:28:03,909 INFO: Voice handshake complete. Endpoint found hongkong8134.discord.media
2022-08-14 08:28:05,113 INFO: selected the voice protocol for use (xsalsa20_poly1305_lite)
2022-08-14 08:28:05,352 INFO: received secret key for voice connection
2022-08-14 08:28:07,439 INFO: Preparing to terminate ffmpeg process 887.
2022-08-14 08:28:07,440 INFO: ffmpeg process 887 successfully terminated with return code of 0.
2022-08-14 08:28:10,215 INFO: Preparing to terminate ffmpeg process 897.
2022-08-14 08:28:10,215 INFO: ffmpeg process 897 successfully terminated with return code of 0.
2022-08-14 08:28:11,288 INFO: The voice handshake is being terminated for Channel ID 728631391809437746 (Guild ID 428109526550708234)
2022-08-14 08:28:11,288 INFO: Disconnecting from voice normally, close code 1000.
2022-08-14 08:48:23,784 INFO: Got a request to RESUME the websocket.
2022-08-14 08:48:23,925 INFO: Shard ID None has sent the RESUME payload.
2022-08-14 08:48:23,948 INFO: Shard ID None has successfully RESUMED session 28dbaa2445abfe4f296e5f8bbc2af2c0 under trace ["gateway-prd-main-j290",{"micros":931,"calls":["id_created",{"micros":0,"calls":[]},"session_lookup_time",{"micros":366,"calls":[]},"session_lookup_finished",{"micros":17,"calls":[]},"discord-sessions-green-prd-2-155",{"micros":40}]}].
2022-08-14 09:00:25,562 INFO: Lexor in 9又4分之8.7月台[123是什麼敷衍的名字]
2022-08-14 09:00:25,642 INFO: Connecting to voice...
2022-08-14 09:00:25,642 INFO: Starting voice handshake... (connection attempt 1)
2022-08-14 09:00:26,496 INFO: Voice handshake complete. Endpoint found hongkong8134.discord.media
2022-08-14 09:00:27,681 INFO: selected the voice protocol for use (xsalsa20_poly1305_lite)
2022-08-14 09:00:27,916 INFO: received secret key for voice connection
2022-08-14 09:00:30,302 INFO: Preparing to terminate ffmpeg process 984.
2022-08-14 09:00:30,303 INFO: ffmpeg process 984 successfully terminated with return code of 0.
2022-08-14 09:00:32,479 INFO: Preparing to terminate ffmpeg process 994.
2022-08-14 09:00:32,480 INFO: ffmpeg process 994 successfully terminated with return code of 0.
2022-08-14 09:00:33,544 INFO: The voice handshake is being terminated for Channel ID 728631391809437746 (Guild ID 428109526550708234)
2022-08-14 09:00:33,544 INFO: Disconnecting from voice normally, close code 1000.
2022-08-14 09:10:53,813 INFO: wawa的n out 9又4分之8.7月台[123是什麼敷衍的名字]
2022-08-14 09:10:53,813 INFO: Connecting to voice...
2022-08-14 09:10:53,814 INFO: Starting voice handshake... (connection attempt 1)
2022-08-14 09:10:54,147 INFO: Voice handshake complete. Endpoint found hongkong8134.discord.media
2022-08-14 09:10:55,329 INFO: selected the voice protocol for use (xsalsa20_poly1305_lite)
2022-08-14 09:10:55,562 INFO: received secret key for voice connection
2022-08-14 09:10:57,555 INFO: Preparing to terminate ffmpeg process 1005.
2022-08-14 09:10:57,555 INFO: ffmpeg process 1005 successfully terminated with return code of 0.
2022-08-14 09:10:58,582 INFO: The voice handshake is being terminated for Channel ID 728631391809437746 (Guild ID 428109526550708234)
2022-08-14 09:10:58,583 INFO: Disconnecting from voice normally, close code 1000.
2022-08-14 09:12:31,536 INFO: BunnyplayGG out 9又4分之8.7月台[123是什麼敷衍的名字]
2022-08-14 09:12:31,536 INFO: Connecting to voice...
2022-08-14 09:12:31,536 INFO: Starting voice handshake... (connection attempt 1)
2022-08-14 09:12:32,490 INFO: Voice handshake complete. Endpoint found hongkong8134.discord.media
2022-08-14 09:12:33,744 INFO: selected the voice protocol for use (xsalsa20_poly1305_lite)
2022-08-14 09:12:33,995 INFO: received secret key for voice connection
2022-08-14 09:12:36,361 INFO: Preparing to terminate ffmpeg process 1016.
2022-08-14 09:12:36,362 INFO: ffmpeg process 1016 successfully terminated with return code of 0.
2022-08-14 09:12:37,409 INFO: The voice handshake is being terminated for Channel ID 728631391809437746 (Guild ID 428109526550708234)
2022-08-14 09:12:37,410 INFO: Disconnecting from voice normally, close code 1000.
2022-08-14 09:50:26,820 INFO: SparkleZ out 9又4分之8.7月台[123是什麼敷衍的名字]
2022-08-14 09:50:26,821 INFO: Connecting to voice...
2022-08-14 09:50:26,821 INFO: Starting voice handshake... (connection attempt 1)
2022-08-14 09:50:27,739 INFO: Voice handshake complete. Endpoint found hongkong8134.discord.media
2022-08-14 09:50:28,949 INFO: selected the voice protocol for use (xsalsa20_poly1305_lite)
2022-08-14 09:50:29,189 INFO: received secret key for voice connection
2022-08-14 09:50:31,177 INFO: Preparing to terminate ffmpeg process 1100.
2022-08-14 09:50:31,177 INFO: ffmpeg process 1100 successfully terminated with return code of 0.
2022-08-14 09:50:32,205 INFO: The voice handshake is being terminated for Channel ID 728631391809437746 (Guild ID 428109526550708234)
2022-08-14 09:50:32,206 INFO: Disconnecting from voice normally, close code 1000.
2022-08-14 10:25:00,034 INFO: DADA的DIAO out 9又4分之8.7月台[123是什麼敷衍的名字]
2022-08-14 10:25:00,034 INFO: Connecting to voice...
2022-08-14 10:25:00,034 INFO: Starting voice handshake... (connection attempt 1)
2022-08-14 10:25:00,442 INFO: KyrieR out 9又4分之8.7月台[123是什麼敷衍的名字]
2022-08-14 10:25:00,985 INFO: Voice handshake complete. Endpoint found hongkong8134.discord.media
2022-08-14 10:25:02,162 INFO: selected the voice protocol for use (xsalsa20_poly1305_lite)
2022-08-14 10:25:02,393 INFO: received secret key for voice connection
2022-08-14 10:25:04,479 INFO: Preparing to terminate ffmpeg process 1163.
2022-08-14 10:25:04,480 INFO: ffmpeg process 1163 successfully terminated with return code of 0.
2022-08-14 10:25:07,312 INFO: Preparing to terminate ffmpeg process 1173.
2022-08-14 10:25:07,312 INFO: ffmpeg process 1173 successfully terminated with return code of 0.
2022-08-14 10:25:08,319 INFO: The voice handshake is being terminated for Channel ID 728631391809437746 (Guild ID 428109526550708234)
2022-08-14 10:25:08,320 INFO: Disconnecting from voice normally, close code 1000.
2022-08-14 10:31:10,438 INFO: 不偷家的飄飄大仙 out 9又4分之8.7月台[123是什麼敷衍的名字]
2022-08-14 10:31:10,439 INFO: Connecting to voice...
2022-08-14 10:31:10,439 INFO: Starting voice handshake... (connection attempt 1)
2022-08-14 10:31:10,737 INFO: Voice handshake complete. Endpoint found hongkong8134.discord.media
2022-08-14 10:31:11,946 INFO: selected the voice protocol for use (xsalsa20_poly1305_lite)
2022-08-14 10:31:12,185 INFO: received secret key for voice connection
2022-08-14 10:31:15,073 INFO: Preparing to terminate ffmpeg process 1202.
2022-08-14 10:31:15,073 INFO: ffmpeg process 1202 successfully terminated with return code of 0.
2022-08-14 10:31:16,102 INFO: The voice handshake is being terminated for Channel ID 728631391809437746 (Guild ID 428109526550708234)
2022-08-14 10:31:16,103 INFO: Disconnecting from voice normally, close code 1000.
2022-08-14 10:38:07,754 INFO: Got a request to RESUME the websocket.
2022-08-14 10:38:07,889 INFO: Shard ID None has sent the RESUME payload.
2022-08-14 10:38:07,911 INFO: Shard ID None has successfully RESUMED session 28dbaa2445abfe4f296e5f8bbc2af2c0 under trace ["gateway-prd-main-77k6",{"micros":477,"calls":["id_created",{"micros":0,"calls":[]},"session_lookup_time",{"micros":185,"calls":[]},"session_lookup_finished",{"micros":13,"calls":[]},"discord-sessions-green-prd-2-155",{"micros":17}]}].
2022-08-14 11:04:28,623 INFO: MaiMai的Pool out 9又4分之8.7月台[123是什麼敷衍的名字]
2022-08-14 11:04:28,624 INFO: Connecting to voice...
2022-08-14 11:04:28,624 INFO: Starting voice handshake... (connection attempt 1)
2022-08-14 11:04:29,539 INFO: Voice handshake complete. Endpoint found hongkong8134.discord.media
2022-08-14 11:04:29,812 INFO: Lexor out 9又4分之8.7月台[123是什麼敷衍的名字]
2022-08-14 11:04:30,747 INFO: selected the voice protocol for use (xsalsa20_poly1305_lite)
2022-08-14 11:04:30,986 INFO: received secret key for voice connection
2022-08-14 11:04:33,099 INFO: Preparing to terminate ffmpeg process 1247.
2022-08-14 11:04:33,100 INFO: ffmpeg process 1247 successfully terminated with return code of 0.
2022-08-14 11:04:35,792 INFO: Preparing to terminate ffmpeg process 1257.
2022-08-14 11:04:35,793 INFO: ffmpeg process 1257 successfully terminated with return code of 0.
2022-08-14 11:04:36,820 INFO: The voice handshake is being terminated for Channel ID 728631391809437746 (Guild ID 428109526550708234)
2022-08-14 11:04:36,821 INFO: Disconnecting from voice normally, close code 1000.
2022-08-14 11:47:18,606 INFO: 不偷家的飄飄大仙 in 9又4分之8.7月台[123是什麼敷衍的名字]
2022-08-14 11:47:18,647 INFO: Connecting to voice...
2022-08-14 11:47:18,648 INFO: Starting voice handshake... (connection attempt 1)
2022-08-14 11:47:19,279 INFO: Voice handshake complete. Endpoint found hongkong2019.discord.media
2022-08-14 11:47:19,487 ERROR: Exception occurred during Voice Protocol voice server update handler
Traceback (most recent call last):
  File "/opt/virtualenvs/python3/lib/python3.8/site-packages/discord/state.py", line 102, in logging_coroutine
    await coroutine
  File "/opt/virtualenvs/python3/lib/python3.8/site-packages/discord/voice_client.py", line 295, in on_voice_server_update
    await self.ws.close(4000)
AttributeError: 'NoneType' object has no attribute 'close'
2022-08-14 11:47:20,499 INFO: selected the voice protocol for use (xsalsa20_poly1305_lite)
2022-08-14 11:47:20,743 INFO: received secret key for voice connection
2022-08-14 11:47:23,811 INFO: Preparing to terminate ffmpeg process 1339.
2022-08-14 11:47:23,812 INFO: ffmpeg process 1339 successfully terminated with return code of 0.
2022-08-14 11:47:26,611 INFO: Preparing to terminate ffmpeg process 1349.
2022-08-14 11:47:26,612 INFO: ffmpeg process 1349 successfully terminated with return code of 0.
2022-08-14 11:47:27,680 INFO: The voice handshake is being terminated for Channel ID 728631391809437746 (Guild ID 428109526550708234)
2022-08-14 11:47:27,681 INFO: Disconnecting from voice normally, close code 1000.
2022-08-14 13:27:18,528 INFO: Chi in 9又4分之8.7月台[123是什麼敷衍的名字]
2022-08-14 13:27:18,719 INFO: Connecting to voice...
2022-08-14 13:27:18,719 INFO: Starting voice handshake... (connection attempt 1)
2022-08-14 13:27:19,424 INFO: Voice handshake complete. Endpoint found hongkong2019.discord.media
2022-08-14 13:27:20,638 INFO: selected the voice protocol for use (xsalsa20_poly1305_lite)
2022-08-14 13:27:20,881 INFO: received secret key for voice connection
2022-08-14 13:27:22,549 INFO: Preparing to terminate ffmpeg process 1504.
2022-08-14 13:27:22,550 INFO: ffmpeg process 1504 successfully terminated with return code of 0.
2022-08-14 13:27:24,660 INFO: Preparing to terminate ffmpeg process 1514.
2022-08-14 13:27:24,661 INFO: ffmpeg process 1514 successfully terminated with return code of 0.
2022-08-14 13:27:25,705 INFO: The voice handshake is being terminated for Channel ID 728631391809437746 (Guild ID 428109526550708234)
2022-08-14 13:27:25,706 INFO: Disconnecting from voice normally, close code 1000.
2022-08-14 13:49:35,507 INFO: MaiMai的Pool in 9又4分之8.7月台[123是什麼敷衍的名字]
2022-08-14 13:49:35,596 INFO: Connecting to voice...
2022-08-14 13:49:35,596 INFO: Starting voice handshake... (connection attempt 1)
2022-08-14 13:49:36,439 INFO: Voice handshake complete. Endpoint found hongkong2019.discord.media
2022-08-14 13:49:37,649 INFO: selected the voice protocol for use (xsalsa20_poly1305_lite)
2022-08-14 13:49:37,890 INFO: received secret key for voice connection
2022-08-14 13:49:40,677 INFO: Preparing to terminate ffmpeg process 1561.
2022-08-14 13:49:40,677 INFO: ffmpeg process 1561 successfully terminated with return code of 0.
2022-08-14 13:49:41,088 INFO: wawa的n in 9又4分之8.7月台[123是什麼敷衍的名字]
2022-08-14 13:49:42,694 INFO: Preparing to terminate ffmpeg process 1571.
2022-08-14 13:49:42,694 INFO: ffmpeg process 1571 successfully terminated with return code of 0.
2022-08-14 13:49:45,864 INFO: Preparing to terminate ffmpeg process 1581.
2022-08-14 13:49:45,864 INFO: ffmpeg process 1581 successfully terminated with return code of 0.
2022-08-14 13:49:48,222 INFO: Preparing to terminate ffmpeg process 1591.
2022-08-14 13:49:48,223 INFO: ffmpeg process 1591 successfully terminated with return code of 0.
2022-08-14 13:49:49,247 INFO: The voice handshake is being terminated for Channel ID 728631391809437746 (Guild ID 428109526550708234)
2022-08-14 13:49:49,248 INFO: Disconnecting from voice normally, close code 1000.
2022-08-14 13:53:54,279 INFO: BunnyplayGG in 9又4分之8.7月台[123是什麼敷衍的名字]
2022-08-14 13:53:54,395 INFO: Connecting to voice...
2022-08-14 13:53:54,395 INFO: Starting voice handshake... (connection attempt 1)
2022-08-14 13:53:55,200 INFO: Voice handshake complete. Endpoint found hongkong2019.discord.media
2022-08-14 13:53:56,391 INFO: selected the voice protocol for use (xsalsa20_poly1305_lite)
2022-08-14 13:53:56,624 INFO: received secret key for voice connection
2022-08-14 13:53:59,019 INFO: Preparing to terminate ffmpeg process 1602.
2022-08-14 13:53:59,019 INFO: ffmpeg process 1602 successfully terminated with return code of 0.
2022-08-14 13:54:01,194 INFO: Preparing to terminate ffmpeg process 1612.
2022-08-14 13:54:01,195 INFO: ffmpeg process 1612 successfully terminated with return code of 0.
2022-08-14 13:54:02,259 INFO: The voice handshake is being terminated for Channel ID 728631391809437746 (Guild ID 428109526550708234)
2022-08-14 13:54:02,259 INFO: Disconnecting from voice normally, close code 1000.
2022-08-14 13:55:07,597 INFO: DADA的DIAO in 9又4分之8.7月台[123是什麼敷衍的名字]
2022-08-14 13:55:07,682 INFO: Connecting to voice...
2022-08-14 13:55:07,682 INFO: Starting voice handshake... (connection attempt 1)
2022-08-14 13:55:08,417 INFO: Voice handshake complete. Endpoint found hongkong2019.discord.media
2022-08-14 13:55:09,605 INFO: selected the voice protocol for use (xsalsa20_poly1305_lite)
2022-08-14 13:55:09,839 INFO: received secret key for voice connection
2022-08-14 13:55:12,087 INFO: Preparing to terminate ffmpeg process 1623.
2022-08-14 13:55:12,088 INFO: ffmpeg process 1623 successfully terminated with return code of 0.
2022-08-14 13:55:14,146 INFO: Preparing to terminate ffmpeg process 1633.
2022-08-14 13:55:14,147 INFO: ffmpeg process 1633 successfully terminated with return code of 0.
2022-08-14 13:55:15,170 INFO: The voice handshake is being terminated for Channel ID 728631391809437746 (Guild ID 428109526550708234)
2022-08-14 13:55:15,171 INFO: Disconnecting from voice normally, close code 1000.
2022-08-14 14:03:21,707 INFO: Connecting to voice...
2022-08-14 14:03:21,707 INFO: Starting voice handshake... (connection attempt 1)
2022-08-14 14:03:22,521 INFO: Voice handshake complete. Endpoint found hongkong4316.discord.media
2022-08-14 14:03:22,729 ERROR: Exception occurred during Voice Protocol voice server update handler
Traceback (most recent call last):
  File "/opt/virtualenvs/python3/lib/python3.8/site-packages/discord/state.py", line 102, in logging_coroutine
    await coroutine
  File "/opt/virtualenvs/python3/lib/python3.8/site-packages/discord/voice_client.py", line 295, in on_voice_server_update
    await self.ws.close(4000)
AttributeError: 'NoneType' object has no attribute 'close'
2022-08-14 14:03:23,725 INFO: selected the voice protocol for use (xsalsa20_poly1305_lite)
2022-08-14 14:03:23,964 INFO: received secret key for voice connection
2022-08-14 14:03:25,123 INFO: SparkleZ in 9又4分之8.7月台[123是什麼敷衍的名字]
2022-08-14 14:03:29,314 INFO: Preparing to terminate ffmpeg process 1681.
2022-08-14 14:03:29,317 INFO: ffmpeg process 1681 successfully terminated with return code of 0.
2022-08-14 14:03:30,320 INFO: The voice handshake is being terminated for Channel ID 1008375280173330483 (Guild ID 428109526550708234)
2022-08-14 14:03:30,321 INFO: Connecting to voice...
2022-08-14 14:03:30,321 INFO: Starting voice handshake... (connection attempt 1)
2022-08-14 14:03:30,322 INFO: Disconnecting from voice normally, close code 1000.
2022-08-14 14:03:30,597 INFO: Voice handshake complete. Endpoint found hongkong2019.discord.media
2022-08-14 14:03:31,811 INFO: selected the voice protocol for use (xsalsa20_poly1305_lite)
2022-08-14 14:03:32,053 INFO: received secret key for voice connection
2022-08-14 14:03:34,563 INFO: Preparing to terminate ffmpeg process 1692.
2022-08-14 14:03:34,563 INFO: ffmpeg process 1692 successfully terminated with return code of 0.
2022-08-14 14:03:36,560 INFO: Preparing to terminate ffmpeg process 1702.
2022-08-14 14:03:36,560 INFO: ffmpeg process 1702 successfully terminated with return code of 0.
2022-08-14 14:03:37,584 INFO: The voice handshake is being terminated for Channel ID 728631391809437746 (Guild ID 428109526550708234)
2022-08-14 14:03:37,585 INFO: Disconnecting from voice normally, close code 1000.
2022-08-14 14:15:20,841 INFO: wawa的n out 9又4分之8.7月台[123是什麼敷衍的名字]
2022-08-14 14:15:20,842 INFO: Connecting to voice...
2022-08-14 14:15:20,842 INFO: Starting voice handshake... (connection attempt 1)
2022-08-14 14:15:21,569 INFO: Voice handshake complete. Endpoint found hongkong2019.discord.media
2022-08-14 14:15:22,786 INFO: selected the voice protocol for use (xsalsa20_poly1305_lite)
2022-08-14 14:15:23,028 INFO: received secret key for voice connection
2022-08-14 14:15:25,016 INFO: Preparing to terminate ffmpeg process 1731.
2022-08-14 14:15:25,016 INFO: ffmpeg process 1731 successfully terminated with return code of 0.
2022-08-14 14:15:26,044 INFO: The voice handshake is being terminated for Channel ID 728631391809437746 (Guild ID 428109526550708234)
2022-08-14 14:15:26,044 INFO: Disconnecting from voice normally, close code 1000.
2022-08-14 14:16:13,742 INFO: wawa的n in 9又4分之8.7月台[123是什麼敷衍的名字]
2022-08-14 14:16:13,876 INFO: Connecting to voice...
2022-08-14 14:16:13,876 INFO: Starting voice handshake... (connection attempt 1)
2022-08-14 14:16:14,112 INFO: Voice handshake complete. Endpoint found hongkong2019.discord.media
2022-08-14 14:16:15,299 INFO: selected the voice protocol for use (xsalsa20_poly1305_lite)
2022-08-14 14:16:15,531 INFO: received secret key for voice connection
2022-08-14 14:16:17,678 INFO: Preparing to terminate ffmpeg process 1742.
2022-08-14 14:16:17,680 INFO: ffmpeg process 1742 successfully terminated with return code of 0.
2022-08-14 14:16:20,576 INFO: Preparing to terminate ffmpeg process 1752.
2022-08-14 14:16:20,577 INFO: ffmpeg process 1752 successfully terminated with return code of 0.
2022-08-14 14:16:21,665 INFO: The voice handshake is being terminated for Channel ID 728631391809437746 (Guild ID 428109526550708234)
2022-08-14 14:16:21,666 INFO: Disconnecting from voice normally, close code 1000.
2022-08-14 14:20:28,538 INFO: Got a request to RESUME the websocket.
2022-08-14 14:20:28,700 INFO: Shard ID None has sent the RESUME payload.
2022-08-14 14:20:28,723 INFO: Shard ID None has successfully RESUMED session 28dbaa2445abfe4f296e5f8bbc2af2c0 under trace ["gateway-prd-main-d6z8",{"micros":892,"calls":["id_created",{"micros":0,"calls":[]},"session_lookup_time",{"micros":427,"calls":[]},"session_lookup_finished",{"micros":20,"calls":[]},"discord-sessions-green-prd-2-155",{"micros":42}]}].
2022-08-14 14:36:07,830 INFO: Fiven-chung in 9又4分之8.7月台[123是什麼敷衍的名字]
2022-08-14 14:36:07,916 INFO: Connecting to voice...
2022-08-14 14:36:07,916 INFO: Starting voice handshake... (connection attempt 1)
2022-08-14 14:36:08,728 INFO: Voice handshake complete. Endpoint found hongkong2019.discord.media
2022-08-14 14:36:09,941 INFO: selected the voice protocol for use (xsalsa20_poly1305_lite)
2022-08-14 14:36:10,181 INFO: received secret key for voice connection
2022-08-14 14:36:12,570 INFO: Preparing to terminate ffmpeg process 1780.
2022-08-14 14:36:12,570 INFO: ffmpeg process 1780 successfully terminated with return code of 0.
2022-08-14 14:36:14,889 INFO: Preparing to terminate ffmpeg process 1790.
2022-08-14 14:36:14,889 INFO: ffmpeg process 1790 successfully terminated with return code of 0.
2022-08-14 14:36:15,914 INFO: The voice handshake is being terminated for Channel ID 728631391809437746 (Guild ID 428109526550708234)
2022-08-14 14:36:15,915 INFO: Disconnecting from voice normally, close code 1000.
2022-08-14 14:40:45,698 INFO: Lexor in 9又4分之8.7月台[123是什麼敷衍的名字]
2022-08-14 14:40:45,740 INFO: Connecting to voice...
2022-08-14 14:40:45,740 INFO: Starting voice handshake... (connection attempt 1)
2022-08-14 14:40:46,656 INFO: Voice handshake complete. Endpoint found hongkong2019.discord.media
2022-08-14 14:40:47,844 INFO: selected the voice protocol for use (xsalsa20_poly1305_lite)
2022-08-14 14:40:48,077 INFO: received secret key for voice connection
2022-08-14 14:40:50,472 INFO: Preparing to terminate ffmpeg process 1801.
2022-08-14 14:40:50,473 INFO: ffmpeg process 1801 successfully terminated with return code of 0.
2022-08-14 14:40:52,467 INFO: Preparing to terminate ffmpeg process 1811.
2022-08-14 14:40:52,468 INFO: ffmpeg process 1811 successfully terminated with return code of 0.
2022-08-14 14:40:53,510 INFO: The voice handshake is being terminated for Channel ID 728631391809437746 (Guild ID 428109526550708234)
2022-08-14 14:40:53,510 INFO: Disconnecting from voice normally, close code 1000.
2022-08-14 15:04:13,225 INFO: wawa的n out 9又4分之8.7月台[123是什麼敷衍的名字]
2022-08-14 15:04:13,226 INFO: Connecting to voice...
2022-08-14 15:04:13,226 INFO: Starting voice handshake... (connection attempt 1)
2022-08-14 15:04:13,490 INFO: Voice handshake complete. Endpoint found hongkong2019.discord.media
2022-08-14 15:04:14,760 INFO: selected the voice protocol for use (xsalsa20_poly1305_lite)
2022-08-14 15:04:15,012 INFO: received secret key for voice connection
2022-08-14 15:04:17,001 INFO: Preparing to terminate ffmpeg process 1877.
2022-08-14 15:04:17,001 INFO: ffmpeg process 1877 successfully terminated with return code of 0.
2022-08-14 15:04:18,030 INFO: The voice handshake is being terminated for Channel ID 728631391809437746 (Guild ID 428109526550708234)
2022-08-14 15:04:18,031 INFO: Disconnecting from voice normally, close code 1000.
2022-08-14 15:05:28,480 INFO: wawa的n in 9又4分之8.7月台[123是什麼敷衍的名字]
2022-08-14 15:05:28,571 INFO: Connecting to voice...
2022-08-14 15:05:28,571 INFO: Starting voice handshake... (connection attempt 1)
2022-08-14 15:05:29,333 INFO: Voice handshake complete. Endpoint found hongkong2019.discord.media
2022-08-14 15:05:30,547 INFO: selected the voice protocol for use (xsalsa20_poly1305_lite)
2022-08-14 15:05:30,786 INFO: received secret key for voice connection
2022-08-14 15:05:32,934 INFO: Preparing to terminate ffmpeg process 1888.
2022-08-14 15:05:32,935 INFO: ffmpeg process 1888 successfully terminated with return code of 0.
2022-08-14 15:05:34,995 INFO: Preparing to terminate ffmpeg process 1898.
2022-08-14 15:05:34,997 INFO: ffmpeg process 1898 successfully terminated with return code of 0.
2022-08-14 15:05:36,018 INFO: The voice handshake is being terminated for Channel ID 728631391809437746 (Guild ID 428109526550708234)
2022-08-14 15:05:36,019 INFO: Disconnecting from voice normally, close code 1000.
2022-08-14 15:34:08,788 INFO: SparkleZ out 9又4分之8.7月台[123是什麼敷衍的名字]
2022-08-14 15:34:08,788 INFO: Connecting to voice...
2022-08-14 15:34:08,788 INFO: Starting voice handshake... (connection attempt 1)
2022-08-14 15:34:09,702 INFO: Voice handshake complete. Endpoint found hongkong2019.discord.media
2022-08-14 15:34:10,943 INFO: selected the voice protocol for use (xsalsa20_poly1305_lite)
2022-08-14 15:34:11,190 INFO: received secret key for voice connection
2022-08-14 15:34:13,180 INFO: Preparing to terminate ffmpeg process 1945.
2022-08-14 15:34:13,180 INFO: ffmpeg process 1945 successfully terminated with return code of 0.
2022-08-14 15:34:14,209 INFO: The voice handshake is being terminated for Channel ID 728631391809437746 (Guild ID 428109526550708234)
2022-08-14 15:34:14,209 INFO: Disconnecting from voice normally, close code 1000.
2022-08-14 15:49:43,200 INFO: Got a request to RESUME the websocket.
2022-08-14 15:49:43,344 INFO: Shard ID None has sent the RESUME payload.
2022-08-14 15:49:43,375 INFO: Shard ID None has successfully RESUMED session 28dbaa2445abfe4f296e5f8bbc2af2c0 under trace ["gateway-prd-main-1b97",{"micros":5487,"calls":["id_created",{"micros":0,"calls":[]},"session_lookup_time",{"micros":2113,"calls":[]},"session_lookup_finished",{"micros":18,"calls":[]},"discord-sessions-green-prd-2-155",{"micros":22}]}].
2022-08-14 16:15:21,713 INFO: BunnyplayGG out 9又4分之8.7月台[123是什麼敷衍的名字]
2022-08-14 16:15:21,713 INFO: Connecting to voice...
2022-08-14 16:15:21,713 INFO: Starting voice handshake... (connection attempt 1)
2022-08-14 16:15:22,588 INFO: Voice handshake complete. Endpoint found hongkong2019.discord.media
2022-08-14 16:15:23,768 INFO: selected the voice protocol for use (xsalsa20_poly1305_lite)
2022-08-14 16:15:24,002 INFO: received secret key for voice connection
2022-08-14 16:15:26,374 INFO: Preparing to terminate ffmpeg process 2029.
2022-08-14 16:15:26,376 INFO: ffmpeg process 2029 successfully terminated with return code of 0.
2022-08-14 16:15:27,429 INFO: The voice handshake is being terminated for Channel ID 728631391809437746 (Guild ID 428109526550708234)
2022-08-14 16:15:27,430 INFO: Disconnecting from voice normally, close code 1000.
2022-08-14 16:17:28,289 INFO: 不偷家的飄飄大仙 out 9又4分之8.7月台[123是什麼敷衍的名字]
2022-08-14 16:17:28,289 INFO: Connecting to voice...
2022-08-14 16:17:28,289 INFO: Starting voice handshake... (connection attempt 1)
2022-08-14 16:17:29,187 INFO: Voice handshake complete. Endpoint found hongkong2019.discord.media
2022-08-14 16:17:30,389 INFO: selected the voice protocol for use (xsalsa20_poly1305_lite)
2022-08-14 16:17:30,625 INFO: received secret key for voice connection
2022-08-14 16:17:33,517 INFO: Preparing to terminate ffmpeg process 2040.
2022-08-14 16:17:33,518 INFO: ffmpeg process 2040 successfully terminated with return code of 0.
2022-08-14 16:17:34,563 INFO: The voice handshake is being terminated for Channel ID 728631391809437746 (Guild ID 428109526550708234)
2022-08-14 16:17:34,564 INFO: Disconnecting from voice normally, close code 1000.
2022-08-14 16:20:20,424 INFO: Chi out 9又4分之8.7月台[123是什麼敷衍的名字]
2022-08-14 16:20:20,425 INFO: Connecting to voice...
2022-08-14 16:20:20,425 INFO: Starting voice handshake... (connection attempt 1)
2022-08-14 16:20:21,364 INFO: Voice handshake complete. Endpoint found hongkong2019.discord.media
2022-08-14 16:20:22,562 INFO: selected the voice protocol for use (xsalsa20_poly1305_lite)
2022-08-14 16:20:22,795 INFO: received secret key for voice connection
2022-08-14 16:20:24,363 INFO: Preparing to terminate ffmpeg process 2051.
2022-08-14 16:20:24,364 INFO: ffmpeg process 2051 successfully terminated with return code of 0.
2022-08-14 16:20:25,411 INFO: The voice handshake is being terminated for Channel ID 728631391809437746 (Guild ID 428109526550708234)
2022-08-14 16:20:25,411 INFO: Disconnecting from voice normally, close code 1000.
2022-08-14 16:20:30,959 INFO: Fiven-chung out 9又4分之8.7月台[123是什麼敷衍的名字]
2022-08-14 16:20:30,959 INFO: Connecting to voice...
2022-08-14 16:20:30,959 INFO: Starting voice handshake... (connection attempt 1)
2022-08-14 16:20:31,354 INFO: Voice handshake complete. Endpoint found hongkong2019.discord.media
2022-08-14 16:20:32,529 INFO: selected the voice protocol for use (xsalsa20_poly1305_lite)
2022-08-14 16:20:32,762 INFO: received secret key for voice connection
2022-08-14 16:20:34,692 INFO: Preparing to terminate ffmpeg process 2062.
2022-08-14 16:20:34,693 INFO: ffmpeg process 2062 successfully terminated with return code of 0.
2022-08-14 16:20:35,780 INFO: The voice handshake is being terminated for Channel ID 728631391809437746 (Guild ID 428109526550708234)
2022-08-14 16:20:35,780 INFO: Disconnecting from voice normally, close code 1000.
2022-08-14 16:33:55,117 INFO: DADA的DIAO out 9又4分之8.7月台[123是什麼敷衍的名字]
2022-08-14 16:33:55,118 INFO: Connecting to voice...
2022-08-14 16:33:55,118 INFO: Starting voice handshake... (connection attempt 1)
2022-08-14 16:33:56,035 INFO: Voice handshake complete. Endpoint found hongkong2019.discord.media
2022-08-14 16:33:56,734 INFO: wawa的n out 9又4分之8.7月台[123是什麼敷衍的名字]
2022-08-14 16:33:57,209 INFO: selected the voice protocol for use (xsalsa20_poly1305_lite)
2022-08-14 16:33:57,439 INFO: received secret key for voice connection
2022-08-14 16:33:59,282 INFO: Lexor out 9又4分之8.7月台[123是什麼敷衍的名字]
2022-08-14 16:33:59,526 INFO: Preparing to terminate ffmpeg process 2091.
2022-08-14 16:33:59,527 INFO: ffmpeg process 2091 successfully terminated with return code of 0.
2022-08-14 16:34:02,574 INFO: Preparing to terminate ffmpeg process 2101.
2022-08-14 16:34:02,575 INFO: ffmpeg process 2101 successfully terminated with return code of 0.
2022-08-14 16:34:05,290 INFO: Preparing to terminate ffmpeg process 2111.
2022-08-14 16:34:05,291 INFO: ffmpeg process 2111 successfully terminated with return code of 0.
2022-08-14 16:34:06,317 INFO: The voice handshake is being terminated for Channel ID 728631391809437746 (Guild ID 428109526550708234)
2022-08-14 16:34:06,318 INFO: Disconnecting from voice normally, close code 1000.
