2022-11-13 18:26:11,364 INFO: logging in using static token
2022-11-13 18:26:11,779 INFO: Shard ID None has connected to Gateway (Session ID: fb47e7e5018d0c05c58664d4413f09fe).
2022-11-13 18:26:13,786 INFO: 目前登入身份：神奇海螺#3847
2022-11-13 19:06:48,646 INFO: logging in using static token
2022-11-13 19:06:49,263 INFO: Shard ID None has connected to Gateway (Session ID: a051409d3106c6364d386ef5972d2e10).
2022-11-13 19:06:51,283 INFO: 目前登入身份：神奇海螺#3847
2022-11-13 20:43:43,402 INFO: Shard ID None has successfully RESUMED session a051409d3106c6364d386ef5972d2e10.
2022-11-13 23:28:58,345 INFO: Shard ID None has successfully RESUMED session a051409d3106c6364d386ef5972d2e10.
2022-11-14 00:36:19,185 INFO: Shard ID None has successfully RESUMED session a051409d3106c6364d386ef5972d2e10.
2022-11-14 01:28:23,827 INFO: Shard ID None has successfully RESUMED session a051409d3106c6364d386ef5972d2e10.
2022-11-14 04:10:22,064 INFO: Shard ID None has successfully RESUMED session a051409d3106c6364d386ef5972d2e10.
2022-11-14 06:54:31,580 INFO: Shard ID None has successfully RESUMED session a051409d3106c6364d386ef5972d2e10.
2022-11-14 09:32:02,686 INFO: Shard ID None has successfully RESUMED session a051409d3106c6364d386ef5972d2e10.
2022-11-14 11:10:05,093 INFO: Shard ID None has successfully RESUMED session a051409d3106c6364d386ef5972d2e10.
2022-11-14 13:28:11,913 INFO: SparkleZ in 9又4分之8.7月台[123是什麼敷衍的名字]
2022-11-14 13:28:12,056 INFO: Connecting to voice...
2022-11-14 13:28:12,057 INFO: Starting voice handshake... (connection attempt 1)
2022-11-14 13:28:12,380 INFO: Voice handshake complete. Endpoint found hongkong7737.discord.media
2022-11-14 13:28:15,427 INFO: ffmpeg process 2089 successfully terminated with return code of 0.
2022-11-14 13:28:17,725 INFO: ffmpeg process 2100 successfully terminated with return code of 0.
2022-11-14 13:28:18,081 INFO: 貓嗷嗚飄飄大仙 in 9又4分之8.7月台[123是什麼敷衍的名字]
2022-11-14 13:28:21,497 INFO: ffmpeg process 2110 successfully terminated with return code of 0.
2022-11-14 13:28:24,020 INFO: ffmpeg process 2120 successfully terminated with return code of 0.
2022-11-14 13:28:25,106 INFO: The voice handshake is being terminated for Channel ID 728631391809437746 (Guild ID 428109526550708234)
2022-11-14 13:28:25,107 INFO: Disconnecting from voice normally, close code 1000.
2022-11-14 14:09:33,540 INFO: Chi in 9又4分之8.7月台[123是什麼敷衍的名字]
2022-11-14 14:09:33,635 INFO: Connecting to voice...
2022-11-14 14:09:33,635 INFO: Starting voice handshake... (connection attempt 1)
2022-11-14 14:09:33,985 INFO: Voice handshake complete. Endpoint found hongkong7737.discord.media
2022-11-14 14:09:36,694 INFO: ffmpeg process 2185 successfully terminated with return code of 0.
2022-11-14 14:09:38,889 INFO: ffmpeg process 2195 successfully terminated with return code of 0.
2022-11-14 14:09:39,954 INFO: The voice handshake is being terminated for Channel ID 728631391809437746 (Guild ID 428109526550708234)
2022-11-14 14:09:39,955 INFO: Disconnecting from voice normally, close code 1000.
2022-11-14 14:09:42,111 INFO: BunnyplayGG in 9又4分之8.7月台[123是什麼敷衍的名字]
2022-11-14 14:09:42,251 INFO: Connecting to voice...
2022-11-14 14:09:42,251 INFO: Starting voice handshake... (connection attempt 1)
2022-11-14 14:09:42,571 INFO: Voice handshake complete. Endpoint found hongkong7737.discord.media
2022-11-14 14:09:45,779 INFO: Fiven-chung in 9又4分之8.7月台[123是什麼敷衍的名字]
2022-11-14 14:09:45,986 INFO: ffmpeg process 2206 successfully terminated with return code of 0.
2022-11-14 14:09:48,670 INFO: ffmpeg process 2216 successfully terminated with return code of 0.
2022-11-14 14:09:51,604 INFO: ffmpeg process 2226 successfully terminated with return code of 0.
2022-11-14 14:09:53,798 INFO: ffmpeg process 2236 successfully terminated with return code of 0.
2022-11-14 14:09:54,863 INFO: The voice handshake is being terminated for Channel ID 728631391809437746 (Guild ID 428109526550708234)
2022-11-14 14:09:54,864 INFO: Disconnecting from voice normally, close code 1000.
2022-11-14 14:11:42,629 INFO: 貓嗷嗚飄飄大仙 in 9又4分之8.7月台[打不出幹話就講出來啊]
2022-11-14 14:11:42,754 INFO: Connecting to voice...
2022-11-14 14:11:42,754 INFO: Starting voice handshake... (connection attempt 1)
2022-11-14 14:11:43,077 INFO: Voice handshake complete. Endpoint found hongkong1310.discord.media
2022-11-14 14:11:44,910 INFO: SparkleZ in 9又4分之8.7月台[打不出幹話就講出來啊]
2022-11-14 14:11:46,860 INFO: ffmpeg process 2247 successfully terminated with return code of 0.
2022-11-14 14:11:47,236 INFO: MaiMai的Pool in 9又4分之8.7月台[123是什麼敷衍的名字]
2022-11-14 14:11:49,219 INFO: ffmpeg process 2257 successfully terminated with return code of 0.
2022-11-14 14:11:52,775 INFO: ffmpeg process 2267 successfully terminated with return code of 0.
2022-11-14 14:11:55,336 INFO: ffmpeg process 2277 successfully terminated with return code of 0.
2022-11-14 14:11:56,404 INFO: The voice handshake is being terminated for Channel ID 428109526550708238 (Guild ID 428109526550708234)
2022-11-14 14:11:56,404 INFO: Connecting to voice...
2022-11-14 14:11:56,404 INFO: Starting voice handshake... (connection attempt 1)
2022-11-14 14:11:56,405 INFO: Disconnecting from voice normally, close code 1000.
2022-11-14 14:11:56,754 INFO: Voice handshake complete. Endpoint found hongkong7737.discord.media
2022-11-14 14:12:00,588 INFO: ffmpeg process 2288 successfully terminated with return code of 0.
2022-11-14 14:12:03,610 INFO: ffmpeg process 2298 successfully terminated with return code of 0.
2022-11-14 14:12:04,637 INFO: The voice handshake is being terminated for Channel ID 728631391809437746 (Guild ID 428109526550708234)
2022-11-14 14:12:04,638 INFO: Disconnecting from voice normally, close code 1000.
2022-11-14 14:12:48,737 INFO: louiskkk28 in 9又4分之8.7月台[123是什麼敷衍的名字]
2022-11-14 14:12:48,784 INFO: Connecting to voice...
2022-11-14 14:12:48,785 INFO: Starting voice handshake... (connection attempt 1)
2022-11-14 14:12:49,153 INFO: Voice handshake complete. Endpoint found hongkong7737.discord.media
2022-11-14 14:12:54,165 INFO: ffmpeg process 2309 successfully terminated with return code of 0.
2022-11-14 14:12:56,769 INFO: ffmpeg process 2319 successfully terminated with return code of 0.
2022-11-14 14:12:57,835 INFO: The voice handshake is being terminated for Channel ID 728631391809437746 (Guild ID 428109526550708234)
2022-11-14 14:12:57,836 INFO: Disconnecting from voice normally, close code 1000.
2022-11-14 14:19:41,237 INFO: Shard ID None has successfully RESUMED session a051409d3106c6364d386ef5972d2e10.
2022-11-14 14:58:08,576 INFO: Shard ID None has successfully RESUMED session a051409d3106c6364d386ef5972d2e10.
2022-11-14 15:19:17,517 INFO: Lexor in 9又4分之8.7月台[打不出幹話就講出來啊]
2022-11-14 15:19:17,619 INFO: Connecting to voice...
2022-11-14 15:19:17,619 INFO: Starting voice handshake... (connection attempt 1)
2022-11-14 15:19:17,957 INFO: Voice handshake complete. Endpoint found hongkong1310.discord.media
2022-11-14 15:19:21,404 INFO: ffmpeg process 2452 successfully terminated with return code of 0.
2022-11-14 15:19:24,306 INFO: ffmpeg process 2462 successfully terminated with return code of 0.
2022-11-14 15:19:25,356 INFO: The voice handshake is being terminated for Channel ID 428109526550708238 (Guild ID 428109526550708234)
2022-11-14 15:19:25,357 INFO: Disconnecting from voice normally, close code 1000.
2022-11-14 15:19:40,602 INFO: Lexor out 9又4分之8.7月台[打不出幹話就講出來啊]
2022-11-14 15:19:40,603 INFO: Connecting to voice...
2022-11-14 15:19:40,603 INFO: Starting voice handshake... (connection attempt 1)
2022-11-14 15:19:41,028 INFO: Voice handshake complete. Endpoint found hongkong1310.discord.media
2022-11-14 15:19:43,775 INFO: ffmpeg process 2473 successfully terminated with return code of 0.
2022-11-14 15:19:44,801 INFO: The voice handshake is being terminated for Channel ID 428109526550708238 (Guild ID 428109526550708234)
2022-11-14 15:19:44,802 INFO: Disconnecting from voice normally, close code 1000.
2022-11-14 15:41:18,849 INFO: MaiMai的Pool out 9又4分之8.7月台[123是什麼敷衍的名字]
2022-11-14 15:41:18,849 INFO: Connecting to voice...
2022-11-14 15:41:18,850 INFO: Starting voice handshake... (connection attempt 1)
2022-11-14 15:41:19,169 INFO: Voice handshake complete. Endpoint found hongkong7737.discord.media
2022-11-14 15:41:22,327 INFO: ffmpeg process 2520 successfully terminated with return code of 0.
2022-11-14 15:41:23,335 INFO: The voice handshake is being terminated for Channel ID 728631391809437746 (Guild ID 428109526550708234)
2022-11-14 15:41:23,336 INFO: Disconnecting from voice normally, close code 1000.
2022-11-14 15:50:11,628 INFO: louiskkk28 out 9又4分之8.7月台[123是什麼敷衍的名字]
2022-11-14 15:50:11,628 INFO: Connecting to voice...
2022-11-14 15:50:11,628 INFO: Starting voice handshake... (connection attempt 1)
2022-11-14 15:50:12,037 INFO: Voice handshake complete. Endpoint found hongkong7737.discord.media
2022-11-14 15:50:16,888 INFO: ffmpeg process 2549 successfully terminated with return code of 0.
2022-11-14 15:50:17,923 INFO: The voice handshake is being terminated for Channel ID 728631391809437746 (Guild ID 428109526550708234)
2022-11-14 15:50:17,924 INFO: Disconnecting from voice normally, close code 1000.
2022-11-14 16:33:13,079 INFO: Shard ID None has successfully RESUMED session a051409d3106c6364d386ef5972d2e10.
2022-11-14 16:54:02,060 INFO: BunnyplayGG out 9又4分之8.7月台[123是什麼敷衍的名字]
2022-11-14 16:54:02,061 INFO: Connecting to voice...
2022-11-14 16:54:02,062 INFO: Starting voice handshake... (connection attempt 1)
2022-11-14 16:54:02,397 INFO: Voice handshake complete. Endpoint found hongkong7737.discord.media
2022-11-14 16:54:03,169 INFO: Fiven-chung out 9又4分之8.7月台[123是什麼敷衍的名字]
2022-11-14 16:54:05,818 INFO: ffmpeg process 2655 successfully terminated with return code of 0.
2022-11-14 16:54:06,356 INFO: Chi out 9又4分之8.7月台[123是什麼敷衍的名字]
2022-11-14 16:54:08,800 INFO: ffmpeg process 2665 successfully terminated with return code of 0.
2022-11-14 16:54:11,465 INFO: ffmpeg process 2675 successfully terminated with return code of 0.
2022-11-14 16:54:12,512 INFO: The voice handshake is being terminated for Channel ID 728631391809437746 (Guild ID 428109526550708234)
2022-11-14 16:54:12,513 INFO: Disconnecting from voice normally, close code 1000.
2022-11-14 17:24:48,422 INFO: SparkleZ out 9又4分之8.7月台[打不出幹話就講出來啊]
2022-11-14 17:24:48,423 INFO: Connecting to voice...
2022-11-14 17:24:48,423 INFO: Starting voice handshake... (connection attempt 1)
2022-11-14 17:24:48,752 INFO: Voice handshake complete. Endpoint found hongkong1310.discord.media
2022-11-14 17:24:51,764 INFO: ffmpeg process 2757 successfully terminated with return code of 0.
2022-11-14 17:24:52,792 INFO: The voice handshake is being terminated for Channel ID 428109526550708238 (Guild ID 428109526550708234)
2022-11-14 17:24:52,793 INFO: Disconnecting from voice normally, close code 1000.
2022-11-14 17:28:13,951 INFO: 貓嗷嗚飄飄大仙 out 9又4分之8.7月台[打不出幹話就講出來啊]
2022-11-14 17:28:13,951 INFO: Connecting to voice...
2022-11-14 17:28:13,951 INFO: Starting voice handshake... (connection attempt 1)
2022-11-14 17:28:14,110 INFO: Voice handshake complete. Endpoint found oregon10000.discord.media
2022-11-14 17:28:16,796 INFO: ffmpeg process 2768 successfully terminated with return code of 0.
2022-11-14 17:28:17,865 INFO: The voice handshake is being terminated for Channel ID 428109526550708238 (Guild ID 428109526550708234)
2022-11-14 17:28:17,865 INFO: Disconnecting from voice normally, close code 1000.
