2022-11-17 16:18:20,826 INFO: logging in using static token
2022-11-17 16:18:21,412 INFO: Shard ID None has connected to Gateway (Session ID: e43a3b515dd5acd875e12893c96b6f71).
2022-11-17 16:18:23,416 INFO: 目前登入身份：神奇海螺#3847
2022-11-17 16:26:45,959 INFO: MaiMai的Pool out 9又4分之8.7月台[123是什麼敷衍的名字]
2022-11-17 16:26:45,959 INFO: Connecting to voice...
2022-11-17 16:26:45,959 INFO: Starting voice handshake... (connection attempt 1)
2022-11-17 16:26:46,378 INFO: Voice handshake complete. Endpoint found hongkong3432.discord.media
2022-11-17 16:26:47,263 INFO: Lexor out 9又4分之8.7月台[123是什麼敷衍的名字]
2022-11-17 16:26:48,127 INFO: Nelta out 9又4分之8.7月台[123是什麼敷衍的名字]
2022-11-17 16:26:49,837 INFO: ffmpeg process 139 successfully terminated with return code of 0.
2022-11-17 16:26:52,527 INFO: ffmpeg process 150 successfully terminated with return code of 0.
2022-11-17 16:26:55,257 INFO: ffmpeg process 160 successfully terminated with return code of 0.
2022-11-17 16:26:56,264 INFO: The voice handshake is being terminated for Channel ID 728631391809437746 (Guild ID 428109526550708234)
2022-11-17 16:26:56,264 INFO: Disconnecting from voice normally, close code 1000.
2022-11-17 16:27:34,861 INFO: WeIrdnA out 9又4分之8.7月台[123是什麼敷衍的名字]
2022-11-17 16:27:34,861 INFO: Connecting to voice...
2022-11-17 16:27:34,862 INFO: Starting voice handshake... (connection attempt 1)
2022-11-17 16:27:35,301 INFO: Voice handshake complete. Endpoint found hongkong3432.discord.media
2022-11-17 16:27:38,730 INFO: ffmpeg process 171 successfully terminated with return code of 0.
2022-11-17 16:27:39,817 INFO: The voice handshake is being terminated for Channel ID 728631391809437746 (Guild ID 428109526550708234)
2022-11-17 16:27:39,817 INFO: Disconnecting from voice normally, close code 1000.
2022-11-17 17:08:43,671 INFO: 楓夜 out 9又4分之8.7月台[打不出幹話就講出來啊]
2022-11-17 17:08:43,671 INFO: Connecting to voice...
2022-11-17 17:08:43,672 INFO: Starting voice handshake... (connection attempt 1)
2022-11-17 17:08:43,840 INFO: Voice handshake complete. Endpoint found us-central1835.discord.media
2022-11-17 17:08:47,251 INFO: ffmpeg process 254 successfully terminated with return code of 0.
2022-11-17 17:08:48,308 INFO: The voice handshake is being terminated for Channel ID 728631391809437746 (Guild ID 428109526550708234)
2022-11-17 17:08:48,308 INFO: Connecting to voice...
2022-11-17 17:08:48,308 INFO: Starting voice handshake... (connection attempt 1)
2022-11-17 17:08:48,309 INFO: Disconnecting from voice normally, close code 1000.
2022-11-17 17:08:48,599 INFO: Voice handshake complete. Endpoint found hongkong2302.discord.media
2022-11-17 17:08:52,318 INFO: ffmpeg process 265 successfully terminated with return code of 0.
2022-11-17 17:08:53,395 INFO: The voice handshake is being terminated for Channel ID 428109526550708238 (Guild ID 428109526550708234)
2022-11-17 17:08:53,396 INFO: Disconnecting from voice normally, close code 1000.
2022-11-17 17:09:13,429 INFO: Chi out 9又4分之8.7月台[打不出幹話就講出來啊]
2022-11-17 17:09:13,429 INFO: Connecting to voice...
2022-11-17 17:09:13,430 INFO: Starting voice handshake... (connection attempt 1)
2022-11-17 17:09:13,874 INFO: Voice handshake complete. Endpoint found hongkong2302.discord.media
2022-11-17 17:09:14,759 INFO: BunnyplayGG out 9又4分之8.7月台[打不出幹話就講出來啊]
2022-11-17 17:09:16,493 INFO: Fiven-chung out 9又4分之8.7月台[打不出幹話就講出來啊]
2022-11-17 17:09:16,886 INFO: ffmpeg process 276 successfully terminated with return code of 0.
2022-11-17 17:09:20,296 INFO: ffmpeg process 286 successfully terminated with return code of 0.
2022-11-17 17:09:23,272 INFO: ffmpeg process 296 successfully terminated with return code of 0.
2022-11-17 17:09:24,358 INFO: The voice handshake is being terminated for Channel ID 428109526550708238 (Guild ID 428109526550708234)
2022-11-17 17:09:24,359 INFO: Disconnecting from voice normally, close code 1000.
2022-11-17 18:09:09,057 INFO: logging in using static token
2022-11-17 18:09:09,772 INFO: Shard ID None has connected to Gateway (Session ID: 28e02e5b43bc35cfc5aaba52f706da16).
2022-11-17 18:09:11,778 INFO: 目前登入身份：神奇海螺#3847
2022-11-17 19:07:34,655 INFO: Shard ID None has successfully RESUMED session 28e02e5b43bc35cfc5aaba52f706da16.
2022-11-17 20:06:02,968 INFO: Shard ID None has successfully RESUMED session 28e02e5b43bc35cfc5aaba52f706da16.
2022-11-17 20:46:25,752 INFO: logging in using static token
2022-11-17 20:46:26,329 INFO: Shard ID None has connected to Gateway (Session ID: 18689b09028f3428a67ba4be581a3b65).
2022-11-17 20:46:28,357 INFO: 目前登入身份：神奇海螺#3847
2022-11-17 21:07:51,636 INFO: logging in using static token
2022-11-17 21:07:52,157 INFO: Shard ID None has connected to Gateway (Session ID: 920bbaae80a3cbc440136e4db5c0715b).
2022-11-17 21:07:54,162 INFO: 目前登入身份：神奇海螺#3847
2022-11-17 21:18:11,879 INFO: logging in using static token
2022-11-17 21:18:12,341 INFO: Shard ID None has connected to Gateway (Session ID: dd6f85f3cf2bf4f5cad1b2c9b190a843).
2022-11-17 21:18:14,346 INFO: 目前登入身份：神奇海螺#3847
2022-11-17 23:40:13,776 INFO: Shard ID None has successfully RESUMED session dd6f85f3cf2bf4f5cad1b2c9b190a843.
2022-11-18 00:50:27,572 INFO: 貓嗷嗚飄飄大仙 in 9又4分之8.7月台[123是什麼敷衍的名字]
2022-11-18 00:50:27,615 INFO: Connecting to voice...
2022-11-18 00:50:27,615 INFO: Starting voice handshake... (connection attempt 1)
2022-11-18 00:50:27,713 INFO: Voice handshake complete. Endpoint found hongkong5135.discord.media
2022-11-18 00:50:27,902 ERROR: Exception occurred during Voice Protocol voice server update handler
Traceback (most recent call last):
  File "/opt/virtualenvs/python3/lib/python3.8/site-packages/discord/state.py", line 157, in logging_coroutine
    await coroutine
  File "/opt/virtualenvs/python3/lib/python3.8/site-packages/discord/voice_client.py", line 337, in on_voice_server_update
    await self.ws.close(4000)
AttributeError: '_MissingSentinel' object has no attribute 'close'
2022-11-18 00:50:32,452 INFO: ffmpeg process 463 successfully terminated with return code of 0.
2022-11-18 00:50:35,845 INFO: ffmpeg process 474 successfully terminated with return code of 0.
2022-11-18 00:50:36,899 INFO: The voice handshake is being terminated for Channel ID 728631391809437746 (Guild ID 428109526550708234)
2022-11-18 00:50:36,900 INFO: Disconnecting from voice normally, close code 1000.
2022-11-18 00:55:08,360 INFO: 貓嗷嗚飄飄大仙 out 9又4分之8.7月台[123是什麼敷衍的名字]
2022-11-18 00:55:08,360 INFO: Connecting to voice...
2022-11-18 00:55:08,360 INFO: Starting voice handshake... (connection attempt 1)
2022-11-18 00:55:08,435 INFO: Voice handshake complete. Endpoint found atlanta5263.discord.media
2022-11-18 00:55:11,116 INFO: ffmpeg process 485 successfully terminated with return code of 0.
2022-11-18 00:55:12,186 INFO: The voice handshake is being terminated for Channel ID 728631391809437746 (Guild ID 428109526550708234)
2022-11-18 00:55:12,186 INFO: Disconnecting from voice normally, close code 1000.
2022-11-18 01:18:37,592 INFO: Shard ID None has successfully RESUMED session dd6f85f3cf2bf4f5cad1b2c9b190a843.
2022-11-18 03:17:34,174 INFO: Shard ID None has successfully RESUMED session dd6f85f3cf2bf4f5cad1b2c9b190a843.
2022-11-18 03:35:26,555 INFO: WeIrdnA in 9又4分之8.7月台[123是什麼敷衍的名字]
2022-11-18 03:35:26,631 INFO: Connecting to voice...
2022-11-18 03:35:26,631 INFO: Starting voice handshake... (connection attempt 1)
2022-11-18 03:35:26,749 INFO: Voice handshake complete. Endpoint found hongkong4700.discord.media
2022-11-18 03:35:26,945 ERROR: Exception occurred during Voice Protocol voice server update handler
Traceback (most recent call last):
  File "/opt/virtualenvs/python3/lib/python3.8/site-packages/discord/state.py", line 157, in logging_coroutine
    await coroutine
  File "/opt/virtualenvs/python3/lib/python3.8/site-packages/discord/voice_client.py", line 337, in on_voice_server_update
    await self.ws.close(4000)
AttributeError: '_MissingSentinel' object has no attribute 'close'
2022-11-18 03:35:28,802 INFO: WeIrdnA out 9又4分之8.7月台[123是什麼敷衍的名字]
2022-11-18 03:35:30,487 INFO: ffmpeg process 781 successfully terminated with return code of 0.
2022-11-18 03:35:32,602 INFO: ffmpeg process 791 successfully terminated with return code of 0.
2022-11-18 03:35:35,632 INFO: ffmpeg process 801 successfully terminated with return code of 0.
2022-11-18 03:35:36,720 INFO: The voice handshake is being terminated for Channel ID 728631391809437746 (Guild ID 428109526550708234)
2022-11-18 03:35:36,721 INFO: Disconnecting from voice normally, close code 1000.
2022-11-18 03:52:19,038 INFO: logging in using static token
2022-11-18 03:52:19,553 INFO: Shard ID None has connected to Gateway (Session ID: 6eb08cd9043ea3786332d4a99868e9d0).
2022-11-18 03:52:21,557 INFO: 目前登入身份：神奇海螺#3847
2022-11-18 06:44:24,856 INFO: Shard ID None has successfully RESUMED session 6eb08cd9043ea3786332d4a99868e9d0.
2022-11-18 07:04:40,705 INFO: Shard ID None has successfully RESUMED session 6eb08cd9043ea3786332d4a99868e9d0.
2022-11-18 10:23:54,129 INFO: Shard ID None has successfully RESUMED session 6eb08cd9043ea3786332d4a99868e9d0.
2022-11-18 13:45:05,897 INFO: 貓嗷嗚飄飄大仙 in 9又4分之8.7月台[123是什麼敷衍的名字]
2022-11-18 13:45:05,940 INFO: Connecting to voice...
2022-11-18 13:45:05,942 INFO: Starting voice handshake... (connection attempt 1)
2022-11-18 13:45:06,065 INFO: Voice handshake complete. Endpoint found hongkong816.discord.media
2022-11-18 13:45:06,261 ERROR: Exception occurred during Voice Protocol voice server update handler
Traceback (most recent call last):
  File "/opt/virtualenvs/python3/lib/python3.8/site-packages/discord/state.py", line 157, in logging_coroutine
    await coroutine
  File "/opt/virtualenvs/python3/lib/python3.8/site-packages/discord/voice_client.py", line 337, in on_voice_server_update
    await self.ws.close(4000)
AttributeError: '_MissingSentinel' object has no attribute 'close'
2022-11-18 13:45:10,821 INFO: ffmpeg process 1071 successfully terminated with return code of 0.
2022-11-18 13:45:13,345 INFO: ffmpeg process 1082 successfully terminated with return code of 0.
2022-11-18 13:45:14,430 INFO: The voice handshake is being terminated for Channel ID 728631391809437746 (Guild ID 428109526550708234)
2022-11-18 13:45:14,431 INFO: Disconnecting from voice normally, close code 1000.
2022-11-18 13:46:25,836 INFO: KyrieR in 9又4分之8.7月台[123是什麼敷衍的名字]
2022-11-18 13:46:25,913 INFO: Connecting to voice...
2022-11-18 13:46:25,913 INFO: Starting voice handshake... (connection attempt 1)
2022-11-18 13:46:26,232 INFO: Voice handshake complete. Endpoint found hongkong816.discord.media
2022-11-18 13:46:30,351 INFO: ffmpeg process 1111 successfully terminated with return code of 0.
2022-11-18 13:46:32,440 INFO: ffmpeg process 1121 successfully terminated with return code of 0.
2022-11-18 13:46:33,484 INFO: The voice handshake is being terminated for Channel ID 728631391809437746 (Guild ID 428109526550708234)
2022-11-18 13:46:33,485 INFO: Disconnecting from voice normally, close code 1000.
2022-11-18 13:53:57,582 INFO: 神奇海螺 in 9又4分之8.7月台[123是什麼敷衍的名字]
2022-11-18 13:53:57,688 INFO: Connecting to voice...
2022-11-18 13:53:57,688 INFO: Starting voice handshake... (connection attempt 1)
2022-11-18 13:53:57,965 INFO: Voice handshake complete. Endpoint found hongkong816.discord.media
2022-11-18 13:54:02,343 INFO: ffmpeg process 1132 successfully terminated with return code of 0.
2022-11-18 13:54:10,777 INFO: ffmpeg process 1142 successfully terminated with return code of 0.
2022-11-18 13:54:11,829 INFO: The voice handshake is being terminated for Channel ID 728631391809437746 (Guild ID 428109526550708234)
2022-11-18 13:54:11,829 INFO: Disconnecting from voice normally, close code 1000.
2022-11-18 13:58:46,514 INFO: Shard ID None has successfully RESUMED session 6eb08cd9043ea3786332d4a99868e9d0.
2022-11-18 14:02:14,171 INFO: MaiMai的Pool in 9又4分之8.7月台[123是什麼敷衍的名字]
2022-11-18 14:02:14,250 INFO: Connecting to voice...
2022-11-18 14:02:14,250 INFO: Starting voice handshake... (connection attempt 1)
2022-11-18 14:02:14,552 INFO: Voice handshake complete. Endpoint found hongkong816.discord.media
2022-11-18 14:02:18,369 INFO: ffmpeg process 1190 successfully terminated with return code of 0.
2022-11-18 14:02:22,564 INFO: ffmpeg process 1200 successfully terminated with return code of 0.
2022-11-18 14:02:23,621 INFO: The voice handshake is being terminated for Channel ID 728631391809437746 (Guild ID 428109526550708234)
2022-11-18 14:02:23,622 INFO: Disconnecting from voice normally, close code 1000.
2022-11-18 14:08:30,062 INFO: Lexor in 9又4分之8.7月台[123是什麼敷衍的名字]
2022-11-18 14:08:30,102 INFO: Connecting to voice...
2022-11-18 14:08:30,103 INFO: Starting voice handshake... (connection attempt 1)
2022-11-18 14:08:30,409 INFO: Voice handshake complete. Endpoint found hongkong816.discord.media
2022-11-18 14:08:34,267 INFO: ffmpeg process 1211 successfully terminated with return code of 0.
2022-11-18 14:08:36,561 INFO: ffmpeg process 1221 successfully terminated with return code of 0.
2022-11-18 14:08:37,608 INFO: The voice handshake is being terminated for Channel ID 728631391809437746 (Guild ID 428109526550708234)
2022-11-18 14:08:37,609 INFO: Disconnecting from voice normally, close code 1000.
2022-11-18 14:21:56,157 INFO: WeIrdnA in 9又4分之8.7月台[123是什麼敷衍的名字]
2022-11-18 14:21:56,200 INFO: Connecting to voice...
2022-11-18 14:21:56,201 INFO: Starting voice handshake... (connection attempt 1)
2022-11-18 14:21:56,478 INFO: Voice handshake complete. Endpoint found hongkong816.discord.media
2022-11-18 14:22:00,700 INFO: ffmpeg process 1250 successfully terminated with return code of 0.
2022-11-18 14:22:03,462 INFO: ffmpeg process 1260 successfully terminated with return code of 0.
2022-11-18 14:22:04,510 INFO: The voice handshake is being terminated for Channel ID 728631391809437746 (Guild ID 428109526550708234)
2022-11-18 14:22:04,511 INFO: Disconnecting from voice normally, close code 1000.
2022-11-18 14:51:12,053 INFO: 阿凱 in 9又4分之8.7月台[123是什麼敷衍的名字]
2022-11-18 14:51:12,094 WARNING: 'zh-tw' has been deprecated, falling back to 'zh-TW'. This fallback will be removed in a future version.
2022-11-18 14:51:13,443 INFO: Connecting to voice...
2022-11-18 14:51:13,446 INFO: Starting voice handshake... (connection attempt 1)
2022-11-18 14:51:13,741 INFO: Voice handshake complete. Endpoint found hongkong816.discord.media
2022-11-18 14:51:17,575 INFO: ffmpeg process 1345 successfully terminated with return code of 0.
2022-11-18 14:51:20,216 INFO: ffmpeg process 1355 successfully terminated with return code of 0.
2022-11-18 14:51:21,282 INFO: The voice handshake is being terminated for Channel ID 728631391809437746 (Guild ID 428109526550708234)
2022-11-18 14:51:21,283 INFO: Disconnecting from voice normally, close code 1000.
2022-11-18 15:05:40,122 INFO: 阿凱 out 9又4分之8.7月台[123是什麼敷衍的名字]
2022-11-18 15:05:40,664 INFO: Connecting to voice...
2022-11-18 15:05:40,665 INFO: Starting voice handshake... (connection attempt 1)
2022-11-18 15:05:40,972 INFO: Voice handshake complete. Endpoint found hongkong816.discord.media
2022-11-18 15:05:44,124 INFO: ffmpeg process 1429 successfully terminated with return code of 0.
2022-11-18 15:05:45,199 INFO: The voice handshake is being terminated for Channel ID 728631391809437746 (Guild ID 428109526550708234)
2022-11-18 15:05:45,200 INFO: Disconnecting from voice normally, close code 1000.
2022-11-18 15:19:26,017 INFO: BunnyplayGG in 9又4分之8.7月台[123是什麼敷衍的名字]
2022-11-18 15:19:26,099 INFO: Connecting to voice...
2022-11-18 15:19:26,099 INFO: Starting voice handshake... (connection attempt 1)
2022-11-18 15:19:26,382 INFO: Voice handshake complete. Endpoint found hongkong816.discord.media
2022-11-18 15:19:29,860 INFO: ffmpeg process 1458 successfully terminated with return code of 0.
2022-11-18 15:19:32,478 INFO: ffmpeg process 1468 successfully terminated with return code of 0.
2022-11-18 15:19:33,524 INFO: The voice handshake is being terminated for Channel ID 728631391809437746 (Guild ID 428109526550708234)
2022-11-18 15:19:33,525 INFO: Disconnecting from voice normally, close code 1000.
2022-11-18 15:34:45,714 INFO: 1 in test[一般]
2022-11-18 15:34:45,754 INFO: Connecting to voice...
2022-11-18 15:34:45,754 INFO: Starting voice handshake... (connection attempt 1)
2022-11-18 15:34:45,835 INFO: Voice handshake complete. Endpoint found hongkong379.discord.media
2022-11-18 15:34:46,039 ERROR: Exception occurred during Voice Protocol voice server update handler
Traceback (most recent call last):
  File "/opt/virtualenvs/python3/lib/python3.8/site-packages/discord/state.py", line 157, in logging_coroutine
    await coroutine
  File "/opt/virtualenvs/python3/lib/python3.8/site-packages/discord/voice_client.py", line 337, in on_voice_server_update
    await self.ws.close(4000)
AttributeError: '_MissingSentinel' object has no attribute 'close'
2022-11-18 15:34:48,917 INFO: ffmpeg process 1496 successfully terminated with return code of 0.
2022-11-18 15:34:51,069 INFO: ffmpeg process 1506 successfully terminated with return code of 0.
2022-11-18 15:34:52,074 INFO: The voice handshake is being terminated for Channel ID 876364970638585882 (Guild ID 876364969904578591)
2022-11-18 15:34:52,075 INFO: Disconnecting from voice normally, close code 1000.
2022-11-18 15:34:55,482 INFO: 1 out test[一般]
2022-11-18 15:34:55,482 INFO: Connecting to voice...
2022-11-18 15:34:55,482 INFO: Starting voice handshake... (connection attempt 1)
2022-11-18 15:34:55,576 INFO: Voice handshake complete. Endpoint found atlanta647.discord.media
2022-11-18 15:34:57,121 INFO: ffmpeg process 1517 successfully terminated with return code of 0.
2022-11-18 15:34:58,146 INFO: The voice handshake is being terminated for Channel ID 876364970638585882 (Guild ID 876364969904578591)
2022-11-18 15:34:58,147 INFO: Disconnecting from voice normally, close code 1000.
2022-11-18 15:35:01,786 INFO: 1 in test[一般]
2022-11-18 15:35:01,826 INFO: Connecting to voice...
2022-11-18 15:35:01,826 INFO: Starting voice handshake... (connection attempt 1)
2022-11-18 15:35:01,980 INFO: Voice handshake complete. Endpoint found hongkong2019.discord.media
2022-11-18 15:35:02,208 ERROR: Exception occurred during Voice Protocol voice server update handler
Traceback (most recent call last):
  File "/opt/virtualenvs/python3/lib/python3.8/site-packages/discord/state.py", line 157, in logging_coroutine
    await coroutine
  File "/opt/virtualenvs/python3/lib/python3.8/site-packages/discord/voice_client.py", line 337, in on_voice_server_update
    await self.ws.close(4000)
AttributeError: '_MissingSentinel' object has no attribute 'close'
2022-11-18 15:35:05,617 INFO: ffmpeg process 1528 successfully terminated with return code of 0.
2022-11-18 15:35:07,760 INFO: ffmpeg process 1538 successfully terminated with return code of 0.
2022-11-18 15:35:08,764 INFO: The voice handshake is being terminated for Channel ID 876364970638585882 (Guild ID 876364969904578591)
2022-11-18 15:35:08,765 INFO: Disconnecting from voice normally, close code 1000.
2022-11-18 15:35:13,335 INFO: 1 out test[一般]
2022-11-18 15:35:13,336 INFO: Connecting to voice...
2022-11-18 15:35:13,336 INFO: Starting voice handshake... (connection attempt 1)
2022-11-18 15:35:13,427 INFO: Voice handshake complete. Endpoint found atlanta5855.discord.media
2022-11-18 15:35:14,949 INFO: ffmpeg process 1549 successfully terminated with return code of 0.
2022-11-18 15:35:15,984 INFO: The voice handshake is being terminated for Channel ID 876364970638585882 (Guild ID 876364969904578591)
2022-11-18 15:35:15,985 INFO: Disconnecting from voice normally, close code 1000.
2022-11-18 15:36:44,212 INFO: 雪莉粉粉 in 9又4分之8.7月台[123是什麼敷衍的名字]
2022-11-18 15:36:44,297 INFO: Connecting to voice...
2022-11-18 15:36:44,297 INFO: Starting voice handshake... (connection attempt 1)
2022-11-18 15:36:44,583 INFO: Voice handshake complete. Endpoint found hongkong816.discord.media
2022-11-18 15:36:48,722 INFO: ffmpeg process 1560 successfully terminated with return code of 0.
2022-11-18 15:36:51,200 INFO: ffmpeg process 1570 successfully terminated with return code of 0.
2022-11-18 15:36:52,206 INFO: The voice handshake is being terminated for Channel ID 728631391809437746 (Guild ID 428109526550708234)
2022-11-18 15:36:52,206 INFO: Disconnecting from voice normally, close code 1000.
2022-11-18 15:39:45,334 INFO: 雪莉粉粉 out 9又4分之8.7月台[123是什麼敷衍的名字]
2022-11-18 15:39:45,334 INFO: Connecting to voice...
2022-11-18 15:39:45,334 INFO: Starting voice handshake... (connection attempt 1)
2022-11-18 15:39:45,685 INFO: Voice handshake complete. Endpoint found hongkong816.discord.media
2022-11-18 15:39:49,153 INFO: ffmpeg process 1581 successfully terminated with return code of 0.
2022-11-18 15:39:50,223 INFO: The voice handshake is being terminated for Channel ID 728631391809437746 (Guild ID 428109526550708234)
2022-11-18 15:39:50,224 INFO: Disconnecting from voice normally, close code 1000.
2022-11-18 16:27:26,489 INFO: Lexor out 9又4分之8.7月台[123是什麼敷衍的名字]
2022-11-18 16:27:26,489 INFO: Connecting to voice...
2022-11-18 16:27:26,489 INFO: Starting voice handshake... (connection attempt 1)
2022-11-18 16:27:27,507 INFO: Voice handshake complete. Endpoint found hongkong816.discord.media
2022-11-18 16:27:30,686 INFO: ffmpeg process 1664 successfully terminated with return code of 0.
2022-11-18 16:27:31,712 INFO: The voice handshake is being terminated for Channel ID 728631391809437746 (Guild ID 428109526550708234)
2022-11-18 16:27:31,712 INFO: Disconnecting from voice normally, close code 1000.
2022-11-18 16:27:37,020 INFO: MaiMai的Pool out 9又4分之8.7月台[123是什麼敷衍的名字]
2022-11-18 16:27:37,020 INFO: Connecting to voice...
2022-11-18 16:27:37,021 INFO: Starting voice handshake... (connection attempt 1)
2022-11-18 16:27:37,438 INFO: Voice handshake complete. Endpoint found hongkong816.discord.media
2022-11-18 16:27:41,033 INFO: ffmpeg process 1675 successfully terminated with return code of 0.
2022-11-18 16:27:42,041 INFO: The voice handshake is being terminated for Channel ID 728631391809437746 (Guild ID 428109526550708234)
2022-11-18 16:27:42,042 INFO: Disconnecting from voice normally, close code 1000.
2022-11-18 16:27:46,181 INFO: KyrieR out 9又4分之8.7月台[123是什麼敷衍的名字]
2022-11-18 16:27:46,182 INFO: Connecting to voice...
2022-11-18 16:27:46,182 INFO: Starting voice handshake... (connection attempt 1)
2022-11-18 16:27:46,591 INFO: Voice handshake complete. Endpoint found hongkong816.discord.media
2022-11-18 16:27:49,901 INFO: ffmpeg process 1686 successfully terminated with return code of 0.
2022-11-18 16:27:50,907 INFO: The voice handshake is being terminated for Channel ID 728631391809437746 (Guild ID 428109526550708234)
2022-11-18 16:27:50,908 INFO: Disconnecting from voice normally, close code 1000.
2022-11-18 16:28:20,149 INFO: WeIrdnA out 9又4分之8.7月台[123是什麼敷衍的名字]
2022-11-18 16:28:20,149 INFO: Connecting to voice...
2022-11-18 16:28:20,149 INFO: Starting voice handshake... (connection attempt 1)
2022-11-18 16:28:20,575 INFO: Voice handshake complete. Endpoint found hongkong816.discord.media
2022-11-18 16:28:24,102 INFO: ffmpeg process 1697 successfully terminated with return code of 0.
2022-11-18 16:28:25,190 INFO: The voice handshake is being terminated for Channel ID 728631391809437746 (Guild ID 428109526550708234)
2022-11-18 16:28:25,191 INFO: Disconnecting from voice normally, close code 1000.
2022-11-18 16:32:35,301 INFO: 貓嗷嗚飄飄大仙 out 9又4分之8.7月台[123是什麼敷衍的名字]
2022-11-18 16:32:35,301 INFO: Connecting to voice...
2022-11-18 16:32:35,301 INFO: Starting voice handshake... (connection attempt 1)
2022-11-18 16:32:35,641 INFO: Voice handshake complete. Endpoint found hongkong816.discord.media
2022-11-18 16:32:39,730 INFO: ffmpeg process 1726 successfully terminated with return code of 0.
2022-11-18 16:32:40,799 INFO: The voice handshake is being terminated for Channel ID 728631391809437746 (Guild ID 428109526550708234)
2022-11-18 16:32:40,799 INFO: Disconnecting from voice normally, close code 1000.
2022-11-18 16:53:43,532 INFO: BunnyplayGG out 9又4分之8.7月台[123是什麼敷衍的名字]
2022-11-18 16:53:43,534 INFO: Connecting to voice...
2022-11-18 16:53:43,534 INFO: Starting voice handshake... (connection attempt 1)
2022-11-18 16:53:43,851 INFO: Voice handshake complete. Endpoint found hongkong816.discord.media
2022-11-18 16:53:47,716 INFO: ffmpeg process 1755 successfully terminated with return code of 0.
2022-11-18 16:53:48,765 INFO: The voice handshake is being terminated for Channel ID 728631391809437746 (Guild ID 428109526550708234)
2022-11-18 16:53:48,765 INFO: Disconnecting from voice normally, close code 1000.
2022-11-18 16:54:42,191 INFO: TsR in 9又4分之8.7月台[123是什麼敷衍的名字]
2022-11-18 16:54:42,233 WARNING: 'zh-tw' has been deprecated, falling back to 'zh-TW'. This fallback will be removed in a future version.
2022-11-18 16:54:42,831 INFO: Connecting to voice...
2022-11-18 16:54:42,831 INFO: Starting voice handshake... (connection attempt 1)
2022-11-18 16:54:43,135 INFO: Voice handshake complete. Endpoint found hongkong816.discord.media
2022-11-18 16:54:46,723 INFO: ffmpeg process 1795 successfully terminated with return code of 0.
2022-11-18 16:54:49,179 INFO: ffmpeg process 1805 successfully terminated with return code of 0.
2022-11-18 16:54:50,265 INFO: The voice handshake is being terminated for Channel ID 728631391809437746 (Guild ID 428109526550708234)
2022-11-18 16:54:50,266 INFO: Disconnecting from voice normally, close code 1000.
2022-11-18 16:56:36,352 INFO: Shard ID None has successfully RESUMED session 6eb08cd9043ea3786332d4a99868e9d0.
2022-11-18 17:43:09,675 INFO: Shard ID None has successfully RESUMED session 6eb08cd9043ea3786332d4a99868e9d0.
2022-11-18 18:35:02,769 INFO: TsR out 9又4分之8.7月台[123是什麼敷衍的名字]
2022-11-18 18:35:03,374 INFO: Connecting to voice...
2022-11-18 18:35:03,375 INFO: Starting voice handshake... (connection attempt 1)
2022-11-18 18:35:03,668 INFO: Voice handshake complete. Endpoint found hongkong816.discord.media
2022-11-18 18:35:07,108 INFO: ffmpeg process 2008 successfully terminated with return code of 0.
2022-11-18 18:35:11,397 INFO: ffmpeg process 2018 successfully terminated with return code of 0.
2022-11-18 18:35:12,450 INFO: The voice handshake is being terminated for Channel ID 728631391809437746 (Guild ID 428109526550708234)
2022-11-18 18:35:12,451 INFO: Disconnecting from voice normally, close code 1000.
2022-11-18 19:33:30,150 INFO: Shard ID None has successfully RESUMED session 6eb08cd9043ea3786332d4a99868e9d0.
2022-11-18 23:21:32,156 INFO: Shard ID None has successfully RESUMED session 6eb08cd9043ea3786332d4a99868e9d0.
2022-11-19 00:58:14,332 INFO: Lexor in 9又4分之8.7月台[123是什麼敷衍的名字]
2022-11-19 00:58:14,409 INFO: Connecting to voice...
2022-11-19 00:58:14,410 INFO: Starting voice handshake... (connection attempt 1)
2022-11-19 00:58:15,195 INFO: Voice handshake complete. Endpoint found hongkong6026.discord.media
2022-11-19 00:58:15,417 ERROR: Exception occurred during Voice Protocol voice server update handler
Traceback (most recent call last):
  File "/opt/virtualenvs/python3/lib/python3.8/site-packages/discord/state.py", line 157, in logging_coroutine
    await coroutine
  File "/opt/virtualenvs/python3/lib/python3.8/site-packages/discord/voice_client.py", line 337, in on_voice_server_update
    await self.ws.close(4000)
AttributeError: '_MissingSentinel' object has no attribute 'close'
2022-11-19 00:58:18,600 INFO: ffmpeg process 2677 successfully terminated with return code of 0.
2022-11-19 00:58:21,074 INFO: ffmpeg process 2687 successfully terminated with return code of 0.
2022-11-19 00:58:22,160 INFO: The voice handshake is being terminated for Channel ID 728631391809437746 (Guild ID 428109526550708234)
2022-11-19 00:58:22,161 INFO: Disconnecting from voice normally, close code 1000.
2022-11-19 01:32:26,565 INFO: Lexor out 9又4分之8.7月台[123是什麼敷衍的名字]
2022-11-19 01:32:26,566 INFO: Connecting to voice...
2022-11-19 01:32:26,566 INFO: Starting voice handshake... (connection attempt 1)
2022-11-19 01:32:26,663 INFO: Voice handshake complete. Endpoint found atlanta8983.discord.media
2022-11-19 01:32:28,515 INFO: ffmpeg process 2769 successfully terminated with return code of 0.
2022-11-19 01:32:29,547 INFO: The voice handshake is being terminated for Channel ID 728631391809437746 (Guild ID 428109526550708234)
2022-11-19 01:32:29,548 INFO: Disconnecting from voice normally, close code 1000.
2022-11-19 01:46:01,479 INFO: Lexor in 9又4分之8.7月台[123是什麼敷衍的名字]
2022-11-19 01:46:01,527 INFO: Connecting to voice...
2022-11-19 01:46:01,527 INFO: Starting voice handshake... (connection attempt 1)
2022-11-19 01:46:01,810 INFO: Voice handshake complete. Endpoint found hongkong2085.discord.media
2022-11-19 01:46:05,698 INFO: ffmpeg process 2797 successfully terminated with return code of 0.
2022-11-19 01:46:07,797 INFO: ffmpeg process 2807 successfully terminated with return code of 0.
2022-11-19 01:46:08,842 INFO: The voice handshake is being terminated for Channel ID 728631391809437746 (Guild ID 428109526550708234)
2022-11-19 01:46:08,842 INFO: Disconnecting from voice normally, close code 1000.
2022-11-19 01:51:54,388 INFO: Shard ID None has successfully RESUMED session 6eb08cd9043ea3786332d4a99868e9d0.
2022-11-19 02:00:33,546 INFO: MaiMai的Pool in 9又4分之8.7月台[123是什麼敷衍的名字]
2022-11-19 02:00:33,603 INFO: Connecting to voice...
2022-11-19 02:00:33,603 INFO: Starting voice handshake... (connection attempt 1)
2022-11-19 02:00:34,569 INFO: Voice handshake complete. Endpoint found hongkong2085.discord.media
2022-11-19 02:00:38,321 INFO: ffmpeg process 2837 successfully terminated with return code of 0.
2022-11-19 02:00:40,897 INFO: ffmpeg process 2847 successfully terminated with return code of 0.
2022-11-19 02:00:41,962 INFO: The voice handshake is being terminated for Channel ID 728631391809437746 (Guild ID 428109526550708234)
2022-11-19 02:00:41,963 INFO: Disconnecting from voice normally, close code 1000.
2022-11-19 02:38:29,890 INFO: MaiMai的Pool out 9又4分之8.7月台[123是什麼敷衍的名字]
2022-11-19 02:38:29,891 INFO: Connecting to voice...
2022-11-19 02:38:29,891 INFO: Starting voice handshake... (connection attempt 1)
2022-11-19 02:38:31,011 INFO: Voice handshake complete. Endpoint found hongkong2085.discord.media
2022-11-19 02:38:33,864 INFO: MaiMai的Pool in 9又4分之8.7月台[123是什麼敷衍的名字]
2022-11-19 02:38:34,610 INFO: ffmpeg process 2914 successfully terminated with return code of 0.
2022-11-19 02:38:38,438 INFO: ffmpeg process 2924 successfully terminated with return code of 0.
2022-11-19 02:38:41,305 INFO: ffmpeg process 2953 successfully terminated with return code of 0.
2022-11-19 02:38:42,395 INFO: The voice handshake is being terminated for Channel ID 728631391809437746 (Guild ID 428109526550708234)
2022-11-19 02:38:42,396 INFO: Disconnecting from voice normally, close code 1000.
