2022-05-29 20:08:01,431 INFO: logging in using static token
2022-05-29 20:08:01,719 INFO: Shard ID None has sent the IDENTIFY payload.
2022-05-29 20:08:01,895 INFO: Shard ID None has connected to Gateway: ["gateway-prd-main-gt6c",{"micros":135552,"calls":["discord-sessions-green-prd-2-63",{"micros":131886,"calls":["start_session",{"micros":107273,"calls":["discord-api-b69489cd9-c6lf8",{"micros":98984,"calls":["get_user",{"micros":23544},"add_authorized_ip",{"micros":6164},"get_guilds",{"micros":14722},"coros_wait",{"micros":1}]}]},"guilds_connect",{"micros":2,"calls":[]},"presence_connect",{"micros":14710,"calls":[]}]}]}] (Session ID: b1fcc7ebd704c255cae463a5668d5031).
2022-05-29 20:08:03,940 INFO: 目前登入身份：神奇海螺#3847
2022-05-29 21:20:41,320 INFO: Got a request to RESUME the websocket.
2022-05-29 21:20:41,489 INFO: Shard ID None has sent the RESUME payload.
2022-05-29 21:20:41,529 INFO: Shard ID None has successfully RESUMED session b1fcc7ebd704c255cae463a5668d5031 under trace ["gateway-prd-main-2ms2",{"micros":1750,"calls":["discord-sessions-green-prd-2-63",{"micros":20}]}].
2022-05-30 01:08:27,184 INFO: Got a request to RESUME the websocket.
2022-05-30 01:08:27,360 INFO: Shard ID None has sent the RESUME payload.
2022-05-30 01:08:27,412 INFO: Shard ID None has successfully RESUMED session b1fcc7ebd704c255cae463a5668d5031 under trace ["gateway-prd-main-jgc9",{"micros":13458,"calls":["discord-sessions-green-prd-2-63",{"micros":17}]}].
2022-05-30 03:52:02,828 INFO: Got a request to RESUME the websocket.
2022-05-30 03:52:02,988 INFO: Shard ID None has sent the RESUME payload.
2022-05-30 03:52:03,026 INFO: Shard ID None has successfully RESUMED session b1fcc7ebd704c255cae463a5668d5031 under trace ["gateway-prd-main-srtt",{"micros":741,"calls":["discord-sessions-green-prd-2-63",{"micros":22}]}].
2022-05-30 04:22:02,593 INFO: Got a request to RESUME the websocket.
2022-05-30 04:22:02,760 INFO: Shard ID None has sent the RESUME payload.
2022-05-30 04:22:02,802 INFO: Shard ID None has successfully RESUMED session b1fcc7ebd704c255cae463a5668d5031 under trace ["gateway-prd-main-7gr3",{"micros":544,"calls":["discord-sessions-green-prd-2-63",{"micros":16}]}].
2022-05-30 04:23:08,855 INFO: logging in using static token
2022-05-30 04:23:09,157 INFO: Shard ID None has sent the IDENTIFY payload.
2022-05-30 04:23:09,290 INFO: Shard ID None has connected to Gateway: ["gateway-prd-main-mhfm",{"micros":96121,"calls":["discord-sessions-green-prd-2-44",{"micros":94183,"calls":["start_session",{"micros":50688,"calls":["discord-api-b69489cd9-dc866",{"micros":45518,"calls":["get_user",{"micros":11503},"add_authorized_ip",{"micros":3345},"get_guilds",{"micros":5470},"coros_wait",{"micros":1}]}]},"guilds_connect",{"micros":1,"calls":[]},"presence_connect",{"micros":15635,"calls":[]}]}]}] (Session ID: 059b176498749444395b84713157d153).
2022-05-30 04:23:11,331 INFO: 目前登入身份：神奇海螺#3847
2022-05-30 07:08:11,628 INFO: Got a request to RESUME the websocket.
2022-05-30 07:08:11,785 INFO: Shard ID None has sent the RESUME payload.
2022-05-30 07:08:11,831 INFO: Shard ID None has successfully RESUMED session 059b176498749444395b84713157d153 under trace ["gateway-prd-main-k9r7",{"micros":2190,"calls":["discord-sessions-green-prd-2-44",{"micros":18}]}].
2022-05-30 07:14:52,635 INFO: logging in using static token
2022-05-30 07:14:52,914 INFO: Shard ID None has sent the IDENTIFY payload.
2022-05-30 07:14:53,017 INFO: Shard ID None has connected to Gateway: ["gateway-prd-main-bljp",{"micros":63770,"calls":["discord-sessions-green-prd-2-36",{"micros":62967,"calls":["start_session",{"micros":43415,"calls":["discord-api-b69489cd9-b8q7j",{"micros":38679,"calls":["get_user",{"micros":7307},"add_authorized_ip",{"micros":3120},"get_guilds",{"micros":5291},"coros_wait",{"micros":2}]}]},"guilds_connect",{"micros":2,"calls":[]},"presence_connect",{"micros":1,"calls":[]}]}]}] (Session ID: 16bd5537e161064c00bcbe424e2892b2).
2022-05-30 07:14:55,076 INFO: 目前登入身份：神奇海螺#3847
2022-05-30 10:33:30,736 INFO: Got a request to RESUME the websocket.
2022-05-30 10:33:30,896 INFO: Shard ID None has sent the RESUME payload.
2022-05-30 10:33:30,933 INFO: Shard ID None has successfully RESUMED session 16bd5537e161064c00bcbe424e2892b2 under trace ["gateway-prd-main-mnnw",{"micros":581,"calls":["discord-sessions-green-prd-2-36",{"micros":20}]}].
2022-05-30 11:37:26,571 INFO: Websocket closed with 1006, attempting a reconnect.
2022-05-30 11:37:26,571 INFO: Got a request to RESUME the websocket.
2022-05-30 11:37:26,735 INFO: Shard ID None has sent the RESUME payload.
2022-05-30 11:37:26,778 INFO: Shard ID None has successfully RESUMED session 16bd5537e161064c00bcbe424e2892b2 under trace ["gateway-prd-main-t8kr",{"micros":542,"calls":["discord-sessions-green-prd-2-36",{"micros":19}]}].
2022-05-30 12:07:30,126 INFO: Got a request to RESUME the websocket.
2022-05-30 12:07:30,289 INFO: Shard ID None has sent the RESUME payload.
2022-05-30 12:07:30,329 INFO: Shard ID None has successfully RESUMED session 16bd5537e161064c00bcbe424e2892b2 under trace ["gateway-prd-main-p99s",{"micros":589,"calls":["discord-sessions-green-prd-2-36",{"micros":23}]}].
2022-05-30 12:24:09,959 INFO: Websocket closed with 1006, attempting a reconnect.
2022-05-30 12:24:09,959 INFO: Got a request to RESUME the websocket.
2022-05-30 12:24:10,127 INFO: Shard ID None has sent the RESUME payload.
2022-05-30 12:24:10,167 INFO: Shard ID None has successfully RESUMED session 16bd5537e161064c00bcbe424e2892b2 under trace ["gateway-prd-main-bkx1",{"micros":2227,"calls":["discord-sessions-green-prd-2-36",{"micros":22}]}].
2022-05-30 13:15:35,113 INFO: Websocket closed with 1006, attempting a reconnect.
2022-05-30 13:15:35,113 INFO: Got a request to RESUME the websocket.
2022-05-30 13:15:35,279 INFO: Shard ID None has sent the RESUME payload.
2022-05-30 13:15:35,317 INFO: Shard ID None has successfully RESUMED session 16bd5537e161064c00bcbe424e2892b2 under trace ["gateway-prd-main-d1p4",{"micros":645,"calls":["discord-sessions-green-prd-2-36",{"micros":21}]}].
2022-05-30 13:17:12,364 INFO: 不偷家的飄飄大仙 in 9又4分之8.7月台[123是什麼敷衍的名字]
2022-05-30 13:17:12,388 INFO: Connecting to voice...
2022-05-30 13:17:12,388 INFO: Starting voice handshake... (connection attempt 1)
2022-05-30 13:17:12,512 INFO: Voice handshake complete. Endpoint found hongkong6212.discord.media
2022-05-30 13:17:12,718 ERROR: Exception occurred during Voice Protocol voice server update handler
Traceback (most recent call last):
  File "/opt/virtualenvs/python3/lib/python3.8/site-packages/discord/state.py", line 102, in logging_coroutine
    await coroutine
  File "/opt/virtualenvs/python3/lib/python3.8/site-packages/discord/voice_client.py", line 295, in on_voice_server_update
    await self.ws.close(4000)
AttributeError: 'NoneType' object has no attribute 'close'
2022-05-30 13:17:13,768 INFO: selected the voice protocol for use (xsalsa20_poly1305_lite)
2022-05-30 13:17:13,981 INFO: received secret key for voice connection
2022-05-30 13:17:17,069 INFO: Preparing to terminate ffmpeg process 1137.
2022-05-30 13:17:17,070 INFO: ffmpeg process 1137 successfully terminated with return code of 0.
2022-05-30 13:17:19,666 INFO: Preparing to terminate ffmpeg process 1148.
2022-05-30 13:17:19,667 INFO: ffmpeg process 1148 successfully terminated with return code of 0.
2022-05-30 13:17:20,735 INFO: The voice handshake is being terminated for Channel ID 728631391809437746 (Guild ID 428109526550708234)
2022-05-30 13:17:20,735 INFO: Disconnecting from voice normally, close code 1000.
2022-05-30 13:18:05,670 INFO: 神奇海螺 in 9又4分之8.7月台[123是什麼敷衍的名字]
2022-05-30 13:18:05,681 INFO: Connecting to voice...
2022-05-30 13:18:05,681 INFO: Starting voice handshake... (connection attempt 1)
2022-05-30 13:18:06,061 INFO: Voice handshake complete. Endpoint found hongkong6212.discord.media
2022-05-30 13:18:07,315 INFO: selected the voice protocol for use (xsalsa20_poly1305_lite)
2022-05-30 13:18:07,526 INFO: received secret key for voice connection
2022-05-30 13:18:09,873 INFO: Preparing to terminate ffmpeg process 1159.
2022-05-30 13:18:09,874 INFO: ffmpeg process 1159 successfully terminated with return code of 0.
2022-05-30 13:18:12,213 INFO: Preparing to terminate ffmpeg process 1169.
2022-05-30 13:18:12,213 INFO: ffmpeg process 1169 successfully terminated with return code of 0.
2022-05-30 13:18:13,259 INFO: The voice handshake is being terminated for Channel ID 728631391809437746 (Guild ID 428109526550708234)
2022-05-30 13:18:13,260 INFO: Disconnecting from voice normally, close code 1000.
2022-05-30 13:20:42,941 INFO: SparkleZ in 9又4分之8.7月台[123是什麼敷衍的名字]
2022-05-30 13:20:42,983 INFO: Connecting to voice...
2022-05-30 13:20:42,984 INFO: Starting voice handshake... (connection attempt 1)
2022-05-30 13:20:43,866 INFO: Voice handshake complete. Endpoint found hongkong6212.discord.media
2022-05-30 13:20:45,141 INFO: selected the voice protocol for use (xsalsa20_poly1305_lite)
2022-05-30 13:20:45,352 INFO: received secret key for voice connection
2022-05-30 13:20:47,342 INFO: Preparing to terminate ffmpeg process 1180.
2022-05-30 13:20:47,343 INFO: ffmpeg process 1180 successfully terminated with return code of 0.
2022-05-30 13:20:49,478 INFO: Preparing to terminate ffmpeg process 1190.
2022-05-30 13:20:49,478 INFO: ffmpeg process 1190 successfully terminated with return code of 0.
2022-05-30 13:20:50,483 INFO: The voice handshake is being terminated for Channel ID 728631391809437746 (Guild ID 428109526550708234)
2022-05-30 13:20:50,483 INFO: Disconnecting from voice normally, close code 1000.
2022-05-30 14:06:53,482 INFO: Got a request to RESUME the websocket.
2022-05-30 14:06:53,968 INFO: Shard ID None has sent the RESUME payload.
2022-05-30 14:06:54,025 INFO: Shard ID None has successfully RESUMED session 16bd5537e161064c00bcbe424e2892b2 under trace ["gateway-prd-main-96ng",{"micros":11435,"calls":["discord-sessions-green-prd-2-36",{"micros":21}]}].
2022-05-30 14:09:03,658 INFO: KyrieR in 9又4分之8.7月台[123是什麼敷衍的名字]
2022-05-30 14:09:03,689 INFO: Connecting to voice...
2022-05-30 14:09:03,689 INFO: Starting voice handshake... (connection attempt 1)
2022-05-30 14:09:04,585 INFO: Voice handshake complete. Endpoint found hongkong6212.discord.media
2022-05-30 14:09:05,842 INFO: selected the voice protocol for use (xsalsa20_poly1305_lite)
2022-05-30 14:09:06,056 INFO: received secret key for voice connection
2022-05-30 14:09:08,146 INFO: Preparing to terminate ffmpeg process 1329.
2022-05-30 14:09:08,146 INFO: ffmpeg process 1329 successfully terminated with return code of 0.
2022-05-30 14:09:10,243 INFO: Preparing to terminate ffmpeg process 1339.
2022-05-30 14:09:10,243 INFO: ffmpeg process 1339 successfully terminated with return code of 0.
2022-05-30 14:09:11,286 INFO: The voice handshake is being terminated for Channel ID 728631391809437746 (Guild ID 428109526550708234)
2022-05-30 14:09:11,287 INFO: Disconnecting from voice normally, close code 1000.
2022-05-30 14:11:03,407 INFO: KyrieR out 9又4分之8.7月台[123是什麼敷衍的名字]
2022-05-30 14:11:03,407 INFO: Connecting to voice...
2022-05-30 14:11:03,407 INFO: Starting voice handshake... (connection attempt 1)
2022-05-30 14:11:04,362 INFO: Voice handshake complete. Endpoint found hongkong6212.discord.media
2022-05-30 14:11:05,623 INFO: selected the voice protocol for use (xsalsa20_poly1305_lite)
2022-05-30 14:11:05,834 INFO: received secret key for voice connection
2022-05-30 14:11:07,642 INFO: Preparing to terminate ffmpeg process 1350.
2022-05-30 14:11:07,643 INFO: ffmpeg process 1350 successfully terminated with return code of 0.
2022-05-30 14:11:08,648 INFO: The voice handshake is being terminated for Channel ID 728631391809437746 (Guild ID 428109526550708234)
2022-05-30 14:11:08,649 INFO: Disconnecting from voice normally, close code 1000.
2022-05-30 14:11:27,160 INFO: KyrieR in 9又4分之8.7月台[123是什麼敷衍的名字]
2022-05-30 14:11:27,211 INFO: Connecting to voice...
2022-05-30 14:11:27,212 INFO: Starting voice handshake... (connection attempt 1)
2022-05-30 14:11:27,491 INFO: Voice handshake complete. Endpoint found hongkong6212.discord.media
2022-05-30 14:11:28,797 INFO: selected the voice protocol for use (xsalsa20_poly1305_lite)
2022-05-30 14:11:29,016 INFO: received secret key for voice connection
2022-05-30 14:11:31,104 INFO: Preparing to terminate ffmpeg process 1361.
2022-05-30 14:11:31,105 INFO: ffmpeg process 1361 successfully terminated with return code of 0.
2022-05-30 14:11:33,741 INFO: Preparing to terminate ffmpeg process 1371.
2022-05-30 14:11:33,742 INFO: ffmpeg process 1371 successfully terminated with return code of 0.
2022-05-30 14:11:34,747 INFO: The voice handshake is being terminated for Channel ID 728631391809437746 (Guild ID 428109526550708234)
2022-05-30 14:11:34,747 INFO: Disconnecting from voice normally, close code 1000.
2022-05-30 14:11:48,562 INFO: KyrieR out 9又4分之8.7月台[123是什麼敷衍的名字]
2022-05-30 14:11:48,563 INFO: Connecting to voice...
2022-05-30 14:11:48,563 INFO: Starting voice handshake... (connection attempt 1)
2022-05-30 14:11:48,944 INFO: Voice handshake complete. Endpoint found hongkong6212.discord.media
2022-05-30 14:11:50,210 INFO: selected the voice protocol for use (xsalsa20_poly1305_lite)
2022-05-30 14:11:50,421 INFO: received secret key for voice connection
2022-05-30 14:11:52,230 INFO: Preparing to terminate ffmpeg process 1382.
2022-05-30 14:11:52,231 INFO: ffmpeg process 1382 successfully terminated with return code of 0.
2022-05-30 14:11:53,236 INFO: The voice handshake is being terminated for Channel ID 728631391809437746 (Guild ID 428109526550708234)
2022-05-30 14:11:53,237 INFO: Disconnecting from voice normally, close code 1000.
2022-05-30 14:30:51,184 INFO: BunnyplayGG in 9又4分之8.7月台[123是什麼敷衍的名字]
2022-05-30 14:30:51,206 INFO: Connecting to voice...
2022-05-30 14:30:51,206 INFO: Starting voice handshake... (connection attempt 1)
2022-05-30 14:30:52,128 INFO: Voice handshake complete. Endpoint found hongkong6212.discord.media
2022-05-30 14:30:53,394 INFO: selected the voice protocol for use (xsalsa20_poly1305_lite)
2022-05-30 14:30:53,610 INFO: received secret key for voice connection
2022-05-30 14:30:56,011 INFO: Preparing to terminate ffmpeg process 1393.
2022-05-30 14:30:56,011 INFO: ffmpeg process 1393 successfully terminated with return code of 0.
2022-05-30 14:30:58,310 INFO: Preparing to terminate ffmpeg process 1403.
2022-05-30 14:30:58,311 INFO: ffmpeg process 1403 successfully terminated with return code of 0.
2022-05-30 14:30:59,358 INFO: The voice handshake is being terminated for Channel ID 728631391809437746 (Guild ID 428109526550708234)
2022-05-30 14:30:59,359 INFO: Disconnecting from voice normally, close code 1000.
2022-05-30 14:36:27,032 INFO: KyrieR in 9又4分之8.7月台[打不出幹話就講出來啊]
2022-05-30 14:36:27,077 INFO: Connecting to voice...
2022-05-30 14:36:27,078 INFO: Starting voice handshake... (connection attempt 1)
2022-05-30 14:36:27,174 INFO: Voice handshake complete. Endpoint found hongkong1395.discord.media
2022-05-30 14:36:27,366 ERROR: Exception occurred during Voice Protocol voice server update handler
Traceback (most recent call last):
  File "/opt/virtualenvs/python3/lib/python3.8/site-packages/discord/state.py", line 102, in logging_coroutine
    await coroutine
  File "/opt/virtualenvs/python3/lib/python3.8/site-packages/discord/voice_client.py", line 295, in on_voice_server_update
    await self.ws.close(4000)
AttributeError: 'NoneType' object has no attribute 'close'
2022-05-30 14:36:28,442 INFO: selected the voice protocol for use (xsalsa20_poly1305_lite)
2022-05-30 14:36:28,654 INFO: received secret key for voice connection
2022-05-30 14:36:30,747 INFO: Preparing to terminate ffmpeg process 1414.
2022-05-30 14:36:30,747 INFO: ffmpeg process 1414 successfully terminated with return code of 0.
2022-05-30 14:36:32,923 INFO: Preparing to terminate ffmpeg process 1424.
2022-05-30 14:36:32,923 INFO: ffmpeg process 1424 successfully terminated with return code of 0.
2022-05-30 14:36:33,987 INFO: The voice handshake is being terminated for Channel ID 428109526550708238 (Guild ID 428109526550708234)
2022-05-30 14:36:33,988 INFO: Disconnecting from voice normally, close code 1000.
2022-05-30 14:36:39,821 INFO: KyrieR out 9又4分之8.7月台[打不出幹話就講出來啊]
2022-05-30 14:36:39,822 INFO: Connecting to voice...
2022-05-30 14:36:39,822 INFO: Starting voice handshake... (connection attempt 1)
2022-05-30 14:36:40,025 INFO: Voice handshake complete. Endpoint found us-central8483.discord.media
2022-05-30 14:36:40,138 INFO: selected the voice protocol for use (xsalsa20_poly1305_lite)
2022-05-30 14:36:40,156 INFO: received secret key for voice connection
2022-05-30 14:36:41,971 INFO: Preparing to terminate ffmpeg process 1435.
2022-05-30 14:36:41,971 INFO: ffmpeg process 1435 successfully terminated with return code of 0.
2022-05-30 14:36:42,978 INFO: The voice handshake is being terminated for Channel ID 428109526550708238 (Guild ID 428109526550708234)
2022-05-30 14:36:42,979 INFO: Disconnecting from voice normally, close code 1000.
2022-05-30 14:55:11,706 INFO: KyrieR in 9又4分之8.7月台[123是什麼敷衍的名字]
2022-05-30 14:55:11,798 INFO: Connecting to voice...
2022-05-30 14:55:11,798 INFO: Starting voice handshake... (connection attempt 1)
2022-05-30 14:55:12,634 INFO: Voice handshake complete. Endpoint found hongkong6212.discord.media
2022-05-30 14:55:13,908 INFO: selected the voice protocol for use (xsalsa20_poly1305_lite)
2022-05-30 14:55:14,128 INFO: received secret key for voice connection
2022-05-30 14:55:16,217 INFO: Preparing to terminate ffmpeg process 1446.
2022-05-30 14:55:16,218 INFO: ffmpeg process 1446 successfully terminated with return code of 0.
2022-05-30 14:55:18,534 INFO: Preparing to terminate ffmpeg process 1456.
2022-05-30 14:55:18,535 INFO: ffmpeg process 1456 successfully terminated with return code of 0.
2022-05-30 14:55:19,562 INFO: The voice handshake is being terminated for Channel ID 728631391809437746 (Guild ID 428109526550708234)
2022-05-30 14:55:19,562 INFO: Disconnecting from voice normally, close code 1000.
2022-05-30 15:05:52,317 INFO: DADA的DIAO in 9又4分之8.7月台[123是什麼敷衍的名字]
2022-05-30 15:05:52,363 INFO: Connecting to voice...
2022-05-30 15:05:52,363 INFO: Starting voice handshake... (connection attempt 1)
2022-05-30 15:05:53,259 INFO: Voice handshake complete. Endpoint found hongkong6212.discord.media
2022-05-30 15:05:54,536 INFO: selected the voice protocol for use (xsalsa20_poly1305_lite)
2022-05-30 15:05:54,749 INFO: received secret key for voice connection
2022-05-30 15:05:57,522 INFO: Preparing to terminate ffmpeg process 1498.
2022-05-30 15:05:57,523 INFO: ffmpeg process 1498 successfully terminated with return code of 0.
2022-05-30 15:05:59,539 INFO: Preparing to terminate ffmpeg process 1508.
2022-05-30 15:05:59,540 INFO: ffmpeg process 1508 successfully terminated with return code of 0.
2022-05-30 15:06:00,582 INFO: The voice handshake is being terminated for Channel ID 728631391809437746 (Guild ID 428109526550708234)
2022-05-30 15:06:00,582 INFO: Disconnecting from voice normally, close code 1000.
2022-05-30 15:14:49,912 INFO: DADA的DIAO out 9又4分之8.7月台[123是什麼敷衍的名字]
2022-05-30 15:14:49,912 INFO: Connecting to voice...
2022-05-30 15:14:49,913 INFO: Starting voice handshake... (connection attempt 1)
2022-05-30 15:14:50,840 INFO: Voice handshake complete. Endpoint found hongkong6212.discord.media
2022-05-30 15:14:52,135 INFO: selected the voice protocol for use (xsalsa20_poly1305_lite)
2022-05-30 15:14:52,355 INFO: received secret key for voice connection
2022-05-30 15:14:54,445 INFO: Preparing to terminate ffmpeg process 1578.
2022-05-30 15:14:54,448 INFO: ffmpeg process 1578 successfully terminated with return code of 0.
2022-05-30 15:14:55,477 INFO: The voice handshake is being terminated for Channel ID 728631391809437746 (Guild ID 428109526550708234)
2022-05-30 15:14:55,478 INFO: Disconnecting from voice normally, close code 1000.
2022-05-30 15:37:49,688 INFO: logging in using static token
2022-05-30 15:37:49,964 INFO: Shard ID None has sent the IDENTIFY payload.
2022-05-30 15:37:50,113 INFO: Shard ID None has connected to Gateway: ["gateway-prd-main-z790",{"micros":106926,"calls":["discord-sessions-green-prd-2-143",{"micros":105855,"calls":["start_session",{"micros":92710,"calls":["discord-api-b69489cd9-86s5l",{"micros":88510,"calls":["get_user",{"micros":17790},"add_authorized_ip",{"micros":6233},"get_guilds",{"micros":11515},"coros_wait",{"micros":2}]}]},"guilds_connect",{"micros":3,"calls":[]},"presence_connect",{"micros":1,"calls":[]}]}]}] (Session ID: 7f0d4363df1db999a5f4646ccb731f82).
2022-05-30 15:37:52,178 INFO: 目前登入身份：神奇海螺#3847
2022-05-30 16:20:41,180 INFO: BunnyplayGG out 9又4分之8.7月台[123是什麼敷衍的名字]
2022-05-30 16:20:41,180 INFO: Connecting to voice...
2022-05-30 16:20:41,180 INFO: Starting voice handshake... (connection attempt 1)
2022-05-30 16:20:42,165 INFO: Voice handshake complete. Endpoint found hongkong6212.discord.media
2022-05-30 16:20:43,467 INFO: selected the voice protocol for use (xsalsa20_poly1305_lite)
2022-05-30 16:20:43,688 INFO: received secret key for voice connection
2022-05-30 16:20:46,070 INFO: Preparing to terminate ffmpeg process 228.
2022-05-30 16:20:46,071 INFO: ffmpeg process 228 successfully terminated with return code of 0.
2022-05-30 16:20:47,119 INFO: The voice handshake is being terminated for Channel ID 728631391809437746 (Guild ID 428109526550708234)
2022-05-30 16:20:47,120 INFO: Disconnecting from voice normally, close code 1000.
2022-05-30 16:22:33,181 INFO: SparkleZ out 9又4分之8.7月台[123是什麼敷衍的名字]
2022-05-30 16:22:33,181 INFO: Connecting to voice...
2022-05-30 16:22:33,182 INFO: Starting voice handshake... (connection attempt 1)
2022-05-30 16:22:34,125 INFO: Voice handshake complete. Endpoint found hongkong6212.discord.media
2022-05-30 16:22:35,387 INFO: selected the voice protocol for use (xsalsa20_poly1305_lite)
2022-05-30 16:22:35,598 INFO: received secret key for voice connection
2022-05-30 16:22:37,583 INFO: Preparing to terminate ffmpeg process 240.
2022-05-30 16:22:37,584 INFO: ffmpeg process 240 successfully terminated with return code of 0.
2022-05-30 16:22:38,612 INFO: The voice handshake is being terminated for Channel ID 728631391809437746 (Guild ID 428109526550708234)
2022-05-30 16:22:38,613 INFO: Disconnecting from voice normally, close code 1000.
2022-05-30 16:45:03,770 INFO: KyrieR out 9又4分之8.7月台[123是什麼敷衍的名字]
2022-05-30 16:45:03,770 INFO: Connecting to voice...
2022-05-30 16:45:03,770 INFO: Starting voice handshake... (connection attempt 1)
2022-05-30 16:45:04,775 INFO: Voice handshake complete. Endpoint found hongkong6212.discord.media
2022-05-30 16:45:06,101 INFO: selected the voice protocol for use (xsalsa20_poly1305_lite)
2022-05-30 16:45:06,359 INFO: received secret key for voice connection
2022-05-30 16:45:08,164 INFO: Preparing to terminate ffmpeg process 345.
2022-05-30 16:45:08,165 INFO: ffmpeg process 345 successfully terminated with return code of 0.
2022-05-30 16:45:09,172 INFO: The voice handshake is being terminated for Channel ID 728631391809437746 (Guild ID 428109526550708234)
2022-05-30 16:45:09,173 INFO: Disconnecting from voice normally, close code 1000.
2022-05-30 16:50:13,799 INFO: 不偷家的飄飄大仙 out 9又4分之8.7月台[123是什麼敷衍的名字]
2022-05-30 16:50:13,800 INFO: Connecting to voice...
2022-05-30 16:50:13,800 INFO: Starting voice handshake... (connection attempt 1)
2022-05-30 16:50:14,758 INFO: Voice handshake complete. Endpoint found hongkong6212.discord.media
2022-05-30 16:50:16,023 INFO: selected the voice protocol for use (xsalsa20_poly1305_lite)
2022-05-30 16:50:16,233 INFO: received secret key for voice connection
2022-05-30 16:50:19,121 INFO: Preparing to terminate ffmpeg process 356.
2022-05-30 16:50:19,121 INFO: ffmpeg process 356 successfully terminated with return code of 0.
2022-05-30 16:50:20,151 INFO: The voice handshake is being terminated for Channel ID 728631391809437746 (Guild ID 428109526550708234)
2022-05-30 16:50:20,152 INFO: Disconnecting from voice normally, close code 1000.
2022-05-30 19:23:27,761 INFO: Got a request to RESUME the websocket.
2022-05-30 19:23:27,936 INFO: Shard ID None has sent the RESUME payload.
2022-05-30 19:23:27,979 INFO: Shard ID None has successfully RESUMED session 7f0d4363df1db999a5f4646ccb731f82 under trace ["gateway-prd-main-1fz6",{"micros":617,"calls":["discord-sessions-green-prd-2-143",{"micros":21}]}].
2022-05-30 21:01:11,524 INFO: Got a request to RESUME the websocket.
2022-05-30 21:01:11,688 INFO: Shard ID None has sent the RESUME payload.
2022-05-30 21:01:11,728 INFO: Shard ID None has successfully RESUMED session 7f0d4363df1db999a5f4646ccb731f82 under trace ["gateway-prd-main-g2lf",{"micros":496,"calls":["discord-sessions-green-prd-2-143",{"micros":20}]}].
2022-05-30 23:09:54,706 INFO: Websocket closed with 1006, attempting a reconnect.
2022-05-30 23:09:54,706 INFO: Got a request to RESUME the websocket.
2022-05-30 23:09:54,864 INFO: Shard ID None has sent the RESUME payload.
2022-05-30 23:09:54,908 INFO: Shard ID None has successfully RESUMED session 7f0d4363df1db999a5f4646ccb731f82 under trace ["gateway-prd-main-n5dl",{"micros":542,"calls":["discord-sessions-green-prd-2-143",{"micros":20}]}].
