2022-04-20 21:05:31,681 INFO: logging in using static token
2022-04-20 21:05:31,937 INFO: Shard ID None has sent the IDENTIFY payload.
2022-04-20 21:05:32,103 INFO: Shard ID None has connected to Gateway: ["gateway-prd-main-gs9q",{"micros":109211,"calls":["discord-sessions-blue-prd-2-66",{"micros":105474,"calls":["start_session",{"micros":73438,"calls":["discord-api-748d746b94-wd7j2",{"micros":69367,"calls":["get_user",{"micros":6147},"add_authorized_ip",{"micros":1497},"get_guilds",{"micros":13763},"coros_wait",{"micros":2}]}]},"guilds_connect",{"micros":21,"calls":[]},"presence_connect",{"micros":1,"calls":[]}]}]}] (Session ID: f20a41e548c945751ae6ab7150435500).
2022-04-20 21:05:34,152 INFO: 目前登入身份：神奇海螺#3847
2022-04-20 21:32:01,338 INFO: logging in using static token
2022-04-20 21:32:01,611 INFO: Shard ID None has sent the IDENTIFY payload.
2022-04-20 21:32:01,745 INFO: Shard ID None has connected to Gateway: ["gateway-prd-main-3z2r",{"micros":91955,"calls":["discord-sessions-blue-prd-2-113",{"micros":90559,"calls":["start_session",{"micros":49445,"calls":["discord-api-6ff95f9b46-5txfg",{"micros":44798,"calls":["get_user",{"micros":9539},"add_authorized_ip",{"micros":3890},"get_guilds",{"micros":3919},"coros_wait",{"micros":3}]}]},"guilds_connect",{"micros":13,"calls":[]},"presence_connect",{"micros":1,"calls":[]}]}]}] (Session ID: 524fcc5c036155f73130cc02c5e163e8).
2022-04-20 21:32:03,788 INFO: 目前登入身份：神奇海螺#3847
2022-04-20 22:24:13,491 INFO: logging in using static token
2022-04-20 22:24:13,781 INFO: Shard ID None has sent the IDENTIFY payload.
2022-04-20 22:24:13,888 INFO: Shard ID None has connected to Gateway: ["gateway-prd-main-ddrn",{"micros":64498,"calls":["discord-sessions-blue-prd-2-86",{"micros":63729,"calls":["start_session",{"micros":41480,"calls":["discord-api-6f4c84c5bb-zs65c",{"micros":37178,"calls":["get_user",{"micros":6567},"add_authorized_ip",{"micros":2002},"get_guilds",{"micros":5003},"coros_wait",{"micros":3}]}]},"guilds_connect",{"micros":26,"calls":[]},"presence_connect",{"micros":2,"calls":[]}]}]}] (Session ID: 41b105fa33092e0fa328c4e9274917ab).
2022-04-20 22:24:15,941 INFO: 目前登入身份：神奇海螺#3847
2022-04-20 23:49:07,705 INFO: logging in using static token
2022-04-20 23:49:07,985 INFO: Shard ID None has sent the IDENTIFY payload.
2022-04-20 23:49:08,128 INFO: Shard ID None has connected to Gateway: ["gateway-prd-main-v5gk",{"micros":104439,"calls":["discord-sessions-blue-prd-2-91",{"micros":103609,"calls":["start_session",{"micros":60920,"calls":["discord-api-6f4c84c5bb-dmd8z",{"micros":55470,"calls":["get_user",{"micros":10976},"add_authorized_ip",{"micros":6070},"get_guilds",{"micros":7417},"coros_wait",{"micros":2}]}]},"guilds_connect",{"micros":2,"calls":[]},"presence_connect",{"micros":851,"calls":[]}]}]}] (Session ID: 3a608deb98a1c70a67840ee81c410a3e).
2022-04-20 23:49:10,171 INFO: 目前登入身份：神奇海螺#3847
2022-04-21 08:24:49,446 INFO: logging in using static token
2022-04-21 08:24:49,684 INFO: Shard ID None has sent the IDENTIFY payload.
2022-04-21 08:24:49,807 INFO: Shard ID None has connected to Gateway: ["gateway-prd-main-t8rj",{"micros":85055,"calls":["discord-sessions-blue-prd-2-74",{"micros":84185,"calls":["start_session",{"micros":54809,"calls":["discord-api-6f4c84c5bb-8cr4s",{"micros":50796,"calls":["get_user",{"micros":8264},"add_authorized_ip",{"micros":2728},"get_guilds",{"micros":7670},"coros_wait",{"micros":2}]}]},"guilds_connect",{"micros":23,"calls":[]},"presence_connect",{"micros":1,"calls":[]}]}]}] (Session ID: abb3d2eb18bf858e1715bcaefcf5881b).
2022-04-21 08:24:51,884 INFO: 目前登入身份：神奇海螺#3847
