2022-09-21 20:29:56,459 INFO: logging in using static token
2022-09-21 20:29:56,800 INFO: Shard ID None has sent the IDENTIFY payload.
2022-09-21 20:29:57,122 INFO: Shard ID None has connected to Gateway: ["gateway-prd-us-east1-d-7lhd",{"micros":289578,"calls":["id_created",{"micros":2485,"calls":[]},"session_lookup_time",{"micros":378,"calls":[]},"session_lookup_finished",{"micros":12,"calls":[]},"discord-sessions-blue-prd-2-240",{"micros":284604,"calls":["start_session",{"micros":222667,"calls":["discord-api-788584c4bc-pktdx",{"micros":212203,"calls":["get_user",{"micros":51168},"get_guilds",{"micros":22085},"send_scheduled_deletion_message",{"micros":10},"guild_join_requests",{"micros":1},"authorized_ip_coro",{"micros":14}]}]},"starting_guild_connect",{"micros":40,"calls":[]},"presence_started",{"micros":1548,"calls":[]},"guilds_started",{"micros":124,"calls":[]},"guilds_connect",{"micros":1,"calls":[]},"presence_connect",{"micros":60197,"calls":[]},"connect_finished",{"micros":60202,"calls":[]},"build_ready",{"micros":19,"calls":[]},"optimize_ready",{"micros":1,"calls":[]},"split_ready",{"micros":1,"calls":[]},"clean_ready",{"micros":1,"calls":[]}]}]}] (Session ID: e7c25f0d3c3f2f852a545c045629637a).
2022-09-21 20:29:59,179 INFO: 目前登入身份：神奇海螺#3847
2022-09-21 22:27:52,043 INFO: Got a request to RESUME the websocket.
2022-09-21 22:27:52,217 INFO: Shard ID None has sent the RESUME payload.
2022-09-21 22:27:52,253 INFO: Shard ID None has successfully RESUMED session e7c25f0d3c3f2f852a545c045629637a under trace ["gateway-prd-us-east1-d-5hnh",{"micros":708,"calls":["id_created",{"micros":0,"calls":[]},"session_lookup_time",{"micros":336,"calls":[]},"session_lookup_finished",{"micros":10,"calls":[]},"discord-sessions-blue-prd-2-240",{"micros":21}]}].
2022-09-22 01:19:16,171 INFO: Got a request to RESUME the websocket.
2022-09-22 01:19:16,358 INFO: Shard ID None has sent the RESUME payload.
2022-09-22 01:19:16,390 INFO: Shard ID None has successfully RESUMED session e7c25f0d3c3f2f852a545c045629637a under trace ["gateway-prd-us-east1-b-6sd2",{"micros":722,"calls":["id_created",{"micros":0,"calls":[]},"session_lookup_time",{"micros":364,"calls":[]},"session_lookup_finished",{"micros":9,"calls":[]},"discord-sessions-blue-prd-2-240",{"micros":17}]}].
2022-09-22 01:53:42,428 INFO: Got a request to RESUME the websocket.
2022-09-22 01:53:42,628 INFO: Shard ID None has sent the RESUME payload.
2022-09-22 01:53:42,660 INFO: Shard ID None has successfully RESUMED session e7c25f0d3c3f2f852a545c045629637a under trace ["gateway-prd-us-east1-c-x6fh",{"micros":609,"calls":["id_created",{"micros":0,"calls":[]},"session_lookup_time",{"micros":264,"calls":[]},"session_lookup_finished",{"micros":12,"calls":[]},"discord-sessions-blue-prd-2-240",{"micros":20}]}].
2022-09-22 02:07:27,212 INFO: logging in using static token
2022-09-22 02:07:27,483 INFO: Shard ID None has sent the IDENTIFY payload.
2022-09-22 02:07:27,621 INFO: Shard ID None has connected to Gateway: ["gateway-prd-us-east1-c-nr8f",{"micros":99356,"calls":["id_created",{"micros":949,"calls":[]},"session_lookup_time",{"micros":7815,"calls":[]},"session_lookup_finished",{"micros":10,"calls":[]},"discord-sessions-blue-prd-2-269",{"micros":90295,"calls":["start_session",{"micros":56568,"calls":["discord-api-6b594f7d6d-hl9gt",{"micros":48017,"calls":["get_user",{"micros":10541},"get_guilds",{"micros":5801},"send_scheduled_deletion_message",{"micros":13},"guild_join_requests",{"micros":1},"authorized_ip_coro",{"micros":23}]}]},"starting_guild_connect",{"micros":33,"calls":[]},"presence_started",{"micros":231,"calls":[]},"guilds_started",{"micros":126,"calls":[]},"guilds_connect",{"micros":1,"calls":[]},"presence_connect",{"micros":33313,"calls":[]},"connect_finished",{"micros":33318,"calls":[]},"build_ready",{"micros":17,"calls":[]},"optimize_ready",{"micros":0,"calls":[]},"split_ready",{"micros":1,"calls":[]},"clean_ready",{"micros":0,"calls":[]}]}]}] (Session ID: 0916473b3f116f2312b7fe342ad58e1f).
2022-09-22 02:07:29,814 INFO: 目前登入身份：神奇海螺#3847
2022-09-22 03:10:52,892 INFO: logging in using static token
2022-09-22 03:10:53,233 INFO: Shard ID None has sent the IDENTIFY payload.
2022-09-22 03:10:53,453 INFO: Shard ID None has connected to Gateway: ["gateway-prd-us-east1-b-ppkg",{"micros":136296,"calls":["id_created",{"micros":1011,"calls":[]},"session_lookup_time",{"micros":254,"calls":[]},"session_lookup_finished",{"micros":20,"calls":[]},"discord-sessions-blue-prd-2-70",{"micros":134632,"calls":["start_session",{"micros":81176,"calls":["discord-api-6b594f7d6d-9phhj",{"micros":59153,"calls":["get_user",{"micros":26998},"get_guilds",{"micros":3511},"send_scheduled_deletion_message",{"micros":9},"guild_join_requests",{"micros":1},"authorized_ip_coro",{"micros":7}]}]},"starting_guild_connect",{"micros":64,"calls":[]},"presence_started",{"micros":263,"calls":[]},"guilds_started",{"micros":118,"calls":[]},"guilds_connect",{"micros":2,"calls":[]},"presence_connect",{"micros":52985,"calls":[]},"connect_finished",{"micros":52990,"calls":[]},"build_ready",{"micros":19,"calls":[]},"optimize_ready",{"micros":1,"calls":[]},"split_ready",{"micros":1,"calls":[]},"clean_ready",{"micros":0,"calls":[]}]}]}] (Session ID: 8caa4efbc89df457f99f771aa8afba51).
2022-09-22 03:10:55,497 INFO: 目前登入身份：神奇海螺#3847
2022-09-22 04:31:37,657 INFO: Got a request to RESUME the websocket.
2022-09-22 04:31:37,858 INFO: Shard ID None has sent the RESUME payload.
2022-09-22 04:31:37,949 INFO: Shard ID None has successfully RESUMED session 8caa4efbc89df457f99f771aa8afba51 under trace ["gateway-prd-us-east1-d-3q99",{"micros":730,"calls":["id_created",{"micros":0,"calls":[]},"session_lookup_time",{"micros":382,"calls":[]},"session_lookup_finished",{"micros":10,"calls":[]},"discord-sessions-blue-prd-2-70",{"micros":15}]}].
2022-09-22 05:04:33,193 INFO: Got a request to RESUME the websocket.
2022-09-22 05:04:33,403 INFO: Shard ID None has sent the RESUME payload.
2022-09-22 05:04:33,498 INFO: Shard ID None has successfully RESUMED session 8caa4efbc89df457f99f771aa8afba51 under trace ["gateway-prd-us-east1-d-c5vn",{"micros":568,"calls":["id_created",{"micros":0,"calls":[]},"session_lookup_time",{"micros":262,"calls":[]},"session_lookup_finished",{"micros":9,"calls":[]},"discord-sessions-blue-prd-2-70",{"micros":17}]}].
2022-09-22 05:37:20,017 INFO: Got a request to RESUME the websocket.
2022-09-22 05:37:20,217 INFO: Shard ID None has sent the RESUME payload.
2022-09-22 05:37:20,302 INFO: Shard ID None has successfully RESUMED session 8caa4efbc89df457f99f771aa8afba51 under trace ["gateway-prd-us-east1-d-42p2",{"micros":570,"calls":["id_created",{"micros":0,"calls":[]},"session_lookup_time",{"micros":318,"calls":[]},"session_lookup_finished",{"micros":21,"calls":[]},"discord-sessions-blue-prd-2-70",{"micros":17}]}].
2022-09-22 06:52:31,543 INFO: Got a request to RESUME the websocket.
2022-09-22 06:52:31,735 INFO: Shard ID None has sent the RESUME payload.
2022-09-22 06:52:31,819 INFO: Shard ID None has successfully RESUMED session 8caa4efbc89df457f99f771aa8afba51 under trace ["gateway-prd-us-east1-d-5fx7",{"micros":775,"calls":["id_created",{"micros":0,"calls":[]},"session_lookup_time",{"micros":340,"calls":[]},"session_lookup_finished",{"micros":8,"calls":[]},"discord-sessions-blue-prd-2-70",{"micros":26}]}].
2022-09-22 07:22:21,963 INFO: Got a request to RESUME the websocket.
2022-09-22 07:22:22,180 INFO: Shard ID None has sent the RESUME payload.
2022-09-22 07:22:22,265 INFO: Shard ID None has successfully RESUMED session 8caa4efbc89df457f99f771aa8afba51 under trace ["gateway-prd-us-east1-b-n73x",{"micros":427,"calls":["id_created",{"micros":0,"calls":[]},"session_lookup_time",{"micros":202,"calls":[]},"session_lookup_finished",{"micros":8,"calls":[]},"discord-sessions-blue-prd-2-70",{"micros":19}]}].
2022-09-22 07:59:14,364 INFO: Got a request to RESUME the websocket.
2022-09-22 07:59:14,548 INFO: Shard ID None has sent the RESUME payload.
2022-09-22 07:59:14,646 INFO: Shard ID None has successfully RESUMED session 8caa4efbc89df457f99f771aa8afba51 under trace ["gateway-prd-us-east1-c-rhx7",{"micros":526,"calls":["id_created",{"micros":0,"calls":[]},"session_lookup_time",{"micros":256,"calls":[]},"session_lookup_finished",{"micros":7,"calls":[]},"discord-sessions-blue-prd-2-70",{"micros":14}]}].
2022-09-22 08:11:54,820 INFO: Lexor in 9又4分之8.7月台[欸欸欸這樣配可以嗎(思]
2022-09-22 08:11:54,941 INFO: Connecting to voice...
2022-09-22 08:11:54,941 INFO: Starting voice handshake... (connection attempt 1)
2022-09-22 08:11:55,361 INFO: Voice handshake complete. Endpoint found japan3745.discord.media
2022-09-22 08:11:55,526 ERROR: Exception occurred during Voice Protocol voice server update handler
Traceback (most recent call last):
  File "/opt/virtualenvs/python3/lib/python3.8/site-packages/discord/state.py", line 102, in logging_coroutine
    await coroutine
  File "/opt/virtualenvs/python3/lib/python3.8/site-packages/discord/voice_client.py", line 295, in on_voice_server_update
    await self.ws.close(4000)
AttributeError: 'NoneType' object has no attribute 'close'
2022-09-22 08:11:56,036 INFO: selected the voice protocol for use (xsalsa20_poly1305_lite)
2022-09-22 08:11:56,173 INFO: received secret key for voice connection
2022-09-22 08:11:58,052 INFO: Preparing to terminate ffmpeg process 556.
2022-09-22 08:11:58,053 INFO: ffmpeg process 556 successfully terminated with return code of 0.
2022-09-22 08:12:00,926 INFO: Preparing to terminate ffmpeg process 567.
2022-09-22 08:12:00,926 INFO: ffmpeg process 567 successfully terminated with return code of 0.
2022-09-22 08:12:02,018 INFO: The voice handshake is being terminated for Channel ID 868516155525046333 (Guild ID 428109526550708234)
2022-09-22 08:12:02,019 INFO: Disconnecting from voice normally, close code 1000.
2022-09-22 08:14:15,221 INFO: MaiMai的Pool in 9又4分之8.7月台[欸欸欸這樣配可以嗎(思]
2022-09-22 08:14:15,264 INFO: Connecting to voice...
2022-09-22 08:14:15,264 INFO: Starting voice handshake... (connection attempt 1)
2022-09-22 08:14:15,512 INFO: Voice handshake complete. Endpoint found japan3745.discord.media
2022-09-22 08:14:16,190 INFO: selected the voice protocol for use (xsalsa20_poly1305_lite)
2022-09-22 08:14:16,323 INFO: received secret key for voice connection
2022-09-22 08:14:18,612 INFO: Preparing to terminate ffmpeg process 578.
2022-09-22 08:14:18,613 INFO: ffmpeg process 578 successfully terminated with return code of 0.
2022-09-22 08:14:22,048 INFO: Preparing to terminate ffmpeg process 588.
2022-09-22 08:14:22,048 INFO: ffmpeg process 588 successfully terminated with return code of 0.
2022-09-22 08:14:23,101 INFO: The voice handshake is being terminated for Channel ID 868516155525046333 (Guild ID 428109526550708234)
2022-09-22 08:14:23,102 INFO: Disconnecting from voice normally, close code 1000.
2022-09-22 09:21:17,623 INFO: Got a request to RESUME the websocket.
2022-09-22 09:21:17,810 INFO: Shard ID None has sent the RESUME payload.
2022-09-22 09:21:17,895 INFO: Shard ID None has successfully RESUMED session 8caa4efbc89df457f99f771aa8afba51 under trace ["gateway-prd-us-east1-b-n73x",{"micros":420,"calls":["id_created",{"micros":0,"calls":[]},"session_lookup_time",{"micros":199,"calls":[]},"session_lookup_finished",{"micros":19,"calls":[]},"discord-sessions-blue-prd-2-70",{"micros":15}]}].
2022-09-22 10:40:26,196 INFO: 不偷家的飄飄大仙 in 9又4分之8.7月台[欸欸欸這樣配可以嗎(思]
2022-09-22 10:40:26,280 INFO: Connecting to voice...
2022-09-22 10:40:26,281 INFO: Starting voice handshake... (connection attempt 1)
2022-09-22 10:40:26,556 INFO: Voice handshake complete. Endpoint found japan3745.discord.media
2022-09-22 10:40:27,233 INFO: selected the voice protocol for use (xsalsa20_poly1305_lite)
2022-09-22 10:40:27,384 INFO: received secret key for voice connection
2022-09-22 10:40:30,971 INFO: Preparing to terminate ffmpeg process 872.
2022-09-22 10:40:30,972 INFO: ffmpeg process 872 successfully terminated with return code of 0.
2022-09-22 10:40:33,148 INFO: Preparing to terminate ffmpeg process 882.
2022-09-22 10:40:33,149 INFO: ffmpeg process 882 successfully terminated with return code of 0.
2022-09-22 10:40:34,212 INFO: The voice handshake is being terminated for Channel ID 868516155525046333 (Guild ID 428109526550708234)
2022-09-22 10:40:34,213 INFO: Disconnecting from voice normally, close code 1000.
2022-09-22 10:45:46,131 INFO: Lexor out 9又4分之8.7月台[欸欸欸這樣配可以嗎(思]
2022-09-22 10:45:46,132 INFO: Connecting to voice...
2022-09-22 10:45:46,133 INFO: Starting voice handshake... (connection attempt 1)
2022-09-22 10:45:46,442 INFO: Voice handshake complete. Endpoint found japan3745.discord.media
2022-09-22 10:45:47,105 INFO: selected the voice protocol for use (xsalsa20_poly1305_lite)
2022-09-22 10:45:47,243 INFO: received secret key for voice connection
2022-09-22 10:45:48,933 INFO: Preparing to terminate ffmpeg process 893.
2022-09-22 10:45:48,934 INFO: ffmpeg process 893 successfully terminated with return code of 0.
2022-09-22 10:45:49,961 INFO: The voice handshake is being terminated for Channel ID 868516155525046333 (Guild ID 428109526550708234)
2022-09-22 10:45:49,962 INFO: Disconnecting from voice normally, close code 1000.
2022-09-22 11:29:47,997 INFO: Got a request to RESUME the websocket.
2022-09-22 11:29:48,210 INFO: Shard ID None has sent the RESUME payload.
2022-09-22 11:29:48,327 INFO: Shard ID None has successfully RESUMED session 8caa4efbc89df457f99f771aa8afba51 under trace ["gateway-prd-us-east1-d-j2mb",{"micros":613,"calls":["id_created",{"micros":0,"calls":[]},"session_lookup_time",{"micros":274,"calls":[]},"session_lookup_finished",{"micros":13,"calls":[]},"discord-sessions-blue-prd-2-70",{"micros":13}]}].
2022-09-22 11:48:41,109 INFO: Timed out receiving packet. Attempting a reconnect.
2022-09-22 11:48:41,110 INFO: Got a request to RESUME the websocket.
2022-09-22 11:48:41,660 INFO: Shard ID None has sent the RESUME payload.
2022-09-22 11:48:41,848 INFO: Shard ID None has successfully RESUMED session 8caa4efbc89df457f99f771aa8afba51 under trace ["gateway-prd-us-east1-b-6sd2",{"micros":554,"calls":["id_created",{"micros":0,"calls":[]},"session_lookup_time",{"micros":234,"calls":[]},"session_lookup_finished",{"micros":10,"calls":[]},"discord-sessions-blue-prd-2-70",{"micros":17}]}].
2022-09-22 12:25:58,668 INFO: logging in using static token
2022-09-22 12:25:59,036 INFO: Shard ID None has sent the IDENTIFY payload.
2022-09-22 12:25:59,177 INFO: Shard ID None has connected to Gateway: ["gateway-prd-us-east1-d-k7gk",{"micros":56706,"calls":["id_created",{"micros":888,"calls":[]},"session_lookup_time",{"micros":437,"calls":[]},"session_lookup_finished",{"micros":9,"calls":[]},"discord-sessions-blue-prd-2-45",{"micros":54739,"calls":["start_session",{"micros":50469,"calls":["discord-api-6b594f7d6d-lnfdq",{"micros":43945,"calls":["get_user",{"micros":10246},"get_guilds",{"micros":5171},"send_scheduled_deletion_message",{"micros":11},"guild_join_requests",{"micros":2},"authorized_ip_coro",{"micros":12}]}]},"starting_guild_connect",{"micros":69,"calls":[]},"presence_started",{"micros":335,"calls":[]},"guilds_started",{"micros":140,"calls":[]},"guilds_connect",{"micros":1,"calls":[]},"presence_connect",{"micros":3694,"calls":[]},"connect_finished",{"micros":3699,"calls":[]},"build_ready",{"micros":23,"calls":[]},"optimize_ready",{"micros":1,"calls":[]},"split_ready",{"micros":1,"calls":[]},"clean_ready",{"micros":1,"calls":[]}]}]}] (Session ID: d3841a57246c7774eb5b347cc07dd155).
2022-09-22 12:26:01,254 INFO: 目前登入身份：神奇海螺#3847
2022-09-22 12:59:11,882 INFO: Websocket closed with 1006, attempting a reconnect.
2022-09-22 12:59:11,882 INFO: Got a request to RESUME the websocket.
2022-09-22 12:59:12,098 INFO: Shard ID None has sent the RESUME payload.
2022-09-22 12:59:12,196 INFO: Shard ID None has successfully RESUMED session d3841a57246c7774eb5b347cc07dd155 under trace ["gateway-prd-us-east1-d-kjsk",{"micros":538,"calls":["id_created",{"micros":0,"calls":[]},"session_lookup_time",{"micros":261,"calls":[]},"session_lookup_finished",{"micros":11,"calls":[]},"discord-sessions-blue-prd-2-45",{"micros":18}]}].
2022-09-22 13:11:16,240 INFO: Lexor in 9又4分之8.7月台[欸欸欸這樣配可以嗎(思]
2022-09-22 13:11:16,282 INFO: Connecting to voice...
2022-09-22 13:11:16,282 INFO: Starting voice handshake... (connection attempt 1)
2022-09-22 13:11:16,938 INFO: Voice handshake complete. Endpoint found japan3745.discord.media
2022-09-22 13:11:17,680 INFO: selected the voice protocol for use (xsalsa20_poly1305_lite)
2022-09-22 13:11:17,831 INFO: received secret key for voice connection
2022-09-22 13:11:20,235 INFO: Preparing to terminate ffmpeg process 200.
2022-09-22 13:11:20,236 INFO: ffmpeg process 200 successfully terminated with return code of 0.
2022-09-22 13:11:21,738 INFO: Preparing to terminate ffmpeg process 211.
2022-09-22 13:11:21,738 INFO: ffmpeg process 211 successfully terminated with return code of 0.
2022-09-22 13:11:23,278 INFO: The voice handshake is being terminated for Channel ID 868516155525046333 (Guild ID 428109526550708234)
2022-09-22 13:11:23,278 INFO: Disconnecting from voice normally, close code 1000.
2022-09-22 13:45:36,180 INFO: Websocket closed with 1006, attempting a reconnect.
2022-09-22 13:45:36,180 INFO: Got a request to RESUME the websocket.
2022-09-22 13:45:36,373 INFO: Shard ID None has sent the RESUME payload.
2022-09-22 13:45:36,486 INFO: Shard ID None has successfully RESUMED session d3841a57246c7774eb5b347cc07dd155 under trace ["gateway-prd-us-east1-b-pkxm",{"micros":27603,"calls":["id_created",{"micros":0,"calls":[]},"session_lookup_time",{"micros":6314,"calls":[]},"session_lookup_finished",{"micros":20,"calls":[]},"discord-sessions-blue-prd-2-45",{"micros":18}]}].
2022-09-22 13:54:20,682 INFO: Connecting to voice...
2022-09-22 13:54:20,682 INFO: Starting voice handshake... (connection attempt 1)
2022-09-22 13:54:20,841 INFO: Voice handshake complete. Endpoint found japan10004.discord.media
2022-09-22 13:54:20,975 ERROR: Exception occurred during Voice Protocol voice server update handler
Traceback (most recent call last):
  File "/opt/virtualenvs/python3/lib/python3.8/site-packages/discord/state.py", line 102, in logging_coroutine
    await coroutine
  File "/opt/virtualenvs/python3/lib/python3.8/site-packages/discord/voice_client.py", line 295, in on_voice_server_update
    await self.ws.close(4000)
AttributeError: 'NoneType' object has no attribute 'close'
2022-09-22 13:54:21,521 INFO: selected the voice protocol for use (xsalsa20_poly1305_lite)
2022-09-22 13:54:21,661 INFO: received secret key for voice connection
2022-09-22 13:54:23,342 INFO: 楓夜 in 9又4分之8.7月台[欸欸欸這樣配可以嗎(思]
2022-09-22 13:54:27,008 INFO: Preparing to terminate ffmpeg process 296.
2022-09-22 13:54:27,009 INFO: ffmpeg process 296 successfully terminated with return code of 0.
2022-09-22 13:54:28,041 INFO: The voice handshake is being terminated for Channel ID 1022506137288978525 (Guild ID 428109526550708234)
2022-09-22 13:54:28,042 INFO: Connecting to voice...
2022-09-22 13:54:28,042 INFO: Starting voice handshake... (connection attempt 1)
2022-09-22 13:54:28,042 INFO: Disconnecting from voice normally, close code 1000.
2022-09-22 13:54:28,321 INFO: Voice handshake complete. Endpoint found japan3745.discord.media
2022-09-22 13:54:28,981 INFO: selected the voice protocol for use (xsalsa20_poly1305_lite)
2022-09-22 13:54:29,114 INFO: received secret key for voice connection
2022-09-22 13:54:31,641 INFO: Preparing to terminate ffmpeg process 307.
2022-09-22 13:54:31,642 INFO: ffmpeg process 307 successfully terminated with return code of 0.
2022-09-22 13:54:34,399 INFO: Preparing to terminate ffmpeg process 317.
2022-09-22 13:54:34,400 INFO: ffmpeg process 317 successfully terminated with return code of 0.
2022-09-22 13:54:35,446 INFO: The voice handshake is being terminated for Channel ID 868516155525046333 (Guild ID 428109526550708234)
2022-09-22 13:54:35,447 INFO: Disconnecting from voice normally, close code 1000.
2022-09-22 14:01:51,834 INFO: 楓夜 out 9又4分之8.7月台[欸欸欸這樣配可以嗎(思]
2022-09-22 14:01:51,834 INFO: Connecting to voice...
2022-09-22 14:01:51,834 INFO: Starting voice handshake... (connection attempt 1)
2022-09-22 14:01:52,094 INFO: Voice handshake complete. Endpoint found japan3745.discord.media
2022-09-22 14:01:52,762 INFO: selected the voice protocol for use (xsalsa20_poly1305_lite)
2022-09-22 14:01:52,966 INFO: 楓夜 in 9又4分之8.7月台[欸欸欸這樣配可以嗎(思]
2022-09-22 14:01:53,008 INFO: received secret key for voice connection
2022-09-22 14:01:55,355 INFO: Preparing to terminate ffmpeg process 328.
2022-09-22 14:01:55,356 INFO: ffmpeg process 328 successfully terminated with return code of 0.
2022-09-22 14:01:58,951 INFO: Preparing to terminate ffmpeg process 338.
2022-09-22 14:01:58,951 INFO: ffmpeg process 338 successfully terminated with return code of 0.
2022-09-22 14:02:02,024 INFO: Preparing to terminate ffmpeg process 348.
2022-09-22 14:02:02,025 INFO: ffmpeg process 348 successfully terminated with return code of 0.
2022-09-22 14:02:03,056 INFO: The voice handshake is being terminated for Channel ID 868516155525046333 (Guild ID 428109526550708234)
2022-09-22 14:02:03,057 INFO: Disconnecting from voice normally, close code 1000.
2022-09-22 14:10:54,634 INFO: Chi in 9又4分之8.7月台[欸欸欸這樣配可以嗎(思]
2022-09-22 14:10:54,796 INFO: Connecting to voice...
2022-09-22 14:10:54,796 INFO: Starting voice handshake... (connection attempt 1)
2022-09-22 14:10:55,052 INFO: Voice handshake complete. Endpoint found japan3745.discord.media
2022-09-22 14:10:55,752 INFO: selected the voice protocol for use (xsalsa20_poly1305_lite)
2022-09-22 14:10:55,899 INFO: received secret key for voice connection
2022-09-22 14:10:58,087 INFO: Preparing to terminate ffmpeg process 377.
2022-09-22 14:10:58,087 INFO: ffmpeg process 377 successfully terminated with return code of 0.
2022-09-22 14:11:00,724 INFO: Preparing to terminate ffmpeg process 387.
2022-09-22 14:11:00,725 INFO: ffmpeg process 387 successfully terminated with return code of 0.
2022-09-22 14:11:01,735 INFO: The voice handshake is being terminated for Channel ID 868516155525046333 (Guild ID 428109526550708234)
2022-09-22 14:11:01,736 INFO: Disconnecting from voice normally, close code 1000.
2022-09-22 14:16:35,703 INFO: BunnyplayGG in 9又4分之8.7月台[欸欸欸這樣配可以嗎(思]
2022-09-22 14:16:35,783 INFO: Connecting to voice...
2022-09-22 14:16:35,783 INFO: Starting voice handshake... (connection attempt 1)
2022-09-22 14:16:36,056 INFO: Voice handshake complete. Endpoint found japan3745.discord.media
2022-09-22 14:16:36,771 INFO: selected the voice protocol for use (xsalsa20_poly1305_lite)
2022-09-22 14:16:36,909 INFO: received secret key for voice connection
2022-09-22 14:16:38,775 INFO: Preparing to terminate ffmpeg process 415.
2022-09-22 14:16:38,776 INFO: ffmpeg process 415 successfully terminated with return code of 0.
2022-09-22 14:16:40,888 INFO: Preparing to terminate ffmpeg process 425.
2022-09-22 14:16:40,889 INFO: ffmpeg process 425 successfully terminated with return code of 0.
2022-09-22 14:16:41,932 INFO: The voice handshake is being terminated for Channel ID 868516155525046333 (Guild ID 428109526550708234)
2022-09-22 14:16:41,932 INFO: Disconnecting from voice normally, close code 1000.
2022-09-22 14:17:23,429 INFO: KyrieR in 9又4分之8.7月台[欸欸欸這樣配可以嗎(思]
2022-09-22 14:17:23,548 INFO: Connecting to voice...
2022-09-22 14:17:23,549 INFO: Starting voice handshake... (connection attempt 1)
2022-09-22 14:17:23,811 INFO: Voice handshake complete. Endpoint found japan3745.discord.media
2022-09-22 14:17:24,547 INFO: selected the voice protocol for use (xsalsa20_poly1305_lite)
2022-09-22 14:17:24,695 INFO: received secret key for voice connection
2022-09-22 14:17:27,304 INFO: Preparing to terminate ffmpeg process 436.
2022-09-22 14:17:27,305 INFO: ffmpeg process 436 successfully terminated with return code of 0.
2022-09-22 14:17:30,058 INFO: Preparing to terminate ffmpeg process 446.
2022-09-22 14:17:30,060 INFO: ffmpeg process 446 successfully terminated with return code of 0.
2022-09-22 14:17:31,126 INFO: The voice handshake is being terminated for Channel ID 868516155525046333 (Guild ID 428109526550708234)
2022-09-22 14:17:31,126 INFO: Disconnecting from voice normally, close code 1000.
2022-09-22 14:31:53,331 INFO: BunnyplayGG out 9又4分之8.7月台[欸欸欸這樣配可以嗎(思]
2022-09-22 14:31:53,331 INFO: Connecting to voice...
2022-09-22 14:31:53,331 INFO: Starting voice handshake... (connection attempt 1)
2022-09-22 14:31:53,607 INFO: Voice handshake complete. Endpoint found japan3745.discord.media
2022-09-22 14:31:54,298 INFO: selected the voice protocol for use (xsalsa20_poly1305_lite)
2022-09-22 14:31:54,435 INFO: received secret key for voice connection
2022-09-22 14:31:56,804 INFO: Preparing to terminate ffmpeg process 477.
2022-09-22 14:31:56,804 INFO: ffmpeg process 477 successfully terminated with return code of 0.
2022-09-22 14:31:57,852 INFO: The voice handshake is being terminated for Channel ID 868516155525046333 (Guild ID 428109526550708234)
2022-09-22 14:31:57,852 INFO: Disconnecting from voice normally, close code 1000.
2022-09-22 14:36:10,680 INFO: BunnyplayGG in 9又4分之8.7月台[欸欸欸這樣配可以嗎(思]
2022-09-22 14:36:10,847 INFO: Connecting to voice...
2022-09-22 14:36:10,847 INFO: Starting voice handshake... (connection attempt 1)
2022-09-22 14:36:11,135 INFO: Voice handshake complete. Endpoint found japan3745.discord.media
2022-09-22 14:36:11,841 INFO: selected the voice protocol for use (xsalsa20_poly1305_lite)
2022-09-22 14:36:11,990 INFO: received secret key for voice connection
2022-09-22 14:36:13,861 INFO: Preparing to terminate ffmpeg process 488.
2022-09-22 14:36:13,862 INFO: ffmpeg process 488 successfully terminated with return code of 0.
2022-09-22 14:36:15,897 INFO: Preparing to terminate ffmpeg process 498.
2022-09-22 14:36:15,898 INFO: ffmpeg process 498 successfully terminated with return code of 0.
2022-09-22 14:36:16,920 INFO: The voice handshake is being terminated for Channel ID 868516155525046333 (Guild ID 428109526550708234)
2022-09-22 14:36:16,921 INFO: Disconnecting from voice normally, close code 1000.
2022-09-22 14:49:31,197 INFO: Fiven-chung in 9又4分之8.7月台[欸欸欸這樣配可以嗎(思]
2022-09-22 14:49:31,324 INFO: Connecting to voice...
2022-09-22 14:49:31,325 INFO: Starting voice handshake... (connection attempt 1)
2022-09-22 14:49:31,937 INFO: Voice handshake complete. Endpoint found japan3745.discord.media
2022-09-22 14:49:32,634 INFO: selected the voice protocol for use (xsalsa20_poly1305_lite)
2022-09-22 14:49:32,774 INFO: received secret key for voice connection
2022-09-22 14:49:35,165 INFO: Preparing to terminate ffmpeg process 527.
2022-09-22 14:49:35,166 INFO: ffmpeg process 527 successfully terminated with return code of 0.
2022-09-22 14:49:37,362 INFO: Preparing to terminate ffmpeg process 537.
2022-09-22 14:49:37,363 INFO: ffmpeg process 537 successfully terminated with return code of 0.
2022-09-22 14:49:38,404 INFO: The voice handshake is being terminated for Channel ID 868516155525046333 (Guild ID 428109526550708234)
2022-09-22 14:49:38,404 INFO: Disconnecting from voice normally, close code 1000.
2022-09-22 14:58:09,757 INFO: Got a request to RESUME the websocket.
2022-09-22 14:58:10,020 INFO: Shard ID None has sent the RESUME payload.
2022-09-22 14:58:10,104 INFO: Shard ID None has successfully RESUMED session d3841a57246c7774eb5b347cc07dd155 under trace ["gateway-prd-us-east1-c-rhx7",{"micros":581,"calls":["id_created",{"micros":0,"calls":[]},"session_lookup_time",{"micros":277,"calls":[]},"session_lookup_finished",{"micros":13,"calls":[]},"discord-sessions-blue-prd-2-45",{"micros":23}]}].
2022-09-22 16:21:59,187 INFO: BunnyplayGG out 9又4分之8.7月台[欸欸欸這樣配可以嗎(思]
2022-09-22 16:21:59,187 INFO: Connecting to voice...
2022-09-22 16:21:59,188 INFO: Starting voice handshake... (connection attempt 1)
2022-09-22 16:21:59,461 INFO: Voice handshake complete. Endpoint found japan3745.discord.media
2022-09-22 16:22:00,152 INFO: selected the voice protocol for use (xsalsa20_poly1305_lite)
2022-09-22 16:22:00,289 INFO: received secret key for voice connection
2022-09-22 16:22:02,664 INFO: Preparing to terminate ffmpeg process 690.
2022-09-22 16:22:02,665 INFO: ffmpeg process 690 successfully terminated with return code of 0.
2022-09-22 16:22:03,718 INFO: The voice handshake is being terminated for Channel ID 868516155525046333 (Guild ID 428109526550708234)
2022-09-22 16:22:03,718 INFO: Disconnecting from voice normally, close code 1000.
2022-09-22 16:22:32,467 INFO: Fiven-chung out 9又4分之8.7月台[欸欸欸這樣配可以嗎(思]
2022-09-22 16:22:32,468 INFO: Connecting to voice...
2022-09-22 16:22:32,468 INFO: Starting voice handshake... (connection attempt 1)
2022-09-22 16:22:32,748 INFO: Voice handshake complete. Endpoint found japan3745.discord.media
2022-09-22 16:22:33,433 INFO: selected the voice protocol for use (xsalsa20_poly1305_lite)
2022-09-22 16:22:33,576 INFO: received secret key for voice connection
2022-09-22 16:22:35,511 INFO: Preparing to terminate ffmpeg process 701.
2022-09-22 16:22:35,512 INFO: ffmpeg process 701 successfully terminated with return code of 0.
2022-09-22 16:22:36,601 INFO: The voice handshake is being terminated for Channel ID 868516155525046333 (Guild ID 428109526550708234)
2022-09-22 16:22:36,602 INFO: Disconnecting from voice normally, close code 1000.
2022-09-22 16:24:30,274 INFO: SparkleZ in 9又4分之8.7月台[欸欸欸這樣配可以嗎(思]
2022-09-22 16:24:30,404 INFO: Connecting to voice...
2022-09-22 16:24:30,405 INFO: Starting voice handshake... (connection attempt 1)
2022-09-22 16:24:30,706 INFO: Voice handshake complete. Endpoint found japan3745.discord.media
2022-09-22 16:24:31,385 INFO: selected the voice protocol for use (xsalsa20_poly1305_lite)
2022-09-22 16:24:31,531 INFO: received secret key for voice connection
2022-09-22 16:24:33,527 INFO: Preparing to terminate ffmpeg process 731.
2022-09-22 16:24:33,528 INFO: ffmpeg process 731 successfully terminated with return code of 0.
2022-09-22 16:24:35,708 INFO: Preparing to terminate ffmpeg process 741.
2022-09-22 16:24:35,708 INFO: ffmpeg process 741 successfully terminated with return code of 0.
2022-09-22 16:24:36,772 INFO: The voice handshake is being terminated for Channel ID 868516155525046333 (Guild ID 428109526550708234)
2022-09-22 16:24:36,773 INFO: Disconnecting from voice normally, close code 1000.
2022-09-22 16:28:52,476 INFO: MaiMai的Pool out 9又4分之8.7月台[欸欸欸這樣配可以嗎(思]
2022-09-22 16:28:52,476 INFO: Connecting to voice...
2022-09-22 16:28:52,476 INFO: Starting voice handshake... (connection attempt 1)
2022-09-22 16:28:52,751 INFO: Voice handshake complete. Endpoint found japan3745.discord.media
2022-09-22 16:28:53,272 INFO: Lexor out 9又4分之8.7月台[欸欸欸這樣配可以嗎(思]
2022-09-22 16:28:53,506 INFO: selected the voice protocol for use (xsalsa20_poly1305_lite)
2022-09-22 16:28:53,652 INFO: received secret key for voice connection
2022-09-22 16:28:55,760 INFO: Preparing to terminate ffmpeg process 752.
2022-09-22 16:28:55,761 INFO: ffmpeg process 752 successfully terminated with return code of 0.
2022-09-22 16:28:58,452 INFO: Preparing to terminate ffmpeg process 762.
2022-09-22 16:28:58,453 INFO: ffmpeg process 762 successfully terminated with return code of 0.
2022-09-22 16:28:59,479 INFO: The voice handshake is being terminated for Channel ID 868516155525046333 (Guild ID 428109526550708234)
2022-09-22 16:28:59,479 INFO: Disconnecting from voice normally, close code 1000.
2022-09-22 16:42:41,968 INFO: KyrieR out 9又4分之8.7月台[欸欸欸這樣配可以嗎(思]
2022-09-22 16:42:41,968 INFO: Connecting to voice...
2022-09-22 16:42:41,968 INFO: Starting voice handshake... (connection attempt 1)
2022-09-22 16:42:42,230 INFO: Voice handshake complete. Endpoint found japan3745.discord.media
2022-09-22 16:42:42,908 INFO: selected the voice protocol for use (xsalsa20_poly1305_lite)
2022-09-22 16:42:43,049 INFO: received secret key for voice connection
2022-09-22 16:42:44,857 INFO: Preparing to terminate ffmpeg process 790.
2022-09-22 16:42:44,858 INFO: ffmpeg process 790 successfully terminated with return code of 0.
2022-09-22 16:42:45,864 INFO: The voice handshake is being terminated for Channel ID 868516155525046333 (Guild ID 428109526550708234)
2022-09-22 16:42:45,865 INFO: Disconnecting from voice normally, close code 1000.
2022-09-22 16:52:20,703 INFO: Chi out 9又4分之8.7月台[欸欸欸這樣配可以嗎(思]
2022-09-22 16:52:20,703 INFO: Connecting to voice...
2022-09-22 16:52:20,703 INFO: Starting voice handshake... (connection attempt 1)
2022-09-22 16:52:20,991 INFO: Voice handshake complete. Endpoint found japan3745.discord.media
2022-09-22 16:52:21,675 INFO: selected the voice protocol for use (xsalsa20_poly1305_lite)
2022-09-22 16:52:21,820 INFO: received secret key for voice connection
2022-09-22 16:52:23,387 INFO: Preparing to terminate ffmpeg process 801.
2022-09-22 16:52:23,387 INFO: ffmpeg process 801 successfully terminated with return code of 0.
2022-09-22 16:52:24,432 INFO: The voice handshake is being terminated for Channel ID 868516155525046333 (Guild ID 428109526550708234)
2022-09-22 16:52:24,433 INFO: Disconnecting from voice normally, close code 1000.
2022-09-22 16:58:14,643 INFO: 楓夜 out 9又4分之8.7月台[欸欸欸這樣配可以嗎(思]
2022-09-22 16:58:14,643 INFO: Connecting to voice...
2022-09-22 16:58:14,643 INFO: Starting voice handshake... (connection attempt 1)
2022-09-22 16:58:14,918 INFO: Voice handshake complete. Endpoint found japan3745.discord.media
2022-09-22 16:58:15,596 INFO: selected the voice protocol for use (xsalsa20_poly1305_lite)
2022-09-22 16:58:15,741 INFO: received secret key for voice connection
2022-09-22 16:58:18,089 INFO: Preparing to terminate ffmpeg process 830.
2022-09-22 16:58:18,090 INFO: ffmpeg process 830 successfully terminated with return code of 0.
2022-09-22 16:58:19,161 INFO: The voice handshake is being terminated for Channel ID 868516155525046333 (Guild ID 428109526550708234)
2022-09-22 16:58:19,161 INFO: Disconnecting from voice normally, close code 1000.
2022-09-22 17:02:24,546 INFO: Websocket closed with 1006, attempting a reconnect.
2022-09-22 17:02:24,547 INFO: Got a request to RESUME the websocket.
2022-09-22 17:02:24,764 INFO: Shard ID None has sent the RESUME payload.
2022-09-22 17:02:24,848 INFO: Shard ID None has successfully RESUMED session d3841a57246c7774eb5b347cc07dd155 under trace ["gateway-prd-us-east1-b-93fc",{"micros":636,"calls":["id_created",{"micros":0,"calls":[]},"session_lookup_time",{"micros":326,"calls":[]},"session_lookup_finished",{"micros":11,"calls":[]},"discord-sessions-blue-prd-2-45",{"micros":21}]}].
2022-09-22 17:10:49,096 INFO: SparkleZ out 9又4分之8.7月台[欸欸欸這樣配可以嗎(思]
2022-09-22 17:10:49,096 INFO: Connecting to voice...
2022-09-22 17:10:49,097 INFO: Starting voice handshake... (connection attempt 1)
2022-09-22 17:10:49,366 INFO: Voice handshake complete. Endpoint found japan3745.discord.media
2022-09-22 17:10:50,123 INFO: selected the voice protocol for use (xsalsa20_poly1305_lite)
2022-09-22 17:10:50,264 INFO: received secret key for voice connection
2022-09-22 17:10:52,253 INFO: Preparing to terminate ffmpeg process 859.
2022-09-22 17:10:52,254 INFO: ffmpeg process 859 successfully terminated with return code of 0.
2022-09-22 17:10:53,281 INFO: The voice handshake is being terminated for Channel ID 868516155525046333 (Guild ID 428109526550708234)
2022-09-22 17:10:53,282 INFO: Disconnecting from voice normally, close code 1000.
2022-09-22 17:11:18,022 INFO: Websocket closed with 1006, attempting a reconnect.
2022-09-22 17:11:18,022 INFO: Got a request to RESUME the websocket.
2022-09-22 17:11:18,239 INFO: Shard ID None has sent the RESUME payload.
2022-09-22 17:11:18,331 INFO: Shard ID None has successfully RESUMED session d3841a57246c7774eb5b347cc07dd155 under trace ["gateway-prd-us-east1-c-rx57",{"micros":543,"calls":["id_created",{"micros":0,"calls":[]},"session_lookup_time",{"micros":291,"calls":[]},"session_lookup_finished",{"micros":22,"calls":[]},"discord-sessions-blue-prd-2-45",{"micros":17}]}].
2022-09-22 17:12:11,751 INFO: 不偷家的飄飄大仙 out 9又4分之8.7月台[欸欸欸這樣配可以嗎(思]
2022-09-22 17:12:11,751 INFO: Connecting to voice...
2022-09-22 17:12:11,751 INFO: Starting voice handshake... (connection attempt 1)
2022-09-22 17:12:11,914 INFO: Voice handshake complete. Endpoint found oregon10002.discord.media
2022-09-22 17:12:12,038 INFO: selected the voice protocol for use (xsalsa20_poly1305_lite)
2022-09-22 17:12:12,077 INFO: received secret key for voice connection
2022-09-22 17:12:14,966 INFO: Preparing to terminate ffmpeg process 871.
2022-09-22 17:12:14,967 INFO: ffmpeg process 871 successfully terminated with return code of 0.
2022-09-22 17:12:15,996 INFO: The voice handshake is being terminated for Channel ID 868516155525046333 (Guild ID 428109526550708234)
2022-09-22 17:12:15,997 INFO: Disconnecting from voice normally, close code 1000.
2022-09-22 19:37:54,718 INFO: Got a request to RESUME the websocket.
2022-09-22 19:37:54,987 INFO: Shard ID None has sent the RESUME payload.
2022-09-22 19:37:55,083 INFO: Shard ID None has successfully RESUMED session d3841a57246c7774eb5b347cc07dd155 under trace ["gateway-prd-us-east1-d-8jlw",{"micros":1136,"calls":["id_created",{"micros":0,"calls":[]},"session_lookup_time",{"micros":497,"calls":[]},"session_lookup_finished",{"micros":10,"calls":[]},"discord-sessions-blue-prd-2-45",{"micros":33}]}].
2022-09-22 20:06:49,186 INFO: Got a request to RESUME the websocket.
2022-09-22 20:06:49,402 INFO: Shard ID None has sent the RESUME payload.
2022-09-22 20:06:49,484 INFO: Shard ID None has successfully RESUMED session d3841a57246c7774eb5b347cc07dd155 under trace ["gateway-prd-us-east1-c-l4sf",{"micros":700,"calls":["id_created",{"micros":0,"calls":[]},"session_lookup_time",{"micros":377,"calls":[]},"session_lookup_finished",{"micros":15,"calls":[]},"discord-sessions-blue-prd-2-45",{"micros":20}]}].
2022-09-22 21:05:58,355 INFO: Got a request to RESUME the websocket.
2022-09-22 21:05:58,627 INFO: Shard ID None has sent the RESUME payload.
2022-09-22 21:05:58,724 INFO: Shard ID None has successfully RESUMED session d3841a57246c7774eb5b347cc07dd155 under trace ["gateway-prd-us-east1-d-nvgz",{"micros":688,"calls":["id_created",{"micros":0,"calls":[]},"session_lookup_time",{"micros":388,"calls":[]},"session_lookup_finished",{"micros":9,"calls":[]},"discord-sessions-blue-prd-2-45",{"micros":16}]}].
2022-09-22 23:06:58,893 INFO: Websocket closed with 1001, attempting a reconnect.
2022-09-22 23:06:58,894 INFO: Got a request to RESUME the websocket.
2022-09-22 23:06:59,103 INFO: Shard ID None has sent the RESUME payload.
2022-09-22 23:06:59,231 INFO: Shard ID None has successfully RESUMED session d3841a57246c7774eb5b347cc07dd155 under trace ["gateway-prd-us-east1-d-x79j",{"micros":712,"calls":["id_created",{"micros":0,"calls":[]},"session_lookup_time",{"micros":252,"calls":[]},"session_lookup_finished",{"micros":7,"calls":[]},"discord-sessions-blue-prd-2-45",{"micros":18}]}].
2022-09-22 23:53:03,008 INFO: Websocket closed with 1001, attempting a reconnect.
2022-09-22 23:53:03,009 INFO: Got a request to RESUME the websocket.
2022-09-22 23:53:03,227 INFO: Shard ID None has sent the RESUME payload.
2022-09-22 23:53:03,326 INFO: Shard ID None has successfully RESUMED session d3841a57246c7774eb5b347cc07dd155 under trace ["gateway-prd-us-east1-d-c5vn",{"micros":12461,"calls":["id_created",{"micros":0,"calls":[]},"session_lookup_time",{"micros":229,"calls":[]},"session_lookup_finished",{"micros":15,"calls":[]},"discord-sessions-blue-prd-2-45",{"micros":16}]}].
