2022-09-05 23:07:20,004 INFO: logging in using static token
2022-09-05 23:07:20,283 INFO: Shard ID None has sent the IDENTIFY payload.
2022-09-05 23:07:20,385 INFO: Shard ID None has connected to Gateway: ["gateway-prd-main-kn32",{"micros":62877,"calls":["id_created",{"micros":476,"calls":[]},"session_lookup_time",{"micros":304,"calls":[]},"session_lookup_finished",{"micros":22,"calls":[]},"discord-sessions-green-prd-2-121",{"micros":61572,"calls":["start_session",{"micros":58499,"calls":["discord-api-8d9cb4bfc-h8x2z",{"micros":53065,"calls":["get_user",{"micros":27271},"get_guilds",{"micros":4947},"send_scheduled_deletion_message",{"micros":15},"guild_join_requests",{"micros":2},"authorized_ip_coro",{"micros":16}]}]},"starting_guild_connect",{"micros":27,"calls":[]},"presence_started",{"micros":296,"calls":[]},"guilds_started",{"micros":710,"calls":[]},"guilds_connect",{"micros":2,"calls":[]},"presence_connect",{"micros":2024,"calls":[]},"connect_finished",{"micros":2029,"calls":[]},"build_ready",{"micros":6,"calls":[]},"optimize_ready",{"micros":1,"calls":[]},"split_ready",{"micros":0,"calls":[]},"clean_ready",{"micros":1,"calls":[]}]}]}] (Session ID: 5e4e3ebc06378fbb1ce29ce84c703274).
2022-09-05 23:07:22,416 INFO: 目前登入身份：神奇海螺#3847
2022-09-06 01:45:24,784 INFO: Got a request to RESUME the websocket.
2022-09-06 01:45:25,032 INFO: Shard ID None has sent the RESUME payload.
2022-09-06 01:45:25,075 INFO: Shard ID None has successfully RESUMED session 5e4e3ebc06378fbb1ce29ce84c703274 under trace ["gateway-prd-main-td51",{"micros":649,"calls":["id_created",{"micros":0,"calls":[]},"session_lookup_time",{"micros":281,"calls":[]},"session_lookup_finished",{"micros":9,"calls":[]},"discord-sessions-green-prd-2-121",{"micros":18}]}].
2022-09-06 02:16:38,053 INFO: logging in using static token
2022-09-06 02:16:38,353 INFO: Shard ID None has sent the IDENTIFY payload.
2022-09-06 02:16:38,504 INFO: Shard ID None has connected to Gateway: ["gateway-prd-main-84wn",{"micros":110514,"calls":["id_created",{"micros":690,"calls":[]},"session_lookup_time",{"micros":296,"calls":[]},"session_lookup_finished",{"micros":33,"calls":[]},"discord-sessions-green-prd-2-80",{"micros":108935,"calls":["start_session",{"micros":57225,"calls":["discord-api-8d9cb4bfc-t4h2c",{"micros":50788,"calls":["get_user",{"micros":14074},"get_guilds",{"micros":10109},"send_scheduled_deletion_message",{"micros":38},"guild_join_requests",{"micros":3},"authorized_ip_coro",{"micros":14}]}]},"starting_guild_connect",{"micros":29,"calls":[]},"presence_started",{"micros":767,"calls":[]},"guilds_started",{"micros":12565,"calls":[]},"guilds_connect",{"micros":2,"calls":[]},"presence_connect",{"micros":38331,"calls":[]},"connect_finished",{"micros":38337,"calls":[]},"build_ready",{"micros":7,"calls":[]},"optimize_ready",{"micros":0,"calls":[]},"split_ready",{"micros":2,"calls":[]},"clean_ready",{"micros":0,"calls":[]}]}]}] (Session ID: 30618841844a266efeacb52ba3e2d1bb).
2022-09-06 02:16:40,558 INFO: 目前登入身份：神奇海螺#3847
2022-09-06 04:53:30,726 INFO: Got a request to RESUME the websocket.
2022-09-06 04:53:30,877 INFO: Shard ID None has sent the RESUME payload.
2022-09-06 04:53:30,930 INFO: Shard ID None has successfully RESUMED session 30618841844a266efeacb52ba3e2d1bb under trace ["gateway-prd-main-t1dn",{"micros":5544,"calls":["id_created",{"micros":0,"calls":[]},"session_lookup_time",{"micros":5075,"calls":[]},"session_lookup_finished",{"micros":9,"calls":[]},"discord-sessions-green-prd-2-80",{"micros":25}]}].
2022-09-06 06:30:26,082 INFO: Got a request to RESUME the websocket.
2022-09-06 06:30:26,243 INFO: Shard ID None has sent the RESUME payload.
2022-09-06 06:30:26,282 INFO: Shard ID None has successfully RESUMED session 30618841844a266efeacb52ba3e2d1bb under trace ["gateway-prd-main-6v5t",{"micros":582,"calls":["id_created",{"micros":0,"calls":[]},"session_lookup_time",{"micros":236,"calls":[]},"session_lookup_finished",{"micros":9,"calls":[]},"discord-sessions-green-prd-2-80",{"micros":19}]}].
2022-09-06 09:12:45,186 INFO: Got a request to RESUME the websocket.
2022-09-06 09:12:45,337 INFO: Shard ID None has sent the RESUME payload.
2022-09-06 09:12:45,381 INFO: Shard ID None has successfully RESUMED session 30618841844a266efeacb52ba3e2d1bb under trace ["gateway-prd-main-clnq",{"micros":590,"calls":["id_created",{"micros":0,"calls":[]},"session_lookup_time",{"micros":303,"calls":[]},"session_lookup_finished",{"micros":22,"calls":[]},"discord-sessions-green-prd-2-80",{"micros":18}]}].
2022-09-06 09:58:57,747 INFO: logging in using static token
2022-09-06 09:58:57,814 INFO: Cleaning up tasks.
2022-09-06 09:58:57,815 INFO: Closing the event loop.
