2022-11-11 23:16:52,323 INFO: logging in using static token
2022-11-11 23:16:52,839 INFO: Shard ID None has connected to Gateway (Session ID: 1f092cf3be6cceb950bdb9155cc95a6b).
2022-11-11 23:16:54,861 INFO: 目前登入身份：神奇海螺#3847
2022-11-12 02:40:59,326 INFO: Shard ID None has successfully RESUMED session 1f092cf3be6cceb950bdb9155cc95a6b.
2022-11-12 03:35:52,172 INFO: Shard ID None has successfully RESUMED session 1f092cf3be6cceb950bdb9155cc95a6b.
2022-11-12 07:31:49,877 INFO: Shard ID None has successfully RESUMED session 1f092cf3be6cceb950bdb9155cc95a6b.
2022-11-12 10:59:40,300 INFO: Shard ID None has successfully RESUMED session 1f092cf3be6cceb950bdb9155cc95a6b.
2022-11-12 14:16:25,823 INFO: BunnyplayGG in 9又4分之8.7月台[打不出幹話就講出來啊]
2022-11-12 14:16:25,918 INFO: Connecting to voice...
2022-11-12 14:16:25,919 INFO: Starting voice handshake... (connection attempt 1)
2022-11-12 14:16:26,194 INFO: Voice handshake complete. Endpoint found hongkong9969.discord.media
2022-11-12 14:16:29,588 INFO: ffmpeg process 1598 successfully terminated with return code of 0.
2022-11-12 14:16:32,282 INFO: ffmpeg process 1609 successfully terminated with return code of 0.
2022-11-12 14:16:33,350 INFO: The voice handshake is being terminated for Channel ID 428109526550708238 (Guild ID 428109526550708234)
2022-11-12 14:16:33,351 INFO: Disconnecting from voice normally, close code 1000.
2022-11-12 14:25:31,397 INFO: Fiven-chung in 9又4分之8.7月台[打不出幹話就講出來啊]
2022-11-12 14:25:31,475 INFO: Connecting to voice...
2022-11-12 14:25:31,475 INFO: Starting voice handshake... (connection attempt 1)
2022-11-12 14:25:31,763 INFO: Voice handshake complete. Endpoint found hongkong9969.discord.media
2022-11-12 14:25:35,156 INFO: ffmpeg process 1657 successfully terminated with return code of 0.
2022-11-12 14:25:37,197 INFO: ffmpeg process 1667 successfully terminated with return code of 0.
2022-11-12 14:25:38,219 INFO: The voice handshake is being terminated for Channel ID 428109526550708238 (Guild ID 428109526550708234)
2022-11-12 14:25:38,220 INFO: Disconnecting from voice normally, close code 1000.
2022-11-12 14:47:59,102 INFO: Chi in 9又4分之8.7月台[打不出幹話就講出來啊]
2022-11-12 14:47:59,231 INFO: Connecting to voice...
2022-11-12 14:47:59,232 INFO: Starting voice handshake... (connection attempt 1)
2022-11-12 14:47:59,537 INFO: Voice handshake complete. Endpoint found hongkong9969.discord.media
2022-11-12 14:48:02,721 INFO: ffmpeg process 1696 successfully terminated with return code of 0.
2022-11-12 14:48:05,335 INFO: ffmpeg process 1706 successfully terminated with return code of 0.
2022-11-12 14:48:06,380 INFO: The voice handshake is being terminated for Channel ID 428109526550708238 (Guild ID 428109526550708234)
2022-11-12 14:48:06,381 INFO: Disconnecting from voice normally, close code 1000.
2022-11-12 14:53:58,996 INFO: Shard ID None has successfully RESUMED session 1f092cf3be6cceb950bdb9155cc95a6b.
2022-11-12 15:03:02,398 INFO: MaiMai的Pool in 9又4分之8.7月台[打不出幹話就講出來啊]
2022-11-12 15:03:02,441 INFO: Connecting to voice...
2022-11-12 15:03:02,442 INFO: Starting voice handshake... (connection attempt 1)
2022-11-12 15:03:02,715 INFO: Voice handshake complete. Endpoint found hongkong9969.discord.media
2022-11-12 15:03:07,054 INFO: ffmpeg process 1754 successfully terminated with return code of 0.
2022-11-12 15:03:09,653 INFO: ffmpeg process 1764 successfully terminated with return code of 0.
2022-11-12 15:03:10,701 INFO: The voice handshake is being terminated for Channel ID 428109526550708238 (Guild ID 428109526550708234)
2022-11-12 15:03:10,701 INFO: Disconnecting from voice normally, close code 1000.
2022-11-12 15:14:03,603 INFO: wawa的n in 9又4分之8.7月台[打不出幹話就講出來啊]
2022-11-12 15:14:03,642 INFO: Connecting to voice...
2022-11-12 15:14:03,642 INFO: Starting voice handshake... (connection attempt 1)
2022-11-12 15:14:03,926 INFO: Voice handshake complete. Endpoint found hongkong9969.discord.media
2022-11-12 15:14:08,083 INFO: ffmpeg process 1775 successfully terminated with return code of 0.
2022-11-12 15:14:10,684 INFO: ffmpeg process 1785 successfully terminated with return code of 0.
2022-11-12 15:14:11,753 INFO: The voice handshake is being terminated for Channel ID 428109526550708238 (Guild ID 428109526550708234)
2022-11-12 15:14:11,754 INFO: Disconnecting from voice normally, close code 1000.
2022-11-12 16:46:02,665 INFO: wawa的n out 9又4分之8.7月台[打不出幹話就講出來啊]
2022-11-12 16:46:02,666 INFO: Connecting to voice...
2022-11-12 16:46:02,666 INFO: Starting voice handshake... (connection attempt 1)
2022-11-12 16:46:02,986 INFO: Voice handshake complete. Endpoint found hongkong9969.discord.media
2022-11-12 16:46:03,277 INFO: MaiMai的Pool out 9又4分之8.7月台[打不出幹話就講出來啊]
2022-11-12 16:46:06,470 INFO: ffmpeg process 1943 successfully terminated with return code of 0.
2022-11-12 16:46:09,606 INFO: ffmpeg process 1953 successfully terminated with return code of 0.
2022-11-12 16:46:10,615 INFO: The voice handshake is being terminated for Channel ID 428109526550708238 (Guild ID 428109526550708234)
2022-11-12 16:46:10,615 INFO: Disconnecting from voice normally, close code 1000.
2022-11-12 16:50:35,041 INFO: BunnyplayGG out 9又4分之8.7月台[打不出幹話就講出來啊]
2022-11-12 16:50:35,042 INFO: Connecting to voice...
2022-11-12 16:50:35,042 INFO: Starting voice handshake... (connection attempt 1)
2022-11-12 16:50:35,368 INFO: Voice handshake complete. Endpoint found hongkong9969.discord.media
2022-11-12 16:50:39,261 INFO: ffmpeg process 1983 successfully terminated with return code of 0.
2022-11-12 16:50:40,308 INFO: The voice handshake is being terminated for Channel ID 428109526550708238 (Guild ID 428109526550708234)
2022-11-12 16:50:40,309 INFO: Disconnecting from voice normally, close code 1000.
2022-11-12 16:52:36,204 INFO: Fiven-chung out 9又4分之8.7月台[打不出幹話就講出來啊]
2022-11-12 16:52:36,205 INFO: Connecting to voice...
2022-11-12 16:52:36,205 INFO: Starting voice handshake... (connection attempt 1)
2022-11-12 16:52:36,527 INFO: Voice handshake complete. Endpoint found hongkong9969.discord.media
2022-11-12 16:52:37,498 INFO: Chi out 9又4分之8.7月台[打不出幹話就講出來啊]
2022-11-12 16:52:39,946 INFO: ffmpeg process 1994 successfully terminated with return code of 0.
2022-11-12 16:52:42,604 INFO: ffmpeg process 2004 successfully terminated with return code of 0.
2022-11-12 16:52:43,651 INFO: The voice handshake is being terminated for Channel ID 428109526550708238 (Guild ID 428109526550708234)
2022-11-12 16:52:43,652 INFO: Disconnecting from voice normally, close code 1000.
2022-11-12 18:34:06,421 INFO: Shard ID None has successfully RESUMED session 1f092cf3be6cceb950bdb9155cc95a6b.
2022-11-12 19:00:10,989 INFO: Shard ID None has successfully RESUMED session 1f092cf3be6cceb950bdb9155cc95a6b.
