2022-07-10 21:08:58,938 INFO: logging in using static token
2022-07-10 21:08:59,190 INFO: Shard ID None has sent the IDENTIFY payload.
2022-07-10 21:08:59,330 INFO: Shard ID None has connected to Gateway: ["gateway-prd-main-xmtj",{"micros":100684,"calls":["discord-sessions-green-prd-2-52",{"micros":98607,"calls":["start_session",{"micros":91673,"calls":["discord-api-f5c57c6b5-5jvj5",{"micros":85918,"calls":["get_user",{"micros":11062},"add_authorized_ip",{"micros":1767},"get_guilds",{"micros":38173},"coros_wait",{"micros":3}]}]},"guilds_connect",{"micros":2,"calls":[]},"presence_connect",{"micros":1,"calls":[]}]}]}] (Session ID: 106fb2406b86d4e8d5016df225d8eefe).
2022-07-10 21:09:01,415 INFO: 目前登入身份：神奇海螺#3847
2022-07-10 22:52:13,971 INFO: logging in using static token
2022-07-10 22:52:14,255 INFO: Shard ID None has sent the IDENTIFY payload.
2022-07-10 22:52:14,431 INFO: Shard ID None has connected to Gateway: ["gateway-prd-main-zmw8",{"micros":114319,"calls":["discord-sessions-green-prd-2-179",{"micros":109594,"calls":["start_session",{"micros":67086,"calls":["discord-api-f5c57c6b5-8bl5n",{"micros":58703,"calls":["get_user",{"micros":10811},"add_authorized_ip",{"micros":1861},"get_guilds",{"micros":10022},"coros_wait",{"micros":1}]}]},"guilds_connect",{"micros":2,"calls":[]},"presence_connect",{"micros":38394,"calls":[]}]}]}] (Session ID: db1e52b652ff747b139740c6eb85b10a).
2022-07-10 22:52:16,553 INFO: 目前登入身份：神奇海螺#3847
2022-07-10 23:36:25,066 INFO: Got a request to RESUME the websocket.
2022-07-10 23:36:25,226 INFO: Shard ID None has sent the RESUME payload.
2022-07-10 23:36:25,267 INFO: Shard ID None has successfully RESUMED session db1e52b652ff747b139740c6eb85b10a under trace ["gateway-prd-main-j3gf",{"micros":619,"calls":["discord-sessions-green-prd-2-179",{"micros":20}]}].
2022-07-11 01:04:39,993 INFO: Got a request to RESUME the websocket.
2022-07-11 01:04:40,165 INFO: Shard ID None has sent the RESUME payload.
2022-07-11 01:04:40,210 INFO: Shard ID None has successfully RESUMED session db1e52b652ff747b139740c6eb85b10a under trace ["gateway-prd-main-5h75",{"micros":511,"calls":["discord-sessions-green-prd-2-179",{"micros":21}]}].
2022-07-11 02:31:43,461 INFO: Got a request to RESUME the websocket.
2022-07-11 02:31:43,633 INFO: Shard ID None has sent the RESUME payload.
2022-07-11 02:31:43,672 INFO: Shard ID None has successfully RESUMED session db1e52b652ff747b139740c6eb85b10a under trace ["gateway-prd-main-6vlr",{"micros":531,"calls":["discord-sessions-green-prd-2-179",{"micros":16}]}].
2022-07-11 05:31:45,598 INFO: logging in using static token
2022-07-11 05:31:45,866 INFO: Shard ID None has sent the IDENTIFY payload.
2022-07-11 05:31:46,031 INFO: Shard ID None has connected to Gateway: ["gateway-prd-main-zsdk",{"micros":128324,"calls":["discord-sessions-green-prd-2-86",{"micros":127298,"calls":["start_session",{"micros":75493,"calls":["discord-api-f5c57c6b5-lm87b",{"micros":69681,"calls":["get_user",{"micros":13081},"add_authorized_ip",{"micros":2894},"get_guilds",{"micros":9309},"coros_wait",{"micros":1}]}]},"guilds_connect",{"micros":2,"calls":[]},"presence_connect",{"micros":29327,"calls":[]}]}]}] (Session ID: b57b54ec5600617b9f7644eb59295c5a).
2022-07-11 05:31:48,098 INFO: 目前登入身份：神奇海螺#3847
2022-07-11 08:54:37,361 INFO: logging in using static token
2022-07-11 08:54:37,601 INFO: Shard ID None has sent the IDENTIFY payload.
2022-07-11 08:54:37,739 INFO: Shard ID None has connected to Gateway: ["gateway-prd-main-8d3c",{"micros":94748,"calls":["discord-sessions-green-prd-2-94",{"micros":93948,"calls":["start_session",{"micros":43755,"calls":["discord-api-f5c57c6b5-xlmmv",{"micros":39789,"calls":["get_user",{"micros":7627},"add_authorized_ip",{"micros":1388},"get_guilds",{"micros":4298},"coros_wait",{"micros":1}]}]},"guilds_connect",{"micros":1,"calls":[]},"presence_connect",{"micros":35870,"calls":[]}]}]}] (Session ID: ddb4356d4ccd3dae1863116d899a6776).
2022-07-11 08:54:39,847 INFO: 目前登入身份：神奇海螺#3847
2022-07-11 11:05:04,720 INFO: Got a request to RESUME the websocket.
2022-07-11 11:05:04,876 INFO: Shard ID None has sent the RESUME payload.
2022-07-11 11:05:04,914 INFO: Shard ID None has successfully RESUMED session ddb4356d4ccd3dae1863116d899a6776 under trace ["gateway-prd-main-t8sb",{"micros":1567,"calls":["discord-sessions-green-prd-2-94",{"micros":18}]}].
2022-07-11 12:48:36,781 INFO: Got a request to RESUME the websocket.
2022-07-11 12:48:37,015 INFO: Shard ID None has sent the RESUME payload.
2022-07-11 12:48:37,056 INFO: Shard ID None has successfully RESUMED session ddb4356d4ccd3dae1863116d899a6776 under trace ["gateway-prd-main-w9v7",{"micros":528,"calls":["discord-sessions-green-prd-2-94",{"micros":21}]}].
2022-07-11 13:20:13,055 INFO: Connecting to voice...
2022-07-11 13:20:13,055 INFO: Starting voice handshake... (connection attempt 1)
2022-07-11 13:20:13,858 INFO: Voice handshake complete. Endpoint found hongkong5318.discord.media
2022-07-11 13:20:14,071 ERROR: Exception occurred during Voice Protocol voice server update handler
Traceback (most recent call last):
  File "/opt/virtualenvs/python3/lib/python3.8/site-packages/discord/state.py", line 102, in logging_coroutine
    await coroutine
  File "/opt/virtualenvs/python3/lib/python3.8/site-packages/discord/voice_client.py", line 295, in on_voice_server_update
    await self.ws.close(4000)
AttributeError: 'NoneType' object has no attribute 'close'
2022-07-11 13:20:14,955 INFO: selected the voice protocol for use (xsalsa20_poly1305_lite)
2022-07-11 13:20:15,168 INFO: received secret key for voice connection
2022-07-11 13:20:16,651 INFO: wawa的n in 9又4分之8.7月台[123是什麼敷衍的名字]
2022-07-11 13:20:20,581 INFO: Preparing to terminate ffmpeg process 846.
2022-07-11 13:20:20,581 INFO: ffmpeg process 846 successfully terminated with return code of 0.
2022-07-11 13:20:21,608 INFO: The voice handshake is being terminated for Channel ID 996043235170451566 (Guild ID 428109526550708234)
2022-07-11 13:20:21,609 INFO: Connecting to voice...
2022-07-11 13:20:21,609 INFO: Starting voice handshake... (connection attempt 1)
2022-07-11 13:20:21,610 INFO: Disconnecting from voice normally, close code 1000.
2022-07-11 13:20:21,865 INFO: Voice handshake complete. Endpoint found hongkong10002.discord.media
2022-07-11 13:20:22,949 INFO: selected the voice protocol for use (xsalsa20_poly1305_lite)
2022-07-11 13:20:23,161 INFO: received secret key for voice connection
2022-07-11 13:20:25,314 INFO: Preparing to terminate ffmpeg process 858.
2022-07-11 13:20:25,317 INFO: ffmpeg process 858 successfully terminated with return code of 0.
2022-07-11 13:20:27,524 INFO: Preparing to terminate ffmpeg process 868.
2022-07-11 13:20:27,527 INFO: ffmpeg process 868 successfully terminated with return code of 0.
2022-07-11 13:20:28,534 INFO: The voice handshake is being terminated for Channel ID 728631391809437746 (Guild ID 428109526550708234)
2022-07-11 13:20:28,548 INFO: Disconnecting from voice normally, close code 1000.
2022-07-11 13:25:51,374 INFO: MaiMai的Pool in 9又4分之8.7月台[123是什麼敷衍的名字]
2022-07-11 13:25:51,423 INFO: Connecting to voice...
2022-07-11 13:25:51,423 INFO: Starting voice handshake... (connection attempt 1)
2022-07-11 13:25:52,296 INFO: Voice handshake complete. Endpoint found hongkong10002.discord.media
2022-07-11 13:25:53,358 INFO: selected the voice protocol for use (xsalsa20_poly1305_lite)
2022-07-11 13:25:53,562 INFO: received secret key for voice connection
2022-07-11 13:25:56,440 INFO: Preparing to terminate ffmpeg process 879.
2022-07-11 13:25:56,451 INFO: ffmpeg process 879 successfully terminated with return code of 0.
2022-07-11 13:25:59,114 INFO: Preparing to terminate ffmpeg process 889.
2022-07-11 13:25:59,116 INFO: ffmpeg process 889 successfully terminated with return code of 0.
2022-07-11 13:26:00,123 INFO: The voice handshake is being terminated for Channel ID 728631391809437746 (Guild ID 428109526550708234)
2022-07-11 13:26:00,124 INFO: Disconnecting from voice normally, close code 1000.
2022-07-11 13:49:13,311 INFO: Lexor in 9又4分之8.7月台[123是什麼敷衍的名字]
2022-07-11 13:49:13,343 INFO: Connecting to voice...
2022-07-11 13:49:13,343 INFO: Starting voice handshake... (connection attempt 1)
2022-07-11 13:49:14,265 INFO: Voice handshake complete. Endpoint found hongkong10002.discord.media
2022-07-11 13:49:15,324 INFO: selected the voice protocol for use (xsalsa20_poly1305_lite)
2022-07-11 13:49:15,534 INFO: received secret key for voice connection
2022-07-11 13:49:17,926 INFO: Preparing to terminate ffmpeg process 963.
2022-07-11 13:49:17,928 INFO: ffmpeg process 963 successfully terminated with return code of 0.
2022-07-11 13:49:20,627 INFO: Preparing to terminate ffmpeg process 973.
2022-07-11 13:49:20,629 INFO: ffmpeg process 973 successfully terminated with return code of 0.
2022-07-11 13:49:21,676 INFO: The voice handshake is being terminated for Channel ID 728631391809437746 (Guild ID 428109526550708234)
2022-07-11 13:49:21,677 INFO: Disconnecting from voice normally, close code 1000.
2022-07-11 13:57:03,686 INFO: 楓夜 in 9又4分之8.7月台[欸欸欸這樣配可以嗎(思]
2022-07-11 13:57:03,758 INFO: Connecting to voice...
2022-07-11 13:57:03,759 INFO: Starting voice handshake... (connection attempt 1)
2022-07-11 13:57:04,261 INFO: Voice handshake complete. Endpoint found japan2804.discord.media
2022-07-11 13:57:04,441 ERROR: Exception occurred during Voice Protocol voice server update handler
Traceback (most recent call last):
  File "/opt/virtualenvs/python3/lib/python3.8/site-packages/discord/state.py", line 102, in logging_coroutine
    await coroutine
  File "/opt/virtualenvs/python3/lib/python3.8/site-packages/discord/voice_client.py", line 295, in on_voice_server_update
    await self.ws.close(4000)
AttributeError: 'NoneType' object has no attribute 'close'
2022-07-11 13:57:05,142 INFO: selected the voice protocol for use (xsalsa20_poly1305_lite)
2022-07-11 13:57:05,311 INFO: received secret key for voice connection
2022-07-11 13:57:08,372 INFO: Preparing to terminate ffmpeg process 1015.
2022-07-11 13:57:08,373 INFO: ffmpeg process 1015 successfully terminated with return code of 0.
2022-07-11 13:57:11,142 INFO: Preparing to terminate ffmpeg process 1025.
2022-07-11 13:57:11,142 INFO: ffmpeg process 1025 successfully terminated with return code of 0.
2022-07-11 13:57:12,192 INFO: The voice handshake is being terminated for Channel ID 868516155525046333 (Guild ID 428109526550708234)
2022-07-11 13:57:12,193 INFO: Disconnecting from voice normally, close code 1000.
2022-07-11 13:57:40,500 INFO: Lexor out 9又4分之8.7月台[123是什麼敷衍的名字]
2022-07-11 13:57:40,501 INFO: Connecting to voice...
2022-07-11 13:57:40,501 INFO: Starting voice handshake... (connection attempt 1)
2022-07-11 13:57:41,499 INFO: Voice handshake complete. Endpoint found hongkong10002.discord.media
2022-07-11 13:57:42,530 INFO: selected the voice protocol for use (xsalsa20_poly1305_lite)
2022-07-11 13:57:42,736 INFO: received secret key for voice connection
2022-07-11 13:57:44,446 INFO: Preparing to terminate ffmpeg process 1036.
2022-07-11 13:57:44,449 INFO: ffmpeg process 1036 has not terminated. Waiting to terminate...
2022-07-11 13:57:44,450 INFO: ffmpeg process 1036 should have terminated with a return code of 0.
2022-07-11 13:57:45,461 INFO: The voice handshake is being terminated for Channel ID 728631391809437746 (Guild ID 428109526550708234)
2022-07-11 13:57:45,461 INFO: Disconnecting from voice normally, close code 1000.
2022-07-11 13:58:11,756 INFO: BunnyplayGG in 9又4分之8.7月台[123是什麼敷衍的名字]
2022-07-11 13:58:11,977 INFO: Connecting to voice...
2022-07-11 13:58:11,978 INFO: Starting voice handshake... (connection attempt 1)
2022-07-11 13:58:12,224 INFO: Voice handshake complete. Endpoint found hongkong10002.discord.media
2022-07-11 13:58:13,437 INFO: selected the voice protocol for use (xsalsa20_poly1305_lite)
2022-07-11 13:58:13,651 INFO: received secret key for voice connection
2022-07-11 13:58:16,296 INFO: Preparing to terminate ffmpeg process 1047.
2022-07-11 13:58:16,297 INFO: ffmpeg process 1047 successfully terminated with return code of 0.
2022-07-11 13:58:19,329 INFO: Preparing to terminate ffmpeg process 1057.
2022-07-11 13:58:19,329 INFO: ffmpeg process 1057 successfully terminated with return code of 0.
2022-07-11 13:58:20,391 INFO: The voice handshake is being terminated for Channel ID 728631391809437746 (Guild ID 428109526550708234)
2022-07-11 13:58:20,392 INFO: Disconnecting from voice normally, close code 1000.
2022-07-11 13:58:26,716 INFO: wawa的n out 9又4分之8.7月台[123是什麼敷衍的名字]
2022-07-11 13:58:26,717 INFO: Connecting to voice...
2022-07-11 13:58:26,718 INFO: Starting voice handshake... (connection attempt 1)
2022-07-11 13:58:27,117 INFO: Voice handshake complete. Endpoint found hongkong10002.discord.media
2022-07-11 13:58:28,199 INFO: selected the voice protocol for use (xsalsa20_poly1305_lite)
2022-07-11 13:58:28,416 INFO: received secret key for voice connection
2022-07-11 13:58:30,409 INFO: Preparing to terminate ffmpeg process 1068.
2022-07-11 13:58:30,409 INFO: ffmpeg process 1068 successfully terminated with return code of 0.
2022-07-11 13:58:31,455 INFO: The voice handshake is being terminated for Channel ID 728631391809437746 (Guild ID 428109526550708234)
2022-07-11 13:58:31,456 INFO: Disconnecting from voice normally, close code 1000.
2022-07-11 13:59:02,758 INFO: wawa的n in 9又4分之8.7月台[123是什麼敷衍的名字]
2022-07-11 13:59:02,812 INFO: Connecting to voice...
2022-07-11 13:59:02,812 INFO: Starting voice handshake... (connection attempt 1)
2022-07-11 13:59:03,136 INFO: Voice handshake complete. Endpoint found hongkong10002.discord.media
2022-07-11 13:59:04,332 INFO: selected the voice protocol for use (xsalsa20_poly1305_lite)
2022-07-11 13:59:04,541 INFO: received secret key for voice connection
2022-07-11 13:59:07,212 INFO: Preparing to terminate ffmpeg process 1079.
2022-07-11 13:59:07,213 INFO: ffmpeg process 1079 successfully terminated with return code of 0.
2022-07-11 13:59:10,006 INFO: Preparing to terminate ffmpeg process 1089.
2022-07-11 13:59:10,006 INFO: ffmpeg process 1089 successfully terminated with return code of 0.
2022-07-11 13:59:11,060 INFO: The voice handshake is being terminated for Channel ID 728631391809437746 (Guild ID 428109526550708234)
2022-07-11 13:59:11,060 INFO: Disconnecting from voice normally, close code 1000.
2022-07-11 13:59:17,625 INFO: Chi in 9又4分之8.7月台[欸欸欸這樣配可以嗎(思]
2022-07-11 13:59:17,846 INFO: Connecting to voice...
2022-07-11 13:59:17,846 INFO: Starting voice handshake... (connection attempt 1)
2022-07-11 13:59:18,053 INFO: Voice handshake complete. Endpoint found japan2804.discord.media
2022-07-11 13:59:18,915 INFO: selected the voice protocol for use (xsalsa20_poly1305_lite)
2022-07-11 13:59:19,094 INFO: received secret key for voice connection
2022-07-11 13:59:21,294 INFO: Preparing to terminate ffmpeg process 1100.
2022-07-11 13:59:21,294 INFO: ffmpeg process 1100 successfully terminated with return code of 0.
2022-07-11 13:59:23,295 INFO: Preparing to terminate ffmpeg process 1110.
2022-07-11 13:59:23,296 INFO: ffmpeg process 1110 successfully terminated with return code of 0.
2022-07-11 13:59:24,340 INFO: The voice handshake is being terminated for Channel ID 868516155525046333 (Guild ID 428109526550708234)
2022-07-11 13:59:24,341 INFO: Disconnecting from voice normally, close code 1000.
2022-07-11 14:03:56,959 INFO: Chi in 9又4分之8.7月台[123是什麼敷衍的名字]
2022-07-11 14:03:56,985 INFO: Connecting to voice...
2022-07-11 14:03:56,985 INFO: Starting voice handshake... (connection attempt 1)
2022-07-11 14:03:57,886 INFO: Voice handshake complete. Endpoint found hongkong10002.discord.media
2022-07-11 14:03:58,942 INFO: selected the voice protocol for use (xsalsa20_poly1305_lite)
2022-07-11 14:03:59,146 INFO: received secret key for voice connection
2022-07-11 14:04:00,828 INFO: Preparing to terminate ffmpeg process 1121.
2022-07-11 14:04:00,830 INFO: ffmpeg process 1121 successfully terminated with return code of 0.
2022-07-11 14:04:03,056 INFO: Preparing to terminate ffmpeg process 1131.
2022-07-11 14:04:03,057 INFO: ffmpeg process 1131 successfully terminated with return code of 0.
2022-07-11 14:04:04,104 INFO: The voice handshake is being terminated for Channel ID 728631391809437746 (Guild ID 428109526550708234)
2022-07-11 14:04:04,105 INFO: Disconnecting from voice normally, close code 1000.
2022-07-11 14:04:13,688 INFO: 楓夜 in 9又4分之8.7月台[123是什麼敷衍的名字]
2022-07-11 14:04:13,745 INFO: Connecting to voice...
2022-07-11 14:04:13,745 INFO: Starting voice handshake... (connection attempt 1)
2022-07-11 14:04:14,091 INFO: Voice handshake complete. Endpoint found hongkong10002.discord.media
2022-07-11 14:04:15,222 INFO: selected the voice protocol for use (xsalsa20_poly1305_lite)
2022-07-11 14:04:15,440 INFO: received secret key for voice connection
2022-07-11 14:04:18,493 INFO: Preparing to terminate ffmpeg process 1142.
2022-07-11 14:04:18,494 INFO: ffmpeg process 1142 successfully terminated with return code of 0.
2022-07-11 14:04:21,464 INFO: Preparing to terminate ffmpeg process 1152.
2022-07-11 14:04:21,465 INFO: ffmpeg process 1152 successfully terminated with return code of 0.
2022-07-11 14:04:22,570 INFO: The voice handshake is being terminated for Channel ID 728631391809437746 (Guild ID 428109526550708234)
2022-07-11 14:04:22,570 INFO: Disconnecting from voice normally, close code 1000.
2022-07-11 14:10:07,508 INFO: Fiven-chung in 9又4分之8.7月台[123是什麼敷衍的名字]
2022-07-11 14:10:07,555 INFO: Connecting to voice...
2022-07-11 14:10:07,555 INFO: Starting voice handshake... (connection attempt 1)
2022-07-11 14:10:08,481 INFO: Voice handshake complete. Endpoint found hongkong10002.discord.media
2022-07-11 14:10:09,664 INFO: selected the voice protocol for use (xsalsa20_poly1305_lite)
2022-07-11 14:10:09,918 INFO: received secret key for voice connection
2022-07-11 14:10:12,356 INFO: Preparing to terminate ffmpeg process 1193.
2022-07-11 14:10:12,357 INFO: ffmpeg process 1193 successfully terminated with return code of 0.
2022-07-11 14:10:15,776 INFO: Preparing to terminate ffmpeg process 1203.
2022-07-11 14:10:15,777 INFO: ffmpeg process 1203 successfully terminated with return code of 0.
2022-07-11 14:10:16,840 INFO: The voice handshake is being terminated for Channel ID 728631391809437746 (Guild ID 428109526550708234)
2022-07-11 14:10:16,840 INFO: Disconnecting from voice normally, close code 1000.
2022-07-11 14:11:46,260 INFO: MaiMai的Pool in 9又4分之8.7月台[打不出幹話就講出來啊]
2022-07-11 14:11:46,291 INFO: Connecting to voice...
2022-07-11 14:11:46,291 INFO: Starting voice handshake... (connection attempt 1)
2022-07-11 14:11:46,994 INFO: Voice handshake complete. Endpoint found singapore7506.discord.media
2022-07-11 14:11:47,238 ERROR: Exception occurred during Voice Protocol voice server update handler
Traceback (most recent call last):
  File "/opt/virtualenvs/python3/lib/python3.8/site-packages/discord/state.py", line 102, in logging_coroutine
    await coroutine
  File "/opt/virtualenvs/python3/lib/python3.8/site-packages/discord/voice_client.py", line 295, in on_voice_server_update
    await self.ws.close(4000)
AttributeError: 'NoneType' object has no attribute 'close'
2022-07-11 14:11:48,233 INFO: selected the voice protocol for use (xsalsa20_poly1305_lite)
2022-07-11 14:11:48,385 INFO: wawa的n in 9又4分之8.7月台[打不出幹話就講出來啊]
2022-07-11 14:11:48,494 INFO: received secret key for voice connection
2022-07-11 14:11:51,412 INFO: Preparing to terminate ffmpeg process 1227.
2022-07-11 14:11:51,413 INFO: ffmpeg process 1227 successfully terminated with return code of 0.
2022-07-11 14:11:54,116 INFO: Preparing to terminate ffmpeg process 1240.
2022-07-11 14:11:54,117 INFO: ffmpeg process 1240 successfully terminated with return code of 0.
2022-07-11 14:11:57,879 INFO: Preparing to terminate ffmpeg process 1250.
2022-07-11 14:11:57,881 INFO: ffmpeg process 1250 successfully terminated with return code of 0.
2022-07-11 14:11:59,717 INFO: Preparing to terminate ffmpeg process 1260.
2022-07-11 14:11:59,718 INFO: ffmpeg process 1260 successfully terminated with return code of 0.
2022-07-11 14:12:00,987 INFO: The voice handshake is being terminated for Channel ID 428109526550708238 (Guild ID 428109526550708234)
2022-07-11 14:12:00,989 INFO: Disconnecting from voice normally, close code 1000.
2022-07-11 14:26:54,856 INFO: Chi out 9又4分之8.7月台[123是什麼敷衍的名字]
2022-07-11 14:26:54,857 INFO: Connecting to voice...
2022-07-11 14:26:54,857 INFO: Starting voice handshake... (connection attempt 1)
2022-07-11 14:26:55,820 INFO: Voice handshake complete. Endpoint found hongkong10002.discord.media
2022-07-11 14:26:56,867 INFO: selected the voice protocol for use (xsalsa20_poly1305_lite)
2022-07-11 14:26:57,072 INFO: received secret key for voice connection
2022-07-11 14:26:58,641 INFO: Preparing to terminate ffmpeg process 1315.
2022-07-11 14:26:58,643 INFO: ffmpeg process 1315 successfully terminated with return code of 0.
2022-07-11 14:26:59,689 INFO: The voice handshake is being terminated for Channel ID 728631391809437746 (Guild ID 428109526550708234)
2022-07-11 14:26:59,690 INFO: Disconnecting from voice normally, close code 1000.
2022-07-11 14:33:16,026 INFO: Lexor in 9又4分之8.7月台[打不出幹話就講出來啊]
2022-07-11 14:33:16,100 INFO: Connecting to voice...
2022-07-11 14:33:16,100 INFO: Starting voice handshake... (connection attempt 1)
2022-07-11 14:33:17,093 INFO: Voice handshake complete. Endpoint found singapore7506.discord.media
2022-07-11 14:33:18,331 INFO: selected the voice protocol for use (xsalsa20_poly1305_lite)
2022-07-11 14:33:18,568 INFO: received secret key for voice connection
2022-07-11 14:33:20,444 INFO: Preparing to terminate ffmpeg process 1326.
2022-07-11 14:33:20,445 INFO: ffmpeg process 1326 successfully terminated with return code of 0.
2022-07-11 14:33:23,252 INFO: Preparing to terminate ffmpeg process 1336.
2022-07-11 14:33:23,253 INFO: ffmpeg process 1336 successfully terminated with return code of 0.
2022-07-11 14:33:24,351 INFO: The voice handshake is being terminated for Channel ID 428109526550708238 (Guild ID 428109526550708234)
2022-07-11 14:33:24,351 INFO: Disconnecting from voice normally, close code 1000.
2022-07-11 14:35:26,016 INFO: vincentchao in 9又4分之8.7月台[打不出幹話就講出來啊]
2022-07-11 14:35:26,081 INFO: Connecting to voice...
2022-07-11 14:35:26,081 INFO: Starting voice handshake... (connection attempt 1)
2022-07-11 14:35:27,027 INFO: Voice handshake complete. Endpoint found singapore7506.discord.media
2022-07-11 14:35:28,236 INFO: selected the voice protocol for use (xsalsa20_poly1305_lite)
2022-07-11 14:35:28,482 INFO: received secret key for voice connection
2022-07-11 14:35:31,196 INFO: Preparing to terminate ffmpeg process 1347.
2022-07-11 14:35:31,197 INFO: ffmpeg process 1347 successfully terminated with return code of 0.
2022-07-11 14:35:33,220 INFO: Preparing to terminate ffmpeg process 1357.
2022-07-11 14:35:33,221 INFO: ffmpeg process 1357 successfully terminated with return code of 0.
2022-07-11 14:35:34,258 INFO: The voice handshake is being terminated for Channel ID 428109526550708238 (Guild ID 428109526550708234)
2022-07-11 14:35:34,258 INFO: Disconnecting from voice normally, close code 1000.
2022-07-11 15:11:04,405 INFO: KyrieR in 9又4分之8.7月台[123是什麼敷衍的名字]
2022-07-11 15:11:04,447 INFO: Connecting to voice...
2022-07-11 15:11:04,447 INFO: Starting voice handshake... (connection attempt 1)
2022-07-11 15:11:05,345 INFO: Voice handshake complete. Endpoint found hongkong10002.discord.media
2022-07-11 15:11:06,507 INFO: selected the voice protocol for use (xsalsa20_poly1305_lite)
2022-07-11 15:11:06,711 INFO: received secret key for voice connection
2022-07-11 15:11:08,816 INFO: Preparing to terminate ffmpeg process 1459.
2022-07-11 15:11:08,818 INFO: ffmpeg process 1459 successfully terminated with return code of 0.
2022-07-11 15:11:10,822 INFO: Preparing to terminate ffmpeg process 1469.
2022-07-11 15:11:10,826 INFO: ffmpeg process 1469 successfully terminated with return code of 0.
2022-07-11 15:11:11,869 INFO: The voice handshake is being terminated for Channel ID 728631391809437746 (Guild ID 428109526550708234)
2022-07-11 15:11:11,871 INFO: Disconnecting from voice normally, close code 1000.
2022-07-11 15:43:47,488 INFO: logging in using static token
2022-07-11 15:43:47,780 INFO: Shard ID None has sent the IDENTIFY payload.
2022-07-11 15:43:47,991 INFO: Shard ID None has connected to Gateway: ["gateway-prd-main-53f9",{"micros":171038,"calls":["discord-sessions-green-prd-2-114",{"micros":169288,"calls":["start_session",{"micros":132257,"calls":["discord-api-f5c57c6b5-6mn9l",{"micros":125236,"calls":["get_user",{"micros":12064},"add_authorized_ip",{"micros":3409},"get_guilds",{"micros":17416},"coros_wait",{"micros":2}]}]},"guilds_connect",{"micros":1,"calls":[]},"presence_connect",{"micros":2,"calls":[]}]}]}] (Session ID: 2a4bf04abd2f73e7236876712a27db90).
2022-07-11 15:43:50,168 INFO: 目前登入身份：神奇海螺#3847
2022-07-11 15:58:19,636 INFO: vincentchao out 9又4分之8.7月台[打不出幹話就講出來啊]
2022-07-11 15:58:19,637 INFO: Connecting to voice...
2022-07-11 15:58:19,637 INFO: Starting voice handshake... (connection attempt 1)
2022-07-11 15:58:20,575 INFO: wawa的n out 9又4分之8.7月台[打不出幹話就講出來啊]
2022-07-11 15:58:20,694 INFO: Voice handshake complete. Endpoint found singapore7506.discord.media
2022-07-11 15:58:21,904 INFO: selected the voice protocol for use (xsalsa20_poly1305_lite)
2022-07-11 15:58:22,139 INFO: received secret key for voice connection
2022-07-11 15:58:24,198 INFO: Preparing to terminate ffmpeg process 173.
2022-07-11 15:58:24,198 INFO: ffmpeg process 173 successfully terminated with return code of 0.
2022-07-11 15:58:27,200 INFO: Preparing to terminate ffmpeg process 184.
2022-07-11 15:58:27,200 INFO: ffmpeg process 184 successfully terminated with return code of 0.
2022-07-11 15:58:28,240 INFO: The voice handshake is being terminated for Channel ID 428109526550708238 (Guild ID 428109526550708234)
2022-07-11 15:58:28,240 INFO: Disconnecting from voice normally, close code 1000.
2022-07-11 15:58:33,242 INFO: Lexor out 9又4分之8.7月台[打不出幹話就講出來啊]
2022-07-11 15:58:33,242 INFO: Connecting to voice...
2022-07-11 15:58:33,242 INFO: Starting voice handshake... (connection attempt 1)
2022-07-11 15:58:33,513 INFO: Voice handshake complete. Endpoint found singapore7506.discord.media
2022-07-11 15:58:34,764 INFO: selected the voice protocol for use (xsalsa20_poly1305_lite)
2022-07-11 15:58:35,004 INFO: received secret key for voice connection
2022-07-11 15:58:36,729 INFO: Preparing to terminate ffmpeg process 195.
2022-07-11 15:58:36,730 INFO: ffmpeg process 195 successfully terminated with return code of 0.
2022-07-11 15:58:37,760 INFO: The voice handshake is being terminated for Channel ID 428109526550708238 (Guild ID 428109526550708234)
2022-07-11 15:58:37,760 INFO: Disconnecting from voice normally, close code 1000.
2022-07-11 15:58:39,226 INFO: MaiMai的Pool out 9又4分之8.7月台[打不出幹話就講出來啊]
2022-07-11 15:58:39,226 INFO: Connecting to voice...
2022-07-11 15:58:39,226 INFO: Starting voice handshake... (connection attempt 1)
2022-07-11 15:58:39,380 INFO: Voice handshake complete. Endpoint found newark6254.discord.media
2022-07-11 15:58:39,609 INFO: selected the voice protocol for use (xsalsa20_poly1305_lite)
2022-07-11 15:58:39,643 INFO: received secret key for voice connection
2022-07-11 15:58:41,752 INFO: Preparing to terminate ffmpeg process 206.
2022-07-11 15:58:41,752 INFO: ffmpeg process 206 successfully terminated with return code of 0.
2022-07-11 15:58:42,762 INFO: The voice handshake is being terminated for Channel ID 428109526550708238 (Guild ID 428109526550708234)
2022-07-11 15:58:42,763 INFO: Disconnecting from voice normally, close code 1000.
2022-07-11 16:15:17,518 INFO: BunnyplayGG out 9又4分之8.7月台[123是什麼敷衍的名字]
2022-07-11 16:15:17,518 INFO: Connecting to voice...
2022-07-11 16:15:17,518 INFO: Starting voice handshake... (connection attempt 1)
2022-07-11 16:15:18,469 INFO: Voice handshake complete. Endpoint found hongkong10002.discord.media
2022-07-11 16:15:19,526 INFO: selected the voice protocol for use (xsalsa20_poly1305_lite)
2022-07-11 16:15:19,733 INFO: received secret key for voice connection
2022-07-11 16:15:22,103 INFO: Preparing to terminate ffmpeg process 248.
2022-07-11 16:15:22,103 INFO: ffmpeg process 248 successfully terminated with return code of 0.
2022-07-11 16:15:23,152 INFO: The voice handshake is being terminated for Channel ID 728631391809437746 (Guild ID 428109526550708234)
2022-07-11 16:15:23,153 INFO: Disconnecting from voice normally, close code 1000.
2022-07-11 16:16:10,261 INFO: 楓夜 out 9又4分之8.7月台[123是什麼敷衍的名字]
2022-07-11 16:16:10,262 INFO: Connecting to voice...
2022-07-11 16:16:10,262 INFO: Starting voice handshake... (connection attempt 1)
2022-07-11 16:16:10,648 INFO: Voice handshake complete. Endpoint found hongkong10002.discord.media
2022-07-11 16:16:11,711 INFO: selected the voice protocol for use (xsalsa20_poly1305_lite)
2022-07-11 16:16:11,917 INFO: received secret key for voice connection
2022-07-11 16:16:14,267 INFO: Preparing to terminate ffmpeg process 259.
2022-07-11 16:16:14,268 INFO: ffmpeg process 259 successfully terminated with return code of 0.
2022-07-11 16:16:15,336 INFO: The voice handshake is being terminated for Channel ID 728631391809437746 (Guild ID 428109526550708234)
2022-07-11 16:16:15,337 INFO: Disconnecting from voice normally, close code 1000.
2022-07-11 16:16:20,185 INFO: KyrieR out 9又4分之8.7月台[123是什麼敷衍的名字]
2022-07-11 16:16:20,185 INFO: Connecting to voice...
2022-07-11 16:16:20,185 INFO: Starting voice handshake... (connection attempt 1)
2022-07-11 16:16:20,570 INFO: Voice handshake complete. Endpoint found hongkong10002.discord.media
2022-07-11 16:16:21,163 INFO: Fiven-chung out 9又4分之8.7月台[123是什麼敷衍的名字]
2022-07-11 16:16:21,594 INFO: selected the voice protocol for use (xsalsa20_poly1305_lite)
2022-07-11 16:16:21,801 INFO: received secret key for voice connection
2022-07-11 16:16:23,618 INFO: Preparing to terminate ffmpeg process 270.
2022-07-11 16:16:23,619 INFO: ffmpeg process 270 successfully terminated with return code of 0.
2022-07-11 16:16:26,650 INFO: Preparing to terminate ffmpeg process 280.
2022-07-11 16:16:26,651 INFO: ffmpeg process 280 successfully terminated with return code of 0.
2022-07-11 16:16:27,744 INFO: The voice handshake is being terminated for Channel ID 728631391809437746 (Guild ID 428109526550708234)
2022-07-11 16:16:27,745 INFO: Disconnecting from voice normally, close code 1000.
2022-07-11 16:40:08,415 INFO: Websocket closed with 1006, attempting a reconnect.
2022-07-11 16:40:08,415 INFO: Got a request to RESUME the websocket.
2022-07-11 16:40:08,604 INFO: Shard ID None has sent the RESUME payload.
2022-07-11 16:40:08,645 INFO: Shard ID None has successfully RESUMED session 2a4bf04abd2f73e7236876712a27db90 under trace ["gateway-prd-main-hm0s",{"micros":597,"calls":["discord-sessions-green-prd-2-114",{"micros":22}]}].
