2022-11-23 23:41:48,358 INFO: logging in using static token
2022-11-23 23:41:49,069 INFO: Shard ID None has connected to Gateway (Session ID: 7474edabb0114fa8654ca3590510d920).
2022-11-23 23:41:51,077 INFO: 目前登入身份：神奇海螺#3847
2022-11-24 01:41:57,237 INFO: Shard ID None has successfully RESUMED session 7474edabb0114fa8654ca3590510d920.
2022-11-24 03:23:17,958 INFO: Shard ID None has successfully RESUMED session 7474edabb0114fa8654ca3590510d920.
2022-11-24 04:11:15,831 INFO: Shard ID None has successfully RESUMED session 7474edabb0114fa8654ca3590510d920.
2022-11-24 06:37:31,946 INFO: Shard ID None has successfully RESUMED session 7474edabb0114fa8654ca3590510d920.
2022-11-24 07:05:48,024 INFO: Shard ID None has successfully RESUMED session 7474edabb0114fa8654ca3590510d920.
2022-11-24 08:51:43,444 INFO: Shard ID None has successfully RESUMED session 7474edabb0114fa8654ca3590510d920.
2022-11-24 09:20:06,037 INFO: logging in using static token
2022-11-24 09:20:06,622 INFO: Shard ID None has connected to Gateway (Session ID: 8419aaf7feff4312d492e191baf93c40).
2022-11-24 09:20:08,626 INFO: 目前登入身份：神奇海螺#3847
2022-11-24 09:23:30,431 INFO: logging in using static token
2022-11-24 09:23:31,013 INFO: Shard ID None has connected to Gateway (Session ID: f1382af50ce80aa24f8cab02a65620c6).
2022-11-24 09:23:33,016 INFO: 目前登入身份：神奇海螺#3847
2022-11-24 11:06:24,760 INFO: Shard ID None has successfully RESUMED session f1382af50ce80aa24f8cab02a65620c6.
2022-11-24 12:01:10,290 INFO: Shard ID None has successfully RESUMED session f1382af50ce80aa24f8cab02a65620c6.
2022-11-24 14:58:03,405 INFO: Chi in 9又4分之8.7月台[123是什麼敷衍的名字]
2022-11-24 14:58:03,502 INFO: Connecting to voice...
2022-11-24 14:58:03,503 INFO: Starting voice handshake... (connection attempt 1)
2022-11-24 14:58:03,824 INFO: Voice handshake complete. Endpoint found hongkong9969.discord.media
2022-11-24 14:58:07,086 INFO: ffmpeg process 736 successfully terminated with return code of 0.
2022-11-24 14:58:09,388 INFO: ffmpeg process 747 successfully terminated with return code of 0.
2022-11-24 14:58:10,435 INFO: The voice handshake is being terminated for Channel ID 728631391809437746 (Guild ID 428109526550708234)
2022-11-24 14:58:10,436 INFO: Disconnecting from voice normally, close code 1000.
2022-11-24 14:59:01,495 INFO: 貓嗷嗚飄飄大仙 in 9又4分之8.7月台[123是什麼敷衍的名字]
2022-11-24 14:59:01,543 INFO: Connecting to voice...
2022-11-24 14:59:01,543 INFO: Starting voice handshake... (connection attempt 1)
2022-11-24 14:59:01,917 INFO: Voice handshake complete. Endpoint found hongkong9969.discord.media
2022-11-24 14:59:06,218 INFO: ffmpeg process 758 successfully terminated with return code of 0.
2022-11-24 14:59:08,982 INFO: ffmpeg process 768 successfully terminated with return code of 0.
2022-11-24 14:59:10,030 INFO: The voice handshake is being terminated for Channel ID 728631391809437746 (Guild ID 428109526550708234)
2022-11-24 14:59:10,030 INFO: Disconnecting from voice normally, close code 1000.
2022-11-24 14:59:41,152 INFO: BunnyplayGG in 9又4分之8.7月台[123是什麼敷衍的名字]
2022-11-24 14:59:41,313 INFO: Connecting to voice...
2022-11-24 14:59:41,313 INFO: Starting voice handshake... (connection attempt 1)
2022-11-24 14:59:41,630 INFO: Voice handshake complete. Endpoint found hongkong9969.discord.media
2022-11-24 14:59:44,544 INFO: ffmpeg process 779 successfully terminated with return code of 0.
2022-11-24 14:59:47,159 INFO: ffmpeg process 789 successfully terminated with return code of 0.
2022-11-24 14:59:48,206 INFO: The voice handshake is being terminated for Channel ID 728631391809437746 (Guild ID 428109526550708234)
2022-11-24 14:59:48,206 INFO: Disconnecting from voice normally, close code 1000.
2022-11-24 15:09:56,153 INFO: KyrieR in 9又4分之8.7月台[123是什麼敷衍的名字]
2022-11-24 15:09:56,300 INFO: Connecting to voice...
2022-11-24 15:09:56,300 INFO: Starting voice handshake... (connection attempt 1)
2022-11-24 15:09:56,618 INFO: Voice handshake complete. Endpoint found hongkong9969.discord.media
2022-11-24 15:09:59,783 INFO: ffmpeg process 819 successfully terminated with return code of 0.
2022-11-24 15:10:02,357 INFO: ffmpeg process 829 successfully terminated with return code of 0.
2022-11-24 15:10:03,426 INFO: The voice handshake is being terminated for Channel ID 728631391809437746 (Guild ID 428109526550708234)
2022-11-24 15:10:03,427 INFO: Disconnecting from voice normally, close code 1000.
2022-11-24 15:14:51,069 INFO: Shard ID None has successfully RESUMED session f1382af50ce80aa24f8cab02a65620c6.
2022-11-24 15:27:01,349 INFO: 楓夜 in 9又4分之8.7月台[123是什麼敷衍的名字]
2022-11-24 15:27:01,492 INFO: Connecting to voice...
2022-11-24 15:27:01,492 INFO: Starting voice handshake... (connection attempt 1)
2022-11-24 15:27:01,811 INFO: Voice handshake complete. Endpoint found hongkong9969.discord.media
2022-11-24 15:27:05,316 INFO: ffmpeg process 859 successfully terminated with return code of 0.
2022-11-24 15:27:08,159 INFO: ffmpeg process 869 successfully terminated with return code of 0.
2022-11-24 15:27:09,247 INFO: The voice handshake is being terminated for Channel ID 728631391809437746 (Guild ID 428109526550708234)
2022-11-24 15:27:09,248 INFO: Disconnecting from voice normally, close code 1000.
2022-11-24 16:46:02,374 INFO: BunnyplayGG out 9又4分之8.7月台[123是什麼敷衍的名字]
2022-11-24 16:46:02,375 INFO: Connecting to voice...
2022-11-24 16:46:02,375 INFO: Starting voice handshake... (connection attempt 1)
2022-11-24 16:46:02,706 INFO: Voice handshake complete. Endpoint found hongkong9969.discord.media
2022-11-24 16:46:06,113 INFO: ffmpeg process 1021 successfully terminated with return code of 0.
2022-11-24 16:46:07,174 INFO: The voice handshake is being terminated for Channel ID 728631391809437746 (Guild ID 428109526550708234)
2022-11-24 16:46:07,175 INFO: Disconnecting from voice normally, close code 1000.
2022-11-24 16:46:12,033 INFO: 楓夜 out 9又4分之8.7月台[123是什麼敷衍的名字]
2022-11-24 16:46:12,034 INFO: Connecting to voice...
2022-11-24 16:46:12,034 INFO: Starting voice handshake... (connection attempt 1)
2022-11-24 16:46:12,452 INFO: Voice handshake complete. Endpoint found hongkong9969.discord.media
2022-11-24 16:46:14,771 INFO: Chi out 9又4分之8.7月台[123是什麼敷衍的名字]
2022-11-24 16:46:15,828 INFO: ffmpeg process 1032 successfully terminated with return code of 0.
2022-11-24 16:46:18,473 INFO: ffmpeg process 1042 successfully terminated with return code of 0.
2022-11-24 16:46:19,519 INFO: The voice handshake is being terminated for Channel ID 728631391809437746 (Guild ID 428109526550708234)
2022-11-24 16:46:19,524 INFO: Disconnecting from voice normally, close code 1000.
2022-11-24 16:54:26,499 INFO: KyrieR out 9又4分之8.7月台[123是什麼敷衍的名字]
2022-11-24 16:54:26,500 INFO: Connecting to voice...
2022-11-24 16:54:26,500 INFO: Starting voice handshake... (connection attempt 1)
2022-11-24 16:54:26,826 INFO: Voice handshake complete. Endpoint found hongkong9969.discord.media
2022-11-24 16:54:29,712 INFO: ffmpeg process 1071 successfully terminated with return code of 0.
2022-11-24 16:54:30,718 INFO: The voice handshake is being terminated for Channel ID 728631391809437746 (Guild ID 428109526550708234)
2022-11-24 16:54:30,719 INFO: Disconnecting from voice normally, close code 1000.
2022-11-24 17:42:23,417 INFO: 貓嗷嗚飄飄大仙 out 9又4分之8.7月台[123是什麼敷衍的名字]
2022-11-24 17:42:23,417 INFO: Connecting to voice...
2022-11-24 17:42:23,418 INFO: Starting voice handshake... (connection attempt 1)
2022-11-24 17:42:23,590 INFO: Voice handshake complete. Endpoint found oregon10001.discord.media
2022-11-24 17:42:26,293 INFO: ffmpeg process 1137 successfully terminated with return code of 0.
2022-11-24 17:42:27,365 INFO: The voice handshake is being terminated for Channel ID 728631391809437746 (Guild ID 428109526550708234)
2022-11-24 17:42:27,366 INFO: Disconnecting from voice normally, close code 1000.
2022-11-24 18:06:45,434 INFO: Shard ID None has successfully RESUMED session f1382af50ce80aa24f8cab02a65620c6.
2022-11-24 21:25:57,764 INFO: Shard ID None has successfully RESUMED session f1382af50ce80aa24f8cab02a65620c6.
2022-11-24 22:27:40,083 INFO: Shard ID None has successfully RESUMED session f1382af50ce80aa24f8cab02a65620c6.
2022-11-25 00:54:30,550 INFO: Shard ID None has successfully RESUMED session f1382af50ce80aa24f8cab02a65620c6.
