2022-01-13 02:12:14,190 INFO: logging in using static token
2022-01-13 02:12:14,453 INFO: Shard ID None has sent the IDENTIFY payload.
2022-01-13 02:12:14,576 INFO: Shard ID None has connected to Gateway: ["gateway-prd-main-tn1q",{"micros":78283,"calls":["discord-sessions-blue-prd-2-55",{"micros":77399,"calls":["start_session",{"micros":36040,"calls":["api-prd-main-htlf",{"micros":31858,"calls":["get_user",{"micros":3687},"add_authorized_ip",{"micros":2117},"get_guilds",{"micros":7397},"coros_wait",{"micros":1}]}]},"guilds_connect",{"micros":2,"calls":[]},"presence_connect",{"micros":1,"calls":[]}]}]}] (Session ID: 14630790f9969c2f6dd84d57760503d3).
2022-01-13 02:12:16,648 INFO: 目前登入身份：神奇海螺#3847
2022-01-13 02:38:01,987 INFO: logging in using static token
2022-01-13 02:38:02,253 INFO: Shard ID None has sent the IDENTIFY payload.
2022-01-13 02:38:02,391 INFO: Shard ID None has connected to Gateway: ["gateway-prd-main-gbj6",{"micros":99204,"calls":["discord-sessions-blue-prd-2-135",{"micros":93836,"calls":["start_session",{"micros":28020,"calls":["api-prd-main-rwh3",{"micros":24748,"calls":["get_user",{"micros":3584},"add_authorized_ip",{"micros":1467},"get_guilds",{"micros":4366},"coros_wait",{"micros":2}]}]},"guilds_connect",{"micros":2,"calls":[]},"presence_connect",{"micros":44531,"calls":[]}]}]}] (Session ID: 86bd052af15c613f829a21cfce4a2f8b).
2022-01-13 02:38:04,510 INFO: 目前登入身份：神奇海螺#3847
2022-01-13 04:13:25,896 INFO: logging in using static token
2022-01-13 04:13:26,191 INFO: Shard ID None has sent the IDENTIFY payload.
2022-01-13 04:13:26,339 INFO: Shard ID None has connected to Gateway: ["gateway-prd-main-qkg1",{"micros":104868,"calls":["discord-sessions-blue-prd-2-133",{"micros":103895,"calls":["start_session",{"micros":33091,"calls":["discord-api-995bdf7bb-xxz9f",{"micros":29274,"calls":["get_user",{"micros":3599},"add_authorized_ip",{"micros":1420},"get_guilds",{"micros":5465},"coros_wait",{"micros":1}]}]},"guilds_connect",{"micros":3,"calls":[]},"presence_connect",{"micros":1,"calls":[]}]}]}] (Session ID: c1d83be556b94e830e2091fa817fecdc).
2022-01-13 04:13:28,545 INFO: 目前登入身份：神奇海螺#3847
2022-01-13 13:49:13,889 INFO: logging in using static token
2022-01-13 13:49:14,254 INFO: Shard ID None has sent the IDENTIFY payload.
2022-01-13 13:49:14,354 INFO: Shard ID None has connected to Gateway: ["gateway-prd-main-8f6s",{"micros":59553,"calls":["discord-sessions-blue-prd-2-22",{"micros":58601,"calls":["start_session",{"micros":46698,"calls":["api-prd-main-cl3l",{"micros":42956,"calls":["get_user",{"micros":2998},"add_authorized_ip",{"micros":3256},"get_guilds",{"micros":8557},"coros_wait",{"micros":1}]}]},"guilds_connect",{"micros":2,"calls":[]},"presence_connect",{"micros":2,"calls":[]}]}]}] (Session ID: a0468414e7748e120f23b2e3d02a36d8).
2022-01-13 13:49:16,715 INFO: 目前登入身份：神奇海螺#3847
2022-01-13 14:14:52,225 INFO: logging in using static token
2022-01-13 14:14:52,455 INFO: Shard ID None has sent the IDENTIFY payload.
2022-01-13 14:14:52,555 INFO: Shard ID None has connected to Gateway: ["gateway-prd-main-gv99",{"micros":62795,"calls":["discord-sessions-blue-prd-2-36",{"micros":57684,"calls":["start_session",{"micros":39050,"calls":["discord-api-995bdf7bb-tq7zv",{"micros":34003,"calls":["get_user",{"micros":7560},"add_authorized_ip",{"micros":1300},"get_guilds",{"micros":5360},"coros_wait",{"micros":2}]}]},"guilds_connect",{"micros":24,"calls":[]},"presence_connect",{"micros":1,"calls":[]}]}]}] (Session ID: d0c2faf0d4abc89912048778c2bd3d23).
2022-01-13 14:14:54,599 INFO: 目前登入身份：神奇海螺#3847
2022-01-13 14:19:13,016 INFO: KyrieR in 9又4分之8.7月台[打不出幹話就講出來啊]
2022-01-13 14:19:13,034 INFO: Connecting to voice...
2022-01-13 14:19:13,035 INFO: Starting voice handshake... (connection attempt 1)
2022-01-13 14:19:14,090 INFO: Voice handshake complete. Endpoint found singapore4019.discord.media
2022-01-13 14:19:15,546 INFO: selected the voice protocol for use (xsalsa20_poly1305_lite)
2022-01-13 14:19:15,793 INFO: received secret key for voice connection
2022-01-13 14:19:18,624 INFO: Preparing to terminate ffmpeg process 122.
2022-01-13 14:19:18,625 INFO: ffmpeg process 122 successfully terminated with return code of 0.
2022-01-13 14:19:19,197 INFO: Preparing to terminate ffmpeg process 133.
2022-01-13 14:19:19,198 INFO: ffmpeg process 133 successfully terminated with return code of 0.
2022-01-13 14:19:20,240 INFO: The voice handshake is being terminated for Channel ID 428109526550708238 (Guild ID 428109526550708234)
2022-01-13 14:19:20,240 INFO: Disconnecting from voice normally, close code 1000.
