2022-04-29 18:31:31,807 INFO: logging in using static token
2022-04-29 18:31:32,081 INFO: Shard ID None has sent the IDENTIFY payload.
2022-04-29 18:31:32,239 INFO: Shard ID None has connected to Gateway: ["gateway-prd-main-c224",{"micros":118725,"calls":["discord-sessions-green-prd-2-144",{"micros":117848,"calls":["start_session",{"micros":51005,"calls":["discord-api-86445f8ff9-btsk7",{"micros":46792,"calls":["get_user",{"micros":11914},"add_authorized_ip",{"micros":4135},"get_guilds",{"micros":6361},"coros_wait",{"micros":0}]}]},"guilds_connect",{"micros":3,"calls":[]},"presence_connect",{"micros":26248,"calls":[]}]}]}] (Session ID: 4ef7685be62dad0b7c4ea52344c9b831).
2022-04-29 18:31:34,280 INFO: 目前登入身份：神奇海螺#3847
2022-04-29 18:34:10,514 INFO: logging in using static token
2022-04-29 18:34:10,765 INFO: Shard ID None has sent the IDENTIFY payload.
2022-04-29 18:34:10,965 INFO: Shard ID None has connected to Gateway: ["gateway-prd-main-c224",{"micros":159192,"calls":["discord-sessions-green-prd-2-32",{"micros":158215,"calls":["start_session",{"micros":119298,"calls":["discord-api-86445f8ff9-jddf5",{"micros":109917,"calls":["get_user",{"micros":26596},"add_authorized_ip",{"micros":4733},"get_guilds",{"micros":14338},"coros_wait",{"micros":1}]}]},"guilds_connect",{"micros":24,"calls":[]},"presence_connect",{"micros":23919,"calls":[]}]}]}] (Session ID: f5ffa8ab02727d45c6ab96011cfb6579).
2022-04-29 18:34:13,017 INFO: 目前登入身份：神奇海螺#3847
2022-04-29 18:40:16,927 INFO: KyrieR out 9又4分之8.7月台[欸欸欸這樣配可以嗎(思]
2022-04-29 18:40:16,928 INFO: Connecting to voice...
2022-04-29 18:40:16,928 INFO: Starting voice handshake... (connection attempt 1)
2022-04-29 18:40:17,232 INFO: Voice handshake complete. Endpoint found japan780.discord.media
2022-04-29 18:40:18,268 INFO: selected the voice protocol for use (xsalsa20_poly1305_lite)
2022-04-29 18:40:18,440 INFO: received secret key for voice connection
2022-04-29 18:40:21,718 INFO: Preparing to terminate ffmpeg process 137.
2022-04-29 18:40:21,719 INFO: ffmpeg process 137 successfully terminated with return code of 0.
2022-04-29 18:40:24,574 INFO: Preparing to terminate ffmpeg process 148.
2022-04-29 18:40:24,575 INFO: ffmpeg process 148 successfully terminated with return code of 0.
2022-04-29 18:40:25,581 INFO: The voice handshake is being terminated for Channel ID 868516155525046333 (Guild ID 428109526550708234)
2022-04-29 18:40:25,581 INFO: Disconnecting from voice normally, close code 1000.
2022-04-29 18:42:00,789 INFO: 不偷家的飄飄大仙 out 9又4分之8.7月台[欸欸欸這樣配可以嗎(思]
2022-04-29 18:42:00,789 WARNING: 'zh-tw' has been deprecated, falling back to 'zh-TW'. This fallback will be removed in a future version.
2022-04-29 18:42:01,412 INFO: Connecting to voice...
2022-04-29 18:42:01,413 INFO: Starting voice handshake... (connection attempt 1)
2022-04-29 18:42:01,608 INFO: Voice handshake complete. Endpoint found us-central827.discord.media
2022-04-29 18:42:01,737 INFO: selected the voice protocol for use (xsalsa20_poly1305_lite)
2022-04-29 18:42:01,750 INFO: received secret key for voice connection
2022-04-29 18:42:04,635 INFO: Preparing to terminate ffmpeg process 188.
2022-04-29 18:42:04,635 INFO: ffmpeg process 188 successfully terminated with return code of 0.
2022-04-29 18:42:05,666 INFO: The voice handshake is being terminated for Channel ID 868516155525046333 (Guild ID 428109526550708234)
2022-04-29 18:42:05,667 INFO: Disconnecting from voice normally, close code 1000.
2022-04-29 23:23:45,844 INFO: logging in using static token
2022-04-29 23:23:46,117 INFO: Shard ID None has sent the IDENTIFY payload.
2022-04-29 23:23:46,235 INFO: Shard ID None has connected to Gateway: ["gateway-prd-main-f8rz",{"micros":75956,"calls":["discord-sessions-green-prd-2-162",{"micros":75018,"calls":["start_session",{"micros":49444,"calls":["discord-api-b75d6c964-m86lx",{"micros":44078,"calls":["get_user",{"micros":8486},"add_authorized_ip",{"micros":2085},"get_guilds",{"micros":10462},"coros_wait",{"micros":1}]}]},"guilds_connect",{"micros":28,"calls":[]},"presence_connect",{"micros":1,"calls":[]}]}]}] (Session ID: 3204d3473fe880a88b588121fdc932f1).
2022-04-29 23:23:48,284 INFO: 目前登入身份：神奇海螺#3847
2022-04-30 02:46:56,711 INFO: logging in using static token
2022-04-30 02:46:56,995 INFO: Shard ID None has sent the IDENTIFY payload.
2022-04-30 02:46:57,127 INFO: Shard ID None has connected to Gateway: ["gateway-prd-main-v4jj",{"micros":85886,"calls":["discord-sessions-green-prd-2-43",{"micros":84918,"calls":["start_session",{"micros":55941,"calls":["discord-api-55db4fc98f-zhdzj",{"micros":50307,"calls":["get_user",{"micros":11291},"add_authorized_ip",{"micros":4454},"get_guilds",{"micros":6691},"coros_wait",{"micros":1}]}]},"guilds_connect",{"micros":23,"calls":[]},"presence_connect",{"micros":9223,"calls":[]}]}]}] (Session ID: 7e7d41423d3508b5273a589bed207901).
2022-04-30 02:46:59,175 INFO: 目前登入身份：神奇海螺#3847
