2022-06-11 16:02:20,114 INFO: logging in using static token
2022-06-11 16:02:20,359 INFO: Shard ID None has sent the IDENTIFY payload.
2022-06-11 16:02:20,562 INFO: Shard ID None has connected to Gateway: ["gateway-prd-main-v5gm",{"micros":163557,"calls":["discord-sessions-green-prd-2-140",{"micros":162527,"calls":["start_session",{"micros":76512,"calls":["discord-api-768499f95b-5kdwr",{"micros":71405,"calls":["get_user",{"micros":12825},"add_authorized_ip",{"micros":4436},"get_guilds",{"micros":6173},"coros_wait",{"micros":2}]}]},"guilds_connect",{"micros":2,"calls":[]},"presence_connect",{"micros":0,"calls":[]}]}]}] (Session ID: d53d2526c3c6e392af78417fc371b90e).
2022-06-11 16:02:22,616 INFO: 目前登入身份：神奇海螺#3847
2022-06-11 16:07:51,857 INFO: BunnyplayGG out 9又4分之8.7月台[123是什麼敷衍的名字]
2022-06-11 16:07:51,858 INFO: Connecting to voice...
2022-06-11 16:07:51,858 INFO: Starting voice handshake... (connection attempt 1)
2022-06-11 16:07:52,631 INFO: Voice handshake complete. Endpoint found japan150.discord.media
2022-06-11 16:07:53,613 INFO: selected the voice protocol for use (xsalsa20_poly1305_lite)
2022-06-11 16:07:53,776 INFO: received secret key for voice connection
2022-06-11 16:07:56,159 INFO: Preparing to terminate ffmpeg process 170.
2022-06-11 16:07:56,160 INFO: ffmpeg process 170 successfully terminated with return code of 0.
2022-06-11 16:07:57,208 INFO: The voice handshake is being terminated for Channel ID 728631391809437746 (Guild ID 428109526550708234)
2022-06-11 16:07:57,208 INFO: Disconnecting from voice normally, close code 1000.
2022-06-11 16:26:01,863 INFO: KyrieR out 9又4分之8.7月台[123是什麼敷衍的名字]
2022-06-11 16:26:01,863 INFO: Connecting to voice...
2022-06-11 16:26:01,863 INFO: Starting voice handshake... (connection attempt 1)
2022-06-11 16:26:02,619 INFO: Voice handshake complete. Endpoint found japan150.discord.media
2022-06-11 16:26:03,292 INFO: KyrieR in 9又4分之8.7月台[123是什麼敷衍的名字]
2022-06-11 16:26:03,613 INFO: selected the voice protocol for use (xsalsa20_poly1305_lite)
2022-06-11 16:26:03,778 INFO: received secret key for voice connection
2022-06-11 16:26:05,585 INFO: Preparing to terminate ffmpeg process 213.
2022-06-11 16:26:05,586 INFO: ffmpeg process 213 successfully terminated with return code of 0.
2022-06-11 16:26:09,197 INFO: Preparing to terminate ffmpeg process 223.
2022-06-11 16:26:09,197 INFO: ffmpeg process 223 successfully terminated with return code of 0.
2022-06-11 16:26:12,575 INFO: Preparing to terminate ffmpeg process 233.
2022-06-11 16:26:12,576 INFO: ffmpeg process 233 successfully terminated with return code of 0.
2022-06-11 16:26:13,624 INFO: The voice handshake is being terminated for Channel ID 728631391809437746 (Guild ID 428109526550708234)
2022-06-11 16:26:13,625 INFO: Disconnecting from voice normally, close code 1000.
2022-06-11 17:09:04,161 INFO: Got a request to RESUME the websocket.
2022-06-11 17:09:04,323 INFO: Shard ID None has sent the RESUME payload.
2022-06-11 17:09:04,369 INFO: Shard ID None has successfully RESUMED session d53d2526c3c6e392af78417fc371b90e under trace ["gateway-prd-main-284s",{"micros":2755,"calls":["discord-sessions-green-prd-2-140",{"micros":18}]}].
2022-06-11 17:10:07,126 INFO: 雪莉粉粉 in 9又4分之8.7月台[123是什麼敷衍的名字]
2022-06-11 17:10:07,209 INFO: Connecting to voice...
2022-06-11 17:10:07,209 INFO: Starting voice handshake... (connection attempt 1)
2022-06-11 17:10:07,859 INFO: Voice handshake complete. Endpoint found japan150.discord.media
2022-06-11 17:10:08,846 INFO: selected the voice protocol for use (xsalsa20_poly1305_lite)
2022-06-11 17:10:09,008 INFO: received secret key for voice connection
2022-06-11 17:10:11,136 INFO: Preparing to terminate ffmpeg process 372.
2022-06-11 17:10:11,137 INFO: ffmpeg process 372 successfully terminated with return code of 0.
2022-06-11 17:10:13,190 INFO: Preparing to terminate ffmpeg process 382.
2022-06-11 17:10:13,191 INFO: ffmpeg process 382 successfully terminated with return code of 0.
2022-06-11 17:10:14,233 INFO: The voice handshake is being terminated for Channel ID 728631391809437746 (Guild ID 428109526550708234)
2022-06-11 17:10:14,234 INFO: Disconnecting from voice normally, close code 1000.
2022-06-11 17:20:34,575 INFO: Websocket closed with 1006, attempting a reconnect.
2022-06-11 17:20:34,576 INFO: Got a request to RESUME the websocket.
2022-06-11 17:20:34,738 INFO: Shard ID None has sent the RESUME payload.
2022-06-11 17:20:34,785 INFO: Shard ID None has successfully RESUMED session d53d2526c3c6e392af78417fc371b90e under trace ["gateway-prd-main-3sbl",{"micros":10107,"calls":["discord-sessions-green-prd-2-140",{"micros":23}]}].
2022-06-11 17:44:57,572 INFO: DADA的DIAO out 9又4分之8.7月台[123是什麼敷衍的名字]
2022-06-11 17:44:57,572 INFO: Connecting to voice...
2022-06-11 17:44:57,572 INFO: Starting voice handshake... (connection attempt 1)
2022-06-11 17:44:57,883 INFO: Voice handshake complete. Endpoint found japan150.discord.media
2022-06-11 17:44:58,447 INFO: MaiMai的Pool out 9又4分之8.7月台[123是什麼敷衍的名字]
2022-06-11 17:44:58,865 INFO: selected the voice protocol for use (xsalsa20_poly1305_lite)
2022-06-11 17:44:59,032 INFO: received secret key for voice connection
2022-06-11 17:45:01,122 INFO: Preparing to terminate ffmpeg process 456.
2022-06-11 17:45:01,123 INFO: ffmpeg process 456 successfully terminated with return code of 0.
2022-06-11 17:45:04,258 INFO: Preparing to terminate ffmpeg process 466.
2022-06-11 17:45:04,259 INFO: ffmpeg process 466 successfully terminated with return code of 0.
2022-06-11 17:45:05,266 INFO: The voice handshake is being terminated for Channel ID 728631391809437746 (Guild ID 428109526550708234)
2022-06-11 17:45:05,267 INFO: Disconnecting from voice normally, close code 1000.
2022-06-11 17:45:07,333 INFO: wawa的n out 9又4分之8.7月台[123是什麼敷衍的名字]
2022-06-11 17:45:07,333 INFO: Connecting to voice...
2022-06-11 17:45:07,333 INFO: Starting voice handshake... (connection attempt 1)
2022-06-11 17:45:07,662 INFO: Voice handshake complete. Endpoint found japan150.discord.media
2022-06-11 17:45:08,628 INFO: selected the voice protocol for use (xsalsa20_poly1305_lite)
2022-06-11 17:45:08,793 INFO: received secret key for voice connection
2022-06-11 17:45:10,783 INFO: Preparing to terminate ffmpeg process 477.
2022-06-11 17:45:10,784 INFO: ffmpeg process 477 successfully terminated with return code of 0.
2022-06-11 17:45:11,812 INFO: The voice handshake is being terminated for Channel ID 728631391809437746 (Guild ID 428109526550708234)
2022-06-11 17:45:11,813 INFO: Disconnecting from voice normally, close code 1000.
2022-06-11 18:15:20,459 INFO: 雪莉粉粉 out 9又4分之8.7月台[123是什麼敷衍的名字]
2022-06-11 18:15:20,459 INFO: Connecting to voice...
2022-06-11 18:15:20,459 INFO: Starting voice handshake... (connection attempt 1)
2022-06-11 18:15:21,169 INFO: Voice handshake complete. Endpoint found japan150.discord.media
2022-06-11 18:15:22,162 INFO: selected the voice protocol for use (xsalsa20_poly1305_lite)
2022-06-11 18:15:22,327 INFO: received secret key for voice connection
2022-06-11 18:15:24,276 INFO: Preparing to terminate ffmpeg process 582.
2022-06-11 18:15:24,277 INFO: ffmpeg process 582 successfully terminated with return code of 0.
2022-06-11 18:15:25,344 INFO: The voice handshake is being terminated for Channel ID 728631391809437746 (Guild ID 428109526550708234)
2022-06-11 18:15:25,345 INFO: Disconnecting from voice normally, close code 1000.
2022-06-11 18:16:09,645 INFO: KyrieR out 9又4分之8.7月台[123是什麼敷衍的名字]
2022-06-11 18:16:09,646 INFO: Connecting to voice...
2022-06-11 18:16:09,646 INFO: Starting voice handshake... (connection attempt 1)
2022-06-11 18:16:09,951 INFO: Voice handshake complete. Endpoint found japan150.discord.media
2022-06-11 18:16:10,941 INFO: selected the voice protocol for use (xsalsa20_poly1305_lite)
2022-06-11 18:16:11,105 INFO: received secret key for voice connection
2022-06-11 18:16:12,912 INFO: Preparing to terminate ffmpeg process 593.
2022-06-11 18:16:12,913 INFO: ffmpeg process 593 successfully terminated with return code of 0.
2022-06-11 18:16:13,918 INFO: The voice handshake is being terminated for Channel ID 728631391809437746 (Guild ID 428109526550708234)
2022-06-11 18:16:13,919 INFO: Disconnecting from voice normally, close code 1000.
2022-06-11 19:25:56,143 INFO: Got a request to RESUME the websocket.
2022-06-11 19:25:56,299 INFO: Shard ID None has sent the RESUME payload.
2022-06-11 19:25:56,341 INFO: Shard ID None has successfully RESUMED session d53d2526c3c6e392af78417fc371b90e under trace ["gateway-prd-main-mp7d",{"micros":5580,"calls":["discord-sessions-green-prd-2-140",{"micros":23}]}].
2022-06-11 20:18:31,110 INFO: Got a request to RESUME the websocket.
2022-06-11 20:18:31,276 INFO: Shard ID None has sent the RESUME payload.
2022-06-11 20:18:31,344 INFO: Shard ID None has successfully RESUMED session d53d2526c3c6e392af78417fc371b90e under trace ["gateway-prd-main-sdmr",{"micros":1516,"calls":["discord-sessions-green-prd-2-140",{"micros":23}]}].
2022-06-11 22:07:33,643 INFO: Got a request to RESUME the websocket.
2022-06-11 22:07:33,817 INFO: Shard ID None has sent the RESUME payload.
2022-06-11 22:07:33,855 INFO: Shard ID None has successfully RESUMED session d53d2526c3c6e392af78417fc371b90e under trace ["gateway-prd-main-zmw8",{"micros":764,"calls":["discord-sessions-green-prd-2-140",{"micros":23}]}].
2022-06-11 22:28:04,622 INFO: Got a request to RESUME the websocket.
2022-06-11 22:28:04,794 INFO: Shard ID None has sent the RESUME payload.
2022-06-11 22:28:04,839 INFO: Shard ID None has successfully RESUMED session d53d2526c3c6e392af78417fc371b90e under trace ["gateway-prd-main-36h9",{"micros":611,"calls":["discord-sessions-green-prd-2-140",{"micros":20}]}].
2022-06-12 00:47:57,198 INFO: Got a request to RESUME the websocket.
2022-06-12 00:47:57,363 INFO: Shard ID None has sent the RESUME payload.
2022-06-12 00:47:57,404 INFO: Shard ID None has successfully RESUMED session d53d2526c3c6e392af78417fc371b90e under trace ["gateway-prd-main-524s",{"micros":562,"calls":["discord-sessions-green-prd-2-140",{"micros":20}]}].
2022-06-12 01:16:58,519 INFO: logging in using static token
2022-06-12 01:16:58,790 INFO: Shard ID None has sent the IDENTIFY payload.
2022-06-12 01:16:58,946 INFO: Shard ID None has connected to Gateway: ["gateway-prd-main-ztjs",{"micros":114728,"calls":["discord-sessions-green-prd-2-64",{"micros":113387,"calls":["start_session",{"micros":99972,"calls":["discord-api-768499f95b-ghrv5",{"micros":92391,"calls":["get_user",{"micros":21816},"add_authorized_ip",{"micros":3363},"get_guilds",{"micros":7872},"coros_wait",{"micros":2}]}]},"guilds_connect",{"micros":2,"calls":[]},"presence_connect",{"micros":9825,"calls":[]}]}]}] (Session ID: 61166d575d9798c3f7917bae071c9fa4).
2022-06-12 01:17:00,993 INFO: 目前登入身份：神奇海螺#3847
2022-06-12 04:22:35,262 INFO: Got a request to RESUME the websocket.
2022-06-12 04:22:35,501 INFO: Shard ID None has sent the RESUME payload.
2022-06-12 04:22:35,543 INFO: Shard ID None has successfully RESUMED session 61166d575d9798c3f7917bae071c9fa4 under trace ["gateway-prd-main-524s",{"micros":2420,"calls":["discord-sessions-green-prd-2-64",{"micros":21}]}].
2022-06-12 04:40:05,114 INFO: logging in using static token
2022-06-12 04:40:05,363 INFO: Shard ID None has sent the IDENTIFY payload.
2022-06-12 04:40:05,495 INFO: Shard ID None has connected to Gateway: ["gateway-prd-main-4mg3",{"micros":88287,"calls":["discord-sessions-green-prd-2-11",{"micros":86998,"calls":["start_session",{"micros":46488,"calls":["discord-api-768499f95b-hskvf",{"micros":42107,"calls":["get_user",{"micros":9276},"add_authorized_ip",{"micros":2496},"get_guilds",{"micros":8253},"coros_wait",{"micros":2}]}]},"guilds_connect",{"micros":2,"calls":[]},"presence_connect",{"micros":2,"calls":[]}]}]}] (Session ID: 4f13f575751b4cc87cf9fc7ea019efb4).
2022-06-12 04:40:07,568 INFO: 目前登入身份：神奇海螺#3847
2022-06-12 06:52:37,541 INFO: wawa的n in 9又4分之8.7月台[123是什麼敷衍的名字]
2022-06-12 06:52:37,551 INFO: Connecting to voice...
2022-06-12 06:52:37,551 INFO: Starting voice handshake... (connection attempt 1)
2022-06-12 06:52:38,264 INFO: Voice handshake complete. Endpoint found hongkong625.discord.media
2022-06-12 06:52:38,469 ERROR: Exception occurred during Voice Protocol voice server update handler
Traceback (most recent call last):
  File "/opt/virtualenvs/python3/lib/python3.8/site-packages/discord/state.py", line 102, in logging_coroutine
    await coroutine
  File "/opt/virtualenvs/python3/lib/python3.8/site-packages/discord/voice_client.py", line 295, in on_voice_server_update
    await self.ws.close(4000)
AttributeError: 'NoneType' object has no attribute 'close'
2022-06-12 06:52:39,523 INFO: selected the voice protocol for use (xsalsa20_poly1305_lite)
2022-06-12 06:52:39,736 INFO: received secret key for voice connection
2022-06-12 06:52:41,909 INFO: Preparing to terminate ffmpeg process 511.
2022-06-12 06:52:41,910 INFO: ffmpeg process 511 successfully terminated with return code of 0.
2022-06-12 06:52:44,971 INFO: Preparing to terminate ffmpeg process 522.
2022-06-12 06:52:44,971 INFO: ffmpeg process 522 successfully terminated with return code of 0.
2022-06-12 06:52:46,000 INFO: The voice handshake is being terminated for Channel ID 728631391809437746 (Guild ID 428109526550708234)
2022-06-12 06:52:46,001 INFO: Disconnecting from voice normally, close code 1000.
2022-06-12 06:53:08,254 INFO: MaiMai的Pool in 9又4分之8.7月台[123是什麼敷衍的名字]
2022-06-12 06:53:08,264 INFO: Connecting to voice...
2022-06-12 06:53:08,265 INFO: Starting voice handshake... (connection attempt 1)
2022-06-12 06:53:08,616 INFO: Voice handshake complete. Endpoint found hongkong625.discord.media
2022-06-12 06:53:09,869 INFO: selected the voice protocol for use (xsalsa20_poly1305_lite)
2022-06-12 06:53:10,080 INFO: received secret key for voice connection
2022-06-12 06:53:12,370 INFO: Preparing to terminate ffmpeg process 533.
2022-06-12 06:53:12,371 INFO: ffmpeg process 533 successfully terminated with return code of 0.
2022-06-12 06:53:14,387 INFO: Preparing to terminate ffmpeg process 543.
2022-06-12 06:53:14,388 INFO: ffmpeg process 543 successfully terminated with return code of 0.
2022-06-12 06:53:15,410 INFO: The voice handshake is being terminated for Channel ID 728631391809437746 (Guild ID 428109526550708234)
2022-06-12 06:53:15,410 INFO: Disconnecting from voice normally, close code 1000.
2022-06-12 07:35:27,363 INFO: Got a request to RESUME the websocket.
2022-06-12 07:35:27,526 INFO: Shard ID None has sent the RESUME payload.
2022-06-12 07:35:27,563 INFO: Shard ID None has successfully RESUMED session 4f13f575751b4cc87cf9fc7ea019efb4 under trace ["gateway-prd-main-q3pc",{"micros":583,"calls":["discord-sessions-green-prd-2-11",{"micros":18}]}].
2022-06-12 07:48:22,292 INFO: wawa的n out 9又4分之8.7月台[123是什麼敷衍的名字]
2022-06-12 07:48:22,293 INFO: Connecting to voice...
2022-06-12 07:48:22,293 INFO: Starting voice handshake... (connection attempt 1)
2022-06-12 07:48:22,697 INFO: MaiMai的Pool out 9又4分之8.7月台[123是什麼敷衍的名字]
2022-06-12 07:48:23,196 INFO: Voice handshake complete. Endpoint found hongkong625.discord.media
2022-06-12 07:48:24,455 INFO: selected the voice protocol for use (xsalsa20_poly1305_lite)
2022-06-12 07:48:24,667 INFO: received secret key for voice connection
2022-06-12 07:48:26,654 INFO: Preparing to terminate ffmpeg process 708.
2022-06-12 07:48:26,655 INFO: ffmpeg process 708 successfully terminated with return code of 0.
2022-06-12 07:48:29,788 INFO: Preparing to terminate ffmpeg process 718.
2022-06-12 07:48:29,789 INFO: ffmpeg process 718 successfully terminated with return code of 0.
2022-06-12 07:48:30,798 INFO: The voice handshake is being terminated for Channel ID 728631391809437746 (Guild ID 428109526550708234)
2022-06-12 07:48:30,798 INFO: Disconnecting from voice normally, close code 1000.
2022-06-12 10:12:37,703 INFO: Got a request to RESUME the websocket.
2022-06-12 10:12:37,856 INFO: Shard ID None has sent the RESUME payload.
2022-06-12 10:12:37,895 INFO: Shard ID None has successfully RESUMED session 4f13f575751b4cc87cf9fc7ea019efb4 under trace ["gateway-prd-main-76hm",{"micros":513,"calls":["discord-sessions-green-prd-2-11",{"micros":16}]}].
2022-06-12 11:17:29,060 INFO: Got a request to RESUME the websocket.
2022-06-12 11:17:29,216 INFO: Shard ID None has sent the RESUME payload.
2022-06-12 11:17:29,257 INFO: Shard ID None has successfully RESUMED session 4f13f575751b4cc87cf9fc7ea019efb4 under trace ["gateway-prd-main-g692",{"micros":475,"calls":["discord-sessions-green-prd-2-11",{"micros":20}]}].
2022-06-12 11:43:53,824 INFO: 神奇海螺 in 9又4分之8.7月台[打不出幹話就講出來啊]
2022-06-12 11:43:53,835 INFO: Connecting to voice...
2022-06-12 11:43:53,836 INFO: Starting voice handshake... (connection attempt 1)
2022-06-12 11:43:54,383 INFO: Voice handshake complete. Endpoint found japan7128.discord.media
2022-06-12 11:43:54,556 ERROR: Exception occurred during Voice Protocol voice server update handler
Traceback (most recent call last):
  File "/opt/virtualenvs/python3/lib/python3.8/site-packages/discord/state.py", line 102, in logging_coroutine
    await coroutine
  File "/opt/virtualenvs/python3/lib/python3.8/site-packages/discord/voice_client.py", line 295, in on_voice_server_update
    await self.ws.close(4000)
AttributeError: 'NoneType' object has no attribute 'close'
2022-06-12 11:43:55,372 INFO: selected the voice protocol for use (xsalsa20_poly1305_lite)
2022-06-12 11:43:55,537 INFO: received secret key for voice connection
2022-06-12 11:43:55,637 INFO: 神奇海螺 in 9又4分之8.7月台[123是什麼敷衍的名字]
2022-06-12 11:43:57,885 INFO: Preparing to terminate ffmpeg process 1378.
2022-06-12 11:43:57,889 INFO: ffmpeg process 1378 successfully terminated with return code of 0.
2022-06-12 11:44:00,942 INFO: Preparing to terminate ffmpeg process 1388.
2022-06-12 11:44:00,943 INFO: ffmpeg process 1388 successfully terminated with return code of 0.
2022-06-12 11:44:01,972 INFO: The voice handshake is being terminated for Channel ID 428109526550708238 (Guild ID 428109526550708234)
2022-06-12 11:44:01,973 INFO: Connecting to voice...
2022-06-12 11:44:01,973 INFO: Starting voice handshake... (connection attempt 1)
2022-06-12 11:44:01,973 INFO: Disconnecting from voice normally, close code 1000.
2022-06-12 11:44:02,175 INFO: Voice handshake complete. Endpoint found japan9775.discord.media
2022-06-12 11:44:03,167 INFO: selected the voice protocol for use (xsalsa20_poly1305_lite)
2022-06-12 11:44:03,334 INFO: received secret key for voice connection
2022-06-12 11:44:06,203 INFO: Preparing to terminate ffmpeg process 1399.
2022-06-12 11:44:06,203 INFO: ffmpeg process 1399 successfully terminated with return code of 0.
2022-06-12 11:44:08,222 INFO: Preparing to terminate ffmpeg process 1409.
2022-06-12 11:44:08,222 INFO: ffmpeg process 1409 successfully terminated with return code of 0.
2022-06-12 11:44:09,264 INFO: The voice handshake is being terminated for Channel ID 728631391809437746 (Guild ID 428109526550708234)
2022-06-12 11:44:09,265 INFO: Disconnecting from voice normally, close code 1000.
2022-06-12 13:34:34,552 INFO: MaiMai的Pool in 9又4分之8.7月台[123是什麼敷衍的名字]
2022-06-12 13:34:34,564 INFO: Connecting to voice...
2022-06-12 13:34:34,564 INFO: Starting voice handshake... (connection attempt 1)
2022-06-12 13:34:35,301 INFO: Voice handshake complete. Endpoint found japan9775.discord.media
2022-06-12 13:34:36,293 INFO: selected the voice protocol for use (xsalsa20_poly1305_lite)
2022-06-12 13:34:36,459 INFO: received secret key for voice connection
2022-06-12 13:34:39,251 INFO: Preparing to terminate ffmpeg process 1698.
2022-06-12 13:34:39,251 INFO: ffmpeg process 1698 successfully terminated with return code of 0.
2022-06-12 13:34:41,253 INFO: Preparing to terminate ffmpeg process 1708.
2022-06-12 13:34:41,253 INFO: ffmpeg process 1708 successfully terminated with return code of 0.
2022-06-12 13:34:42,296 INFO: The voice handshake is being terminated for Channel ID 728631391809437746 (Guild ID 428109526550708234)
2022-06-12 13:34:42,297 INFO: Disconnecting from voice normally, close code 1000.
2022-06-12 14:06:26,426 INFO: 雪莉粉粉 in 9又4分之8.7月台[123是什麼敷衍的名字]
2022-06-12 14:06:26,497 INFO: Connecting to voice...
2022-06-12 14:06:26,497 INFO: Starting voice handshake... (connection attempt 1)
2022-06-12 14:06:27,152 INFO: Voice handshake complete. Endpoint found japan9775.discord.media
2022-06-12 14:06:28,153 INFO: selected the voice protocol for use (xsalsa20_poly1305_lite)
2022-06-12 14:06:28,319 INFO: received secret key for voice connection
2022-06-12 14:06:30,966 INFO: Preparing to terminate ffmpeg process 1810.
2022-06-12 14:06:30,967 INFO: ffmpeg process 1810 successfully terminated with return code of 0.
2022-06-12 14:06:33,788 INFO: Preparing to terminate ffmpeg process 1820.
2022-06-12 14:06:33,788 INFO: ffmpeg process 1820 successfully terminated with return code of 0.
2022-06-12 14:06:34,854 INFO: The voice handshake is being terminated for Channel ID 728631391809437746 (Guild ID 428109526550708234)
2022-06-12 14:06:34,854 INFO: Disconnecting from voice normally, close code 1000.
2022-06-12 14:25:00,295 INFO: Got a request to RESUME the websocket.
2022-06-12 14:25:00,460 INFO: Shard ID None has sent the RESUME payload.
2022-06-12 14:25:00,502 INFO: Shard ID None has successfully RESUMED session 4f13f575751b4cc87cf9fc7ea019efb4 under trace ["gateway-prd-main-n3w4",{"micros":1341,"calls":["discord-sessions-green-prd-2-11",{"micros":18}]}].
2022-06-12 14:26:13,114 INFO: BunnyplayGG in 9又4分之8.7月台[123是什麼敷衍的名字]
2022-06-12 14:26:13,168 INFO: Connecting to voice...
2022-06-12 14:26:13,168 INFO: Starting voice handshake... (connection attempt 1)
2022-06-12 14:26:13,867 INFO: Voice handshake complete. Endpoint found japan9775.discord.media
2022-06-12 14:26:14,888 INFO: selected the voice protocol for use (xsalsa20_poly1305_lite)
2022-06-12 14:26:15,057 INFO: received secret key for voice connection
2022-06-12 14:26:17,445 INFO: Preparing to terminate ffmpeg process 1893.
2022-06-12 14:26:17,446 INFO: ffmpeg process 1893 successfully terminated with return code of 0.
2022-06-12 14:26:19,584 INFO: Preparing to terminate ffmpeg process 1903.
2022-06-12 14:26:19,586 INFO: ffmpeg process 1903 successfully terminated with return code of 0.
2022-06-12 14:26:20,589 INFO: The voice handshake is being terminated for Channel ID 728631391809437746 (Guild ID 428109526550708234)
2022-06-12 14:26:20,590 INFO: Disconnecting from voice normally, close code 1000.
2022-06-12 14:27:36,819 INFO: BunnyplayGG out 9又4分之8.7月台[123是什麼敷衍的名字]
2022-06-12 14:27:36,822 INFO: Connecting to voice...
2022-06-12 14:27:36,822 INFO: Starting voice handshake... (connection attempt 1)
2022-06-12 14:27:37,557 INFO: Voice handshake complete. Endpoint found japan9775.discord.media
2022-06-12 14:27:38,546 INFO: selected the voice protocol for use (xsalsa20_poly1305_lite)
2022-06-12 14:27:38,710 INFO: received secret key for voice connection
2022-06-12 14:27:41,079 INFO: Preparing to terminate ffmpeg process 1914.
2022-06-12 14:27:41,080 INFO: ffmpeg process 1914 successfully terminated with return code of 0.
2022-06-12 14:27:42,134 INFO: The voice handshake is being terminated for Channel ID 728631391809437746 (Guild ID 428109526550708234)
2022-06-12 14:27:42,135 INFO: Disconnecting from voice normally, close code 1000.
2022-06-12 14:36:24,936 INFO: 雪莉粉粉 out 9又4分之8.7月台[123是什麼敷衍的名字]
2022-06-12 14:36:24,939 INFO: Connecting to voice...
2022-06-12 14:36:24,939 INFO: Starting voice handshake... (connection attempt 1)
2022-06-12 14:36:25,671 INFO: Voice handshake complete. Endpoint found japan9775.discord.media
2022-06-12 14:36:26,665 INFO: selected the voice protocol for use (xsalsa20_poly1305_lite)
2022-06-12 14:36:26,830 INFO: received secret key for voice connection
2022-06-12 14:36:28,779 INFO: Preparing to terminate ffmpeg process 1957.
2022-06-12 14:36:28,779 INFO: ffmpeg process 1957 successfully terminated with return code of 0.
2022-06-12 14:36:29,849 INFO: The voice handshake is being terminated for Channel ID 728631391809437746 (Guild ID 428109526550708234)
2022-06-12 14:36:29,850 INFO: Disconnecting from voice normally, close code 1000.
2022-06-12 14:48:04,140 INFO: MaiMai的Pool out 9又4分之8.7月台[123是什麼敷衍的名字]
2022-06-12 14:48:04,141 INFO: Connecting to voice...
2022-06-12 14:48:04,141 INFO: Starting voice handshake... (connection attempt 1)
2022-06-12 14:48:04,868 INFO: Voice handshake complete. Endpoint found japan9775.discord.media
2022-06-12 14:48:05,884 INFO: selected the voice protocol for use (xsalsa20_poly1305_lite)
2022-06-12 14:48:06,049 INFO: received secret key for voice connection
2022-06-12 14:48:08,163 INFO: Preparing to terminate ffmpeg process 1968.
2022-06-12 14:48:08,164 INFO: ffmpeg process 1968 successfully terminated with return code of 0.
2022-06-12 14:48:09,170 INFO: The voice handshake is being terminated for Channel ID 728631391809437746 (Guild ID 428109526550708234)
2022-06-12 14:48:09,171 INFO: Disconnecting from voice normally, close code 1000.
2022-06-12 14:59:29,775 INFO: 87 in 9又4分之8.7月台[123是什麼敷衍的名字]
2022-06-12 14:59:29,809 INFO: Connecting to voice...
2022-06-12 14:59:29,810 INFO: Starting voice handshake... (connection attempt 1)
2022-06-12 14:59:30,517 INFO: Voice handshake complete. Endpoint found japan9775.discord.media
2022-06-12 14:59:31,541 INFO: selected the voice protocol for use (xsalsa20_poly1305_lite)
2022-06-12 14:59:31,705 INFO: received secret key for voice connection
2022-06-12 14:59:34,240 INFO: Preparing to terminate ffmpeg process 1979.
2022-06-12 14:59:34,241 INFO: ffmpeg process 1979 successfully terminated with return code of 0.
2022-06-12 14:59:36,437 INFO: Preparing to terminate ffmpeg process 1989.
2022-06-12 14:59:36,438 INFO: ffmpeg process 1989 successfully terminated with return code of 0.
2022-06-12 14:59:37,440 INFO: The voice handshake is being terminated for Channel ID 728631391809437746 (Guild ID 428109526550708234)
2022-06-12 14:59:37,441 INFO: Disconnecting from voice normally, close code 1000.
2022-06-12 15:27:02,433 INFO: 楓夜 in 9又4分之8.7月台[123是什麼敷衍的名字]
2022-06-12 15:27:02,472 INFO: Connecting to voice...
2022-06-12 15:27:02,473 INFO: Starting voice handshake... (connection attempt 1)
2022-06-12 15:27:02,696 INFO: Voice handshake complete. Endpoint found japan9775.discord.media
2022-06-12 15:27:03,683 INFO: selected the voice protocol for use (xsalsa20_poly1305_lite)
2022-06-12 15:27:03,852 INFO: received secret key for voice connection
2022-06-12 15:27:05,748 INFO: Preparing to terminate ffmpeg process 2059.
2022-06-12 15:27:05,751 INFO: ffmpeg process 2059 successfully terminated with return code of 0.
2022-06-12 15:27:07,759 INFO: Preparing to terminate ffmpeg process 2069.
2022-06-12 15:27:07,760 INFO: ffmpeg process 2069 successfully terminated with return code of 0.
2022-06-12 15:27:08,783 INFO: The voice handshake is being terminated for Channel ID 728631391809437746 (Guild ID 428109526550708234)
2022-06-12 15:27:08,783 INFO: Disconnecting from voice normally, close code 1000.
2022-06-12 15:37:11,593 INFO: 不偷家的飄飄大仙 in 9又4分之8.7月台[打不出幹話就講出來啊]
2022-06-12 15:37:11,609 INFO: Connecting to voice...
2022-06-12 15:37:11,610 INFO: Starting voice handshake... (connection attempt 1)
2022-06-12 15:37:11,742 INFO: Voice handshake complete. Endpoint found hongkong7298.discord.media
2022-06-12 15:37:11,930 ERROR: Exception occurred during Voice Protocol voice server update handler
Traceback (most recent call last):
  File "/opt/virtualenvs/python3/lib/python3.8/site-packages/discord/state.py", line 102, in logging_coroutine
    await coroutine
  File "/opt/virtualenvs/python3/lib/python3.8/site-packages/discord/voice_client.py", line 295, in on_voice_server_update
    await self.ws.close(4000)
AttributeError: 'NoneType' object has no attribute 'close'
2022-06-12 15:37:13,089 INFO: selected the voice protocol for use (xsalsa20_poly1305_lite)
2022-06-12 15:37:13,320 INFO: received secret key for voice connection
2022-06-12 15:37:16,395 INFO: Preparing to terminate ffmpeg process 2110.
2022-06-12 15:37:16,398 INFO: ffmpeg process 2110 successfully terminated with return code of 0.
2022-06-12 15:37:18,999 INFO: Preparing to terminate ffmpeg process 2120.
2022-06-12 15:37:19,000 INFO: ffmpeg process 2120 successfully terminated with return code of 0.
2022-06-12 15:37:20,066 INFO: The voice handshake is being terminated for Channel ID 428109526550708238 (Guild ID 428109526550708234)
2022-06-12 15:37:20,067 INFO: Disconnecting from voice normally, close code 1000.
2022-06-12 15:54:18,262 INFO: 不偷家的飄飄大仙 out 9又4分之8.7月台[打不出幹話就講出來啊]
2022-06-12 15:54:18,263 INFO: Connecting to voice...
2022-06-12 15:54:18,263 INFO: Starting voice handshake... (connection attempt 1)
2022-06-12 15:54:18,460 INFO: Voice handshake complete. Endpoint found us-central4528.discord.media
2022-06-12 15:54:18,591 INFO: selected the voice protocol for use (xsalsa20_poly1305_lite)
2022-06-12 15:54:18,609 INFO: received secret key for voice connection
2022-06-12 15:54:21,499 INFO: Preparing to terminate ffmpeg process 2162.
2022-06-12 15:54:21,500 INFO: ffmpeg process 2162 successfully terminated with return code of 0.
2022-06-12 15:54:22,542 INFO: The voice handshake is being terminated for Channel ID 428109526550708238 (Guild ID 428109526550708234)
2022-06-12 15:54:22,542 INFO: Disconnecting from voice normally, close code 1000.
2022-06-12 15:59:29,927 INFO: 不偷家的飄飄大仙 in 9又4分之8.7月台[打不出幹話就講出來啊]
2022-06-12 15:59:29,949 INFO: Connecting to voice...
2022-06-12 15:59:29,949 INFO: Starting voice handshake... (connection attempt 1)
2022-06-12 15:59:30,689 INFO: Voice handshake complete. Endpoint found hongkong38.discord.media
2022-06-12 15:59:30,886 ERROR: Exception occurred during Voice Protocol voice server update handler
Traceback (most recent call last):
  File "/opt/virtualenvs/python3/lib/python3.8/site-packages/discord/state.py", line 102, in logging_coroutine
    await coroutine
  File "/opt/virtualenvs/python3/lib/python3.8/site-packages/discord/voice_client.py", line 295, in on_voice_server_update
    await self.ws.close(4000)
AttributeError: 'NoneType' object has no attribute 'close'
2022-06-12 15:59:31,997 INFO: selected the voice protocol for use (xsalsa20_poly1305_lite)
2022-06-12 15:59:32,218 INFO: received secret key for voice connection
2022-06-12 15:59:35,287 INFO: Preparing to terminate ffmpeg process 2173.
2022-06-12 15:59:35,288 INFO: ffmpeg process 2173 successfully terminated with return code of 0.
2022-06-12 15:59:37,898 INFO: Preparing to terminate ffmpeg process 2183.
2022-06-12 15:59:37,899 INFO: ffmpeg process 2183 successfully terminated with return code of 0.
2022-06-12 15:59:38,966 INFO: The voice handshake is being terminated for Channel ID 428109526550708238 (Guild ID 428109526550708234)
2022-06-12 15:59:38,967 INFO: Disconnecting from voice normally, close code 1000.
2022-06-12 16:12:57,429 INFO: SparkleZ in 9又4分之8.7月台[打不出幹話就講出來啊]
2022-06-12 16:12:57,480 INFO: Connecting to voice...
2022-06-12 16:12:57,480 INFO: Starting voice handshake... (connection attempt 1)
2022-06-12 16:12:58,372 INFO: Voice handshake complete. Endpoint found hongkong38.discord.media
2022-06-12 16:12:59,688 INFO: selected the voice protocol for use (xsalsa20_poly1305_lite)
2022-06-12 16:12:59,913 INFO: received secret key for voice connection
2022-06-12 16:13:02,423 INFO: Preparing to terminate ffmpeg process 2225.
2022-06-12 16:13:02,425 INFO: ffmpeg process 2225 successfully terminated with return code of 0.
2022-06-12 16:13:04,724 INFO: Preparing to terminate ffmpeg process 2235.
2022-06-12 16:13:04,724 INFO: ffmpeg process 2235 successfully terminated with return code of 0.
2022-06-12 16:13:05,751 INFO: The voice handshake is being terminated for Channel ID 428109526550708238 (Guild ID 428109526550708234)
2022-06-12 16:13:05,752 INFO: Disconnecting from voice normally, close code 1000.
2022-06-12 16:38:17,440 INFO: SparkleZ out 9又4分之8.7月台[打不出幹話就講出來啊]
2022-06-12 16:38:17,440 INFO: Connecting to voice...
2022-06-12 16:38:17,440 INFO: Starting voice handshake... (connection attempt 1)
2022-06-12 16:38:18,371 INFO: Voice handshake complete. Endpoint found hongkong38.discord.media
2022-06-12 16:38:19,682 INFO: selected the voice protocol for use (xsalsa20_poly1305_lite)
2022-06-12 16:38:19,907 INFO: received secret key for voice connection
2022-06-12 16:38:21,895 INFO: Preparing to terminate ffmpeg process 2337.
2022-06-12 16:38:21,895 INFO: ffmpeg process 2337 successfully terminated with return code of 0.
2022-06-12 16:38:22,923 INFO: The voice handshake is being terminated for Channel ID 428109526550708238 (Guild ID 428109526550708234)
2022-06-12 16:38:22,924 INFO: Disconnecting from voice normally, close code 1000.
2022-06-12 17:29:40,990 INFO: 87 out 9又4分之8.7月台[123是什麼敷衍的名字]
2022-06-12 17:29:40,991 INFO: Connecting to voice...
2022-06-12 17:29:40,993 INFO: Starting voice handshake... (connection attempt 1)
2022-06-12 17:29:41,717 INFO: Voice handshake complete. Endpoint found japan9775.discord.media
2022-06-12 17:29:42,727 INFO: selected the voice protocol for use (xsalsa20_poly1305_lite)
2022-06-12 17:29:42,894 INFO: received secret key for voice connection
2022-06-12 17:29:44,735 INFO: Preparing to terminate ffmpeg process 2469.
2022-06-12 17:29:44,736 INFO: ffmpeg process 2469 successfully terminated with return code of 0.
2022-06-12 17:29:45,823 INFO: The voice handshake is being terminated for Channel ID 728631391809437746 (Guild ID 428109526550708234)
2022-06-12 17:29:45,824 INFO: Disconnecting from voice normally, close code 1000.
2022-06-12 17:30:08,227 INFO: 87 in 9又4分之8.7月台[123是什麼敷衍的名字]
2022-06-12 17:30:08,239 INFO: Connecting to voice...
2022-06-12 17:30:08,239 INFO: Starting voice handshake... (connection attempt 1)
2022-06-12 17:30:08,532 INFO: Voice handshake complete. Endpoint found japan9775.discord.media
2022-06-12 17:30:09,517 INFO: selected the voice protocol for use (xsalsa20_poly1305_lite)
2022-06-12 17:30:09,685 INFO: received secret key for voice connection
2022-06-12 17:30:11,699 INFO: Preparing to terminate ffmpeg process 2480.
2022-06-12 17:30:11,700 INFO: ffmpeg process 2480 successfully terminated with return code of 0.
2022-06-12 17:30:13,992 INFO: Preparing to terminate ffmpeg process 2490.
2022-06-12 17:30:13,997 INFO: ffmpeg process 2490 successfully terminated with return code of 0.
2022-06-12 17:30:15,017 INFO: The voice handshake is being terminated for Channel ID 728631391809437746 (Guild ID 428109526550708234)
2022-06-12 17:30:15,018 INFO: Disconnecting from voice normally, close code 1000.
2022-06-12 17:30:27,051 INFO: 神奇海螺 in 9又4分之8.7月台[打不出幹話就講出來啊]
2022-06-12 17:30:27,068 INFO: Connecting to voice...
2022-06-12 17:30:27,068 INFO: Starting voice handshake... (connection attempt 1)
2022-06-12 17:30:27,438 INFO: Voice handshake complete. Endpoint found hongkong38.discord.media
2022-06-12 17:30:28,798 INFO: selected the voice protocol for use (xsalsa20_poly1305_lite)
2022-06-12 17:30:29,024 INFO: received secret key for voice connection
2022-06-12 17:30:31,893 INFO: Preparing to terminate ffmpeg process 2501.
2022-06-12 17:30:31,893 INFO: ffmpeg process 2501 successfully terminated with return code of 0.
2022-06-12 17:30:34,014 INFO: Preparing to terminate ffmpeg process 2511.
2022-06-12 17:30:34,015 INFO: ffmpeg process 2511 successfully terminated with return code of 0.
2022-06-12 17:30:35,058 INFO: The voice handshake is being terminated for Channel ID 428109526550708238 (Guild ID 428109526550708234)
2022-06-12 17:30:35,059 INFO: Disconnecting from voice normally, close code 1000.
2022-06-12 17:31:28,379 INFO: 神奇海螺 in 9又4分之8.7月台[123是什麼敷衍的名字]
2022-06-12 17:31:28,404 INFO: Connecting to voice...
2022-06-12 17:31:28,404 INFO: Starting voice handshake... (connection attempt 1)
2022-06-12 17:31:29,129 INFO: Voice handshake complete. Endpoint found japan9775.discord.media
2022-06-12 17:31:30,118 INFO: selected the voice protocol for use (xsalsa20_poly1305_lite)
2022-06-12 17:31:30,286 INFO: received secret key for voice connection
2022-06-12 17:31:32,637 INFO: Preparing to terminate ffmpeg process 2522.
2022-06-12 17:31:32,637 INFO: ffmpeg process 2522 successfully terminated with return code of 0.
2022-06-12 17:31:34,819 INFO: Preparing to terminate ffmpeg process 2532.
2022-06-12 17:31:34,819 INFO: ffmpeg process 2532 successfully terminated with return code of 0.
2022-06-12 17:31:35,822 INFO: The voice handshake is being terminated for Channel ID 728631391809437746 (Guild ID 428109526550708234)
2022-06-12 17:31:35,822 INFO: Disconnecting from voice normally, close code 1000.
2022-06-12 17:31:36,916 INFO: 不偷家的飄飄大仙 in 9又4分之8.7月台[123是什麼敷衍的名字]
2022-06-12 17:31:36,990 INFO: Connecting to voice...
2022-06-12 17:31:36,990 INFO: Starting voice handshake... (connection attempt 1)
2022-06-12 17:31:37,223 INFO: Voice handshake complete. Endpoint found japan9775.discord.media
2022-06-12 17:31:38,197 INFO: selected the voice protocol for use (xsalsa20_poly1305_lite)
2022-06-12 17:31:38,361 INFO: received secret key for voice connection
2022-06-12 17:31:41,443 INFO: Preparing to terminate ffmpeg process 2543.
2022-06-12 17:31:41,444 INFO: ffmpeg process 2543 successfully terminated with return code of 0.
2022-06-12 17:31:44,136 INFO: Preparing to terminate ffmpeg process 2553.
2022-06-12 17:31:44,137 INFO: ffmpeg process 2553 successfully terminated with return code of 0.
2022-06-12 17:31:45,152 INFO: The voice handshake is being terminated for Channel ID 728631391809437746 (Guild ID 428109526550708234)
2022-06-12 17:31:45,152 INFO: Disconnecting from voice normally, close code 1000.
2022-06-12 17:32:50,932 INFO: 87 out 9又4分之8.7月台[123是什麼敷衍的名字]
2022-06-12 17:32:50,933 INFO: Connecting to voice...
2022-06-12 17:32:50,933 INFO: Starting voice handshake... (connection attempt 1)
2022-06-12 17:32:51,699 INFO: Voice handshake complete. Endpoint found japan9775.discord.media
2022-06-12 17:32:51,957 INFO: 87 in 9又4分之8.7月台[123是什麼敷衍的名字]
2022-06-12 17:32:52,684 INFO: selected the voice protocol for use (xsalsa20_poly1305_lite)
2022-06-12 17:32:52,848 INFO: received secret key for voice connection
2022-06-12 17:32:54,683 INFO: Preparing to terminate ffmpeg process 2564.
2022-06-12 17:32:54,684 INFO: ffmpeg process 2564 successfully terminated with return code of 0.
2022-06-12 17:32:58,304 INFO: Preparing to terminate ffmpeg process 2574.
2022-06-12 17:32:58,305 INFO: ffmpeg process 2574 successfully terminated with return code of 0.
2022-06-12 17:33:01,240 INFO: Preparing to terminate ffmpeg process 2584.
2022-06-12 17:33:01,242 INFO: ffmpeg process 2584 successfully terminated with return code of 0.
2022-06-12 17:33:02,322 INFO: The voice handshake is being terminated for Channel ID 728631391809437746 (Guild ID 428109526550708234)
2022-06-12 17:33:02,323 INFO: Disconnecting from voice normally, close code 1000.
2022-06-12 17:40:00,144 INFO: 不偷家的飄飄大仙 out 9又4分之8.7月台[123是什麼敷衍的名字]
2022-06-12 17:40:00,145 INFO: Connecting to voice...
2022-06-12 17:40:00,145 INFO: Starting voice handshake... (connection attempt 1)
2022-06-12 17:40:00,886 INFO: Voice handshake complete. Endpoint found japan9775.discord.media
2022-06-12 17:40:01,891 INFO: selected the voice protocol for use (xsalsa20_poly1305_lite)
2022-06-12 17:40:02,065 INFO: received secret key for voice connection
2022-06-12 17:40:04,955 INFO: Preparing to terminate ffmpeg process 2625.
2022-06-12 17:40:04,958 INFO: ffmpeg process 2625 successfully terminated with return code of 0.
2022-06-12 17:40:05,992 INFO: The voice handshake is being terminated for Channel ID 728631391809437746 (Guild ID 428109526550708234)
2022-06-12 17:40:05,992 INFO: Disconnecting from voice normally, close code 1000.
2022-06-12 17:41:58,450 INFO: 不偷家的飄飄大仙 in 9又4分之8.7月台[123是什麼敷衍的名字]
2022-06-12 17:41:58,466 INFO: Connecting to voice...
2022-06-12 17:41:58,466 INFO: Starting voice handshake... (connection attempt 1)
2022-06-12 17:41:59,162 INFO: Voice handshake complete. Endpoint found japan9775.discord.media
2022-06-12 17:42:00,146 INFO: selected the voice protocol for use (xsalsa20_poly1305_lite)
2022-06-12 17:42:00,311 INFO: received secret key for voice connection
2022-06-12 17:42:03,908 INFO: Preparing to terminate ffmpeg process 2636.
2022-06-12 17:42:03,909 INFO: ffmpeg process 2636 successfully terminated with return code of 0.
2022-06-12 17:42:06,794 INFO: Preparing to terminate ffmpeg process 2646.
2022-06-12 17:42:06,795 INFO: ffmpeg process 2646 successfully terminated with return code of 0.
2022-06-12 17:42:07,892 INFO: The voice handshake is being terminated for Channel ID 728631391809437746 (Guild ID 428109526550708234)
2022-06-12 17:42:07,892 INFO: Disconnecting from voice normally, close code 1000.
2022-06-12 18:07:03,109 INFO: 87 out 9又4分之8.7月台[123是什麼敷衍的名字]
2022-06-12 18:07:03,110 INFO: Connecting to voice...
2022-06-12 18:07:03,110 INFO: Starting voice handshake... (connection attempt 1)
2022-06-12 18:07:03,868 INFO: Voice handshake complete. Endpoint found japan9775.discord.media
2022-06-12 18:07:04,866 INFO: selected the voice protocol for use (xsalsa20_poly1305_lite)
2022-06-12 18:07:05,033 INFO: received secret key for voice connection
2022-06-12 18:07:06,866 INFO: Preparing to terminate ffmpeg process 2748.
2022-06-12 18:07:06,867 INFO: ffmpeg process 2748 successfully terminated with return code of 0.
2022-06-12 18:07:07,953 INFO: The voice handshake is being terminated for Channel ID 728631391809437746 (Guild ID 428109526550708234)
2022-06-12 18:07:07,954 INFO: Disconnecting from voice normally, close code 1000.
2022-06-12 18:17:51,529 INFO: Got a request to RESUME the websocket.
2022-06-12 18:17:51,696 INFO: Shard ID None has sent the RESUME payload.
2022-06-12 18:17:51,743 INFO: Shard ID None has successfully RESUMED session 4f13f575751b4cc87cf9fc7ea019efb4 under trace ["gateway-prd-main-8504",{"micros":1951,"calls":["discord-sessions-green-prd-2-11",{"micros":21}]}].
