2022-09-12 12:05:04,422 INFO: logging in using static token
2022-09-12 12:05:04,707 INFO: Shard ID None has sent the IDENTIFY payload.
2022-09-12 12:05:04,877 INFO: Shard ID None has connected to Gateway: ["gateway-prd-us-east1-c-pswk",{"micros":117046,"calls":["id_created",{"micros":456,"calls":[]},"session_lookup_time",{"micros":412,"calls":[]},"session_lookup_finished",{"micros":12,"calls":[]},"discord-sessions-blue-prd-2-108",{"micros":115584,"calls":["start_session",{"micros":79028,"calls":["discord-api-595d596dbd-n5l24",{"micros":73865,"calls":["get_user",{"micros":19695},"get_guilds",{"micros":6576},"send_scheduled_deletion_message",{"micros":8},"guild_join_requests",{"micros":99},"authorized_ip_coro",{"micros":8}]}]},"starting_guild_connect",{"micros":50,"calls":[]},"presence_started",{"micros":323,"calls":[]},"guilds_started",{"micros":12856,"calls":[]},"guilds_connect",{"micros":2,"calls":[]},"presence_connect",{"micros":23302,"calls":[]},"connect_finished",{"micros":23307,"calls":[]},"build_ready",{"micros":18,"calls":[]},"optimize_ready",{"micros":0,"calls":[]},"split_ready",{"micros":1,"calls":[]},"clean_ready",{"micros":0,"calls":[]}]}]}] (Session ID: 6eeb02ecc18cd2b97a065da96b233e19).
2022-09-12 12:05:06,923 INFO: 目前登入身份：神奇海螺#3847
2022-09-12 13:48:58,836 INFO: 捷運 in 9又4分之8.7月台[欸欸欸這樣配可以嗎(思]
2022-09-12 13:48:58,868 INFO: Connecting to voice...
2022-09-12 13:48:58,868 INFO: Starting voice handshake... (connection attempt 1)
2022-09-12 13:48:59,020 INFO: Voice handshake complete. Endpoint found hongkong4148.discord.media
2022-09-12 13:48:59,225 ERROR: Exception occurred during Voice Protocol voice server update handler
Traceback (most recent call last):
  File "/opt/virtualenvs/python3/lib/python3.8/site-packages/discord/state.py", line 102, in logging_coroutine
    await coroutine
  File "/opt/virtualenvs/python3/lib/python3.8/site-packages/discord/voice_client.py", line 295, in on_voice_server_update
    await self.ws.close(4000)
AttributeError: 'NoneType' object has no attribute 'close'
2022-09-12 13:49:00,127 INFO: selected the voice protocol for use (xsalsa20_poly1305_lite)
2022-09-12 13:49:00,339 INFO: received secret key for voice connection
2022-09-12 13:49:00,535 INFO: SparkleZ in 9又4分之8.7月台[欸欸欸這樣配可以嗎(思]
2022-09-12 13:49:02,197 INFO: Preparing to terminate ffmpeg process 286.
2022-09-12 13:49:02,197 INFO: ffmpeg process 286 successfully terminated with return code of 0.
2022-09-12 13:49:03,730 INFO: Preparing to terminate ffmpeg process 297.
2022-09-12 13:49:03,731 INFO: ffmpeg process 297 successfully terminated with return code of 0.
2022-09-12 13:49:07,778 INFO: Preparing to terminate ffmpeg process 307.
2022-09-12 13:49:07,779 INFO: ffmpeg process 307 successfully terminated with return code of 0.
2022-09-12 13:49:09,898 INFO: Preparing to terminate ffmpeg process 317.
2022-09-12 13:49:09,899 INFO: ffmpeg process 317 successfully terminated with return code of 0.
2022-09-12 13:49:10,901 INFO: The voice handshake is being terminated for Channel ID 868516155525046333 (Guild ID 428109526550708234)
2022-09-12 13:49:10,901 INFO: Disconnecting from voice normally, close code 1000.
2022-09-12 13:53:25,284 INFO: 不偷家的飄飄大仙 in 9又4分之8.7月台[欸欸欸這樣配可以嗎(思]
2022-09-12 13:53:25,294 INFO: Connecting to voice...
2022-09-12 13:53:25,294 INFO: Starting voice handshake... (connection attempt 1)
2022-09-12 13:53:25,651 INFO: Voice handshake complete. Endpoint found hongkong4148.discord.media
2022-09-12 13:53:26,736 INFO: selected the voice protocol for use (xsalsa20_poly1305_lite)
2022-09-12 13:53:26,953 INFO: received secret key for voice connection
2022-09-12 13:53:30,025 INFO: Preparing to terminate ffmpeg process 344.
2022-09-12 13:53:30,026 INFO: ffmpeg process 344 successfully terminated with return code of 0.
2022-09-12 13:53:32,224 INFO: Preparing to terminate ffmpeg process 354.
2022-09-12 13:53:32,225 INFO: ffmpeg process 354 successfully terminated with return code of 0.
2022-09-12 13:53:33,289 INFO: The voice handshake is being terminated for Channel ID 868516155525046333 (Guild ID 428109526550708234)
2022-09-12 13:53:33,289 INFO: Disconnecting from voice normally, close code 1000.
2022-09-12 14:01:40,435 INFO: BunnyplayGG in 9又4分之8.7月台[打不出幹話就講出來啊]
2022-09-12 14:01:40,462 INFO: Connecting to voice...
2022-09-12 14:01:40,462 INFO: Starting voice handshake... (connection attempt 1)
2022-09-12 14:01:40,610 INFO: Voice handshake complete. Endpoint found hongkong1174.discord.media
2022-09-12 14:01:40,792 ERROR: Exception occurred during Voice Protocol voice server update handler
Traceback (most recent call last):
  File "/opt/virtualenvs/python3/lib/python3.8/site-packages/discord/state.py", line 102, in logging_coroutine
    await coroutine
  File "/opt/virtualenvs/python3/lib/python3.8/site-packages/discord/voice_client.py", line 295, in on_voice_server_update
    await self.ws.close(4000)
AttributeError: 'NoneType' object has no attribute 'close'
2022-09-12 14:01:41,708 INFO: selected the voice protocol for use (xsalsa20_poly1305_lite)
2022-09-12 14:01:41,920 INFO: received secret key for voice connection
2022-09-12 14:01:44,308 INFO: Preparing to terminate ffmpeg process 365.
2022-09-12 14:01:44,309 INFO: ffmpeg process 365 successfully terminated with return code of 0.
2022-09-12 14:01:46,406 INFO: Preparing to terminate ffmpeg process 375.
2022-09-12 14:01:46,407 INFO: ffmpeg process 375 successfully terminated with return code of 0.
2022-09-12 14:01:47,450 INFO: The voice handshake is being terminated for Channel ID 428109526550708238 (Guild ID 428109526550708234)
2022-09-12 14:01:47,450 INFO: Disconnecting from voice normally, close code 1000.
2022-09-12 14:02:24,199 INFO: Fiven-chung in 9又4分之8.7月台[打不出幹話就講出來啊]
2022-09-12 14:02:24,227 INFO: Connecting to voice...
2022-09-12 14:02:24,227 INFO: Starting voice handshake... (connection attempt 1)
2022-09-12 14:02:24,607 INFO: Voice handshake complete. Endpoint found hongkong1174.discord.media
2022-09-12 14:02:25,715 INFO: selected the voice protocol for use (xsalsa20_poly1305_lite)
2022-09-12 14:02:25,942 INFO: received secret key for voice connection
2022-09-12 14:02:28,339 INFO: Preparing to terminate ffmpeg process 386.
2022-09-12 14:02:28,340 INFO: ffmpeg process 386 successfully terminated with return code of 0.
2022-09-12 14:02:31,363 INFO: Preparing to terminate ffmpeg process 396.
2022-09-12 14:02:31,364 INFO: ffmpeg process 396 successfully terminated with return code of 0.
2022-09-12 14:02:32,390 INFO: The voice handshake is being terminated for Channel ID 428109526550708238 (Guild ID 428109526550708234)
2022-09-12 14:02:32,391 INFO: Disconnecting from voice normally, close code 1000.
2022-09-12 14:40:49,277 INFO: Got a request to RESUME the websocket.
2022-09-12 14:40:49,451 INFO: Shard ID None has sent the RESUME payload.
2022-09-12 14:40:49,499 INFO: Shard ID None has successfully RESUMED session 6eeb02ecc18cd2b97a065da96b233e19 under trace ["gateway-prd-main-1bfw",{"micros":725,"calls":["id_created",{"micros":0,"calls":[]},"session_lookup_time",{"micros":384,"calls":[]},"session_lookup_finished",{"micros":12,"calls":[]},"discord-sessions-blue-prd-2-108",{"micros":18}]}].
2022-09-12 14:50:48,697 INFO: 捷運 out 9又4分之8.7月台[欸欸欸這樣配可以嗎(思]
2022-09-12 14:50:48,697 INFO: Connecting to voice...
2022-09-12 14:50:48,698 INFO: Starting voice handshake... (connection attempt 1)
2022-09-12 14:50:49,044 INFO: Voice handshake complete. Endpoint found hongkong4148.discord.media
2022-09-12 14:50:50,135 INFO: selected the voice protocol for use (xsalsa20_poly1305_lite)
2022-09-12 14:50:50,351 INFO: received secret key for voice connection
2022-09-12 14:50:52,020 INFO: Preparing to terminate ffmpeg process 495.
2022-09-12 14:50:52,020 INFO: ffmpeg process 495 successfully terminated with return code of 0.
2022-09-12 14:50:53,067 INFO: The voice handshake is being terminated for Channel ID 868516155525046333 (Guild ID 428109526550708234)
2022-09-12 14:50:53,067 INFO: Disconnecting from voice normally, close code 1000.
2022-09-12 15:00:37,227 INFO: BunnyplayGG in 9又4分之8.7月台[欸欸欸這樣配可以嗎(思]
2022-09-12 15:00:37,278 INFO: Connecting to voice...
2022-09-12 15:00:37,278 INFO: Starting voice handshake... (connection attempt 1)
2022-09-12 15:00:37,571 INFO: Voice handshake complete. Endpoint found hongkong4148.discord.media
2022-09-12 15:00:38,680 INFO: selected the voice protocol for use (xsalsa20_poly1305_lite)
2022-09-12 15:00:38,901 INFO: received secret key for voice connection
2022-09-12 15:00:41,289 INFO: Preparing to terminate ffmpeg process 506.
2022-09-12 15:00:41,290 INFO: ffmpeg process 506 successfully terminated with return code of 0.
2022-09-12 15:00:43,424 INFO: Preparing to terminate ffmpeg process 516.
2022-09-12 15:00:43,425 INFO: ffmpeg process 516 successfully terminated with return code of 0.
2022-09-12 15:00:44,429 INFO: The voice handshake is being terminated for Channel ID 868516155525046333 (Guild ID 428109526550708234)
2022-09-12 15:00:44,430 INFO: Disconnecting from voice normally, close code 1000.
2022-09-12 15:00:44,729 INFO: Fiven-chung in 9又4分之8.7月台[欸欸欸這樣配可以嗎(思]
2022-09-12 15:00:44,744 INFO: Connecting to voice...
2022-09-12 15:00:44,745 INFO: Starting voice handshake... (connection attempt 1)
2022-09-12 15:00:45,120 INFO: Voice handshake complete. Endpoint found hongkong4148.discord.media
2022-09-12 15:00:46,233 INFO: selected the voice protocol for use (xsalsa20_poly1305_lite)
2022-09-12 15:00:46,470 INFO: received secret key for voice connection
2022-09-12 15:00:48,337 INFO: Preparing to terminate ffmpeg process 527.
2022-09-12 15:00:48,338 INFO: ffmpeg process 527 successfully terminated with return code of 0.
2022-09-12 15:00:50,651 INFO: Preparing to terminate ffmpeg process 537.
2022-09-12 15:00:50,652 INFO: ffmpeg process 537 successfully terminated with return code of 0.
2022-09-12 15:00:51,698 INFO: The voice handshake is being terminated for Channel ID 868516155525046333 (Guild ID 428109526550708234)
2022-09-12 15:00:51,698 INFO: Disconnecting from voice normally, close code 1000.
2022-09-12 15:00:57,607 INFO: KyrieR in 9又4分之8.7月台[欸欸欸這樣配可以嗎(思]
2022-09-12 15:00:57,672 INFO: Connecting to voice...
2022-09-12 15:00:57,672 INFO: Starting voice handshake... (connection attempt 1)
2022-09-12 15:00:57,965 INFO: Voice handshake complete. Endpoint found hongkong4148.discord.media
2022-09-12 15:00:59,088 INFO: selected the voice protocol for use (xsalsa20_poly1305_lite)
2022-09-12 15:00:59,315 INFO: received secret key for voice connection
2022-09-12 15:01:01,403 INFO: Preparing to terminate ffmpeg process 548.
2022-09-12 15:01:01,404 INFO: ffmpeg process 548 successfully terminated with return code of 0.
2022-09-12 15:01:03,695 INFO: Preparing to terminate ffmpeg process 558.
2022-09-12 15:01:03,696 INFO: ffmpeg process 558 successfully terminated with return code of 0.
2022-09-12 15:01:04,741 INFO: The voice handshake is being terminated for Channel ID 868516155525046333 (Guild ID 428109526550708234)
2022-09-12 15:01:04,742 INFO: Disconnecting from voice normally, close code 1000.
2022-09-12 15:17:44,128 INFO: SparkleZ out 9又4分之8.7月台[欸欸欸這樣配可以嗎(思]
2022-09-12 15:17:44,128 INFO: Connecting to voice...
2022-09-12 15:17:44,128 INFO: Starting voice handshake... (connection attempt 1)
2022-09-12 15:17:44,501 INFO: Voice handshake complete. Endpoint found hongkong4148.discord.media
2022-09-12 15:17:45,638 INFO: selected the voice protocol for use (xsalsa20_poly1305_lite)
2022-09-12 15:17:45,871 INFO: received secret key for voice connection
2022-09-12 15:17:47,858 INFO: Preparing to terminate ffmpeg process 605.
2022-09-12 15:17:47,858 INFO: ffmpeg process 605 successfully terminated with return code of 0.
2022-09-12 15:17:48,885 INFO: The voice handshake is being terminated for Channel ID 868516155525046333 (Guild ID 428109526550708234)
2022-09-12 15:17:48,885 INFO: Disconnecting from voice normally, close code 1000.
2022-09-12 15:30:36,165 INFO: Chi in 9又4分之8.7月台[欸欸欸這樣配可以嗎(思]
2022-09-12 15:30:36,184 INFO: Connecting to voice...
2022-09-12 15:30:36,184 INFO: Starting voice handshake... (connection attempt 1)
2022-09-12 15:30:36,519 INFO: Voice handshake complete. Endpoint found hongkong4148.discord.media
2022-09-12 15:30:37,636 INFO: selected the voice protocol for use (xsalsa20_poly1305_lite)
2022-09-12 15:30:37,859 INFO: received secret key for voice connection
2022-09-12 15:30:39,537 INFO: Preparing to terminate ffmpeg process 649.
2022-09-12 15:30:39,538 INFO: ffmpeg process 649 successfully terminated with return code of 0.
2022-09-12 15:30:41,647 INFO: Preparing to terminate ffmpeg process 659.
2022-09-12 15:30:41,648 INFO: ffmpeg process 659 successfully terminated with return code of 0.
2022-09-12 15:30:42,693 INFO: The voice handshake is being terminated for Channel ID 868516155525046333 (Guild ID 428109526550708234)
2022-09-12 15:30:42,693 INFO: Disconnecting from voice normally, close code 1000.
2022-09-12 15:49:37,734 INFO: Websocket closed with 1006, attempting a reconnect.
2022-09-12 15:49:37,735 INFO: Got a request to RESUME the websocket.
2022-09-12 15:49:37,939 INFO: Shard ID None has sent the RESUME payload.
2022-09-12 15:49:37,984 INFO: Shard ID None has successfully RESUMED session 6eeb02ecc18cd2b97a065da96b233e19 under trace ["gateway-prd-main-72qf",{"micros":4544,"calls":["id_created",{"micros":0,"calls":[]},"session_lookup_time",{"micros":3561,"calls":[]},"session_lookup_finished",{"micros":14,"calls":[]},"discord-sessions-blue-prd-2-108",{"micros":18}]}].
2022-09-12 16:34:00,450 INFO: BunnyplayGG out 9又4分之8.7月台[欸欸欸這樣配可以嗎(思]
2022-09-12 16:34:00,450 INFO: Connecting to voice...
2022-09-12 16:34:00,451 INFO: Starting voice handshake... (connection attempt 1)
2022-09-12 16:34:00,810 INFO: Voice handshake complete. Endpoint found hongkong4148.discord.media
2022-09-12 16:34:01,927 INFO: selected the voice protocol for use (xsalsa20_poly1305_lite)
2022-09-12 16:34:02,161 INFO: received secret key for voice connection
2022-09-12 16:34:04,529 INFO: Preparing to terminate ffmpeg process 759.
2022-09-12 16:34:04,530 INFO: ffmpeg process 759 successfully terminated with return code of 0.
2022-09-12 16:34:05,594 INFO: The voice handshake is being terminated for Channel ID 868516155525046333 (Guild ID 428109526550708234)
2022-09-12 16:34:05,594 INFO: Disconnecting from voice normally, close code 1000.
2022-09-12 16:34:11,697 INFO: Fiven-chung out 9又4分之8.7月台[欸欸欸這樣配可以嗎(思]
2022-09-12 16:34:11,697 INFO: Connecting to voice...
2022-09-12 16:34:11,697 INFO: Starting voice handshake... (connection attempt 1)
2022-09-12 16:34:12,121 INFO: Voice handshake complete. Endpoint found hongkong4148.discord.media
2022-09-12 16:34:13,224 INFO: selected the voice protocol for use (xsalsa20_poly1305_lite)
2022-09-12 16:34:13,478 INFO: received secret key for voice connection
2022-09-12 16:34:15,409 INFO: Preparing to terminate ffmpeg process 770.
2022-09-12 16:34:15,409 INFO: ffmpeg process 770 successfully terminated with return code of 0.
2022-09-12 16:34:16,497 INFO: The voice handshake is being terminated for Channel ID 868516155525046333 (Guild ID 428109526550708234)
2022-09-12 16:34:16,498 INFO: Disconnecting from voice normally, close code 1000.
2022-09-12 16:34:26,213 INFO: Chi out 9又4分之8.7月台[欸欸欸這樣配可以嗎(思]
2022-09-12 16:34:26,213 INFO: Connecting to voice...
2022-09-12 16:34:26,213 INFO: Starting voice handshake... (connection attempt 1)
2022-09-12 16:34:26,636 INFO: Voice handshake complete. Endpoint found hongkong4148.discord.media
2022-09-12 16:34:27,746 INFO: selected the voice protocol for use (xsalsa20_poly1305_lite)
2022-09-12 16:34:27,979 INFO: received secret key for voice connection
2022-09-12 16:34:29,547 INFO: Preparing to terminate ffmpeg process 781.
2022-09-12 16:34:29,548 INFO: ffmpeg process 781 successfully terminated with return code of 0.
2022-09-12 16:34:30,593 INFO: The voice handshake is being terminated for Channel ID 868516155525046333 (Guild ID 428109526550708234)
2022-09-12 16:34:30,594 INFO: Disconnecting from voice normally, close code 1000.
2022-09-12 16:37:21,324 INFO: KyrieR out 9又4分之8.7月台[欸欸欸這樣配可以嗎(思]
2022-09-12 16:37:21,325 INFO: Connecting to voice...
2022-09-12 16:37:21,325 INFO: Starting voice handshake... (connection attempt 1)
2022-09-12 16:37:21,686 INFO: Voice handshake complete. Endpoint found hongkong4148.discord.media
2022-09-12 16:37:22,800 INFO: selected the voice protocol for use (xsalsa20_poly1305_lite)
2022-09-12 16:37:23,034 INFO: received secret key for voice connection
2022-09-12 16:37:24,842 INFO: Preparing to terminate ffmpeg process 809.
2022-09-12 16:37:24,843 INFO: ffmpeg process 809 successfully terminated with return code of 0.
2022-09-12 16:37:25,852 INFO: The voice handshake is being terminated for Channel ID 868516155525046333 (Guild ID 428109526550708234)
2022-09-12 16:37:25,853 INFO: Disconnecting from voice normally, close code 1000.
2022-09-12 16:38:45,117 INFO: 不偷家的飄飄大仙 out 9又4分之8.7月台[欸欸欸這樣配可以嗎(思]
2022-09-12 16:38:45,117 INFO: Connecting to voice...
2022-09-12 16:38:45,117 INFO: Starting voice handshake... (connection attempt 1)
2022-09-12 16:38:45,301 INFO: Voice handshake complete. Endpoint found us-central7722.discord.media
2022-09-12 16:38:45,435 INFO: selected the voice protocol for use (xsalsa20_poly1305_lite)
2022-09-12 16:38:45,456 INFO: received secret key for voice connection
2022-09-12 16:38:48,344 INFO: Preparing to terminate ffmpeg process 820.
2022-09-12 16:38:48,345 INFO: ffmpeg process 820 successfully terminated with return code of 0.
2022-09-12 16:38:49,374 INFO: The voice handshake is being terminated for Channel ID 868516155525046333 (Guild ID 428109526550708234)
2022-09-12 16:38:49,374 INFO: Disconnecting from voice normally, close code 1000.
2022-09-12 17:17:38,013 INFO: Got a request to RESUME the websocket.
2022-09-12 17:17:38,239 INFO: Shard ID None has sent the RESUME payload.
2022-09-12 17:17:38,283 INFO: Shard ID None has successfully RESUMED session 6eeb02ecc18cd2b97a065da96b233e19 under trace ["gateway-prd-main-6kgp",{"micros":588,"calls":["id_created",{"micros":0,"calls":[]},"session_lookup_time",{"micros":235,"calls":[]},"session_lookup_finished",{"micros":10,"calls":[]},"discord-sessions-blue-prd-2-108",{"micros":19}]}].
2022-09-12 19:30:50,496 INFO: Websocket closed with 1006, attempting a reconnect.
2022-09-12 19:30:50,497 INFO: Got a request to RESUME the websocket.
2022-09-12 19:30:50,693 INFO: Shard ID None has sent the RESUME payload.
2022-09-12 19:30:50,738 INFO: Shard ID None has successfully RESUMED session 6eeb02ecc18cd2b97a065da96b233e19 under trace ["gateway-prd-main-bdst",{"micros":2620,"calls":["id_created",{"micros":0,"calls":[]},"session_lookup_time",{"micros":472,"calls":[]},"session_lookup_finished",{"micros":39,"calls":[]},"discord-sessions-blue-prd-2-108",{"micros":23}]}].
2022-09-12 22:19:37,861 INFO: Websocket closed with 1006, attempting a reconnect.
2022-09-12 22:19:37,861 INFO: Got a request to RESUME the websocket.
2022-09-12 22:19:38,045 INFO: Shard ID None has sent the RESUME payload.
2022-09-12 22:19:38,088 INFO: Shard ID None has successfully RESUMED session 6eeb02ecc18cd2b97a065da96b233e19 under trace ["gateway-prd-main-qk22",{"micros":607,"calls":["id_created",{"micros":0,"calls":[]},"session_lookup_time",{"micros":338,"calls":[]},"session_lookup_finished",{"micros":20,"calls":[]},"discord-sessions-blue-prd-2-108",{"micros":23}]}].
2022-09-12 23:21:54,475 INFO: Got a request to RESUME the websocket.
2022-09-12 23:21:54,664 INFO: Shard ID None has sent the RESUME payload.
2022-09-12 23:21:54,715 INFO: Shard ID None has successfully RESUMED session 6eeb02ecc18cd2b97a065da96b233e19 under trace ["gateway-prd-main-0ctv",{"micros":553,"calls":["id_created",{"micros":0,"calls":[]},"session_lookup_time",{"micros":276,"calls":[]},"session_lookup_finished",{"micros":15,"calls":[]},"discord-sessions-blue-prd-2-108",{"micros":19}]}].
2022-09-12 23:37:16,878 INFO: Websocket closed with 1006, attempting a reconnect.
2022-09-12 23:37:16,879 INFO: Got a request to RESUME the websocket.
2022-09-12 23:37:17,065 INFO: Shard ID None has sent the RESUME payload.
2022-09-12 23:37:17,107 INFO: Shard ID None has successfully RESUMED session 6eeb02ecc18cd2b97a065da96b233e19 under trace ["gateway-prd-main-9h6k",{"micros":551,"calls":["id_created",{"micros":0,"calls":[]},"session_lookup_time",{"micros":323,"calls":[]},"session_lookup_finished",{"micros":23,"calls":[]},"discord-sessions-blue-prd-2-108",{"micros":22}]}].
2022-09-12 23:46:54,619 INFO: Websocket closed with 1001, attempting a reconnect.
2022-09-12 23:46:54,619 INFO: Got a request to RESUME the websocket.
2022-09-12 23:46:54,821 INFO: Shard ID None has sent the RESUME payload.
2022-09-12 23:46:54,863 INFO: Shard ID None has successfully RESUMED session 6eeb02ecc18cd2b97a065da96b233e19 under trace ["gateway-prd-main-x31m",{"micros":653,"calls":["id_created",{"micros":0,"calls":[]},"session_lookup_time",{"micros":239,"calls":[]},"session_lookup_finished",{"micros":31,"calls":[]},"discord-sessions-blue-prd-2-108",{"micros":21}]}].
2022-09-13 01:09:18,325 INFO: Got a request to RESUME the websocket.
2022-09-13 01:09:18,529 INFO: Shard ID None has sent the RESUME payload.
2022-09-13 01:09:18,582 INFO: Shard ID None has successfully RESUMED session 6eeb02ecc18cd2b97a065da96b233e19 under trace ["gateway-prd-main-zj9n",{"micros":543,"calls":["id_created",{"micros":0,"calls":[]},"session_lookup_time",{"micros":257,"calls":[]},"session_lookup_finished",{"micros":13,"calls":[]},"discord-sessions-blue-prd-2-108",{"micros":24}]}].
2022-09-13 01:53:20,222 INFO: Got a request to RESUME the websocket.
2022-09-13 01:53:20,404 INFO: Shard ID None has sent the RESUME payload.
2022-09-13 01:53:20,445 INFO: Shard ID None has successfully RESUMED session 6eeb02ecc18cd2b97a065da96b233e19 under trace ["gateway-prd-main-8sc1",{"micros":736,"calls":["id_created",{"micros":0,"calls":[]},"session_lookup_time",{"micros":422,"calls":[]},"session_lookup_finished",{"micros":9,"calls":[]},"discord-sessions-blue-prd-2-108",{"micros":19}]}].
