2022-09-03 18:36:31,798 INFO: logging in using static token
2022-09-03 18:36:32,088 INFO: Shard ID None has sent the IDENTIFY payload.
2022-09-03 18:36:32,320 INFO: Shard ID None has connected to Gateway: ["gateway-prd-main-ldkg",{"micros":191908,"calls":["id_created",{"micros":819,"calls":[]},"session_lookup_time",{"micros":556,"calls":[]},"session_lookup_finished",{"micros":20,"calls":[]},"discord-sessions-blue-prd-2-22",{"micros":189727,"calls":["start_session",{"micros":172708,"calls":["discord-api-8d9cb4bfc-x9wvl",{"micros":167138,"calls":["get_user",{"micros":34230},"get_guilds",{"micros":18237},"send_scheduled_deletion_message",{"micros":15},"guild_join_requests",{"micros":7039},"authorized_ip_coro",{"micros":13}]}]},"starting_guild_connect",{"micros":31,"calls":[]},"presence_started",{"micros":2395,"calls":[]},"guilds_started",{"micros":14575,"calls":[]},"guilds_connect",{"micros":2,"calls":[]},"presence_connect",{"micros":1,"calls":[]},"connect_finished",{"micros":7,"calls":[]},"build_ready",{"micros":6,"calls":[]},"optimize_ready",{"micros":0,"calls":[]},"split_ready",{"micros":1,"calls":[]},"clean_ready",{"micros":1,"calls":[]}]}]}] (Session ID: 266b979d271dbb34060fe4a997c65f42).
2022-09-03 18:36:34,360 INFO: 目前登入身份：神奇海螺#3847
2022-09-03 19:20:34,946 INFO: Got a request to RESUME the websocket.
2022-09-03 19:20:35,100 INFO: Shard ID None has sent the RESUME payload.
2022-09-03 19:20:35,147 INFO: Shard ID None has successfully RESUMED session 266b979d271dbb34060fe4a997c65f42 under trace ["gateway-prd-main-mnp3",{"micros":2638,"calls":["id_created",{"micros":0,"calls":[]},"session_lookup_time",{"micros":2215,"calls":[]},"session_lookup_finished",{"micros":11,"calls":[]},"discord-sessions-blue-prd-2-22",{"micros":20}]}].
2022-09-03 19:54:01,858 INFO: Got a request to RESUME the websocket.
2022-09-03 19:54:02,050 INFO: Shard ID None has sent the RESUME payload.
2022-09-03 19:54:02,090 INFO: Shard ID None has successfully RESUMED session 266b979d271dbb34060fe4a997c65f42 under trace ["gateway-prd-main-6z50",{"micros":2307,"calls":["id_created",{"micros":0,"calls":[]},"session_lookup_time",{"micros":1934,"calls":[]},"session_lookup_finished",{"micros":11,"calls":[]},"discord-sessions-blue-prd-2-22",{"micros":23}]}].
2022-09-03 22:48:33,529 INFO: Got a request to RESUME the websocket.
2022-09-03 22:48:33,699 INFO: Shard ID None has sent the RESUME payload.
2022-09-03 22:48:33,746 INFO: Shard ID None has successfully RESUMED session 266b979d271dbb34060fe4a997c65f42 under trace ["gateway-prd-main-dhqf",{"micros":709,"calls":["id_created",{"micros":0,"calls":[]},"session_lookup_time",{"micros":416,"calls":[]},"session_lookup_finished",{"micros":9,"calls":[]},"discord-sessions-green-prd-2-46",{"micros":19}]}].
2022-09-03 23:48:50,514 INFO: Got a request to RESUME the websocket.
2022-09-03 23:48:50,690 INFO: Shard ID None has sent the RESUME payload.
2022-09-03 23:48:50,730 INFO: Shard ID None has successfully RESUMED session 266b979d271dbb34060fe4a997c65f42 under trace ["gateway-prd-main-l06b",{"micros":1376,"calls":["id_created",{"micros":0,"calls":[]},"session_lookup_time",{"micros":632,"calls":[]},"session_lookup_finished",{"micros":17,"calls":[]},"discord-sessions-green-prd-2-46",{"micros":20}]}].
2022-09-04 02:06:51,551 INFO: Got a request to RESUME the websocket.
2022-09-04 02:06:51,711 INFO: Shard ID None has sent the RESUME payload.
2022-09-04 02:06:51,753 INFO: Shard ID None has successfully RESUMED session 266b979d271dbb34060fe4a997c65f42 under trace ["gateway-prd-main-kn32",{"micros":557,"calls":["id_created",{"micros":0,"calls":[]},"session_lookup_time",{"micros":226,"calls":[]},"session_lookup_finished",{"micros":12,"calls":[]},"discord-sessions-green-prd-2-46",{"micros":17}]}].
2022-09-04 04:58:42,207 INFO: Got a request to RESUME the websocket.
2022-09-04 04:58:42,372 INFO: Shard ID None has sent the RESUME payload.
2022-09-04 04:58:42,413 INFO: Shard ID None has successfully RESUMED session 266b979d271dbb34060fe4a997c65f42 under trace ["gateway-prd-main-jxbm",{"micros":467,"calls":["id_created",{"micros":0,"calls":[]},"session_lookup_time",{"micros":194,"calls":[]},"session_lookup_finished",{"micros":13,"calls":[]},"discord-sessions-green-prd-2-46",{"micros":17}]}].
2022-09-04 08:30:52,296 INFO: Got a request to RESUME the websocket.
2022-09-04 08:30:52,450 INFO: Shard ID None has sent the RESUME payload.
2022-09-04 08:30:52,492 INFO: Shard ID None has successfully RESUMED session 266b979d271dbb34060fe4a997c65f42 under trace ["gateway-prd-main-nvkg",{"micros":527,"calls":["id_created",{"micros":0,"calls":[]},"session_lookup_time",{"micros":270,"calls":[]},"session_lookup_finished",{"micros":10,"calls":[]},"discord-sessions-green-prd-2-46",{"micros":20}]}].
2022-09-04 08:55:40,401 INFO: Got a request to RESUME the websocket.
2022-09-04 08:55:40,573 INFO: Shard ID None has sent the RESUME payload.
2022-09-04 08:55:40,618 INFO: Shard ID None has successfully RESUMED session 266b979d271dbb34060fe4a997c65f42 under trace ["gateway-prd-main-gwjk",{"micros":526,"calls":["id_created",{"micros":0,"calls":[]},"session_lookup_time",{"micros":238,"calls":[]},"session_lookup_finished",{"micros":9,"calls":[]},"discord-sessions-green-prd-2-46",{"micros":17}]}].
2022-09-04 10:28:53,171 INFO: Got a request to RESUME the websocket.
2022-09-04 10:28:53,331 INFO: Shard ID None has sent the RESUME payload.
2022-09-04 10:28:53,369 INFO: Shard ID None has successfully RESUMED session 266b979d271dbb34060fe4a997c65f42 under trace ["gateway-prd-main-f3mg",{"micros":506,"calls":["id_created",{"micros":0,"calls":[]},"session_lookup_time",{"micros":219,"calls":[]},"session_lookup_finished",{"micros":19,"calls":[]},"discord-sessions-green-prd-2-46",{"micros":29}]}].
2022-09-04 11:30:41,594 INFO: Got a request to RESUME the websocket.
2022-09-04 11:30:41,805 INFO: Shard ID None has sent the RESUME payload.
2022-09-04 11:30:41,842 INFO: Shard ID None has successfully RESUMED session 266b979d271dbb34060fe4a997c65f42 under trace ["gateway-prd-main-nxvd",{"micros":827,"calls":["id_created",{"micros":0,"calls":[]},"session_lookup_time",{"micros":299,"calls":[]},"session_lookup_finished",{"micros":22,"calls":[]},"discord-sessions-green-prd-2-46",{"micros":24}]}].
2022-09-04 13:01:38,328 INFO: MaiMai的Pool in 9又4分之8.7月台[打不出幹話就講出來啊]
2022-09-04 13:01:38,370 INFO: Connecting to voice...
2022-09-04 13:01:38,370 INFO: Starting voice handshake... (connection attempt 1)
2022-09-04 13:01:39,108 INFO: Voice handshake complete. Endpoint found hongkong7691.discord.media
2022-09-04 13:01:39,303 ERROR: Exception occurred during Voice Protocol voice server update handler
Traceback (most recent call last):
  File "/opt/virtualenvs/python3/lib/python3.8/site-packages/discord/state.py", line 102, in logging_coroutine
    await coroutine
  File "/opt/virtualenvs/python3/lib/python3.8/site-packages/discord/voice_client.py", line 295, in on_voice_server_update
    await self.ws.close(4000)
AttributeError: 'NoneType' object has no attribute 'close'
2022-09-04 13:01:40,159 INFO: selected the voice protocol for use (xsalsa20_poly1305_lite)
2022-09-04 13:01:40,370 INFO: received secret key for voice connection
2022-09-04 13:01:42,675 INFO: Preparing to terminate ffmpeg process 1811.
2022-09-04 13:01:42,676 INFO: ffmpeg process 1811 successfully terminated with return code of 0.
2022-09-04 13:01:45,377 INFO: Preparing to terminate ffmpeg process 1822.
2022-09-04 13:01:45,378 INFO: ffmpeg process 1822 successfully terminated with return code of 0.
2022-09-04 13:01:46,428 INFO: The voice handshake is being terminated for Channel ID 428109526550708238 (Guild ID 428109526550708234)
2022-09-04 13:01:46,429 INFO: Disconnecting from voice normally, close code 1000.
2022-09-04 13:03:05,170 INFO: wawa的n in 9又4分之8.7月台[打不出幹話就講出來啊]
2022-09-04 13:03:05,188 INFO: Connecting to voice...
2022-09-04 13:03:05,188 INFO: Starting voice handshake... (connection attempt 1)
2022-09-04 13:03:06,136 INFO: Voice handshake complete. Endpoint found hongkong7691.discord.media
2022-09-04 13:03:07,216 INFO: selected the voice protocol for use (xsalsa20_poly1305_lite)
2022-09-04 13:03:07,432 INFO: received secret key for voice connection
2022-09-04 13:03:10,104 INFO: Preparing to terminate ffmpeg process 1833.
2022-09-04 13:03:10,107 INFO: ffmpeg process 1833 successfully terminated with return code of 0.
2022-09-04 13:03:13,153 INFO: Preparing to terminate ffmpeg process 1843.
2022-09-04 13:03:13,154 INFO: ffmpeg process 1843 successfully terminated with return code of 0.
2022-09-04 13:03:14,179 INFO: The voice handshake is being terminated for Channel ID 428109526550708238 (Guild ID 428109526550708234)
2022-09-04 13:03:14,180 INFO: Disconnecting from voice normally, close code 1000.
2022-09-04 13:22:35,544 INFO: Got a request to RESUME the websocket.
2022-09-04 13:22:35,711 INFO: Shard ID None has sent the RESUME payload.
2022-09-04 13:22:35,750 INFO: Shard ID None has successfully RESUMED session 266b979d271dbb34060fe4a997c65f42 under trace ["gateway-prd-main-p1pb",{"micros":609,"calls":["id_created",{"micros":0,"calls":[]},"session_lookup_time",{"micros":311,"calls":[]},"session_lookup_finished",{"micros":53,"calls":[]},"discord-sessions-green-prd-2-46",{"micros":22}]}].
2022-09-04 13:22:45,101 INFO: Lexor in 9又4分之8.7月台[打不出幹話就講出來啊]
2022-09-04 13:22:45,109 INFO: Connecting to voice...
2022-09-04 13:22:45,109 INFO: Starting voice handshake... (connection attempt 1)
2022-09-04 13:22:46,083 INFO: Voice handshake complete. Endpoint found hongkong7691.discord.media
2022-09-04 13:22:47,138 INFO: selected the voice protocol for use (xsalsa20_poly1305_lite)
2022-09-04 13:22:47,348 INFO: received secret key for voice connection
2022-09-04 13:22:49,216 INFO: Preparing to terminate ffmpeg process 1891.
2022-09-04 13:22:49,217 INFO: ffmpeg process 1891 successfully terminated with return code of 0.
2022-09-04 13:22:51,415 INFO: Preparing to terminate ffmpeg process 1901.
2022-09-04 13:22:51,415 INFO: ffmpeg process 1901 successfully terminated with return code of 0.
2022-09-04 13:22:52,485 INFO: The voice handshake is being terminated for Channel ID 428109526550708238 (Guild ID 428109526550708234)
2022-09-04 13:22:52,485 INFO: Disconnecting from voice normally, close code 1000.
2022-09-04 13:23:19,040 INFO: 不偷家的飄飄大仙 in 9又4分之8.7月台[123是什麼敷衍的名字]
2022-09-04 13:23:19,088 INFO: Connecting to voice...
2022-09-04 13:23:19,088 INFO: Starting voice handshake... (connection attempt 1)
2022-09-04 13:23:19,832 INFO: Voice handshake complete. Endpoint found hongkong4745.discord.media
2022-09-04 13:23:20,028 ERROR: Exception occurred during Voice Protocol voice server update handler
Traceback (most recent call last):
  File "/opt/virtualenvs/python3/lib/python3.8/site-packages/discord/state.py", line 102, in logging_coroutine
    await coroutine
  File "/opt/virtualenvs/python3/lib/python3.8/site-packages/discord/voice_client.py", line 295, in on_voice_server_update
    await self.ws.close(4000)
AttributeError: 'NoneType' object has no attribute 'close'
2022-09-04 13:23:20,916 INFO: selected the voice protocol for use (xsalsa20_poly1305_lite)
2022-09-04 13:23:21,129 INFO: received secret key for voice connection
2022-09-04 13:23:24,718 INFO: Preparing to terminate ffmpeg process 1912.
2022-09-04 13:23:24,718 INFO: ffmpeg process 1912 successfully terminated with return code of 0.
2022-09-04 13:23:25,484 INFO: 不偷家的飄飄大仙 in 9又4分之8.7月台[打不出幹話就講出來啊]
2022-09-04 13:23:26,733 INFO: Preparing to terminate ffmpeg process 1922.
2022-09-04 13:23:26,734 INFO: ffmpeg process 1922 successfully terminated with return code of 0.
2022-09-04 13:23:27,778 INFO: The voice handshake is being terminated for Channel ID 728631391809437746 (Guild ID 428109526550708234)
2022-09-04 13:23:27,791 INFO: Connecting to voice...
2022-09-04 13:23:27,793 INFO: Starting voice handshake... (connection attempt 1)
2022-09-04 13:23:27,793 INFO: Disconnecting from voice normally, close code 1000.
2022-09-04 13:23:28,058 INFO: Voice handshake complete. Endpoint found hongkong7691.discord.media
2022-09-04 13:23:29,121 INFO: selected the voice protocol for use (xsalsa20_poly1305_lite)
2022-09-04 13:23:29,337 INFO: received secret key for voice connection
2022-09-04 13:23:32,927 INFO: Preparing to terminate ffmpeg process 1933.
2022-09-04 13:23:32,927 INFO: ffmpeg process 1933 successfully terminated with return code of 0.
2022-09-04 13:23:34,930 INFO: Preparing to terminate ffmpeg process 1943.
2022-09-04 13:23:34,930 INFO: ffmpeg process 1943 successfully terminated with return code of 0.
2022-09-04 13:23:35,973 INFO: The voice handshake is being terminated for Channel ID 428109526550708238 (Guild ID 428109526550708234)
2022-09-04 13:23:35,973 INFO: Disconnecting from voice normally, close code 1000.
2022-09-04 13:28:08,271 INFO: BunnyplayGG in 9又4分之8.7月台[打不出幹話就講出來啊]
2022-09-04 13:28:08,307 INFO: Connecting to voice...
2022-09-04 13:28:08,307 INFO: Starting voice handshake... (connection attempt 1)
2022-09-04 13:28:09,139 INFO: Voice handshake complete. Endpoint found hongkong7691.discord.media
2022-09-04 13:28:10,217 INFO: selected the voice protocol for use (xsalsa20_poly1305_lite)
2022-09-04 13:28:10,433 INFO: received secret key for voice connection
2022-09-04 13:28:12,302 INFO: Preparing to terminate ffmpeg process 1954.
2022-09-04 13:28:12,303 INFO: ffmpeg process 1954 successfully terminated with return code of 0.
2022-09-04 13:28:14,957 INFO: Preparing to terminate ffmpeg process 1964.
2022-09-04 13:28:14,958 INFO: ffmpeg process 1964 successfully terminated with return code of 0.
2022-09-04 13:28:15,966 INFO: The voice handshake is being terminated for Channel ID 428109526550708238 (Guild ID 428109526550708234)
2022-09-04 13:28:15,966 INFO: Connecting to voice...
2022-09-04 13:28:15,967 INFO: Starting voice handshake... (connection attempt 1)
2022-09-04 13:28:15,967 INFO: Disconnecting from voice normally, close code 1000.
2022-09-04 13:28:16,155 INFO: Voice handshake complete. Endpoint found us-central6810.discord.media
2022-09-04 13:28:16,271 INFO: selected the voice protocol for use (xsalsa20_poly1305_lite)
2022-09-04 13:28:16,287 INFO: received secret key for voice connection
2022-09-04 13:28:16,326 INFO: Disconnected from voice by force... potentially reconnecting.
2022-09-04 13:28:16,327 INFO: Starting voice handshake... (connection attempt 2)
2022-09-04 13:28:16,465 INFO: SparkleZ in 9又4分之8.7月台[打不出幹話就講出來啊]
2022-09-04 13:29:16,253 WARNING: Shard ID None has stopped responding to the gateway. Closing and restarting.
2022-09-04 13:29:16,328 INFO: The voice handshake is being terminated for Channel ID 1015976578951430205 (Guild ID 428109526550708234)
2022-09-04 13:29:16,329 INFO: Reconnect was unsuccessful, disconnecting from voice normally...
2022-09-04 13:29:17,346 INFO: Connecting to voice...
2022-09-04 13:29:17,346 INFO: Starting voice handshake... (connection attempt 1)
2022-09-04 13:29:18,207 INFO: Voice handshake complete. Endpoint found hongkong7691.discord.media
2022-09-04 13:29:19,334 INFO: selected the voice protocol for use (xsalsa20_poly1305_lite)
2022-09-04 13:29:19,558 INFO: received secret key for voice connection
2022-09-04 13:29:21,547 INFO: Preparing to terminate ffmpeg process 1986.
2022-09-04 13:29:21,552 INFO: ffmpeg process 1986 successfully terminated with return code of 0.
2022-09-04 13:29:23,543 INFO: Preparing to terminate ffmpeg process 1996.
2022-09-04 13:29:23,543 INFO: ffmpeg process 1996 successfully terminated with return code of 0.
2022-09-04 13:29:24,586 INFO: The voice handshake is being terminated for Channel ID 428109526550708238 (Guild ID 428109526550708234)
2022-09-04 13:29:24,586 INFO: Disconnecting from voice normally, close code 1000.
2022-09-04 13:32:11,539 INFO: Fiven-chung in 9又4分之8.7月台[打不出幹話就講出來啊]
2022-09-04 13:32:11,573 INFO: Connecting to voice...
2022-09-04 13:32:11,573 INFO: Starting voice handshake... (connection attempt 1)
2022-09-04 13:32:12,541 INFO: Voice handshake complete. Endpoint found hongkong7691.discord.media
2022-09-04 13:32:13,626 INFO: selected the voice protocol for use (xsalsa20_poly1305_lite)
2022-09-04 13:32:13,858 INFO: received secret key for voice connection
2022-09-04 13:32:15,729 INFO: Preparing to terminate ffmpeg process 2007.
2022-09-04 13:32:15,730 INFO: ffmpeg process 2007 successfully terminated with return code of 0.
2022-09-04 13:32:18,405 INFO: Preparing to terminate ffmpeg process 2017.
2022-09-04 13:32:18,406 INFO: ffmpeg process 2017 successfully terminated with return code of 0.
2022-09-04 13:32:19,414 INFO: The voice handshake is being terminated for Channel ID 428109526550708238 (Guild ID 428109526550708234)
2022-09-04 13:32:19,415 INFO: Disconnecting from voice normally, close code 1000.
2022-09-04 13:32:25,435 INFO: 雪莉粉粉 in 9又4分之8.7月台[打不出幹話就講出來啊]
2022-09-04 13:32:25,461 INFO: Connecting to voice...
2022-09-04 13:32:25,461 INFO: Starting voice handshake... (connection attempt 1)
2022-09-04 13:32:25,813 INFO: Voice handshake complete. Endpoint found hongkong7691.discord.media
2022-09-04 13:32:26,877 INFO: selected the voice protocol for use (xsalsa20_poly1305_lite)
2022-09-04 13:32:27,099 INFO: received secret key for voice connection
2022-09-04 13:32:29,751 INFO: Preparing to terminate ffmpeg process 2028.
2022-09-04 13:32:29,751 INFO: ffmpeg process 2028 successfully terminated with return code of 0.
2022-09-04 13:32:33,191 INFO: Preparing to terminate ffmpeg process 2038.
2022-09-04 13:32:33,191 INFO: ffmpeg process 2038 successfully terminated with return code of 0.
2022-09-04 13:32:34,245 INFO: The voice handshake is being terminated for Channel ID 428109526550708238 (Guild ID 428109526550708234)
2022-09-04 13:32:34,245 INFO: Disconnecting from voice normally, close code 1000.
2022-09-04 13:34:24,261 INFO: 影子哥哥 in 9又4分之8.7月台[打不出幹話就講出來啊]
2022-09-04 13:34:24,271 INFO: Connecting to voice...
2022-09-04 13:34:24,271 INFO: Starting voice handshake... (connection attempt 1)
2022-09-04 13:34:25,233 INFO: Voice handshake complete. Endpoint found hongkong7691.discord.media
2022-09-04 13:34:26,315 INFO: selected the voice protocol for use (xsalsa20_poly1305_lite)
2022-09-04 13:34:26,536 INFO: received secret key for voice connection
2022-09-04 13:34:28,759 INFO: Preparing to terminate ffmpeg process 2067.
2022-09-04 13:34:28,760 INFO: ffmpeg process 2067 successfully terminated with return code of 0.
2022-09-04 13:34:32,135 INFO: Preparing to terminate ffmpeg process 2077.
2022-09-04 13:34:32,136 INFO: ffmpeg process 2077 successfully terminated with return code of 0.
2022-09-04 13:34:33,187 INFO: The voice handshake is being terminated for Channel ID 428109526550708238 (Guild ID 428109526550708234)
2022-09-04 13:34:33,188 INFO: Disconnecting from voice normally, close code 1000.
2022-09-04 13:35:10,705 INFO: DADA的DIAO in 9又4分之8.7月台[打不出幹話就講出來啊]
2022-09-04 13:35:10,721 INFO: Connecting to voice...
2022-09-04 13:35:10,722 INFO: Starting voice handshake... (connection attempt 1)
2022-09-04 13:35:11,074 INFO: Voice handshake complete. Endpoint found hongkong7691.discord.media
2022-09-04 13:35:12,187 INFO: selected the voice protocol for use (xsalsa20_poly1305_lite)
2022-09-04 13:35:12,413 INFO: received secret key for voice connection
2022-09-04 13:35:14,667 INFO: Preparing to terminate ffmpeg process 2088.
2022-09-04 13:35:14,668 INFO: ffmpeg process 2088 successfully terminated with return code of 0.
2022-09-04 13:35:16,844 INFO: Preparing to terminate ffmpeg process 2098.
2022-09-04 13:35:16,844 INFO: ffmpeg process 2098 successfully terminated with return code of 0.
2022-09-04 13:35:17,850 INFO: The voice handshake is being terminated for Channel ID 428109526550708238 (Guild ID 428109526550708234)
2022-09-04 13:35:17,850 INFO: Disconnecting from voice normally, close code 1000.
2022-09-04 13:36:12,242 INFO: SparkleZ out 9又4分之8.7月台[打不出幹話就講出來啊]
2022-09-04 13:36:12,242 INFO: Connecting to voice...
2022-09-04 13:36:12,242 INFO: Starting voice handshake... (connection attempt 1)
2022-09-04 13:36:12,652 INFO: Voice handshake complete. Endpoint found hongkong7691.discord.media
2022-09-04 13:36:13,712 INFO: selected the voice protocol for use (xsalsa20_poly1305_lite)
2022-09-04 13:36:13,927 INFO: received secret key for voice connection
2022-09-04 13:36:15,915 INFO: Preparing to terminate ffmpeg process 2109.
2022-09-04 13:36:15,915 INFO: ffmpeg process 2109 successfully terminated with return code of 0.
2022-09-04 13:36:16,943 INFO: The voice handshake is being terminated for Channel ID 428109526550708238 (Guild ID 428109526550708234)
2022-09-04 13:36:16,944 INFO: Disconnecting from voice normally, close code 1000.
2022-09-04 14:06:15,943 INFO: 翰翰 in 9又4分之8.7月台[打不出幹話就講出來啊]
2022-09-04 14:06:15,970 INFO: Connecting to voice...
2022-09-04 14:06:15,970 INFO: Starting voice handshake... (connection attempt 1)
2022-09-04 14:06:16,310 INFO: Voice handshake complete. Endpoint found hongkong7691.discord.media
2022-09-04 14:06:17,376 INFO: selected the voice protocol for use (xsalsa20_poly1305_lite)
2022-09-04 14:06:17,592 INFO: received secret key for voice connection
2022-09-04 14:06:19,990 INFO: Preparing to terminate ffmpeg process 2173.
2022-09-04 14:06:19,991 INFO: ffmpeg process 2173 successfully terminated with return code of 0.
2022-09-04 14:06:22,315 INFO: Preparing to terminate ffmpeg process 2183.
2022-09-04 14:06:22,316 INFO: ffmpeg process 2183 successfully terminated with return code of 0.
2022-09-04 14:06:23,339 INFO: The voice handshake is being terminated for Channel ID 428109526550708238 (Guild ID 428109526550708234)
2022-09-04 14:06:23,340 INFO: Disconnecting from voice normally, close code 1000.
2022-09-04 14:11:36,955 INFO: 翰翰 out 9又4分之8.7月台[打不出幹話就講出來啊]
2022-09-04 14:11:36,955 INFO: Connecting to voice...
2022-09-04 14:11:36,955 INFO: Starting voice handshake... (connection attempt 1)
2022-09-04 14:11:37,971 INFO: Voice handshake complete. Endpoint found hongkong7691.discord.media
2022-09-04 14:11:39,024 INFO: selected the voice protocol for use (xsalsa20_poly1305_lite)
2022-09-04 14:11:39,240 INFO: received secret key for voice connection
2022-09-04 14:11:40,929 INFO: Preparing to terminate ffmpeg process 2194.
2022-09-04 14:11:40,930 INFO: ffmpeg process 2194 successfully terminated with return code of 0.
2022-09-04 14:11:41,954 INFO: The voice handshake is being terminated for Channel ID 428109526550708238 (Guild ID 428109526550708234)
2022-09-04 14:11:41,955 INFO: Disconnecting from voice normally, close code 1000.
2022-09-04 14:13:53,187 INFO: KyrieR in 9又4分之8.7月台[打不出幹話就講出來啊]
2022-09-04 14:13:53,215 INFO: Connecting to voice...
2022-09-04 14:13:53,215 INFO: Starting voice handshake... (connection attempt 1)
2022-09-04 14:13:54,158 INFO: Voice handshake complete. Endpoint found hongkong7691.discord.media
2022-09-04 14:13:55,271 INFO: selected the voice protocol for use (xsalsa20_poly1305_lite)
2022-09-04 14:13:55,492 INFO: received secret key for voice connection
2022-09-04 14:13:58,121 INFO: Preparing to terminate ffmpeg process 2205.
2022-09-04 14:13:58,122 INFO: ffmpeg process 2205 successfully terminated with return code of 0.
2022-09-04 14:14:00,798 INFO: Preparing to terminate ffmpeg process 2215.
2022-09-04 14:14:00,799 INFO: ffmpeg process 2215 successfully terminated with return code of 0.
2022-09-04 14:14:01,845 INFO: The voice handshake is being terminated for Channel ID 428109526550708238 (Guild ID 428109526550708234)
2022-09-04 14:14:01,846 INFO: Disconnecting from voice normally, close code 1000.
2022-09-04 15:06:13,237 INFO: 不偷家的飄飄大仙 out 9又4分之8.7月台[打不出幹話就講出來啊]
2022-09-04 15:06:13,237 INFO: Connecting to voice...
2022-09-04 15:06:13,238 INFO: Starting voice handshake... (connection attempt 1)
2022-09-04 15:06:14,217 INFO: Voice handshake complete. Endpoint found hongkong7691.discord.media
2022-09-04 15:06:15,280 INFO: selected the voice protocol for use (xsalsa20_poly1305_lite)
2022-09-04 15:06:15,505 INFO: received secret key for voice connection
2022-09-04 15:06:18,395 INFO: Preparing to terminate ffmpeg process 2318.
2022-09-04 15:06:18,396 INFO: ffmpeg process 2318 successfully terminated with return code of 0.
2022-09-04 15:06:19,426 INFO: The voice handshake is being terminated for Channel ID 428109526550708238 (Guild ID 428109526550708234)
2022-09-04 15:06:19,426 INFO: Disconnecting from voice normally, close code 1000.
2022-09-04 15:06:59,056 INFO: wawa的n out 9又4分之8.7月台[打不出幹話就講出來啊]
2022-09-04 15:06:59,057 INFO: Connecting to voice...
2022-09-04 15:06:59,057 INFO: Starting voice handshake... (connection attempt 1)
2022-09-04 15:06:59,423 INFO: DADA的DIAO out 9又4分之8.7月台[打不出幹話就講出來啊]
2022-09-04 15:06:59,445 INFO: Voice handshake complete. Endpoint found hongkong7691.discord.media
2022-09-04 15:07:00,506 INFO: selected the voice protocol for use (xsalsa20_poly1305_lite)
2022-09-04 15:07:00,717 INFO: received secret key for voice connection
2022-09-04 15:07:00,753 INFO: 雪莉粉粉 out 9又4分之8.7月台[打不出幹話就講出來啊]
2022-09-04 15:07:02,706 INFO: Preparing to terminate ffmpeg process 2329.
2022-09-04 15:07:02,707 INFO: ffmpeg process 2329 successfully terminated with return code of 0.
2022-09-04 15:07:05,832 INFO: Preparing to terminate ffmpeg process 2339.
2022-09-04 15:07:05,833 INFO: ffmpeg process 2339 successfully terminated with return code of 0.
2022-09-04 15:07:08,810 INFO: Preparing to terminate ffmpeg process 2349.
2022-09-04 15:07:08,811 INFO: ffmpeg process 2349 successfully terminated with return code of 0.
2022-09-04 15:07:09,878 INFO: The voice handshake is being terminated for Channel ID 428109526550708238 (Guild ID 428109526550708234)
2022-09-04 15:07:09,878 INFO: Disconnecting from voice normally, close code 1000.
2022-09-04 15:07:14,172 INFO: MaiMai的Pool out 9又4分之8.7月台[打不出幹話就講出來啊]
2022-09-04 15:07:14,172 INFO: Connecting to voice...
2022-09-04 15:07:14,172 INFO: Starting voice handshake... (connection attempt 1)
2022-09-04 15:07:14,542 INFO: Voice handshake complete. Endpoint found hongkong7691.discord.media
2022-09-04 15:07:15,613 INFO: selected the voice protocol for use (xsalsa20_poly1305_lite)
2022-09-04 15:07:15,827 INFO: received secret key for voice connection
2022-09-04 15:07:17,937 INFO: Preparing to terminate ffmpeg process 2360.
2022-09-04 15:07:17,938 INFO: ffmpeg process 2360 successfully terminated with return code of 0.
2022-09-04 15:07:18,945 INFO: The voice handshake is being terminated for Channel ID 428109526550708238 (Guild ID 428109526550708234)
2022-09-04 15:07:18,946 INFO: Disconnecting from voice normally, close code 1000.
2022-09-04 15:07:20,606 INFO: Lexor out 9又4分之8.7月台[打不出幹話就講出來啊]
2022-09-04 15:07:20,606 INFO: Connecting to voice...
2022-09-04 15:07:20,606 INFO: Starting voice handshake... (connection attempt 1)
2022-09-04 15:07:20,992 INFO: Voice handshake complete. Endpoint found hongkong7691.discord.media
2022-09-04 15:07:22,030 INFO: selected the voice protocol for use (xsalsa20_poly1305_lite)
2022-09-04 15:07:22,241 INFO: received secret key for voice connection
2022-09-04 15:07:23,930 INFO: Preparing to terminate ffmpeg process 2371.
2022-09-04 15:07:23,930 INFO: ffmpeg process 2371 successfully terminated with return code of 0.
2022-09-04 15:07:24,956 INFO: The voice handshake is being terminated for Channel ID 428109526550708238 (Guild ID 428109526550708234)
2022-09-04 15:07:24,957 INFO: Disconnecting from voice normally, close code 1000.
2022-09-04 15:07:32,233 INFO: 影子哥哥 out 9又4分之8.7月台[打不出幹話就講出來啊]
2022-09-04 15:07:32,234 INFO: Connecting to voice...
2022-09-04 15:07:32,234 INFO: Starting voice handshake... (connection attempt 1)
2022-09-04 15:07:32,630 INFO: Voice handshake complete. Endpoint found hongkong7691.discord.media
2022-09-04 15:07:33,730 INFO: selected the voice protocol for use (xsalsa20_poly1305_lite)
2022-09-04 15:07:33,953 INFO: received secret key for voice connection
2022-09-04 15:07:35,983 INFO: Preparing to terminate ffmpeg process 2382.
2022-09-04 15:07:35,984 INFO: ffmpeg process 2382 successfully terminated with return code of 0.
2022-09-04 15:07:37,071 INFO: The voice handshake is being terminated for Channel ID 428109526550708238 (Guild ID 428109526550708234)
2022-09-04 15:07:37,072 INFO: Disconnecting from voice normally, close code 1000.
2022-09-04 15:22:27,640 INFO: KyrieR out 9又4分之8.7月台[打不出幹話就講出來啊]
2022-09-04 15:22:27,642 INFO: Connecting to voice...
2022-09-04 15:22:27,642 INFO: Starting voice handshake... (connection attempt 1)
2022-09-04 15:22:28,625 INFO: Voice handshake complete. Endpoint found hongkong7691.discord.media
2022-09-04 15:22:29,413 INFO: KyrieR in 9又4分之8.7月台[打不出幹話就講出來啊]
2022-09-04 15:22:29,721 INFO: selected the voice protocol for use (xsalsa20_poly1305_lite)
2022-09-04 15:22:29,934 INFO: received secret key for voice connection
2022-09-04 15:22:31,752 INFO: Preparing to terminate ffmpeg process 2410.
2022-09-04 15:22:31,753 INFO: ffmpeg process 2410 successfully terminated with return code of 0.
2022-09-04 15:22:35,367 INFO: Preparing to terminate ffmpeg process 2420.
2022-09-04 15:22:35,367 INFO: ffmpeg process 2420 successfully terminated with return code of 0.
2022-09-04 15:22:38,749 INFO: Preparing to terminate ffmpeg process 2430.
2022-09-04 15:22:38,749 INFO: ffmpeg process 2430 successfully terminated with return code of 0.
2022-09-04 15:22:39,797 INFO: The voice handshake is being terminated for Channel ID 428109526550708238 (Guild ID 428109526550708234)
2022-09-04 15:22:39,798 INFO: Disconnecting from voice normally, close code 1000.
2022-09-04 15:43:37,009 INFO: Got a request to RESUME the websocket.
2022-09-04 15:43:37,171 INFO: Shard ID None has sent the RESUME payload.
2022-09-04 15:43:37,210 INFO: Shard ID None has successfully RESUMED session 266b979d271dbb34060fe4a997c65f42 under trace ["gateway-prd-main-fr72",{"micros":904,"calls":["id_created",{"micros":0,"calls":[]},"session_lookup_time",{"micros":262,"calls":[]},"session_lookup_finished",{"micros":11,"calls":[]},"discord-sessions-green-prd-2-46",{"micros":21}]}].
