2022-09-19 18:36:15,519 INFO: logging in using static token
2022-09-19 18:36:15,840 INFO: Shard ID None has sent the IDENTIFY payload.
2022-09-19 18:36:15,963 INFO: Shard ID None has connected to Gateway: ["gateway-prd-main-b70g",{"micros":65484,"calls":["id_created",{"micros":794,"calls":[]},"session_lookup_time",{"micros":396,"calls":[]},"session_lookup_finished",{"micros":16,"calls":[]},"discord-sessions-green-prd-2-78",{"micros":63158,"calls":["start_session",{"micros":47691,"calls":["discord-api-94fcdd59-p67lt",{"micros":41950,"calls":["get_user",{"micros":13500},"get_guilds",{"micros":7614},"send_scheduled_deletion_message",{"micros":14},"guild_join_requests",{"micros":2},"authorized_ip_coro",{"micros":10}]}]},"starting_guild_connect",{"micros":51,"calls":[]},"presence_started",{"micros":362,"calls":[]},"guilds_started",{"micros":158,"calls":[]},"guilds_connect",{"micros":1,"calls":[]},"presence_connect",{"micros":14873,"calls":[]},"connect_finished",{"micros":14877,"calls":[]},"build_ready",{"micros":15,"calls":[]},"optimize_ready",{"micros":1,"calls":[]},"split_ready",{"micros":1,"calls":[]},"clean_ready",{"micros":1,"calls":[]}]}]}] (Session ID: 3db2d3f6bd3bd17cf599d69b091e8e73).
2022-09-19 18:36:17,995 INFO: 目前登入身份：神奇海螺#3847
2022-09-19 20:25:35,635 INFO: Websocket closed with 1006, attempting a reconnect.
2022-09-19 20:25:35,635 INFO: Got a request to RESUME the websocket.
2022-09-19 20:25:35,820 INFO: Shard ID None has sent the RESUME payload.
2022-09-19 20:25:35,865 INFO: Shard ID None has successfully RESUMED session 3db2d3f6bd3bd17cf599d69b091e8e73 under trace ["gateway-prd-main-6gvk",{"micros":717,"calls":["id_created",{"micros":0,"calls":[]},"session_lookup_time",{"micros":308,"calls":[]},"session_lookup_finished",{"micros":7,"calls":[]},"discord-sessions-green-prd-2-78",{"micros":15}]}].
2022-09-19 21:01:46,812 INFO: logging in using static token
2022-09-19 21:01:46,860 INFO: Cleaning up tasks.
2022-09-19 21:01:46,861 INFO: Closing the event loop.
2022-09-20 13:16:02,923 INFO: logging in using static token
2022-09-20 13:16:03,293 INFO: Shard ID None has sent the IDENTIFY payload.
2022-09-20 13:16:03,439 INFO: Shard ID None has connected to Gateway: ["gateway-prd-us-east1-d-cpxf",{"micros":104955,"calls":["id_created",{"micros":1223,"calls":[]},"session_lookup_time",{"micros":8536,"calls":[]},"session_lookup_finished",{"micros":11,"calls":[]},"discord-sessions-green-prd-2-171",{"micros":94189,"calls":["start_session",{"micros":71975,"calls":["discord-api-5d5c845c4b-rbnrk",{"micros":62762,"calls":["get_user",{"micros":14879},"get_guilds",{"micros":8556},"send_scheduled_deletion_message",{"micros":11},"guild_join_requests",{"micros":2},"authorized_ip_coro",{"micros":13}]}]},"starting_guild_connect",{"micros":51,"calls":[]},"presence_started",{"micros":9533,"calls":[]},"guilds_started",{"micros":155,"calls":[]},"guilds_connect",{"micros":2,"calls":[]},"presence_connect",{"micros":12453,"calls":[]},"connect_finished",{"micros":12458,"calls":[]},"build_ready",{"micros":15,"calls":[]},"optimize_ready",{"micros":1,"calls":[]},"split_ready",{"micros":0,"calls":[]},"clean_ready",{"micros":1,"calls":[]}]}]}] (Session ID: 054f46c9c0c604a7bae2244700da6a16).
2022-09-20 13:16:05,474 INFO: 目前登入身份：神奇海螺#3847
2022-09-20 13:39:09,010 INFO: MaiMai的Pool in 9又4分之8.7月台[欸欸欸這樣配可以嗎(思]
2022-09-20 13:39:09,055 INFO: Connecting to voice...
2022-09-20 13:39:09,055 INFO: Starting voice handshake... (connection attempt 1)
2022-09-20 13:39:09,253 INFO: Voice handshake complete. Endpoint found japan410.discord.media
2022-09-20 13:39:10,220 INFO: selected the voice protocol for use (xsalsa20_poly1305_lite)
2022-09-20 13:39:10,409 INFO: received secret key for voice connection
2022-09-20 13:39:13,203 INFO: Preparing to terminate ffmpeg process 180.
2022-09-20 13:39:13,204 INFO: ffmpeg process 180 successfully terminated with return code of 0.
2022-09-20 13:39:16,598 INFO: Preparing to terminate ffmpeg process 191.
2022-09-20 13:39:16,598 INFO: ffmpeg process 191 successfully terminated with return code of 0.
2022-09-20 13:39:17,646 INFO: The voice handshake is being terminated for Channel ID 868516155525046333 (Guild ID 428109526550708234)
2022-09-20 13:39:17,647 INFO: Disconnecting from voice normally, close code 1000.
2022-09-20 13:55:40,264 INFO: wawa的n in 9又4分之8.7月台[欸欸欸這樣配可以嗎(思]
2022-09-20 13:55:40,372 INFO: Connecting to voice...
2022-09-20 13:55:40,372 INFO: Starting voice handshake... (connection attempt 1)
2022-09-20 13:55:40,570 INFO: Voice handshake complete. Endpoint found japan410.discord.media
2022-09-20 13:55:41,539 INFO: selected the voice protocol for use (xsalsa20_poly1305_lite)
2022-09-20 13:55:41,733 INFO: received secret key for voice connection
2022-09-20 13:55:43,879 INFO: Preparing to terminate ffmpeg process 219.
2022-09-20 13:55:43,879 INFO: ffmpeg process 219 successfully terminated with return code of 0.
2022-09-20 13:55:46,050 INFO: Preparing to terminate ffmpeg process 229.
2022-09-20 13:55:46,051 INFO: ffmpeg process 229 successfully terminated with return code of 0.
2022-09-20 13:55:47,054 INFO: The voice handshake is being terminated for Channel ID 868516155525046333 (Guild ID 428109526550708234)
2022-09-20 13:55:47,056 INFO: Disconnecting from voice normally, close code 1000.
2022-09-20 14:03:19,285 INFO: Got a request to RESUME the websocket.
2022-09-20 14:03:19,459 INFO: Shard ID None has sent the RESUME payload.
2022-09-20 14:03:19,502 INFO: Shard ID None has successfully RESUMED session 054f46c9c0c604a7bae2244700da6a16 under trace ["gateway-prd-us-east1-d-xl1r",{"micros":14152,"calls":["id_created",{"micros":0,"calls":[]},"session_lookup_time",{"micros":5820,"calls":[]},"session_lookup_finished",{"micros":19,"calls":[]},"discord-sessions-green-prd-2-171",{"micros":18}]}].
2022-09-20 14:06:45,903 INFO: Connecting to voice...
2022-09-20 14:06:45,903 INFO: Starting voice handshake... (connection attempt 1)
2022-09-20 14:06:46,055 INFO: Voice handshake complete. Endpoint found hongkong9914.discord.media
2022-09-20 14:06:46,267 ERROR: Exception occurred during Voice Protocol voice server update handler
Traceback (most recent call last):
  File "/opt/virtualenvs/python3/lib/python3.8/site-packages/discord/state.py", line 102, in logging_coroutine
    await coroutine
  File "/opt/virtualenvs/python3/lib/python3.8/site-packages/discord/voice_client.py", line 295, in on_voice_server_update
    await self.ws.close(4000)
AttributeError: 'NoneType' object has no attribute 'close'
2022-09-20 14:06:47,291 INFO: selected the voice protocol for use (xsalsa20_poly1305_lite)
2022-09-20 14:06:47,536 INFO: received secret key for voice connection
2022-09-20 14:06:49,327 INFO: BunnyplayGG in 9又4分之8.7月台[欸欸欸這樣配可以嗎(思]
2022-09-20 14:06:52,883 INFO: Preparing to terminate ffmpeg process 241.
2022-09-20 14:06:52,884 INFO: ffmpeg process 241 successfully terminated with return code of 0.
2022-09-20 14:06:53,929 INFO: The voice handshake is being terminated for Channel ID 1021784487367020554 (Guild ID 428109526550708234)
2022-09-20 14:06:53,929 INFO: Connecting to voice...
2022-09-20 14:06:53,929 INFO: Starting voice handshake... (connection attempt 1)
2022-09-20 14:06:53,930 INFO: Disconnecting from voice normally, close code 1000.
2022-09-20 14:06:54,166 INFO: Voice handshake complete. Endpoint found japan410.discord.media
2022-09-20 14:06:55,160 INFO: selected the voice protocol for use (xsalsa20_poly1305_lite)
2022-09-20 14:06:55,356 INFO: received secret key for voice connection
2022-09-20 14:06:57,744 INFO: Preparing to terminate ffmpeg process 252.
2022-09-20 14:06:57,745 INFO: ffmpeg process 252 successfully terminated with return code of 0.
2022-09-20 14:07:00,038 INFO: Preparing to terminate ffmpeg process 262.
2022-09-20 14:07:00,038 INFO: ffmpeg process 262 successfully terminated with return code of 0.
2022-09-20 14:07:01,084 INFO: The voice handshake is being terminated for Channel ID 868516155525046333 (Guild ID 428109526550708234)
2022-09-20 14:07:01,085 INFO: Disconnecting from voice normally, close code 1000.
2022-09-20 14:07:25,680 INFO: Fiven-chung in 9又4分之8.7月台[欸欸欸這樣配可以嗎(思]
2022-09-20 14:07:25,764 INFO: Connecting to voice...
2022-09-20 14:07:25,764 INFO: Starting voice handshake... (connection attempt 1)
2022-09-20 14:07:25,963 INFO: Voice handshake complete. Endpoint found japan410.discord.media
2022-09-20 14:07:26,946 INFO: selected the voice protocol for use (xsalsa20_poly1305_lite)
2022-09-20 14:07:27,138 INFO: received secret key for voice connection
2022-09-20 14:07:29,526 INFO: Preparing to terminate ffmpeg process 273.
2022-09-20 14:07:29,526 INFO: ffmpeg process 273 successfully terminated with return code of 0.
2022-09-20 14:07:32,098 INFO: Preparing to terminate ffmpeg process 283.
2022-09-20 14:07:32,099 INFO: ffmpeg process 283 successfully terminated with return code of 0.
2022-09-20 14:07:33,165 INFO: The voice handshake is being terminated for Channel ID 868516155525046333 (Guild ID 428109526550708234)
2022-09-20 14:07:33,165 INFO: Disconnecting from voice normally, close code 1000.
2022-09-20 14:14:05,084 INFO: Chi in 9又4分之8.7月台[欸欸欸這樣配可以嗎(思]
2022-09-20 14:14:05,213 INFO: Connecting to voice...
2022-09-20 14:14:05,213 INFO: Starting voice handshake... (connection attempt 1)
2022-09-20 14:14:05,422 INFO: Voice handshake complete. Endpoint found japan410.discord.media
2022-09-20 14:14:06,431 INFO: selected the voice protocol for use (xsalsa20_poly1305_lite)
2022-09-20 14:14:06,634 INFO: received secret key for voice connection
2022-09-20 14:14:08,820 INFO: Preparing to terminate ffmpeg process 312.
2022-09-20 14:14:08,820 INFO: ffmpeg process 312 successfully terminated with return code of 0.
2022-09-20 14:14:10,916 INFO: Preparing to terminate ffmpeg process 322.
2022-09-20 14:14:10,917 INFO: ffmpeg process 322 successfully terminated with return code of 0.
2022-09-20 14:14:11,959 INFO: The voice handshake is being terminated for Channel ID 868516155525046333 (Guild ID 428109526550708234)
2022-09-20 14:14:11,960 INFO: Disconnecting from voice normally, close code 1000.
2022-09-20 14:33:03,139 INFO: KyrieR in 9又4分之8.7月台[欸欸欸這樣配可以嗎(思]
2022-09-20 14:33:03,289 INFO: Connecting to voice...
2022-09-20 14:33:03,290 INFO: Starting voice handshake... (connection attempt 1)
2022-09-20 14:33:03,513 INFO: Voice handshake complete. Endpoint found japan410.discord.media
2022-09-20 14:33:04,507 INFO: selected the voice protocol for use (xsalsa20_poly1305_lite)
2022-09-20 14:33:04,703 INFO: received secret key for voice connection
2022-09-20 14:33:06,790 INFO: Preparing to terminate ffmpeg process 369.
2022-09-20 14:33:06,791 INFO: ffmpeg process 369 successfully terminated with return code of 0.
2022-09-20 14:33:09,365 INFO: Preparing to terminate ffmpeg process 379.
2022-09-20 14:33:09,366 INFO: ffmpeg process 379 successfully terminated with return code of 0.
2022-09-20 14:33:10,432 INFO: The voice handshake is being terminated for Channel ID 868516155525046333 (Guild ID 428109526550708234)
2022-09-20 14:33:10,432 INFO: Disconnecting from voice normally, close code 1000.
2022-09-20 15:20:18,876 INFO: 雪莉粉粉 in 9又4分之8.7月台[欸欸欸這樣配可以嗎(思]
2022-09-20 15:20:18,971 INFO: Connecting to voice...
2022-09-20 15:20:18,971 INFO: Starting voice handshake... (connection attempt 1)
2022-09-20 15:20:19,186 INFO: Voice handshake complete. Endpoint found japan410.discord.media
2022-09-20 15:20:20,180 INFO: selected the voice protocol for use (xsalsa20_poly1305_lite)
2022-09-20 15:20:20,387 INFO: received secret key for voice connection
2022-09-20 15:20:22,515 INFO: Preparing to terminate ffmpeg process 461.
2022-09-20 15:20:22,515 INFO: ffmpeg process 461 successfully terminated with return code of 0.
2022-09-20 15:20:24,870 INFO: Preparing to terminate ffmpeg process 471.
2022-09-20 15:20:24,871 INFO: ffmpeg process 471 successfully terminated with return code of 0.
2022-09-20 15:20:25,915 INFO: The voice handshake is being terminated for Channel ID 868516155525046333 (Guild ID 428109526550708234)
2022-09-20 15:20:25,916 INFO: Disconnecting from voice normally, close code 1000.
2022-09-20 15:32:29,836 INFO: 雪莉粉粉 out 9又4分之8.7月台[欸欸欸這樣配可以嗎(思]
2022-09-20 15:32:29,837 INFO: Connecting to voice...
2022-09-20 15:32:29,837 INFO: Starting voice handshake... (connection attempt 1)
2022-09-20 15:32:30,046 INFO: Voice handshake complete. Endpoint found japan410.discord.media
2022-09-20 15:32:31,057 INFO: selected the voice protocol for use (xsalsa20_poly1305_lite)
2022-09-20 15:32:31,254 INFO: received secret key for voice connection
2022-09-20 15:32:33,202 INFO: Preparing to terminate ffmpeg process 499.
2022-09-20 15:32:33,203 INFO: ffmpeg process 499 successfully terminated with return code of 0.
2022-09-20 15:32:34,270 INFO: The voice handshake is being terminated for Channel ID 868516155525046333 (Guild ID 428109526550708234)
2022-09-20 15:32:34,270 INFO: Disconnecting from voice normally, close code 1000.
2022-09-20 16:20:01,341 INFO: BunnyplayGG out 9又4分之8.7月台[欸欸欸這樣配可以嗎(思]
2022-09-20 16:20:01,341 INFO: Connecting to voice...
2022-09-20 16:20:01,341 INFO: Starting voice handshake... (connection attempt 1)
2022-09-20 16:20:01,657 INFO: Voice handshake complete. Endpoint found japan410.discord.media
2022-09-20 16:20:02,649 INFO: selected the voice protocol for use (xsalsa20_poly1305_lite)
2022-09-20 16:20:02,844 INFO: received secret key for voice connection
2022-09-20 16:20:05,219 INFO: Preparing to terminate ffmpeg process 580.
2022-09-20 16:20:05,220 INFO: ffmpeg process 580 successfully terminated with return code of 0.
2022-09-20 16:20:06,267 INFO: The voice handshake is being terminated for Channel ID 868516155525046333 (Guild ID 428109526550708234)
2022-09-20 16:20:06,267 INFO: Disconnecting from voice normally, close code 1000.
2022-09-20 16:38:44,388 INFO: Chi out 9又4分之8.7月台[欸欸欸這樣配可以嗎(思]
2022-09-20 16:38:44,389 INFO: Connecting to voice...
2022-09-20 16:38:44,389 INFO: Starting voice handshake... (connection attempt 1)
2022-09-20 16:38:45,072 INFO: Voice handshake complete. Endpoint found japan410.discord.media
2022-09-20 16:38:46,048 INFO: selected the voice protocol for use (xsalsa20_poly1305_lite)
2022-09-20 16:38:46,240 INFO: received secret key for voice connection
2022-09-20 16:38:47,806 INFO: Preparing to terminate ffmpeg process 608.
2022-09-20 16:38:47,806 INFO: ffmpeg process 608 successfully terminated with return code of 0.
2022-09-20 16:38:48,852 INFO: The voice handshake is being terminated for Channel ID 868516155525046333 (Guild ID 428109526550708234)
2022-09-20 16:38:48,852 INFO: Disconnecting from voice normally, close code 1000.
2022-09-20 16:39:12,120 INFO: MaiMai的Pool out 9又4分之8.7月台[欸欸欸這樣配可以嗎(思]
2022-09-20 16:39:12,120 INFO: Connecting to voice...
2022-09-20 16:39:12,121 INFO: Starting voice handshake... (connection attempt 1)
2022-09-20 16:39:12,423 INFO: Voice handshake complete. Endpoint found japan410.discord.media
2022-09-20 16:39:13,395 INFO: selected the voice protocol for use (xsalsa20_poly1305_lite)
2022-09-20 16:39:13,603 INFO: received secret key for voice connection
2022-09-20 16:39:15,709 INFO: Preparing to terminate ffmpeg process 636.
2022-09-20 16:39:15,710 INFO: ffmpeg process 636 successfully terminated with return code of 0.
2022-09-20 16:39:16,716 INFO: The voice handshake is being terminated for Channel ID 868516155525046333 (Guild ID 428109526550708234)
2022-09-20 16:39:16,717 INFO: Disconnecting from voice normally, close code 1000.
2022-09-20 16:39:35,237 INFO: Fiven-chung out 9又4分之8.7月台[欸欸欸這樣配可以嗎(思]
2022-09-20 16:39:35,237 INFO: Connecting to voice...
2022-09-20 16:39:35,237 INFO: Starting voice handshake... (connection attempt 1)
2022-09-20 16:39:35,529 INFO: Voice handshake complete. Endpoint found japan410.discord.media
2022-09-20 16:39:36,506 INFO: selected the voice protocol for use (xsalsa20_poly1305_lite)
2022-09-20 16:39:36,699 INFO: received secret key for voice connection
2022-09-20 16:39:38,628 INFO: Preparing to terminate ffmpeg process 647.
2022-09-20 16:39:38,629 INFO: ffmpeg process 647 successfully terminated with return code of 0.
2022-09-20 16:39:39,716 INFO: The voice handshake is being terminated for Channel ID 868516155525046333 (Guild ID 428109526550708234)
2022-09-20 16:39:39,717 INFO: Disconnecting from voice normally, close code 1000.
2022-09-20 16:42:33,307 INFO: wawa的n out 9又4分之8.7月台[欸欸欸這樣配可以嗎(思]
2022-09-20 16:42:33,308 INFO: Connecting to voice...
2022-09-20 16:42:33,308 INFO: Starting voice handshake... (connection attempt 1)
2022-09-20 16:42:33,982 INFO: Voice handshake complete. Endpoint found japan410.discord.media
2022-09-20 16:42:34,981 INFO: selected the voice protocol for use (xsalsa20_poly1305_lite)
2022-09-20 16:42:35,173 INFO: received secret key for voice connection
2022-09-20 16:42:37,161 INFO: Preparing to terminate ffmpeg process 658.
2022-09-20 16:42:37,162 INFO: ffmpeg process 658 successfully terminated with return code of 0.
2022-09-20 16:42:38,188 INFO: The voice handshake is being terminated for Channel ID 868516155525046333 (Guild ID 428109526550708234)
2022-09-20 16:42:38,188 INFO: Disconnecting from voice normally, close code 1000.
2022-09-20 17:01:32,689 INFO: KyrieR out 9又4分之8.7月台[欸欸欸這樣配可以嗎(思]
2022-09-20 17:01:32,689 INFO: Connecting to voice...
2022-09-20 17:01:32,689 INFO: Starting voice handshake... (connection attempt 1)
2022-09-20 17:01:32,893 INFO: Voice handshake complete. Endpoint found japan410.discord.media
2022-09-20 17:01:34,172 INFO: selected the voice protocol for use (xsalsa20_poly1305_lite)
2022-09-20 17:01:34,362 INFO: received secret key for voice connection
2022-09-20 17:01:36,171 INFO: Preparing to terminate ffmpeg process 704.
2022-09-20 17:01:36,172 INFO: ffmpeg process 704 successfully terminated with return code of 0.
2022-09-20 17:01:37,177 INFO: The voice handshake is being terminated for Channel ID 868516155525046333 (Guild ID 428109526550708234)
2022-09-20 17:01:37,178 INFO: Disconnecting from voice normally, close code 1000.
2022-09-20 17:03:19,923 INFO: 不偷家的飄飄大仙 out 9又4分之8.7月台[欸欸欸這樣配可以嗎(思]
2022-09-20 17:03:19,924 INFO: Connecting to voice...
2022-09-20 17:03:19,924 INFO: Starting voice handshake... (connection attempt 1)
2022-09-20 17:03:20,045 INFO: Voice handshake complete. Endpoint found atlanta6094.discord.media
2022-09-20 17:03:20,169 INFO: selected the voice protocol for use (xsalsa20_poly1305_lite)
2022-09-20 17:03:20,184 INFO: received secret key for voice connection
2022-09-20 17:03:23,073 INFO: Preparing to terminate ffmpeg process 715.
2022-09-20 17:03:23,074 INFO: ffmpeg process 715 successfully terminated with return code of 0.
2022-09-20 17:03:24,115 INFO: The voice handshake is being terminated for Channel ID 868516155525046333 (Guild ID 428109526550708234)
2022-09-20 17:03:24,115 INFO: Disconnecting from voice normally, close code 1000.
2022-09-20 17:06:44,455 INFO: Got a request to RESUME the websocket.
2022-09-20 17:06:44,633 INFO: Shard ID None has sent the RESUME payload.
2022-09-20 17:06:44,670 INFO: Shard ID None has successfully RESUMED session 054f46c9c0c604a7bae2244700da6a16 under trace ["gateway-prd-us-east1-b-wdm0",{"micros":7523,"calls":["id_created",{"micros":0,"calls":[]},"session_lookup_time",{"micros":7218,"calls":[]},"session_lookup_finished",{"micros":38,"calls":[]},"discord-sessions-green-prd-2-171",{"micros":22}]}].
2022-09-20 18:38:44,563 INFO: Got a request to RESUME the websocket.
2022-09-20 18:38:44,734 INFO: Shard ID None has sent the RESUME payload.
2022-09-20 18:38:44,763 INFO: Shard ID None has successfully RESUMED session 054f46c9c0c604a7bae2244700da6a16 under trace ["gateway-prd-us-east1-b-gxtv",{"micros":868,"calls":["id_created",{"micros":0,"calls":[]},"session_lookup_time",{"micros":393,"calls":[]},"session_lookup_finished",{"micros":15,"calls":[]},"discord-sessions-green-prd-2-171",{"micros":23}]}].
