2022-05-23 18:11:47,995 INFO: logging in using static token
2022-05-23 18:11:48,271 INFO: Shard ID None has sent the IDENTIFY payload.
2022-05-23 18:11:48,394 INFO: Shard ID None has connected to Gateway: ["gateway-prd-main-lz08",{"micros":78837,"calls":["discord-sessions-green-prd-2-153",{"micros":74654,"calls":["start_session",{"micros":41341,"calls":["discord-api-7558787968-7kzgp",{"micros":36626,"calls":["get_user",{"micros":7565},"add_authorized_ip",{"micros":1295},"get_guilds",{"micros":4842},"coros_wait",{"micros":1}]}]},"guilds_connect",{"micros":29,"calls":[]},"presence_connect",{"micros":3,"calls":[]}]}]}] (Session ID: af906ba4d1a5237a6d3ed1cd3300a77c).
2022-05-23 18:11:50,481 INFO: 目前登入身份：神奇海螺#3847
2022-05-23 18:55:49,971 INFO: Got a request to RESUME the websocket.
2022-05-23 18:55:50,139 INFO: Shard ID None has sent the RESUME payload.
2022-05-23 18:55:50,183 INFO: Shard ID None has successfully RESUMED session af906ba4d1a5237a6d3ed1cd3300a77c under trace ["gateway-prd-main-2vlx",{"micros":2322,"calls":["discord-sessions-green-prd-2-153",{"micros":15}]}].
2022-05-23 21:56:59,243 INFO: logging in using static token
2022-05-23 21:56:59,549 INFO: Shard ID None has sent the IDENTIFY payload.
2022-05-23 21:56:59,722 INFO: Shard ID None has connected to Gateway: ["gateway-prd-main-4nrh",{"micros":134770,"calls":["discord-sessions-green-prd-2-75",{"micros":133829,"calls":["start_session",{"micros":103184,"calls":["discord-api-85fbccd7dc-9h4xc",{"micros":96647,"calls":["get_user",{"micros":23939},"add_authorized_ip",{"micros":4445},"get_guilds",{"micros":8950},"coros_wait",{"micros":1}]}]},"guilds_connect",{"micros":2,"calls":[]},"presence_connect",{"micros":11627,"calls":[]}]}]}] (Session ID: f35404820b26342cf19a9edfec45e883).
2022-05-23 21:57:01,785 INFO: 目前登入身份：神奇海螺#3847
2022-05-24 00:50:26,766 INFO: logging in using static token
2022-05-24 00:50:27,038 INFO: Shard ID None has sent the IDENTIFY payload.
2022-05-24 00:50:27,223 INFO: Shard ID None has connected to Gateway: ["gateway-prd-main-fdpt",{"micros":146760,"calls":["discord-sessions-green-prd-2-106",{"micros":145903,"calls":["start_session",{"micros":114579,"calls":["discord-api-6998897b9-7snz6",{"micros":107445,"calls":["get_user",{"micros":14791},"add_authorized_ip",{"micros":13746},"get_guilds",{"micros":14503},"coros_wait",{"micros":2}]}]},"guilds_connect",{"micros":3,"calls":[]},"presence_connect",{"micros":15186,"calls":[]}]}]}] (Session ID: f925d5ab8ba31fcdf0bdd4813c9872df).
2022-05-24 00:50:29,310 INFO: 目前登入身份：神奇海螺#3847
2022-05-24 10:05:57,423 INFO: logging in using static token
2022-05-24 10:05:57,741 INFO: Shard ID None has sent the IDENTIFY payload.
2022-05-24 10:05:57,905 INFO: Shard ID None has connected to Gateway: ["gateway-prd-main-396d",{"micros":125838,"calls":["discord-sessions-green-prd-2-122",{"micros":124962,"calls":["start_session",{"micros":92082,"calls":["discord-api-c5c884d6c-mnpwx",{"micros":87242,"calls":["get_user",{"micros":23013},"add_authorized_ip",{"micros":2576},"get_guilds",{"micros":19639},"coros_wait",{"micros":1}]}]},"guilds_connect",{"micros":26,"calls":[]},"presence_connect",{"micros":12168,"calls":[]}]}]}] (Session ID: c112fff6e2a8f58a3d15e42a48215edc).
2022-05-24 10:05:59,972 INFO: 目前登入身份：神奇海螺#3847
2022-05-24 15:12:16,171 INFO: logging in using static token
2022-05-24 15:12:16,516 INFO: Shard ID None has sent the IDENTIFY payload.
2022-05-24 15:12:16,720 INFO: Shard ID None has connected to Gateway: ["gateway-prd-main-c6mv",{"micros":159251,"calls":["discord-sessions-green-prd-2-73",{"micros":157297,"calls":["start_session",{"micros":102587,"calls":["discord-api-c5c884d6c-6qs6l",{"micros":95964,"calls":["get_user",{"micros":9175},"add_authorized_ip",{"micros":2480},"get_guilds",{"micros":15506},"coros_wait",{"micros":1}]}]},"guilds_connect",{"micros":26,"calls":[]},"presence_connect",{"micros":26943,"calls":[]}]}]}] (Session ID: 1a0402e9473ea9d03c45a49a473d4727).
2022-05-24 15:12:18,926 INFO: 目前登入身份：神奇海螺#3847
2022-05-24 15:58:26,886 INFO: logging in using static token
2022-05-24 15:58:27,176 INFO: Shard ID None has sent the IDENTIFY payload.
2022-05-24 15:58:27,304 INFO: Shard ID None has connected to Gateway: ["gateway-prd-main-3jl7",{"micros":87259,"calls":["discord-sessions-green-prd-2-128",{"micros":84534,"calls":["start_session",{"micros":69092,"calls":["discord-api-c5c884d6c-ld5bc",{"micros":64228,"calls":["get_user",{"micros":9248},"add_authorized_ip",{"micros":4947},"get_guilds",{"micros":8144},"coros_wait",{"micros":1}]}]},"guilds_connect",{"micros":2,"calls":[]},"presence_connect",{"micros":1,"calls":[]}]}]}] (Session ID: 1b8228e4f4d85dafd49f1f24b6747423).
2022-05-24 15:58:29,424 INFO: 目前登入身份：神奇海螺#3847
