2022-11-22 22:07:28,038 INFO: logging in using static token
2022-11-22 22:07:28,668 INFO: Shard ID None has connected to Gateway (Session ID: 6e06a53562a5254743b62d79c9dcd485).
2022-11-22 22:07:30,673 INFO: 目前登入身份：神奇海螺#3847
2022-11-22 22:54:28,395 INFO: Shard ID None has successfully RESUMED session 6e06a53562a5254743b62d79c9dcd485.
2022-11-22 23:33:42,650 INFO: Shard ID None has successfully RESUMED session 6e06a53562a5254743b62d79c9dcd485.
2022-11-22 23:48:51,508 INFO: Shard ID None has successfully RESUMED session 6e06a53562a5254743b62d79c9dcd485.
2022-11-23 00:54:12,733 INFO: logging in using static token
2022-11-23 00:54:13,445 INFO: Shard ID None has connected to Gateway (Session ID: 68e4dd087b0f9fd59ca5847dc7292a28).
2022-11-23 00:54:15,474 INFO: 目前登入身份：神奇海螺#3847
2022-11-23 03:27:50,516 INFO: Shard ID None has successfully RESUMED session 68e4dd087b0f9fd59ca5847dc7292a28.
2022-11-23 04:06:08,162 INFO: Shard ID None has successfully RESUMED session 68e4dd087b0f9fd59ca5847dc7292a28.
2022-11-23 06:12:55,157 INFO: Shard ID None has successfully RESUMED session 68e4dd087b0f9fd59ca5847dc7292a28.
2022-11-23 07:53:44,993 INFO: Shard ID None has successfully RESUMED session 68e4dd087b0f9fd59ca5847dc7292a28.
2022-11-23 09:28:53,756 INFO: Shard ID None has successfully RESUMED session 68e4dd087b0f9fd59ca5847dc7292a28.
2022-11-23 10:03:02,177 INFO: Shard ID None has successfully RESUMED session 68e4dd087b0f9fd59ca5847dc7292a28.
2022-11-23 12:33:44,816 INFO: Shard ID None has successfully RESUMED session 68e4dd087b0f9fd59ca5847dc7292a28.
2022-11-23 13:15:47,438 INFO: 神奇海螺 in 9又4分之8.7月台[123是什麼敷衍的名字]
2022-11-23 13:15:47,560 INFO: Connecting to voice...
2022-11-23 13:15:47,560 INFO: Starting voice handshake... (connection attempt 1)
2022-11-23 13:15:47,849 INFO: Voice handshake complete. Endpoint found hongkong10003.discord.media
2022-11-23 13:15:51,717 INFO: ffmpeg process 1343 successfully terminated with return code of 0.
2022-11-23 13:16:00,175 INFO: ffmpeg process 1354 successfully terminated with return code of 0.
2022-11-23 13:16:01,236 INFO: The voice handshake is being terminated for Channel ID 728631391809437746 (Guild ID 428109526550708234)
2022-11-23 13:16:01,238 INFO: Disconnecting from voice normally, close code 1000.
2022-11-23 13:59:53,012 INFO: Lexor in 9又4分之8.7月台[123是什麼敷衍的名字]
2022-11-23 13:59:53,060 INFO: Connecting to voice...
2022-11-23 13:59:53,060 INFO: Starting voice handshake... (connection attempt 1)
2022-11-23 13:59:53,344 INFO: Voice handshake complete. Endpoint found hongkong10003.discord.media
2022-11-23 13:59:56,243 INFO: ffmpeg process 1455 successfully terminated with return code of 0.
2022-11-23 13:59:59,123 INFO: ffmpeg process 1465 successfully terminated with return code of 0.
2022-11-23 14:00:00,213 INFO: The voice handshake is being terminated for Channel ID 728631391809437746 (Guild ID 428109526550708234)
2022-11-23 14:00:00,214 INFO: Disconnecting from voice normally, close code 1000.
2022-11-23 14:03:11,845 INFO: BunnyplayGG in 9又4分之8.7月台[123是什麼敷衍的名字]
2022-11-23 14:03:11,990 INFO: Connecting to voice...
2022-11-23 14:03:11,991 INFO: Starting voice handshake... (connection attempt 1)
2022-11-23 14:03:12,278 INFO: Voice handshake complete. Endpoint found hongkong10003.discord.media
2022-11-23 14:03:15,709 INFO: ffmpeg process 1494 successfully terminated with return code of 0.
2022-11-23 14:03:18,290 INFO: ffmpeg process 1504 successfully terminated with return code of 0.
2022-11-23 14:03:19,359 INFO: The voice handshake is being terminated for Channel ID 728631391809437746 (Guild ID 428109526550708234)
2022-11-23 14:03:19,359 INFO: Disconnecting from voice normally, close code 1000.
2022-11-23 14:11:20,346 INFO: MaiMai的Pool in 9又4分之8.7月台[123是什麼敷衍的名字]
2022-11-23 14:11:20,396 INFO: Connecting to voice...
2022-11-23 14:11:20,399 INFO: Starting voice handshake... (connection attempt 1)
2022-11-23 14:11:20,701 INFO: Voice handshake complete. Endpoint found hongkong10003.discord.media
2022-11-23 14:11:24,016 INFO: ffmpeg process 1515 successfully terminated with return code of 0.
2022-11-23 14:11:26,160 INFO: ffmpeg process 1525 successfully terminated with return code of 0.
2022-11-23 14:11:27,166 INFO: The voice handshake is being terminated for Channel ID 728631391809437746 (Guild ID 428109526550708234)
2022-11-23 14:11:27,168 INFO: Disconnecting from voice normally, close code 1000.
2022-11-23 14:14:43,807 INFO: wawa的n in 9又4分之8.7月台[123是什麼敷衍的名字]
2022-11-23 14:14:43,925 INFO: Connecting to voice...
2022-11-23 14:14:43,925 INFO: Starting voice handshake... (connection attempt 1)
2022-11-23 14:14:44,229 INFO: Voice handshake complete. Endpoint found hongkong10003.discord.media
2022-11-23 14:14:47,862 INFO: ffmpeg process 1536 successfully terminated with return code of 0.
2022-11-23 14:14:48,089 INFO: 翰翰 in 9又4分之8.7月台[123是什麼敷衍的名字]
2022-11-23 14:14:49,394 INFO: ffmpeg process 1546 successfully terminated with return code of 0.
2022-11-23 14:14:52,814 INFO: ffmpeg process 1556 successfully terminated with return code of 0.
2022-11-23 14:14:55,520 INFO: ffmpeg process 1566 successfully terminated with return code of 0.
2022-11-23 14:14:56,587 INFO: The voice handshake is being terminated for Channel ID 728631391809437746 (Guild ID 428109526550708234)
2022-11-23 14:14:56,587 INFO: Disconnecting from voice normally, close code 1000.
2022-11-23 14:17:52,843 INFO: WeIrdnA in 9又4分之8.7月台[123是什麼敷衍的名字]
2022-11-23 14:17:52,893 INFO: Connecting to voice...
2022-11-23 14:17:52,895 INFO: Starting voice handshake... (connection attempt 1)
2022-11-23 14:17:53,190 INFO: Voice handshake complete. Endpoint found hongkong10003.discord.media
2022-11-23 14:17:56,931 INFO: ffmpeg process 1596 successfully terminated with return code of 0.
2022-11-23 14:17:59,682 INFO: ffmpeg process 1606 successfully terminated with return code of 0.
2022-11-23 14:18:00,753 INFO: The voice handshake is being terminated for Channel ID 728631391809437746 (Guild ID 428109526550708234)
2022-11-23 14:18:00,755 INFO: Disconnecting from voice normally, close code 1000.
2022-11-23 14:18:22,744 INFO: 阿凱 in 9又4分之8.7月台[123是什麼敷衍的名字]
2022-11-23 14:18:22,854 INFO: Connecting to voice...
2022-11-23 14:18:22,855 INFO: Starting voice handshake... (connection attempt 1)
2022-11-23 14:18:23,143 INFO: Voice handshake complete. Endpoint found hongkong10003.discord.media
2022-11-23 14:18:26,561 INFO: ffmpeg process 1617 successfully terminated with return code of 0.
2022-11-23 14:18:29,318 INFO: ffmpeg process 1627 successfully terminated with return code of 0.
2022-11-23 14:18:30,389 INFO: The voice handshake is being terminated for Channel ID 728631391809437746 (Guild ID 428109526550708234)
2022-11-23 14:18:30,391 INFO: Disconnecting from voice normally, close code 1000.
2022-11-23 14:43:26,906 INFO: Shard ID None has successfully RESUMED session 68e4dd087b0f9fd59ca5847dc7292a28.
2022-11-23 15:00:21,389 INFO: Chi in 9又4分之8.7月台[123是什麼敷衍的名字]
2022-11-23 15:00:21,553 INFO: Connecting to voice...
2022-11-23 15:00:21,554 INFO: Starting voice handshake... (connection attempt 1)
2022-11-23 15:00:21,837 INFO: Voice handshake complete. Endpoint found hongkong10003.discord.media
2022-11-23 15:00:25,024 INFO: ffmpeg process 1708 successfully terminated with return code of 0.
2022-11-23 15:00:27,052 INFO: ffmpeg process 1718 successfully terminated with return code of 0.
2022-11-23 15:00:28,074 INFO: The voice handshake is being terminated for Channel ID 728631391809437746 (Guild ID 428109526550708234)
2022-11-23 15:00:28,075 INFO: Disconnecting from voice normally, close code 1000.
2022-11-23 15:01:28,043 INFO: 楓夜 in 9又4分之8.7月台[123是什麼敷衍的名字]
2022-11-23 15:01:28,142 INFO: Connecting to voice...
2022-11-23 15:01:28,142 INFO: Starting voice handshake... (connection attempt 1)
2022-11-23 15:01:28,426 INFO: Voice handshake complete. Endpoint found hongkong10003.discord.media
2022-11-23 15:01:31,353 INFO: ffmpeg process 1729 successfully terminated with return code of 0.
2022-11-23 15:01:34,214 INFO: ffmpeg process 1739 successfully terminated with return code of 0.
2022-11-23 15:01:35,302 INFO: The voice handshake is being terminated for Channel ID 728631391809437746 (Guild ID 428109526550708234)
2022-11-23 15:01:35,303 INFO: Disconnecting from voice normally, close code 1000.
2022-11-23 15:02:19,119 INFO: louiskkk28 in 9又4分之8.7月台[123是什麼敷衍的名字]
2022-11-23 15:02:19,220 INFO: Connecting to voice...
2022-11-23 15:02:19,220 INFO: Starting voice handshake... (connection attempt 1)
2022-11-23 15:02:19,504 INFO: Voice handshake complete. Endpoint found hongkong10003.discord.media
2022-11-23 15:02:25,038 INFO: ffmpeg process 1769 successfully terminated with return code of 0.
2022-11-23 15:02:27,738 INFO: ffmpeg process 1779 successfully terminated with return code of 0.
2022-11-23 15:02:28,804 INFO: The voice handshake is being terminated for Channel ID 728631391809437746 (Guild ID 428109526550708234)
2022-11-23 15:02:28,807 INFO: Disconnecting from voice normally, close code 1000.
2022-11-23 15:05:40,145 INFO: Fiven-chung in 9又4分之8.7月台[123是什麼敷衍的名字]
2022-11-23 15:05:40,269 INFO: Connecting to voice...
2022-11-23 15:05:40,269 INFO: Starting voice handshake... (connection attempt 1)
2022-11-23 15:05:40,558 INFO: Voice handshake complete. Endpoint found hongkong10003.discord.media
2022-11-23 15:05:43,495 INFO: ffmpeg process 1790 successfully terminated with return code of 0.
2022-11-23 15:05:45,825 INFO: ffmpeg process 1800 successfully terminated with return code of 0.
2022-11-23 15:05:46,873 INFO: The voice handshake is being terminated for Channel ID 728631391809437746 (Guild ID 428109526550708234)
2022-11-23 15:05:46,874 INFO: Disconnecting from voice normally, close code 1000.
2022-11-23 15:19:12,546 INFO: 貓嗷嗚飄飄大仙 in 9又4分之8.7月台[123是什麼敷衍的名字]
2022-11-23 15:19:12,648 INFO: Connecting to voice...
2022-11-23 15:19:12,648 INFO: Starting voice handshake... (connection attempt 1)
2022-11-23 15:19:12,952 INFO: Voice handshake complete. Endpoint found hongkong10003.discord.media
2022-11-23 15:19:16,672 INFO: ffmpeg process 1829 successfully terminated with return code of 0.
2022-11-23 15:19:19,376 INFO: ffmpeg process 1839 successfully terminated with return code of 0.
2022-11-23 15:19:20,386 INFO: The voice handshake is being terminated for Channel ID 728631391809437746 (Guild ID 428109526550708234)
2022-11-23 15:19:20,387 INFO: Disconnecting from voice normally, close code 1000.
2022-11-23 15:28:48,677 INFO: 翰翰 out 9又4分之8.7月台[123是什麼敷衍的名字]
2022-11-23 15:28:48,679 INFO: Connecting to voice...
2022-11-23 15:28:48,679 INFO: Starting voice handshake... (connection attempt 1)
2022-11-23 15:28:48,972 INFO: Voice handshake complete. Endpoint found hongkong10003.discord.media
2022-11-23 15:28:51,688 INFO: ffmpeg process 1885 successfully terminated with return code of 0.
2022-11-23 15:28:52,718 INFO: The voice handshake is being terminated for Channel ID 728631391809437746 (Guild ID 428109526550708234)
2022-11-23 15:28:52,719 INFO: Disconnecting from voice normally, close code 1000.
2022-11-23 15:28:57,019 INFO: 阿凱 out 9又4分之8.7月台[123是什麼敷衍的名字]
2022-11-23 15:28:57,019 INFO: Connecting to voice...
2022-11-23 15:28:57,020 INFO: Starting voice handshake... (connection attempt 1)
2022-11-23 15:28:57,373 INFO: Voice handshake complete. Endpoint found hongkong10003.discord.media
2022-11-23 15:29:00,005 INFO: ffmpeg process 1896 successfully terminated with return code of 0.
2022-11-23 15:29:01,070 INFO: The voice handshake is being terminated for Channel ID 728631391809437746 (Guild ID 428109526550708234)
2022-11-23 15:29:01,071 INFO: Disconnecting from voice normally, close code 1000.
2022-11-23 16:12:46,568 INFO: 楓夜 out 9又4分之8.7月台[123是什麼敷衍的名字]
2022-11-23 16:12:46,568 INFO: Connecting to voice...
2022-11-23 16:12:46,568 INFO: Starting voice handshake... (connection attempt 1)
2022-11-23 16:12:46,874 INFO: Voice handshake complete. Endpoint found hongkong10003.discord.media
2022-11-23 16:12:51,178 INFO: ffmpeg process 1958 successfully terminated with return code of 0.
2022-11-23 16:12:53,946 INFO: ffmpeg process 1968 successfully terminated with return code of 0.
2022-11-23 16:12:54,958 INFO: The voice handshake is being terminated for Channel ID 728631391809437746 (Guild ID 428109526550708234)
2022-11-23 16:12:54,959 INFO: Disconnecting from voice normally, close code 1000.
2022-11-23 16:18:49,806 INFO: Lexor out 9又4分之8.7月台[123是什麼敷衍的名字]
2022-11-23 16:18:49,808 INFO: Connecting to voice...
2022-11-23 16:18:49,809 INFO: Starting voice handshake... (connection attempt 1)
2022-11-23 16:18:50,092 INFO: Voice handshake complete. Endpoint found hongkong10003.discord.media
2022-11-23 16:18:50,833 INFO: WeIrdnA out 9又4分之8.7月台[123是什麼敷衍的名字]
2022-11-23 16:18:52,744 INFO: ffmpeg process 1996 successfully terminated with return code of 0.
2022-11-23 16:18:53,143 INFO: MaiMai的Pool out 9又4分之8.7月台[123是什麼敷衍的名字]
2022-11-23 16:18:55,810 INFO: ffmpeg process 2006 successfully terminated with return code of 0.
2022-11-23 16:18:59,009 INFO: ffmpeg process 2016 successfully terminated with return code of 0.
2022-11-23 16:18:59,856 INFO: wawa的n out 9又4分之8.7月台[123是什麼敷衍的名字]
2022-11-23 16:19:02,010 INFO: ffmpeg process 2026 successfully terminated with return code of 0.
2022-11-23 16:19:03,036 INFO: The voice handshake is being terminated for Channel ID 728631391809437746 (Guild ID 428109526550708234)
2022-11-23 16:19:03,037 INFO: Disconnecting from voice normally, close code 1000.
2022-11-23 17:12:26,359 INFO: BunnyplayGG out 9又4分之8.7月台[123是什麼敷衍的名字]
2022-11-23 17:12:26,360 INFO: Connecting to voice...
2022-11-23 17:12:26,360 INFO: Starting voice handshake... (connection attempt 1)
2022-11-23 17:12:26,651 INFO: Voice handshake complete. Endpoint found hongkong10003.discord.media
2022-11-23 17:12:30,068 INFO: ffmpeg process 2124 successfully terminated with return code of 0.
2022-11-23 17:12:31,120 INFO: The voice handshake is being terminated for Channel ID 728631391809437746 (Guild ID 428109526550708234)
2022-11-23 17:12:31,122 INFO: Disconnecting from voice normally, close code 1000.
2022-11-23 17:12:36,437 INFO: Chi out 9又4分之8.7月台[123是什麼敷衍的名字]
2022-11-23 17:12:36,438 INFO: Connecting to voice...
2022-11-23 17:12:36,438 INFO: Starting voice handshake... (connection attempt 1)
2022-11-23 17:12:36,803 INFO: Voice handshake complete. Endpoint found hongkong10003.discord.media
2022-11-23 17:12:39,369 INFO: ffmpeg process 2135 successfully terminated with return code of 0.
2022-11-23 17:12:40,417 INFO: The voice handshake is being terminated for Channel ID 728631391809437746 (Guild ID 428109526550708234)
2022-11-23 17:12:40,418 INFO: Disconnecting from voice normally, close code 1000.
2022-11-23 17:12:52,748 INFO: louiskkk28 out 9又4分之8.7月台[123是什麼敷衍的名字]
2022-11-23 17:12:52,748 INFO: Connecting to voice...
2022-11-23 17:12:52,749 INFO: Starting voice handshake... (connection attempt 1)
2022-11-23 17:12:53,106 INFO: Voice handshake complete. Endpoint found hongkong10003.discord.media
2022-11-23 17:12:53,910 INFO: Fiven-chung out 9又4分之8.7月台[123是什麼敷衍的名字]
2022-11-23 17:12:57,927 INFO: ffmpeg process 2146 successfully terminated with return code of 0.
2022-11-23 17:13:00,916 INFO: ffmpeg process 2156 successfully terminated with return code of 0.
2022-11-23 17:13:02,014 INFO: The voice handshake is being terminated for Channel ID 728631391809437746 (Guild ID 428109526550708234)
2022-11-23 17:13:02,022 INFO: Disconnecting from voice normally, close code 1000.
2022-11-23 17:14:35,381 INFO: 貓嗷嗚飄飄大仙 out 9又4分之8.7月台[123是什麼敷衍的名字]
2022-11-23 17:14:35,381 INFO: Connecting to voice...
2022-11-23 17:14:35,382 INFO: Starting voice handshake... (connection attempt 1)
2022-11-23 17:14:35,570 INFO: Voice handshake complete. Endpoint found oregon10000.discord.media
2022-11-23 17:14:38,260 INFO: ffmpeg process 2167 successfully terminated with return code of 0.
2022-11-23 17:14:39,341 INFO: The voice handshake is being terminated for Channel ID 728631391809437746 (Guild ID 428109526550708234)
2022-11-23 17:14:39,342 INFO: Disconnecting from voice normally, close code 1000.
2022-11-23 18:11:35,364 INFO: Shard ID None has successfully RESUMED session 68e4dd087b0f9fd59ca5847dc7292a28.
2022-11-23 20:16:13,647 INFO: Shard ID None has successfully RESUMED session 68e4dd087b0f9fd59ca5847dc7292a28.
2022-11-23 23:07:54,863 INFO: Shard ID None has successfully RESUMED session 68e4dd087b0f9fd59ca5847dc7292a28.
2022-11-23 23:40:06,586 INFO: Shard ID None has successfully RESUMED session 68e4dd087b0f9fd59ca5847dc7292a28.
