2022-07-14 22:21:05,111 INFO: logging in using static token
2022-07-14 22:21:05,206 INFO: Cleaning up tasks.
2022-07-14 22:21:05,206 INFO: Closing the event loop.
2022-07-14 22:27:09,018 INFO: logging in using static token
2022-07-14 22:27:09,090 INFO: Cleaning up tasks.
2022-07-14 22:27:09,091 INFO: Closing the event loop.
2022-07-14 22:42:09,578 INFO: logging in using static token
2022-07-14 22:42:09,647 INFO: Cleaning up tasks.
2022-07-14 22:42:09,647 INFO: Closing the event loop.
2022-07-14 22:57:09,686 INFO: logging in using static token
2022-07-14 22:57:09,952 INFO: Shard ID None has sent the IDENTIFY payload.
2022-07-14 22:57:10,092 INFO: Shard ID None has connected to Gateway: ["gateway-prd-main-vz3w",{"micros":91989,"calls":["discord-sessions-green-prd-2-79",{"micros":88474,"calls":["start_session",{"micros":44652,"calls":["discord-api-59b755fb6d-7pzpz",{"micros":39407,"calls":["get_user",{"micros":8276},"add_authorized_ip",{"micros":1682},"get_guilds",{"micros":4651},"coros_wait",{"micros":2}]}]},"guilds_connect",{"micros":2,"calls":[]},"presence_connect",{"micros":9432,"calls":[]}]}]}] (Session ID: 797ad3b256faa06fc1ced544f9ebd538).
2022-07-14 22:57:12,126 INFO: 目前登入身份：神奇海螺#3847
2022-07-14 23:22:06,439 INFO: Got a request to RESUME the websocket.
2022-07-14 23:22:06,613 INFO: Shard ID None has sent the RESUME payload.
2022-07-14 23:22:06,654 INFO: Shard ID None has successfully RESUMED session 797ad3b256faa06fc1ced544f9ebd538 under trace ["gateway-prd-main-7lfj",{"micros":914,"calls":["discord-sessions-green-prd-2-79",{"micros":20}]}].
2022-07-15 01:31:42,076 INFO: Got a request to RESUME the websocket.
2022-07-15 01:31:42,283 INFO: Shard ID None has sent the RESUME payload.
2022-07-15 01:31:42,327 INFO: Shard ID None has successfully RESUMED session 797ad3b256faa06fc1ced544f9ebd538 under trace ["gateway-prd-main-j960",{"micros":514,"calls":["discord-sessions-green-prd-2-79",{"micros":17}]}].
2022-07-15 01:48:00,910 INFO: logging in using static token
2022-07-15 01:48:01,243 INFO: Shard ID None has sent the IDENTIFY payload.
2022-07-15 01:48:01,459 INFO: Shard ID None has connected to Gateway: ["gateway-prd-main-5qqw",{"micros":164822,"calls":["discord-sessions-green-prd-2-56",{"micros":163850,"calls":["start_session",{"micros":108971,"calls":["discord-api-5bbbc7b7fd-8xwlk",{"micros":101538,"calls":["get_user",{"micros":19624},"add_authorized_ip",{"micros":14974},"get_guilds",{"micros":16109},"coros_wait",{"micros":1}]}]},"guilds_connect",{"micros":2,"calls":[]},"presence_connect",{"micros":32331,"calls":[]}]}]}] (Session ID: 9e6a6f406f2ecfa6ebafe9b67a826629).
2022-07-15 01:48:03,526 INFO: 目前登入身份：神奇海螺#3847
2022-07-15 04:13:04,552 INFO: Got a request to RESUME the websocket.
2022-07-15 04:13:04,715 INFO: Shard ID None has sent the RESUME payload.
2022-07-15 04:13:04,755 INFO: Shard ID None has successfully RESUMED session 9e6a6f406f2ecfa6ebafe9b67a826629 under trace ["gateway-prd-main-bsdx",{"micros":672,"calls":["discord-sessions-green-prd-2-56",{"micros":18}]}].
2022-07-15 04:59:48,102 INFO: logging in using static token
2022-07-15 04:59:48,370 INFO: Shard ID None has sent the IDENTIFY payload.
2022-07-15 04:59:48,547 INFO: Shard ID None has connected to Gateway: ["gateway-prd-main-zk29",{"micros":139191,"calls":["discord-sessions-green-prd-2-114",{"micros":137553,"calls":["start_session",{"micros":36190,"calls":["discord-api-5bbbc7b7fd-kllv4",{"micros":32294,"calls":["get_user",{"micros":8107},"add_authorized_ip",{"micros":1441},"get_guilds",{"micros":6237},"coros_wait",{"micros":1}]}]},"guilds_connect",{"micros":2,"calls":[]},"presence_connect",{"micros":23102,"calls":[]}]}]}] (Session ID: 8c3010c033493f543cccff0f6f3ed112).
2022-07-15 04:59:50,597 INFO: 目前登入身份：神奇海螺#3847
2022-07-15 06:28:49,261 INFO: Lexor in 9又4分之8.7月台[打不出幹話就講出來啊]
2022-07-15 06:28:49,286 INFO: Connecting to voice...
2022-07-15 06:28:49,286 INFO: Starting voice handshake... (connection attempt 1)
2022-07-15 06:28:50,037 INFO: Voice handshake complete. Endpoint found hongkong8073.discord.media
2022-07-15 06:28:50,232 ERROR: Exception occurred during Voice Protocol voice server update handler
Traceback (most recent call last):
  File "/opt/virtualenvs/python3/lib/python3.8/site-packages/discord/state.py", line 102, in logging_coroutine
    await coroutine
  File "/opt/virtualenvs/python3/lib/python3.8/site-packages/discord/voice_client.py", line 295, in on_voice_server_update
    await self.ws.close(4000)
AttributeError: 'NoneType' object has no attribute 'close'
2022-07-15 06:28:51,144 INFO: selected the voice protocol for use (xsalsa20_poly1305_lite)
2022-07-15 06:28:51,368 INFO: received secret key for voice connection
2022-07-15 06:28:53,773 INFO: Preparing to terminate ffmpeg process 386.
2022-07-15 06:28:53,774 INFO: ffmpeg process 386 successfully terminated with return code of 0.
2022-07-15 06:28:55,924 INFO: Preparing to terminate ffmpeg process 397.
2022-07-15 06:28:55,924 INFO: ffmpeg process 397 successfully terminated with return code of 0.
2022-07-15 06:28:56,930 INFO: The voice handshake is being terminated for Channel ID 428109526550708238 (Guild ID 428109526550708234)
2022-07-15 06:28:56,930 INFO: Disconnecting from voice normally, close code 1000.
2022-07-15 06:31:08,879 INFO: MaiMai的Pool in 9又4分之8.7月台[打不出幹話就講出來啊]
2022-07-15 06:31:08,897 INFO: Connecting to voice...
2022-07-15 06:31:08,897 INFO: Starting voice handshake... (connection attempt 1)
2022-07-15 06:31:09,859 INFO: Voice handshake complete. Endpoint found hongkong8073.discord.media
2022-07-15 06:31:10,951 INFO: selected the voice protocol for use (xsalsa20_poly1305_lite)
2022-07-15 06:31:11,170 INFO: received secret key for voice connection
2022-07-15 06:31:13,459 INFO: Preparing to terminate ffmpeg process 408.
2022-07-15 06:31:13,459 INFO: ffmpeg process 408 successfully terminated with return code of 0.
2022-07-15 06:31:15,460 INFO: Preparing to terminate ffmpeg process 418.
2022-07-15 06:31:15,461 INFO: ffmpeg process 418 successfully terminated with return code of 0.
2022-07-15 06:31:16,502 INFO: The voice handshake is being terminated for Channel ID 428109526550708238 (Guild ID 428109526550708234)
2022-07-15 06:31:16,503 INFO: Disconnecting from voice normally, close code 1000.
2022-07-15 07:19:33,047 INFO: MaiMai的Pool out 9又4分之8.7月台[打不出幹話就講出來啊]
2022-07-15 07:19:33,051 INFO: Connecting to voice...
2022-07-15 07:19:33,051 INFO: Starting voice handshake... (connection attempt 1)
2022-07-15 07:19:34,033 INFO: Voice handshake complete. Endpoint found hongkong8073.discord.media
2022-07-15 07:19:35,161 INFO: selected the voice protocol for use (xsalsa20_poly1305_lite)
2022-07-15 07:19:35,397 INFO: received secret key for voice connection
2022-07-15 07:19:36,889 INFO: MaiMai的Pool in 9又4分之8.7月台[打不出幹話就講出來啊]
2022-07-15 07:19:37,504 INFO: Preparing to terminate ffmpeg process 550.
2022-07-15 07:19:37,505 INFO: ffmpeg process 550 successfully terminated with return code of 0.
2022-07-15 07:19:40,799 INFO: Preparing to terminate ffmpeg process 560.
2022-07-15 07:19:40,800 INFO: ffmpeg process 560 successfully terminated with return code of 0.
2022-07-15 07:19:43,113 INFO: Preparing to terminate ffmpeg process 570.
2022-07-15 07:19:43,114 INFO: ffmpeg process 570 successfully terminated with return code of 0.
2022-07-15 07:19:44,139 INFO: The voice handshake is being terminated for Channel ID 428109526550708238 (Guild ID 428109526550708234)
2022-07-15 07:19:44,140 INFO: Disconnecting from voice normally, close code 1000.
2022-07-15 07:47:39,592 INFO: Connecting to voice...
2022-07-15 07:47:39,592 INFO: Starting voice handshake... (connection attempt 1)
2022-07-15 07:47:40,360 INFO: Voice handshake complete. Endpoint found hongkong1029.discord.media
2022-07-15 07:47:40,570 ERROR: Exception occurred during Voice Protocol voice server update handler
Traceback (most recent call last):
  File "/opt/virtualenvs/python3/lib/python3.8/site-packages/discord/state.py", line 102, in logging_coroutine
    await coroutine
  File "/opt/virtualenvs/python3/lib/python3.8/site-packages/discord/voice_client.py", line 295, in on_voice_server_update
    await self.ws.close(4000)
AttributeError: 'NoneType' object has no attribute 'close'
2022-07-15 07:47:41,457 INFO: selected the voice protocol for use (xsalsa20_poly1305_lite)
2022-07-15 07:47:41,685 INFO: received secret key for voice connection
2022-07-15 07:47:42,424 INFO: 神奇海螺 in 9又4分之8.7月台[打不出幹話就講出來啊]
2022-07-15 07:47:47,034 INFO: Preparing to terminate ffmpeg process 640.
2022-07-15 07:47:47,035 INFO: ffmpeg process 640 successfully terminated with return code of 0.
2022-07-15 07:47:47,201 INFO: KyrieR in 9又4分之8.7月台[打不出幹話就講出來啊]
2022-07-15 07:47:48,122 INFO: The voice handshake is being terminated for Channel ID 997409095399251968 (Guild ID 428109526550708234)
2022-07-15 07:47:48,123 INFO: Connecting to voice...
2022-07-15 07:47:48,123 INFO: Starting voice handshake... (connection attempt 1)
2022-07-15 07:47:48,124 INFO: Disconnecting from voice normally, close code 1000.
2022-07-15 07:47:48,396 INFO: Voice handshake complete. Endpoint found hongkong8073.discord.media
2022-07-15 07:47:49,482 INFO: selected the voice protocol for use (xsalsa20_poly1305_lite)
2022-07-15 07:47:49,697 INFO: received secret key for voice connection
2022-07-15 07:47:52,048 INFO: Preparing to terminate ffmpeg process 651.
2022-07-15 07:47:52,048 INFO: ffmpeg process 651 successfully terminated with return code of 0.
2022-07-15 07:47:55,102 INFO: Preparing to terminate ffmpeg process 661.
2022-07-15 07:47:55,103 INFO: ffmpeg process 661 successfully terminated with return code of 0.
2022-07-15 07:47:58,737 INFO: Preparing to terminate ffmpeg process 671.
2022-07-15 07:47:58,737 INFO: ffmpeg process 671 successfully terminated with return code of 0.
2022-07-15 07:48:01,414 INFO: Preparing to terminate ffmpeg process 681.
2022-07-15 07:48:01,414 INFO: ffmpeg process 681 successfully terminated with return code of 0.
2022-07-15 07:48:02,460 INFO: The voice handshake is being terminated for Channel ID 428109526550708238 (Guild ID 428109526550708234)
2022-07-15 07:48:02,461 INFO: Disconnecting from voice normally, close code 1000.
2022-07-15 08:24:43,305 INFO: vincentchao in 9又4分之8.7月台[打不出幹話就講出來啊]
2022-07-15 08:24:44,218 INFO: Connecting to voice...
2022-07-15 08:24:44,218 INFO: Starting voice handshake... (connection attempt 1)
2022-07-15 08:24:44,474 INFO: Voice handshake complete. Endpoint found hongkong8073.discord.media
2022-07-15 08:24:45,562 INFO: selected the voice protocol for use (xsalsa20_poly1305_lite)
2022-07-15 08:24:45,780 INFO: received secret key for voice connection
2022-07-15 08:24:47,968 INFO: Preparing to terminate ffmpeg process 812.
2022-07-15 08:24:47,981 INFO: ffmpeg process 812 successfully terminated with return code of 0.
2022-07-15 08:24:50,169 INFO: Preparing to terminate ffmpeg process 822.
2022-07-15 08:24:50,170 INFO: ffmpeg process 822 successfully terminated with return code of 0.
2022-07-15 08:24:51,215 INFO: The voice handshake is being terminated for Channel ID 428109526550708238 (Guild ID 428109526550708234)
2022-07-15 08:24:51,215 INFO: Disconnecting from voice normally, close code 1000.
2022-07-15 08:34:48,914 INFO: vincentchao out 9又4分之8.7月台[打不出幹話就講出來啊]
2022-07-15 08:34:48,915 INFO: Connecting to voice...
2022-07-15 08:34:48,915 INFO: Starting voice handshake... (connection attempt 1)
2022-07-15 08:34:49,752 INFO: Voice handshake complete. Endpoint found hongkong8073.discord.media
2022-07-15 08:34:50,836 INFO: selected the voice protocol for use (xsalsa20_poly1305_lite)
2022-07-15 08:34:51,049 INFO: received secret key for voice connection
2022-07-15 08:34:53,060 INFO: Preparing to terminate ffmpeg process 864.
2022-07-15 08:34:53,060 INFO: ffmpeg process 864 successfully terminated with return code of 0.
2022-07-15 08:34:54,068 INFO: The voice handshake is being terminated for Channel ID 428109526550708238 (Guild ID 428109526550708234)
2022-07-15 08:34:54,069 INFO: Disconnecting from voice normally, close code 1000.
2022-07-15 08:52:18,713 INFO: Got a request to RESUME the websocket.
2022-07-15 08:52:18,881 INFO: Shard ID None has sent the RESUME payload.
2022-07-15 08:52:18,919 INFO: Shard ID None has successfully RESUMED session 8c3010c033493f543cccff0f6f3ed112 under trace ["gateway-prd-main-hdvj",{"micros":591,"calls":["discord-sessions-green-prd-2-114",{"micros":15}]}].
2022-07-15 09:56:32,267 INFO: KyrieR out 9又4分之8.7月台[打不出幹話就講出來啊]
2022-07-15 09:56:32,268 INFO: Connecting to voice...
2022-07-15 09:56:32,268 INFO: Starting voice handshake... (connection attempt 1)
2022-07-15 09:56:33,260 INFO: Voice handshake complete. Endpoint found hongkong8073.discord.media
2022-07-15 09:56:34,330 INFO: selected the voice protocol for use (xsalsa20_poly1305_lite)
2022-07-15 09:56:34,541 INFO: received secret key for voice connection
2022-07-15 09:56:36,353 INFO: Preparing to terminate ffmpeg process 1085.
2022-07-15 09:56:36,354 INFO: ffmpeg process 1085 successfully terminated with return code of 0.
2022-07-15 09:56:37,358 INFO: The voice handshake is being terminated for Channel ID 428109526550708238 (Guild ID 428109526550708234)
2022-07-15 09:56:37,358 INFO: Disconnecting from voice normally, close code 1000.
2022-07-15 09:57:00,559 INFO: Lexor out 9又4分之8.7月台[打不出幹話就講出來啊]
2022-07-15 09:57:00,560 INFO: Connecting to voice...
2022-07-15 09:57:00,560 INFO: Starting voice handshake... (connection attempt 1)
2022-07-15 09:57:00,943 INFO: Voice handshake complete. Endpoint found hongkong8073.discord.media
2022-07-15 09:57:02,021 INFO: selected the voice protocol for use (xsalsa20_poly1305_lite)
2022-07-15 09:57:02,234 INFO: received secret key for voice connection
2022-07-15 09:57:03,924 INFO: Preparing to terminate ffmpeg process 1096.
2022-07-15 09:57:03,925 INFO: ffmpeg process 1096 successfully terminated with return code of 0.
2022-07-15 09:57:04,957 INFO: The voice handshake is being terminated for Channel ID 428109526550708238 (Guild ID 428109526550708234)
2022-07-15 09:57:04,957 INFO: Disconnecting from voice normally, close code 1000.
2022-07-15 10:19:18,904 INFO: wawa的n in 9又4分之8.7月台[打不出幹話就講出來啊]
2022-07-15 10:19:18,922 INFO: Connecting to voice...
2022-07-15 10:19:18,922 INFO: Starting voice handshake... (connection attempt 1)
2022-07-15 10:19:19,258 INFO: Voice handshake complete. Endpoint found hongkong8073.discord.media
2022-07-15 10:19:20,354 INFO: selected the voice protocol for use (xsalsa20_poly1305_lite)
2022-07-15 10:19:20,596 INFO: received secret key for voice connection
2022-07-15 10:19:23,264 INFO: Preparing to terminate ffmpeg process 1169.
2022-07-15 10:19:23,265 INFO: ffmpeg process 1169 successfully terminated with return code of 0.
2022-07-15 10:19:25,460 INFO: Preparing to terminate ffmpeg process 1179.
2022-07-15 10:19:25,461 INFO: ffmpeg process 1179 successfully terminated with return code of 0.
2022-07-15 10:19:26,526 INFO: The voice handshake is being terminated for Channel ID 428109526550708238 (Guild ID 428109526550708234)
2022-07-15 10:19:26,526 INFO: Disconnecting from voice normally, close code 1000.
2022-07-15 11:13:56,891 INFO: Got a request to RESUME the websocket.
2022-07-15 11:13:57,048 INFO: Shard ID None has sent the RESUME payload.
2022-07-15 11:13:57,087 INFO: Shard ID None has successfully RESUMED session 8c3010c033493f543cccff0f6f3ed112 under trace ["gateway-prd-main-h74v",{"micros":593,"calls":["discord-sessions-green-prd-2-114",{"micros":17}]}].
2022-07-15 11:44:11,001 INFO: Got a request to RESUME the websocket.
2022-07-15 11:44:11,160 INFO: Shard ID None has sent the RESUME payload.
2022-07-15 11:44:11,223 INFO: Shard ID None has successfully RESUMED session 8c3010c033493f543cccff0f6f3ed112 under trace ["gateway-prd-main-9hl9",{"micros":578,"calls":["discord-sessions-green-prd-2-114",{"micros":35}]}].
2022-07-15 12:22:19,197 INFO: Lexor in 9又4分之8.7月台[打不出幹話就講出來啊]
2022-07-15 12:22:19,226 INFO: Connecting to voice...
2022-07-15 12:22:19,226 INFO: Starting voice handshake... (connection attempt 1)
2022-07-15 12:22:20,112 INFO: Voice handshake complete. Endpoint found hongkong8073.discord.media
2022-07-15 12:22:21,185 INFO: selected the voice protocol for use (xsalsa20_poly1305_lite)
2022-07-15 12:22:21,402 INFO: received secret key for voice connection
2022-07-15 12:22:23,272 INFO: Preparing to terminate ffmpeg process 1523.
2022-07-15 12:22:23,273 INFO: ffmpeg process 1523 successfully terminated with return code of 0.
2022-07-15 12:22:25,999 INFO: Preparing to terminate ffmpeg process 1533.
2022-07-15 12:22:26,000 INFO: ffmpeg process 1533 successfully terminated with return code of 0.
2022-07-15 12:22:27,049 INFO: The voice handshake is being terminated for Channel ID 428109526550708238 (Guild ID 428109526550708234)
2022-07-15 12:22:27,050 INFO: Disconnecting from voice normally, close code 1000.
2022-07-15 12:23:12,445 INFO: wawa的n out 9又4分之8.7月台[打不出幹話就講出來啊]
2022-07-15 12:23:12,446 INFO: Connecting to voice...
2022-07-15 12:23:12,446 INFO: Starting voice handshake... (connection attempt 1)
2022-07-15 12:23:12,861 INFO: Voice handshake complete. Endpoint found hongkong8073.discord.media
2022-07-15 12:23:13,985 INFO: selected the voice protocol for use (xsalsa20_poly1305_lite)
2022-07-15 12:23:14,213 INFO: received secret key for voice connection
2022-07-15 12:23:15,052 INFO: wawa的n in 9又4分之8.7月台[打不出幹話就講出來啊]
2022-07-15 12:23:16,202 INFO: Preparing to terminate ffmpeg process 1544.
2022-07-15 12:23:16,203 INFO: ffmpeg process 1544 successfully terminated with return code of 0.
2022-07-15 12:23:19,901 INFO: Preparing to terminate ffmpeg process 1554.
2022-07-15 12:23:19,902 INFO: ffmpeg process 1554 successfully terminated with return code of 0.
2022-07-15 12:23:23,322 INFO: Preparing to terminate ffmpeg process 1564.
2022-07-15 12:23:23,323 INFO: ffmpeg process 1564 successfully terminated with return code of 0.
2022-07-15 12:23:24,378 INFO: The voice handshake is being terminated for Channel ID 428109526550708238 (Guild ID 428109526550708234)
2022-07-15 12:23:24,379 INFO: Disconnecting from voice normally, close code 1000.
2022-07-15 12:30:45,886 INFO: Lexor out 9又4分之8.7月台[打不出幹話就講出來啊]
2022-07-15 12:30:45,887 INFO: Connecting to voice...
2022-07-15 12:30:45,887 INFO: Starting voice handshake... (connection attempt 1)
2022-07-15 12:30:46,873 INFO: Voice handshake complete. Endpoint found hongkong8073.discord.media
2022-07-15 12:30:47,980 INFO: selected the voice protocol for use (xsalsa20_poly1305_lite)
2022-07-15 12:30:48,198 INFO: received secret key for voice connection
2022-07-15 12:30:48,466 INFO: Lexor in 9又4分之8.7月台[打不出幹話就講出來啊]
2022-07-15 12:30:49,892 INFO: Preparing to terminate ffmpeg process 1637.
2022-07-15 12:30:49,892 INFO: ffmpeg process 1637 successfully terminated with return code of 0.
2022-07-15 12:30:52,791 INFO: Preparing to terminate ffmpeg process 1647.
2022-07-15 12:30:52,792 INFO: ffmpeg process 1647 successfully terminated with return code of 0.
2022-07-15 12:30:54,947 INFO: Preparing to terminate ffmpeg process 1657.
2022-07-15 12:30:54,948 INFO: ffmpeg process 1657 successfully terminated with return code of 0.
2022-07-15 12:30:55,952 INFO: The voice handshake is being terminated for Channel ID 428109526550708238 (Guild ID 428109526550708234)
2022-07-15 12:30:55,953 INFO: Disconnecting from voice normally, close code 1000.
2022-07-15 12:48:45,543 INFO: BunnyplayGG in 9又4分之8.7月台[打不出幹話就講出來啊]
2022-07-15 12:48:45,580 INFO: Connecting to voice...
2022-07-15 12:48:45,581 INFO: Starting voice handshake... (connection attempt 1)
2022-07-15 12:48:45,883 INFO: Voice handshake complete. Endpoint found hongkong8073.discord.media
2022-07-15 12:48:46,962 INFO: selected the voice protocol for use (xsalsa20_poly1305_lite)
2022-07-15 12:48:47,175 INFO: received secret key for voice connection
2022-07-15 12:48:49,574 INFO: Preparing to terminate ffmpeg process 1699.
2022-07-15 12:48:49,574 INFO: ffmpeg process 1699 successfully terminated with return code of 0.
2022-07-15 12:48:52,591 INFO: Preparing to terminate ffmpeg process 1709.
2022-07-15 12:48:52,592 INFO: ffmpeg process 1709 successfully terminated with return code of 0.
2022-07-15 12:48:53,622 INFO: The voice handshake is being terminated for Channel ID 428109526550708238 (Guild ID 428109526550708234)
2022-07-15 12:48:53,622 INFO: Disconnecting from voice normally, close code 1000.
2022-07-15 12:52:11,537 INFO: wawa的n out 9又4分之8.7月台[打不出幹話就講出來啊]
2022-07-15 12:52:11,538 INFO: Connecting to voice...
2022-07-15 12:52:11,538 INFO: Starting voice handshake... (connection attempt 1)
2022-07-15 12:52:12,531 INFO: Voice handshake complete. Endpoint found hongkong8073.discord.media
2022-07-15 12:52:13,631 INFO: selected the voice protocol for use (xsalsa20_poly1305_lite)
2022-07-15 12:52:13,856 INFO: received secret key for voice connection
2022-07-15 12:52:15,846 INFO: Preparing to terminate ffmpeg process 1720.
2022-07-15 12:52:15,847 INFO: ffmpeg process 1720 successfully terminated with return code of 0.
2022-07-15 12:52:16,876 INFO: The voice handshake is being terminated for Channel ID 428109526550708238 (Guild ID 428109526550708234)
2022-07-15 12:52:16,877 INFO: Disconnecting from voice normally, close code 1000.
2022-07-15 12:54:47,280 INFO: wawa的n in 9又4分之8.7月台[打不出幹話就講出來啊]
2022-07-15 12:54:47,328 INFO: Connecting to voice...
2022-07-15 12:54:47,328 INFO: Starting voice handshake... (connection attempt 1)
2022-07-15 12:54:48,235 INFO: Voice handshake complete. Endpoint found hongkong8073.discord.media
2022-07-15 12:54:49,331 INFO: selected the voice protocol for use (xsalsa20_poly1305_lite)
2022-07-15 12:54:49,543 INFO: received secret key for voice connection
2022-07-15 12:54:51,696 INFO: Preparing to terminate ffmpeg process 1731.
2022-07-15 12:54:51,697 INFO: ffmpeg process 1731 successfully terminated with return code of 0.
2022-07-15 12:54:54,033 INFO: Preparing to terminate ffmpeg process 1741.
2022-07-15 12:54:54,034 INFO: ffmpeg process 1741 successfully terminated with return code of 0.
2022-07-15 12:54:55,080 INFO: The voice handshake is being terminated for Channel ID 428109526550708238 (Guild ID 428109526550708234)
2022-07-15 12:54:55,081 INFO: Disconnecting from voice normally, close code 1000.
2022-07-15 12:58:45,556 INFO: 影子哥哥 in 9又4分之8.7月台[打不出幹話就講出來啊]
2022-07-15 12:58:45,586 INFO: Connecting to voice...
2022-07-15 12:58:45,587 INFO: Starting voice handshake... (connection attempt 1)
2022-07-15 12:58:45,850 INFO: Voice handshake complete. Endpoint found hongkong8073.discord.media
2022-07-15 12:58:46,928 INFO: selected the voice protocol for use (xsalsa20_poly1305_lite)
2022-07-15 12:58:47,141 INFO: received secret key for voice connection
2022-07-15 12:58:49,354 INFO: Preparing to terminate ffmpeg process 1781.
2022-07-15 12:58:49,354 INFO: ffmpeg process 1781 successfully terminated with return code of 0.
2022-07-15 12:58:51,913 INFO: Preparing to terminate ffmpeg process 1791.
2022-07-15 12:58:51,914 INFO: ffmpeg process 1791 successfully terminated with return code of 0.
2022-07-15 12:58:52,981 INFO: The voice handshake is being terminated for Channel ID 428109526550708238 (Guild ID 428109526550708234)
2022-07-15 12:58:52,982 INFO: Disconnecting from voice normally, close code 1000.
2022-07-15 14:21:34,275 INFO: Got a request to RESUME the websocket.
2022-07-15 14:21:34,456 INFO: Shard ID None has sent the RESUME payload.
2022-07-15 14:21:34,501 INFO: Shard ID None has successfully RESUMED session 8c3010c033493f543cccff0f6f3ed112 under trace ["gateway-prd-main-zn48",{"micros":661,"calls":["discord-sessions-green-prd-2-114",{"micros":20}]}].
2022-07-15 14:46:41,157 INFO: 影子哥哥 out 9又4分之8.7月台[打不出幹話就講出來啊]
2022-07-15 14:46:41,157 INFO: Connecting to voice...
2022-07-15 14:46:41,157 INFO: Starting voice handshake... (connection attempt 1)
2022-07-15 14:46:42,090 INFO: Voice handshake complete. Endpoint found hongkong8073.discord.media
2022-07-15 14:46:43,186 INFO: selected the voice protocol for use (xsalsa20_poly1305_lite)
2022-07-15 14:46:43,401 INFO: received secret key for voice connection
2022-07-15 14:46:45,428 INFO: Preparing to terminate ffmpeg process 2080.
2022-07-15 14:46:45,429 INFO: ffmpeg process 2080 successfully terminated with return code of 0.
2022-07-15 14:46:46,517 INFO: The voice handshake is being terminated for Channel ID 428109526550708238 (Guild ID 428109526550708234)
2022-07-15 14:46:46,517 INFO: Disconnecting from voice normally, close code 1000.
2022-07-15 14:46:55,702 INFO: Lexor out 9又4分之8.7月台[打不出幹話就講出來啊]
2022-07-15 14:46:55,702 INFO: Connecting to voice...
2022-07-15 14:46:55,702 INFO: Starting voice handshake... (connection attempt 1)
2022-07-15 14:46:56,103 INFO: Voice handshake complete. Endpoint found hongkong8073.discord.media
2022-07-15 14:46:57,214 INFO: selected the voice protocol for use (xsalsa20_poly1305_lite)
2022-07-15 14:46:57,438 INFO: received secret key for voice connection
2022-07-15 14:46:59,128 INFO: Preparing to terminate ffmpeg process 2091.
2022-07-15 14:46:59,128 INFO: ffmpeg process 2091 successfully terminated with return code of 0.
2022-07-15 14:47:00,154 INFO: The voice handshake is being terminated for Channel ID 428109526550708238 (Guild ID 428109526550708234)
2022-07-15 14:47:00,155 INFO: Disconnecting from voice normally, close code 1000.
2022-07-15 14:47:28,831 INFO: Fiven-chung in 9又4分之8.7月台[打不出幹話就講出來啊]
2022-07-15 14:47:28,855 INFO: Connecting to voice...
2022-07-15 14:47:28,855 INFO: Starting voice handshake... (connection attempt 1)
2022-07-15 14:47:29,205 INFO: Voice handshake complete. Endpoint found hongkong8073.discord.media
2022-07-15 14:47:30,293 INFO: selected the voice protocol for use (xsalsa20_poly1305_lite)
2022-07-15 14:47:30,517 INFO: received secret key for voice connection
2022-07-15 14:47:32,386 INFO: Preparing to terminate ffmpeg process 2102.
2022-07-15 14:47:32,386 INFO: ffmpeg process 2102 successfully terminated with return code of 0.
2022-07-15 14:47:34,545 INFO: Preparing to terminate ffmpeg process 2112.
2022-07-15 14:47:34,546 INFO: ffmpeg process 2112 successfully terminated with return code of 0.
2022-07-15 14:47:35,549 INFO: The voice handshake is being terminated for Channel ID 428109526550708238 (Guild ID 428109526550708234)
2022-07-15 14:47:35,549 INFO: Disconnecting from voice normally, close code 1000.
2022-07-15 16:16:23,271 INFO: Lexor in 9又4分之8.7月台[打不出幹話就講出來啊]
2022-07-15 16:16:23,285 INFO: Connecting to voice...
2022-07-15 16:16:23,286 INFO: Starting voice handshake... (connection attempt 1)
2022-07-15 16:16:24,238 INFO: Voice handshake complete. Endpoint found hongkong8073.discord.media
2022-07-15 16:16:25,324 INFO: selected the voice protocol for use (xsalsa20_poly1305_lite)
2022-07-15 16:16:25,550 INFO: received secret key for voice connection
2022-07-15 16:16:28,821 INFO: Preparing to terminate ffmpeg process 2365.
2022-07-15 16:16:28,821 INFO: ffmpeg process 2365 successfully terminated with return code of 0.
2022-07-15 16:16:32,260 INFO: Preparing to terminate ffmpeg process 2375.
2022-07-15 16:16:32,261 INFO: ffmpeg process 2375 successfully terminated with return code of 0.
2022-07-15 16:16:34,275 INFO: Preparing to terminate ffmpeg process 2385.
2022-07-15 16:16:34,276 INFO: ffmpeg process 2385 successfully terminated with return code of 0.
2022-07-15 16:16:35,302 INFO: The voice handshake is being terminated for Channel ID 428109526550708238 (Guild ID 428109526550708234)
2022-07-15 16:16:35,302 INFO: Disconnecting from voice normally, close code 1000.
2022-07-15 16:16:42,882 INFO: Lexor out 9又4分之8.7月台[打不出幹話就講出來啊]
2022-07-15 16:16:42,882 INFO: Connecting to voice...
2022-07-15 16:16:42,882 INFO: Starting voice handshake... (connection attempt 1)
2022-07-15 16:16:43,271 INFO: Voice handshake complete. Endpoint found hongkong8073.discord.media
2022-07-15 16:16:44,357 INFO: selected the voice protocol for use (xsalsa20_poly1305_lite)
2022-07-15 16:16:44,577 INFO: received secret key for voice connection
2022-07-15 16:16:46,265 INFO: Preparing to terminate ffmpeg process 2396.
2022-07-15 16:16:46,266 INFO: ffmpeg process 2396 successfully terminated with return code of 0.
2022-07-15 16:16:47,292 INFO: The voice handshake is being terminated for Channel ID 428109526550708238 (Guild ID 428109526550708234)
2022-07-15 16:16:47,293 INFO: Disconnecting from voice normally, close code 1000.
2022-07-15 16:21:02,583 INFO: Got a request to RESUME the websocket.
2022-07-15 16:21:02,785 INFO: Shard ID None has sent the RESUME payload.
2022-07-15 16:21:02,832 INFO: Shard ID None has successfully RESUMED session 8c3010c033493f543cccff0f6f3ed112 under trace ["gateway-prd-main-509l",{"micros":4752,"calls":["discord-sessions-green-prd-2-114",{"micros":25}]}].
2022-07-15 16:32:36,215 INFO: Websocket closed with 1006, attempting a reconnect.
2022-07-15 16:32:36,215 INFO: Got a request to RESUME the websocket.
2022-07-15 16:32:36,427 INFO: Shard ID None has sent the RESUME payload.
2022-07-15 16:32:36,482 INFO: Shard ID None has successfully RESUMED session 8c3010c033493f543cccff0f6f3ed112 under trace ["gateway-prd-main-93bs",{"micros":16264,"calls":["discord-sessions-green-prd-2-114",{"micros":19}]}].
2022-07-15 16:45:10,091 INFO: BunnyplayGG out 9又4分之8.7月台[打不出幹話就講出來啊]
2022-07-15 16:45:10,091 INFO: Connecting to voice...
2022-07-15 16:45:10,092 INFO: Starting voice handshake... (connection attempt 1)
2022-07-15 16:45:10,498 INFO: Voice handshake complete. Endpoint found hongkong8073.discord.media
2022-07-15 16:45:10,523 INFO: wawa的n out 9又4分之8.7月台[打不出幹話就講出來啊]
2022-07-15 16:45:10,810 INFO: MaiMai的Pool out 9又4分之8.7月台[打不出幹話就講出來啊]
2022-07-15 16:45:10,824 INFO: Fiven-chung out 9又4分之8.7月台[打不出幹話就講出來啊]
2022-07-15 16:45:11,649 INFO: selected the voice protocol for use (xsalsa20_poly1305_lite)
2022-07-15 16:45:11,867 INFO: received secret key for voice connection
2022-07-15 16:45:14,234 INFO: Preparing to terminate ffmpeg process 2470.
2022-07-15 16:45:14,235 INFO: ffmpeg process 2470 successfully terminated with return code of 0.
2022-07-15 16:45:17,271 INFO: Preparing to terminate ffmpeg process 2480.
2022-07-15 16:45:17,272 INFO: ffmpeg process 2480 successfully terminated with return code of 0.
2022-07-15 16:45:20,413 INFO: Preparing to terminate ffmpeg process 2490.
2022-07-15 16:45:20,417 INFO: ffmpeg process 2490 successfully terminated with return code of 0.
2022-07-15 16:45:23,354 INFO: Preparing to terminate ffmpeg process 2500.
2022-07-15 16:45:23,355 INFO: ffmpeg process 2500 successfully terminated with return code of 0.
2022-07-15 16:45:24,445 INFO: The voice handshake is being terminated for Channel ID 428109526550708238 (Guild ID 428109526550708234)
2022-07-15 16:45:24,445 INFO: Disconnecting from voice normally, close code 1000.
2022-07-15 17:09:34,886 INFO: Websocket closed with 1006, attempting a reconnect.
2022-07-15 17:09:34,886 INFO: Got a request to RESUME the websocket.
2022-07-15 17:09:35,115 INFO: Shard ID None has sent the RESUME payload.
2022-07-15 17:09:35,160 INFO: Shard ID None has successfully RESUMED session 8c3010c033493f543cccff0f6f3ed112 under trace ["gateway-prd-main-53f9",{"micros":955,"calls":["discord-sessions-green-prd-2-114",{"micros":23}]}].
2022-07-15 19:42:42,810 INFO: Got a request to RESUME the websocket.
2022-07-15 19:42:43,002 INFO: Shard ID None has sent the RESUME payload.
2022-07-15 19:42:43,048 INFO: Shard ID None has successfully RESUMED session 8c3010c033493f543cccff0f6f3ed112 under trace ["gateway-prd-main-n5wb",{"micros":615,"calls":["discord-sessions-green-prd-2-114",{"micros":21}]}].
2022-07-15 21:01:52,619 INFO: Got a request to RESUME the websocket.
2022-07-15 21:01:52,801 INFO: Shard ID None has sent the RESUME payload.
2022-07-15 21:01:52,844 INFO: Shard ID None has successfully RESUMED session 8c3010c033493f543cccff0f6f3ed112 under trace ["gateway-prd-main-3bcl",{"micros":1327,"calls":["discord-sessions-green-prd-2-114",{"micros":21}]}].
2022-07-16 00:57:01,002 INFO: Got a request to RESUME the websocket.
2022-07-16 00:57:01,195 INFO: Shard ID None has sent the RESUME payload.
2022-07-16 00:57:01,241 INFO: Shard ID None has successfully RESUMED session 8c3010c033493f543cccff0f6f3ed112 under trace ["gateway-prd-main-r30l",{"micros":5452,"calls":["discord-sessions-green-prd-2-114",{"micros":20}]}].
