2022-07-31 22:03:49,418 INFO: logging in using static token
2022-07-31 22:03:49,719 INFO: Shard ID None has sent the IDENTIFY payload.
2022-07-31 22:03:49,887 INFO: Shard ID None has connected to Gateway: ["gateway-prd-main-6mr8",{"micros":117697,"calls":["discord-sessions-blue-prd-2-170",{"micros":111403,"calls":["start_session",{"micros":96565,"calls":["discord-api-f8dd45c-sftm5",{"micros":92188,"calls":["get_user",{"micros":10060},"add_authorized_ip",{"micros":1640},"get_guilds",{"micros":7245},"coros_wait",{"micros":1}]}]},"guilds_connect",{"micros":2,"calls":[]},"presence_connect",{"micros":1,"calls":[]}]}]}] (Session ID: 5610fc72ba57283834588d6b696611a4).
2022-07-31 22:03:51,935 INFO: 目前登入身份：神奇海螺#3847
2022-07-31 22:22:47,647 INFO: Got a request to RESUME the websocket.
2022-07-31 22:22:47,809 INFO: Shard ID None has sent the RESUME payload.
2022-07-31 22:22:47,871 INFO: Shard ID None has successfully RESUMED session 5610fc72ba57283834588d6b696611a4 under trace ["gateway-prd-main-twlq",{"micros":554,"calls":["discord-sessions-blue-prd-2-170",{"micros":18}]}].
2022-07-31 23:33:30,746 INFO: Got a request to RESUME the websocket.
2022-07-31 23:33:30,946 INFO: Shard ID None has sent the RESUME payload.
2022-07-31 23:33:30,991 INFO: Shard ID None has successfully RESUMED session 5610fc72ba57283834588d6b696611a4 under trace ["gateway-prd-main-t828",{"micros":759,"calls":["discord-sessions-blue-prd-2-170",{"micros":24}]}].
2022-08-01 02:58:08,685 INFO: Got a request to RESUME the websocket.
2022-08-01 02:58:08,864 INFO: Shard ID None has sent the RESUME payload.
2022-08-01 02:58:08,917 INFO: Shard ID None has successfully RESUMED session 5610fc72ba57283834588d6b696611a4 under trace ["gateway-prd-main-mftd",{"micros":6325,"calls":["discord-sessions-blue-prd-2-170",{"micros":15}]}].
2022-08-01 03:44:32,047 INFO: Got a request to RESUME the websocket.
2022-08-01 03:44:32,278 INFO: Shard ID None has sent the RESUME payload.
2022-08-01 03:44:32,326 INFO: Shard ID None has successfully RESUMED session 5610fc72ba57283834588d6b696611a4 under trace ["gateway-prd-main-5q83",{"micros":764,"calls":["discord-sessions-blue-prd-2-170",{"micros":18}]}].
2022-08-01 06:37:00,837 INFO: Got a request to RESUME the websocket.
2022-08-01 06:37:00,993 INFO: Shard ID None has sent the RESUME payload.
2022-08-01 06:37:01,034 INFO: Shard ID None has successfully RESUMED session 5610fc72ba57283834588d6b696611a4 under trace ["gateway-prd-main-wdrz",{"micros":446,"calls":["discord-sessions-blue-prd-2-170",{"micros":17}]}].
2022-08-01 07:38:30,856 INFO: logging in using static token
2022-08-01 07:38:31,113 INFO: Shard ID None has sent the IDENTIFY payload.
2022-08-01 07:38:31,276 INFO: Shard ID None has connected to Gateway: ["gateway-prd-main-6vml",{"micros":110853,"calls":["discord-sessions-blue-prd-2-30",{"micros":110062,"calls":["start_session",{"micros":43904,"calls":["discord-api-f8dd45c-qsnp2",{"micros":39547,"calls":["get_user",{"micros":11429},"add_authorized_ip",{"micros":1711},"get_guilds",{"micros":4607},"coros_wait",{"micros":2}]}]},"guilds_connect",{"micros":2,"calls":[]},"presence_connect",{"micros":43731,"calls":[]}]}]}] (Session ID: ee173943e9af713276989f04ecca25fa).
2022-08-01 07:38:33,346 INFO: 目前登入身份：神奇海螺#3847
2022-08-01 08:47:04,042 INFO: Got a request to RESUME the websocket.
2022-08-01 08:47:04,219 INFO: Shard ID None has sent the RESUME payload.
2022-08-01 08:47:04,258 INFO: Shard ID None has successfully RESUMED session ee173943e9af713276989f04ecca25fa under trace ["gateway-prd-main-gdhk",{"micros":621,"calls":["discord-sessions-blue-prd-2-30",{"micros":21}]}].
2022-08-01 11:45:47,955 INFO: logging in using static token
2022-08-01 11:45:48,247 INFO: Shard ID None has sent the IDENTIFY payload.
2022-08-01 11:45:48,386 INFO: Shard ID None has connected to Gateway: ["gateway-prd-main-wqp2",{"micros":87396,"calls":["discord-sessions-blue-prd-2-188",{"micros":86641,"calls":["start_session",{"micros":85482,"calls":["discord-api-f8dd45c-rm74d",{"micros":80176,"calls":["get_user",{"micros":17534},"add_authorized_ip",{"micros":2620},"get_guilds",{"micros":11009},"coros_wait",{"micros":2}]}]},"guilds_connect",{"micros":2,"calls":[]},"presence_connect",{"micros":1,"calls":[]}]}]}] (Session ID: 2b052c8474270008443b3ad2350dd8f2).
2022-08-01 11:45:50,432 INFO: 目前登入身份：神奇海螺#3847
2022-08-01 12:02:37,324 INFO: Websocket closed with 1006, attempting a reconnect.
2022-08-01 12:02:37,325 INFO: Got a request to RESUME the websocket.
2022-08-01 12:02:37,500 INFO: Shard ID None has sent the RESUME payload.
2022-08-01 12:02:37,551 INFO: Shard ID None has successfully RESUMED session 2b052c8474270008443b3ad2350dd8f2 under trace ["gateway-prd-main-5q83",{"micros":7769,"calls":["discord-sessions-blue-prd-2-188",{"micros":19}]}].
2022-08-01 12:27:46,720 INFO: Websocket closed with 1006, attempting a reconnect.
2022-08-01 12:27:46,720 INFO: Got a request to RESUME the websocket.
2022-08-01 12:27:46,870 INFO: Shard ID None has sent the RESUME payload.
2022-08-01 12:27:46,908 INFO: Shard ID None has successfully RESUMED session 2b052c8474270008443b3ad2350dd8f2 under trace ["gateway-prd-main-4nw6",{"micros":679,"calls":["discord-sessions-blue-prd-2-188",{"micros":20}]}].
2022-08-01 12:45:00,552 INFO: Websocket closed with 1006, attempting a reconnect.
2022-08-01 12:45:00,553 INFO: Got a request to RESUME the websocket.
2022-08-01 12:45:00,730 INFO: Shard ID None has sent the RESUME payload.
2022-08-01 12:45:00,773 INFO: Shard ID None has successfully RESUMED session 2b052c8474270008443b3ad2350dd8f2 under trace ["gateway-prd-main-fcn2",{"micros":3025,"calls":["discord-sessions-blue-prd-2-188",{"micros":19}]}].
2022-08-01 13:06:16,699 INFO: logging in using static token
2022-08-01 13:06:17,000 INFO: Shard ID None has sent the IDENTIFY payload.
2022-08-01 13:06:17,121 INFO: Shard ID None has connected to Gateway: ["gateway-prd-main-wnh8",{"micros":72273,"calls":["discord-sessions-blue-prd-2-136",{"micros":70802,"calls":["start_session",{"micros":41705,"calls":["discord-api-f8dd45c-wxkdv",{"micros":36690,"calls":["get_user",{"micros":6345},"add_authorized_ip",{"micros":1832},"get_guilds",{"micros":5503},"coros_wait",{"micros":1}]}]},"guilds_connect",{"micros":3,"calls":[]},"presence_connect",{"micros":20654,"calls":[]}]}]}] (Session ID: 545f271541dc176cb27bfd2ad0e8f28e).
2022-08-01 13:06:19,187 INFO: 目前登入身份：神奇海螺#3847
2022-08-01 13:26:02,453 INFO: Websocket closed with 1006, attempting a reconnect.
2022-08-01 13:26:02,453 INFO: Got a request to RESUME the websocket.
2022-08-01 13:26:02,621 INFO: Shard ID None has sent the RESUME payload.
2022-08-01 13:26:02,668 INFO: Shard ID None has successfully RESUMED session 545f271541dc176cb27bfd2ad0e8f28e under trace ["gateway-prd-main-j192",{"micros":4605,"calls":["discord-sessions-blue-prd-2-136",{"micros":19}]}].
2022-08-01 14:21:44,905 INFO: 楓夜 in 9又4分之8.7月台[123是什麼敷衍的名字]
2022-08-01 14:21:44,952 INFO: Connecting to voice...
2022-08-01 14:21:44,952 INFO: Starting voice handshake... (connection attempt 1)
2022-08-01 14:21:45,651 INFO: Voice handshake complete. Endpoint found hongkong1658.discord.media
2022-08-01 14:21:45,880 ERROR: Exception occurred during Voice Protocol voice server update handler
Traceback (most recent call last):
  File "/opt/virtualenvs/python3/lib/python3.8/site-packages/discord/state.py", line 102, in logging_coroutine
    await coroutine
  File "/opt/virtualenvs/python3/lib/python3.8/site-packages/discord/voice_client.py", line 295, in on_voice_server_update
    await self.ws.close(4000)
AttributeError: 'NoneType' object has no attribute 'close'
2022-08-01 14:21:46,756 INFO: selected the voice protocol for use (xsalsa20_poly1305_lite)
2022-08-01 14:21:46,972 INFO: received secret key for voice connection
2022-08-01 14:21:49,391 INFO: Preparing to terminate ffmpeg process 249.
2022-08-01 14:21:49,392 INFO: ffmpeg process 249 successfully terminated with return code of 0.
2022-08-01 14:21:51,447 INFO: Chi in 9又4分之8.7月台[123是什麼敷衍的名字]
2022-08-01 14:21:51,491 INFO: Preparing to terminate ffmpeg process 260.
2022-08-01 14:21:51,492 INFO: ffmpeg process 260 successfully terminated with return code of 0.
2022-08-01 14:21:54,710 INFO: Preparing to terminate ffmpeg process 270.
2022-08-01 14:21:54,710 INFO: ffmpeg process 270 successfully terminated with return code of 0.
2022-08-01 14:21:57,488 INFO: Preparing to terminate ffmpeg process 280.
2022-08-01 14:21:57,489 INFO: ffmpeg process 280 successfully terminated with return code of 0.
2022-08-01 14:21:58,553 INFO: The voice handshake is being terminated for Channel ID 728631391809437746 (Guild ID 428109526550708234)
2022-08-01 14:21:58,554 INFO: Disconnecting from voice normally, close code 1000.
2022-08-01 14:23:48,811 INFO: BunnyplayGG in 9又4分之8.7月台[123是什麼敷衍的名字]
2022-08-01 14:23:48,899 INFO: Connecting to voice...
2022-08-01 14:23:48,899 INFO: Starting voice handshake... (connection attempt 1)
2022-08-01 14:23:49,776 INFO: Voice handshake complete. Endpoint found hongkong1658.discord.media
2022-08-01 14:23:50,890 INFO: selected the voice protocol for use (xsalsa20_poly1305_lite)
2022-08-01 14:23:51,108 INFO: received secret key for voice connection
2022-08-01 14:23:53,499 INFO: Preparing to terminate ffmpeg process 291.
2022-08-01 14:23:53,500 INFO: ffmpeg process 291 successfully terminated with return code of 0.
2022-08-01 14:23:55,818 INFO: Preparing to terminate ffmpeg process 301.
2022-08-01 14:23:55,818 INFO: ffmpeg process 301 successfully terminated with return code of 0.
2022-08-01 14:23:56,840 INFO: The voice handshake is being terminated for Channel ID 728631391809437746 (Guild ID 428109526550708234)
2022-08-01 14:23:56,840 INFO: Disconnecting from voice normally, close code 1000.
2022-08-01 14:24:32,251 INFO: Fiven-chung in 9又4分之8.7月台[123是什麼敷衍的名字]
2022-08-01 14:24:32,271 INFO: Connecting to voice...
2022-08-01 14:24:32,271 INFO: Starting voice handshake... (connection attempt 1)
2022-08-01 14:24:32,639 INFO: Voice handshake complete. Endpoint found hongkong1658.discord.media
2022-08-01 14:24:33,744 INFO: selected the voice protocol for use (xsalsa20_poly1305_lite)
2022-08-01 14:24:33,956 INFO: received secret key for voice connection
2022-08-01 14:24:36,344 INFO: Preparing to terminate ffmpeg process 312.
2022-08-01 14:24:36,345 INFO: ffmpeg process 312 successfully terminated with return code of 0.
2022-08-01 14:24:38,568 INFO: Preparing to terminate ffmpeg process 322.
2022-08-01 14:24:38,569 INFO: ffmpeg process 322 successfully terminated with return code of 0.
2022-08-01 14:24:39,611 INFO: The voice handshake is being terminated for Channel ID 728631391809437746 (Guild ID 428109526550708234)
2022-08-01 14:24:39,611 INFO: Disconnecting from voice normally, close code 1000.
2022-08-01 14:30:27,392 INFO: Got a request to RESUME the websocket.
2022-08-01 14:30:27,572 INFO: Shard ID None has sent the RESUME payload.
2022-08-01 14:30:27,624 INFO: Shard ID None has successfully RESUMED session 545f271541dc176cb27bfd2ad0e8f28e under trace ["gateway-prd-main-0qwz",{"micros":9908,"calls":["discord-sessions-blue-prd-2-136",{"micros":17}]}].
2022-08-01 14:31:07,662 INFO: 不偷家的飄飄大仙 in 9又4分之8.7月台[123是什麼敷衍的名字]
2022-08-01 14:31:07,695 INFO: Connecting to voice...
2022-08-01 14:31:07,695 INFO: Starting voice handshake... (connection attempt 1)
2022-08-01 14:31:08,632 INFO: Voice handshake complete. Endpoint found hongkong1658.discord.media
2022-08-01 14:31:09,792 INFO: selected the voice protocol for use (xsalsa20_poly1305_lite)
2022-08-01 14:31:10,009 INFO: received secret key for voice connection
2022-08-01 14:31:13,078 INFO: Preparing to terminate ffmpeg process 334.
2022-08-01 14:31:13,078 INFO: ffmpeg process 334 successfully terminated with return code of 0.
2022-08-01 14:31:15,415 INFO: Preparing to terminate ffmpeg process 344.
2022-08-01 14:31:15,415 INFO: ffmpeg process 344 successfully terminated with return code of 0.
2022-08-01 14:31:16,439 INFO: The voice handshake is being terminated for Channel ID 728631391809437746 (Guild ID 428109526550708234)
2022-08-01 14:31:16,440 INFO: Disconnecting from voice normally, close code 1000.
2022-08-01 15:07:29,088 INFO: KyrieR in 9又4分之8.7月台[123是什麼敷衍的名字]
2022-08-01 15:07:29,130 INFO: Connecting to voice...
2022-08-01 15:07:29,130 INFO: Starting voice handshake... (connection attempt 1)
2022-08-01 15:07:30,042 INFO: Voice handshake complete. Endpoint found hongkong1658.discord.media
2022-08-01 15:07:31,075 INFO: selected the voice protocol for use (xsalsa20_poly1305_lite)
2022-08-01 15:07:31,274 INFO: received secret key for voice connection
2022-08-01 15:07:33,884 INFO: Preparing to terminate ffmpeg process 426.
2022-08-01 15:07:33,885 INFO: ffmpeg process 426 successfully terminated with return code of 0.
2022-08-01 15:07:36,569 INFO: Preparing to terminate ffmpeg process 436.
2022-08-01 15:07:36,571 INFO: ffmpeg process 436 successfully terminated with return code of 0.
2022-08-01 15:07:37,617 INFO: The voice handshake is being terminated for Channel ID 728631391809437746 (Guild ID 428109526550708234)
2022-08-01 15:07:37,617 INFO: Disconnecting from voice normally, close code 1000.
2022-08-01 15:48:08,777 INFO: 不偷家的飄飄大仙 out 9又4分之8.7月台[123是什麼敷衍的名字]
2022-08-01 15:48:08,777 INFO: Connecting to voice...
2022-08-01 15:48:08,778 INFO: Starting voice handshake... (connection attempt 1)
2022-08-01 15:48:09,152 INFO: Voice handshake complete. Endpoint found hongkong1658.discord.media
2022-08-01 15:48:10,235 INFO: selected the voice protocol for use (xsalsa20_poly1305_lite)
2022-08-01 15:48:10,444 INFO: received secret key for voice connection
2022-08-01 15:48:13,332 INFO: Preparing to terminate ffmpeg process 482.
2022-08-01 15:48:13,333 INFO: ffmpeg process 482 successfully terminated with return code of 0.
2022-08-01 15:48:14,362 INFO: The voice handshake is being terminated for Channel ID 728631391809437746 (Guild ID 428109526550708234)
2022-08-01 15:48:14,363 INFO: Disconnecting from voice normally, close code 1000.
2022-08-01 16:01:11,780 INFO: 楓夜 out 9又4分之8.7月台[123是什麼敷衍的名字]
2022-08-01 16:01:11,781 INFO: Connecting to voice...
2022-08-01 16:01:11,781 INFO: Starting voice handshake... (connection attempt 1)
2022-08-01 16:01:12,152 INFO: Voice handshake complete. Endpoint found hongkong1658.discord.media
2022-08-01 16:01:13,238 INFO: selected the voice protocol for use (xsalsa20_poly1305_lite)
2022-08-01 16:01:13,451 INFO: received secret key for voice connection
2022-08-01 16:01:15,172 INFO: Preparing to terminate ffmpeg process 528.
2022-08-01 16:01:15,172 INFO: ffmpeg process 528 successfully terminated with return code of 0.
2022-08-01 16:01:16,179 INFO: The voice handshake is being terminated for Channel ID 728631391809437746 (Guild ID 428109526550708234)
2022-08-01 16:01:16,179 INFO: Disconnecting from voice normally, close code 1000.
2022-08-01 16:01:19,021 INFO: 楓夜 in 9又4分之8.7月台[123是什麼敷衍的名字]
2022-08-01 16:01:19,060 INFO: Connecting to voice...
2022-08-01 16:01:19,061 INFO: Starting voice handshake... (connection attempt 1)
2022-08-01 16:01:19,416 INFO: Voice handshake complete. Endpoint found hongkong1658.discord.media
2022-08-01 16:01:20,494 INFO: selected the voice protocol for use (xsalsa20_poly1305_lite)
2022-08-01 16:01:20,709 INFO: received secret key for voice connection
2022-08-01 16:01:23,239 INFO: Preparing to terminate ffmpeg process 539.
2022-08-01 16:01:23,240 INFO: ffmpeg process 539 successfully terminated with return code of 0.
2022-08-01 16:01:24,799 INFO: Preparing to terminate ffmpeg process 549.
2022-08-01 16:01:24,799 INFO: ffmpeg process 549 successfully terminated with return code of 0.
2022-08-01 16:01:26,341 INFO: The voice handshake is being terminated for Channel ID 728631391809437746 (Guild ID 428109526550708234)
2022-08-01 16:01:26,342 INFO: Disconnecting from voice normally, close code 1000.
2022-08-01 16:09:24,051 INFO: Got a request to RESUME the websocket.
2022-08-01 16:09:24,301 INFO: Shard ID None has sent the RESUME payload.
2022-08-01 16:09:24,354 INFO: Shard ID None has successfully RESUMED session 545f271541dc176cb27bfd2ad0e8f28e under trace ["gateway-prd-main-0g77",{"micros":4828,"calls":["discord-sessions-blue-prd-2-136",{"micros":23}]}].
2022-08-01 16:30:37,818 INFO: BunnyplayGG out 9又4分之8.7月台[123是什麼敷衍的名字]
2022-08-01 16:30:37,819 INFO: Connecting to voice...
2022-08-01 16:30:37,819 INFO: Starting voice handshake... (connection attempt 1)
2022-08-01 16:30:38,798 INFO: Voice handshake complete. Endpoint found hongkong1658.discord.media
2022-08-01 16:30:39,926 INFO: selected the voice protocol for use (xsalsa20_poly1305_lite)
2022-08-01 16:30:40,146 INFO: received secret key for voice connection
2022-08-01 16:30:42,518 INFO: Preparing to terminate ffmpeg process 596.
2022-08-01 16:30:42,518 INFO: ffmpeg process 596 successfully terminated with return code of 0.
2022-08-01 16:30:43,573 INFO: The voice handshake is being terminated for Channel ID 728631391809437746 (Guild ID 428109526550708234)
2022-08-01 16:30:43,573 INFO: Disconnecting from voice normally, close code 1000.
2022-08-01 16:30:49,393 INFO: 楓夜 out 9又4分之8.7月台[123是什麼敷衍的名字]
2022-08-01 16:30:49,394 INFO: Connecting to voice...
2022-08-01 16:30:49,394 INFO: Starting voice handshake... (connection attempt 1)
2022-08-01 16:30:49,800 INFO: Voice handshake complete. Endpoint found hongkong1658.discord.media
2022-08-01 16:30:50,899 INFO: selected the voice protocol for use (xsalsa20_poly1305_lite)
2022-08-01 16:30:51,117 INFO: received secret key for voice connection
2022-08-01 16:30:53,465 INFO: Preparing to terminate ffmpeg process 607.
2022-08-01 16:30:53,466 INFO: ffmpeg process 607 successfully terminated with return code of 0.
2022-08-01 16:30:54,092 INFO: KyrieR out 9又4分之8.7月台[123是什麼敷衍的名字]
2022-08-01 16:30:56,344 INFO: Preparing to terminate ffmpeg process 617.
2022-08-01 16:30:56,345 INFO: ffmpeg process 617 successfully terminated with return code of 0.
2022-08-01 16:30:57,350 INFO: The voice handshake is being terminated for Channel ID 728631391809437746 (Guild ID 428109526550708234)
2022-08-01 16:30:57,351 INFO: Disconnecting from voice normally, close code 1000.
2022-08-01 16:30:58,332 INFO: Fiven-chung out 9又4分之8.7月台[123是什麼敷衍的名字]
2022-08-01 16:30:58,333 INFO: Connecting to voice...
2022-08-01 16:30:58,333 INFO: Starting voice handshake... (connection attempt 1)
2022-08-01 16:30:58,741 INFO: Voice handshake complete. Endpoint found hongkong1658.discord.media
2022-08-01 16:30:59,825 INFO: selected the voice protocol for use (xsalsa20_poly1305_lite)
2022-08-01 16:31:00,056 INFO: Chi out 9又4分之8.7月台[123是什麼敷衍的名字]
2022-08-01 16:31:00,056 INFO: received secret key for voice connection
2022-08-01 16:31:01,989 INFO: Preparing to terminate ffmpeg process 628.
2022-08-01 16:31:01,990 INFO: ffmpeg process 628 successfully terminated with return code of 0.
2022-08-01 16:31:04,654 INFO: Preparing to terminate ffmpeg process 638.
2022-08-01 16:31:04,655 INFO: ffmpeg process 638 successfully terminated with return code of 0.
2022-08-01 16:31:05,700 INFO: The voice handshake is being terminated for Channel ID 728631391809437746 (Guild ID 428109526550708234)
2022-08-01 16:31:05,700 INFO: Disconnecting from voice normally, close code 1000.
