2022-03-12 17:10:08,424 INFO: logging in using static token
2022-03-12 17:10:08,670 INFO: Shard ID None has sent the IDENTIFY payload.
2022-03-12 17:10:08,791 INFO: Shard ID None has connected to Gateway: ["gateway-prd-main-3jvm",{"micros":80919,"calls":["discord-sessions-green-prd-2-3",{"micros":79872,"calls":["start_session",{"micros":50390,"calls":["discord-api-766ccdcc58-ftz9l",{"micros":44986,"calls":["get_user",{"micros":5707},"add_authorized_ip",{"micros":2738},"get_guilds",{"micros":8140},"coros_wait",{"micros":1}]}]},"guilds_connect",{"micros":2,"calls":[]},"presence_connect",{"micros":19026,"calls":[]}]}]}] (Session ID: 44dc117c001c404949b35e6306c84863).
2022-03-12 17:10:10,848 INFO: 目前登入身份：神奇海螺#3847
2022-03-12 17:34:27,791 INFO: Chi out 9又4分之8.7月台[打不出幹話就講出來啊]
2022-03-12 17:34:27,792 INFO: Connecting to voice...
2022-03-12 17:34:27,792 INFO: Starting voice handshake... (connection attempt 1)
2022-03-12 17:34:28,703 INFO: Voice handshake complete. Endpoint found hongkong10008.discord.media
2022-03-12 17:34:29,971 INFO: selected the voice protocol for use (xsalsa20_poly1305_lite)
2022-03-12 17:34:30,178 INFO: received secret key for voice connection
2022-03-12 17:34:31,755 INFO: Preparing to terminate ffmpeg process 136.
2022-03-12 17:34:31,756 INFO: ffmpeg process 136 successfully terminated with return code of 0.
2022-03-12 17:34:32,802 INFO: The voice handshake is being terminated for Channel ID 428109526550708238 (Guild ID 428109526550708234)
2022-03-12 17:34:32,802 INFO: Disconnecting from voice normally, close code 1000.
2022-03-12 22:07:35,251 INFO: logging in using static token
2022-03-12 22:07:35,553 INFO: Shard ID None has sent the IDENTIFY payload.
2022-03-12 22:07:35,721 INFO: Shard ID None has connected to Gateway: ["gateway-prd-main-8703",{"micros":127994,"calls":["discord-sessions-green-prd-2-139",{"micros":126938,"calls":["start_session",{"micros":77582,"calls":["discord-api-766ccdcc58-cs7qv",{"micros":73145,"calls":["get_user",{"micros":10768},"add_authorized_ip",{"micros":2418},"get_guilds",{"micros":11688},"coros_wait",{"micros":1}]}]},"guilds_connect",{"micros":2,"calls":[]},"presence_connect",{"micros":15084,"calls":[]}]}]}] (Session ID: cad7879daf45e78feea84954d8de6a79).
2022-03-12 22:07:37,769 INFO: 目前登入身份：神奇海螺#3847
2022-03-13 05:21:51,498 INFO: logging in using static token
2022-03-13 05:21:51,750 INFO: Shard ID None has sent the IDENTIFY payload.
2022-03-13 05:21:51,932 INFO: Shard ID None has connected to Gateway: ["gateway-prd-main-ftpj",{"micros":142413,"calls":["discord-sessions-green-prd-2-46",{"micros":141296,"calls":["start_session",{"micros":59773,"calls":["discord-api-766ccdcc58-tkzs5",{"micros":55994,"calls":["get_user",{"micros":12926},"add_authorized_ip",{"micros":5729},"get_guilds",{"micros":6747},"coros_wait",{"micros":2}]}]},"guilds_connect",{"micros":2,"calls":[]},"presence_connect",{"micros":52252,"calls":[]}]}]}] (Session ID: 2a521a3cb659ef99a14bf63f3bfccc80).
2022-03-13 05:21:53,998 INFO: 目前登入身份：神奇海螺#3847
