2022-05-13 23:26:31,781 INFO: logging in using static token
2022-05-13 23:26:32,016 INFO: Shard ID None has sent the IDENTIFY payload.
2022-05-13 23:26:32,172 INFO: Shard ID None has connected to Gateway: ["gateway-prd-main-sfs2",{"micros":113476,"calls":["discord-sessions-green-prd-2-22",{"micros":112688,"calls":["start_session",{"micros":45885,"calls":["discord-api-58f5f44c6c-6w86q",{"micros":40057,"calls":["get_user",{"micros":9717},"add_authorized_ip",{"micros":3152},"get_guilds",{"micros":7570},"coros_wait",{"micros":1}]}]},"guilds_connect",{"micros":23,"calls":[]},"presence_connect",{"micros":25222,"calls":[]}]}]}] (Session ID: 2038c3ee48ffc547a74061865039895b).
2022-05-13 23:26:34,214 INFO: 目前登入身份：神奇海螺#3847
2022-05-14 06:25:46,413 INFO: logging in using static token
2022-05-14 06:25:46,726 INFO: Shard ID None has sent the IDENTIFY payload.
2022-05-14 06:25:46,834 INFO: Shard ID None has connected to Gateway: ["gateway-prd-main-63rj",{"micros":67995,"calls":["discord-sessions-green-prd-2-148",{"micros":67225,"calls":["start_session",{"micros":55186,"calls":["discord-api-6d8d6c78bf-rz9bs",{"micros":49644,"calls":["get_user",{"micros":11613},"add_authorized_ip",{"micros":1739},"get_guilds",{"micros":7830},"coros_wait",{"micros":2}]}]},"guilds_connect",{"micros":26,"calls":[]},"presence_connect",{"micros":6808,"calls":[]}]}]}] (Session ID: c72e3b54a48fe79b87b714c802313f36).
2022-05-14 10:10:43,667 INFO: logging in using static token
2022-05-14 10:10:43,921 INFO: Shard ID None has sent the IDENTIFY payload.
2022-05-14 10:10:44,034 INFO: Shard ID None has connected to Gateway: ["gateway-prd-main-v1d2",{"micros":76863,"calls":["discord-sessions-green-prd-2-139",{"micros":75729,"calls":["start_session",{"micros":42405,"calls":["discord-api-6d8d6c78bf-bs55l",{"micros":37942,"calls":["get_user",{"micros":12328},"add_authorized_ip",{"micros":1461},"get_guilds",{"micros":5010},"coros_wait",{"micros":0}]}]},"guilds_connect",{"micros":3,"calls":[]},"presence_connect",{"micros":2,"calls":[]}]}]}] (Session ID: 11b6961d4fc5a979c7ac9c0cc0edcb0a).
2022-05-14 10:10:46,183 INFO: 目前登入身份：神奇海螺#3847
2022-05-14 15:09:05,646 INFO: logging in using static token
2022-05-14 15:09:06,040 INFO: Shard ID None has sent the IDENTIFY payload.
2022-05-14 15:09:06,188 INFO: Shard ID None has connected to Gateway: ["gateway-prd-main-95gx",{"micros":107586,"calls":["discord-sessions-green-prd-2-92",{"micros":106677,"calls":["start_session",{"micros":67739,"calls":["discord-api-6d8d6c78bf-mhcqt",{"micros":62788,"calls":["get_user",{"micros":9981},"add_authorized_ip",{"micros":1669},"get_guilds",{"micros":10819},"coros_wait",{"micros":3}]}]},"guilds_connect",{"micros":2,"calls":[]},"presence_connect",{"micros":2,"calls":[]}]}]}] (Session ID: c2969a8d3989a1b43d6370793f0c6f5c).
2022-05-14 15:09:08,222 INFO: 目前登入身份：神奇海螺#3847
2022-05-14 15:13:59,110 INFO: WeIrdnA in 9又4分之8.7月台[123是什麼敷衍的名字]
2022-05-14 15:13:59,120 INFO: Connecting to voice...
2022-05-14 15:13:59,121 INFO: Starting voice handshake... (connection attempt 1)
2022-05-14 15:13:59,862 INFO: Voice handshake complete. Endpoint found japan2619.discord.media
2022-05-14 15:14:00,867 INFO: selected the voice protocol for use (xsalsa20_poly1305_lite)
2022-05-14 15:14:01,034 INFO: received secret key for voice connection
2022-05-14 15:14:03,771 INFO: Preparing to terminate ffmpeg process 168.
2022-05-14 15:14:03,771 INFO: ffmpeg process 168 successfully terminated with return code of 0.
2022-05-14 15:14:05,927 INFO: Preparing to terminate ffmpeg process 179.
2022-05-14 15:14:05,928 INFO: ffmpeg process 179 successfully terminated with return code of 0.
2022-05-14 15:14:06,970 INFO: The voice handshake is being terminated for Channel ID 728631391809437746 (Guild ID 428109526550708234)
2022-05-14 15:14:06,971 INFO: Disconnecting from voice normally, close code 1000.
