2022-07-01 21:09:52,689 INFO: logging in using static token
2022-07-01 21:09:52,946 INFO: Shard ID None has sent the IDENTIFY payload.
2022-07-01 21:09:53,138 INFO: Shard ID None has connected to Gateway: ["gateway-prd-main-9h9f",{"micros":146405,"calls":["discord-sessions-green-prd-2-141",{"micros":141300,"calls":["start_session",{"micros":116143,"calls":["discord-api-8fc67dc67-8wmwl",{"micros":111094,"calls":["get_user",{"micros":19846},"add_authorized_ip",{"micros":15511},"get_guilds",{"micros":17768},"coros_wait",{"micros":1}]}]},"guilds_connect",{"micros":2,"calls":[]},"presence_connect",{"micros":5720,"calls":[]}]}]}] (Session ID: 395f45d5f0de6e357568d16d44f51846).
2022-07-01 21:09:55,312 INFO: 目前登入身份：神奇海螺#3847
2022-07-01 21:35:44,619 INFO: logging in using static token
2022-07-01 21:35:44,881 INFO: Shard ID None has sent the IDENTIFY payload.
2022-07-01 21:35:45,000 INFO: Shard ID None has connected to Gateway: ["gateway-prd-main-rp6x",{"micros":78865,"calls":["discord-sessions-green-prd-2-187",{"micros":77941,"calls":["start_session",{"micros":51668,"calls":["discord-api-8fc67dc67-pt7x7",{"micros":46265,"calls":["get_user",{"micros":13579},"add_authorized_ip",{"micros":1817},"get_guilds",{"micros":4443},"coros_wait",{"micros":1}]}]},"guilds_connect",{"micros":2,"calls":[]},"presence_connect",{"micros":13699,"calls":[]}]}]}] (Session ID: 88a5fe32a4b22f72fd6a93ee4acbd860).
2022-07-01 21:35:47,063 INFO: 目前登入身份：神奇海螺#3847
2022-07-01 21:42:47,698 INFO: logging in using static token
2022-07-01 21:42:48,016 INFO: Shard ID None has sent the IDENTIFY payload.
2022-07-01 21:42:48,136 INFO: Shard ID None has connected to Gateway: ["gateway-prd-main-lqgk",{"micros":65731,"calls":["discord-sessions-green-prd-2-66",{"micros":64434,"calls":["start_session",{"micros":45683,"calls":["discord-api-8fc67dc67-gbp4g",{"micros":39948,"calls":["get_user",{"micros":10852},"add_authorized_ip",{"micros":1732},"get_guilds",{"micros":4097},"coros_wait",{"micros":2}]}]},"guilds_connect",{"micros":2,"calls":[]},"presence_connect",{"micros":15144,"calls":[]}]}]}] (Session ID: f65749bb82b9c484c4fa385b5480cccf).
2022-07-01 21:42:50,347 INFO: 目前登入身份：神奇海螺#3847
2022-07-01 21:56:00,220 INFO: logging in using static token
2022-07-01 21:56:00,466 INFO: Shard ID None has sent the IDENTIFY payload.
2022-07-01 21:56:00,587 INFO: Shard ID None has connected to Gateway: ["gateway-prd-main-5mkn",{"micros":83370,"calls":["discord-sessions-green-prd-2-87",{"micros":82473,"calls":["start_session",{"micros":51034,"calls":["discord-api-8fc67dc67-rz8qf",{"micros":46756,"calls":["get_user",{"micros":11895},"add_authorized_ip",{"micros":1533},"get_guilds",{"micros":6444},"coros_wait",{"micros":1}]}]},"guilds_connect",{"micros":2,"calls":[]},"presence_connect",{"micros":1,"calls":[]}]}]}] (Session ID: a7f05eceeabf47679852ca7c2f9393e4).
2022-07-01 21:56:02,684 INFO: 目前登入身份：神奇海螺#3847
2022-07-01 23:12:48,368 INFO: logging in using static token
2022-07-01 23:12:48,641 INFO: Shard ID None has sent the IDENTIFY payload.
2022-07-01 23:12:48,813 INFO: Shard ID None has connected to Gateway: ["gateway-prd-main-6qb5",{"micros":127283,"calls":["discord-sessions-green-prd-2-109",{"micros":126067,"calls":["start_session",{"micros":76294,"calls":["discord-api-f8857dbfb-jh2tl",{"micros":71257,"calls":["get_user",{"micros":11283},"add_authorized_ip",{"micros":12043},"get_guilds",{"micros":8703},"coros_wait",{"micros":1}]}]},"guilds_connect",{"micros":2,"calls":[]},"presence_connect",{"micros":38443,"calls":[]}]}]}] (Session ID: af12fb56eac2edc180dfb04490f5471d).
2022-07-01 23:12:50,875 INFO: 目前登入身份：神奇海螺#3847
2022-07-02 00:13:55,495 INFO: logging in using static token
2022-07-02 00:13:55,743 INFO: Shard ID None has sent the IDENTIFY payload.
2022-07-02 00:13:55,922 INFO: Shard ID None has connected to Gateway: ["gateway-prd-main-j3gf",{"micros":133587,"calls":["discord-sessions-green-prd-2-149",{"micros":132291,"calls":["start_session",{"micros":72903,"calls":["discord-api-f8857dbfb-wcbvq",{"micros":67196,"calls":["get_user",{"micros":14922},"add_authorized_ip",{"micros":5048},"get_guilds",{"micros":10308},"coros_wait",{"micros":2}]}]},"guilds_connect",{"micros":2,"calls":[]},"presence_connect",{"micros":32873,"calls":[]}]}]}] (Session ID: 5b3b34ab1bbaf4c780d95f8cf0d2e700).
2022-07-02 00:13:57,976 INFO: 目前登入身份：神奇海螺#3847
2022-07-02 01:00:19,777 INFO: Got a request to RESUME the websocket.
2022-07-02 01:00:19,957 INFO: Shard ID None has sent the RESUME payload.
2022-07-02 01:00:20,005 INFO: Shard ID None has successfully RESUMED session 5b3b34ab1bbaf4c780d95f8cf0d2e700 under trace ["gateway-prd-main-5t3s",{"micros":7660,"calls":["discord-sessions-green-prd-2-149",{"micros":18}]}].
2022-07-02 04:06:40,858 INFO: logging in using static token
2022-07-02 04:06:41,121 INFO: Shard ID None has sent the IDENTIFY payload.
2022-07-02 04:06:41,220 INFO: Shard ID None has connected to Gateway: ["gateway-prd-main-m516",{"micros":60284,"calls":["discord-sessions-green-prd-2-123",{"micros":59351,"calls":["start_session",{"micros":47931,"calls":["discord-api-f8857dbfb-kvhf4",{"micros":43655,"calls":["get_user",{"micros":11485},"add_authorized_ip",{"micros":2832},"get_guilds",{"micros":5497},"coros_wait",{"micros":2}]}]},"guilds_connect",{"micros":2,"calls":[]},"presence_connect",{"micros":1,"calls":[]}]}]}] (Session ID: d5398548714fe256d99a865d63d25519).
2022-07-02 04:06:43,276 INFO: 目前登入身份：神奇海螺#3847
2022-07-02 04:46:31,407 INFO: Got a request to RESUME the websocket.
2022-07-02 04:46:31,561 INFO: Shard ID None has sent the RESUME payload.
2022-07-02 04:46:31,601 INFO: Shard ID None has successfully RESUMED session d5398548714fe256d99a865d63d25519 under trace ["gateway-prd-main-9hl9",{"micros":565,"calls":["discord-sessions-green-prd-2-123",{"micros":22}]}].
2022-07-02 06:02:29,211 INFO: Got a request to RESUME the websocket.
2022-07-02 06:02:29,375 INFO: Shard ID None has sent the RESUME payload.
2022-07-02 06:02:29,417 INFO: Shard ID None has successfully RESUMED session d5398548714fe256d99a865d63d25519 under trace ["gateway-prd-main-gswn",{"micros":3079,"calls":["discord-sessions-green-prd-2-123",{"micros":18}]}].
2022-07-02 09:32:49,166 INFO: 不偷家的飄飄大仙 in 9又4分之8.7月台[123是什麼敷衍的名字]
2022-07-02 09:32:49,182 INFO: Connecting to voice...
2022-07-02 09:32:49,182 INFO: Starting voice handshake... (connection attempt 1)
2022-07-02 09:32:49,870 INFO: Voice handshake complete. Endpoint found hongkong4965.discord.media
2022-07-02 09:32:50,049 ERROR: Exception occurred during Voice Protocol voice server update handler
Traceback (most recent call last):
  File "/opt/virtualenvs/python3/lib/python3.8/site-packages/discord/state.py", line 102, in logging_coroutine
    await coroutine
  File "/opt/virtualenvs/python3/lib/python3.8/site-packages/discord/voice_client.py", line 295, in on_voice_server_update
    await self.ws.close(4000)
AttributeError: 'NoneType' object has no attribute 'close'
2022-07-02 09:32:50,892 INFO: selected the voice protocol for use (xsalsa20_poly1305_lite)
2022-07-02 09:32:51,095 INFO: received secret key for voice connection
2022-07-02 09:32:54,181 INFO: Preparing to terminate ffmpeg process 1037.
2022-07-02 09:32:54,182 INFO: ffmpeg process 1037 successfully terminated with return code of 0.
2022-07-02 09:32:56,301 INFO: Preparing to terminate ffmpeg process 1048.
2022-07-02 09:32:56,302 INFO: ffmpeg process 1048 successfully terminated with return code of 0.
2022-07-02 09:32:57,345 INFO: The voice handshake is being terminated for Channel ID 728631391809437746 (Guild ID 428109526550708234)
2022-07-02 09:32:57,346 INFO: Disconnecting from voice normally, close code 1000.
2022-07-02 09:42:40,130 INFO: Got a request to RESUME the websocket.
2022-07-02 09:42:40,290 INFO: Shard ID None has sent the RESUME payload.
2022-07-02 09:42:40,346 INFO: Shard ID None has successfully RESUMED session d5398548714fe256d99a865d63d25519 under trace ["gateway-prd-main-85t7",{"micros":17636,"calls":["discord-sessions-green-prd-2-123",{"micros":19}]}].
2022-07-02 09:44:54,630 INFO: SparkleZ in 9又4分之8.7月台[123是什麼敷衍的名字]
2022-07-02 09:44:54,655 INFO: Connecting to voice...
2022-07-02 09:44:54,655 INFO: Starting voice handshake... (connection attempt 1)
2022-07-02 09:44:55,562 INFO: Voice handshake complete. Endpoint found hongkong4965.discord.media
2022-07-02 09:44:56,593 INFO: selected the voice protocol for use (xsalsa20_poly1305_lite)
2022-07-02 09:44:56,799 INFO: received secret key for voice connection
2022-07-02 09:44:58,793 INFO: Preparing to terminate ffmpeg process 1091.
2022-07-02 09:44:58,794 INFO: ffmpeg process 1091 successfully terminated with return code of 0.
2022-07-02 09:45:02,191 INFO: Preparing to terminate ffmpeg process 1101.
2022-07-02 09:45:02,191 INFO: ffmpeg process 1101 successfully terminated with return code of 0.
2022-07-02 09:45:03,252 INFO: The voice handshake is being terminated for Channel ID 728631391809437746 (Guild ID 428109526550708234)
2022-07-02 09:45:03,253 INFO: Disconnecting from voice normally, close code 1000.
2022-07-02 10:28:18,855 INFO: 神奇海螺 in 9又4分之8.7月台[123是什麼敷衍的名字]
2022-07-02 10:28:18,873 INFO: Connecting to voice...
2022-07-02 10:28:18,873 INFO: Starting voice handshake... (connection attempt 1)
2022-07-02 10:28:19,776 INFO: Voice handshake complete. Endpoint found hongkong4965.discord.media
2022-07-02 10:28:20,816 INFO: selected the voice protocol for use (xsalsa20_poly1305_lite)
2022-07-02 10:28:21,016 INFO: received secret key for voice connection
2022-07-02 10:28:23,883 INFO: Preparing to terminate ffmpeg process 1234.
2022-07-02 10:28:23,884 INFO: ffmpeg process 1234 successfully terminated with return code of 0.
2022-07-02 10:28:25,926 INFO: Preparing to terminate ffmpeg process 1244.
2022-07-02 10:28:25,927 INFO: ffmpeg process 1244 successfully terminated with return code of 0.
2022-07-02 10:28:26,947 INFO: The voice handshake is being terminated for Channel ID 728631391809437746 (Guild ID 428109526550708234)
2022-07-02 10:28:26,948 INFO: Disconnecting from voice normally, close code 1000.
2022-07-02 10:33:25,345 INFO: 神奇海螺 in 9又4分之8.7月台[欸欸欸這樣配可以嗎(思]
2022-07-02 10:33:25,367 INFO: Connecting to voice...
2022-07-02 10:33:25,367 INFO: Starting voice handshake... (connection attempt 1)
2022-07-02 10:33:26,042 INFO: Voice handshake complete. Endpoint found hongkong7914.discord.media
2022-07-02 10:33:26,250 ERROR: Exception occurred during Voice Protocol voice server update handler
Traceback (most recent call last):
  File "/opt/virtualenvs/python3/lib/python3.8/site-packages/discord/state.py", line 102, in logging_coroutine
    await coroutine
  File "/opt/virtualenvs/python3/lib/python3.8/site-packages/discord/voice_client.py", line 295, in on_voice_server_update
    await self.ws.close(4000)
AttributeError: 'NoneType' object has no attribute 'close'
2022-07-02 10:33:27,069 INFO: selected the voice protocol for use (xsalsa20_poly1305_lite)
2022-07-02 10:33:27,273 INFO: received secret key for voice connection
2022-07-02 10:33:30,166 INFO: Preparing to terminate ffmpeg process 1255.
2022-07-02 10:33:30,166 INFO: ffmpeg process 1255 successfully terminated with return code of 0.
2022-07-02 10:33:32,371 INFO: Preparing to terminate ffmpeg process 1265.
2022-07-02 10:33:32,372 INFO: ffmpeg process 1265 successfully terminated with return code of 0.
2022-07-02 10:33:33,413 INFO: The voice handshake is being terminated for Channel ID 868516155525046333 (Guild ID 428109526550708234)
2022-07-02 10:33:33,414 INFO: Disconnecting from voice normally, close code 1000.
2022-07-02 10:41:54,446 INFO: SparkleZ out 9又4分之8.7月台[123是什麼敷衍的名字]
2022-07-02 10:41:54,446 INFO: Connecting to voice...
2022-07-02 10:41:54,446 INFO: Starting voice handshake... (connection attempt 1)
2022-07-02 10:41:55,263 INFO: Voice handshake complete. Endpoint found hongkong4965.discord.media
2022-07-02 10:41:56,291 INFO: selected the voice protocol for use (xsalsa20_poly1305_lite)
2022-07-02 10:41:56,493 INFO: received secret key for voice connection
2022-07-02 10:41:58,480 INFO: Preparing to terminate ffmpeg process 1308.
2022-07-02 10:41:58,481 INFO: ffmpeg process 1308 successfully terminated with return code of 0.
2022-07-02 10:41:59,510 INFO: The voice handshake is being terminated for Channel ID 728631391809437746 (Guild ID 428109526550708234)
2022-07-02 10:41:59,511 INFO: Disconnecting from voice normally, close code 1000.
2022-07-02 11:06:51,074 INFO: Connecting to voice...
2022-07-02 11:06:51,074 INFO: Starting voice handshake... (connection attempt 1)
2022-07-02 11:06:51,874 INFO: Voice handshake complete. Endpoint found hongkong10000.discord.media
2022-07-02 11:06:52,054 ERROR: Exception occurred during Voice Protocol voice server update handler
Traceback (most recent call last):
  File "/opt/virtualenvs/python3/lib/python3.8/site-packages/discord/state.py", line 102, in logging_coroutine
    await coroutine
  File "/opt/virtualenvs/python3/lib/python3.8/site-packages/discord/voice_client.py", line 295, in on_voice_server_update
    await self.ws.close(4000)
AttributeError: 'NoneType' object has no attribute 'close'
2022-07-02 11:06:52,883 INFO: selected the voice protocol for use (xsalsa20_poly1305_lite)
2022-07-02 11:06:53,082 INFO: received secret key for voice connection
2022-07-02 11:06:53,754 INFO: 神奇海螺 in 9又4分之8.7月台[123是什麼敷衍的名字]
2022-07-02 11:06:58,432 INFO: Preparing to terminate ffmpeg process 1379.
2022-07-02 11:06:58,432 INFO: ffmpeg process 1379 successfully terminated with return code of 0.
2022-07-02 11:06:59,514 INFO: The voice handshake is being terminated for Channel ID 992748181836271666 (Guild ID 428109526550708234)
2022-07-02 11:06:59,515 INFO: Connecting to voice...
2022-07-02 11:06:59,515 INFO: Starting voice handshake... (connection attempt 1)
2022-07-02 11:06:59,515 INFO: Disconnecting from voice normally, close code 1000.
2022-07-02 11:06:59,789 INFO: Voice handshake complete. Endpoint found hongkong4965.discord.media
2022-07-02 11:07:00,791 INFO: selected the voice protocol for use (xsalsa20_poly1305_lite)
2022-07-02 11:07:00,990 INFO: received secret key for voice connection
2022-07-02 11:07:03,340 INFO: Preparing to terminate ffmpeg process 1390.
2022-07-02 11:07:03,342 INFO: ffmpeg process 1390 successfully terminated with return code of 0.
2022-07-02 11:07:05,403 INFO: Preparing to terminate ffmpeg process 1400.
2022-07-02 11:07:05,404 INFO: ffmpeg process 1400 successfully terminated with return code of 0.
2022-07-02 11:07:06,426 INFO: The voice handshake is being terminated for Channel ID 728631391809437746 (Guild ID 428109526550708234)
2022-07-02 11:07:06,427 INFO: Disconnecting from voice normally, close code 1000.
2022-07-02 11:35:27,404 INFO: SparkleZ in 9又4分之8.7月台[123是什麼敷衍的名字]
2022-07-02 11:35:27,651 INFO: Connecting to voice...
2022-07-02 11:35:27,651 INFO: Starting voice handshake... (connection attempt 1)
2022-07-02 11:35:27,957 INFO: Voice handshake complete. Endpoint found hongkong4965.discord.media
2022-07-02 11:35:28,996 INFO: selected the voice protocol for use (xsalsa20_poly1305_lite)
2022-07-02 11:35:29,197 INFO: received secret key for voice connection
2022-07-02 11:35:31,186 INFO: Preparing to terminate ffmpeg process 1473.
2022-07-02 11:35:31,186 INFO: ffmpeg process 1473 successfully terminated with return code of 0.
2022-07-02 11:35:34,585 INFO: Preparing to terminate ffmpeg process 1483.
2022-07-02 11:35:34,587 INFO: ffmpeg process 1483 successfully terminated with return code of 0.
2022-07-02 11:35:35,637 INFO: The voice handshake is being terminated for Channel ID 728631391809437746 (Guild ID 428109526550708234)
2022-07-02 11:35:35,638 INFO: Disconnecting from voice normally, close code 1000.
2022-07-02 11:41:40,482 INFO: Got a request to RESUME the websocket.
2022-07-02 11:41:40,629 INFO: Shard ID None has sent the RESUME payload.
2022-07-02 11:41:40,666 INFO: Shard ID None has successfully RESUMED session d5398548714fe256d99a865d63d25519 under trace ["gateway-prd-main-n5w8",{"micros":610,"calls":["discord-sessions-green-prd-2-123",{"micros":21}]}].
2022-07-02 13:43:25,726 INFO: BunnyplayGG in 9又4分之8.7月台[123是什麼敷衍的名字]
2022-07-02 13:43:25,750 INFO: Connecting to voice...
2022-07-02 13:43:25,750 INFO: Starting voice handshake... (connection attempt 1)
2022-07-02 13:43:26,092 INFO: Voice handshake complete. Endpoint found hongkong4965.discord.media
2022-07-02 13:43:27,147 INFO: selected the voice protocol for use (xsalsa20_poly1305_lite)
2022-07-02 13:43:27,357 INFO: received secret key for voice connection
2022-07-02 13:43:29,225 INFO: Preparing to terminate ffmpeg process 1830.
2022-07-02 13:43:29,226 INFO: ffmpeg process 1830 successfully terminated with return code of 0.
2022-07-02 13:43:32,648 INFO: Preparing to terminate ffmpeg process 1840.
2022-07-02 13:43:32,649 INFO: ffmpeg process 1840 successfully terminated with return code of 0.
2022-07-02 13:43:33,707 INFO: The voice handshake is being terminated for Channel ID 728631391809437746 (Guild ID 428109526550708234)
2022-07-02 13:43:33,708 INFO: Disconnecting from voice normally, close code 1000.
2022-07-02 13:48:25,312 INFO: MaiMai的Pool in 9又4分之8.7月台[123是什麼敷衍的名字]
2022-07-02 13:48:25,320 INFO: Connecting to voice...
2022-07-02 13:48:25,320 INFO: Starting voice handshake... (connection attempt 1)
2022-07-02 13:48:26,127 INFO: Voice handshake complete. Endpoint found hongkong4965.discord.media
2022-07-02 13:48:27,197 INFO: selected the voice protocol for use (xsalsa20_poly1305_lite)
2022-07-02 13:48:27,409 INFO: received secret key for voice connection
2022-07-02 13:48:30,200 INFO: Preparing to terminate ffmpeg process 1851.
2022-07-02 13:48:30,202 INFO: ffmpeg process 1851 successfully terminated with return code of 0.
2022-07-02 13:48:31,700 INFO: Preparing to terminate ffmpeg process 1861.
2022-07-02 13:48:31,701 INFO: ffmpeg process 1861 successfully terminated with return code of 0.
2022-07-02 13:48:33,242 INFO: The voice handshake is being terminated for Channel ID 728631391809437746 (Guild ID 428109526550708234)
2022-07-02 13:48:33,243 INFO: Disconnecting from voice normally, close code 1000.
2022-07-02 13:50:17,349 INFO: Connecting to voice...
2022-07-02 13:50:17,349 INFO: Starting voice handshake... (connection attempt 1)
2022-07-02 13:50:18,026 INFO: Voice handshake complete. Endpoint found hongkong10000.discord.media
2022-07-02 13:50:18,221 ERROR: Exception occurred during Voice Protocol voice server update handler
Traceback (most recent call last):
  File "/opt/virtualenvs/python3/lib/python3.8/site-packages/discord/state.py", line 102, in logging_coroutine
    await coroutine
  File "/opt/virtualenvs/python3/lib/python3.8/site-packages/discord/voice_client.py", line 295, in on_voice_server_update
    await self.ws.close(4000)
AttributeError: 'NoneType' object has no attribute 'close'
2022-07-02 13:50:19,087 INFO: selected the voice protocol for use (xsalsa20_poly1305_lite)
2022-07-02 13:50:19,300 INFO: received secret key for voice connection
2022-07-02 13:50:21,184 INFO: KyrieR in 9又4分之8.7月台[123是什麼敷衍的名字]
2022-07-02 13:50:24,646 INFO: Preparing to terminate ffmpeg process 1872.
2022-07-02 13:50:24,646 INFO: ffmpeg process 1872 successfully terminated with return code of 0.
2022-07-02 13:50:25,733 INFO: The voice handshake is being terminated for Channel ID 992789311734939668 (Guild ID 428109526550708234)
2022-07-02 13:50:25,733 INFO: Connecting to voice...
2022-07-02 13:50:25,733 INFO: Starting voice handshake... (connection attempt 1)
2022-07-02 13:50:25,734 INFO: Disconnecting from voice normally, close code 1000.
2022-07-02 13:50:25,982 INFO: Voice handshake complete. Endpoint found hongkong4965.discord.media
2022-07-02 13:50:27,026 INFO: selected the voice protocol for use (xsalsa20_poly1305_lite)
2022-07-02 13:50:27,240 INFO: received secret key for voice connection
2022-07-02 13:50:29,332 INFO: Preparing to terminate ffmpeg process 1883.
2022-07-02 13:50:29,333 INFO: ffmpeg process 1883 successfully terminated with return code of 0.
2022-07-02 13:50:32,729 INFO: Preparing to terminate ffmpeg process 1893.
2022-07-02 13:50:32,730 INFO: ffmpeg process 1893 successfully terminated with return code of 0.
2022-07-02 13:50:33,785 INFO: The voice handshake is being terminated for Channel ID 728631391809437746 (Guild ID 428109526550708234)
2022-07-02 13:50:33,786 INFO: Disconnecting from voice normally, close code 1000.
2022-07-02 13:52:10,469 INFO: wawa的n in 9又4分之8.7月台[123是什麼敷衍的名字]
2022-07-02 13:52:10,498 INFO: Connecting to voice...
2022-07-02 13:52:10,499 INFO: Starting voice handshake... (connection attempt 1)
2022-07-02 13:52:11,056 INFO: Voice handshake complete. Endpoint found hongkong4965.discord.media
2022-07-02 13:52:12,090 INFO: selected the voice protocol for use (xsalsa20_poly1305_lite)
2022-07-02 13:52:12,294 INFO: received secret key for voice connection
2022-07-02 13:52:14,962 INFO: Preparing to terminate ffmpeg process 1935.
2022-07-02 13:52:14,963 INFO: ffmpeg process 1935 successfully terminated with return code of 0.
2022-07-02 13:52:16,977 INFO: Preparing to terminate ffmpeg process 1945.
2022-07-02 13:52:16,978 INFO: ffmpeg process 1945 successfully terminated with return code of 0.
2022-07-02 13:52:18,020 INFO: The voice handshake is being terminated for Channel ID 728631391809437746 (Guild ID 428109526550708234)
2022-07-02 13:52:18,021 INFO: Disconnecting from voice normally, close code 1000.
2022-07-02 13:57:33,900 INFO: Got a request to RESUME the websocket.
2022-07-02 13:57:34,067 INFO: Shard ID None has sent the RESUME payload.
2022-07-02 13:57:34,108 INFO: Shard ID None has successfully RESUMED session d5398548714fe256d99a865d63d25519 under trace ["gateway-prd-main-vf2g",{"micros":2758,"calls":["discord-sessions-green-prd-2-123",{"micros":20}]}].
2022-07-02 14:10:15,458 INFO: SparkleZ out 9又4分之8.7月台[123是什麼敷衍的名字]
2022-07-02 14:10:15,458 INFO: Connecting to voice...
2022-07-02 14:10:15,459 INFO: Starting voice handshake... (connection attempt 1)
2022-07-02 14:10:15,782 INFO: Voice handshake complete. Endpoint found hongkong4965.discord.media
2022-07-02 14:10:16,798 INFO: selected the voice protocol for use (xsalsa20_poly1305_lite)
2022-07-02 14:10:17,001 INFO: received secret key for voice connection
2022-07-02 14:10:18,996 INFO: Preparing to terminate ffmpeg process 1988.
2022-07-02 14:10:18,997 INFO: ffmpeg process 1988 successfully terminated with return code of 0.
2022-07-02 14:10:20,027 INFO: The voice handshake is being terminated for Channel ID 728631391809437746 (Guild ID 428109526550708234)
2022-07-02 14:10:20,027 INFO: Disconnecting from voice normally, close code 1000.
2022-07-02 14:14:29,698 INFO: SparkleZ in 9又4分之8.7月台[123是什麼敷衍的名字]
2022-07-02 14:14:29,720 INFO: Connecting to voice...
2022-07-02 14:14:29,721 INFO: Starting voice handshake... (connection attempt 1)
2022-07-02 14:14:30,048 INFO: Voice handshake complete. Endpoint found hongkong4965.discord.media
2022-07-02 14:14:31,099 INFO: selected the voice protocol for use (xsalsa20_poly1305_lite)
2022-07-02 14:14:31,329 INFO: received secret key for voice connection
2022-07-02 14:14:33,836 INFO: Preparing to terminate ffmpeg process 1999.
2022-07-02 14:14:33,837 INFO: ffmpeg process 1999 successfully terminated with return code of 0.
2022-07-02 14:14:37,222 INFO: Preparing to terminate ffmpeg process 2009.
2022-07-02 14:14:37,224 INFO: ffmpeg process 2009 successfully terminated with return code of 0.
2022-07-02 14:14:38,272 INFO: The voice handshake is being terminated for Channel ID 728631391809437746 (Guild ID 428109526550708234)
2022-07-02 14:14:38,272 INFO: Disconnecting from voice normally, close code 1000.
2022-07-02 14:21:56,157 INFO: Fiven-chung in 9又4分之8.7月台[123是什麼敷衍的名字]
2022-07-02 14:21:56,454 INFO: Connecting to voice...
2022-07-02 14:21:56,454 INFO: Starting voice handshake... (connection attempt 1)
2022-07-02 14:21:56,699 INFO: Voice handshake complete. Endpoint found hongkong4965.discord.media
2022-07-02 14:21:57,738 INFO: selected the voice protocol for use (xsalsa20_poly1305_lite)
2022-07-02 14:21:57,943 INFO: received secret key for voice connection
2022-07-02 14:21:59,810 INFO: Preparing to terminate ffmpeg process 2051.
2022-07-02 14:21:59,811 INFO: ffmpeg process 2051 successfully terminated with return code of 0.
2022-07-02 14:22:02,023 INFO: Preparing to terminate ffmpeg process 2061.
2022-07-02 14:22:02,024 INFO: ffmpeg process 2061 successfully terminated with return code of 0.
2022-07-02 14:22:03,068 INFO: The voice handshake is being terminated for Channel ID 728631391809437746 (Guild ID 428109526550708234)
2022-07-02 14:22:03,068 INFO: Disconnecting from voice normally, close code 1000.
2022-07-02 14:51:55,584 INFO: Fiven-chung out 9又4分之8.7月台[123是什麼敷衍的名字]
2022-07-02 14:51:55,585 INFO: Connecting to voice...
2022-07-02 14:51:55,585 INFO: Starting voice handshake... (connection attempt 1)
2022-07-02 14:51:56,541 INFO: Voice handshake complete. Endpoint found hongkong4965.discord.media
2022-07-02 14:51:57,628 INFO: selected the voice protocol for use (xsalsa20_poly1305_lite)
2022-07-02 14:51:57,844 INFO: received secret key for voice connection
2022-07-02 14:51:59,773 INFO: Preparing to terminate ffmpeg process 2164.
2022-07-02 14:51:59,773 INFO: ffmpeg process 2164 successfully terminated with return code of 0.
2022-07-02 14:52:00,864 INFO: The voice handshake is being terminated for Channel ID 728631391809437746 (Guild ID 428109526550708234)
2022-07-02 14:52:00,865 INFO: Disconnecting from voice normally, close code 1000.
2022-07-02 16:03:30,184 INFO: MaiMai的Pool out 9又4分之8.7月台[123是什麼敷衍的名字]
2022-07-02 16:03:30,185 INFO: Connecting to voice...
2022-07-02 16:03:30,185 INFO: Starting voice handshake... (connection attempt 1)
2022-07-02 16:03:30,554 INFO: Voice handshake complete. Endpoint found hongkong4965.discord.media
2022-07-02 16:03:31,617 INFO: selected the voice protocol for use (xsalsa20_poly1305_lite)
2022-07-02 16:03:31,832 INFO: received secret key for voice connection
2022-07-02 16:03:32,563 INFO: MaiMai的Pool in 9又4分之8.7月台[123是什麼敷衍的名字]
2022-07-02 16:03:33,940 INFO: Preparing to terminate ffmpeg process 2330.
2022-07-02 16:03:33,940 INFO: ffmpeg process 2330 successfully terminated with return code of 0.
2022-07-02 16:03:37,234 INFO: Preparing to terminate ffmpeg process 2340.
2022-07-02 16:03:37,234 INFO: ffmpeg process 2340 successfully terminated with return code of 0.
2022-07-02 16:03:39,371 INFO: Preparing to terminate ffmpeg process 2350.
2022-07-02 16:03:39,372 INFO: ffmpeg process 2350 successfully terminated with return code of 0.
2022-07-02 16:03:40,375 INFO: The voice handshake is being terminated for Channel ID 728631391809437746 (Guild ID 428109526550708234)
2022-07-02 16:03:40,376 INFO: Disconnecting from voice normally, close code 1000.
2022-07-02 16:03:44,320 INFO: Fiven-chung in 9又4分之8.7月台[123是什麼敷衍的名字]
2022-07-02 16:03:44,367 INFO: Connecting to voice...
2022-07-02 16:03:44,367 INFO: Starting voice handshake... (connection attempt 1)
2022-07-02 16:03:44,677 INFO: Voice handshake complete. Endpoint found hongkong4965.discord.media
2022-07-02 16:03:45,704 INFO: selected the voice protocol for use (xsalsa20_poly1305_lite)
2022-07-02 16:03:45,906 INFO: received secret key for voice connection
2022-07-02 16:03:47,776 INFO: Preparing to terminate ffmpeg process 2361.
2022-07-02 16:03:47,777 INFO: ffmpeg process 2361 successfully terminated with return code of 0.
2022-07-02 16:03:49,929 INFO: Preparing to terminate ffmpeg process 2371.
2022-07-02 16:03:49,930 INFO: ffmpeg process 2371 successfully terminated with return code of 0.
2022-07-02 16:03:50,934 INFO: The voice handshake is being terminated for Channel ID 728631391809437746 (Guild ID 428109526550708234)
2022-07-02 16:03:50,934 INFO: Disconnecting from voice normally, close code 1000.
2022-07-02 16:05:57,300 INFO: Lexor in 9又4分之8.7月台[123是什麼敷衍的名字]
2022-07-02 16:05:57,310 INFO: Connecting to voice...
2022-07-02 16:05:57,310 INFO: Starting voice handshake... (connection attempt 1)
2022-07-02 16:05:57,660 INFO: Voice handshake complete. Endpoint found hongkong4965.discord.media
2022-07-02 16:05:58,705 INFO: selected the voice protocol for use (xsalsa20_poly1305_lite)
2022-07-02 16:05:58,917 INFO: received secret key for voice connection
2022-07-02 16:06:00,785 INFO: Preparing to terminate ffmpeg process 2382.
2022-07-02 16:06:00,785 INFO: ffmpeg process 2382 successfully terminated with return code of 0.
2022-07-02 16:06:03,502 INFO: Preparing to terminate ffmpeg process 2392.
2022-07-02 16:06:03,503 INFO: ffmpeg process 2392 successfully terminated with return code of 0.
2022-07-02 16:06:04,550 INFO: The voice handshake is being terminated for Channel ID 728631391809437746 (Guild ID 428109526550708234)
2022-07-02 16:06:04,550 INFO: Disconnecting from voice normally, close code 1000.
2022-07-02 16:29:45,831 INFO: BunnyplayGG out 9又4分之8.7月台[123是什麼敷衍的名字]
2022-07-02 16:29:45,831 INFO: Connecting to voice...
2022-07-02 16:29:45,832 INFO: Starting voice handshake... (connection attempt 1)
2022-07-02 16:29:46,795 INFO: Voice handshake complete. Endpoint found hongkong4965.discord.media
2022-07-02 16:29:47,876 INFO: selected the voice protocol for use (xsalsa20_poly1305_lite)
2022-07-02 16:29:48,087 INFO: received secret key for voice connection
2022-07-02 16:29:50,458 INFO: Preparing to terminate ffmpeg process 2497.
2022-07-02 16:29:50,459 INFO: ffmpeg process 2497 successfully terminated with return code of 0.
2022-07-02 16:29:51,507 INFO: The voice handshake is being terminated for Channel ID 728631391809437746 (Guild ID 428109526550708234)
2022-07-02 16:29:51,507 INFO: Disconnecting from voice normally, close code 1000.
2022-07-02 16:30:14,561 INFO: Fiven-chung out 9又4分之8.7月台[123是什麼敷衍的名字]
2022-07-02 16:30:14,561 INFO: Connecting to voice...
2022-07-02 16:30:14,561 INFO: Starting voice handshake... (connection attempt 1)
2022-07-02 16:30:14,944 INFO: Voice handshake complete. Endpoint found hongkong4965.discord.media
2022-07-02 16:30:16,008 INFO: selected the voice protocol for use (xsalsa20_poly1305_lite)
2022-07-02 16:30:16,216 INFO: received secret key for voice connection
2022-07-02 16:30:18,147 INFO: Preparing to terminate ffmpeg process 2508.
2022-07-02 16:30:18,147 INFO: ffmpeg process 2508 successfully terminated with return code of 0.
2022-07-02 16:30:19,235 INFO: The voice handshake is being terminated for Channel ID 728631391809437746 (Guild ID 428109526550708234)
2022-07-02 16:30:19,236 INFO: Disconnecting from voice normally, close code 1000.
2022-07-02 16:31:26,460 INFO: SparkleZ out 9又4分之8.7月台[123是什麼敷衍的名字]
2022-07-02 16:31:26,460 INFO: Connecting to voice...
2022-07-02 16:31:26,460 INFO: Starting voice handshake... (connection attempt 1)
2022-07-02 16:31:27,426 INFO: Voice handshake complete. Endpoint found hongkong4965.discord.media
2022-07-02 16:31:28,458 INFO: selected the voice protocol for use (xsalsa20_poly1305_lite)
2022-07-02 16:31:28,662 INFO: received secret key for voice connection
2022-07-02 16:31:30,652 INFO: Preparing to terminate ffmpeg process 2519.
2022-07-02 16:31:30,653 INFO: ffmpeg process 2519 successfully terminated with return code of 0.
2022-07-02 16:31:31,690 INFO: The voice handshake is being terminated for Channel ID 728631391809437746 (Guild ID 428109526550708234)
2022-07-02 16:31:31,691 INFO: Disconnecting from voice normally, close code 1000.
2022-07-02 16:32:28,959 INFO: Lexor out 9又4分之8.7月台[123是什麼敷衍的名字]
2022-07-02 16:32:28,959 INFO: Connecting to voice...
2022-07-02 16:32:28,960 INFO: Starting voice handshake... (connection attempt 1)
2022-07-02 16:32:29,339 INFO: Voice handshake complete. Endpoint found hongkong4965.discord.media
2022-07-02 16:32:30,358 INFO: selected the voice protocol for use (xsalsa20_poly1305_lite)
2022-07-02 16:32:30,556 INFO: received secret key for voice connection
2022-07-02 16:32:32,245 INFO: Preparing to terminate ffmpeg process 2530.
2022-07-02 16:32:32,246 INFO: ffmpeg process 2530 successfully terminated with return code of 0.
2022-07-02 16:32:33,278 INFO: The voice handshake is being terminated for Channel ID 728631391809437746 (Guild ID 428109526550708234)
2022-07-02 16:32:33,279 INFO: Disconnecting from voice normally, close code 1000.
2022-07-02 16:32:45,989 INFO: Lexor in 9又4分之8.7月台[123是什麼敷衍的名字]
2022-07-02 16:32:46,009 INFO: Connecting to voice...
2022-07-02 16:32:46,009 INFO: Starting voice handshake... (connection attempt 1)
2022-07-02 16:32:46,370 INFO: Voice handshake complete. Endpoint found hongkong4965.discord.media
2022-07-02 16:32:47,406 INFO: selected the voice protocol for use (xsalsa20_poly1305_lite)
2022-07-02 16:32:47,612 INFO: received secret key for voice connection
2022-07-02 16:32:49,478 INFO: Preparing to terminate ffmpeg process 2541.
2022-07-02 16:32:49,479 INFO: ffmpeg process 2541 successfully terminated with return code of 0.
2022-07-02 16:32:51,792 INFO: Preparing to terminate ffmpeg process 2551.
2022-07-02 16:32:51,793 INFO: ffmpeg process 2551 successfully terminated with return code of 0.
2022-07-02 16:32:52,838 INFO: The voice handshake is being terminated for Channel ID 728631391809437746 (Guild ID 428109526550708234)
2022-07-02 16:32:52,839 INFO: Disconnecting from voice normally, close code 1000.
2022-07-02 17:03:55,962 INFO: Lexor out 9又4分之8.7月台[123是什麼敷衍的名字]
2022-07-02 17:03:55,963 INFO: Connecting to voice...
2022-07-02 17:03:55,963 INFO: Starting voice handshake... (connection attempt 1)
2022-07-02 17:03:56,764 INFO: Voice handshake complete. Endpoint found hongkong4965.discord.media
2022-07-02 17:03:57,793 INFO: selected the voice protocol for use (xsalsa20_poly1305_lite)
2022-07-02 17:03:58,001 INFO: received secret key for voice connection
2022-07-02 17:03:59,691 INFO: Preparing to terminate ffmpeg process 2624.
2022-07-02 17:03:59,692 INFO: ffmpeg process 2624 successfully terminated with return code of 0.
2022-07-02 17:04:00,718 INFO: The voice handshake is being terminated for Channel ID 728631391809437746 (Guild ID 428109526550708234)
2022-07-02 17:04:00,719 INFO: Disconnecting from voice normally, close code 1000.
2022-07-02 17:04:21,866 INFO: wawa的n out 9又4分之8.7月台[123是什麼敷衍的名字]
2022-07-02 17:04:21,868 INFO: Connecting to voice...
2022-07-02 17:04:21,869 INFO: Starting voice handshake... (connection attempt 1)
2022-07-02 17:04:22,226 INFO: Voice handshake complete. Endpoint found hongkong4965.discord.media
2022-07-02 17:04:23,261 INFO: selected the voice protocol for use (xsalsa20_poly1305_lite)
2022-07-02 17:04:23,469 INFO: received secret key for voice connection
2022-07-02 17:04:25,457 INFO: Preparing to terminate ffmpeg process 2635.
2022-07-02 17:04:25,457 INFO: ffmpeg process 2635 successfully terminated with return code of 0.
2022-07-02 17:04:26,488 INFO: The voice handshake is being terminated for Channel ID 728631391809437746 (Guild ID 428109526550708234)
2022-07-02 17:04:26,488 INFO: Disconnecting from voice normally, close code 1000.
2022-07-02 17:04:34,103 INFO: MaiMai的Pool out 9又4分之8.7月台[123是什麼敷衍的名字]
2022-07-02 17:04:34,103 INFO: Connecting to voice...
2022-07-02 17:04:34,104 INFO: Starting voice handshake... (connection attempt 1)
2022-07-02 17:04:34,467 INFO: Voice handshake complete. Endpoint found hongkong4965.discord.media
2022-07-02 17:04:35,495 INFO: selected the voice protocol for use (xsalsa20_poly1305_lite)
2022-07-02 17:04:36,020 INFO: received secret key for voice connection
2022-07-02 17:04:38,129 INFO: Preparing to terminate ffmpeg process 2646.
2022-07-02 17:04:38,129 INFO: ffmpeg process 2646 successfully terminated with return code of 0.
2022-07-02 17:04:39,137 INFO: The voice handshake is being terminated for Channel ID 728631391809437746 (Guild ID 428109526550708234)
2022-07-02 17:04:39,138 INFO: Disconnecting from voice normally, close code 1000.
2022-07-02 17:06:00,009 INFO: 不偷家的飄飄大仙 out 9又4分之8.7月台[123是什麼敷衍的名字]
2022-07-02 17:06:00,010 INFO: Connecting to voice...
2022-07-02 17:06:00,010 INFO: Starting voice handshake... (connection attempt 1)
2022-07-02 17:06:00,973 INFO: Voice handshake complete. Endpoint found hongkong4965.discord.media
2022-07-02 17:06:02,023 INFO: selected the voice protocol for use (xsalsa20_poly1305_lite)
2022-07-02 17:06:02,247 INFO: received secret key for voice connection
2022-07-02 17:06:02,786 INFO: KyrieR out 9又4分之8.7月台[123是什麼敷衍的名字]
2022-07-02 17:06:05,137 INFO: Preparing to terminate ffmpeg process 2657.
2022-07-02 17:06:05,137 INFO: ffmpeg process 2657 successfully terminated with return code of 0.
2022-07-02 17:06:07,975 INFO: Preparing to terminate ffmpeg process 2667.
2022-07-02 17:06:07,975 INFO: ffmpeg process 2667 successfully terminated with return code of 0.
2022-07-02 17:06:12,247 INFO: Preparing to terminate ffmpeg process 2677.
2022-07-02 17:06:12,248 INFO: ffmpeg process 2677 successfully terminated with return code of 0.
2022-07-02 17:06:13,307 INFO: The voice handshake is being terminated for Channel ID 728631391809437746 (Guild ID 428109526550708234)
2022-07-02 17:06:13,308 INFO: Disconnecting from voice normally, close code 1000.
2022-07-02 17:31:55,117 INFO: Got a request to RESUME the websocket.
2022-07-02 17:31:55,280 INFO: Shard ID None has sent the RESUME payload.
2022-07-02 17:31:55,325 INFO: Shard ID None has successfully RESUMED session d5398548714fe256d99a865d63d25519 under trace ["gateway-prd-main-pktf",{"micros":618,"calls":["discord-sessions-green-prd-2-123",{"micros":17}]}].
