2022-07-29 17:35:37,529 INFO: logging in using static token
2022-07-29 17:35:37,846 INFO: Shard ID None has sent the IDENTIFY payload.
2022-07-29 17:35:38,014 INFO: Shard ID None has connected to Gateway: ["gateway-prd-main-1gx0",{"micros":116922,"calls":["discord-sessions-blue-prd-2-187",{"micros":111110,"calls":["start_session",{"micros":34887,"calls":["discord-api-f8dd45c-4j64q",{"micros":31345,"calls":["get_user",{"micros":7264},"add_authorized_ip",{"micros":1491},"get_guilds",{"micros":4039},"coros_wait",{"micros":0}]}]},"guilds_connect",{"micros":2,"calls":[]},"presence_connect",{"micros":36319,"calls":[]}]}]}] (Session ID: 386f1caf10f737445739def533961197).
2022-07-29 17:35:40,065 INFO: 目前登入身份：神奇海螺#3847
2022-07-29 17:56:14,064 INFO: logging in using static token
2022-07-29 17:56:14,418 INFO: Shard ID None has sent the IDENTIFY payload.
2022-07-29 17:56:14,548 INFO: Shard ID None has connected to Gateway: ["gateway-prd-main-lqv6",{"micros":75319,"calls":["discord-sessions-blue-prd-2-90",{"micros":71399,"calls":["start_session",{"micros":51723,"calls":["discord-api-f8dd45c-c8685",{"micros":39882,"calls":["get_user",{"micros":10011},"add_authorized_ip",{"micros":1776},"get_guilds",{"micros":5626},"coros_wait",{"micros":1}]}]},"guilds_connect",{"micros":2,"calls":[]},"presence_connect",{"micros":5039,"calls":[]}]}]}] (Session ID: 18d0fc86bb8f4b899cd1509b38ea43c1).
2022-07-29 17:56:16,601 INFO: 目前登入身份：神奇海螺#3847
2022-07-29 18:24:51,539 INFO: logging in using static token
2022-07-29 18:24:51,835 INFO: Shard ID None has sent the IDENTIFY payload.
2022-07-29 18:24:52,047 INFO: Shard ID None has connected to Gateway: ["gateway-prd-main-gmtb",{"micros":172775,"calls":["discord-sessions-blue-prd-2-136",{"micros":170599,"calls":["start_session",{"micros":139316,"calls":["discord-api-f8dd45c-68lrj",{"micros":131190,"calls":["get_user",{"micros":38407},"add_authorized_ip",{"micros":8607},"get_guilds",{"micros":15053},"coros_wait",{"micros":1}]}]},"guilds_connect",{"micros":2,"calls":[]},"presence_connect",{"micros":1,"calls":[]}]}]}] (Session ID: d5cc70e9c55d78ecd6a29bd16fbd6620).
2022-07-29 18:24:54,089 INFO: 目前登入身份：神奇海螺#3847
2022-07-29 19:38:35,602 INFO: Got a request to RESUME the websocket.
2022-07-29 19:38:35,796 INFO: Shard ID None has sent the RESUME payload.
2022-07-29 19:38:35,841 INFO: Shard ID None has successfully RESUMED session d5cc70e9c55d78ecd6a29bd16fbd6620 under trace ["gateway-prd-main-1dk2",{"micros":918,"calls":["discord-sessions-blue-prd-2-136",{"micros":24}]}].
2022-07-29 21:28:55,169 INFO: logging in using static token
2022-07-29 21:28:55,451 INFO: Shard ID None has sent the IDENTIFY payload.
2022-07-29 21:28:55,583 INFO: Shard ID None has connected to Gateway: ["gateway-prd-main-rgm4",{"micros":87893,"calls":["discord-sessions-blue-prd-2-82",{"micros":87002,"calls":["start_session",{"micros":60658,"calls":["discord-api-f8dd45c-k6rk8",{"micros":55627,"calls":["get_user",{"micros":8383},"add_authorized_ip",{"micros":1773},"get_guilds",{"micros":6004},"coros_wait",{"micros":2}]}]},"guilds_connect",{"micros":3,"calls":[]},"presence_connect",{"micros":1,"calls":[]}]}]}] (Session ID: e87377210c241c9aef9746097fcf5e0e).
2022-07-29 21:28:57,680 INFO: 目前登入身份：神奇海螺#3847
2022-07-29 21:32:23,155 INFO: logging in using static token
2022-07-29 21:32:23,482 INFO: Shard ID None has sent the IDENTIFY payload.
2022-07-29 21:32:23,603 INFO: Shard ID None has connected to Gateway: ["gateway-prd-main-j5d9",{"micros":71484,"calls":["discord-sessions-blue-prd-2-194",{"micros":67813,"calls":["start_session",{"micros":48753,"calls":["discord-api-f8dd45c-fg6zw",{"micros":44110,"calls":["get_user",{"micros":8319},"add_authorized_ip",{"micros":3579},"get_guilds",{"micros":6517},"coros_wait",{"micros":1}]}]},"guilds_connect",{"micros":1,"calls":[]},"presence_connect",{"micros":5888,"calls":[]}]}]}] (Session ID: 10c073d6f8a91cdde29aa93d4af9aa4d).
2022-07-29 21:32:25,646 INFO: 目前登入身份：神奇海螺#3847
2022-07-29 23:30:25,780 INFO: Got a request to RESUME the websocket.
2022-07-29 23:30:25,951 INFO: Shard ID None has sent the RESUME payload.
2022-07-29 23:30:25,991 INFO: Shard ID None has successfully RESUMED session 10c073d6f8a91cdde29aa93d4af9aa4d under trace ["gateway-prd-main-4n4j",{"micros":661,"calls":["discord-sessions-blue-prd-2-194",{"micros":27}]}].
2022-07-30 00:56:34,315 INFO: logging in using static token
2022-07-30 00:56:34,652 INFO: Shard ID None has sent the IDENTIFY payload.
2022-07-30 00:56:34,863 INFO: Shard ID None has connected to Gateway: ["gateway-prd-main-mpnp",{"micros":169786,"calls":["discord-sessions-blue-prd-2-136",{"micros":168815,"calls":["start_session",{"micros":81140,"calls":["discord-api-f8dd45c-bnxm2",{"micros":75601,"calls":["get_user",{"micros":20162},"add_authorized_ip",{"micros":5004},"get_guilds",{"micros":7810},"coros_wait",{"micros":1}]}]},"guilds_connect",{"micros":2,"calls":[]},"presence_connect",{"micros":38147,"calls":[]}]}]}] (Session ID: ffaa16468795057b461e7eda66b11a32).
2022-07-30 00:56:36,914 INFO: 目前登入身份：神奇海螺#3847
2022-07-30 01:10:25,494 INFO: logging in using static token
2022-07-30 01:10:25,741 INFO: Shard ID None has sent the IDENTIFY payload.
2022-07-30 01:10:25,967 INFO: Shard ID None has connected to Gateway: ["gateway-prd-main-rgnn",{"micros":156125,"calls":["discord-sessions-blue-prd-2-197",{"micros":155419,"calls":["start_session",{"micros":80034,"calls":["discord-api-f8dd45c-tkg7f",{"micros":74063,"calls":["get_user",{"micros":17629},"add_authorized_ip",{"micros":8464},"get_guilds",{"micros":7390},"coros_wait",{"micros":2}]}]},"guilds_connect",{"micros":3,"calls":[]},"presence_connect",{"micros":43850,"calls":[]}]}]}] (Session ID: 83c67e5eb66836cb474b870c807318a8).
2022-07-30 01:10:28,037 INFO: 目前登入身份：神奇海螺#3847
2022-07-30 01:49:10,092 INFO: Got a request to RESUME the websocket.
2022-07-30 01:49:10,283 INFO: Shard ID None has sent the RESUME payload.
2022-07-30 01:49:10,343 INFO: Shard ID None has successfully RESUMED session 83c67e5eb66836cb474b870c807318a8 under trace ["gateway-prd-main-7c9j",{"micros":13685,"calls":["discord-sessions-blue-prd-2-197",{"micros":23}]}].
2022-07-30 02:10:36,508 INFO: logging in using static token
2022-07-30 02:10:36,820 INFO: Shard ID None has sent the IDENTIFY payload.
2022-07-30 02:10:36,934 INFO: Shard ID None has connected to Gateway: ["gateway-prd-main-h4zv",{"micros":70835,"calls":["discord-sessions-blue-prd-2-115",{"micros":69730,"calls":["start_session",{"micros":40419,"calls":["discord-api-f8dd45c-8kfgn",{"micros":36272,"calls":["get_user",{"micros":6618},"add_authorized_ip",{"micros":3909},"get_guilds",{"micros":6365},"coros_wait",{"micros":2}]}]},"guilds_connect",{"micros":2,"calls":[]},"presence_connect",{"micros":1,"calls":[]}]}]}] (Session ID: 171e7c367548416784118143fa35dade).
2022-07-30 02:10:39,018 INFO: 目前登入身份：神奇海螺#3847
2022-07-30 03:12:44,636 INFO: Got a request to RESUME the websocket.
2022-07-30 03:12:44,806 INFO: Shard ID None has sent the RESUME payload.
2022-07-30 03:12:44,850 INFO: Shard ID None has successfully RESUMED session 171e7c367548416784118143fa35dade under trace ["gateway-prd-main-gmtb",{"micros":629,"calls":["discord-sessions-blue-prd-2-115",{"micros":22}]}].
2022-07-30 03:28:11,282 INFO: Got a request to RESUME the websocket.
2022-07-30 03:28:11,461 INFO: Shard ID None has sent the RESUME payload.
2022-07-30 03:28:11,503 INFO: Shard ID None has successfully RESUMED session 171e7c367548416784118143fa35dade under trace ["gateway-prd-main-j42d",{"micros":652,"calls":["discord-sessions-blue-prd-2-115",{"micros":14}]}].
2022-07-30 04:24:27,697 INFO: logging in using static token
2022-07-30 04:24:27,945 INFO: Shard ID None has sent the IDENTIFY payload.
2022-07-30 04:24:28,077 INFO: Shard ID None has connected to Gateway: ["gateway-prd-main-bpfc",{"micros":92566,"calls":["discord-sessions-blue-prd-2-124",{"micros":89878,"calls":["start_session",{"micros":40661,"calls":["discord-api-f8dd45c-fgfp5",{"micros":36003,"calls":["get_user",{"micros":8551},"add_authorized_ip",{"micros":1317},"get_guilds",{"micros":6342},"coros_wait",{"micros":1}]}]},"guilds_connect",{"micros":2,"calls":[]},"presence_connect",{"micros":1,"calls":[]}]}]}] (Session ID: 8ed5a69a88ea1ed705bff0507d254f76).
2022-07-30 04:24:30,129 INFO: 目前登入身份：神奇海螺#3847
2022-07-30 05:09:33,472 INFO: logging in using static token
2022-07-30 05:09:33,723 INFO: Shard ID None has sent the IDENTIFY payload.
2022-07-30 05:09:33,961 INFO: Shard ID None has connected to Gateway: ["gateway-prd-main-zsjs",{"micros":194905,"calls":["discord-sessions-blue-prd-2-157",{"micros":194009,"calls":["start_session",{"micros":141591,"calls":["discord-api-f8dd45c-f287n",{"micros":131545,"calls":["get_user",{"micros":33609},"add_authorized_ip",{"micros":6268},"get_guilds",{"micros":23207},"coros_wait",{"micros":1}]}]},"guilds_connect",{"micros":2,"calls":[]},"presence_connect",{"micros":1,"calls":[]}]}]}] (Session ID: 0ce102852542134156725099b676290d).
2022-07-30 05:09:36,021 INFO: 目前登入身份：神奇海螺#3847
2022-07-30 05:48:00,120 INFO: MaiMai的Pool in 9又4分之8.7月台[123是什麼敷衍的名字]
2022-07-30 05:48:00,166 INFO: Connecting to voice...
2022-07-30 05:48:00,166 INFO: Starting voice handshake... (connection attempt 1)
2022-07-30 05:48:00,890 INFO: Voice handshake complete. Endpoint found hongkong3365.discord.media
2022-07-30 05:48:01,090 ERROR: Exception occurred during Voice Protocol voice server update handler
Traceback (most recent call last):
  File "/opt/virtualenvs/python3/lib/python3.8/site-packages/discord/state.py", line 102, in logging_coroutine
    await coroutine
  File "/opt/virtualenvs/python3/lib/python3.8/site-packages/discord/voice_client.py", line 295, in on_voice_server_update
    await self.ws.close(4000)
AttributeError: 'NoneType' object has no attribute 'close'
2022-07-30 05:48:02,025 INFO: selected the voice protocol for use (xsalsa20_poly1305_lite)
2022-07-30 05:48:02,255 INFO: received secret key for voice connection
2022-07-30 05:48:04,562 INFO: Preparing to terminate ffmpeg process 176.
2022-07-30 05:48:04,563 INFO: ffmpeg process 176 successfully terminated with return code of 0.
2022-07-30 05:48:06,742 INFO: Preparing to terminate ffmpeg process 187.
2022-07-30 05:48:06,743 INFO: ffmpeg process 187 successfully terminated with return code of 0.
2022-07-30 05:48:07,809 INFO: The voice handshake is being terminated for Channel ID 728631391809437746 (Guild ID 428109526550708234)
2022-07-30 05:48:07,810 INFO: Disconnecting from voice normally, close code 1000.
2022-07-30 05:48:29,665 INFO: wawa的n in 9又4分之8.7月台[123是什麼敷衍的名字]
2022-07-30 05:48:29,674 INFO: Connecting to voice...
2022-07-30 05:48:29,674 INFO: Starting voice handshake... (connection attempt 1)
2022-07-30 05:48:30,058 INFO: Voice handshake complete. Endpoint found hongkong3365.discord.media
2022-07-30 05:48:31,129 INFO: selected the voice protocol for use (xsalsa20_poly1305_lite)
2022-07-30 05:48:31,339 INFO: received secret key for voice connection
2022-07-30 05:48:34,012 INFO: Preparing to terminate ffmpeg process 198.
2022-07-30 05:48:34,013 INFO: ffmpeg process 198 successfully terminated with return code of 0.
2022-07-30 05:48:36,815 INFO: Preparing to terminate ffmpeg process 208.
2022-07-30 05:48:36,816 INFO: ffmpeg process 208 successfully terminated with return code of 0.
2022-07-30 05:48:37,878 INFO: The voice handshake is being terminated for Channel ID 728631391809437746 (Guild ID 428109526550708234)
2022-07-30 05:48:37,878 INFO: Disconnecting from voice normally, close code 1000.
2022-07-30 06:00:17,422 INFO: Chi in 9又4分之8.7月台[123是什麼敷衍的名字]
2022-07-30 06:00:17,466 INFO: Connecting to voice...
2022-07-30 06:00:17,466 INFO: Starting voice handshake... (connection attempt 1)
2022-07-30 06:00:18,408 INFO: Voice handshake complete. Endpoint found hongkong3365.discord.media
2022-07-30 06:00:19,476 INFO: selected the voice protocol for use (xsalsa20_poly1305_lite)
2022-07-30 06:00:19,690 INFO: received secret key for voice connection
2022-07-30 06:00:21,879 INFO: Preparing to terminate ffmpeg process 235.
2022-07-30 06:00:21,880 INFO: ffmpeg process 235 successfully terminated with return code of 0.
2022-07-30 06:00:24,210 INFO: Preparing to terminate ffmpeg process 245.
2022-07-30 06:00:24,210 INFO: ffmpeg process 245 successfully terminated with return code of 0.
2022-07-30 06:00:25,233 INFO: The voice handshake is being terminated for Channel ID 728631391809437746 (Guild ID 428109526550708234)
2022-07-30 06:00:25,234 INFO: Disconnecting from voice normally, close code 1000.
2022-07-30 06:01:51,288 INFO: wawa的n out 9又4分之8.7月台[123是什麼敷衍的名字]
2022-07-30 06:01:51,289 INFO: Connecting to voice...
2022-07-30 06:01:51,289 INFO: Starting voice handshake... (connection attempt 1)
2022-07-30 06:01:52,281 INFO: Voice handshake complete. Endpoint found hongkong3365.discord.media
2022-07-30 06:01:53,348 INFO: selected the voice protocol for use (xsalsa20_poly1305_lite)
2022-07-30 06:01:53,572 INFO: received secret key for voice connection
2022-07-30 06:01:55,564 INFO: Preparing to terminate ffmpeg process 256.
2022-07-30 06:01:55,565 INFO: ffmpeg process 256 successfully terminated with return code of 0.
2022-07-30 06:01:56,595 INFO: The voice handshake is being terminated for Channel ID 728631391809437746 (Guild ID 428109526550708234)
2022-07-30 06:01:56,596 INFO: Disconnecting from voice normally, close code 1000.
2022-07-30 06:03:30,347 INFO: wawa的n in 9又4分之8.7月台[123是什麼敷衍的名字]
2022-07-30 06:03:30,358 INFO: Connecting to voice...
2022-07-30 06:03:30,358 INFO: Starting voice handshake... (connection attempt 1)
2022-07-30 06:03:31,342 INFO: Voice handshake complete. Endpoint found hongkong3365.discord.media
2022-07-30 06:03:32,412 INFO: selected the voice protocol for use (xsalsa20_poly1305_lite)
2022-07-30 06:03:32,622 INFO: received secret key for voice connection
2022-07-30 06:03:34,773 INFO: Preparing to terminate ffmpeg process 267.
2022-07-30 06:03:34,773 INFO: ffmpeg process 267 successfully terminated with return code of 0.
2022-07-30 06:03:36,827 INFO: Preparing to terminate ffmpeg process 277.
2022-07-30 06:03:36,827 INFO: ffmpeg process 277 successfully terminated with return code of 0.
2022-07-30 06:03:37,869 INFO: The voice handshake is being terminated for Channel ID 728631391809437746 (Guild ID 428109526550708234)
2022-07-30 06:03:37,870 INFO: Disconnecting from voice normally, close code 1000.
2022-07-30 06:04:38,801 INFO: Connecting to voice...
2022-07-30 06:04:38,801 INFO: Starting voice handshake... (connection attempt 1)
2022-07-30 06:04:39,594 INFO: Voice handshake complete. Endpoint found hongkong1943.discord.media
2022-07-30 06:04:39,994 ERROR: Exception occurred during Voice Protocol voice server update handler
Traceback (most recent call last):
  File "/opt/virtualenvs/python3/lib/python3.8/site-packages/discord/state.py", line 102, in logging_coroutine
    await coroutine
  File "/opt/virtualenvs/python3/lib/python3.8/site-packages/discord/voice_client.py", line 295, in on_voice_server_update
    await self.ws.close(4000)
AttributeError: 'NoneType' object has no attribute 'close'
2022-07-30 06:04:40,665 INFO: selected the voice protocol for use (xsalsa20_poly1305_lite)
2022-07-30 06:04:40,876 INFO: received secret key for voice connection
2022-07-30 06:04:41,885 INFO: BunnyplayGG in 9又4分之8.7月台[123是什麼敷衍的名字]
2022-07-30 06:04:46,225 INFO: Preparing to terminate ffmpeg process 306.
2022-07-30 06:04:46,226 INFO: ffmpeg process 306 successfully terminated with return code of 0.
2022-07-30 06:04:47,327 INFO: The voice handshake is being terminated for Channel ID 1002818989463973889 (Guild ID 428109526550708234)
2022-07-30 06:04:47,328 INFO: Connecting to voice...
2022-07-30 06:04:47,328 INFO: Starting voice handshake... (connection attempt 1)
2022-07-30 06:04:47,329 INFO: Disconnecting from voice normally, close code 1000.
2022-07-30 06:04:47,590 INFO: Voice handshake complete. Endpoint found hongkong3365.discord.media
2022-07-30 06:04:48,665 INFO: selected the voice protocol for use (xsalsa20_poly1305_lite)
2022-07-30 06:04:48,874 INFO: received secret key for voice connection
2022-07-30 06:04:50,743 INFO: Preparing to terminate ffmpeg process 317.
2022-07-30 06:04:50,744 INFO: ffmpeg process 317 successfully terminated with return code of 0.
2022-07-30 06:04:52,782 INFO: Preparing to terminate ffmpeg process 327.
2022-07-30 06:04:52,783 INFO: ffmpeg process 327 successfully terminated with return code of 0.
2022-07-30 06:04:53,805 INFO: The voice handshake is being terminated for Channel ID 728631391809437746 (Guild ID 428109526550708234)
2022-07-30 06:04:53,805 INFO: Disconnecting from voice normally, close code 1000.
2022-07-30 06:26:56,369 INFO: 楓夜 in 9又4分之8.7月台[123是什麼敷衍的名字]
2022-07-30 06:26:56,381 INFO: Connecting to voice...
2022-07-30 06:26:56,381 INFO: Starting voice handshake... (connection attempt 1)
2022-07-30 06:26:57,078 INFO: Voice handshake complete. Endpoint found hongkong3365.discord.media
2022-07-30 06:26:58,152 INFO: selected the voice protocol for use (xsalsa20_poly1305_lite)
2022-07-30 06:26:58,364 INFO: received secret key for voice connection
2022-07-30 06:27:00,902 INFO: Preparing to terminate ffmpeg process 374.
2022-07-30 06:27:00,903 INFO: ffmpeg process 374 successfully terminated with return code of 0.
2022-07-30 06:27:02,966 INFO: Preparing to terminate ffmpeg process 384.
2022-07-30 06:27:02,966 INFO: ffmpeg process 384 successfully terminated with return code of 0.
2022-07-30 06:27:04,008 INFO: The voice handshake is being terminated for Channel ID 728631391809437746 (Guild ID 428109526550708234)
2022-07-30 06:27:04,009 INFO: Disconnecting from voice normally, close code 1000.
2022-07-30 06:47:03,754 INFO: Chi out 9又4分之8.7月台[123是什麼敷衍的名字]
2022-07-30 06:47:03,755 INFO: Connecting to voice...
2022-07-30 06:47:03,755 INFO: Starting voice handshake... (connection attempt 1)
2022-07-30 06:47:04,149 INFO: Voice handshake complete. Endpoint found hongkong3365.discord.media
2022-07-30 06:47:05,218 INFO: selected the voice protocol for use (xsalsa20_poly1305_lite)
2022-07-30 06:47:05,436 INFO: received secret key for voice connection
2022-07-30 06:47:07,003 INFO: Preparing to terminate ffmpeg process 413.
2022-07-30 06:47:07,004 INFO: ffmpeg process 413 successfully terminated with return code of 0.
2022-07-30 06:47:08,050 INFO: The voice handshake is being terminated for Channel ID 728631391809437746 (Guild ID 428109526550708234)
2022-07-30 06:47:08,051 INFO: Disconnecting from voice normally, close code 1000.
2022-07-30 06:48:09,202 INFO: Got a request to RESUME the websocket.
2022-07-30 06:48:09,361 INFO: Shard ID None has sent the RESUME payload.
2022-07-30 06:48:09,401 INFO: Shard ID None has successfully RESUMED session 0ce102852542134156725099b676290d under trace ["gateway-prd-main-hqhc",{"micros":1621,"calls":["discord-sessions-blue-prd-2-157",{"micros":17}]}].
2022-07-30 06:49:19,284 INFO: Chi in 9又4分之8.7月台[123是什麼敷衍的名字]
2022-07-30 06:49:19,377 INFO: Connecting to voice...
2022-07-30 06:49:19,377 INFO: Starting voice handshake... (connection attempt 1)
2022-07-30 06:49:20,240 INFO: Voice handshake complete. Endpoint found hongkong3365.discord.media
2022-07-30 06:49:21,363 INFO: selected the voice protocol for use (xsalsa20_poly1305_lite)
2022-07-30 06:49:21,588 INFO: received secret key for voice connection
2022-07-30 06:49:23,784 INFO: Preparing to terminate ffmpeg process 443.
2022-07-30 06:49:23,786 INFO: ffmpeg process 443 successfully terminated with return code of 0.
2022-07-30 06:49:26,492 INFO: Preparing to terminate ffmpeg process 453.
2022-07-30 06:49:26,493 INFO: ffmpeg process 453 successfully terminated with return code of 0.
2022-07-30 06:49:27,545 INFO: The voice handshake is being terminated for Channel ID 728631391809437746 (Guild ID 428109526550708234)
2022-07-30 06:49:27,546 INFO: Disconnecting from voice normally, close code 1000.
2022-07-30 08:21:49,892 INFO: 楓夜 out 9又4分之8.7月台[123是什麼敷衍的名字]
2022-07-30 08:21:49,892 INFO: Connecting to voice...
2022-07-30 08:21:49,892 INFO: Starting voice handshake... (connection attempt 1)
2022-07-30 08:21:50,857 INFO: Voice handshake complete. Endpoint found hongkong3365.discord.media
2022-07-30 08:21:51,928 INFO: selected the voice protocol for use (xsalsa20_poly1305_lite)
2022-07-30 08:21:52,140 INFO: received secret key for voice connection
2022-07-30 08:21:54,489 INFO: Preparing to terminate ffmpeg process 605.
2022-07-30 08:21:54,489 INFO: ffmpeg process 605 successfully terminated with return code of 0.
2022-07-30 08:21:55,565 INFO: The voice handshake is being terminated for Channel ID 728631391809437746 (Guild ID 428109526550708234)
2022-07-30 08:21:55,566 INFO: Disconnecting from voice normally, close code 1000.
2022-07-30 08:21:58,565 INFO: DADA的DIAO in 9又4分之8.7月台[123是什麼敷衍的名字]
2022-07-30 08:21:58,587 INFO: Connecting to voice...
2022-07-30 08:21:58,587 INFO: Starting voice handshake... (connection attempt 1)
2022-07-30 08:21:58,922 INFO: Voice handshake complete. Endpoint found hongkong3365.discord.media
2022-07-30 08:21:59,971 INFO: selected the voice protocol for use (xsalsa20_poly1305_lite)
2022-07-30 08:22:00,185 INFO: received secret key for voice connection
2022-07-30 08:22:02,435 INFO: Preparing to terminate ffmpeg process 616.
2022-07-30 08:22:02,436 INFO: ffmpeg process 616 successfully terminated with return code of 0.
2022-07-30 08:22:05,493 INFO: Preparing to terminate ffmpeg process 626.
2022-07-30 08:22:05,494 INFO: ffmpeg process 626 successfully terminated with return code of 0.
2022-07-30 08:22:06,525 INFO: The voice handshake is being terminated for Channel ID 728631391809437746 (Guild ID 428109526550708234)
2022-07-30 08:22:06,525 INFO: Disconnecting from voice normally, close code 1000.
2022-07-30 08:22:55,652 INFO: DADA的DIAO out 9又4分之8.7月台[123是什麼敷衍的名字]
2022-07-30 08:22:55,653 INFO: Connecting to voice...
2022-07-30 08:22:55,653 INFO: Starting voice handshake... (connection attempt 1)
2022-07-30 08:22:56,031 INFO: Voice handshake complete. Endpoint found hongkong3365.discord.media
2022-07-30 08:22:57,091 INFO: selected the voice protocol for use (xsalsa20_poly1305_lite)
2022-07-30 08:22:57,303 INFO: received secret key for voice connection
2022-07-30 08:22:59,396 INFO: Preparing to terminate ffmpeg process 637.
2022-07-30 08:22:59,397 INFO: ffmpeg process 637 successfully terminated with return code of 0.
2022-07-30 08:23:00,428 INFO: The voice handshake is being terminated for Channel ID 728631391809437746 (Guild ID 428109526550708234)
2022-07-30 08:23:00,429 INFO: Disconnecting from voice normally, close code 1000.
2022-07-30 08:23:02,388 INFO: wawa的n out 9又4分之8.7月台[123是什麼敷衍的名字]
2022-07-30 08:23:02,390 INFO: Connecting to voice...
2022-07-30 08:23:02,390 INFO: Starting voice handshake... (connection attempt 1)
2022-07-30 08:23:02,830 INFO: Voice handshake complete. Endpoint found hongkong3365.discord.media
2022-07-30 08:23:03,891 INFO: selected the voice protocol for use (xsalsa20_poly1305_lite)
2022-07-30 08:23:04,103 INFO: received secret key for voice connection
2022-07-30 08:23:06,095 INFO: Preparing to terminate ffmpeg process 648.
2022-07-30 08:23:06,095 INFO: ffmpeg process 648 successfully terminated with return code of 0.
2022-07-30 08:23:07,128 INFO: The voice handshake is being terminated for Channel ID 728631391809437746 (Guild ID 428109526550708234)
2022-07-30 08:23:07,129 INFO: Disconnecting from voice normally, close code 1000.
2022-07-30 08:23:11,927 INFO: Chi out 9又4分之8.7月台[123是什麼敷衍的名字]
2022-07-30 08:23:11,928 INFO: Connecting to voice...
2022-07-30 08:23:11,928 INFO: Starting voice handshake... (connection attempt 1)
2022-07-30 08:23:12,337 INFO: Voice handshake complete. Endpoint found hongkong3365.discord.media
2022-07-30 08:23:13,261 INFO: BunnyplayGG out 9又4分之8.7月台[123是什麼敷衍的名字]
2022-07-30 08:23:13,397 INFO: selected the voice protocol for use (xsalsa20_poly1305_lite)
2022-07-30 08:23:13,607 INFO: received secret key for voice connection
2022-07-30 08:23:15,180 INFO: Preparing to terminate ffmpeg process 659.
2022-07-30 08:23:15,181 INFO: ffmpeg process 659 successfully terminated with return code of 0.
2022-07-30 08:23:18,599 INFO: Preparing to terminate ffmpeg process 669.
2022-07-30 08:23:18,599 INFO: ffmpeg process 669 successfully terminated with return code of 0.
2022-07-30 08:23:19,655 INFO: The voice handshake is being terminated for Channel ID 728631391809437746 (Guild ID 428109526550708234)
2022-07-30 08:23:19,656 INFO: Disconnecting from voice normally, close code 1000.
2022-07-30 08:24:30,202 INFO: MaiMai的Pool out 9又4分之8.7月台[123是什麼敷衍的名字]
2022-07-30 08:24:30,202 INFO: Connecting to voice...
2022-07-30 08:24:30,202 INFO: Starting voice handshake... (connection attempt 1)
2022-07-30 08:24:30,365 INFO: Voice handshake complete. Endpoint found us-central9515.discord.media
2022-07-30 08:24:30,472 INFO: selected the voice protocol for use (xsalsa20_poly1305_lite)
2022-07-30 08:24:30,485 INFO: received secret key for voice connection
2022-07-30 08:24:32,594 INFO: Preparing to terminate ffmpeg process 680.
2022-07-30 08:24:32,595 INFO: ffmpeg process 680 successfully terminated with return code of 0.
2022-07-30 08:24:33,603 INFO: The voice handshake is being terminated for Channel ID 728631391809437746 (Guild ID 428109526550708234)
2022-07-30 08:24:33,604 INFO: Disconnecting from voice normally, close code 1000.
2022-07-30 10:23:12,097 INFO: Got a request to RESUME the websocket.
2022-07-30 10:23:12,267 INFO: Shard ID None has sent the RESUME payload.
2022-07-30 10:23:12,310 INFO: Shard ID None has successfully RESUMED session 0ce102852542134156725099b676290d under trace ["gateway-prd-main-jzvl",{"micros":875,"calls":["discord-sessions-blue-prd-2-157",{"micros":16}]}].
2022-07-30 11:20:17,757 INFO: Got a request to RESUME the websocket.
2022-07-30 11:20:17,922 INFO: Shard ID None has sent the RESUME payload.
2022-07-30 11:20:17,959 INFO: Shard ID None has successfully RESUMED session 0ce102852542134156725099b676290d under trace ["gateway-prd-main-mwdn",{"micros":557,"calls":["discord-sessions-blue-prd-2-157",{"micros":18}]}].
2022-07-30 12:53:57,809 INFO: Got a request to RESUME the websocket.
2022-07-30 12:53:57,978 INFO: Shard ID None has sent the RESUME payload.
2022-07-30 12:53:58,016 INFO: Shard ID None has successfully RESUMED session 0ce102852542134156725099b676290d under trace ["gateway-prd-main-nff4",{"micros":577,"calls":["discord-sessions-blue-prd-2-157",{"micros":20}]}].
2022-07-30 13:50:51,102 INFO: Websocket closed with 1006, attempting a reconnect.
2022-07-30 13:50:51,102 INFO: Got a request to RESUME the websocket.
2022-07-30 13:50:51,260 INFO: Shard ID None has sent the RESUME payload.
2022-07-30 13:50:51,301 INFO: Shard ID None has successfully RESUMED session 0ce102852542134156725099b676290d under trace ["gateway-prd-main-pnl7",{"micros":533,"calls":["discord-sessions-blue-prd-2-157",{"micros":22}]}].
2022-07-30 14:46:11,250 INFO: logging in using static token
2022-07-30 14:46:11,510 INFO: Shard ID None has sent the IDENTIFY payload.
2022-07-30 14:46:11,739 INFO: Shard ID None has connected to Gateway: ["gateway-prd-main-z2z1",{"micros":187069,"calls":["discord-sessions-blue-prd-2-164",{"micros":184027,"calls":["start_session",{"micros":72279,"calls":["discord-api-f8dd45c-8cb9x",{"micros":66956,"calls":["get_user",{"micros":32518},"add_authorized_ip",{"micros":1866},"get_guilds",{"micros":6654},"coros_wait",{"micros":2}]}]},"guilds_connect",{"micros":2,"calls":[]},"presence_connect",{"micros":1,"calls":[]}]}]}] (Session ID: a9904d5512f9dc1b8c603d5d1280e50b).
2022-07-30 14:46:13,792 INFO: 目前登入身份：神奇海螺#3847
2022-07-30 16:05:43,578 INFO: Got a request to RESUME the websocket.
2022-07-30 16:05:43,762 INFO: Shard ID None has sent the RESUME payload.
2022-07-30 16:05:43,805 INFO: Shard ID None has successfully RESUMED session a9904d5512f9dc1b8c603d5d1280e50b under trace ["gateway-prd-main-69bd",{"micros":4504,"calls":["discord-sessions-blue-prd-2-164",{"micros":21}]}].
