2022-07-06 17:01:50,017 INFO: logging in using static token
2022-07-06 17:01:50,372 INFO: Shard ID None has sent the IDENTIFY payload.
2022-07-06 17:01:50,494 INFO: Shard ID None has connected to Gateway: ["gateway-prd-main-d770",{"micros":73450,"calls":["discord-sessions-green-prd-2-63",{"micros":69484,"calls":["start_session",{"micros":44849,"calls":["discord-api-749b7bd8d5-4xg25",{"micros":38452,"calls":["get_user",{"micros":8876},"add_authorized_ip",{"micros":1995},"get_guilds",{"micros":4363},"coros_wait",{"micros":2}]}]},"guilds_connect",{"micros":3,"calls":[]},"presence_connect",{"micros":0,"calls":[]}]}]}] (Session ID: 37b0b58b47172eb210cc58ae17320922).
2022-07-06 17:01:52,717 INFO: 目前登入身份：神奇海螺#3847
2022-07-06 17:42:36,012 INFO: logging in using static token
2022-07-06 17:42:36,373 INFO: Shard ID None has sent the IDENTIFY payload.
2022-07-06 17:42:36,531 INFO: Shard ID None has connected to Gateway: ["gateway-prd-main-l542",{"micros":119335,"calls":["discord-sessions-green-prd-2-135",{"micros":118036,"calls":["start_session",{"micros":79999,"calls":["discord-api-749b7bd8d5-6fvgp",{"micros":74056,"calls":["get_user",{"micros":21919},"add_authorized_ip",{"micros":1739},"get_guilds",{"micros":11352},"coros_wait",{"micros":2}]}]},"guilds_connect",{"micros":2,"calls":[]},"presence_connect",{"micros":34699,"calls":[]}]}]}] (Session ID: 01afd4b2de3e27626a12fe4eb1dba3c6).
2022-07-06 17:42:38,586 INFO: 目前登入身份：神奇海螺#3847
2022-07-06 19:07:06,127 INFO: Got a request to RESUME the websocket.
2022-07-06 19:07:06,328 INFO: Shard ID None has sent the RESUME payload.
2022-07-06 19:07:06,397 INFO: Shard ID None has successfully RESUMED session 01afd4b2de3e27626a12fe4eb1dba3c6 under trace ["gateway-prd-main-dmt9",{"micros":1111,"calls":["discord-sessions-green-prd-2-135",{"micros":24}]}].
2022-07-06 19:24:05,180 INFO: logging in using static token
2022-07-06 19:24:05,510 INFO: Shard ID None has sent the IDENTIFY payload.
2022-07-06 19:24:05,649 INFO: Shard ID None has connected to Gateway: ["gateway-prd-main-h5cs",{"micros":92367,"calls":["discord-sessions-green-prd-2-25",{"micros":91235,"calls":["start_session",{"micros":70030,"calls":["discord-api-7b748cbcb7-lplzj",{"micros":64292,"calls":["get_user",{"micros":20288},"add_authorized_ip",{"micros":1954},"get_guilds",{"micros":7783},"coros_wait",{"micros":1}]}]},"guilds_connect",{"micros":2,"calls":[]},"presence_connect",{"micros":1,"calls":[]}]}]}] (Session ID: a649199aa2d2fa248542b857e08328f8).
2022-07-06 19:24:07,684 INFO: 目前登入身份：神奇海螺#3847
2022-07-06 19:44:09,139 INFO: Websocket closed with 1006, attempting a reconnect.
2022-07-06 19:44:09,140 INFO: Got a request to RESUME the websocket.
2022-07-06 19:44:09,327 INFO: Shard ID None has sent the RESUME payload.
2022-07-06 19:44:09,376 INFO: Shard ID None has successfully RESUMED session a649199aa2d2fa248542b857e08328f8 under trace ["gateway-prd-main-94mf",{"micros":1951,"calls":["discord-sessions-green-prd-2-25",{"micros":37}]}].
2022-07-06 21:00:45,243 INFO: Websocket closed with 1006, attempting a reconnect.
2022-07-06 21:00:45,243 INFO: Got a request to RESUME the websocket.
2022-07-06 21:00:45,469 INFO: Shard ID None has sent the RESUME payload.
2022-07-06 21:00:45,517 INFO: Shard ID None has successfully RESUMED session a649199aa2d2fa248542b857e08328f8 under trace ["gateway-prd-main-dcfw",{"micros":2979,"calls":["discord-sessions-green-prd-2-25",{"micros":20}]}].
2022-07-06 23:44:53,251 INFO: Websocket closed with 1006, attempting a reconnect.
2022-07-06 23:44:53,251 INFO: Got a request to RESUME the websocket.
2022-07-06 23:44:53,462 INFO: Shard ID None has sent the RESUME payload.
2022-07-06 23:44:53,502 INFO: Shard ID None has successfully RESUMED session a649199aa2d2fa248542b857e08328f8 under trace ["gateway-prd-main-509l",{"micros":723,"calls":["discord-sessions-green-prd-2-25",{"micros":19}]}].
2022-07-07 01:22:25,021 INFO: Got a request to RESUME the websocket.
2022-07-07 01:22:25,202 INFO: Shard ID None has sent the RESUME payload.
2022-07-07 01:22:25,260 INFO: Shard ID None has successfully RESUMED session a649199aa2d2fa248542b857e08328f8 under trace ["gateway-prd-main-q3pc",{"micros":596,"calls":["discord-sessions-green-prd-2-25",{"micros":20}]}].
2022-07-07 01:42:57,447 INFO: Got a request to RESUME the websocket.
2022-07-07 01:42:57,653 INFO: Shard ID None has sent the RESUME payload.
2022-07-07 01:42:57,690 INFO: Shard ID None has successfully RESUMED session a649199aa2d2fa248542b857e08328f8 under trace ["gateway-prd-main-n63q",{"micros":624,"calls":["discord-sessions-green-prd-2-25",{"micros":18}]}].
2022-07-07 02:50:18,066 INFO: Got a request to RESUME the websocket.
2022-07-07 02:50:18,239 INFO: Shard ID None has sent the RESUME payload.
2022-07-07 02:50:18,283 INFO: Shard ID None has successfully RESUMED session a649199aa2d2fa248542b857e08328f8 under trace ["gateway-prd-main-g692",{"micros":2561,"calls":["discord-sessions-green-prd-2-25",{"micros":16}]}].
2022-07-07 05:27:26,703 INFO: Got a request to RESUME the websocket.
2022-07-07 05:27:26,857 INFO: Shard ID None has sent the RESUME payload.
2022-07-07 05:27:26,900 INFO: Shard ID None has successfully RESUMED session a649199aa2d2fa248542b857e08328f8 under trace ["gateway-prd-main-jt2m",{"micros":582,"calls":["discord-sessions-green-prd-2-25",{"micros":19}]}].
2022-07-07 07:05:23,326 INFO: Got a request to RESUME the websocket.
2022-07-07 07:05:23,484 INFO: Shard ID None has sent the RESUME payload.
2022-07-07 07:05:23,524 INFO: Shard ID None has successfully RESUMED session a649199aa2d2fa248542b857e08328f8 under trace ["gateway-prd-main-2qqs",{"micros":885,"calls":["discord-sessions-green-prd-2-25",{"micros":21}]}].
2022-07-07 10:17:51,390 INFO: logging in using static token
2022-07-07 10:17:51,640 INFO: Shard ID None has sent the IDENTIFY payload.
2022-07-07 10:17:51,834 INFO: Shard ID None has connected to Gateway: ["gateway-prd-main-r93l",{"micros":154084,"calls":["discord-sessions-green-prd-2-56",{"micros":152899,"calls":["start_session",{"micros":110687,"calls":["discord-api-57fbfbcc9f-l5w28",{"micros":105503,"calls":["get_user",{"micros":29021},"add_authorized_ip",{"micros":4181},"get_guilds",{"micros":14135},"coros_wait",{"micros":2}]}]},"guilds_connect",{"micros":2,"calls":[]},"presence_connect",{"micros":41,"calls":[]}]}]}] (Session ID: 3537bad3527927317eb791c2d4e58eeb).
2022-07-07 10:17:53,910 INFO: 目前登入身份：神奇海螺#3847
2022-07-07 12:39:02,357 INFO: Websocket closed with 1006, attempting a reconnect.
2022-07-07 12:39:02,358 INFO: Got a request to RESUME the websocket.
2022-07-07 12:39:02,561 INFO: Shard ID None has sent the RESUME payload.
2022-07-07 12:39:02,600 INFO: Shard ID None has successfully RESUMED session 3537bad3527927317eb791c2d4e58eeb under trace ["gateway-prd-main-bsdx",{"micros":836,"calls":["discord-sessions-green-prd-2-56",{"micros":20}]}].
2022-07-07 13:05:26,656 INFO: logging in using static token
2022-07-07 13:05:26,910 INFO: Shard ID None has sent the IDENTIFY payload.
2022-07-07 13:05:27,046 INFO: Shard ID None has connected to Gateway: ["gateway-prd-main-r30l",{"micros":80010,"calls":["discord-sessions-green-prd-2-60",{"micros":79153,"calls":["start_session",{"micros":71933,"calls":["discord-api-57fbfbcc9f-djm7r",{"micros":67234,"calls":["get_user",{"micros":22936},"add_authorized_ip",{"micros":2115},"get_guilds",{"micros":7428},"coros_wait",{"micros":1}]}]},"guilds_connect",{"micros":2,"calls":[]},"presence_connect",{"micros":4,"calls":[]}]}]}] (Session ID: 579c85084bab72d72e31313864de53d9).
2022-07-07 13:05:29,112 INFO: 目前登入身份：神奇海螺#3847
2022-07-07 14:51:23,930 INFO: Got a request to RESUME the websocket.
2022-07-07 14:51:24,102 INFO: Shard ID None has sent the RESUME payload.
2022-07-07 14:51:24,142 INFO: Shard ID None has successfully RESUMED session 579c85084bab72d72e31313864de53d9 under trace ["gateway-prd-main-nbz2",{"micros":655,"calls":["discord-sessions-green-prd-2-60",{"micros":23}]}].
2022-07-07 15:37:39,943 INFO: Chi in 9又4分之8.7月台[123是什麼敷衍的名字]
2022-07-07 15:37:39,960 INFO: Connecting to voice...
2022-07-07 15:37:39,960 INFO: Starting voice handshake... (connection attempt 1)
2022-07-07 15:37:40,704 INFO: Voice handshake complete. Endpoint found hongkong4572.discord.media
2022-07-07 15:37:40,906 ERROR: Exception occurred during Voice Protocol voice server update handler
Traceback (most recent call last):
  File "/opt/virtualenvs/python3/lib/python3.8/site-packages/discord/state.py", line 102, in logging_coroutine
    await coroutine
  File "/opt/virtualenvs/python3/lib/python3.8/site-packages/discord/voice_client.py", line 295, in on_voice_server_update
    await self.ws.close(4000)
AttributeError: 'NoneType' object has no attribute 'close'
2022-07-07 15:37:41,810 INFO: selected the voice protocol for use (xsalsa20_poly1305_lite)
2022-07-07 15:37:42,028 INFO: received secret key for voice connection
2022-07-07 15:37:44,225 INFO: Preparing to terminate ffmpeg process 605.
2022-07-07 15:37:44,225 INFO: ffmpeg process 605 successfully terminated with return code of 0.
2022-07-07 15:37:46,856 INFO: Preparing to terminate ffmpeg process 616.
2022-07-07 15:37:46,856 INFO: ffmpeg process 616 successfully terminated with return code of 0.
2022-07-07 15:37:47,863 INFO: The voice handshake is being terminated for Channel ID 728631391809437746 (Guild ID 428109526550708234)
2022-07-07 15:37:47,864 INFO: Disconnecting from voice normally, close code 1000.
2022-07-07 15:43:29,137 INFO: Chi out 9又4分之8.7月台[123是什麼敷衍的名字]
2022-07-07 15:43:29,137 INFO: Connecting to voice...
2022-07-07 15:43:29,137 INFO: Starting voice handshake... (connection attempt 1)
2022-07-07 15:43:29,315 INFO: Voice handshake complete. Endpoint found us-central9734.discord.media
2022-07-07 15:43:29,458 INFO: selected the voice protocol for use (xsalsa20_poly1305_lite)
2022-07-07 15:43:29,483 INFO: received secret key for voice connection
2022-07-07 15:43:31,049 INFO: Preparing to terminate ffmpeg process 627.
2022-07-07 15:43:31,050 INFO: ffmpeg process 627 successfully terminated with return code of 0.
2022-07-07 15:43:32,096 INFO: The voice handshake is being terminated for Channel ID 728631391809437746 (Guild ID 428109526550708234)
2022-07-07 15:43:32,097 INFO: Disconnecting from voice normally, close code 1000.
