2022-10-15 18:21:27,606 INFO: logging in using static token
2022-10-15 18:21:27,948 INFO: Shard ID None has sent the IDENTIFY payload.
2022-10-15 18:21:28,194 INFO: Shard ID None has connected to Gateway: ["gateway-prd-us-east1-b-hc4s",{"micros":162459,"calls":["id_created",{"micros":1011,"calls":[]},"session_lookup_time",{"micros":4312,"calls":[]},"session_lookup_finished",{"micros":16,"calls":[]},"discord-sessions-green-prd-2-183",{"micros":153988,"calls":["start_session",{"micros":90680,"calls":["discord-api-56bdfff67d-62tvp",{"micros":84545,"calls":["get_user",{"micros":12660},"get_guilds",{"micros":10595},"send_scheduled_deletion_message",{"micros":8},"guild_join_requests",{"micros":618},"authorized_ip_coro",{"micros":11}]}]},"starting_guild_connect",{"micros":72,"calls":[]},"presence_started",{"micros":43881,"calls":[]},"guilds_started",{"micros":165,"calls":[]},"guilds_connect",{"micros":2,"calls":[]},"presence_connect",{"micros":19155,"calls":[]},"connect_finished",{"micros":19162,"calls":[]},"build_ready",{"micros":24,"calls":[]},"optimize_ready",{"micros":1,"calls":[]},"split_ready",{"micros":1,"calls":[]},"clean_ready",{"micros":1,"calls":[]}]}]}] (Session ID: 74aecc568895129482ad45f21e210469).
2022-10-15 18:21:30,239 INFO: 目前登入身份：神奇海螺#3847
2022-10-15 19:41:28,216 INFO: Got a request to RESUME the websocket.
2022-10-15 19:41:28,383 INFO: Shard ID None has sent the RESUME payload.
2022-10-15 19:41:28,463 INFO: Shard ID None has successfully RESUMED session 74aecc568895129482ad45f21e210469 under trace ["gateway-prd-us-east1-b-tskk",{"micros":606,"calls":["id_created",{"micros":0,"calls":[]},"session_lookup_time",{"micros":221,"calls":[]},"session_lookup_finished",{"micros":14,"calls":[]},"discord-sessions-green-prd-2-183",{"micros":20}]}].
2022-10-15 21:43:29,489 INFO: Got a request to RESUME the websocket.
2022-10-15 21:43:29,668 INFO: Shard ID None has sent the RESUME payload.
2022-10-15 21:43:29,761 INFO: Shard ID None has successfully RESUMED session 74aecc568895129482ad45f21e210469 under trace ["gateway-prd-us-east1-b-3w89",{"micros":6099,"calls":["id_created",{"micros":0,"calls":[]},"session_lookup_time",{"micros":4620,"calls":[]},"session_lookup_finished",{"micros":34,"calls":[]},"discord-sessions-green-prd-2-183",{"micros":23}]}].
2022-10-15 22:27:38,794 INFO: Got a request to RESUME the websocket.
2022-10-15 22:27:38,971 INFO: Shard ID None has sent the RESUME payload.
2022-10-15 22:27:39,062 INFO: Shard ID None has successfully RESUMED session 74aecc568895129482ad45f21e210469 under trace ["gateway-prd-us-east1-b-j168",{"micros":7884,"calls":["id_created",{"micros":0,"calls":[]},"session_lookup_time",{"micros":6247,"calls":[]},"session_lookup_finished",{"micros":11,"calls":[]},"discord-sessions-green-prd-2-183",{"micros":22}]}].
2022-10-15 23:49:06,505 INFO: Got a request to RESUME the websocket.
2022-10-15 23:49:06,683 INFO: Shard ID None has sent the RESUME payload.
2022-10-15 23:49:06,774 INFO: Shard ID None has successfully RESUMED session 74aecc568895129482ad45f21e210469 under trace ["gateway-prd-us-east1-c-6rl6",{"micros":735,"calls":["id_created",{"micros":0,"calls":[]},"session_lookup_time",{"micros":317,"calls":[]},"session_lookup_finished",{"micros":10,"calls":[]},"discord-sessions-green-prd-2-183",{"micros":20}]}].
2022-10-16 00:54:45,686 INFO: Got a request to RESUME the websocket.
2022-10-16 00:54:45,888 INFO: Shard ID None has sent the RESUME payload.
2022-10-16 00:54:45,970 INFO: Shard ID None has successfully RESUMED session 74aecc568895129482ad45f21e210469 under trace ["gateway-prd-us-east1-b-h01x",{"micros":632,"calls":["id_created",{"micros":0,"calls":[]},"session_lookup_time",{"micros":325,"calls":[]},"session_lookup_finished",{"micros":13,"calls":[]},"discord-sessions-green-prd-2-183",{"micros":25}]}].
2022-10-16 01:13:37,759 INFO: Got a request to RESUME the websocket.
2022-10-16 01:13:37,955 INFO: Shard ID None has sent the RESUME payload.
2022-10-16 01:13:38,038 INFO: Shard ID None has successfully RESUMED session 74aecc568895129482ad45f21e210469 under trace ["gateway-prd-us-east1-c-b48w",{"micros":569,"calls":["id_created",{"micros":0,"calls":[]},"session_lookup_time",{"micros":303,"calls":[]},"session_lookup_finished",{"micros":10,"calls":[]},"discord-sessions-green-prd-2-183",{"micros":20}]}].
2022-10-16 03:07:11,323 INFO: Got a request to RESUME the websocket.
2022-10-16 03:07:11,502 INFO: Shard ID None has sent the RESUME payload.
2022-10-16 03:07:11,612 INFO: Shard ID None has successfully RESUMED session 74aecc568895129482ad45f21e210469 under trace ["gateway-prd-us-east1-b-xk6j",{"micros":690,"calls":["id_created",{"micros":0,"calls":[]},"session_lookup_time",{"micros":364,"calls":[]},"session_lookup_finished",{"micros":12,"calls":[]},"discord-sessions-green-prd-2-183",{"micros":16}]}].
2022-10-16 03:46:50,101 INFO: Got a request to RESUME the websocket.
2022-10-16 03:46:50,282 INFO: Shard ID None has sent the RESUME payload.
2022-10-16 03:46:50,369 INFO: Shard ID None has successfully RESUMED session 74aecc568895129482ad45f21e210469 under trace ["gateway-prd-us-east1-b-zvnt",{"micros":4730,"calls":["id_created",{"micros":0,"calls":[]},"session_lookup_time",{"micros":262,"calls":[]},"session_lookup_finished",{"micros":10,"calls":[]},"discord-sessions-green-prd-2-183",{"micros":20}]}].
2022-10-16 04:07:09,605 INFO: Got a request to RESUME the websocket.
2022-10-16 04:07:09,815 INFO: Shard ID None has sent the RESUME payload.
2022-10-16 04:07:09,900 INFO: Shard ID None has successfully RESUMED session 74aecc568895129482ad45f21e210469 under trace ["gateway-prd-us-east1-b-jtg8",{"micros":481,"calls":["id_created",{"micros":0,"calls":[]},"session_lookup_time",{"micros":231,"calls":[]},"session_lookup_finished",{"micros":15,"calls":[]},"discord-sessions-green-prd-2-183",{"micros":18}]}].
2022-10-16 07:17:43,071 INFO: Got a request to RESUME the websocket.
2022-10-16 07:17:43,248 INFO: Shard ID None has sent the RESUME payload.
2022-10-16 07:17:43,328 INFO: Shard ID None has successfully RESUMED session 74aecc568895129482ad45f21e210469 under trace ["gateway-prd-us-east1-c-dfl8",{"micros":780,"calls":["id_created",{"micros":0,"calls":[]},"session_lookup_time",{"micros":326,"calls":[]},"session_lookup_finished",{"micros":10,"calls":[]},"discord-sessions-green-prd-2-183",{"micros":19}]}].
2022-10-16 08:57:28,785 INFO: Got a request to RESUME the websocket.
2022-10-16 08:57:28,963 INFO: Shard ID None has sent the RESUME payload.
2022-10-16 08:57:29,045 INFO: Shard ID None has successfully RESUMED session 74aecc568895129482ad45f21e210469 under trace ["gateway-prd-us-east1-c-cr48",{"micros":724,"calls":["id_created",{"micros":0,"calls":[]},"session_lookup_time",{"micros":292,"calls":[]},"session_lookup_finished",{"micros":12,"calls":[]},"discord-sessions-green-prd-2-183",{"micros":20}]}].
2022-10-16 08:58:04,439 INFO: BunnyplayGG in 9又4分之8.7月台[打不出幹話就講出來啊]
2022-10-16 08:58:04,607 INFO: Connecting to voice...
2022-10-16 08:58:04,607 INFO: Starting voice handshake... (connection attempt 1)
2022-10-16 08:58:04,888 INFO: Voice handshake complete. Endpoint found hongkong7663.discord.media
2022-10-16 08:58:05,762 INFO: selected the voice protocol for use (xsalsa20_poly1305_lite)
2022-10-16 08:58:05,940 INFO: received secret key for voice connection
2022-10-16 08:58:07,872 INFO: Preparing to terminate ffmpeg process 1611.
2022-10-16 08:58:07,873 INFO: ffmpeg process 1611 successfully terminated with return code of 0.
2022-10-16 08:58:10,747 INFO: Preparing to terminate ffmpeg process 1622.
2022-10-16 08:58:10,748 INFO: ffmpeg process 1622 successfully terminated with return code of 0.
2022-10-16 08:58:11,838 INFO: The voice handshake is being terminated for Channel ID 428109526550708238 (Guild ID 428109526550708234)
2022-10-16 08:58:11,839 INFO: Disconnecting from voice normally, close code 1000.
2022-10-16 09:07:18,024 INFO: logging in using static token
2022-10-16 09:07:18,093 INFO: Cleaning up tasks.
2022-10-16 09:07:18,094 INFO: Closing the event loop.
