2022-07-22 05:23:52,695 INFO: logging in using static token
2022-07-22 05:23:53,083 INFO: Shard ID None has sent the IDENTIFY payload.
2022-07-22 05:23:53,199 INFO: Shard ID None has connected to Gateway: ["gateway-prd-main-3n3r",{"micros":76790,"calls":["discord-sessions-green-prd-2-105",{"micros":74470,"calls":["start_session",{"micros":49009,"calls":["discord-api-7dcd4c9d86-xlhj7",{"micros":45819,"calls":["get_user",{"micros":10884},"add_authorized_ip",{"micros":4555},"get_guilds",{"micros":6044},"coros_wait",{"micros":1}]}]},"guilds_connect",{"micros":3,"calls":[]},"presence_connect",{"micros":1,"calls":[]}]}]}] (Session ID: 577193d4064e8b90406441627c8859e5).
2022-07-22 05:23:55,296 INFO: 目前登入身份：神奇海螺#3847
2022-07-22 05:43:57,762 INFO: logging in using static token
2022-07-22 05:43:58,028 INFO: Shard ID None has sent the IDENTIFY payload.
2022-07-22 05:43:58,176 INFO: Shard ID None has connected to Gateway: ["gateway-prd-main-3v01",{"micros":107875,"calls":["discord-sessions-green-prd-2-50",{"micros":100170,"calls":["start_session",{"micros":46480,"calls":["discord-api-7dcd4c9d86-mpfss",{"micros":42494,"calls":["get_user",{"micros":6892},"add_authorized_ip",{"micros":1368},"get_guilds",{"micros":4730},"coros_wait",{"micros":1}]}]},"guilds_connect",{"micros":2,"calls":[]},"presence_connect",{"micros":47493,"calls":[]}]}]}] (Session ID: c78b609d490aebb334316f661ab666cd).
2022-07-22 05:44:00,262 INFO: 目前登入身份：神奇海螺#3847
2022-07-22 06:16:01,257 INFO: Got a request to RESUME the websocket.
2022-07-22 06:16:01,438 INFO: Shard ID None has sent the RESUME payload.
2022-07-22 06:16:01,482 INFO: Shard ID None has successfully RESUMED session c78b609d490aebb334316f661ab666cd under trace ["gateway-prd-main-j42d",{"micros":474,"calls":["discord-sessions-green-prd-2-50",{"micros":21}]}].
2022-07-22 07:12:56,145 INFO: logging in using static token
2022-07-22 07:12:56,396 INFO: Shard ID None has sent the IDENTIFY payload.
2022-07-22 07:12:56,559 INFO: Shard ID None has connected to Gateway: ["gateway-prd-main-0wkv",{"micros":125250,"calls":["discord-sessions-green-prd-2-77",{"micros":124364,"calls":["start_session",{"micros":75959,"calls":["discord-api-7dcd4c9d86-kkhsx",{"micros":70386,"calls":["get_user",{"micros":11970},"add_authorized_ip",{"micros":4828},"get_guilds",{"micros":15005},"coros_wait",{"micros":25}]}]},"guilds_connect",{"micros":2,"calls":[]},"presence_connect",{"micros":35197,"calls":[]}]}]}] (Session ID: 608505e929c4fc24105b2e3305a295dc).
2022-07-22 07:12:58,608 INFO: 目前登入身份：神奇海螺#3847
2022-07-22 07:28:57,367 INFO: Got a request to RESUME the websocket.
2022-07-22 07:28:57,549 INFO: Shard ID None has sent the RESUME payload.
2022-07-22 07:28:57,604 INFO: Shard ID None has successfully RESUMED session 608505e929c4fc24105b2e3305a295dc under trace ["gateway-prd-main-f98r",{"micros":5445,"calls":["discord-sessions-green-prd-2-77",{"micros":21}]}].
2022-07-22 10:09:34,027 INFO: Got a request to RESUME the websocket.
2022-07-22 10:09:34,187 INFO: Shard ID None has sent the RESUME payload.
2022-07-22 10:09:34,225 INFO: Shard ID None has successfully RESUMED session 608505e929c4fc24105b2e3305a295dc under trace ["gateway-prd-main-m445",{"micros":666,"calls":["discord-sessions-green-prd-2-77",{"micros":20}]}].
2022-07-22 11:10:40,329 INFO: logging in using static token
2022-07-22 11:10:40,613 INFO: Shard ID None has sent the IDENTIFY payload.
2022-07-22 11:10:40,787 INFO: Shard ID None has connected to Gateway: ["gateway-prd-main-jz02",{"micros":133178,"calls":["discord-sessions-green-prd-2-147",{"micros":132211,"calls":["start_session",{"micros":69834,"calls":["discord-api-7dcd4c9d86-l4jcd",{"micros":59504,"calls":["get_user",{"micros":24609},"add_authorized_ip",{"micros":1415},"get_guilds",{"micros":3935},"coros_wait",{"micros":1}]}]},"guilds_connect",{"micros":1,"calls":[]},"presence_connect",{"micros":23459,"calls":[]}]}]}] (Session ID: 9ef81162bc8d77a6870a47122859da26).
2022-07-22 11:10:42,855 INFO: 目前登入身份：神奇海螺#3847
2022-07-22 11:54:33,559 INFO: Websocket closed with 1006, attempting a reconnect.
2022-07-22 11:54:33,560 INFO: Got a request to RESUME the websocket.
2022-07-22 11:54:33,726 INFO: Shard ID None has sent the RESUME payload.
2022-07-22 11:54:33,766 INFO: Shard ID None has successfully RESUMED session 9ef81162bc8d77a6870a47122859da26 under trace ["gateway-prd-main-x8bk",{"micros":474,"calls":["discord-sessions-green-prd-2-147",{"micros":18}]}].
2022-07-22 12:20:21,196 INFO: Websocket closed with 1006, attempting a reconnect.
2022-07-22 12:20:21,197 INFO: Got a request to RESUME the websocket.
2022-07-22 12:20:21,371 INFO: Shard ID None has sent the RESUME payload.
2022-07-22 12:20:21,425 INFO: Shard ID None has successfully RESUMED session 9ef81162bc8d77a6870a47122859da26 under trace ["gateway-prd-main-d06l",{"micros":8701,"calls":["discord-sessions-green-prd-2-147",{"micros":15}]}].
2022-07-22 13:49:38,279 INFO: MaiMai的Pool in 9又4分之8.7月台[123是什麼敷衍的名字]
2022-07-22 13:49:38,291 INFO: Connecting to voice...
2022-07-22 13:49:38,291 INFO: Starting voice handshake... (connection attempt 1)
2022-07-22 13:49:38,936 INFO: Voice handshake complete. Endpoint found hongkong8481.discord.media
2022-07-22 13:49:39,145 ERROR: Exception occurred during Voice Protocol voice server update handler
Traceback (most recent call last):
  File "/opt/virtualenvs/python3/lib/python3.8/site-packages/discord/state.py", line 102, in logging_coroutine
    await coroutine
  File "/opt/virtualenvs/python3/lib/python3.8/site-packages/discord/voice_client.py", line 295, in on_voice_server_update
    await self.ws.close(4000)
AttributeError: 'NoneType' object has no attribute 'close'
2022-07-22 13:49:40,065 INFO: selected the voice protocol for use (xsalsa20_poly1305_lite)
2022-07-22 13:49:40,294 INFO: received secret key for voice connection
2022-07-22 13:49:42,596 INFO: Preparing to terminate ffmpeg process 394.
2022-07-22 13:49:42,599 INFO: ffmpeg process 394 successfully terminated with return code of 0.
2022-07-22 13:49:44,915 INFO: Preparing to terminate ffmpeg process 405.
2022-07-22 13:49:44,916 INFO: ffmpeg process 405 successfully terminated with return code of 0.
2022-07-22 13:49:45,942 INFO: The voice handshake is being terminated for Channel ID 728631391809437746 (Guild ID 428109526550708234)
2022-07-22 13:49:45,942 INFO: Disconnecting from voice normally, close code 1000.
2022-07-22 13:50:15,836 INFO: wawa的n in 9又4分之8.7月台[123是什麼敷衍的名字]
2022-07-22 13:50:15,858 INFO: Connecting to voice...
2022-07-22 13:50:15,858 INFO: Starting voice handshake... (connection attempt 1)
2022-07-22 13:50:16,237 INFO: Voice handshake complete. Endpoint found hongkong8481.discord.media
2022-07-22 13:50:17,412 INFO: selected the voice protocol for use (xsalsa20_poly1305_lite)
2022-07-22 13:50:17,641 INFO: received secret key for voice connection
2022-07-22 13:50:19,806 INFO: Preparing to terminate ffmpeg process 416.
2022-07-22 13:50:19,807 INFO: ffmpeg process 416 successfully terminated with return code of 0.
2022-07-22 13:50:21,979 INFO: Preparing to terminate ffmpeg process 426.
2022-07-22 13:50:21,980 INFO: ffmpeg process 426 successfully terminated with return code of 0.
2022-07-22 13:50:22,984 INFO: The voice handshake is being terminated for Channel ID 728631391809437746 (Guild ID 428109526550708234)
2022-07-22 13:50:22,985 INFO: Disconnecting from voice normally, close code 1000.
2022-07-22 14:14:34,933 INFO: Lexor in 9又4分之8.7月台[123是什麼敷衍的名字]
2022-07-22 14:14:35,183 INFO: Connecting to voice...
2022-07-22 14:14:35,183 INFO: Starting voice handshake... (connection attempt 1)
2022-07-22 14:14:35,705 INFO: Voice handshake complete. Endpoint found hongkong8481.discord.media
2022-07-22 14:14:36,856 INFO: selected the voice protocol for use (xsalsa20_poly1305_lite)
2022-07-22 14:14:37,094 INFO: received secret key for voice connection
2022-07-22 14:14:38,961 INFO: Preparing to terminate ffmpeg process 454.
2022-07-22 14:14:38,962 INFO: ffmpeg process 454 successfully terminated with return code of 0.
2022-07-22 14:14:41,833 INFO: Preparing to terminate ffmpeg process 464.
2022-07-22 14:14:41,834 INFO: ffmpeg process 464 successfully terminated with return code of 0.
2022-07-22 14:14:42,921 INFO: The voice handshake is being terminated for Channel ID 728631391809437746 (Guild ID 428109526550708234)
2022-07-22 14:14:42,921 INFO: Disconnecting from voice normally, close code 1000.
2022-07-22 14:30:51,089 INFO: BunnyplayGG in 9又4分之8.7月台[123是什麼敷衍的名字]
2022-07-22 14:30:51,303 INFO: Connecting to voice...
2022-07-22 14:30:51,303 INFO: Starting voice handshake... (connection attempt 1)
2022-07-22 14:30:52,024 INFO: Voice handshake complete. Endpoint found hongkong8481.discord.media
2022-07-22 14:30:53,231 INFO: selected the voice protocol for use (xsalsa20_poly1305_lite)
2022-07-22 14:30:53,461 INFO: received secret key for voice connection
2022-07-22 14:30:55,328 INFO: Preparing to terminate ffmpeg process 510.
2022-07-22 14:30:55,329 INFO: ffmpeg process 510 successfully terminated with return code of 0.
2022-07-22 14:30:57,661 INFO: Preparing to terminate ffmpeg process 520.
2022-07-22 14:30:57,662 INFO: ffmpeg process 520 successfully terminated with return code of 0.
2022-07-22 14:30:58,688 INFO: The voice handshake is being terminated for Channel ID 728631391809437746 (Guild ID 428109526550708234)
2022-07-22 14:30:58,689 INFO: Disconnecting from voice normally, close code 1000.
2022-07-22 14:34:23,978 INFO: 不偷家的飄飄大仙 in 9又4分之8.7月台[打不出幹話就講出來啊]
2022-07-22 14:34:24,362 INFO: Connecting to voice...
2022-07-22 14:34:24,362 INFO: Starting voice handshake... (connection attempt 1)
2022-07-22 14:34:24,878 INFO: Ignoring extraneous voice server update.
2022-07-22 14:34:24,878 INFO: Voice handshake complete. Endpoint found hongkong2085.discord.media
2022-07-22 14:34:26,027 INFO: selected the voice protocol for use (xsalsa20_poly1305_lite)
2022-07-22 14:34:26,254 INFO: received secret key for voice connection
2022-07-22 14:34:29,842 INFO: Preparing to terminate ffmpeg process 548.
2022-07-22 14:34:29,842 INFO: ffmpeg process 548 successfully terminated with return code of 0.
2022-07-22 14:34:32,041 INFO: Preparing to terminate ffmpeg process 558.
2022-07-22 14:34:32,042 INFO: ffmpeg process 558 successfully terminated with return code of 0.
2022-07-22 14:34:33,086 INFO: The voice handshake is being terminated for Channel ID 428109526550708238 (Guild ID 428109526550708234)
2022-07-22 14:34:33,086 INFO: Disconnecting from voice normally, close code 1000.
2022-07-22 14:36:04,422 INFO: KyrieR in 9又4分之8.7月台[123是什麼敷衍的名字]
2022-07-22 14:36:04,701 INFO: Connecting to voice...
2022-07-22 14:36:04,701 INFO: Starting voice handshake... (connection attempt 1)
2022-07-22 14:36:05,148 INFO: 不偷家的飄飄大仙 in 9又4分之8.7月台[123是什麼敷衍的名字]
2022-07-22 14:36:05,812 INFO: Voice handshake complete. Endpoint found hongkong8481.discord.media
2022-07-22 14:36:07,001 INFO: selected the voice protocol for use (xsalsa20_poly1305_lite)
2022-07-22 14:36:07,234 INFO: received secret key for voice connection
2022-07-22 14:36:09,324 INFO: Preparing to terminate ffmpeg process 569.
2022-07-22 14:36:09,324 INFO: ffmpeg process 569 successfully terminated with return code of 0.
2022-07-22 14:36:12,338 INFO: Preparing to terminate ffmpeg process 579.
2022-07-22 14:36:12,340 INFO: ffmpeg process 579 successfully terminated with return code of 0.
2022-07-22 14:36:16,434 INFO: Preparing to terminate ffmpeg process 589.
2022-07-22 14:36:16,434 INFO: ffmpeg process 589 successfully terminated with return code of 0.
2022-07-22 14:36:19,180 INFO: Preparing to terminate ffmpeg process 599.
2022-07-22 14:36:19,180 INFO: ffmpeg process 599 successfully terminated with return code of 0.
2022-07-22 14:36:20,233 INFO: The voice handshake is being terminated for Channel ID 728631391809437746 (Guild ID 428109526550708234)
2022-07-22 14:36:20,234 INFO: Disconnecting from voice normally, close code 1000.
2022-07-22 14:50:56,420 INFO: SparkleZ in 9又4分之8.7月台[123是什麼敷衍的名字]
2022-07-22 14:50:56,437 INFO: Connecting to voice...
2022-07-22 14:50:56,437 INFO: Starting voice handshake... (connection attempt 1)
2022-07-22 14:50:57,335 INFO: Voice handshake complete. Endpoint found hongkong8481.discord.media
2022-07-22 14:50:58,503 INFO: selected the voice protocol for use (xsalsa20_poly1305_lite)
2022-07-22 14:50:58,742 INFO: received secret key for voice connection
2022-07-22 14:51:00,732 INFO: Preparing to terminate ffmpeg process 627.
2022-07-22 14:51:00,733 INFO: ffmpeg process 627 successfully terminated with return code of 0.
2022-07-22 14:51:03,043 INFO: Preparing to terminate ffmpeg process 637.
2022-07-22 14:51:03,043 INFO: ffmpeg process 637 successfully terminated with return code of 0.
2022-07-22 14:51:04,067 INFO: The voice handshake is being terminated for Channel ID 728631391809437746 (Guild ID 428109526550708234)
2022-07-22 14:51:04,068 INFO: Disconnecting from voice normally, close code 1000.
2022-07-22 14:53:19,222 INFO: SparkleZ in 9又4分之8.7月台[打不出幹話就講出來啊]
2022-07-22 14:53:19,450 INFO: Connecting to voice...
2022-07-22 14:53:19,450 INFO: Starting voice handshake... (connection attempt 1)
2022-07-22 14:53:19,796 INFO: Voice handshake complete. Endpoint found hongkong1163.discord.media
2022-07-22 14:53:20,051 ERROR: Exception occurred during Voice Protocol voice server update handler
Traceback (most recent call last):
  File "/opt/virtualenvs/python3/lib/python3.8/site-packages/discord/state.py", line 102, in logging_coroutine
    await coroutine
  File "/opt/virtualenvs/python3/lib/python3.8/site-packages/discord/voice_client.py", line 295, in on_voice_server_update
    await self.ws.close(4000)
AttributeError: 'NoneType' object has no attribute 'close'
2022-07-22 14:53:20,992 INFO: selected the voice protocol for use (xsalsa20_poly1305_lite)
2022-07-22 14:53:21,224 INFO: received secret key for voice connection
2022-07-22 14:53:23,213 INFO: Preparing to terminate ffmpeg process 648.
2022-07-22 14:53:23,214 INFO: ffmpeg process 648 successfully terminated with return code of 0.
2022-07-22 14:53:24,710 INFO: Preparing to terminate ffmpeg process 658.
2022-07-22 14:53:24,711 INFO: ffmpeg process 658 successfully terminated with return code of 0.
2022-07-22 14:53:26,255 INFO: The voice handshake is being terminated for Channel ID 428109526550708238 (Guild ID 428109526550708234)
2022-07-22 14:53:26,255 INFO: Disconnecting from voice normally, close code 1000.
2022-07-22 14:53:29,420 INFO: 不偷家的飄飄大仙 in 9又4分之8.7月台[打不出幹話就講出來啊]
2022-07-22 14:53:29,433 INFO: Connecting to voice...
2022-07-22 14:53:29,433 INFO: Starting voice handshake... (connection attempt 1)
2022-07-22 14:53:29,778 INFO: Voice handshake complete. Endpoint found hongkong1163.discord.media
2022-07-22 14:53:30,872 INFO: selected the voice protocol for use (xsalsa20_poly1305_lite)
2022-07-22 14:53:31,094 INFO: received secret key for voice connection
2022-07-22 14:53:34,682 INFO: Preparing to terminate ffmpeg process 669.
2022-07-22 14:53:34,684 INFO: ffmpeg process 669 successfully terminated with return code of 0.
2022-07-22 14:53:37,551 INFO: Preparing to terminate ffmpeg process 679.
2022-07-22 14:53:37,551 INFO: ffmpeg process 679 successfully terminated with return code of 0.
2022-07-22 14:53:38,645 INFO: The voice handshake is being terminated for Channel ID 428109526550708238 (Guild ID 428109526550708234)
2022-07-22 14:53:38,646 INFO: Disconnecting from voice normally, close code 1000.
2022-07-22 15:35:15,142 INFO: 神奇海螺 in 9又4分之8.7月台[打不出幹話就講出來啊]
2022-07-22 15:35:15,165 INFO: Connecting to voice...
2022-07-22 15:35:15,165 INFO: Starting voice handshake... (connection attempt 1)
2022-07-22 15:35:16,098 INFO: Voice handshake complete. Endpoint found hongkong1163.discord.media
2022-07-22 15:35:17,230 INFO: selected the voice protocol for use (xsalsa20_poly1305_lite)
2022-07-22 15:35:17,457 INFO: received secret key for voice connection
2022-07-22 15:35:19,805 INFO: Preparing to terminate ffmpeg process 782.
2022-07-22 15:35:19,806 INFO: ffmpeg process 782 successfully terminated with return code of 0.
2022-07-22 15:35:21,984 INFO: Preparing to terminate ffmpeg process 792.
2022-07-22 15:35:21,985 INFO: ffmpeg process 792 successfully terminated with return code of 0.
2022-07-22 15:35:22,989 INFO: The voice handshake is being terminated for Channel ID 428109526550708238 (Guild ID 428109526550708234)
2022-07-22 15:35:22,990 INFO: Disconnecting from voice normally, close code 1000.
2022-07-22 15:50:17,537 INFO: Lexor out 9又4分之8.7月台[123是什麼敷衍的名字]
2022-07-22 15:50:17,537 INFO: Connecting to voice...
2022-07-22 15:50:17,537 INFO: Starting voice handshake... (connection attempt 1)
2022-07-22 15:50:18,487 INFO: Voice handshake complete. Endpoint found hongkong8481.discord.media
2022-07-22 15:50:19,625 INFO: selected the voice protocol for use (xsalsa20_poly1305_lite)
2022-07-22 15:50:19,854 INFO: received secret key for voice connection
2022-07-22 15:50:21,545 INFO: Preparing to terminate ffmpeg process 821.
2022-07-22 15:50:21,546 INFO: ffmpeg process 821 successfully terminated with return code of 0.
2022-07-22 15:50:22,571 INFO: The voice handshake is being terminated for Channel ID 728631391809437746 (Guild ID 428109526550708234)
2022-07-22 15:50:22,571 INFO: Disconnecting from voice normally, close code 1000.
2022-07-22 15:50:47,911 INFO: Fiven-chung in 9又4分之8.7月台[123是什麼敷衍的名字]
2022-07-22 15:50:47,944 INFO: Connecting to voice...
2022-07-22 15:50:47,944 INFO: Starting voice handshake... (connection attempt 1)
2022-07-22 15:50:48,291 INFO: Voice handshake complete. Endpoint found hongkong8481.discord.media
2022-07-22 15:50:49,423 INFO: selected the voice protocol for use (xsalsa20_poly1305_lite)
2022-07-22 15:50:49,666 INFO: received secret key for voice connection
2022-07-22 15:50:52,054 INFO: Preparing to terminate ffmpeg process 832.
2022-07-22 15:50:52,054 INFO: ffmpeg process 832 successfully terminated with return code of 0.
2022-07-22 15:50:53,555 INFO: Preparing to terminate ffmpeg process 842.
2022-07-22 15:50:53,556 INFO: ffmpeg process 842 successfully terminated with return code of 0.
2022-07-22 15:50:55,099 INFO: The voice handshake is being terminated for Channel ID 728631391809437746 (Guild ID 428109526550708234)
2022-07-22 15:50:55,099 INFO: Disconnecting from voice normally, close code 1000.
2022-07-22 15:54:44,164 INFO: 雪莉粉粉 in 9又4分之8.7月台[打不出幹話就講出來啊]
2022-07-22 15:54:44,186 INFO: Connecting to voice...
2022-07-22 15:54:44,186 INFO: Starting voice handshake... (connection attempt 1)
2022-07-22 15:54:45,134 INFO: Voice handshake complete. Endpoint found hongkong1163.discord.media
2022-07-22 15:54:46,286 INFO: selected the voice protocol for use (xsalsa20_poly1305_lite)
2022-07-22 15:54:46,512 INFO: received secret key for voice connection
2022-07-22 15:54:48,640 INFO: Preparing to terminate ffmpeg process 853.
2022-07-22 15:54:48,641 INFO: ffmpeg process 853 successfully terminated with return code of 0.
2022-07-22 15:54:50,996 INFO: Preparing to terminate ffmpeg process 863.
2022-07-22 15:54:50,997 INFO: ffmpeg process 863 successfully terminated with return code of 0.
2022-07-22 15:54:52,045 INFO: The voice handshake is being terminated for Channel ID 428109526550708238 (Guild ID 428109526550708234)
2022-07-22 15:54:52,045 INFO: Disconnecting from voice normally, close code 1000.
2022-07-22 16:03:45,842 INFO: Got a request to RESUME the websocket.
2022-07-22 16:03:46,033 INFO: Shard ID None has sent the RESUME payload.
2022-07-22 16:03:46,080 INFO: Shard ID None has successfully RESUMED session 9ef81162bc8d77a6870a47122859da26 under trace ["gateway-prd-main-g836",{"micros":4960,"calls":["discord-sessions-green-prd-2-147",{"micros":27}]}].
2022-07-22 16:57:17,706 INFO: KyrieR in 9又4分之8.7月台[打不出幹話就講出來啊]
2022-07-22 16:57:17,806 INFO: Connecting to voice...
2022-07-22 16:57:17,806 INFO: Starting voice handshake... (connection attempt 1)
2022-07-22 16:57:18,633 INFO: Voice handshake complete. Endpoint found hongkong1163.discord.media
2022-07-22 16:57:19,770 INFO: selected the voice protocol for use (xsalsa20_poly1305_lite)
2022-07-22 16:57:20,128 INFO: received secret key for voice connection
2022-07-22 16:57:23,407 INFO: Preparing to terminate ffmpeg process 964.
2022-07-22 16:57:23,407 INFO: ffmpeg process 964 successfully terminated with return code of 0.
2022-07-22 16:57:26,543 INFO: Preparing to terminate ffmpeg process 974.
2022-07-22 16:57:26,544 INFO: ffmpeg process 974 successfully terminated with return code of 0.
2022-07-22 16:57:28,561 INFO: Preparing to terminate ffmpeg process 984.
2022-07-22 16:57:28,562 INFO: ffmpeg process 984 successfully terminated with return code of 0.
2022-07-22 16:57:29,585 INFO: The voice handshake is being terminated for Channel ID 428109526550708238 (Guild ID 428109526550708234)
2022-07-22 16:57:29,586 INFO: Disconnecting from voice normally, close code 1000.
2022-07-22 16:58:36,405 INFO: KyrieR in 9又4分之8.7月台[123是什麼敷衍的名字]
2022-07-22 16:58:36,446 INFO: Connecting to voice...
2022-07-22 16:58:36,446 INFO: Starting voice handshake... (connection attempt 1)
2022-07-22 16:58:37,360 INFO: Voice handshake complete. Endpoint found hongkong8481.discord.media
2022-07-22 16:58:38,494 INFO: selected the voice protocol for use (xsalsa20_poly1305_lite)
2022-07-22 16:58:38,718 INFO: received secret key for voice connection
2022-07-22 16:58:41,329 INFO: Preparing to terminate ffmpeg process 995.
2022-07-22 16:58:41,330 INFO: ffmpeg process 995 successfully terminated with return code of 0.
2022-07-22 16:58:43,608 INFO: Preparing to terminate ffmpeg process 1005.
2022-07-22 16:58:43,611 INFO: ffmpeg process 1005 successfully terminated with return code of 0.
2022-07-22 16:58:44,655 INFO: The voice handshake is being terminated for Channel ID 728631391809437746 (Guild ID 428109526550708234)
2022-07-22 16:58:44,656 INFO: Disconnecting from voice normally, close code 1000.
2022-07-22 17:07:00,846 INFO: SparkleZ out 9又4分之8.7月台[打不出幹話就講出來啊]
2022-07-22 17:07:00,846 INFO: Connecting to voice...
2022-07-22 17:07:00,846 INFO: Starting voice handshake... (connection attempt 1)
2022-07-22 17:07:01,098 INFO: Voice handshake complete. Endpoint found hongkong1163.discord.media
2022-07-22 17:07:02,230 INFO: selected the voice protocol for use (xsalsa20_poly1305_lite)
2022-07-22 17:07:02,456 INFO: received secret key for voice connection
2022-07-22 17:07:04,445 INFO: Preparing to terminate ffmpeg process 1034.
2022-07-22 17:07:04,445 INFO: ffmpeg process 1034 successfully terminated with return code of 0.
2022-07-22 17:07:05,475 INFO: The voice handshake is being terminated for Channel ID 428109526550708238 (Guild ID 428109526550708234)
2022-07-22 17:07:05,476 INFO: Disconnecting from voice normally, close code 1000.
2022-07-22 17:16:43,121 INFO: 雪莉粉粉 out 9又4分之8.7月台[打不出幹話就講出來啊]
2022-07-22 17:16:43,122 INFO: Connecting to voice...
2022-07-22 17:16:43,122 INFO: Starting voice handshake... (connection attempt 1)
2022-07-22 17:16:44,086 INFO: Voice handshake complete. Endpoint found hongkong1163.discord.media
2022-07-22 17:16:45,226 INFO: selected the voice protocol for use (xsalsa20_poly1305_lite)
2022-07-22 17:16:45,468 INFO: received secret key for voice connection
2022-07-22 17:16:47,416 INFO: Preparing to terminate ffmpeg process 1045.
2022-07-22 17:16:47,418 INFO: ffmpeg process 1045 successfully terminated with return code of 0.
2022-07-22 17:16:48,489 INFO: The voice handshake is being terminated for Channel ID 428109526550708238 (Guild ID 428109526550708234)
2022-07-22 17:16:48,490 INFO: Disconnecting from voice normally, close code 1000.
2022-07-22 17:19:32,982 INFO: 不偷家的飄飄大仙 out 9又4分之8.7月台[打不出幹話就講出來啊]
2022-07-22 17:19:32,983 INFO: Connecting to voice...
2022-07-22 17:19:32,983 INFO: Starting voice handshake... (connection attempt 1)
2022-07-22 17:19:33,177 INFO: Voice handshake complete. Endpoint found us-central1852.discord.media
2022-07-22 17:19:33,307 INFO: selected the voice protocol for use (xsalsa20_poly1305_lite)
2022-07-22 17:19:33,329 INFO: received secret key for voice connection
2022-07-22 17:19:36,215 INFO: Preparing to terminate ffmpeg process 1075.
2022-07-22 17:19:36,217 INFO: ffmpeg process 1075 successfully terminated with return code of 0.
2022-07-22 17:19:37,248 INFO: The voice handshake is being terminated for Channel ID 428109526550708238 (Guild ID 428109526550708234)
2022-07-22 17:19:37,248 INFO: Disconnecting from voice normally, close code 1000.
2022-07-22 17:38:59,813 INFO: BunnyplayGG out 9又4分之8.7月台[123是什麼敷衍的名字]
2022-07-22 17:38:59,813 INFO: Connecting to voice...
2022-07-22 17:38:59,813 INFO: Starting voice handshake... (connection attempt 1)
2022-07-22 17:39:00,747 INFO: Voice handshake complete. Endpoint found hongkong8481.discord.media
2022-07-22 17:39:01,791 INFO: MaiMai的Pool out 9又4分之8.7月台[123是什麼敷衍的名字]
2022-07-22 17:39:01,906 INFO: selected the voice protocol for use (xsalsa20_poly1305_lite)
2022-07-22 17:39:02,158 INFO: received secret key for voice connection
2022-07-22 17:39:04,526 INFO: Preparing to terminate ffmpeg process 1122.
2022-07-22 17:39:04,527 INFO: ffmpeg process 1122 successfully terminated with return code of 0.
2022-07-22 17:39:05,965 INFO: wawa的n out 9又4分之8.7月台[123是什麼敷衍的名字]
2022-07-22 17:39:07,683 INFO: Preparing to terminate ffmpeg process 1132.
2022-07-22 17:39:07,684 INFO: ffmpeg process 1132 successfully terminated with return code of 0.
2022-07-22 17:39:10,677 INFO: Preparing to terminate ffmpeg process 1142.
2022-07-22 17:39:10,678 INFO: ffmpeg process 1142 successfully terminated with return code of 0.
2022-07-22 17:39:11,706 INFO: The voice handshake is being terminated for Channel ID 728631391809437746 (Guild ID 428109526550708234)
2022-07-22 17:39:11,707 INFO: Disconnecting from voice normally, close code 1000.
2022-07-22 17:39:25,921 INFO: Fiven-chung out 9又4分之8.7月台[123是什麼敷衍的名字]
2022-07-22 17:39:25,921 INFO: Connecting to voice...
2022-07-22 17:39:25,921 INFO: Starting voice handshake... (connection attempt 1)
2022-07-22 17:39:26,312 INFO: Voice handshake complete. Endpoint found hongkong8481.discord.media
2022-07-22 17:39:28,579 INFO: selected the voice protocol for use (xsalsa20_poly1305_lite)
2022-07-22 17:39:28,804 INFO: received secret key for voice connection
2022-07-22 17:39:30,732 INFO: Preparing to terminate ffmpeg process 1153.
2022-07-22 17:39:30,733 INFO: ffmpeg process 1153 successfully terminated with return code of 0.
2022-07-22 17:39:31,819 INFO: The voice handshake is being terminated for Channel ID 728631391809437746 (Guild ID 428109526550708234)
2022-07-22 17:39:31,819 INFO: Disconnecting from voice normally, close code 1000.
2022-07-22 17:39:34,113 INFO: KyrieR out 9又4分之8.7月台[123是什麼敷衍的名字]
2022-07-22 17:39:34,114 INFO: Connecting to voice...
2022-07-22 17:39:34,114 INFO: Starting voice handshake... (connection attempt 1)
2022-07-22 17:39:34,284 INFO: Voice handshake complete. Endpoint found us-central4743.discord.media
2022-07-22 17:39:34,432 INFO: selected the voice protocol for use (xsalsa20_poly1305_lite)
2022-07-22 17:39:34,446 INFO: received secret key for voice connection
2022-07-22 17:39:36,255 INFO: Preparing to terminate ffmpeg process 1164.
2022-07-22 17:39:36,255 INFO: ffmpeg process 1164 successfully terminated with return code of 0.
2022-07-22 17:39:37,265 INFO: The voice handshake is being terminated for Channel ID 728631391809437746 (Guild ID 428109526550708234)
2022-07-22 17:39:37,265 INFO: Disconnecting from voice normally, close code 1000.
2022-07-22 18:27:36,218 INFO: Got a request to RESUME the websocket.
2022-07-22 18:27:36,404 INFO: Shard ID None has sent the RESUME payload.
2022-07-22 18:27:36,446 INFO: Shard ID None has successfully RESUMED session 9ef81162bc8d77a6870a47122859da26 under trace ["gateway-prd-main-ph96",{"micros":569,"calls":["discord-sessions-green-prd-2-147",{"micros":19}]}].
2022-07-22 21:52:25,115 INFO: Got a request to RESUME the websocket.
2022-07-22 21:52:25,304 INFO: Shard ID None has sent the RESUME payload.
2022-07-22 21:52:25,347 INFO: Shard ID None has successfully RESUMED session 9ef81162bc8d77a6870a47122859da26 under trace ["gateway-prd-main-r1hw",{"micros":697,"calls":["discord-sessions-green-prd-2-147",{"micros":21}]}].
2022-07-22 22:11:03,137 INFO: Got a request to RESUME the websocket.
2022-07-22 22:11:03,308 INFO: Shard ID None has sent the RESUME payload.
2022-07-22 22:11:03,350 INFO: Shard ID None has successfully RESUMED session 9ef81162bc8d77a6870a47122859da26 under trace ["gateway-prd-main-kbv9",{"micros":660,"calls":["discord-sessions-green-prd-2-147",{"micros":18}]}].
2022-07-22 23:35:42,698 INFO: Got a request to RESUME the websocket.
2022-07-22 23:35:42,866 INFO: Shard ID None has sent the RESUME payload.
2022-07-22 23:35:42,903 INFO: Shard ID None has successfully RESUMED session 9ef81162bc8d77a6870a47122859da26 under trace ["gateway-prd-main-8r4w",{"micros":546,"calls":["discord-sessions-green-prd-2-147",{"micros":16}]}].
2022-07-23 02:05:32,547 INFO: Got a request to RESUME the websocket.
2022-07-23 02:05:32,710 INFO: Shard ID None has sent the RESUME payload.
2022-07-23 02:05:32,762 INFO: Shard ID None has successfully RESUMED session 9ef81162bc8d77a6870a47122859da26 under trace ["gateway-prd-main-v20g",{"micros":4554,"calls":["discord-sessions-blue-prd-2-58",{"micros":24}]}].
2022-07-23 03:00:54,659 INFO: Got a request to RESUME the websocket.
2022-07-23 03:00:54,854 INFO: Shard ID None has sent the RESUME payload.
2022-07-23 03:00:54,892 INFO: Shard ID None has successfully RESUMED session 9ef81162bc8d77a6870a47122859da26 under trace ["gateway-prd-main-6mr8",{"micros":755,"calls":["discord-sessions-blue-prd-2-58",{"micros":22}]}].
2022-07-23 05:12:39,500 INFO: Got a request to RESUME the websocket.
2022-07-23 05:12:39,666 INFO: Shard ID None has sent the RESUME payload.
2022-07-23 05:12:39,708 INFO: Shard ID None has successfully RESUMED session 9ef81162bc8d77a6870a47122859da26 under trace ["gateway-prd-main-fcn2",{"micros":497,"calls":["discord-sessions-blue-prd-2-58",{"micros":20}]}].
2022-07-23 08:39:37,157 INFO: Got a request to RESUME the websocket.
2022-07-23 08:39:37,324 INFO: Shard ID None has sent the RESUME payload.
2022-07-23 08:39:37,361 INFO: Shard ID None has successfully RESUMED session 9ef81162bc8d77a6870a47122859da26 under trace ["gateway-prd-main-4cjd",{"micros":509,"calls":["discord-sessions-blue-prd-2-58",{"micros":19}]}].
