2022-01-08 21:36:09,127 INFO: logging in using static token
2022-01-08 21:36:09,390 INFO: Shard ID None has sent the IDENTIFY payload.
2022-01-08 21:36:09,477 INFO: Shard ID None has connected to Gateway: ["gateway-prd-main-njvj",{"micros":46235,"calls":["discord-sessions-blue-prd-2-8",{"micros":45498,"calls":["start_session",{"micros":34910,"calls":["api-prd-main-wt9z",{"micros":31376,"calls":["get_user",{"micros":7038},"add_authorized_ip",{"micros":1790},"get_guilds",{"micros":5033},"coros_wait",{"micros":1}]}]},"guilds_connect",{"micros":2,"calls":[]},"presence_connect",{"micros":3857,"calls":[]}]}]}] (Session ID: f361967c388347481c6d501b9bd4617a).
2022-01-08 21:36:11,575 INFO: 目前登入身份：神奇海螺#3847
2022-01-08 22:46:02,862 INFO: logging in using static token
2022-01-08 22:46:03,099 INFO: Shard ID None has sent the IDENTIFY payload.
2022-01-08 22:46:03,205 INFO: Shard ID None has connected to Gateway: ["gateway-prd-main-3nsm",{"micros":55236,"calls":["discord-sessions-blue-prd-2-129",{"micros":54488,"calls":["start_session",{"micros":41036,"calls":["api-prd-main-q80s",{"micros":34558,"calls":["get_user",{"micros":3793},"add_authorized_ip",{"micros":1566},"get_guilds",{"micros":7910},"coros_wait",{"micros":2}]}]},"guilds_connect",{"micros":2,"calls":[]},"presence_connect",{"micros":1,"calls":[]}]}]}] (Session ID: 593612cb3352eb3130902dc3e6727364).
2022-01-08 22:46:05,239 INFO: 目前登入身份：神奇海螺#3847
2022-01-09 15:49:25,502 INFO: logging in using static token
2022-01-09 15:49:25,770 INFO: Shard ID None has sent the IDENTIFY payload.
2022-01-09 15:49:25,898 INFO: Shard ID None has connected to Gateway: ["gateway-prd-main-g9f5",{"micros":86522,"calls":["discord-sessions-blue-prd-2-13",{"micros":85303,"calls":["start_session",{"micros":71667,"calls":["api-prd-main-j2pj",{"micros":66605,"calls":["get_user",{"micros":9750},"add_authorized_ip",{"micros":5556},"get_guilds",{"micros":11848},"coros_wait",{"micros":1}]}]},"guilds_connect",{"micros":3,"calls":[]},"presence_connect",{"micros":1,"calls":[]}]}]}] (Session ID: 28ac3692ba07ec207fad222ee99bf848).
2022-01-09 15:49:27,925 INFO: 目前登入身份：神奇海螺#3847
2022-01-09 16:09:31,261 INFO: Lexor out 9又4分之8.7月台[打不出幹話就講出來啊]
2022-01-09 16:09:31,261 INFO: Connecting to voice...
2022-01-09 16:09:31,261 INFO: Starting voice handshake... (connection attempt 1)
2022-01-09 16:09:31,673 INFO: Voice handshake complete. Endpoint found singapore4400.discord.media
2022-01-09 16:09:33,124 INFO: selected the voice protocol for use (xsalsa20_poly1305_lite)
2022-01-09 16:09:33,372 INFO: received secret key for voice connection
2022-01-09 16:09:35,279 INFO: Preparing to terminate ffmpeg process 123.
2022-01-09 16:09:35,280 INFO: ffmpeg process 123 successfully terminated with return code of 0.
2022-01-09 16:09:35,411 INFO: The voice handshake is being terminated for Channel ID 428109526550708238 (Guild ID 428109526550708234)
2022-01-09 16:09:35,412 INFO: Disconnecting from voice normally, close code 1000.
2022-01-09 16:09:39,529 INFO: Maipool out 9又4分之8.7月台[打不出幹話就講出來啊]
2022-01-09 16:09:39,529 INFO: Connecting to voice...
2022-01-09 16:09:39,529 INFO: Starting voice handshake... (connection attempt 1)
2022-01-09 16:09:39,962 INFO: Voice handshake complete. Endpoint found singapore4400.discord.media
2022-01-09 16:09:41,467 INFO: selected the voice protocol for use (xsalsa20_poly1305_lite)
2022-01-09 16:09:41,731 INFO: received secret key for voice connection
2022-01-09 16:09:43,617 INFO: Preparing to terminate ffmpeg process 135.
2022-01-09 16:09:43,617 INFO: ffmpeg process 135 successfully terminated with return code of 0.
2022-01-09 16:09:43,743 INFO: The voice handshake is being terminated for Channel ID 428109526550708238 (Guild ID 428109526550708234)
2022-01-09 16:09:43,743 INFO: Disconnecting from voice normally, close code 1000.
2022-01-09 16:09:46,380 INFO: wan out 9又4分之8.7月台[打不出幹話就講出來啊]
2022-01-09 16:09:46,381 INFO: Connecting to voice...
2022-01-09 16:09:46,381 INFO: Starting voice handshake... (connection attempt 1)
2022-01-09 16:09:47,497 INFO: Voice handshake complete. Endpoint found singapore4400.discord.media
2022-01-09 16:09:48,952 INFO: selected the voice protocol for use (xsalsa20_poly1305_lite)
2022-01-09 16:09:49,197 INFO: received secret key for voice connection
2022-01-09 16:09:50,945 INFO: Preparing to terminate ffmpeg process 146.
2022-01-09 16:09:50,946 INFO: ffmpeg process 146 successfully terminated with return code of 0.
2022-01-09 16:09:51,109 INFO: The voice handshake is being terminated for Channel ID 428109526550708238 (Guild ID 428109526550708234)
2022-01-09 16:09:51,110 INFO: Disconnecting from voice normally, close code 1000.
2022-01-09 16:09:52,175 INFO: SparkleZ out 9又4分之8.7月台[打不出幹話就講出來啊]
2022-01-09 16:09:52,175 INFO: Connecting to voice...
2022-01-09 16:09:52,175 INFO: Starting voice handshake... (connection attempt 1)
2022-01-09 16:09:52,625 INFO: Voice handshake complete. Endpoint found singapore4400.discord.media
2022-01-09 16:09:54,062 INFO: selected the voice protocol for use (xsalsa20_poly1305_lite)
2022-01-09 16:09:54,309 INFO: received secret key for voice connection
2022-01-09 16:09:56,494 INFO: Preparing to terminate ffmpeg process 157.
2022-01-09 16:09:56,495 INFO: ffmpeg process 157 successfully terminated with return code of 0.
2022-01-09 16:09:56,621 INFO: The voice handshake is being terminated for Channel ID 428109526550708238 (Guild ID 428109526550708234)
2022-01-09 16:09:56,622 INFO: Disconnecting from voice normally, close code 1000.
