2023-01-11 20:03:23,859 INFO: logging in using static token
2023-01-11 20:03:24,360 INFO: Shard ID None has connected to Gateway (Session ID: 83948f83d1954b9e8f47610bba69ce41).
2023-01-11 20:03:26,367 INFO: 目前登入身份：神奇海螺#3847
2023-01-11 21:49:03,842 INFO: Shard ID None has successfully RESUMED session 83948f83d1954b9e8f47610bba69ce41.
2023-01-11 22:11:52,727 INFO: Shard ID None has successfully RESUMED session 83948f83d1954b9e8f47610bba69ce41.
2023-01-11 23:10:43,732 INFO: logging in using static token
2023-01-11 23:10:44,367 INFO: Shard ID None has connected to Gateway (Session ID: 8990c6d79e82875b0bd9375cabdec74b).
2023-01-11 23:10:46,393 INFO: 目前登入身份：神奇海螺#3847
2023-01-11 23:42:04,947 INFO: logging in using static token
2023-01-11 23:42:05,435 INFO: Shard ID None has connected to Gateway (Session ID: b3f410e11721fbea42ea71158c99343b).
2023-01-11 23:42:07,442 INFO: 目前登入身份：神奇海螺#3847
2023-01-12 00:58:45,496 INFO: logging in using static token
2023-01-12 00:58:46,119 INFO: Shard ID None has connected to Gateway (Session ID: 9eb5bda457f5dad27bb2bd7d5092dbec).
2023-01-12 00:58:48,125 INFO: 目前登入身份：神奇海螺#3847
2023-01-12 02:27:48,344 INFO: Shard ID None has successfully RESUMED session 9eb5bda457f5dad27bb2bd7d5092dbec.
2023-01-12 06:11:27,319 INFO: Shard ID None has successfully RESUMED session 9eb5bda457f5dad27bb2bd7d5092dbec.
2023-01-12 09:52:01,323 INFO: Shard ID None has successfully RESUMED session 9eb5bda457f5dad27bb2bd7d5092dbec.
2023-01-12 10:44:34,475 INFO: 神奇海螺 in 9又4分之8.7月台[123是什麼敷衍的名字]
2023-01-12 10:44:34,582 INFO: Connecting to voice...
2023-01-12 10:44:34,582 INFO: Starting voice handshake... (connection attempt 1)
2023-01-12 10:44:34,878 INFO: Voice handshake complete. Endpoint found hongkong1512.discord.media
2023-01-12 10:44:38,378 INFO: ffmpeg process 1156 successfully terminated with return code of 0.
2023-01-12 10:44:46,831 INFO: ffmpeg process 1167 successfully terminated with return code of 0.
2023-01-12 10:44:47,881 INFO: The voice handshake is being terminated for Channel ID 728631391809437746 (Guild ID 428109526550708234)
2023-01-12 10:44:47,882 INFO: Disconnecting from voice normally, close code 1000.
2023-01-12 12:43:48,631 INFO: Shard ID None has successfully RESUMED session 9eb5bda457f5dad27bb2bd7d5092dbec.
2023-01-12 13:27:04,495 INFO: 貓嗷嗚飄飄大仙 in 9又4分之8.7月台[123是什麼敷衍的名字]
2023-01-12 13:27:04,547 INFO: Connecting to voice...
2023-01-12 13:27:04,547 INFO: Starting voice handshake... (connection attempt 1)
2023-01-12 13:27:04,840 INFO: Voice handshake complete. Endpoint found hongkong1512.discord.media
2023-01-12 13:27:08,686 INFO: ffmpeg process 1340 successfully terminated with return code of 0.
2023-01-12 13:27:11,419 INFO: ffmpeg process 1350 successfully terminated with return code of 0.
2023-01-12 13:27:12,484 INFO: The voice handshake is being terminated for Channel ID 728631391809437746 (Guild ID 428109526550708234)
2023-01-12 13:27:12,485 INFO: Disconnecting from voice normally, close code 1000.
2023-01-12 13:27:43,737 INFO: 貓嗷嗚飄飄大仙 out 9又4分之8.7月台[123是什麼敷衍的名字]
2023-01-12 13:27:43,738 INFO: Connecting to voice...
2023-01-12 13:27:43,738 INFO: Starting voice handshake... (connection attempt 1)
2023-01-12 13:27:44,091 INFO: Voice handshake complete. Endpoint found hongkong1512.discord.media
2023-01-12 13:27:48,400 INFO: ffmpeg process 1361 successfully terminated with return code of 0.
2023-01-12 13:27:49,473 INFO: The voice handshake is being terminated for Channel ID 728631391809437746 (Guild ID 428109526550708234)
2023-01-12 13:27:49,474 INFO: Disconnecting from voice normally, close code 1000.
2023-01-12 14:26:35,757 INFO: BunnyplayGG in 9又4分之8.7月台[123是什麼敷衍的名字]
2023-01-12 14:26:35,926 INFO: Connecting to voice...
2023-01-12 14:26:35,927 INFO: Starting voice handshake... (connection attempt 1)
2023-01-12 14:26:36,219 INFO: Voice handshake complete. Endpoint found hongkong1512.discord.media
2023-01-12 14:26:39,762 INFO: ffmpeg process 1478 successfully terminated with return code of 0.
2023-01-12 14:26:43,954 INFO: ffmpeg process 1488 successfully terminated with return code of 0.
2023-01-12 14:26:45,007 INFO: The voice handshake is being terminated for Channel ID 728631391809437746 (Guild ID 428109526550708234)
2023-01-12 14:26:45,007 INFO: Disconnecting from voice normally, close code 1000.
2023-01-12 14:28:46,985 INFO: Fiven-chung in 9又4分之8.7月台[123是什麼敷衍的名字]
2023-01-12 14:28:47,205 INFO: Connecting to voice...
2023-01-12 14:28:47,205 INFO: Starting voice handshake... (connection attempt 1)
2023-01-12 14:28:47,520 INFO: Voice handshake complete. Endpoint found hongkong1512.discord.media
2023-01-12 14:28:51,994 INFO: ffmpeg process 1499 successfully terminated with return code of 0.
2023-01-12 14:28:54,151 INFO: ffmpeg process 1509 successfully terminated with return code of 0.
2023-01-12 14:28:55,155 INFO: The voice handshake is being terminated for Channel ID 728631391809437746 (Guild ID 428109526550708234)
2023-01-12 14:28:55,155 INFO: Disconnecting from voice normally, close code 1000.
2023-01-12 14:29:15,434 INFO: Chi in 9又4分之8.7月台[123是什麼敷衍的名字]
2023-01-12 14:29:15,529 INFO: Connecting to voice...
2023-01-12 14:29:15,529 INFO: Starting voice handshake... (connection attempt 1)
2023-01-12 14:29:16,459 INFO: Voice handshake complete. Endpoint found hongkong1512.discord.media
2023-01-12 14:29:19,813 INFO: ffmpeg process 1520 successfully terminated with return code of 0.
2023-01-12 14:29:22,588 INFO: ffmpeg process 1530 successfully terminated with return code of 0.
2023-01-12 14:29:23,656 INFO: The voice handshake is being terminated for Channel ID 728631391809437746 (Guild ID 428109526550708234)
2023-01-12 14:29:23,656 INFO: Disconnecting from voice normally, close code 1000.
2023-01-12 14:39:44,250 INFO: Chi out 9又4分之8.7月台[123是什麼敷衍的名字]
2023-01-12 14:39:44,250 INFO: Connecting to voice...
2023-01-12 14:39:44,250 INFO: Starting voice handshake... (connection attempt 1)
2023-01-12 14:39:44,554 INFO: Voice handshake complete. Endpoint found hongkong1512.discord.media
2023-01-12 14:39:45,184 INFO: Chi in 9又4分之8.7月台[123是什麼敷衍的名字]
2023-01-12 14:39:48,379 INFO: ffmpeg process 1541 successfully terminated with return code of 0.
2023-01-12 14:39:51,094 INFO: ffmpeg process 1551 successfully terminated with return code of 0.
2023-01-12 14:39:53,707 INFO: ffmpeg process 1561 successfully terminated with return code of 0.
2023-01-12 14:39:54,756 INFO: The voice handshake is being terminated for Channel ID 728631391809437746 (Guild ID 428109526550708234)
2023-01-12 14:39:54,756 INFO: Disconnecting from voice normally, close code 1000.
2023-01-12 14:43:03,718 INFO: 貓嗷嗚飄飄大仙 in 9又4分之8.7月台[123是什麼敷衍的名字]
2023-01-12 14:43:03,767 INFO: Connecting to voice...
2023-01-12 14:43:03,767 INFO: Starting voice handshake... (connection attempt 1)
2023-01-12 14:43:04,057 INFO: Voice handshake complete. Endpoint found hongkong1512.discord.media
2023-01-12 14:43:08,580 INFO: ffmpeg process 1572 successfully terminated with return code of 0.
2023-01-12 14:43:11,658 INFO: ffmpeg process 1582 successfully terminated with return code of 0.
2023-01-12 14:43:12,689 INFO: The voice handshake is being terminated for Channel ID 728631391809437746 (Guild ID 428109526550708234)
2023-01-12 14:43:12,690 INFO: Disconnecting from voice normally, close code 1000.
2023-01-12 14:43:59,053 INFO: louiskkk28 in 9又4分之8.7月台[123是什麼敷衍的名字]
2023-01-12 14:43:59,224 INFO: Connecting to voice...
2023-01-12 14:43:59,224 INFO: Starting voice handshake... (connection attempt 1)
2023-01-12 14:43:59,522 INFO: Voice handshake complete. Endpoint found hongkong1512.discord.media
2023-01-12 14:44:03,098 INFO: ffmpeg process 1593 successfully terminated with return code of 0.
2023-01-12 14:44:05,997 INFO: ffmpeg process 1603 successfully terminated with return code of 0.
2023-01-12 14:44:07,085 INFO: The voice handshake is being terminated for Channel ID 728631391809437746 (Guild ID 428109526550708234)
2023-01-12 14:44:07,086 INFO: Disconnecting from voice normally, close code 1000.
2023-01-12 15:04:59,612 INFO: Shard ID None has successfully RESUMED session 9eb5bda457f5dad27bb2bd7d5092dbec.
2023-01-12 15:26:22,684 INFO: Shard ID None has successfully RESUMED session 9eb5bda457f5dad27bb2bd7d5092dbec.
2023-01-12 15:30:22,639 INFO: louiskkk28 out 9又4分之8.7月台[123是什麼敷衍的名字]
2023-01-12 15:30:22,640 INFO: Connecting to voice...
2023-01-12 15:30:22,640 INFO: Starting voice handshake... (connection attempt 1)
2023-01-12 15:30:22,937 INFO: Voice handshake complete. Endpoint found hongkong1512.discord.media
2023-01-12 15:30:27,890 INFO: ffmpeg process 1687 successfully terminated with return code of 0.
2023-01-12 15:30:28,931 INFO: The voice handshake is being terminated for Channel ID 728631391809437746 (Guild ID 428109526550708234)
2023-01-12 15:30:28,932 INFO: Disconnecting from voice normally, close code 1000.
2023-01-12 16:19:59,366 INFO: BunnyplayGG out 9又4分之8.7月台[123是什麼敷衍的名字]
2023-01-12 16:19:59,367 INFO: Connecting to voice...
2023-01-12 16:19:59,367 INFO: Starting voice handshake... (connection attempt 1)
2023-01-12 16:19:59,671 INFO: Voice handshake complete. Endpoint found hongkong1512.discord.media
2023-01-12 16:20:03,226 INFO: ffmpeg process 1754 successfully terminated with return code of 0.
2023-01-12 16:20:04,287 INFO: The voice handshake is being terminated for Channel ID 728631391809437746 (Guild ID 428109526550708234)
2023-01-12 16:20:04,288 INFO: Disconnecting from voice normally, close code 1000.
2023-01-12 16:39:31,804 INFO: Chi out 9又4分之8.7月台[123是什麼敷衍的名字]
2023-01-12 16:39:31,805 INFO: Connecting to voice...
2023-01-12 16:39:31,805 INFO: Starting voice handshake... (connection attempt 1)
2023-01-12 16:39:32,120 INFO: Voice handshake complete. Endpoint found hongkong1512.discord.media
2023-01-12 16:39:34,791 INFO: ffmpeg process 1783 successfully terminated with return code of 0.
2023-01-12 16:39:35,837 INFO: The voice handshake is being terminated for Channel ID 728631391809437746 (Guild ID 428109526550708234)
2023-01-12 16:39:35,838 INFO: Disconnecting from voice normally, close code 1000.
2023-01-12 16:39:51,012 INFO: Fiven-chung out 9又4分之8.7月台[123是什麼敷衍的名字]
2023-01-12 16:39:51,013 INFO: Connecting to voice...
2023-01-12 16:39:51,013 INFO: Starting voice handshake... (connection attempt 1)
2023-01-12 16:39:51,341 INFO: Voice handshake complete. Endpoint found hongkong1512.discord.media
2023-01-12 16:39:54,382 INFO: ffmpeg process 1794 successfully terminated with return code of 0.
2023-01-12 16:39:55,475 INFO: The voice handshake is being terminated for Channel ID 728631391809437746 (Guild ID 428109526550708234)
2023-01-12 16:39:55,475 INFO: Disconnecting from voice normally, close code 1000.
2023-01-12 17:25:54,923 INFO: 貓嗷嗚飄飄大仙 out 9又4分之8.7月台[123是什麼敷衍的名字]
2023-01-12 17:25:54,925 INFO: Connecting to voice...
2023-01-12 17:25:54,926 INFO: Starting voice handshake... (connection attempt 1)
2023-01-12 17:25:55,235 INFO: Voice handshake complete. Endpoint found hongkong1512.discord.media
2023-01-12 17:25:58,988 INFO: ffmpeg process 1874 successfully terminated with return code of 0.
2023-01-12 17:26:00,075 INFO: The voice handshake is being terminated for Channel ID 728631391809437746 (Guild ID 428109526550708234)
2023-01-12 17:26:00,076 INFO: Disconnecting from voice normally, close code 1000.
2023-01-12 18:56:15,928 INFO: Shard ID None has successfully RESUMED session 9eb5bda457f5dad27bb2bd7d5092dbec.
2023-01-12 19:18:57,605 INFO: Shard ID None has successfully RESUMED session 9eb5bda457f5dad27bb2bd7d5092dbec.
2023-01-12 20:16:50,021 INFO: Shard ID None has successfully RESUMED session 9eb5bda457f5dad27bb2bd7d5092dbec.
2023-01-12 22:03:04,440 INFO: Shard ID None has successfully RESUMED session 9eb5bda457f5dad27bb2bd7d5092dbec.
2023-01-12 23:51:52,225 INFO: Shard ID None has successfully RESUMED session 9eb5bda457f5dad27bb2bd7d5092dbec.
