2023-01-21 17:38:00,925 INFO: logging in using static token
2023-01-21 17:38:01,522 INFO: Shard ID None has connected to Gateway (Session ID: 6239e1b9923f52c797eb08a9dc20befb).
2023-01-21 17:38:03,547 INFO: 目前登入身份：神奇海螺#3847
2023-01-21 18:16:18,474 INFO: logging in using static token
2023-01-21 18:16:19,011 INFO: Shard ID None has connected to Gateway (Session ID: 1f8320c527efb21bbdadab567865c630).
2023-01-21 18:16:21,022 INFO: 目前登入身份：神奇海螺#3847
2023-01-21 21:41:22,597 INFO: Shard ID None has successfully RESUMED session 1f8320c527efb21bbdadab567865c630.
2023-01-22 00:49:22,954 INFO: Shard ID None has successfully RESUMED session 1f8320c527efb21bbdadab567865c630.
2023-01-22 01:05:16,311 INFO: Shard ID None has successfully RESUMED session 1f8320c527efb21bbdadab567865c630.
2023-01-22 03:05:21,924 INFO: Shard ID None has successfully RESUMED session 1f8320c527efb21bbdadab567865c630.
2023-01-22 04:26:36,186 INFO: Shard ID None has successfully RESUMED session 1f8320c527efb21bbdadab567865c630.
2023-01-22 05:06:16,003 INFO: Shard ID None has successfully RESUMED session 1f8320c527efb21bbdadab567865c630.
2023-01-22 05:25:00,202 INFO: logging in using static token
2023-01-22 05:25:00,860 INFO: Shard ID None has connected to Gateway (Session ID: c049f5507f0865f8c5c5a143166eaef5).
2023-01-22 05:25:02,865 INFO: 目前登入身份：神奇海螺#3847
2023-01-22 06:35:19,228 INFO: Shard ID None has successfully RESUMED session c049f5507f0865f8c5c5a143166eaef5.
2023-01-22 07:14:03,703 INFO: Shard ID None has successfully RESUMED session c049f5507f0865f8c5c5a143166eaef5.
2023-01-22 08:03:36,891 INFO: Shard ID None has successfully RESUMED session c049f5507f0865f8c5c5a143166eaef5.
2023-01-22 09:03:21,000 INFO: logging in using static token
2023-01-22 09:03:21,446 INFO: Shard ID None has connected to Gateway (Session ID: 8752bb480fbbc564aee25dfe0f718c77).
2023-01-22 09:03:23,451 INFO: 目前登入身份：神奇海螺#3847
2023-01-22 11:40:03,543 INFO: Shard ID None has successfully RESUMED session 8752bb480fbbc564aee25dfe0f718c77.
2023-01-22 12:42:20,231 INFO: 神奇海螺 in 9又4分之8.7月台[123是什麼敷衍的名字]
2023-01-22 12:42:20,272 INFO: Connecting to voice...
2023-01-22 12:42:20,272 INFO: Starting voice handshake... (connection attempt 1)
2023-01-22 12:42:20,517 INFO: Voice handshake complete. Endpoint found hongkong8769.discord.media
2023-01-22 12:42:24,848 INFO: ffmpeg process 572 successfully terminated with return code of 0.
2023-01-22 12:42:33,295 INFO: ffmpeg process 583 successfully terminated with return code of 0.
2023-01-22 12:42:34,356 INFO: The voice handshake is being terminated for Channel ID 728631391809437746 (Guild ID 428109526550708234)
2023-01-22 12:42:34,356 INFO: Disconnecting from voice normally, close code 1000.
2023-01-22 13:17:23,379 INFO: 貓嗷嗚飄飄大仙 in 9又4分之8.7月台[123是什麼敷衍的名字]
2023-01-22 13:17:23,427 INFO: Connecting to voice...
2023-01-22 13:17:23,428 INFO: Starting voice handshake... (connection attempt 1)
2023-01-22 13:17:23,671 INFO: Voice handshake complete. Endpoint found hongkong8769.discord.media
2023-01-22 13:17:27,862 INFO: ffmpeg process 646 successfully terminated with return code of 0.
2023-01-22 13:17:29,918 INFO: ffmpeg process 656 successfully terminated with return code of 0.
2023-01-22 13:17:30,961 INFO: The voice handshake is being terminated for Channel ID 728631391809437746 (Guild ID 428109526550708234)
2023-01-22 13:17:30,961 INFO: Disconnecting from voice normally, close code 1000.
2023-01-22 13:53:49,819 INFO: KyrieR in 9又4分之8.7月台[123是什麼敷衍的名字]
2023-01-22 13:53:49,898 INFO: Connecting to voice...
2023-01-22 13:53:49,898 INFO: Starting voice handshake... (connection attempt 1)
2023-01-22 13:53:50,142 INFO: Voice handshake complete. Endpoint found hongkong8769.discord.media
2023-01-22 13:53:53,654 INFO: ffmpeg process 739 successfully terminated with return code of 0.
2023-01-22 13:53:56,351 INFO: ffmpeg process 749 successfully terminated with return code of 0.
2023-01-22 13:53:57,397 INFO: The voice handshake is being terminated for Channel ID 728631391809437746 (Guild ID 428109526550708234)
2023-01-22 13:53:57,397 INFO: Disconnecting from voice normally, close code 1000.
2023-01-22 14:28:26,339 INFO: Chi in 9又4分之8.7月台[123是什麼敷衍的名字]
2023-01-22 14:28:26,470 INFO: Connecting to voice...
2023-01-22 14:28:26,471 INFO: Starting voice handshake... (connection attempt 1)
2023-01-22 14:28:26,716 INFO: Voice handshake complete. Endpoint found hongkong8769.discord.media
2023-01-22 14:28:29,822 INFO: ffmpeg process 795 successfully terminated with return code of 0.
2023-01-22 14:28:34,040 INFO: ffmpeg process 805 successfully terminated with return code of 0.
2023-01-22 14:28:35,099 INFO: The voice handshake is being terminated for Channel ID 728631391809437746 (Guild ID 428109526550708234)
2023-01-22 14:28:35,100 INFO: Disconnecting from voice normally, close code 1000.
2023-01-22 15:24:34,977 INFO: Shard ID None has successfully RESUMED session 8752bb480fbbc564aee25dfe0f718c77.
2023-01-22 16:13:07,952 INFO: mrdavid874 in 9又4分之8.7月台[123是什麼敷衍的名字]
2023-01-22 16:13:08,040 INFO: Connecting to voice...
2023-01-22 16:13:08,040 INFO: Starting voice handshake... (connection attempt 1)
2023-01-22 16:13:08,286 INFO: Voice handshake complete. Endpoint found hongkong8769.discord.media
2023-01-22 16:13:13,875 INFO: ffmpeg process 975 successfully terminated with return code of 0.
2023-01-22 16:13:15,348 INFO: ffmpeg process 985 successfully terminated with return code of 0.
2023-01-22 16:13:16,890 INFO: The voice handshake is being terminated for Channel ID 728631391809437746 (Guild ID 428109526550708234)
2023-01-22 16:13:16,891 INFO: Disconnecting from voice normally, close code 1000.
2023-01-22 16:53:43,771 INFO: Shard ID None has successfully RESUMED session 8752bb480fbbc564aee25dfe0f718c77.
2023-01-22 17:55:04,601 INFO: Shard ID None has successfully RESUMED session 8752bb480fbbc564aee25dfe0f718c77.
2023-01-22 18:10:18,917 INFO: mrdavid874 out 9又4分之8.7月台[123是什麼敷衍的名字]
2023-01-22 18:10:18,918 INFO: Connecting to voice...
2023-01-22 18:10:18,918 INFO: Starting voice handshake... (connection attempt 1)
2023-01-22 18:10:19,192 INFO: Voice handshake complete. Endpoint found hongkong8769.discord.media
2023-01-22 18:10:24,099 INFO: ffmpeg process 1180 successfully terminated with return code of 0.
2023-01-22 18:10:25,191 INFO: The voice handshake is being terminated for Channel ID 728631391809437746 (Guild ID 428109526550708234)
2023-01-22 18:10:25,192 INFO: Disconnecting from voice normally, close code 1000.
2023-01-22 18:11:25,707 INFO: Chi out 9又4分之8.7月台[123是什麼敷衍的名字]
2023-01-22 18:11:25,707 INFO: Connecting to voice...
2023-01-22 18:11:25,708 INFO: Starting voice handshake... (connection attempt 1)
2023-01-22 18:11:26,072 INFO: Voice handshake complete. Endpoint found hongkong8769.discord.media
2023-01-22 18:11:30,770 INFO: ffmpeg process 1191 successfully terminated with return code of 0.
2023-01-22 18:11:33,394 INFO: ffmpeg process 1201 successfully terminated with return code of 0.
2023-01-22 18:11:33,446 INFO: KyrieR out 9又4分之8.7月台[123是什麼敷衍的名字]
2023-01-22 18:11:36,258 INFO: ffmpeg process 1211 successfully terminated with return code of 0.
2023-01-22 18:11:37,264 INFO: The voice handshake is being terminated for Channel ID 728631391809437746 (Guild ID 428109526550708234)
2023-01-22 18:11:37,266 INFO: Disconnecting from voice normally, close code 1000.
2023-01-22 18:13:19,589 INFO: 貓嗷嗚飄飄大仙 out 9又4分之8.7月台[123是什麼敷衍的名字]
2023-01-22 18:13:19,590 INFO: Connecting to voice...
2023-01-22 18:13:19,590 INFO: Starting voice handshake... (connection attempt 1)
2023-01-22 18:13:19,688 INFO: Voice handshake complete. Endpoint found atlanta4313.discord.media
2023-01-22 18:13:22,370 INFO: ffmpeg process 1222 successfully terminated with return code of 0.
2023-01-22 18:13:23,448 INFO: The voice handshake is being terminated for Channel ID 728631391809437746 (Guild ID 428109526550708234)
2023-01-22 18:13:23,450 INFO: Disconnecting from voice normally, close code 1000.
2023-01-22 18:15:54,086 INFO: Shard ID None has successfully RESUMED session 8752bb480fbbc564aee25dfe0f718c77.
2023-01-22 19:49:22,207 INFO: Shard ID None has successfully RESUMED session 8752bb480fbbc564aee25dfe0f718c77.
2023-01-22 23:06:49,441 INFO: Shard ID None has successfully RESUMED session 8752bb480fbbc564aee25dfe0f718c77.
