2023-02-04 00:25:29,332 INFO: logging in using static token
2023-02-04 00:25:30,061 INFO: Shard ID None has connected to Gateway (Session ID: 8df6a3433370fbdb8a78d8699a31bb1e).
2023-02-04 00:25:32,065 INFO: 目前登入身份：神奇海螺#3847
2023-02-04 03:04:49,511 INFO: Shard ID None has successfully RESUMED session 8df6a3433370fbdb8a78d8699a31bb1e.
2023-02-04 03:26:53,009 INFO: Shard ID None has successfully RESUMED session 8df6a3433370fbdb8a78d8699a31bb1e.
2023-02-04 03:54:05,304 INFO: 貓嗷嗚飄飄大仙 in 9又4分之8.7月台[123是什麼敷衍的名字]
2023-02-04 03:54:05,401 INFO: Connecting to voice...
2023-02-04 03:54:05,401 INFO: Starting voice handshake... (connection attempt 1)
2023-02-04 03:54:05,715 INFO: Voice handshake complete. Endpoint found hongkong8769.discord.media
2023-02-04 03:54:10,109 INFO: ffmpeg process 591 has not terminated. Waiting to terminate...
2023-02-04 03:54:10,110 INFO: ffmpeg process 591 should have terminated with a return code of 0.
2023-02-04 03:54:12,752 INFO: ffmpeg process 602 successfully terminated with return code of 0.
2023-02-04 03:54:13,800 INFO: The voice handshake is being terminated for Channel ID 728631391809437746 (Guild ID 428109526550708234)
2023-02-04 03:54:13,801 INFO: Disconnecting from voice normally, close code 1000.
2023-02-04 04:21:30,705 INFO: SparkleZ in 9又4分之8.7月台[123是什麼敷衍的名字]
2023-02-04 04:21:30,800 INFO: Connecting to voice...
2023-02-04 04:21:30,800 INFO: Starting voice handshake... (connection attempt 1)
2023-02-04 04:21:31,117 INFO: Voice handshake complete. Endpoint found hongkong8769.discord.media
2023-02-04 04:21:34,172 INFO: ffmpeg process 647 successfully terminated with return code of 0.
2023-02-04 04:21:36,605 INFO: ffmpeg process 657 successfully terminated with return code of 0.
2023-02-04 04:21:37,611 INFO: The voice handshake is being terminated for Channel ID 728631391809437746 (Guild ID 428109526550708234)
2023-02-04 04:21:37,612 INFO: Disconnecting from voice normally, close code 1000.
2023-02-04 04:31:12,039 INFO: SparkleZ out 9又4分之8.7月台[123是什麼敷衍的名字]
2023-02-04 04:31:12,040 INFO: Connecting to voice...
2023-02-04 04:31:12,040 INFO: Starting voice handshake... (connection attempt 1)
2023-02-04 04:31:12,337 INFO: Voice handshake complete. Endpoint found hongkong8769.discord.media
2023-02-04 04:31:15,436 INFO: ffmpeg process 705 successfully terminated with return code of 0.
2023-02-04 04:31:16,468 INFO: The voice handshake is being terminated for Channel ID 728631391809437746 (Guild ID 428109526550708234)
2023-02-04 04:31:16,469 INFO: Disconnecting from voice normally, close code 1000.
2023-02-04 04:31:27,298 INFO: SparkleZ in 9又4分之8.7月台[123是什麼敷衍的名字]
2023-02-04 04:31:27,437 INFO: Connecting to voice...
2023-02-04 04:31:27,437 INFO: Starting voice handshake... (connection attempt 1)
2023-02-04 04:31:27,724 INFO: Voice handshake complete. Endpoint found hongkong8769.discord.media
2023-02-04 04:31:30,799 INFO: ffmpeg process 716 successfully terminated with return code of 0.
2023-02-04 04:31:32,935 INFO: ffmpeg process 726 successfully terminated with return code of 0.
2023-02-04 04:31:33,939 INFO: The voice handshake is being terminated for Channel ID 728631391809437746 (Guild ID 428109526550708234)
2023-02-04 04:31:33,940 INFO: Disconnecting from voice normally, close code 1000.
2023-02-04 04:31:44,067 INFO: SparkleZ out 9又4分之8.7月台[123是什麼敷衍的名字]
2023-02-04 04:31:44,068 INFO: Connecting to voice...
2023-02-04 04:31:44,069 INFO: Starting voice handshake... (connection attempt 1)
2023-02-04 04:31:44,623 INFO: Voice handshake complete. Endpoint found hongkong8769.discord.media
2023-02-04 04:31:46,299 INFO: SparkleZ in 9又4分之8.7月台[123是什麼敷衍的名字]
2023-02-04 04:31:47,685 INFO: ffmpeg process 737 successfully terminated with return code of 0.
2023-02-04 04:31:51,218 INFO: ffmpeg process 747 successfully terminated with return code of 0.
2023-02-04 04:31:53,796 INFO: ffmpeg process 757 successfully terminated with return code of 0.
2023-02-04 04:31:54,844 INFO: The voice handshake is being terminated for Channel ID 728631391809437746 (Guild ID 428109526550708234)
2023-02-04 04:31:54,845 INFO: Disconnecting from voice normally, close code 1000.
2023-02-04 05:35:12,730 INFO: SparkleZ out 9又4分之8.7月台[123是什麼敷衍的名字]
2023-02-04 05:35:12,731 INFO: Connecting to voice...
2023-02-04 05:35:12,731 INFO: Starting voice handshake... (connection attempt 1)
2023-02-04 05:35:13,025 INFO: Voice handshake complete. Endpoint found hongkong8769.discord.media
2023-02-04 05:35:16,089 INFO: ffmpeg process 879 successfully terminated with return code of 0.
2023-02-04 05:35:17,119 INFO: The voice handshake is being terminated for Channel ID 728631391809437746 (Guild ID 428109526550708234)
2023-02-04 05:35:17,119 INFO: Disconnecting from voice normally, close code 1000.
2023-02-04 05:51:07,054 INFO: 貓嗷嗚飄飄大仙 out 9又4分之8.7月台[123是什麼敷衍的名字]
2023-02-04 05:51:07,055 INFO: Connecting to voice...
2023-02-04 05:51:07,055 INFO: Starting voice handshake... (connection attempt 1)
2023-02-04 05:51:07,224 INFO: Voice handshake complete. Endpoint found seattle4923.discord.media
2023-02-04 05:51:09,862 INFO: ffmpeg process 925 successfully terminated with return code of 0.
2023-02-04 05:51:10,936 INFO: The voice handshake is being terminated for Channel ID 728631391809437746 (Guild ID 428109526550708234)
2023-02-04 05:51:10,937 INFO: Disconnecting from voice normally, close code 1000.
2023-02-04 06:21:24,759 INFO: Shard ID None has successfully RESUMED session 8df6a3433370fbdb8a78d8699a31bb1e.
2023-02-04 08:10:18,605 INFO: Shard ID None has successfully RESUMED session 8df6a3433370fbdb8a78d8699a31bb1e.
2023-02-04 11:51:13,838 INFO: Shard ID None has successfully RESUMED session 8df6a3433370fbdb8a78d8699a31bb1e.
2023-02-04 12:21:28,761 INFO: Shard ID None has successfully RESUMED session 8df6a3433370fbdb8a78d8699a31bb1e.
2023-02-04 13:41:43,061 INFO: Shard ID None has successfully RESUMED session 8df6a3433370fbdb8a78d8699a31bb1e.
2023-02-04 16:07:44,793 INFO: Shard ID None has successfully RESUMED session 8df6a3433370fbdb8a78d8699a31bb1e.
2023-02-04 17:44:28,359 INFO: Shard ID None has successfully RESUMED session 8df6a3433370fbdb8a78d8699a31bb1e.
2023-02-04 21:28:12,603 INFO: Shard ID None has successfully RESUMED session 8df6a3433370fbdb8a78d8699a31bb1e.
2023-02-04 22:03:02,619 INFO: Shard ID None has successfully RESUMED session 8df6a3433370fbdb8a78d8699a31bb1e.
