2023-02-07 23:21:16,287 INFO: logging in using static token
2023-02-07 23:21:16,850 INFO: Shard ID None has connected to Gateway (Session ID: e7ff57c4448af3d56b25a520941ce1d8).
2023-02-07 23:21:18,855 INFO: 目前登入身份：神奇海螺#3847
2023-02-08 00:47:37,875 INFO: logging in using static token
2023-02-08 00:47:38,531 INFO: Shard ID None has connected to Gateway (Session ID: 8f1f5bcbf26b33ed9e1cd4fadf6595f9).
2023-02-08 00:47:40,560 INFO: 目前登入身份：神奇海螺#3847
2023-02-08 02:09:14,777 INFO: logging in using static token
2023-02-08 02:09:15,391 INFO: Shard ID None has connected to Gateway (Session ID: e640c27c60b601eedc3cc4e64560bb2b).
2023-02-08 02:09:17,403 INFO: 目前登入身份：神奇海螺#3847
2023-02-08 02:26:21,845 INFO: logging in using static token
2023-02-08 02:26:22,591 INFO: Shard ID None has connected to Gateway (Session ID: a06e2d1dcc9e8b6ce909de45488a2c11).
2023-02-08 02:26:24,596 INFO: 目前登入身份：神奇海螺#3847
2023-02-08 03:19:29,778 INFO: Shard ID None has successfully RESUMED session a06e2d1dcc9e8b6ce909de45488a2c11.
2023-02-08 04:27:23,167 INFO: logging in using static token
2023-02-08 04:27:23,533 INFO: Shard ID None has connected to Gateway (Session ID: 0b48a7d008d39eb231168eade788eb63).
2023-02-08 04:27:25,539 INFO: 目前登入身份：神奇海螺#3847
2023-02-08 08:14:06,207 INFO: Shard ID None has successfully RESUMED session 0b48a7d008d39eb231168eade788eb63.
2023-02-08 08:51:36,729 INFO: logging in using static token
2023-02-08 08:51:37,319 INFO: Shard ID None has connected to Gateway (Session ID: 1efbbc05701e63d6b4eee5c0f5aaa05c).
2023-02-08 08:51:39,337 INFO: 目前登入身份：神奇海螺#3847
2023-02-08 10:50:55,948 INFO: Shard ID None has successfully RESUMED session 1efbbc05701e63d6b4eee5c0f5aaa05c.
2023-02-08 12:01:25,703 INFO: Shard ID None has successfully RESUMED session 1efbbc05701e63d6b4eee5c0f5aaa05c.
2023-02-08 13:45:06,091 INFO: Shard ID None has successfully RESUMED session 1efbbc05701e63d6b4eee5c0f5aaa05c.
2023-02-08 14:11:50,651 INFO: Chi in 9又4分之8.7月台[123是什麼敷衍的名字]
2023-02-08 14:11:50,771 INFO: Connecting to voice...
2023-02-08 14:11:50,772 INFO: Starting voice handshake... (connection attempt 1)
2023-02-08 14:11:51,075 INFO: Voice handshake complete. Endpoint found hongkong518.discord.media
2023-02-08 14:11:53,831 INFO: ffmpeg process 855 successfully terminated with return code of 0.
2023-02-08 14:11:56,626 INFO: ffmpeg process 866 successfully terminated with return code of 0.
2023-02-08 14:11:57,694 INFO: The voice handshake is being terminated for Channel ID 728631391809437746 (Guild ID 428109526550708234)
2023-02-08 14:11:57,695 INFO: Disconnecting from voice normally, close code 1000.
2023-02-08 14:16:54,503 INFO: Fiven-chung in 9又4分之8.7月台[123是什麼敷衍的名字]
2023-02-08 14:16:54,670 INFO: Connecting to voice...
2023-02-08 14:16:54,670 INFO: Starting voice handshake... (connection attempt 1)
2023-02-08 14:16:54,967 INFO: Voice handshake complete. Endpoint found hongkong518.discord.media
2023-02-08 14:16:58,425 INFO: ffmpeg process 877 successfully terminated with return code of 0.
2023-02-08 14:16:59,930 INFO: ffmpeg process 887 successfully terminated with return code of 0.
2023-02-08 14:17:01,472 INFO: The voice handshake is being terminated for Channel ID 728631391809437746 (Guild ID 428109526550708234)
2023-02-08 14:17:01,473 INFO: Disconnecting from voice normally, close code 1000.
2023-02-08 14:51:13,589 INFO: Shard ID None has successfully RESUMED session 1efbbc05701e63d6b4eee5c0f5aaa05c.
2023-02-08 15:08:28,164 INFO: jerry2299 in 9又4分之8.7月台[123是什麼敷衍的名字]
2023-02-08 15:08:28,207 INFO: Connecting to voice...
2023-02-08 15:08:28,207 INFO: Starting voice handshake... (connection attempt 1)
2023-02-08 15:08:28,526 INFO: Voice handshake complete. Endpoint found hongkong518.discord.media
2023-02-08 15:08:33,126 INFO: ffmpeg process 1006 successfully terminated with return code of 0.
2023-02-08 15:08:35,827 INFO: ffmpeg process 1016 successfully terminated with return code of 0.
2023-02-08 15:08:36,837 INFO: The voice handshake is being terminated for Channel ID 728631391809437746 (Guild ID 428109526550708234)
2023-02-08 15:08:36,837 INFO: Disconnecting from voice normally, close code 1000.
2023-02-08 15:08:37,633 INFO: louiskkk28 in 9又4分之8.7月台[123是什麼敷衍的名字]
2023-02-08 15:08:37,674 INFO: Connecting to voice...
2023-02-08 15:08:37,674 INFO: Starting voice handshake... (connection attempt 1)
2023-02-08 15:08:37,990 INFO: Voice handshake complete. Endpoint found hongkong518.discord.media
2023-02-08 15:08:41,506 INFO: ffmpeg process 1027 successfully terminated with return code of 0.
2023-02-08 15:08:43,694 INFO: ffmpeg process 1037 successfully terminated with return code of 0.
2023-02-08 15:08:44,698 INFO: The voice handshake is being terminated for Channel ID 728631391809437746 (Guild ID 428109526550708234)
2023-02-08 15:08:44,699 INFO: Disconnecting from voice normally, close code 1000.
2023-02-08 16:30:32,861 INFO: jerry2299 out 9又4分之8.7月台[123是什麼敷衍的名字]
2023-02-08 16:30:32,862 INFO: Connecting to voice...
2023-02-08 16:30:32,862 INFO: Starting voice handshake... (connection attempt 1)
2023-02-08 16:30:33,155 INFO: Voice handshake complete. Endpoint found hongkong518.discord.media
2023-02-08 16:30:37,582 INFO: ffmpeg process 1226 successfully terminated with return code of 0.
2023-02-08 16:30:38,662 INFO: The voice handshake is being terminated for Channel ID 728631391809437746 (Guild ID 428109526550708234)
2023-02-08 16:30:38,665 INFO: Disconnecting from voice normally, close code 1000.
2023-02-08 16:31:54,909 INFO: louiskkk28 out 9又4分之8.7月台[123是什麼敷衍的名字]
2023-02-08 16:31:54,910 INFO: Connecting to voice...
2023-02-08 16:31:54,910 INFO: Starting voice handshake... (connection attempt 1)
2023-02-08 16:31:55,200 INFO: Voice handshake complete. Endpoint found hongkong518.discord.media
2023-02-08 16:32:00,070 INFO: ffmpeg process 1237 successfully terminated with return code of 0.
2023-02-08 16:32:01,110 INFO: The voice handshake is being terminated for Channel ID 728631391809437746 (Guild ID 428109526550708234)
2023-02-08 16:32:01,111 INFO: Disconnecting from voice normally, close code 1000.
2023-02-08 16:32:03,096 INFO: Chi out 9又4分之8.7月台[123是什麼敷衍的名字]
2023-02-08 16:32:03,097 INFO: Connecting to voice...
2023-02-08 16:32:03,097 INFO: Starting voice handshake... (connection attempt 1)
2023-02-08 16:32:03,457 INFO: Voice handshake complete. Endpoint found hongkong518.discord.media
2023-02-08 16:32:04,154 INFO: Fiven-chung out 9又4分之8.7月台[123是什麼敷衍的名字]
2023-02-08 16:32:06,097 INFO: ffmpeg process 1248 successfully terminated with return code of 0.
2023-02-08 16:32:09,078 INFO: ffmpeg process 1258 successfully terminated with return code of 0.
2023-02-08 16:32:10,169 INFO: The voice handshake is being terminated for Channel ID 728631391809437746 (Guild ID 428109526550708234)
2023-02-08 16:32:10,170 INFO: Disconnecting from voice normally, close code 1000.
2023-02-08 16:35:25,275 INFO: Shard ID None has successfully RESUMED session 1efbbc05701e63d6b4eee5c0f5aaa05c.
2023-02-08 18:27:05,099 INFO: Shard ID None has successfully RESUMED session 1efbbc05701e63d6b4eee5c0f5aaa05c.
2023-02-08 18:38:43,788 INFO: Shard ID None has successfully RESUMED session 1efbbc05701e63d6b4eee5c0f5aaa05c.
2023-02-08 18:43:03,724 INFO: Shard ID None has successfully RESUMED session 1efbbc05701e63d6b4eee5c0f5aaa05c.
