2023-02-25 02:52:45,112 INFO: logging in using static token
2023-02-25 02:52:45,708 INFO: Shard ID None has connected to Gateway (Session ID: 5d1a7bb5d7eb7f67e334a4f4cae3ab9b).
2023-02-25 02:52:47,716 INFO: 目前登入身份：神奇海螺#3847
2023-02-25 06:15:37,225 INFO: Shard ID None has successfully RESUMED session 5d1a7bb5d7eb7f67e334a4f4cae3ab9b.
2023-02-25 07:56:42,405 INFO: Shard ID None has successfully RESUMED session 5d1a7bb5d7eb7f67e334a4f4cae3ab9b.
2023-02-25 09:05:00,715 INFO: Shard ID None has successfully RESUMED session 5d1a7bb5d7eb7f67e334a4f4cae3ab9b.
2023-02-25 09:47:44,338 INFO: Shard ID None has successfully RESUMED session 5d1a7bb5d7eb7f67e334a4f4cae3ab9b.
2023-02-25 09:58:29,491 INFO: SparkleZ in 9又4分之8.7月台[123是什麼敷衍的名字]
2023-02-25 09:58:29,537 INFO: Connecting to voice...
2023-02-25 09:58:29,537 INFO: Starting voice handshake... (connection attempt 1)
2023-02-25 09:58:29,779 INFO: Voice handshake complete. Endpoint found japan3512.discord.media
2023-02-25 09:58:33,338 INFO: ffmpeg process 1684 successfully terminated with return code of 0.
2023-02-25 09:58:35,615 INFO: ffmpeg process 1703 successfully terminated with return code of 0.
2023-02-25 09:58:36,659 INFO: The voice handshake is being terminated for Channel ID 728631391809437746 (Guild ID 428109526550708234)
2023-02-25 09:58:36,660 INFO: Disconnecting from voice normally, close code 1000.
2023-02-25 09:58:45,373 INFO: 貓嗷嗚飄飄大仙 in 9又4分之8.7月台[123是什麼敷衍的名字]
2023-02-25 09:58:45,385 INFO: Connecting to voice...
2023-02-25 09:58:45,385 INFO: Starting voice handshake... (connection attempt 1)
2023-02-25 09:58:45,685 INFO: Voice handshake complete. Endpoint found japan3512.discord.media
2023-02-25 09:58:49,481 INFO: ffmpeg process 1722 successfully terminated with return code of 0.
2023-02-25 09:58:52,182 INFO: ffmpeg process 1740 successfully terminated with return code of 0.
2023-02-25 09:58:53,192 INFO: The voice handshake is being terminated for Channel ID 728631391809437746 (Guild ID 428109526550708234)
2023-02-25 09:58:53,193 INFO: Disconnecting from voice normally, close code 1000.
2023-02-25 10:47:14,349 INFO: 貓嗷嗚飄飄大仙 out 9又4分之8.7月台[123是什麼敷衍的名字]
2023-02-25 10:47:14,350 INFO: Connecting to voice...
2023-02-25 10:47:14,350 INFO: Starting voice handshake... (connection attempt 1)
2023-02-25 10:47:14,556 INFO: Voice handshake complete. Endpoint found japan3512.discord.media
2023-02-25 10:47:16,595 INFO: SparkleZ out 9又4分之8.7月台[123是什麼敷衍的名字]
2023-02-25 10:47:18,129 INFO: ffmpeg process 1916 successfully terminated with return code of 0.
2023-02-25 10:47:21,200 INFO: ffmpeg process 1934 successfully terminated with return code of 0.
2023-02-25 10:47:22,229 INFO: The voice handshake is being terminated for Channel ID 728631391809437746 (Guild ID 428109526550708234)
2023-02-25 10:47:22,230 INFO: Disconnecting from voice normally, close code 1000.
2023-02-25 12:55:47,964 INFO: Shard ID None has successfully RESUMED session 5d1a7bb5d7eb7f67e334a4f4cae3ab9b.
2023-02-25 13:36:14,970 INFO: 貓嗷嗚飄飄大仙 in 9又4分之8.7月台[123是什麼敷衍的名字]
2023-02-25 13:36:14,996 INFO: Connecting to voice...
2023-02-25 13:36:14,996 INFO: Starting voice handshake... (connection attempt 1)
2023-02-25 13:36:15,135 INFO: Voice handshake complete. Endpoint found hongkong8364.discord.media
2023-02-25 13:36:15,362 ERROR: Exception occurred during Voice Protocol voice server update handler
Traceback (most recent call last):
  File "/opt/virtualenvs/python3/lib/python3.8/site-packages/discord/state.py", line 157, in logging_coroutine
    await coroutine
  File "/opt/virtualenvs/python3/lib/python3.8/site-packages/discord/voice_client.py", line 337, in on_voice_server_update
    await self.ws.close(4000)
AttributeError: '_MissingSentinel' object has no attribute 'close'
2023-02-25 13:36:19,676 INFO: ffmpeg process 2532 successfully terminated with return code of 0.
2023-02-25 13:36:22,187 INFO: ffmpeg process 2550 successfully terminated with return code of 0.
2023-02-25 13:36:23,194 INFO: The voice handshake is being terminated for Channel ID 728631391809437746 (Guild ID 428109526550708234)
2023-02-25 13:36:23,195 INFO: Disconnecting from voice normally, close code 1000.
2023-02-25 13:54:34,582 INFO: 貓嗷嗚飄飄大仙 out 9又4分之8.7月台[123是什麼敷衍的名字]
2023-02-25 13:54:34,582 INFO: Connecting to voice...
2023-02-25 13:54:34,582 INFO: Starting voice handshake... (connection attempt 1)
2023-02-25 13:54:34,673 INFO: Voice handshake complete. Endpoint found us-central4518.discord.media
2023-02-25 13:54:37,347 INFO: ffmpeg process 2632 successfully terminated with return code of 0.
2023-02-25 13:54:38,417 INFO: The voice handshake is being terminated for Channel ID 728631391809437746 (Guild ID 428109526550708234)
2023-02-25 13:54:38,418 INFO: Disconnecting from voice normally, close code 1000.
2023-02-25 14:11:13,319 INFO: KyrieR in 9又4分之8.7月台[123是什麼敷衍的名字]
2023-02-25 14:11:13,383 INFO: Connecting to voice...
2023-02-25 14:11:13,383 INFO: Starting voice handshake... (connection attempt 1)
2023-02-25 14:11:13,612 INFO: Voice handshake complete. Endpoint found japan11068.discord.media
2023-02-25 14:11:16,748 INFO: ffmpeg process 2682 successfully terminated with return code of 0.
2023-02-25 14:11:20,142 INFO: ffmpeg process 2700 successfully terminated with return code of 0.
2023-02-25 14:11:21,193 INFO: The voice handshake is being terminated for Channel ID 728631391809437746 (Guild ID 428109526550708234)
2023-02-25 14:11:21,194 INFO: Disconnecting from voice normally, close code 1000.
2023-02-25 14:20:55,372 INFO: 貓嗷嗚飄飄大仙 in 9又4分之8.7月台[123是什麼敷衍的名字]
2023-02-25 14:20:55,405 INFO: Connecting to voice...
2023-02-25 14:20:55,405 INFO: Starting voice handshake... (connection attempt 1)
2023-02-25 14:20:55,651 INFO: Voice handshake complete. Endpoint found japan11068.discord.media
2023-02-25 14:20:59,915 INFO: ffmpeg process 2782 successfully terminated with return code of 0.
2023-02-25 14:21:02,661 INFO: ffmpeg process 2800 successfully terminated with return code of 0.
2023-02-25 14:21:03,733 INFO: The voice handshake is being terminated for Channel ID 728631391809437746 (Guild ID 428109526550708234)
2023-02-25 14:21:03,734 INFO: Disconnecting from voice normally, close code 1000.
2023-02-25 15:12:03,524 INFO: SparkleZ in 9又4分之8.7月台[123是什麼敷衍的名字]
2023-02-25 15:12:03,646 INFO: Connecting to voice...
2023-02-25 15:12:03,646 INFO: Starting voice handshake... (connection attempt 1)
2023-02-25 15:12:03,877 INFO: Voice handshake complete. Endpoint found japan11068.discord.media
2023-02-25 15:12:06,932 INFO: ffmpeg process 2980 successfully terminated with return code of 0.
2023-02-25 15:12:08,428 INFO: ffmpeg process 2998 successfully terminated with return code of 0.
2023-02-25 15:12:09,970 INFO: The voice handshake is being terminated for Channel ID 728631391809437746 (Guild ID 428109526550708234)
2023-02-25 15:12:09,971 INFO: Disconnecting from voice normally, close code 1000.
2023-02-25 15:18:46,448 INFO: Shard ID None has successfully RESUMED session 5d1a7bb5d7eb7f67e334a4f4cae3ab9b.
2023-02-25 15:55:17,144 INFO: Fiven-chung in 9又4分之8.7月台[123是什麼敷衍的名字]
2023-02-25 15:55:17,170 INFO: Connecting to voice...
2023-02-25 15:55:17,170 INFO: Starting voice handshake... (connection attempt 1)
2023-02-25 15:55:17,418 INFO: Voice handshake complete. Endpoint found japan11068.discord.media
2023-02-25 15:55:20,887 INFO: ffmpeg process 3114 successfully terminated with return code of 0.
2023-02-25 15:55:22,390 INFO: ffmpeg process 3132 has not terminated. Waiting to terminate...
2023-02-25 15:55:22,391 INFO: ffmpeg process 3132 should have terminated with a return code of 0.
2023-02-25 15:55:23,923 INFO: The voice handshake is being terminated for Channel ID 728631391809437746 (Guild ID 428109526550708234)
2023-02-25 15:55:23,924 INFO: Disconnecting from voice normally, close code 1000.
2023-02-25 17:28:04,428 INFO: 貓嗷嗚飄飄大仙 out 9又4分之8.7月台[123是什麼敷衍的名字]
2023-02-25 17:28:04,432 INFO: Connecting to voice...
2023-02-25 17:28:04,432 INFO: Starting voice handshake... (connection attempt 1)
2023-02-25 17:28:04,712 INFO: Voice handshake complete. Endpoint found japan11068.discord.media
2023-02-25 17:28:08,371 INFO: ffmpeg process 3440 successfully terminated with return code of 0.
2023-02-25 17:28:09,448 INFO: The voice handshake is being terminated for Channel ID 728631391809437746 (Guild ID 428109526550708234)
2023-02-25 17:28:09,449 INFO: Disconnecting from voice normally, close code 1000.
2023-02-25 17:28:10,394 INFO: Fiven-chung out 9又4分之8.7月台[123是什麼敷衍的名字]
2023-02-25 17:28:10,394 INFO: Connecting to voice...
2023-02-25 17:28:10,394 INFO: Starting voice handshake... (connection attempt 1)
2023-02-25 17:28:10,693 INFO: Voice handshake complete. Endpoint found japan11068.discord.media
2023-02-25 17:28:13,632 INFO: ffmpeg process 3459 successfully terminated with return code of 0.
2023-02-25 17:28:14,727 INFO: The voice handshake is being terminated for Channel ID 728631391809437746 (Guild ID 428109526550708234)
2023-02-25 17:28:14,728 INFO: Disconnecting from voice normally, close code 1000.
2023-02-25 17:29:34,717 INFO: KyrieR out 9又4分之8.7月台[123是什麼敷衍的名字]
2023-02-25 17:29:34,718 INFO: Connecting to voice...
2023-02-25 17:29:34,719 INFO: Starting voice handshake... (connection attempt 1)
2023-02-25 17:29:35,012 INFO: Voice handshake complete. Endpoint found japan11068.discord.media
2023-02-25 17:29:37,861 INFO: ffmpeg process 3478 successfully terminated with return code of 0.
2023-02-25 17:29:38,454 INFO: SparkleZ out 9又4分之8.7月台[123是什麼敷衍的名字]
2023-02-25 17:29:40,872 INFO: ffmpeg process 3496 successfully terminated with return code of 0.
2023-02-25 17:29:41,908 INFO: The voice handshake is being terminated for Channel ID 728631391809437746 (Guild ID 428109526550708234)
2023-02-25 17:29:41,908 INFO: Disconnecting from voice normally, close code 1000.
2023-02-25 18:43:02,778 INFO: Shard ID None has successfully RESUMED session 5d1a7bb5d7eb7f67e334a4f4cae3ab9b.
2023-02-25 20:38:52,283 INFO: Shard ID None has successfully RESUMED session 5d1a7bb5d7eb7f67e334a4f4cae3ab9b.
2023-02-25 23:19:49,969 INFO: Shard ID None has successfully RESUMED session 5d1a7bb5d7eb7f67e334a4f4cae3ab9b.
