2023-01-14 16:27:30,447 INFO: logging in using static token
2023-01-14 16:27:31,099 INFO: Shard ID None has connected to Gateway (Session ID: cf04c200d2dcbf75143d5e0916088bc2).
2023-01-14 16:27:33,124 INFO: 目前登入身份：神奇海螺#3847
2023-01-14 16:40:27,063 INFO: Chi out 9又4分之8.7月台[123是什麼敷衍的名字]
2023-01-14 16:40:27,064 INFO: Connecting to voice...
2023-01-14 16:40:27,064 INFO: Starting voice handshake... (connection attempt 1)
2023-01-14 16:40:27,358 INFO: Voice handshake complete. Endpoint found hongkong5270.discord.media
2023-01-14 16:40:30,091 INFO: ffmpeg process 249 successfully terminated with return code of 0.
2023-01-14 16:40:31,137 INFO: The voice handshake is being terminated for Channel ID 728631391809437746 (Guild ID 428109526550708234)
2023-01-14 16:40:31,138 INFO: Disconnecting from voice normally, close code 1000.
2023-01-14 16:40:33,674 INFO: BunnyplayGG out 9又4分之8.7月台[123是什麼敷衍的名字]
2023-01-14 16:40:33,674 INFO: Connecting to voice...
2023-01-14 16:40:33,675 INFO: Starting voice handshake... (connection attempt 1)
2023-01-14 16:40:34,032 INFO: Voice handshake complete. Endpoint found hongkong5270.discord.media
2023-01-14 16:40:38,016 INFO: ffmpeg process 261 successfully terminated with return code of 0.
2023-01-14 16:40:39,069 INFO: The voice handshake is being terminated for Channel ID 728631391809437746 (Guild ID 428109526550708234)
2023-01-14 16:40:39,070 INFO: Disconnecting from voice normally, close code 1000.
2023-01-14 16:56:50,147 INFO: logging in using static token
2023-01-14 16:56:50,955 INFO: Shard ID None has connected to Gateway (Session ID: 56c7cc7484a2bf7d509c6ba641812a6f).
2023-01-14 16:56:52,961 INFO: 目前登入身份：神奇海螺#3847
2023-01-14 18:43:24,845 INFO: Shard ID None has successfully RESUMED session 56c7cc7484a2bf7d509c6ba641812a6f.
2023-01-14 19:51:56,899 INFO: Shard ID None has successfully RESUMED session 56c7cc7484a2bf7d509c6ba641812a6f.
2023-01-14 22:39:53,957 INFO: Shard ID None has successfully RESUMED session 56c7cc7484a2bf7d509c6ba641812a6f.
2023-01-15 00:47:59,235 INFO: Shard ID None has successfully RESUMED session 56c7cc7484a2bf7d509c6ba641812a6f.
2023-01-15 01:47:41,632 INFO: Shard ID None has successfully RESUMED session 56c7cc7484a2bf7d509c6ba641812a6f.
2023-01-15 02:33:45,319 INFO: Shard ID None has successfully RESUMED session 56c7cc7484a2bf7d509c6ba641812a6f.
2023-01-15 04:31:39,612 INFO: Shard ID None has successfully RESUMED session 56c7cc7484a2bf7d509c6ba641812a6f.
2023-01-15 05:39:28,591 INFO: Shard ID None has successfully RESUMED session 56c7cc7484a2bf7d509c6ba641812a6f.
2023-01-15 06:37:12,952 INFO: MaiMai的Pool in 9又4分之8.7月台[123是什麼敷衍的名字]
2023-01-15 06:37:13,121 INFO: Connecting to voice...
2023-01-15 06:37:13,122 INFO: Starting voice handshake... (connection attempt 1)
2023-01-15 06:37:13,412 INFO: Voice handshake complete. Endpoint found hongkong9535.discord.media
2023-01-15 06:37:17,836 INFO: ffmpeg process 1562 successfully terminated with return code of 0.
2023-01-15 06:37:21,688 INFO: ffmpeg process 1573 successfully terminated with return code of 0.
2023-01-15 06:37:23,846 INFO: ffmpeg process 1583 successfully terminated with return code of 0.
2023-01-15 06:37:24,852 INFO: The voice handshake is being terminated for Channel ID 728631391809437746 (Guild ID 428109526550708234)
2023-01-15 06:37:24,853 INFO: Disconnecting from voice normally, close code 1000.
2023-01-15 06:38:30,953 INFO: Lexor in 9又4分之8.7月台[123是什麼敷衍的名字]
2023-01-15 06:38:31,002 INFO: Connecting to voice...
2023-01-15 06:38:31,002 INFO: Starting voice handshake... (connection attempt 1)
2023-01-15 06:38:31,311 INFO: Voice handshake complete. Endpoint found hongkong9535.discord.media
2023-01-15 06:38:34,298 INFO: ffmpeg process 1594 successfully terminated with return code of 0.
2023-01-15 06:38:36,520 INFO: ffmpeg process 1604 successfully terminated with return code of 0.
2023-01-15 06:38:37,564 INFO: The voice handshake is being terminated for Channel ID 728631391809437746 (Guild ID 428109526550708234)
2023-01-15 06:38:37,565 INFO: Disconnecting from voice normally, close code 1000.
2023-01-15 08:57:00,451 INFO: Lexor out 9又4分之8.7月台[123是什麼敷衍的名字]
2023-01-15 08:57:00,452 INFO: Connecting to voice...
2023-01-15 08:57:00,452 INFO: Starting voice handshake... (connection attempt 1)
2023-01-15 08:57:00,754 INFO: Voice handshake complete. Endpoint found hongkong9535.discord.media
2023-01-15 08:57:01,143 INFO: MaiMai的Pool out 9又4分之8.7月台[123是什麼敷衍的名字]
2023-01-15 08:57:03,820 INFO: ffmpeg process 1819 successfully terminated with return code of 0.
2023-01-15 08:57:06,963 INFO: ffmpeg process 1829 successfully terminated with return code of 0.
2023-01-15 08:57:07,972 INFO: The voice handshake is being terminated for Channel ID 728631391809437746 (Guild ID 428109526550708234)
2023-01-15 08:57:07,973 INFO: Disconnecting from voice normally, close code 1000.
2023-01-15 09:05:59,534 INFO: Shard ID None has successfully RESUMED session 56c7cc7484a2bf7d509c6ba641812a6f.
2023-01-15 12:23:15,965 INFO: Shard ID None has successfully RESUMED session 56c7cc7484a2bf7d509c6ba641812a6f.
2023-01-15 12:37:59,293 INFO: logging in using static token
2023-01-15 12:38:00,169 INFO: Shard ID None has connected to Gateway (Session ID: d3f2f860819539092f5a873383758689).
2023-01-15 12:38:02,179 INFO: 目前登入身份：神奇海螺#3847
2023-01-15 13:24:01,007 INFO: Shard ID None has successfully RESUMED session d3f2f860819539092f5a873383758689.
2023-01-15 13:38:53,507 INFO: BunnyplayGG in 9又4分之8.7月台[123是什麼敷衍的名字]
2023-01-15 13:38:53,603 INFO: Connecting to voice...
2023-01-15 13:38:53,603 INFO: Starting voice handshake... (connection attempt 1)
2023-01-15 13:38:53,899 INFO: Voice handshake complete. Endpoint found hongkong430.discord.media
2023-01-15 13:38:56,914 INFO: ffmpeg process 324 successfully terminated with return code of 0.
2023-01-15 13:38:59,131 INFO: ffmpeg process 335 successfully terminated with return code of 0.
2023-01-15 13:39:00,177 INFO: The voice handshake is being terminated for Channel ID 728631391809437746 (Guild ID 428109526550708234)
2023-01-15 13:39:00,179 INFO: Disconnecting from voice normally, close code 1000.
2023-01-15 13:39:58,897 INFO: Fiven-chung in 9又4分之8.7月台[123是什麼敷衍的名字]
2023-01-15 13:39:58,993 INFO: Connecting to voice...
2023-01-15 13:39:58,993 INFO: Starting voice handshake... (connection attempt 1)
2023-01-15 13:39:59,307 INFO: Voice handshake complete. Endpoint found hongkong430.discord.media
2023-01-15 13:40:02,301 INFO: ffmpeg process 346 successfully terminated with return code of 0.
2023-01-15 13:40:04,496 INFO: ffmpeg process 356 successfully terminated with return code of 0.
2023-01-15 13:40:05,559 INFO: The voice handshake is being terminated for Channel ID 728631391809437746 (Guild ID 428109526550708234)
2023-01-15 13:40:05,560 INFO: Disconnecting from voice normally, close code 1000.
2023-01-15 13:48:28,437 INFO: 神奇海螺 in 9又4分之8.7月台[123是什麼敷衍的名字]
2023-01-15 13:48:28,486 INFO: Connecting to voice...
2023-01-15 13:48:28,487 INFO: Starting voice handshake... (connection attempt 1)
2023-01-15 13:48:28,785 INFO: Voice handshake complete. Endpoint found hongkong430.discord.media
2023-01-15 13:48:32,868 INFO: ffmpeg process 384 successfully terminated with return code of 0.
2023-01-15 13:48:41,325 INFO: ffmpeg process 394 successfully terminated with return code of 0.
2023-01-15 13:48:42,381 INFO: The voice handshake is being terminated for Channel ID 728631391809437746 (Guild ID 428109526550708234)
2023-01-15 13:48:42,382 INFO: Disconnecting from voice normally, close code 1000.
2023-01-15 13:52:31,907 INFO: MaiMai的Pool in 9又4分之8.7月台[123是什麼敷衍的名字]
2023-01-15 13:52:31,956 INFO: Connecting to voice...
2023-01-15 13:52:31,957 INFO: Starting voice handshake... (connection attempt 1)
2023-01-15 13:52:32,248 INFO: Voice handshake complete. Endpoint found hongkong430.discord.media
2023-01-15 13:52:36,172 INFO: ffmpeg process 405 successfully terminated with return code of 0.
2023-01-15 13:52:38,819 INFO: ffmpeg process 415 successfully terminated with return code of 0.
2023-01-15 13:52:39,828 INFO: The voice handshake is being terminated for Channel ID 728631391809437746 (Guild ID 428109526550708234)
2023-01-15 13:52:39,829 INFO: Disconnecting from voice normally, close code 1000.
2023-01-15 13:52:52,214 INFO: wawa的n in 9又4分之8.7月台[123是什麼敷衍的名字]
2023-01-15 13:52:52,267 INFO: Connecting to voice...
2023-01-15 13:52:52,268 INFO: Starting voice handshake... (connection attempt 1)
2023-01-15 13:52:52,566 INFO: Voice handshake complete. Endpoint found hongkong430.discord.media
2023-01-15 13:52:55,840 INFO: ffmpeg process 426 successfully terminated with return code of 0.
2023-01-15 13:52:57,893 INFO: ffmpeg process 436 successfully terminated with return code of 0.
2023-01-15 13:52:58,938 INFO: The voice handshake is being terminated for Channel ID 728631391809437746 (Guild ID 428109526550708234)
2023-01-15 13:52:58,940 INFO: Disconnecting from voice normally, close code 1000.
2023-01-15 14:19:00,514 INFO: wawa的n out 9又4分之8.7月台[123是什麼敷衍的名字]
2023-01-15 14:19:00,515 INFO: Connecting to voice...
2023-01-15 14:19:00,516 INFO: Starting voice handshake... (connection attempt 1)
2023-01-15 14:19:00,824 INFO: Voice handshake complete. Endpoint found hongkong430.discord.media
2023-01-15 14:19:03,946 INFO: ffmpeg process 501 successfully terminated with return code of 0.
2023-01-15 14:19:04,970 INFO: The voice handshake is being terminated for Channel ID 728631391809437746 (Guild ID 428109526550708234)
2023-01-15 14:19:04,971 INFO: Connecting to voice...
2023-01-15 14:19:04,971 INFO: Starting voice handshake... (connection attempt 1)
2023-01-15 14:19:04,971 INFO: Disconnecting from voice normally, close code 1000.
2023-01-15 14:19:05,282 INFO: Voice handshake complete. Endpoint found hongkong7697.discord.media
2023-01-15 14:19:07,224 INFO: ffmpeg process 512 successfully terminated with return code of 1.
2023-01-15 14:19:09,168 INFO: The voice handshake is being terminated for Channel ID 1064186959477624925 (Guild ID 428109526550708234)
2023-01-15 14:19:09,169 INFO: Disconnecting from voice normally, close code 1000.
2023-01-15 14:19:19,184 INFO: wawa的n in 9又4分之8.7月台[123是什麼敷衍的名字]
2023-01-15 14:19:19,283 INFO: Connecting to voice...
2023-01-15 14:19:19,284 INFO: Starting voice handshake... (connection attempt 1)
2023-01-15 14:19:19,579 INFO: Voice handshake complete. Endpoint found hongkong430.discord.media
2023-01-15 14:19:22,848 INFO: ffmpeg process 515 successfully terminated with return code of 0.
2023-01-15 14:19:25,188 INFO: ffmpeg process 525 successfully terminated with return code of 0.
2023-01-15 14:19:26,235 INFO: The voice handshake is being terminated for Channel ID 728631391809437746 (Guild ID 428109526550708234)
2023-01-15 14:19:26,236 INFO: Disconnecting from voice normally, close code 1000.
2023-01-15 14:33:19,760 INFO: Chi in 9又4分之8.7月台[123是什麼敷衍的名字]
2023-01-15 14:33:19,908 INFO: Connecting to voice...
2023-01-15 14:33:19,908 INFO: Starting voice handshake... (connection attempt 1)
2023-01-15 14:33:20,207 INFO: Voice handshake complete. Endpoint found hongkong430.discord.media
2023-01-15 14:33:24,579 INFO: ffmpeg process 553 successfully terminated with return code of 0.
2023-01-15 14:33:27,374 INFO: ffmpeg process 563 successfully terminated with return code of 0.
2023-01-15 14:33:28,441 INFO: The voice handshake is being terminated for Channel ID 728631391809437746 (Guild ID 428109526550708234)
2023-01-15 14:33:28,442 INFO: Disconnecting from voice normally, close code 1000.
2023-01-15 15:24:35,315 INFO: BunnyplayGG out 9又4分之8.7月台[123是什麼敷衍的名字]
2023-01-15 15:24:35,315 INFO: Connecting to voice...
2023-01-15 15:24:35,315 INFO: Starting voice handshake... (connection attempt 1)
2023-01-15 15:24:35,688 INFO: Voice handshake complete. Endpoint found hongkong430.discord.media
2023-01-15 15:24:39,192 INFO: ffmpeg process 644 successfully terminated with return code of 0.
2023-01-15 15:24:40,245 INFO: The voice handshake is being terminated for Channel ID 728631391809437746 (Guild ID 428109526550708234)
2023-01-15 15:24:40,246 INFO: Disconnecting from voice normally, close code 1000.
2023-01-15 16:13:44,330 INFO: wawa的n out 9又4分之8.7月台[123是什麼敷衍的名字]
2023-01-15 16:13:44,331 INFO: Connecting to voice...
2023-01-15 16:13:44,332 INFO: Starting voice handshake... (connection attempt 1)
2023-01-15 16:13:44,644 INFO: Voice handshake complete. Endpoint found hongkong430.discord.media
2023-01-15 16:13:44,763 INFO: MaiMai的Pool out 9又4分之8.7月台[123是什麼敷衍的名字]
2023-01-15 16:13:47,754 INFO: ffmpeg process 745 successfully terminated with return code of 0.
2023-01-15 16:13:50,899 INFO: ffmpeg process 755 successfully terminated with return code of 0.
2023-01-15 16:13:51,914 INFO: The voice handshake is being terminated for Channel ID 728631391809437746 (Guild ID 428109526550708234)
2023-01-15 16:13:51,915 INFO: Disconnecting from voice normally, close code 1000.
2023-01-15 16:17:51,499 INFO: Chi out 9又4分之8.7月台[123是什麼敷衍的名字]
2023-01-15 16:17:51,499 INFO: Connecting to voice...
2023-01-15 16:17:51,499 INFO: Starting voice handshake... (connection attempt 1)
2023-01-15 16:17:51,879 INFO: Voice handshake complete. Endpoint found hongkong430.discord.media
2023-01-15 16:17:52,918 INFO: Fiven-chung out 9又4分之8.7月台[123是什麼敷衍的名字]
2023-01-15 16:17:54,573 INFO: ffmpeg process 766 successfully terminated with return code of 0.
2023-01-15 16:17:57,550 INFO: ffmpeg process 776 successfully terminated with return code of 0.
2023-01-15 16:17:58,639 INFO: The voice handshake is being terminated for Channel ID 728631391809437746 (Guild ID 428109526550708234)
2023-01-15 16:17:58,640 INFO: Disconnecting from voice normally, close code 1000.
2023-01-15 16:25:09,770 INFO: Shard ID None has successfully RESUMED session d3f2f860819539092f5a873383758689.
2023-01-15 18:40:50,789 INFO: Shard ID None has successfully RESUMED session d3f2f860819539092f5a873383758689.
2023-01-15 19:43:02,245 INFO: Shard ID None has successfully RESUMED session d3f2f860819539092f5a873383758689.
2023-01-15 19:58:32,472 INFO: Shard ID None has successfully RESUMED session d3f2f860819539092f5a873383758689.
2023-01-15 20:18:06,829 INFO: Shard ID None has successfully RESUMED session d3f2f860819539092f5a873383758689.
2023-01-15 22:27:29,757 INFO: Shard ID None has successfully RESUMED session d3f2f860819539092f5a873383758689.
2023-01-16 01:32:55,399 INFO: Shard ID None has successfully RESUMED session d3f2f860819539092f5a873383758689.
2023-01-16 01:59:03,277 INFO: Shard ID None has successfully RESUMED session d3f2f860819539092f5a873383758689.
2023-01-16 02:28:25,419 INFO: Shard ID None has successfully RESUMED session d3f2f860819539092f5a873383758689.
2023-01-16 05:12:06,413 INFO: Shard ID None has successfully RESUMED session d3f2f860819539092f5a873383758689.
2023-01-16 08:01:21,728 INFO: Shard ID None has successfully RESUMED session d3f2f860819539092f5a873383758689.
2023-01-16 10:08:28,181 INFO: Shard ID None has successfully RESUMED session d3f2f860819539092f5a873383758689.
2023-01-16 10:50:41,538 INFO: Shard ID None has successfully RESUMED session d3f2f860819539092f5a873383758689.
