2023-01-08 20:23:40,165 INFO: logging in using static token
2023-01-08 20:23:40,985 INFO: Shard ID None has connected to Gateway (Session ID: ff6258fd35d3aeceb111c9e9060be24f).
2023-01-08 20:23:42,988 INFO: 目前登入身份：神奇海螺#3847
2023-01-08 20:30:37,380 INFO: logging in using static token
2023-01-08 20:30:37,978 INFO: Shard ID None has connected to Gateway (Session ID: d24d8e3068cd20cf3c8424bef94444fe).
2023-01-08 20:30:39,983 INFO: 目前登入身份：神奇海螺#3847
2023-01-08 21:20:24,657 INFO: Shard ID None has successfully RESUMED session d24d8e3068cd20cf3c8424bef94444fe.
2023-01-08 23:09:05,849 INFO: Shard ID None has successfully RESUMED session d24d8e3068cd20cf3c8424bef94444fe.
2023-01-09 00:32:18,523 INFO: Shard ID None has successfully RESUMED session d24d8e3068cd20cf3c8424bef94444fe.
2023-01-09 01:16:19,911 INFO: logging in using static token
2023-01-09 01:16:20,652 INFO: Shard ID None has connected to Gateway (Session ID: 509c37c19cdf838f4bace1ccb0a5a557).
2023-01-09 01:16:22,669 INFO: 目前登入身份：神奇海螺#3847
2023-01-09 02:57:10,508 INFO: Shard ID None has successfully RESUMED session 509c37c19cdf838f4bace1ccb0a5a557.
2023-01-09 04:38:46,839 INFO: Shard ID None has successfully RESUMED session 509c37c19cdf838f4bace1ccb0a5a557.
2023-01-09 07:34:15,004 INFO: Shard ID None has successfully RESUMED session 509c37c19cdf838f4bace1ccb0a5a557.
2023-01-09 10:33:14,467 INFO: Shard ID None has successfully RESUMED session 509c37c19cdf838f4bace1ccb0a5a557.
2023-01-09 11:04:39,108 INFO: 神奇海螺 in 9又4分之8.7月台[123是什麼敷衍的名字]
2023-01-09 11:04:39,154 INFO: Connecting to voice...
2023-01-09 11:04:39,155 INFO: Starting voice handshake... (connection attempt 1)
2023-01-09 11:04:39,444 INFO: Voice handshake complete. Endpoint found hongkong8481.discord.media
2023-01-09 11:04:42,920 INFO: ffmpeg process 1147 successfully terminated with return code of 0.
2023-01-09 11:04:51,376 INFO: ffmpeg process 1158 successfully terminated with return code of 0.
2023-01-09 11:04:52,419 INFO: The voice handshake is being terminated for Channel ID 728631391809437746 (Guild ID 428109526550708234)
2023-01-09 11:04:52,420 INFO: Disconnecting from voice normally, close code 1000.
2023-01-09 11:25:30,841 INFO: Shard ID None has successfully RESUMED session 509c37c19cdf838f4bace1ccb0a5a557.
2023-01-09 12:20:49,463 INFO: 貓嗷嗚飄飄大仙 in 9又4分之8.7月台[123是什麼敷衍的名字]
2023-01-09 12:20:49,558 INFO: Connecting to voice...
2023-01-09 12:20:49,559 INFO: Starting voice handshake... (connection attempt 1)
2023-01-09 12:20:49,853 INFO: Voice handshake complete. Endpoint found hongkong8481.discord.media
2023-01-09 12:20:53,687 INFO: ffmpeg process 1314 successfully terminated with return code of 0.
2023-01-09 12:20:57,945 INFO: ffmpeg process 1324 successfully terminated with return code of 0.
2023-01-09 12:20:58,999 INFO: The voice handshake is being terminated for Channel ID 728631391809437746 (Guild ID 428109526550708234)
2023-01-09 12:20:58,999 INFO: Disconnecting from voice normally, close code 1000.
2023-01-09 14:20:17,185 INFO: louiskkk28 in 9又4分之8.7月台[打不出幹話就講出來啊]
2023-01-09 14:20:17,281 INFO: Connecting to voice...
2023-01-09 14:20:17,281 INFO: Starting voice handshake... (connection attempt 1)
2023-01-09 14:20:17,573 INFO: Voice handshake complete. Endpoint found hongkong701.discord.media
2023-01-09 14:20:21,662 INFO: ffmpeg process 1528 successfully terminated with return code of 0.
2023-01-09 14:20:24,003 INFO: ffmpeg process 1538 successfully terminated with return code of 0.
2023-01-09 14:20:25,047 INFO: The voice handshake is being terminated for Channel ID 428109526550708238 (Guild ID 428109526550708234)
2023-01-09 14:20:25,048 INFO: Disconnecting from voice normally, close code 1000.
2023-01-09 14:21:44,341 INFO: jerry2299 in 9又4分之8.7月台[打不出幹話就講出來啊]
2023-01-09 14:21:44,388 INFO: Connecting to voice...
2023-01-09 14:21:44,389 INFO: Starting voice handshake... (connection attempt 1)
2023-01-09 14:21:44,685 INFO: Voice handshake complete. Endpoint found hongkong701.discord.media
2023-01-09 14:21:50,370 INFO: ffmpeg process 1549 successfully terminated with return code of 0.
2023-01-09 14:21:52,639 INFO: ffmpeg process 1559 successfully terminated with return code of 0.
2023-01-09 14:21:53,685 INFO: The voice handshake is being terminated for Channel ID 428109526550708238 (Guild ID 428109526550708234)
2023-01-09 14:21:53,686 INFO: Disconnecting from voice normally, close code 1000.
2023-01-09 14:22:07,512 INFO: Chi in 9又4分之8.7月台[打不出幹話就講出來啊]
2023-01-09 14:22:07,656 INFO: Connecting to voice...
2023-01-09 14:22:07,656 INFO: Starting voice handshake... (connection attempt 1)
2023-01-09 14:22:07,953 INFO: Voice handshake complete. Endpoint found hongkong701.discord.media
2023-01-09 14:22:11,267 INFO: ffmpeg process 1570 successfully terminated with return code of 0.
2023-01-09 14:22:13,565 INFO: ffmpeg process 1580 successfully terminated with return code of 0.
2023-01-09 14:22:14,613 INFO: The voice handshake is being terminated for Channel ID 428109526550708238 (Guild ID 428109526550708234)
2023-01-09 14:22:14,614 INFO: Disconnecting from voice normally, close code 1000.
2023-01-09 14:23:23,638 INFO: BunnyplayGG in 9又4分之8.7月台[打不出幹話就講出來啊]
2023-01-09 14:23:23,777 INFO: Connecting to voice...
2023-01-09 14:23:23,778 INFO: Starting voice handshake... (connection attempt 1)
2023-01-09 14:23:24,069 INFO: Voice handshake complete. Endpoint found hongkong701.discord.media
2023-01-09 14:23:27,050 INFO: ffmpeg process 1591 successfully terminated with return code of 0.
2023-01-09 14:23:29,718 INFO: ffmpeg process 1601 successfully terminated with return code of 0.
2023-01-09 14:23:30,725 INFO: The voice handshake is being terminated for Channel ID 428109526550708238 (Guild ID 428109526550708234)
2023-01-09 14:23:30,725 INFO: Disconnecting from voice normally, close code 1000.
2023-01-09 14:57:02,019 INFO: Shard ID None has successfully RESUMED session 509c37c19cdf838f4bace1ccb0a5a557.
2023-01-09 15:09:30,435 INFO: Fiven-chung in 9又4分之8.7月台[打不出幹話就講出來啊]
2023-01-09 15:09:30,531 INFO: Connecting to voice...
2023-01-09 15:09:30,531 INFO: Starting voice handshake... (connection attempt 1)
2023-01-09 15:09:30,827 INFO: Voice handshake complete. Endpoint found hongkong701.discord.media
2023-01-09 15:09:33,853 INFO: ffmpeg process 1683 successfully terminated with return code of 0.
2023-01-09 15:09:36,450 INFO: ffmpeg process 1693 successfully terminated with return code of 0.
2023-01-09 15:09:37,515 INFO: The voice handshake is being terminated for Channel ID 428109526550708238 (Guild ID 428109526550708234)
2023-01-09 15:09:37,516 INFO: Disconnecting from voice normally, close code 1000.
2023-01-09 15:39:55,044 INFO: louiskkk28 out 9又4分之8.7月台[打不出幹話就講出來啊]
2023-01-09 15:39:55,045 INFO: Connecting to voice...
2023-01-09 15:39:55,045 INFO: Starting voice handshake... (connection attempt 1)
2023-01-09 15:39:55,409 INFO: Voice handshake complete. Endpoint found hongkong701.discord.media
2023-01-09 15:40:00,364 INFO: ffmpeg process 1758 successfully terminated with return code of 0.
2023-01-09 15:40:01,397 INFO: The voice handshake is being terminated for Channel ID 428109526550708238 (Guild ID 428109526550708234)
2023-01-09 15:40:01,398 INFO: Disconnecting from voice normally, close code 1000.
2023-01-09 16:03:40,641 INFO: jerry2299 out 9又4分之8.7月台[打不出幹話就講出來啊]
2023-01-09 16:03:40,641 INFO: Connecting to voice...
2023-01-09 16:03:40,641 INFO: Starting voice handshake... (connection attempt 1)
2023-01-09 16:03:40,946 INFO: Voice handshake complete. Endpoint found hongkong701.discord.media
2023-01-09 16:03:45,421 INFO: ffmpeg process 1786 successfully terminated with return code of 0.
2023-01-09 16:03:46,492 INFO: The voice handshake is being terminated for Channel ID 428109526550708238 (Guild ID 428109526550708234)
2023-01-09 16:03:46,493 INFO: Disconnecting from voice normally, close code 1000.
2023-01-09 16:05:31,526 INFO: BunnyplayGG out 9又4分之8.7月台[打不出幹話就講出來啊]
2023-01-09 16:05:31,527 INFO: Connecting to voice...
2023-01-09 16:05:31,527 INFO: Starting voice handshake... (connection attempt 1)
2023-01-09 16:05:31,823 INFO: Voice handshake complete. Endpoint found hongkong701.discord.media
2023-01-09 16:05:32,070 INFO: Fiven-chung out 9又4分之8.7月台[打不出幹話就講出來啊]
2023-01-09 16:05:35,307 INFO: ffmpeg process 1815 successfully terminated with return code of 0.
2023-01-09 16:05:38,285 INFO: ffmpeg process 1825 successfully terminated with return code of 0.
2023-01-09 16:05:39,371 INFO: The voice handshake is being terminated for Channel ID 428109526550708238 (Guild ID 428109526550708234)
2023-01-09 16:05:39,372 INFO: Disconnecting from voice normally, close code 1000.
2023-01-09 16:05:39,956 INFO: Chi out 9又4分之8.7月台[打不出幹話就講出來啊]
2023-01-09 16:05:39,958 INFO: Connecting to voice...
2023-01-09 16:05:39,958 INFO: Starting voice handshake... (connection attempt 1)
2023-01-09 16:05:40,350 INFO: Voice handshake complete. Endpoint found seattle3342.discord.media
2023-01-09 16:05:42,005 INFO: ffmpeg process 1836 successfully terminated with return code of 0.
2023-01-09 16:05:43,050 INFO: The voice handshake is being terminated for Channel ID 428109526550708238 (Guild ID 428109526550708234)
2023-01-09 16:05:43,051 INFO: Disconnecting from voice normally, close code 1000.
2023-01-09 16:05:47,403 INFO: Chi in 9又4分之8.7月台[打不出幹話就講出來啊]
2023-01-09 16:05:47,497 INFO: Connecting to voice...
2023-01-09 16:05:47,497 INFO: Starting voice handshake... (connection attempt 1)
2023-01-09 16:05:47,787 INFO: Voice handshake complete. Endpoint found hongkong8784.discord.media
2023-01-09 16:05:50,563 INFO: ffmpeg process 1847 successfully terminated with return code of 0.
2023-01-09 16:05:51,172 INFO: Chi out 9又4分之8.7月台[打不出幹話就講出來啊]
2023-01-09 16:05:53,481 INFO: ffmpeg process 1857 successfully terminated with return code of 0.
2023-01-09 16:05:56,095 INFO: ffmpeg process 1867 successfully terminated with return code of 0.
2023-01-09 16:05:57,140 INFO: The voice handshake is being terminated for Channel ID 428109526550708238 (Guild ID 428109526550708234)
2023-01-09 16:05:57,141 INFO: Disconnecting from voice normally, close code 1000.
2023-01-09 16:20:51,814 INFO: KyrieR in 9又4分之8.7月台[123是什麼敷衍的名字]
2023-01-09 16:20:51,908 INFO: Connecting to voice...
2023-01-09 16:20:51,908 INFO: Starting voice handshake... (connection attempt 1)
2023-01-09 16:20:52,208 INFO: Voice handshake complete. Endpoint found hongkong8481.discord.media
2023-01-09 16:20:55,429 INFO: ffmpeg process 1913 successfully terminated with return code of 0.
2023-01-09 16:20:57,605 INFO: ffmpeg process 1923 successfully terminated with return code of 0.
2023-01-09 16:20:58,668 INFO: The voice handshake is being terminated for Channel ID 728631391809437746 (Guild ID 428109526550708234)
2023-01-09 16:20:58,669 INFO: Disconnecting from voice normally, close code 1000.
2023-01-09 16:25:26,536 INFO: KyrieR out 9又4分之8.7月台[123是什麼敷衍的名字]
2023-01-09 16:25:26,537 INFO: Connecting to voice...
2023-01-09 16:25:26,537 INFO: Starting voice handshake... (connection attempt 1)
2023-01-09 16:25:26,833 INFO: Voice handshake complete. Endpoint found hongkong8481.discord.media
2023-01-09 16:25:29,807 INFO: ffmpeg process 1952 successfully terminated with return code of 0.
2023-01-09 16:25:30,818 INFO: The voice handshake is being terminated for Channel ID 728631391809437746 (Guild ID 428109526550708234)
2023-01-09 16:25:30,819 INFO: Disconnecting from voice normally, close code 1000.
2023-01-09 16:30:23,396 INFO: Shard ID None has successfully RESUMED session 509c37c19cdf838f4bace1ccb0a5a557.
2023-01-09 17:22:54,766 INFO: Shard ID None has successfully RESUMED session 509c37c19cdf838f4bace1ccb0a5a557.
2023-01-09 17:44:36,543 INFO: Shard ID None has successfully RESUMED session 509c37c19cdf838f4bace1ccb0a5a557.
2023-01-09 18:45:55,188 INFO: 貓嗷嗚飄飄大仙 out 9又4分之8.7月台[123是什麼敷衍的名字]
2023-01-09 18:45:55,189 INFO: Connecting to voice...
2023-01-09 18:45:55,189 INFO: Starting voice handshake... (connection attempt 1)
2023-01-09 18:45:55,499 INFO: Voice handshake complete. Endpoint found hongkong8481.discord.media
2023-01-09 18:45:59,214 INFO: ffmpeg process 2163 successfully terminated with return code of 0.
2023-01-09 18:46:00,281 INFO: The voice handshake is being terminated for Channel ID 728631391809437746 (Guild ID 428109526550708234)
2023-01-09 18:46:00,283 INFO: Disconnecting from voice normally, close code 1000.
2023-01-09 19:05:01,556 INFO: Shard ID None has successfully RESUMED session 509c37c19cdf838f4bace1ccb0a5a557.
2023-01-09 22:39:54,734 INFO: Shard ID None has successfully RESUMED session 509c37c19cdf838f4bace1ccb0a5a557.
