2023-01-14 00:18:39,739 INFO: logging in using static token
2023-01-14 00:18:40,119 INFO: Shard ID None has connected to Gateway (Session ID: a1c77076ef4de3b634e79689ccaaa8ac).
2023-01-14 00:18:42,142 INFO: 目前登入身份：神奇海螺#3847
2023-01-14 01:41:37,847 INFO: Shard ID None has successfully RESUMED session a1c77076ef4de3b634e79689ccaaa8ac.
2023-01-14 04:25:38,263 INFO: Shard ID None has successfully RESUMED session a1c77076ef4de3b634e79689ccaaa8ac.
2023-01-14 06:22:59,554 INFO: Shard ID None has successfully RESUMED session a1c77076ef4de3b634e79689ccaaa8ac.
2023-01-14 08:22:29,875 INFO: Shard ID None has successfully RESUMED session a1c77076ef4de3b634e79689ccaaa8ac.
2023-01-14 09:51:24,813 INFO: Shard ID None has successfully RESUMED session a1c77076ef4de3b634e79689ccaaa8ac.
2023-01-14 12:07:00,505 INFO: 神奇海螺 in 9又4分之8.7月台[123是什麼敷衍的名字]
2023-01-14 12:07:00,551 INFO: Connecting to voice...
2023-01-14 12:07:00,551 INFO: Starting voice handshake... (connection attempt 1)
2023-01-14 12:07:00,829 INFO: Voice handshake complete. Endpoint found hongkong5270.discord.media
2023-01-14 12:07:05,131 INFO: ffmpeg process 1361 successfully terminated with return code of 0.
2023-01-14 12:07:13,570 INFO: ffmpeg process 1372 successfully terminated with return code of 0.
2023-01-14 12:07:14,621 INFO: The voice handshake is being terminated for Channel ID 728631391809437746 (Guild ID 428109526550708234)
2023-01-14 12:07:14,622 INFO: Disconnecting from voice normally, close code 1000.
2023-01-14 12:10:35,810 INFO: Shard ID None has successfully RESUMED session a1c77076ef4de3b634e79689ccaaa8ac.
2023-01-14 13:03:15,957 INFO: louiskkk28 in 9又4分之8.7月台[123是什麼敷衍的名字]
2023-01-14 13:03:16,043 INFO: Connecting to voice...
2023-01-14 13:03:16,044 INFO: Starting voice handshake... (connection attempt 1)
2023-01-14 13:03:16,303 INFO: Voice handshake complete. Endpoint found hongkong5270.discord.media
2023-01-14 13:03:20,172 INFO: ffmpeg process 1475 successfully terminated with return code of 0.
2023-01-14 13:03:22,800 INFO: ffmpeg process 1485 successfully terminated with return code of 0.
2023-01-14 13:03:23,867 INFO: The voice handshake is being terminated for Channel ID 728631391809437746 (Guild ID 428109526550708234)
2023-01-14 13:03:23,868 INFO: Disconnecting from voice normally, close code 1000.
2023-01-14 13:22:42,890 INFO: Chi in 9又4分之8.7月台[123是什麼敷衍的名字]
2023-01-14 13:22:43,025 INFO: Connecting to voice...
2023-01-14 13:22:43,025 INFO: Starting voice handshake... (connection attempt 1)
2023-01-14 13:22:43,288 INFO: Voice handshake complete. Endpoint found hongkong5270.discord.media
2023-01-14 13:22:46,862 INFO: ffmpeg process 1532 successfully terminated with return code of 0.
2023-01-14 13:22:49,539 INFO: ffmpeg process 1542 successfully terminated with return code of 0.
2023-01-14 13:22:50,613 INFO: The voice handshake is being terminated for Channel ID 728631391809437746 (Guild ID 428109526550708234)
2023-01-14 13:22:50,614 INFO: Disconnecting from voice normally, close code 1000.
2023-01-14 13:34:22,725 INFO: BunnyplayGG in 9又4分之8.7月台[123是什麼敷衍的名字]
2023-01-14 13:34:22,872 INFO: Connecting to voice...
2023-01-14 13:34:22,872 INFO: Starting voice handshake... (connection attempt 1)
2023-01-14 13:34:23,137 INFO: Voice handshake complete. Endpoint found hongkong5270.discord.media
2023-01-14 13:34:26,924 INFO: ffmpeg process 1571 successfully terminated with return code of 0.
2023-01-14 13:34:30,329 INFO: ffmpeg process 1581 successfully terminated with return code of 0.
2023-01-14 13:34:31,380 INFO: The voice handshake is being terminated for Channel ID 728631391809437746 (Guild ID 428109526550708234)
2023-01-14 13:34:31,380 INFO: Disconnecting from voice normally, close code 1000.
2023-01-14 14:01:40,011 INFO: jerry2299 in 9又4分之8.7月台[123是什麼敷衍的名字]
2023-01-14 14:01:40,055 INFO: Connecting to voice...
2023-01-14 14:01:40,055 INFO: Starting voice handshake... (connection attempt 1)
2023-01-14 14:01:40,339 INFO: Voice handshake complete. Endpoint found hongkong5270.discord.media
2023-01-14 14:01:45,832 INFO: ffmpeg process 1625 successfully terminated with return code of 0.
2023-01-14 14:01:47,885 INFO: ffmpeg process 1635 successfully terminated with return code of 0.
2023-01-14 14:01:48,928 INFO: The voice handshake is being terminated for Channel ID 728631391809437746 (Guild ID 428109526550708234)
2023-01-14 14:01:48,929 INFO: Disconnecting from voice normally, close code 1000.
2023-01-14 15:58:31,937 INFO: Shard ID None has successfully RESUMED session a1c77076ef4de3b634e79689ccaaa8ac.
2023-01-14 15:58:37,368 INFO: louiskkk28 out 9又4分之8.7月台[123是什麼敷衍的名字]
2023-01-14 15:58:37,368 INFO: Connecting to voice...
2023-01-14 15:58:37,368 INFO: Starting voice handshake... (connection attempt 1)
2023-01-14 15:58:37,648 INFO: Voice handshake complete. Endpoint found hongkong5270.discord.media
2023-01-14 15:58:42,925 INFO: ffmpeg process 1788 successfully terminated with return code of 0.
2023-01-14 15:58:43,963 INFO: The voice handshake is being terminated for Channel ID 728631391809437746 (Guild ID 428109526550708234)
2023-01-14 15:58:43,964 INFO: Disconnecting from voice normally, close code 1000.
2023-01-14 16:26:12,669 INFO: jerry2299 out 9又4分之8.7月台[123是什麼敷衍的名字]
2023-01-14 16:26:12,670 INFO: Connecting to voice...
2023-01-14 16:26:12,671 INFO: Starting voice handshake... (connection attempt 1)
2023-01-14 16:26:12,964 INFO: Voice handshake complete. Endpoint found hongkong5270.discord.media
2023-01-14 16:26:17,758 INFO: ffmpeg process 1855 successfully terminated with return code of 0.
2023-01-14 16:26:18,834 INFO: The voice handshake is being terminated for Channel ID 728631391809437746 (Guild ID 428109526550708234)
2023-01-14 16:26:18,835 INFO: Disconnecting from voice normally, close code 1000.
