2023-02-05 18:01:50,472 INFO: logging in using static token
2023-02-05 18:01:51,100 INFO: Shard ID None has connected to Gateway (Session ID: 779e1cd0aab40638cac6754bf2a17822).
2023-02-05 18:01:53,114 INFO: 目前登入身份：神奇海螺#3847
2023-02-05 18:20:16,610 INFO: Shard ID None has successfully RESUMED session 779e1cd0aab40638cac6754bf2a17822.
2023-02-05 19:43:25,347 INFO: logging in using static token
2023-02-05 19:43:25,759 INFO: Shard ID None has connected to Gateway (Session ID: 03790e29635ba794edc5f9ac55c1c18f).
2023-02-05 19:43:27,764 INFO: 目前登入身份：神奇海螺#3847
2023-02-05 20:25:39,947 INFO: logging in using static token
2023-02-05 20:25:40,622 INFO: Shard ID None has connected to Gateway (Session ID: bcb63eb2784e0f2a6a5007f01ba99c35).
2023-02-05 20:25:42,649 INFO: 目前登入身份：神奇海螺#3847
2023-02-05 21:27:32,898 INFO: Shard ID None has successfully RESUMED session bcb63eb2784e0f2a6a5007f01ba99c35.
2023-02-06 00:20:41,217 INFO: Shard ID None has successfully RESUMED session bcb63eb2784e0f2a6a5007f01ba99c35.
2023-02-06 04:12:17,623 INFO: Shard ID None has successfully RESUMED session bcb63eb2784e0f2a6a5007f01ba99c35.
2023-02-06 05:58:46,042 INFO: Shard ID None has successfully RESUMED session bcb63eb2784e0f2a6a5007f01ba99c35.
2023-02-06 07:52:18,128 INFO: Shard ID None has successfully RESUMED session bcb63eb2784e0f2a6a5007f01ba99c35.
2023-02-06 11:18:02,619 INFO: Shard ID None has successfully RESUMED session bcb63eb2784e0f2a6a5007f01ba99c35.
2023-02-06 12:03:58,541 INFO: Shard ID None has successfully RESUMED session bcb63eb2784e0f2a6a5007f01ba99c35.
2023-02-06 12:19:35,260 INFO: Shard ID None has successfully RESUMED session bcb63eb2784e0f2a6a5007f01ba99c35.
2023-02-06 12:43:32,514 INFO: logging in using static token
2023-02-06 12:43:33,115 INFO: Shard ID None has connected to Gateway (Session ID: 9b02d14a38e70f1a19ea933da6bc377a).
2023-02-06 12:43:35,157 INFO: 目前登入身份：神奇海螺#3847
2023-02-06 14:04:30,528 INFO: Shard ID None has successfully RESUMED session 9b02d14a38e70f1a19ea933da6bc377a.
2023-02-06 14:26:27,554 INFO: Chi in 9又4分之8.7月台[123是什麼敷衍的名字]
2023-02-06 14:26:27,653 INFO: Connecting to voice...
2023-02-06 14:26:27,654 INFO: Starting voice handshake... (connection attempt 1)
2023-02-06 14:26:27,961 INFO: Voice handshake complete. Endpoint found hongkong7019.discord.media
2023-02-06 14:26:31,236 INFO: ffmpeg process 396 successfully terminated with return code of 0.
2023-02-06 14:26:34,012 INFO: ffmpeg process 407 successfully terminated with return code of 0.
2023-02-06 14:26:35,080 INFO: The voice handshake is being terminated for Channel ID 728631391809437746 (Guild ID 428109526550708234)
2023-02-06 14:26:35,080 INFO: Disconnecting from voice normally, close code 1000.
2023-02-06 14:27:06,017 INFO: Chi out 9又4分之8.7月台[123是什麼敷衍的名字]
2023-02-06 14:27:06,017 INFO: Connecting to voice...
2023-02-06 14:27:06,017 INFO: Starting voice handshake... (connection attempt 1)
2023-02-06 14:27:06,178 INFO: Voice handshake complete. Endpoint found seattle9661.discord.media
2023-02-06 14:27:07,842 INFO: ffmpeg process 435 successfully terminated with return code of 0.
2023-02-06 14:27:08,888 INFO: The voice handshake is being terminated for Channel ID 728631391809437746 (Guild ID 428109526550708234)
2023-02-06 14:27:08,889 INFO: Disconnecting from voice normally, close code 1000.
2023-02-06 15:01:01,433 INFO: Chi in 9又4分之8.7月台[打不出幹話就講出來啊]
2023-02-06 15:01:01,526 INFO: Connecting to voice...
2023-02-06 15:01:01,526 INFO: Starting voice handshake... (connection attempt 1)
2023-02-06 15:01:01,813 INFO: Voice handshake complete. Endpoint found hongkong3064.discord.media
2023-02-06 15:01:05,096 INFO: ffmpeg process 481 successfully terminated with return code of 0.
2023-02-06 15:01:07,955 INFO: ffmpeg process 491 successfully terminated with return code of 0.
2023-02-06 15:01:09,041 INFO: The voice handshake is being terminated for Channel ID 428109526550708238 (Guild ID 428109526550708234)
2023-02-06 15:01:09,042 INFO: Disconnecting from voice normally, close code 1000.
2023-02-06 15:08:57,934 INFO: Shard ID None has successfully RESUMED session 9b02d14a38e70f1a19ea933da6bc377a.
2023-02-06 15:08:59,072 INFO: Fiven-chung in 9又4分之8.7月台[打不出幹話就講出來啊]
2023-02-06 15:08:59,243 INFO: Connecting to voice...
2023-02-06 15:08:59,244 INFO: Starting voice handshake... (connection attempt 1)
2023-02-06 15:08:59,530 INFO: Voice handshake complete. Endpoint found hongkong3064.discord.media
2023-02-06 15:09:02,519 INFO: ffmpeg process 538 successfully terminated with return code of 0.
2023-02-06 15:09:05,939 INFO: ffmpeg process 548 successfully terminated with return code of 0.
2023-02-06 15:09:06,989 INFO: The voice handshake is being terminated for Channel ID 428109526550708238 (Guild ID 428109526550708234)
2023-02-06 15:09:06,991 INFO: Disconnecting from voice normally, close code 1000.
2023-02-06 15:16:36,237 INFO: 貓嗷嗚飄飄大仙 in 9又4分之8.7月台[打不出幹話就講出來啊]
2023-02-06 15:16:36,332 INFO: Connecting to voice...
2023-02-06 15:16:36,332 INFO: Starting voice handshake... (connection attempt 1)
2023-02-06 15:16:36,618 INFO: Voice handshake complete. Endpoint found hongkong3064.discord.media
2023-02-06 15:16:40,964 INFO: ffmpeg process 559 successfully terminated with return code of 0.
2023-02-06 15:16:43,706 INFO: ffmpeg process 569 successfully terminated with return code of 0.
2023-02-06 15:16:44,771 INFO: The voice handshake is being terminated for Channel ID 428109526550708238 (Guild ID 428109526550708234)
2023-02-06 15:16:44,772 INFO: Disconnecting from voice normally, close code 1000.
2023-02-06 15:50:08,290 INFO: 楓夜 in 9又4分之8.7月台[打不出幹話就講出來啊]
2023-02-06 15:50:08,337 INFO: Connecting to voice...
2023-02-06 15:50:08,337 INFO: Starting voice handshake... (connection attempt 1)
2023-02-06 15:50:08,625 INFO: Voice handshake complete. Endpoint found hongkong3064.discord.media
2023-02-06 15:50:12,754 INFO: ffmpeg process 3022 successfully terminated with return code of 0.
2023-02-06 15:50:15,658 INFO: ffmpeg process 3040 successfully terminated with return code of 0.
2023-02-06 15:50:16,746 INFO: The voice handshake is being terminated for Channel ID 428109526550708238 (Guild ID 428109526550708234)
2023-02-06 15:50:16,746 INFO: Disconnecting from voice normally, close code 1000.
2023-02-06 16:04:17,324 INFO: Shard ID None has successfully RESUMED session 9b02d14a38e70f1a19ea933da6bc377a.
2023-02-06 16:07:02,543 INFO: 貓嗷嗚飄飄大仙 out 9又4分之8.7月台[打不出幹話就講出來啊]
2023-02-06 16:07:02,544 INFO: Connecting to voice...
2023-02-06 16:07:02,544 INFO: Starting voice handshake... (connection attempt 1)
2023-02-06 16:07:02,830 INFO: Voice handshake complete. Endpoint found hongkong3064.discord.media
2023-02-06 16:07:06,506 INFO: ffmpeg process 5800 successfully terminated with return code of 0.
2023-02-06 16:07:07,583 INFO: The voice handshake is being terminated for Channel ID 428109526550708238 (Guild ID 428109526550708234)
2023-02-06 16:07:07,583 INFO: Disconnecting from voice normally, close code 1000.
2023-02-06 16:43:38,799 INFO: 楓夜 out 9又4分之8.7月台[打不出幹話就講出來啊]
2023-02-06 16:43:38,799 INFO: Connecting to voice...
2023-02-06 16:43:38,799 INFO: Starting voice handshake... (connection attempt 1)
2023-02-06 16:43:39,084 INFO: Voice handshake complete. Endpoint found hongkong3064.discord.media
2023-02-06 16:43:41,865 INFO: ffmpeg process 10459 successfully terminated with return code of 0.
2023-02-06 16:43:42,876 INFO: The voice handshake is being terminated for Channel ID 428109526550708238 (Guild ID 428109526550708234)
2023-02-06 16:43:42,877 INFO: Disconnecting from voice normally, close code 1000.
2023-02-06 16:51:16,976 INFO: Chi out 9又4分之8.7月台[打不出幹話就講出來啊]
2023-02-06 16:51:16,977 INFO: Connecting to voice...
2023-02-06 16:51:16,977 INFO: Starting voice handshake... (connection attempt 1)
2023-02-06 16:51:17,267 INFO: Voice handshake complete. Endpoint found hongkong3064.discord.media
2023-02-06 16:51:17,658 INFO: Fiven-chung out 9又4分之8.7月台[打不出幹話就講出來啊]
2023-02-06 16:51:19,914 INFO: ffmpeg process 10487 successfully terminated with return code of 0.
2023-02-06 16:51:22,889 INFO: ffmpeg process 10497 successfully terminated with return code of 0.
2023-02-06 16:51:23,978 INFO: The voice handshake is being terminated for Channel ID 428109526550708238 (Guild ID 428109526550708234)
2023-02-06 16:51:23,978 INFO: Disconnecting from voice normally, close code 1000.
2023-02-06 16:58:05,528 INFO: Shard ID None has successfully RESUMED session 9b02d14a38e70f1a19ea933da6bc377a.
2023-02-06 17:13:13,268 INFO: Shard ID None has successfully RESUMED session 9b02d14a38e70f1a19ea933da6bc377a.
2023-02-06 19:36:02,312 INFO: Shard ID None has successfully RESUMED session 9b02d14a38e70f1a19ea933da6bc377a.
2023-02-06 20:24:19,171 INFO: Shard ID None has successfully RESUMED session 9b02d14a38e70f1a19ea933da6bc377a.
2023-02-06 23:07:17,535 INFO: Shard ID None has successfully RESUMED session 9b02d14a38e70f1a19ea933da6bc377a.
2023-02-07 01:29:34,907 INFO: Shard ID None has successfully RESUMED session 9b02d14a38e70f1a19ea933da6bc377a.
2023-02-07 03:13:09,312 INFO: Shard ID None has successfully RESUMED session 9b02d14a38e70f1a19ea933da6bc377a.
2023-02-07 04:06:11,666 INFO: Shard ID None has successfully RESUMED session 9b02d14a38e70f1a19ea933da6bc377a.
2023-02-07 04:54:35,829 INFO: Shard ID None has successfully RESUMED session 9b02d14a38e70f1a19ea933da6bc377a.
2023-02-07 07:05:35,122 INFO: Shard ID None has successfully RESUMED session 9b02d14a38e70f1a19ea933da6bc377a.
2023-02-07 08:15:30,114 INFO: Shard ID None has successfully RESUMED session 9b02d14a38e70f1a19ea933da6bc377a.
