2023-02-04 22:36:19,051 INFO: logging in using static token
2023-02-04 22:36:19,415 INFO: Shard ID None has connected to Gateway (Session ID: c139a2c5b9e65e05fd20dae99a3e51e5).
2023-02-04 22:36:21,423 INFO: 目前登入身份：神奇海螺#3847
2023-02-05 01:16:05,632 INFO: Shard ID None has successfully RESUMED session c139a2c5b9e65e05fd20dae99a3e51e5.
2023-02-05 03:09:46,427 INFO: Shard ID None has successfully RESUMED session c139a2c5b9e65e05fd20dae99a3e51e5.
2023-02-05 03:33:25,674 INFO: Shard ID None has successfully RESUMED session c139a2c5b9e65e05fd20dae99a3e51e5.
2023-02-05 05:54:03,364 INFO: Shard ID None has successfully RESUMED session c139a2c5b9e65e05fd20dae99a3e51e5.
2023-02-05 06:38:13,824 INFO: Shard ID None has successfully RESUMED session c139a2c5b9e65e05fd20dae99a3e51e5.
2023-02-05 07:41:40,115 INFO: MaiMai的Pool in 9又4分之8.7月台[123是什麼敷衍的名字]
2023-02-05 07:41:40,168 INFO: Connecting to voice...
2023-02-05 07:41:40,170 INFO: Starting voice handshake... (connection attempt 1)
2023-02-05 07:41:40,398 INFO: Voice handshake complete. Endpoint found hongkong2499.discord.media
2023-02-05 07:41:44,162 INFO: ffmpeg process 1293 successfully terminated with return code of 0.
2023-02-05 07:41:46,858 INFO: ffmpeg process 1304 successfully terminated with return code of 0.
2023-02-05 07:41:47,905 INFO: The voice handshake is being terminated for Channel ID 728631391809437746 (Guild ID 428109526550708234)
2023-02-05 07:41:47,906 INFO: Disconnecting from voice normally, close code 1000.
2023-02-05 07:41:57,534 INFO: Lexor in 9又4分之8.7月台[123是什麼敷衍的名字]
2023-02-05 07:41:57,611 INFO: Connecting to voice...
2023-02-05 07:41:57,611 INFO: Starting voice handshake... (connection attempt 1)
2023-02-05 07:41:57,905 INFO: Voice handshake complete. Endpoint found hongkong2499.discord.media
2023-02-05 07:42:01,206 INFO: ffmpeg process 1315 successfully terminated with return code of 0.
2023-02-05 07:42:03,321 INFO: ffmpeg process 1325 successfully terminated with return code of 0.
2023-02-05 07:42:04,367 INFO: The voice handshake is being terminated for Channel ID 728631391809437746 (Guild ID 428109526550708234)
2023-02-05 07:42:04,367 INFO: Disconnecting from voice normally, close code 1000.
2023-02-05 07:46:28,479 INFO: wawa的n in 9又4分之8.7月台[123是什麼敷衍的名字]
2023-02-05 07:46:28,560 INFO: Connecting to voice...
2023-02-05 07:46:28,561 INFO: Starting voice handshake... (connection attempt 1)
2023-02-05 07:46:28,789 INFO: Voice handshake complete. Endpoint found hongkong2499.discord.media
2023-02-05 07:46:32,365 INFO: ffmpeg process 1354 successfully terminated with return code of 0.
2023-02-05 07:46:34,421 INFO: ffmpeg process 1364 successfully terminated with return code of 0.
2023-02-05 07:46:35,443 INFO: The voice handshake is being terminated for Channel ID 728631391809437746 (Guild ID 428109526550708234)
2023-02-05 07:46:35,444 INFO: Disconnecting from voice normally, close code 1000.
2023-02-05 07:48:24,101 INFO: 貓嗷嗚飄飄大仙 in 9又4分之8.7月台[123是什麼敷衍的名字]
2023-02-05 07:48:24,142 INFO: Connecting to voice...
2023-02-05 07:48:24,143 INFO: Starting voice handshake... (connection attempt 1)
2023-02-05 07:48:24,439 INFO: Voice handshake complete. Endpoint found hongkong2499.discord.media
2023-02-05 07:48:28,578 INFO: ffmpeg process 1393 successfully terminated with return code of 0.
2023-02-05 07:48:31,338 INFO: ffmpeg process 1403 successfully terminated with return code of 0.
2023-02-05 07:48:32,386 INFO: The voice handshake is being terminated for Channel ID 728631391809437746 (Guild ID 428109526550708234)
2023-02-05 07:48:32,387 INFO: Disconnecting from voice normally, close code 1000.
2023-02-05 07:50:48,774 INFO: wawa的n out 9又4分之8.7月台[123是什麼敷衍的名字]
2023-02-05 07:50:48,775 INFO: Connecting to voice...
2023-02-05 07:50:48,775 INFO: Starting voice handshake... (connection attempt 1)
2023-02-05 07:50:49,117 INFO: Voice handshake complete. Endpoint found hongkong2499.discord.media
2023-02-05 07:50:51,499 INFO: wawa的n in 9又4分之8.7月台[123是什麼敷衍的名字]
2023-02-05 07:50:52,516 INFO: ffmpeg process 1414 successfully terminated with return code of 0.
2023-02-05 07:50:56,217 INFO: ffmpeg process 1424 successfully terminated with return code of 0.
2023-02-05 07:50:58,940 INFO: ffmpeg process 1434 successfully terminated with return code of 0.
2023-02-05 07:50:59,986 INFO: The voice handshake is being terminated for Channel ID 728631391809437746 (Guild ID 428109526550708234)
2023-02-05 07:50:59,986 INFO: Disconnecting from voice normally, close code 1000.
2023-02-05 07:51:15,277 INFO: wawa的n out 9又4分之8.7月台[123是什麼敷衍的名字]
2023-02-05 07:51:15,277 INFO: Connecting to voice...
2023-02-05 07:51:15,277 INFO: Starting voice handshake... (connection attempt 1)
2023-02-05 07:51:15,618 INFO: Voice handshake complete. Endpoint found hongkong2499.discord.media
2023-02-05 07:51:19,025 INFO: ffmpeg process 1445 successfully terminated with return code of 0.
2023-02-05 07:51:20,053 INFO: The voice handshake is being terminated for Channel ID 728631391809437746 (Guild ID 428109526550708234)
2023-02-05 07:51:20,054 INFO: Disconnecting from voice normally, close code 1000.
2023-02-05 07:51:28,800 INFO: wawa的n in 9又4分之8.7月台[123是什麼敷衍的名字]
2023-02-05 07:51:28,878 INFO: Connecting to voice...
2023-02-05 07:51:28,878 INFO: Starting voice handshake... (connection attempt 1)
2023-02-05 07:51:29,161 INFO: Voice handshake complete. Endpoint found hongkong2499.discord.media
2023-02-05 07:51:32,703 INFO: ffmpeg process 1456 successfully terminated with return code of 0.
2023-02-05 07:51:35,596 INFO: ffmpeg process 1466 successfully terminated with return code of 0.
2023-02-05 07:51:36,684 INFO: The voice handshake is being terminated for Channel ID 728631391809437746 (Guild ID 428109526550708234)
2023-02-05 07:51:36,685 INFO: Disconnecting from voice normally, close code 1000.
2023-02-05 07:57:49,127 INFO: wawa的n out 9又4分之8.7月台[123是什麼敷衍的名字]
2023-02-05 07:57:49,127 INFO: Connecting to voice...
2023-02-05 07:57:49,130 INFO: Starting voice handshake... (connection attempt 1)
2023-02-05 07:57:49,396 INFO: Voice handshake complete. Endpoint found hongkong2499.discord.media
2023-02-05 07:57:52,806 INFO: ffmpeg process 1477 successfully terminated with return code of 0.
2023-02-05 07:57:53,837 INFO: The voice handshake is being terminated for Channel ID 728631391809437746 (Guild ID 428109526550708234)
2023-02-05 07:57:53,838 INFO: Disconnecting from voice normally, close code 1000.
2023-02-05 07:58:06,396 INFO: wawa的n in 9又4分之8.7月台[123是什麼敷衍的名字]
2023-02-05 07:58:06,473 INFO: Connecting to voice...
2023-02-05 07:58:06,474 INFO: Starting voice handshake... (connection attempt 1)
2023-02-05 07:58:06,761 INFO: Voice handshake complete. Endpoint found hongkong2499.discord.media
2023-02-05 07:58:10,837 INFO: ffmpeg process 1488 successfully terminated with return code of 0.
2023-02-05 07:58:14,257 INFO: ffmpeg process 1498 successfully terminated with return code of 0.
2023-02-05 07:58:15,309 INFO: The voice handshake is being terminated for Channel ID 728631391809437746 (Guild ID 428109526550708234)
2023-02-05 07:58:15,310 INFO: Disconnecting from voice normally, close code 1000.
2023-02-05 08:01:50,189 INFO: BunnyplayGG in 9又4分之8.7月台[123是什麼敷衍的名字]
2023-02-05 08:01:50,305 INFO: Connecting to voice...
2023-02-05 08:01:50,305 INFO: Starting voice handshake... (connection attempt 1)
2023-02-05 08:01:50,575 INFO: Voice handshake complete. Endpoint found hongkong2499.discord.media
2023-02-05 08:01:54,434 INFO: ffmpeg process 1527 successfully terminated with return code of 0.
2023-02-05 08:01:57,030 INFO: ffmpeg process 1537 successfully terminated with return code of 0.
2023-02-05 08:01:58,077 INFO: The voice handshake is being terminated for Channel ID 728631391809437746 (Guild ID 428109526550708234)
2023-02-05 08:01:58,078 INFO: Disconnecting from voice normally, close code 1000.
2023-02-05 08:02:20,458 INFO: Chi in 9又4分之8.7月台[123是什麼敷衍的名字]
2023-02-05 08:02:20,539 INFO: Connecting to voice...
2023-02-05 08:02:20,539 INFO: Starting voice handshake... (connection attempt 1)
2023-02-05 08:02:20,829 INFO: Voice handshake complete. Endpoint found hongkong2499.discord.media
2023-02-05 08:02:23,901 INFO: ffmpeg process 1548 successfully terminated with return code of 0.
2023-02-05 08:02:26,236 INFO: ffmpeg process 1558 successfully terminated with return code of 0.
2023-02-05 08:02:27,263 INFO: The voice handshake is being terminated for Channel ID 728631391809437746 (Guild ID 428109526550708234)
2023-02-05 08:02:27,263 INFO: Disconnecting from voice normally, close code 1000.
2023-02-05 08:03:38,499 INFO: Chi in 9又4分之8.7月台[打不出幹話就講出來啊]
2023-02-05 08:03:38,578 INFO: Connecting to voice...
2023-02-05 08:03:38,578 INFO: Starting voice handshake... (connection attempt 1)
2023-02-05 08:03:38,668 INFO: Voice handshake complete. Endpoint found hongkong2804.discord.media
2023-02-05 08:03:38,877 ERROR: Exception occurred during Voice Protocol voice server update handler
Traceback (most recent call last):
  File "/opt/virtualenvs/python3/lib/python3.8/site-packages/discord/state.py", line 157, in logging_coroutine
    await coroutine
  File "/opt/virtualenvs/python3/lib/python3.8/site-packages/discord/voice_client.py", line 337, in on_voice_server_update
    await self.ws.close(4000)
AttributeError: '_MissingSentinel' object has no attribute 'close'
2023-02-05 08:03:42,149 INFO: BunnyplayGG in 9又4分之8.7月台[打不出幹話就講出來啊]
2023-02-05 08:03:42,331 INFO: ffmpeg process 1569 successfully terminated with return code of 0.
2023-02-05 08:03:44,799 INFO: ffmpeg process 1579 successfully terminated with return code of 0.
2023-02-05 08:03:47,754 INFO: ffmpeg process 1589 successfully terminated with return code of 0.
2023-02-05 08:03:50,548 INFO: ffmpeg process 1599 successfully terminated with return code of 0.
2023-02-05 08:03:51,617 INFO: The voice handshake is being terminated for Channel ID 428109526550708238 (Guild ID 428109526550708234)
2023-02-05 08:03:51,618 INFO: Disconnecting from voice normally, close code 1000.
2023-02-05 09:32:49,734 INFO: Chi out 9又4分之8.7月台[打不出幹話就講出來啊]
2023-02-05 09:32:49,734 INFO: Connecting to voice...
2023-02-05 09:32:49,735 INFO: Starting voice handshake... (connection attempt 1)
2023-02-05 09:32:50,015 INFO: Voice handshake complete. Endpoint found hongkong2804.discord.media
2023-02-05 09:32:53,071 INFO: ffmpeg process 1754 successfully terminated with return code of 0.
2023-02-05 09:32:53,541 INFO: BunnyplayGG out 9又4分之8.7月台[打不出幹話就講出來啊]
2023-02-05 09:32:56,513 INFO: ffmpeg process 1764 successfully terminated with return code of 0.
2023-02-05 09:32:57,571 INFO: The voice handshake is being terminated for Channel ID 428109526550708238 (Guild ID 428109526550708234)
2023-02-05 09:32:57,572 INFO: Disconnecting from voice normally, close code 1000.
2023-02-05 09:57:46,946 INFO: Shard ID None has successfully RESUMED session c139a2c5b9e65e05fd20dae99a3e51e5.
2023-02-05 10:18:09,112 INFO: Lexor out 9又4分之8.7月台[123是什麼敷衍的名字]
2023-02-05 10:18:09,113 INFO: Connecting to voice...
2023-02-05 10:18:09,113 INFO: Starting voice handshake... (connection attempt 1)
2023-02-05 10:18:09,394 INFO: Voice handshake complete. Endpoint found hongkong2499.discord.media
2023-02-05 10:18:12,496 INFO: ffmpeg process 1850 successfully terminated with return code of 0.
2023-02-05 10:18:13,522 INFO: The voice handshake is being terminated for Channel ID 728631391809437746 (Guild ID 428109526550708234)
2023-02-05 10:18:13,524 INFO: Disconnecting from voice normally, close code 1000.
2023-02-05 10:18:37,851 INFO: wawa的n out 9又4分之8.7月台[123是什麼敷衍的名字]
2023-02-05 10:18:37,851 INFO: Connecting to voice...
2023-02-05 10:18:37,851 INFO: Starting voice handshake... (connection attempt 1)
2023-02-05 10:18:38,230 INFO: Voice handshake complete. Endpoint found hongkong2499.discord.media
2023-02-05 10:18:38,595 INFO: MaiMai的Pool out 9又4分之8.7月台[123是什麼敷衍的名字]
2023-02-05 10:18:41,637 INFO: ffmpeg process 1861 successfully terminated with return code of 0.
2023-02-05 10:18:44,778 INFO: ffmpeg process 1871 successfully terminated with return code of 0.
2023-02-05 10:18:45,794 INFO: The voice handshake is being terminated for Channel ID 728631391809437746 (Guild ID 428109526550708234)
2023-02-05 10:18:45,795 INFO: Disconnecting from voice normally, close code 1000.
2023-02-05 10:44:51,902 INFO: Shard ID None has successfully RESUMED session c139a2c5b9e65e05fd20dae99a3e51e5.
2023-02-05 12:24:47,211 INFO: 貓嗷嗚飄飄大仙 out 9又4分之8.7月台[123是什麼敷衍的名字]
2023-02-05 12:24:47,212 INFO: Connecting to voice...
2023-02-05 12:24:47,212 INFO: Starting voice handshake... (connection attempt 1)
2023-02-05 12:24:47,305 INFO: Voice handshake complete. Endpoint found atlanta536.discord.media
2023-02-05 12:24:49,973 INFO: ffmpeg process 2138 successfully terminated with return code of 0.
2023-02-05 12:24:51,046 INFO: The voice handshake is being terminated for Channel ID 728631391809437746 (Guild ID 428109526550708234)
2023-02-05 12:24:51,047 INFO: Disconnecting from voice normally, close code 1000.
2023-02-05 12:47:23,198 INFO: Shard ID None has successfully RESUMED session c139a2c5b9e65e05fd20dae99a3e51e5.
2023-02-05 13:18:26,696 INFO: Shard ID None has successfully RESUMED session c139a2c5b9e65e05fd20dae99a3e51e5.
2023-02-05 13:47:29,882 INFO: KyrieR in 9又4分之8.7月台[123是什麼敷衍的名字]
2023-02-05 13:47:30,002 INFO: Connecting to voice...
2023-02-05 13:47:30,003 INFO: Starting voice handshake... (connection attempt 1)
2023-02-05 13:47:30,250 INFO: Voice handshake complete. Endpoint found hongkong9994.discord.media
2023-02-05 13:47:33,773 INFO: ffmpeg process 2326 successfully terminated with return code of 0.
2023-02-05 13:47:36,794 INFO: ffmpeg process 2336 successfully terminated with return code of 0.
2023-02-05 13:47:37,821 INFO: The voice handshake is being terminated for Channel ID 728631391809437746 (Guild ID 428109526550708234)
2023-02-05 13:47:37,822 INFO: Disconnecting from voice normally, close code 1000.
2023-02-05 13:49:58,665 INFO: 貓嗷嗚飄飄大仙 in 9又4分之8.7月台[123是什麼敷衍的名字]
2023-02-05 13:49:58,770 INFO: Connecting to voice...
2023-02-05 13:49:58,772 INFO: Starting voice handshake... (connection attempt 1)
2023-02-05 13:49:59,022 INFO: Voice handshake complete. Endpoint found hongkong9994.discord.media
2023-02-05 13:50:03,683 INFO: ffmpeg process 2347 successfully terminated with return code of 0.
2023-02-05 13:50:06,650 INFO: ffmpeg process 2357 successfully terminated with return code of 0.
2023-02-05 13:50:07,699 INFO: The voice handshake is being terminated for Channel ID 728631391809437746 (Guild ID 428109526550708234)
2023-02-05 13:50:07,700 INFO: Disconnecting from voice normally, close code 1000.
2023-02-05 14:05:13,289 INFO: 楓夜 in 9又4分之8.7月台[123是什麼敷衍的名字]
2023-02-05 14:05:13,331 INFO: Connecting to voice...
2023-02-05 14:05:13,332 INFO: Starting voice handshake... (connection attempt 1)
2023-02-05 14:05:13,570 INFO: Voice handshake complete. Endpoint found hongkong9994.discord.media
2023-02-05 14:05:18,054 INFO: ffmpeg process 2422 successfully terminated with return code of 0.
2023-02-05 14:05:20,794 INFO: ffmpeg process 2432 successfully terminated with return code of 0.
2023-02-05 14:05:21,842 INFO: The voice handshake is being terminated for Channel ID 728631391809437746 (Guild ID 428109526550708234)
2023-02-05 14:05:21,843 INFO: Disconnecting from voice normally, close code 1000.
2023-02-05 14:10:54,777 INFO: BunnyplayGG in 9又4分之8.7月台[打不出幹話就講出來啊]
2023-02-05 14:10:54,861 INFO: Connecting to voice...
2023-02-05 14:10:54,862 INFO: Starting voice handshake... (connection attempt 1)
2023-02-05 14:10:55,105 INFO: Voice handshake complete. Endpoint found hongkong2800.discord.media
2023-02-05 14:10:58,426 INFO: ffmpeg process 2443 successfully terminated with return code of 0.
2023-02-05 14:11:00,462 INFO: ffmpeg process 2453 successfully terminated with return code of 0.
2023-02-05 14:11:01,484 INFO: The voice handshake is being terminated for Channel ID 428109526550708238 (Guild ID 428109526550708234)
2023-02-05 14:11:01,485 INFO: Disconnecting from voice normally, close code 1000.
2023-02-05 14:11:19,825 INFO: Fiven-chung in 9又4分之8.7月台[打不出幹話就講出來啊]
2023-02-05 14:11:19,910 INFO: Connecting to voice...
2023-02-05 14:11:19,910 INFO: Starting voice handshake... (connection attempt 1)
2023-02-05 14:11:20,187 INFO: Voice handshake complete. Endpoint found hongkong2800.discord.media
2023-02-05 14:11:23,501 INFO: ffmpeg process 2464 successfully terminated with return code of 0.
2023-02-05 14:11:25,987 INFO: ffmpeg process 2474 successfully terminated with return code of 0.
2023-02-05 14:11:27,074 INFO: The voice handshake is being terminated for Channel ID 428109526550708238 (Guild ID 428109526550708234)
2023-02-05 14:11:27,074 INFO: Disconnecting from voice normally, close code 1000.
2023-02-05 14:12:26,707 INFO: Chi in 9又4分之8.7月台[打不出幹話就講出來啊]
2023-02-05 14:12:26,829 INFO: Connecting to voice...
2023-02-05 14:12:26,832 INFO: Starting voice handshake... (connection attempt 1)
2023-02-05 14:12:27,093 INFO: Voice handshake complete. Endpoint found hongkong2800.discord.media
2023-02-05 14:12:30,209 INFO: ffmpeg process 2503 successfully terminated with return code of 0.
2023-02-05 14:12:32,411 INFO: ffmpeg process 2513 successfully terminated with return code of 0.
2023-02-05 14:12:33,474 INFO: The voice handshake is being terminated for Channel ID 428109526550708238 (Guild ID 428109526550708234)
2023-02-05 14:12:33,475 INFO: Disconnecting from voice normally, close code 1000.
2023-02-05 14:19:12,288 INFO: 楓夜 in 9又4分之8.7月台[打不出幹話就講出來啊]
2023-02-05 14:19:12,331 INFO: Connecting to voice...
2023-02-05 14:19:12,331 INFO: Starting voice handshake... (connection attempt 1)
2023-02-05 14:19:13,195 INFO: Voice handshake complete. Endpoint found hongkong2800.discord.media
2023-02-05 14:19:17,648 INFO: ffmpeg process 2524 successfully terminated with return code of 0.
2023-02-05 14:19:19,831 INFO: ffmpeg process 2534 successfully terminated with return code of 0.
2023-02-05 14:19:20,835 INFO: The voice handshake is being terminated for Channel ID 428109526550708238 (Guild ID 428109526550708234)
2023-02-05 14:19:20,835 INFO: Disconnecting from voice normally, close code 1000.
2023-02-05 14:27:32,410 INFO: logging in using static token
2023-02-05 14:27:32,890 INFO: Shard ID None has connected to Gateway (Session ID: cf3acb531359f3bb8d85933594422ccd).
2023-02-05 14:27:34,903 INFO: 目前登入身份：神奇海螺#3847
2023-02-05 15:13:46,328 INFO: Shard ID None has successfully RESUMED session cf3acb531359f3bb8d85933594422ccd.
2023-02-05 16:05:50,660 INFO: BunnyplayGG out 9又4分之8.7月台[打不出幹話就講出來啊]
2023-02-05 16:05:50,661 INFO: Connecting to voice...
2023-02-05 16:05:50,661 INFO: Starting voice handshake... (connection attempt 1)
2023-02-05 16:05:51,033 INFO: Voice handshake complete. Endpoint found hongkong2800.discord.media
2023-02-05 16:05:54,704 INFO: ffmpeg process 431 successfully terminated with return code of 0.
2023-02-05 16:05:55,752 INFO: The voice handshake is being terminated for Channel ID 428109526550708238 (Guild ID 428109526550708234)
2023-02-05 16:05:55,753 INFO: Disconnecting from voice normally, close code 1000.
2023-02-05 16:08:06,005 INFO: Fiven-chung out 9又4分之8.7月台[打不出幹話就講出來啊]
2023-02-05 16:08:06,006 INFO: Connecting to voice...
2023-02-05 16:08:06,006 INFO: Starting voice handshake... (connection attempt 1)
2023-02-05 16:08:06,354 INFO: Voice handshake complete. Endpoint found hongkong2800.discord.media
2023-02-05 16:08:09,585 INFO: ffmpeg process 443 successfully terminated with return code of 0.
2023-02-05 16:08:10,673 INFO: The voice handshake is being terminated for Channel ID 428109526550708238 (Guild ID 428109526550708234)
2023-02-05 16:08:10,675 INFO: Disconnecting from voice normally, close code 1000.
2023-02-05 16:12:41,352 INFO: Chi out 9又4分之8.7月台[打不出幹話就講出來啊]
2023-02-05 16:12:41,352 INFO: Connecting to voice...
2023-02-05 16:12:41,353 INFO: Starting voice handshake... (connection attempt 1)
2023-02-05 16:12:41,717 INFO: Voice handshake complete. Endpoint found hongkong2800.discord.media
2023-02-05 16:12:42,906 INFO: 楓夜 out 9又4分之8.7月台[打不出幹話就講出來啊]
2023-02-05 16:12:44,566 INFO: ffmpeg process 491 successfully terminated with return code of 0.
2023-02-05 16:12:47,320 INFO: ffmpeg process 501 successfully terminated with return code of 0.
2023-02-05 16:12:48,326 INFO: The voice handshake is being terminated for Channel ID 428109526550708238 (Guild ID 428109526550708234)
2023-02-05 16:12:48,326 INFO: Disconnecting from voice normally, close code 1000.
2023-02-05 16:12:52,018 INFO: KyrieR out 9又4分之8.7月台[123是什麼敷衍的名字]
2023-02-05 16:12:52,019 INFO: Connecting to voice...
2023-02-05 16:12:52,019 INFO: Starting voice handshake... (connection attempt 1)
2023-02-05 16:12:52,391 INFO: Voice handshake complete. Endpoint found hongkong9994.discord.media
2023-02-05 16:12:55,578 INFO: ffmpeg process 512 successfully terminated with return code of 0.
2023-02-05 16:12:56,585 INFO: The voice handshake is being terminated for Channel ID 728631391809437746 (Guild ID 428109526550708234)
2023-02-05 16:12:56,586 INFO: Disconnecting from voice normally, close code 1000.
2023-02-05 16:14:30,962 INFO: 貓嗷嗚飄飄大仙 out 9又4分之8.7月台[123是什麼敷衍的名字]
2023-02-05 16:14:30,962 INFO: Connecting to voice...
2023-02-05 16:14:30,962 INFO: Starting voice handshake... (connection attempt 1)
2023-02-05 16:14:31,056 INFO: Voice handshake complete. Endpoint found us-central3382.discord.media
2023-02-05 16:14:33,732 INFO: ffmpeg process 523 successfully terminated with return code of 0.
2023-02-05 16:14:34,801 INFO: The voice handshake is being terminated for Channel ID 728631391809437746 (Guild ID 428109526550708234)
2023-02-05 16:14:34,802 INFO: Disconnecting from voice normally, close code 1000.
2023-02-05 16:55:44,917 INFO: Shard ID None has successfully RESUMED session cf3acb531359f3bb8d85933594422ccd.
