2023-01-23 16:39:35,073 INFO: logging in using static token
2023-01-23 16:39:35,805 INFO: Shard ID None has connected to Gateway (Session ID: 5edc8cc7985ca60f5cc741e600bec13d).
2023-01-23 16:39:37,810 INFO: 目前登入身份：神奇海螺#3847
2023-01-23 16:59:29,643 INFO: Shard ID None has successfully RESUMED session 5edc8cc7985ca60f5cc741e600bec13d.
2023-01-23 18:05:31,565 INFO: Shard ID None has successfully RESUMED session 5edc8cc7985ca60f5cc741e600bec13d.
2023-01-23 18:13:45,403 INFO: Shard ID None has successfully RESUMED session 5edc8cc7985ca60f5cc741e600bec13d.
2023-01-23 19:33:01,741 INFO: Shard ID None has successfully RESUMED session 5edc8cc7985ca60f5cc741e600bec13d.
2023-01-23 20:19:45,786 INFO: Shard ID None has successfully RESUMED session 5edc8cc7985ca60f5cc741e600bec13d.
2023-01-23 20:23:48,102 INFO: Shard ID None has successfully RESUMED session 5edc8cc7985ca60f5cc741e600bec13d.
2023-01-23 21:57:52,947 INFO: Shard ID None has successfully RESUMED session 5edc8cc7985ca60f5cc741e600bec13d.
2023-01-23 22:44:42,554 INFO: Shard ID None has successfully RESUMED session 5edc8cc7985ca60f5cc741e600bec13d.
2023-01-24 01:40:46,784 INFO: Shard ID None has successfully RESUMED session 5edc8cc7985ca60f5cc741e600bec13d.
2023-01-24 02:47:24,930 INFO: Shard ID None has successfully RESUMED session 5edc8cc7985ca60f5cc741e600bec13d.
2023-01-24 02:59:47,660 INFO: Shard ID None has successfully RESUMED session 5edc8cc7985ca60f5cc741e600bec13d.
2023-01-24 05:42:33,573 INFO: logging in using static token
2023-01-24 05:42:34,058 INFO: Shard ID None has connected to Gateway (Session ID: 311d45564d338d29dcf90eb365ddaf64).
2023-01-24 05:42:36,063 INFO: 目前登入身份：神奇海螺#3847
2023-01-24 06:33:44,836 INFO: Shard ID None has successfully RESUMED session 311d45564d338d29dcf90eb365ddaf64.
2023-01-24 10:00:02,039 INFO: Shard ID None has successfully RESUMED session 311d45564d338d29dcf90eb365ddaf64.
2023-01-24 12:09:57,167 INFO: WeIrdnA in 9又4分之8.7月台[123是什麼敷衍的名字]
2023-01-24 12:09:57,184 INFO: Connecting to voice...
2023-01-24 12:09:57,184 INFO: Starting voice handshake... (connection attempt 1)
2023-01-24 12:09:57,338 INFO: Voice handshake complete. Endpoint found hongkong2941.discord.media
2023-01-24 12:09:57,530 ERROR: Exception occurred during Voice Protocol voice server update handler
Traceback (most recent call last):
  File "/opt/virtualenvs/python3/lib/python3.8/site-packages/discord/state.py", line 157, in logging_coroutine
    await coroutine
  File "/opt/virtualenvs/python3/lib/python3.8/site-packages/discord/voice_client.py", line 337, in on_voice_server_update
    await self.ws.close(4000)
AttributeError: '_MissingSentinel' object has no attribute 'close'
2023-01-24 12:10:01,356 INFO: ffmpeg process 841 successfully terminated with return code of 0.
2023-01-24 12:10:03,552 INFO: ffmpeg process 852 successfully terminated with return code of 0.
2023-01-24 12:10:04,556 INFO: The voice handshake is being terminated for Channel ID 728631391809437746 (Guild ID 428109526550708234)
2023-01-24 12:10:04,557 INFO: Disconnecting from voice normally, close code 1000.
2023-01-24 12:10:09,177 INFO: WeIrdnA out 9又4分之8.7月台[123是什麼敷衍的名字]
2023-01-24 12:10:09,177 INFO: Connecting to voice...
2023-01-24 12:10:09,178 INFO: Starting voice handshake... (connection attempt 1)
2023-01-24 12:10:09,368 INFO: Voice handshake complete. Endpoint found us-central5657.discord.media
2023-01-24 12:10:11,516 INFO: ffmpeg process 863 successfully terminated with return code of 0.
2023-01-24 12:10:12,603 INFO: The voice handshake is being terminated for Channel ID 728631391809437746 (Guild ID 428109526550708234)
2023-01-24 12:10:12,604 INFO: Disconnecting from voice normally, close code 1000.
2023-01-24 12:11:40,729 INFO: Shard ID None has successfully RESUMED session 311d45564d338d29dcf90eb365ddaf64.
2023-01-24 14:05:17,917 INFO: Connecting to voice...
2023-01-24 14:05:17,917 INFO: Starting voice handshake... (connection attempt 1)
2023-01-24 14:05:18,123 INFO: Voice handshake complete. Endpoint found hongkong3018.discord.media
2023-01-24 14:05:18,322 ERROR: Exception occurred during Voice Protocol voice server update handler
Traceback (most recent call last):
  File "/opt/virtualenvs/python3/lib/python3.8/site-packages/discord/state.py", line 157, in logging_coroutine
    await coroutine
  File "/opt/virtualenvs/python3/lib/python3.8/site-packages/discord/voice_client.py", line 337, in on_voice_server_update
    await self.ws.close(4000)
AttributeError: '_MissingSentinel' object has no attribute 'close'
2023-01-24 14:05:19,418 INFO: ffmpeg process 1077 successfully terminated with return code of 1.
2023-01-24 14:05:21,354 INFO: The voice handshake is being terminated for Channel ID 1067444989212250112 (Guild ID 428109526550708234)
2023-01-24 14:05:21,355 INFO: Disconnecting from voice normally, close code 1000.
2023-01-24 14:43:16,872 INFO: Shard ID None has successfully RESUMED session 311d45564d338d29dcf90eb365ddaf64.
2023-01-24 15:08:54,231 INFO: WeIrdnA out 9又4分之8.7月台[垃圾車]
2023-01-24 15:08:54,232 INFO: Connecting to voice...
2023-01-24 15:08:54,232 INFO: Starting voice handshake... (connection attempt 1)
2023-01-24 15:09:54,263 INFO: The voice handshake is being terminated for Channel ID 1067444989212250112 (Guild ID 428109526550708234)
2023-01-24 15:09:54,263 INFO: The voice handshake is being terminated for Channel ID 1067444989212250112 (Guild ID 428109526550708234)
2023-01-24 15:15:56,497 INFO: WeIrdnA in 9又4分之8.7月台[123是什麼敷衍的名字]
2023-01-24 15:15:56,516 INFO: Connecting to voice...
2023-01-24 15:15:56,516 INFO: Starting voice handshake... (connection attempt 1)
2023-01-24 15:15:56,711 INFO: Voice handshake complete. Endpoint found hongkong1174.discord.media
2023-01-24 15:15:56,880 ERROR: Exception occurred during Voice Protocol voice server update handler
Traceback (most recent call last):
  File "/opt/virtualenvs/python3/lib/python3.8/site-packages/discord/state.py", line 157, in logging_coroutine
    await coroutine
  File "/opt/virtualenvs/python3/lib/python3.8/site-packages/discord/voice_client.py", line 337, in on_voice_server_update
    await self.ws.close(4000)
AttributeError: '_MissingSentinel' object has no attribute 'close'
2023-01-24 15:16:00,838 INFO: ffmpeg process 1207 successfully terminated with return code of 0.
2023-01-24 15:16:03,096 INFO: ffmpeg process 1217 successfully terminated with return code of 0.
2023-01-24 15:16:04,140 INFO: The voice handshake is being terminated for Channel ID 728631391809437746 (Guild ID 428109526550708234)
2023-01-24 15:16:04,140 INFO: Disconnecting from voice normally, close code 1000.
2023-01-24 16:11:50,099 INFO: Shard ID None has successfully RESUMED session 311d45564d338d29dcf90eb365ddaf64.
2023-01-24 17:09:22,654 INFO: Shard ID None has successfully RESUMED session 311d45564d338d29dcf90eb365ddaf64.
2023-01-24 17:46:28,561 INFO: WeIrdnA out 9又4分之8.7月台[123是什麼敷衍的名字]
2023-01-24 17:46:28,562 INFO: Connecting to voice...
2023-01-24 17:46:28,562 INFO: Starting voice handshake... (connection attempt 1)
2023-01-24 17:46:28,635 INFO: Voice handshake complete. Endpoint found us-central1273.discord.media
2023-01-24 17:46:30,808 INFO: ffmpeg process 1486 successfully terminated with return code of 0.
2023-01-24 17:46:31,903 INFO: The voice handshake is being terminated for Channel ID 728631391809437746 (Guild ID 428109526550708234)
2023-01-24 17:46:31,904 INFO: Disconnecting from voice normally, close code 1000.
2023-01-24 18:01:51,964 INFO: Shard ID None has successfully RESUMED session 311d45564d338d29dcf90eb365ddaf64.
