2023-02-26 20:12:11,282 INFO: logging in using static token
2023-02-26 20:12:11,843 INFO: Shard ID None has connected to Gateway (Session ID: 1ccafaecafe9d0affb2df71f05f58cb8).
2023-02-26 20:12:13,849 INFO: 目前登入身份：神奇海螺#3847
2023-02-26 21:27:41,621 INFO: Shard ID None has successfully RESUMED session 1ccafaecafe9d0affb2df71f05f58cb8.
2023-02-26 22:52:58,369 INFO: Shard ID None has successfully RESUMED session 1ccafaecafe9d0affb2df71f05f58cb8.
2023-02-27 01:15:24,082 INFO: Shard ID None has successfully RESUMED session 1ccafaecafe9d0affb2df71f05f58cb8.
2023-02-27 03:44:40,987 INFO: Shard ID None has successfully RESUMED session 1ccafaecafe9d0affb2df71f05f58cb8.
2023-02-27 06:27:19,211 INFO: logging in using static token
2023-02-27 06:27:19,754 INFO: Shard ID None has connected to Gateway (Session ID: eaa310a7be6b2a828699976da7721a33).
2023-02-27 06:27:21,825 INFO: 目前登入身份：神奇海螺#3847
2023-02-27 10:18:35,439 INFO: Shard ID None has successfully RESUMED session eaa310a7be6b2a828699976da7721a33.
2023-02-27 11:49:54,458 INFO: Shard ID None has successfully RESUMED session eaa310a7be6b2a828699976da7721a33.
2023-02-27 13:42:44,021 INFO: 貓嗷嗚飄飄大仙 in 9又4分之8.7月台[123是什麼敷衍的名字]
2023-02-27 13:42:44,041 INFO: Connecting to voice...
2023-02-27 13:42:44,041 INFO: Starting voice handshake... (connection attempt 1)
2023-02-27 13:42:44,288 INFO: Voice handshake complete. Endpoint found hongkong1626.discord.media
2023-02-27 13:42:49,547 INFO: ffmpeg process 1549 successfully terminated with return code of 0.
2023-02-27 13:42:52,167 INFO: ffmpeg process 1568 successfully terminated with return code of 0.
2023-02-27 13:42:53,215 INFO: The voice handshake is being terminated for Channel ID 728631391809437746 (Guild ID 428109526550708234)
2023-02-27 13:42:53,218 INFO: Disconnecting from voice normally, close code 1000.
2023-02-27 13:43:32,018 INFO: Shard ID None has successfully RESUMED session eaa310a7be6b2a828699976da7721a33.
2023-02-27 13:43:46,459 INFO: 貓嗷嗚飄飄大仙 out 9又4分之8.7月台[123是什麼敷衍的名字]
2023-02-27 13:43:46,460 INFO: Connecting to voice...
2023-02-27 13:43:46,460 INFO: Starting voice handshake... (connection attempt 1)
2023-02-27 13:43:46,616 INFO: Voice handshake complete. Endpoint found us-central2775.discord.media
2023-02-27 13:43:49,876 INFO: ffmpeg process 1620 successfully terminated with return code of 0.
2023-02-27 13:43:50,910 INFO: The voice handshake is being terminated for Channel ID 728631391809437746 (Guild ID 428109526550708234)
2023-02-27 13:43:50,911 INFO: Disconnecting from voice normally, close code 1000.
2023-02-27 13:45:03,299 INFO: 貓嗷嗚飄飄大仙 in 9又4分之8.7月台[123是什麼敷衍的名字]
2023-02-27 13:45:03,311 INFO: Connecting to voice...
2023-02-27 13:45:03,311 INFO: Starting voice handshake... (connection attempt 1)
2023-02-27 13:45:03,539 INFO: Voice handshake complete. Endpoint found hongkong11027.discord.media
2023-02-27 13:45:03,700 ERROR: Exception occurred during Voice Protocol voice server update handler
Traceback (most recent call last):
  File "/opt/virtualenvs/python3/lib/python3.8/site-packages/discord/state.py", line 157, in logging_coroutine
    await coroutine
  File "/opt/virtualenvs/python3/lib/python3.8/site-packages/discord/voice_client.py", line 337, in on_voice_server_update
    await self.ws.close(4000)
AttributeError: '_MissingSentinel' object has no attribute 'close'
2023-02-27 13:45:07,884 INFO: ffmpeg process 1639 successfully terminated with return code of 0.
2023-02-27 13:45:09,414 INFO: ffmpeg process 1657 successfully terminated with return code of 0.
2023-02-27 13:45:10,964 INFO: The voice handshake is being terminated for Channel ID 728631391809437746 (Guild ID 428109526550708234)
2023-02-27 13:45:10,964 INFO: Disconnecting from voice normally, close code 1000.
2023-02-27 13:46:21,065 INFO: 貓嗷嗚飄飄大仙 out 9又4分之8.7月台[123是什麼敷衍的名字]
2023-02-27 13:46:21,069 INFO: Connecting to voice...
2023-02-27 13:46:21,069 INFO: Starting voice handshake... (connection attempt 1)
2023-02-27 13:46:21,164 INFO: Voice handshake complete. Endpoint found us-central4361.discord.media
2023-02-27 13:46:24,185 INFO: ffmpeg process 1676 successfully terminated with return code of 0.
2023-02-27 13:46:25,239 INFO: The voice handshake is being terminated for Channel ID 728631391809437746 (Guild ID 428109526550708234)
2023-02-27 13:46:25,240 INFO: Disconnecting from voice normally, close code 1000.
2023-02-27 13:47:42,422 INFO: logging in using static token
2023-02-27 13:47:42,885 INFO: Shard ID None has connected to Gateway (Session ID: 420205cccb61b9d55862fbed904c7109).
2023-02-27 13:47:44,891 INFO: 目前登入身份：神奇海螺#3847
2023-02-27 13:47:47,864 INFO: 貓嗷嗚飄飄大仙 in 9又4分之8.7月台[123是什麼敷衍的名字]
2023-02-27 13:47:47,872 INFO: Connecting to voice...
2023-02-27 13:47:47,872 INFO: Starting voice handshake... (connection attempt 1)
2023-02-27 13:47:48,046 INFO: Voice handshake complete. Endpoint found hongkong5368.discord.media
2023-02-27 13:47:48,259 ERROR: Exception occurred during Voice Protocol voice server update handler
Traceback (most recent call last):
  File "/opt/virtualenvs/python3/lib/python3.8/site-packages/discord/state.py", line 157, in logging_coroutine
    await coroutine
  File "/opt/virtualenvs/python3/lib/python3.8/site-packages/discord/voice_client.py", line 337, in on_voice_server_update
    await self.ws.close(4000)
AttributeError: '_MissingSentinel' object has no attribute 'close'
2023-02-27 13:47:52,084 INFO: ffmpeg process 238 successfully terminated with return code of 0.
2023-02-27 13:47:54,819 INFO: ffmpeg process 257 successfully terminated with return code of 0.
2023-02-27 13:47:55,885 INFO: The voice handshake is being terminated for Channel ID 728631391809437746 (Guild ID 428109526550708234)
2023-02-27 13:47:55,885 INFO: Disconnecting from voice normally, close code 1000.
2023-02-27 14:02:08,070 INFO: SparkleZ in 9又4分之8.7月台[123是什麼敷衍的名字]
2023-02-27 14:02:08,113 INFO: Connecting to voice...
2023-02-27 14:02:08,113 INFO: Starting voice handshake... (connection attempt 1)
2023-02-27 14:02:08,470 INFO: Voice handshake complete. Endpoint found hongkong5368.discord.media
2023-02-27 14:02:11,763 INFO: ffmpeg process 342 successfully terminated with return code of 0.
2023-02-27 14:02:14,398 INFO: ffmpeg process 360 successfully terminated with return code of 0.
2023-02-27 14:02:15,404 INFO: The voice handshake is being terminated for Channel ID 728631391809437746 (Guild ID 428109526550708234)
2023-02-27 14:02:15,404 INFO: Disconnecting from voice normally, close code 1000.
2023-02-27 14:34:30,354 INFO: KyrieR in 9又4分之8.7月台[123是什麼敷衍的名字]
2023-02-27 14:34:30,405 INFO: Connecting to voice...
2023-02-27 14:34:30,405 INFO: Starting voice handshake... (connection attempt 1)
2023-02-27 14:34:30,705 INFO: Voice handshake complete. Endpoint found hongkong5368.discord.media
2023-02-27 14:34:34,101 INFO: ffmpeg process 443 successfully terminated with return code of 0.
2023-02-27 14:34:36,800 INFO: ffmpeg process 461 successfully terminated with return code of 0.
2023-02-27 14:34:37,846 INFO: The voice handshake is being terminated for Channel ID 728631391809437746 (Guild ID 428109526550708234)
2023-02-27 14:34:37,847 INFO: Disconnecting from voice normally, close code 1000.
2023-02-27 14:35:43,594 INFO: mrdavid874 in 9又4分之8.7月台[123是什麼敷衍的名字]
2023-02-27 14:35:43,630 INFO: Connecting to voice...
2023-02-27 14:35:43,630 INFO: Starting voice handshake... (connection attempt 1)
2023-02-27 14:35:44,039 INFO: Voice handshake complete. Endpoint found hongkong5368.discord.media
2023-02-27 14:35:44,660 INFO: 神奇海螺 in 9又4分之8.7月台[123是什麼敷衍的名字]
2023-02-27 14:35:48,938 INFO: ffmpeg process 480 successfully terminated with return code of 0.
2023-02-27 14:35:51,559 INFO: ffmpeg process 498 successfully terminated with return code of 0.
2023-02-27 14:35:54,911 INFO: ffmpeg process 516 successfully terminated with return code of 0.
2023-02-27 14:36:03,371 INFO: ffmpeg process 534 successfully terminated with return code of 0.
2023-02-27 14:36:04,418 INFO: The voice handshake is being terminated for Channel ID 728631391809437746 (Guild ID 428109526550708234)
2023-02-27 14:36:04,420 INFO: Disconnecting from voice normally, close code 1000.
2023-02-27 14:36:20,952 INFO: Fiven-chung in 9又4分之8.7月台[123是什麼敷衍的名字]
2023-02-27 14:36:20,980 INFO: Connecting to voice...
2023-02-27 14:36:20,980 INFO: Starting voice handshake... (connection attempt 1)
2023-02-27 14:36:21,351 INFO: Voice handshake complete. Endpoint found hongkong5368.discord.media
2023-02-27 14:36:25,028 INFO: ffmpeg process 553 successfully terminated with return code of 0.
2023-02-27 14:36:27,666 INFO: ffmpeg process 571 successfully terminated with return code of 0.
2023-02-27 14:36:28,672 INFO: The voice handshake is being terminated for Channel ID 728631391809437746 (Guild ID 428109526550708234)
2023-02-27 14:36:28,673 INFO: Disconnecting from voice normally, close code 1000.
2023-02-27 14:51:54,015 INFO: Chi in 9又4分之8.7月台[123是什麼敷衍的名字]
2023-02-27 14:51:54,037 INFO: Connecting to voice...
2023-02-27 14:51:54,037 INFO: Starting voice handshake... (connection attempt 1)
2023-02-27 14:51:54,370 INFO: Voice handshake complete. Endpoint found hongkong5368.discord.media
2023-02-27 14:51:57,340 INFO: ffmpeg process 653 successfully terminated with return code of 0.
2023-02-27 14:51:57,473 INFO: BunnyplayGG in 9又4分之8.7月台[123是什麼敷衍的名字]
2023-02-27 14:51:59,654 INFO: ffmpeg process 671 successfully terminated with return code of 0.
2023-02-27 14:52:02,565 INFO: ffmpeg process 689 successfully terminated with return code of 0.
2023-02-27 14:52:04,899 INFO: ffmpeg process 707 successfully terminated with return code of 0.
2023-02-27 14:52:05,922 INFO: The voice handshake is being terminated for Channel ID 728631391809437746 (Guild ID 428109526550708234)
2023-02-27 14:52:05,923 INFO: Disconnecting from voice normally, close code 1000.
2023-02-27 15:18:43,992 INFO: Chi out 9又4分之8.7月台[123是什麼敷衍的名字]
2023-02-27 15:18:43,993 INFO: Connecting to voice...
2023-02-27 15:18:43,993 INFO: Starting voice handshake... (connection attempt 1)
2023-02-27 15:18:44,389 INFO: Voice handshake complete. Endpoint found hongkong5368.discord.media
2023-02-27 15:18:45,526 INFO: Chi in 9又4分之8.7月台[123是什麼敷衍的名字]
2023-02-27 15:18:47,285 INFO: ffmpeg process 758 successfully terminated with return code of 0.
2023-02-27 15:18:50,517 INFO: ffmpeg process 776 successfully terminated with return code of 0.
2023-02-27 15:18:52,616 INFO: ffmpeg process 794 successfully terminated with return code of 0.
2023-02-27 15:18:53,658 INFO: The voice handshake is being terminated for Channel ID 728631391809437746 (Guild ID 428109526550708234)
2023-02-27 15:18:53,659 INFO: Disconnecting from voice normally, close code 1000.
2023-02-27 16:03:10,780 INFO: SparkleZ out 9又4分之8.7月台[123是什麼敷衍的名字]
2023-02-27 16:03:10,781 INFO: Connecting to voice...
2023-02-27 16:03:10,781 INFO: Starting voice handshake... (connection attempt 1)
2023-02-27 16:03:11,113 INFO: Voice handshake complete. Endpoint found hongkong5368.discord.media
2023-02-27 16:03:14,409 INFO: ffmpeg process 972 successfully terminated with return code of 0.
2023-02-27 16:03:15,438 INFO: The voice handshake is being terminated for Channel ID 728631391809437746 (Guild ID 428109526550708234)
2023-02-27 16:03:15,439 INFO: Disconnecting from voice normally, close code 1000.
2023-02-27 16:31:28,333 INFO: BunnyplayGG out 9又4分之8.7月台[123是什麼敷衍的名字]
2023-02-27 16:31:28,335 INFO: Connecting to voice...
2023-02-27 16:31:28,336 INFO: Starting voice handshake... (connection attempt 1)
2023-02-27 16:31:28,695 INFO: Voice handshake complete. Endpoint found hongkong5368.discord.media
2023-02-27 16:31:32,396 INFO: ffmpeg process 1023 successfully terminated with return code of 0.
2023-02-27 16:31:33,442 INFO: The voice handshake is being terminated for Channel ID 728631391809437746 (Guild ID 428109526550708234)
2023-02-27 16:31:33,443 INFO: Disconnecting from voice normally, close code 1000.
2023-02-27 16:36:27,018 INFO: Shard ID None has successfully RESUMED session 420205cccb61b9d55862fbed904c7109.
2023-02-27 16:45:03,919 INFO: Fiven-chung out 9又4分之8.7月台[123是什麼敷衍的名字]
2023-02-27 16:45:03,920 INFO: Connecting to voice...
2023-02-27 16:45:03,920 INFO: Starting voice handshake... (connection attempt 1)
2023-02-27 16:45:04,249 INFO: Voice handshake complete. Endpoint found hongkong5368.discord.media
2023-02-27 16:45:07,503 INFO: ffmpeg process 1139 successfully terminated with return code of 0.
2023-02-27 16:45:08,594 INFO: The voice handshake is being terminated for Channel ID 728631391809437746 (Guild ID 428109526550708234)
2023-02-27 16:45:08,594 INFO: Disconnecting from voice normally, close code 1000.
2023-02-27 16:45:09,883 INFO: Connecting to voice...
2023-02-27 16:45:09,884 INFO: Starting voice handshake... (connection attempt 1)
2023-02-27 16:45:10,108 INFO: Voice handshake complete. Endpoint found hongkong4147.discord.media
2023-02-27 16:45:10,289 ERROR: Exception occurred during Voice Protocol voice server update handler
Traceback (most recent call last):
  File "/opt/virtualenvs/python3/lib/python3.8/site-packages/discord/state.py", line 157, in logging_coroutine
    await coroutine
  File "/opt/virtualenvs/python3/lib/python3.8/site-packages/discord/voice_client.py", line 337, in on_voice_server_update
    await self.ws.close(4000)
AttributeError: '_MissingSentinel' object has no attribute 'close'
2023-02-27 16:45:11,566 INFO: ffmpeg process 1158 successfully terminated with return code of 1.
2023-02-27 16:45:13,459 INFO: The voice handshake is being terminated for Channel ID 1079806407962017903 (Guild ID 428109526550708234)
2023-02-27 16:45:13,459 INFO: Disconnecting from voice normally, close code 1000.
2023-02-27 16:45:19,925 INFO: Fiven-chung in 9又4分之8.7月台[123是什麼敷衍的名字]
2023-02-27 16:45:19,971 INFO: Connecting to voice...
2023-02-27 16:45:19,972 INFO: Starting voice handshake... (connection attempt 1)
2023-02-27 16:45:20,221 INFO: Voice handshake complete. Endpoint found hongkong5368.discord.media
2023-02-27 16:45:23,909 INFO: ffmpeg process 1161 successfully terminated with return code of 0.
2023-02-27 16:45:26,120 INFO: ffmpeg process 1179 successfully terminated with return code of 0.
2023-02-27 16:45:27,165 INFO: The voice handshake is being terminated for Channel ID 728631391809437746 (Guild ID 428109526550708234)
2023-02-27 16:45:27,166 INFO: Disconnecting from voice normally, close code 1000.
2023-02-27 16:59:12,838 INFO: WeIrdnA in 9又4分之8.7月台[123是什麼敷衍的名字]
2023-02-27 16:59:12,851 INFO: Connecting to voice...
2023-02-27 16:59:12,852 INFO: Starting voice handshake... (connection attempt 1)
2023-02-27 16:59:13,273 INFO: Voice handshake complete. Endpoint found hongkong5368.discord.media
2023-02-27 16:59:17,352 INFO: ffmpeg process 1229 successfully terminated with return code of 0.
2023-02-27 16:59:19,359 INFO: ffmpeg process 1247 successfully terminated with return code of 0.
2023-02-27 16:59:20,382 INFO: The voice handshake is being terminated for Channel ID 728631391809437746 (Guild ID 428109526550708234)
2023-02-27 16:59:20,383 INFO: Disconnecting from voice normally, close code 1000.
2023-02-27 17:02:02,965 INFO: Chi out 9又4分之8.7月台[123是什麼敷衍的名字]
2023-02-27 17:02:02,966 INFO: Connecting to voice...
2023-02-27 17:02:02,966 INFO: Starting voice handshake... (connection attempt 1)
2023-02-27 17:02:03,323 INFO: Voice handshake complete. Endpoint found hongkong5368.discord.media
2023-02-27 17:02:06,234 INFO: ffmpeg process 1266 successfully terminated with return code of 0.
2023-02-27 17:02:07,283 INFO: The voice handshake is being terminated for Channel ID 728631391809437746 (Guild ID 428109526550708234)
2023-02-27 17:02:07,284 INFO: Disconnecting from voice normally, close code 1000.
2023-02-27 17:06:56,225 INFO: Fiven-chung out 9又4分之8.7月台[123是什麼敷衍的名字]
2023-02-27 17:06:56,226 INFO: Connecting to voice...
2023-02-27 17:06:56,226 INFO: Starting voice handshake... (connection attempt 1)
2023-02-27 17:06:56,603 INFO: Voice handshake complete. Endpoint found hongkong5368.discord.media
2023-02-27 17:06:59,830 INFO: ffmpeg process 1285 successfully terminated with return code of 0.
2023-02-27 17:07:00,921 INFO: The voice handshake is being terminated for Channel ID 728631391809437746 (Guild ID 428109526550708234)
2023-02-27 17:07:00,922 INFO: Disconnecting from voice normally, close code 1000.
2023-02-27 18:09:30,035 INFO: Shard ID None has successfully RESUMED session 420205cccb61b9d55862fbed904c7109.
2023-02-27 18:34:13,793 INFO: WeIrdnA out 9又4分之8.7月台[123是什麼敷衍的名字]
2023-02-27 18:34:13,795 INFO: Connecting to voice...
2023-02-27 18:34:13,796 INFO: Starting voice handshake... (connection attempt 1)
2023-02-27 18:34:14,785 INFO: Voice handshake complete. Endpoint found hongkong5368.discord.media
2023-02-27 18:34:18,244 INFO: ffmpeg process 1619 successfully terminated with return code of 0.
2023-02-27 18:34:19,317 INFO: The voice handshake is being terminated for Channel ID 728631391809437746 (Guild ID 428109526550708234)
2023-02-27 18:34:19,317 INFO: Disconnecting from voice normally, close code 1000.
2023-02-27 18:35:38,214 INFO: Connecting to voice...
2023-02-27 18:35:38,214 INFO: Starting voice handshake... (connection attempt 1)
2023-02-27 18:35:38,545 INFO: Voice handshake complete. Endpoint found hongkong5368.discord.media
2023-02-27 18:35:43,136 INFO: ffmpeg process 1638 successfully terminated with return code of 0.
2023-02-27 18:35:44,199 INFO: The voice handshake is being terminated for Channel ID 728631391809437746 (Guild ID 428109526550708234)
2023-02-27 18:35:44,199 INFO: Disconnecting from voice normally, close code 1000.
2023-02-27 18:35:46,547 INFO: mrdavid874 out 9又4分之8.7月台[123是什麼敷衍的名字]
2023-02-27 18:35:46,548 INFO: Connecting to voice...
2023-02-27 18:35:46,548 INFO: Starting voice handshake... (connection attempt 1)
2023-02-27 18:35:46,943 INFO: Voice handshake complete. Endpoint found hongkong5368.discord.media
2023-02-27 18:35:47,053 INFO: 貓嗷嗚飄飄大仙 out 9又4分之8.7月台[123是什麼敷衍的名字]
2023-02-27 18:35:51,661 INFO: ffmpeg process 1657 successfully terminated with return code of 0.
2023-02-27 18:35:55,318 INFO: ffmpeg process 1675 successfully terminated with return code of 0.
2023-02-27 18:35:56,395 INFO: The voice handshake is being terminated for Channel ID 728631391809437746 (Guild ID 428109526550708234)
2023-02-27 18:35:56,397 INFO: Disconnecting from voice normally, close code 1000.
2023-02-27 18:38:22,590 INFO: KyrieR out 9又4分之8.7月台[123是什麼敷衍的名字]
2023-02-27 18:38:22,591 INFO: Connecting to voice...
2023-02-27 18:38:22,591 INFO: Starting voice handshake... (connection attempt 1)
2023-02-27 18:38:22,676 INFO: Voice handshake complete. Endpoint found us-central6158.discord.media
2023-02-27 18:38:24,663 INFO: ffmpeg process 1694 successfully terminated with return code of 0.
2023-02-27 18:38:25,676 INFO: The voice handshake is being terminated for Channel ID 728631391809437746 (Guild ID 428109526550708234)
2023-02-27 18:38:25,677 INFO: Disconnecting from voice normally, close code 1000.
2023-02-27 19:18:54,768 INFO: Shard ID None has successfully RESUMED session 420205cccb61b9d55862fbed904c7109.
