2023-01-27 18:50:05,887 INFO: logging in using static token
2023-01-27 18:50:06,377 INFO: Shard ID None has connected to Gateway (Session ID: 70074f3b6c01711f5055b10b55ee6b7f).
2023-01-27 18:50:08,392 INFO: 目前登入身份：神奇海螺#3847
2023-01-27 18:55:47,630 INFO: logging in using static token
2023-01-27 18:55:48,312 INFO: Shard ID None has connected to Gateway (Session ID: bf8937695275424b3a5d973ad88733e8).
2023-01-27 18:55:50,315 INFO: 目前登入身份：神奇海螺#3847
2023-01-27 19:43:34,565 INFO: Shard ID None has successfully RESUMED session bf8937695275424b3a5d973ad88733e8.
2023-01-27 20:15:47,502 INFO: Shard ID None has successfully RESUMED session bf8937695275424b3a5d973ad88733e8.
2023-01-27 20:20:45,715 INFO: logging in using static token
2023-01-27 20:20:46,043 INFO: Shard ID None has connected to Gateway (Session ID: 1c49feeeb38a993045f91faf4baea118).
2023-01-27 20:20:48,055 INFO: 目前登入身份：神奇海螺#3847
2023-01-27 21:46:24,903 INFO: logging in using static token
2023-01-27 21:46:25,272 INFO: Shard ID None has connected to Gateway (Session ID: 94ae95347d8f665cd92877e1b1299337).
2023-01-27 21:46:27,298 INFO: 目前登入身份：神奇海螺#3847
2023-01-28 01:33:20,192 INFO: Shard ID None has successfully RESUMED session 94ae95347d8f665cd92877e1b1299337.
2023-01-28 03:14:43,014 INFO: Shard ID None has successfully RESUMED session 94ae95347d8f665cd92877e1b1299337.
2023-01-28 05:02:21,867 INFO: logging in using static token
2023-01-28 05:02:22,543 INFO: Shard ID None has connected to Gateway (Session ID: 8792219d7d2a18d57bcb63a9a0504c3c).
2023-01-28 05:02:24,563 INFO: 目前登入身份：神奇海螺#3847
2023-01-28 05:42:21,042 INFO: logging in using static token
2023-01-28 05:42:21,633 INFO: Shard ID None has connected to Gateway (Session ID: 545545e8deaef7744abb897ff235771a).
2023-01-28 05:42:23,637 INFO: 目前登入身份：神奇海螺#3847
2023-01-28 05:51:48,949 INFO: logging in using static token
2023-01-28 05:51:49,328 INFO: Shard ID None has connected to Gateway (Session ID: e151a1797ecfc57dfd50cfcd953c7738).
2023-01-28 05:51:51,339 INFO: 目前登入身份：神奇海螺#3847
2023-01-28 06:04:02,632 INFO: logging in using static token
2023-01-28 06:04:03,069 INFO: Shard ID None has connected to Gateway (Session ID: 3ab500912f769c02a46817f18652aa8b).
2023-01-28 06:04:05,074 INFO: 目前登入身份：神奇海螺#3847
2023-01-28 06:27:20,382 INFO: Shard ID None has successfully RESUMED session 3ab500912f769c02a46817f18652aa8b.
2023-01-28 08:55:34,269 INFO: 神奇海螺 in 9又4分之8.7月台[123是什麼敷衍的名字]
2023-01-28 08:55:34,354 INFO: Connecting to voice...
2023-01-28 08:55:34,354 INFO: Starting voice handshake... (connection attempt 1)
2023-01-28 08:55:34,597 INFO: Voice handshake complete. Endpoint found hongkong1754.discord.media
2023-01-28 08:55:38,443 INFO: ffmpeg process 554 successfully terminated with return code of 0.
2023-01-28 08:55:46,912 INFO: ffmpeg process 565 successfully terminated with return code of 0.
2023-01-28 08:55:47,959 INFO: The voice handshake is being terminated for Channel ID 728631391809437746 (Guild ID 428109526550708234)
2023-01-28 08:55:47,960 INFO: Disconnecting from voice normally, close code 1000.
2023-01-28 08:56:12,464 INFO: Connecting to voice...
2023-01-28 08:56:12,465 INFO: Starting voice handshake... (connection attempt 1)
2023-01-28 08:56:12,591 INFO: Voice handshake complete. Endpoint found hongkong8769.discord.media
2023-01-28 08:56:12,798 ERROR: Exception occurred during Voice Protocol voice server update handler
Traceback (most recent call last):
  File "/opt/virtualenvs/python3/lib/python3.8/site-packages/discord/state.py", line 157, in logging_coroutine
    await coroutine
  File "/opt/virtualenvs/python3/lib/python3.8/site-packages/discord/voice_client.py", line 337, in on_voice_server_update
    await self.ws.close(4000)
AttributeError: '_MissingSentinel' object has no attribute 'close'
2023-01-28 08:56:14,089 INFO: ffmpeg process 576 successfully terminated with return code of 1.
2023-01-28 08:56:15,173 INFO: BunnyplayGG in 9又4分之8.7月台[123是什麼敷衍的名字]
2023-01-28 08:56:16,033 INFO: The voice handshake is being terminated for Channel ID 1068816755633430640 (Guild ID 428109526550708234)
2023-01-28 08:56:16,033 INFO: Connecting to voice...
2023-01-28 08:56:16,034 INFO: Starting voice handshake... (connection attempt 1)
2023-01-28 08:56:16,034 INFO: Disconnecting from voice normally, close code 1000.
2023-01-28 08:56:16,328 INFO: Voice handshake complete. Endpoint found hongkong1754.discord.media
2023-01-28 08:56:20,176 INFO: ffmpeg process 579 successfully terminated with return code of 0.
2023-01-28 08:56:22,361 INFO: ffmpeg process 589 successfully terminated with return code of 0.
2023-01-28 08:56:23,424 INFO: The voice handshake is being terminated for Channel ID 728631391809437746 (Guild ID 428109526550708234)
2023-01-28 08:56:23,426 INFO: Disconnecting from voice normally, close code 1000.
2023-01-28 09:32:56,814 INFO: 貓嗷嗚飄飄大仙 in 9又4分之8.7月台[123是什麼敷衍的名字]
2023-01-28 09:32:56,893 INFO: Connecting to voice...
2023-01-28 09:32:56,893 INFO: Starting voice handshake... (connection attempt 1)
2023-01-28 09:32:57,128 INFO: Voice handshake complete. Endpoint found hongkong1754.discord.media
2023-01-28 09:33:01,857 INFO: ffmpeg process 707 successfully terminated with return code of 0.
2023-01-28 09:33:04,501 INFO: ffmpeg process 717 successfully terminated with return code of 0.
2023-01-28 09:33:05,567 INFO: The voice handshake is being terminated for Channel ID 728631391809437746 (Guild ID 428109526550708234)
2023-01-28 09:33:05,568 INFO: Disconnecting from voice normally, close code 1000.
2023-01-28 09:46:10,273 INFO: Lexor in 9又4分之8.7月台[123是什麼敷衍的名字]
2023-01-28 09:46:10,313 INFO: Connecting to voice...
2023-01-28 09:46:10,313 INFO: Starting voice handshake... (connection attempt 1)
2023-01-28 09:46:10,581 INFO: Voice handshake complete. Endpoint found hongkong1754.discord.media
2023-01-28 09:46:14,103 INFO: ffmpeg process 744 successfully terminated with return code of 0.
2023-01-28 09:46:16,139 INFO: ffmpeg process 754 successfully terminated with return code of 0.
2023-01-28 09:46:17,161 INFO: The voice handshake is being terminated for Channel ID 728631391809437746 (Guild ID 428109526550708234)
2023-01-28 09:46:17,162 INFO: Disconnecting from voice normally, close code 1000.
2023-01-28 09:51:54,650 INFO: KyrieR in 9又4分之8.7月台[123是什麼敷衍的名字]
2023-01-28 09:51:54,729 INFO: Connecting to voice...
2023-01-28 09:51:54,729 INFO: Starting voice handshake... (connection attempt 1)
2023-01-28 09:51:54,960 INFO: Voice handshake complete. Endpoint found hongkong1754.discord.media
2023-01-28 09:51:59,088 INFO: ffmpeg process 800 successfully terminated with return code of 0.
2023-01-28 09:52:01,514 INFO: ffmpeg process 810 successfully terminated with return code of 0.
2023-01-28 09:52:02,520 INFO: The voice handshake is being terminated for Channel ID 728631391809437746 (Guild ID 428109526550708234)
2023-01-28 09:52:02,521 INFO: Disconnecting from voice normally, close code 1000.
2023-01-28 10:21:53,872 INFO: Shard ID None has successfully RESUMED session 3ab500912f769c02a46817f18652aa8b.
2023-01-28 11:11:27,911 INFO: KyrieR out 9又4分之8.7月台[123是什麼敷衍的名字]
2023-01-28 11:11:27,911 INFO: Connecting to voice...
2023-01-28 11:11:27,911 INFO: Starting voice handshake... (connection attempt 1)
2023-01-28 11:11:28,194 INFO: Voice handshake complete. Endpoint found hongkong1754.discord.media
2023-01-28 11:11:31,436 INFO: ffmpeg process 968 successfully terminated with return code of 0.
2023-01-28 11:11:32,443 INFO: The voice handshake is being terminated for Channel ID 728631391809437746 (Guild ID 428109526550708234)
2023-01-28 11:11:32,444 INFO: Disconnecting from voice normally, close code 1000.
2023-01-28 11:11:55,218 INFO: KyrieR in 9又4分之8.7月台[123是什麼敷衍的名字]
2023-01-28 11:11:55,299 INFO: Connecting to voice...
2023-01-28 11:11:55,299 INFO: Starting voice handshake... (connection attempt 1)
2023-01-28 11:11:55,592 INFO: Voice handshake complete. Endpoint found hongkong1754.discord.media
2023-01-28 11:11:59,123 INFO: ffmpeg process 979 successfully terminated with return code of 0.
2023-01-28 11:12:01,988 INFO: ffmpeg process 989 successfully terminated with return code of 0.
2023-01-28 11:12:03,078 INFO: The voice handshake is being terminated for Channel ID 728631391809437746 (Guild ID 428109526550708234)
2023-01-28 11:12:03,079 INFO: Disconnecting from voice normally, close code 1000.
2023-01-28 11:25:59,584 INFO: KyrieR out 9又4分之8.7月台[123是什麼敷衍的名字]
2023-01-28 11:25:59,585 INFO: Connecting to voice...
2023-01-28 11:25:59,585 INFO: Starting voice handshake... (connection attempt 1)
2023-01-28 11:25:59,836 INFO: Voice handshake complete. Endpoint found hongkong1754.discord.media
2023-01-28 11:26:03,126 INFO: ffmpeg process 1016 successfully terminated with return code of 0.
2023-01-28 11:26:03,946 INFO: KyrieR in 9又4分之8.7月台[123是什麼敷衍的名字]
2023-01-28 11:26:06,232 INFO: ffmpeg process 1026 successfully terminated with return code of 0.
2023-01-28 11:26:08,911 INFO: ffmpeg process 1036 successfully terminated with return code of 0.
2023-01-28 11:26:09,978 INFO: The voice handshake is being terminated for Channel ID 728631391809437746 (Guild ID 428109526550708234)
2023-01-28 11:26:09,978 INFO: Disconnecting from voice normally, close code 1000.
2023-01-28 11:38:02,467 INFO: Lexor out 9又4分之8.7月台[123是什麼敷衍的名字]
2023-01-28 11:38:02,467 INFO: Connecting to voice...
2023-01-28 11:38:02,467 INFO: Starting voice handshake... (connection attempt 1)
2023-01-28 11:38:02,763 INFO: Voice handshake complete. Endpoint found hongkong1754.discord.media
2023-01-28 11:38:05,835 INFO: ffmpeg process 1121 successfully terminated with return code of 0.
2023-01-28 11:38:06,861 INFO: The voice handshake is being terminated for Channel ID 728631391809437746 (Guild ID 428109526550708234)
2023-01-28 11:38:06,862 INFO: Disconnecting from voice normally, close code 1000.
2023-01-28 12:02:50,847 INFO: BunnyplayGG out 9又4分之8.7月台[123是什麼敷衍的名字]
2023-01-28 12:02:50,848 INFO: Connecting to voice...
2023-01-28 12:02:50,848 INFO: Starting voice handshake... (connection attempt 1)
2023-01-28 12:02:51,131 INFO: Voice handshake complete. Endpoint found hongkong1754.discord.media
2023-01-28 12:02:54,981 INFO: ffmpeg process 1170 successfully terminated with return code of 0.
2023-01-28 12:02:56,032 INFO: The voice handshake is being terminated for Channel ID 728631391809437746 (Guild ID 428109526550708234)
2023-01-28 12:02:56,033 INFO: Disconnecting from voice normally, close code 1000.
2023-01-28 13:27:24,307 INFO: Chi in 9又4分之8.7月台[123是什麼敷衍的名字]
2023-01-28 13:27:24,505 INFO: Connecting to voice...
2023-01-28 13:27:24,506 INFO: Starting voice handshake... (connection attempt 1)
2023-01-28 13:27:24,743 INFO: Voice handshake complete. Endpoint found hongkong1754.discord.media
2023-01-28 13:27:28,436 INFO: ffmpeg process 1327 successfully terminated with return code of 0.
2023-01-28 13:27:30,633 INFO: ffmpeg process 1337 successfully terminated with return code of 0.
2023-01-28 13:27:31,678 INFO: The voice handshake is being terminated for Channel ID 728631391809437746 (Guild ID 428109526550708234)
2023-01-28 13:27:31,679 INFO: Disconnecting from voice normally, close code 1000.
2023-01-28 13:48:33,000 INFO: Shard ID None has successfully RESUMED session 3ab500912f769c02a46817f18652aa8b.
2023-01-28 14:15:21,968 INFO: BunnyplayGG in 9又4分之8.7月台[123是什麼敷衍的名字]
2023-01-28 14:15:22,052 INFO: Connecting to voice...
2023-01-28 14:15:22,052 INFO: Starting voice handshake... (connection attempt 1)
2023-01-28 14:15:22,286 INFO: Voice handshake complete. Endpoint found hongkong1754.discord.media
2023-01-28 14:15:26,177 INFO: ffmpeg process 1453 successfully terminated with return code of 0.
2023-01-28 14:15:28,320 INFO: ffmpeg process 1463 successfully terminated with return code of 0.
2023-01-28 14:15:29,323 INFO: The voice handshake is being terminated for Channel ID 728631391809437746 (Guild ID 428109526550708234)
2023-01-28 14:15:29,324 INFO: Disconnecting from voice normally, close code 1000.
2023-01-28 15:49:19,208 INFO: WeIrdnA in 9又4分之8.7月台[123是什麼敷衍的名字]
2023-01-28 15:49:19,302 INFO: Connecting to voice...
2023-01-28 15:49:19,302 INFO: Starting voice handshake... (connection attempt 1)
2023-01-28 15:49:19,537 INFO: Voice handshake complete. Endpoint found hongkong1754.discord.media
2023-01-28 15:49:23,090 INFO: ffmpeg process 1687 successfully terminated with return code of 0.
2023-01-28 15:49:23,150 INFO: WeIrdnA out 9又4分之8.7月台[123是什麼敷衍的名字]
2023-01-28 15:49:25,750 INFO: ffmpeg process 1697 successfully terminated with return code of 0.
2023-01-28 15:49:28,852 INFO: ffmpeg process 1707 successfully terminated with return code of 0.
2023-01-28 15:49:29,937 INFO: The voice handshake is being terminated for Channel ID 728631391809437746 (Guild ID 428109526550708234)
2023-01-28 15:49:29,938 INFO: Disconnecting from voice normally, close code 1000.
2023-01-28 16:25:16,609 INFO: BunnyplayGG out 9又4分之8.7月台[123是什麼敷衍的名字]
2023-01-28 16:25:16,611 INFO: Connecting to voice...
2023-01-28 16:25:16,612 INFO: Starting voice handshake... (connection attempt 1)
2023-01-28 16:25:16,879 INFO: Voice handshake complete. Endpoint found hongkong1754.discord.media
2023-01-28 16:25:20,742 INFO: ffmpeg process 1790 successfully terminated with return code of 0.
2023-01-28 16:25:21,794 INFO: The voice handshake is being terminated for Channel ID 728631391809437746 (Guild ID 428109526550708234)
2023-01-28 16:25:21,795 INFO: Disconnecting from voice normally, close code 1000.
2023-01-28 17:17:01,400 INFO: Shard ID None has successfully RESUMED session 3ab500912f769c02a46817f18652aa8b.
2023-01-28 17:17:08,978 INFO: Chi out 9又4分之8.7月台[123是什麼敷衍的名字]
2023-01-28 17:17:08,979 INFO: Connecting to voice...
2023-01-28 17:17:08,979 INFO: Starting voice handshake... (connection attempt 1)
2023-01-28 17:17:09,259 INFO: Voice handshake complete. Endpoint found hongkong1754.discord.media
2023-01-28 17:17:10,750 INFO: KyrieR out 9又4分之8.7月台[123是什麼敷衍的名字]
2023-01-28 17:17:12,323 INFO: ffmpeg process 1875 successfully terminated with return code of 0.
2023-01-28 17:17:16,639 INFO: ffmpeg process 1885 successfully terminated with return code of 0.
2023-01-28 17:17:19,517 INFO: ffmpeg process 1895 successfully terminated with return code of 0.
2023-01-28 17:17:20,524 INFO: The voice handshake is being terminated for Channel ID 728631391809437746 (Guild ID 428109526550708234)
2023-01-28 17:17:20,525 INFO: Disconnecting from voice normally, close code 1000.
2023-01-28 17:23:40,632 INFO: 貓嗷嗚飄飄大仙 out 9又4分之8.7月台[123是什麼敷衍的名字]
2023-01-28 17:23:40,633 INFO: Connecting to voice...
2023-01-28 17:23:40,633 INFO: Starting voice handshake... (connection attempt 1)
2023-01-28 17:23:40,726 INFO: Voice handshake complete. Endpoint found atlanta4854.discord.media
2023-01-28 17:23:43,422 INFO: ffmpeg process 1906 successfully terminated with return code of 0.
2023-01-28 17:23:44,493 INFO: The voice handshake is being terminated for Channel ID 728631391809437746 (Guild ID 428109526550708234)
2023-01-28 17:23:44,494 INFO: Disconnecting from voice normally, close code 1000.
2023-01-28 20:42:57,297 INFO: Shard ID None has successfully RESUMED session 3ab500912f769c02a46817f18652aa8b.
2023-01-29 00:31:16,907 INFO: Shard ID None has successfully RESUMED session 3ab500912f769c02a46817f18652aa8b.
2023-01-29 02:17:05,991 INFO: Shard ID None has successfully RESUMED session 3ab500912f769c02a46817f18652aa8b.
